A002785: Self-complementary oriented graphs
============================================================
  a( 1) = 1  [0.0000s, 1 parts]  OK
  a( 2) = 1  [0.0000s, 1 parts]  OK
  a( 3) = 2  [0.0000s, 1 parts]  OK
  a( 4) = 2  [0.0000s, 1 parts]  OK
  a( 5) = 8  [0.0000s, 1 parts]  OK
  a( 6) = 12  [0.0000s, 2 parts]  OK
  a( 7) = 88  [0.0000s, 2 parts]  OK
  a( 8) = 176  [0.0000s, 2 parts]  OK
  a( 9) = 2752  [0.0000s, 2 parts]  OK
  a(10) = 8784  [0.0000s, 3 parts]  OK
  a(11) = 279968  [0.0000s, 3 parts]  OK
  a(12) = 1492288  [0.0000s, 4 parts]  OK
  a(13) = 95458560  [0.0000s, 4 parts]  OK
  a(14) = 872687552  [0.0001s, 5 parts]  OK
  a(15) = 111698291584  [0.0001s, 5 parts]  FAIL (expected ?)
  a(16) = 1787154671104  [0.0001s, 6 parts]  FAIL (expected ?)
  a(17) = 457509297625088  [0.0001s, 6 parts]  FAIL (expected ?)
  a(18) = 13013584213369088  [0.0001s, 8 parts]  FAIL (expected ?)
  a(19) = 6662951988432581120  [0.0001s, 8 parts]  FAIL (expected ?)
  a(20) = 341143107490935724032  [0.0001s, 10 parts]  FAIL (expected ?)
  a(30) = 1258344277129349172788504169658233466126232363057152  [0.0001s, 27 parts]  FAIL (expected ?)
  a(40) = 1012217252893095929577357930285100454662421401666536620490945277670712417326282217761312381861888  [0.0003s, 64 parts]  FAIL (expected ?)
  a(50) = 267517205768551174594146866950433024196203015146069080037583313766324013257156879167815836704336769903765835735012531199463102090288011889177836649036382208  [0.0008s, 142 parts]  FAIL (expected ?)
  a(60) = 29678104024418551592053702004777612724990680950935626677046726373284088466211705955870211382508046154295110601930753349187817306370129616317377396692398131208575167011202976643470949639535327317613229455766924958794696311516954624  [0.0017s, 296 parts]  FAIL (expected ?)
  a(70) = 1627279643998697366981706212532498990678517582319479051556092416424872293142861994277660113955932536477241531664415104028583823798741748418134597072077105186127408234030926724570086798379244402759521083753059905985324822476104038660684213939752210671182209539429397720281040354048947603675199726519571115045799826817024  [0.0573s, 585 parts]  FAIL (expected ?)
  a(80) = 49561925170670065414171090168017074652777391341902072213386268095057049305136818728324135150177279390224728508559256320809604424335477883549763861105967975394914240113699162455159026852799765014572236585932823272073364744257961940458181014108477092746386128613610351710812559183202385466356806337510607917475705125885546395379980448454799564293344809620765678500245374078396369778138758472903197892666755100858686474551296  [0.0725s, 1113 parts]  FAIL (expected ?)
  a(90) = 915333913748360023047457344557729724075187952129857012563150292545920660176228971331425884666054648122263200487775557621705197180311404912107649102291649050377587430847892892885056020014122583992428541624308553336984342235667625007066657596984715261170822120020732263504323599871905942055462118231582049138438973810093067835000740768974677146500565197741931247777761985094813857818854942865537480816177511422384624121452529757652102815477280341329648923218853853062004717148527494786842226341434920822305030875286037361453244278264928665600  [0.1018s, 2048 parts]  FAIL (expected ?)
  a(100) = 10975252089130251541904293405313941816538859646169722061665329718262934900816144204687126966748874718973039848624426505953149975743827692353620130838669258413968402458338195235190100497815805137129737342873140270507047912388128137504647791008807847741967059194452313941394939989492128471631010783970646460535696407428523834910326896814435063034349167570662311217229112790336758834555881030793021526811283466677400894857723063177946717914259011621789458637712293293414648649904044702378113322685902574983726533752382536154594761765196197287294040019959131131924753104681408394444314660489880951787907982167365904462820524284939823755232058234226125906195467059954459927904256  [0.2009s, 3658 parts]  FAIL (expected ?)

Done.
