======================================================================
ALPHA WALSH ANATOMY at p=11
m=5, 32 orientations
======================================================================

  [1/32, 80.8s] bits=00000, sigma=[-1, -1, -1, -1, -1], S=[6, 7, 8, 9, 10]
    by_len: {3: 55, 5: 484, 7: 3399, 9: 9350, 11: 5109}
    alpha: {0: 1, 1: 18397, 2: 11110, 3: 1474}
    H = 93027

  [2/32, 170.2s] bits=00001, sigma=[1, -1, -1, -1, -1], S=[1, 6, 7, 8, 9]
    by_len: {3: 55, 5: 572, 7: 3729, 9: 10274, 11: 4999}
    alpha: {0: 1, 1: 19629, 2: 10912, 3: 1188}
    H = 92411

  [3/32, 271.5s] bits=00010, sigma=[-1, 1, -1, -1, -1], S=[2, 6, 7, 8, 10]
    by_len: {3: 55, 5: 594, 7: 3960, 9: 11055, 11: 5505}
    alpha: {0: 1, 1: 21169, 2: 10879, 3: 1155}
    H = 95095

  [4/32, 352.3s] bits=00011, sigma=[1, 1, -1, -1, -1], S=[1, 2, 6, 7, 8]
    by_len: {3: 55, 5: 484, 7: 3399, 9: 9350, 11: 5109}
    alpha: {0: 1, 1: 18397, 2: 11110, 3: 1474}
    H = 93027

  [5/32, 442.1s] bits=00100, sigma=[-1, -1, 1, -1, -1], S=[3, 6, 7, 9, 10]
    by_len: {3: 55, 5: 550, 7: 3586, 9: 10197, 11: 5153}
    alpha: {0: 1, 1: 19541, 2: 11220, 3: 1188}
    H = 93467

  [6/32, 531.8s] bits=00101, sigma=[1, -1, 1, -1, -1], S=[1, 3, 6, 7, 9]
    by_len: {3: 55, 5: 550, 7: 3586, 9: 10197, 11: 5153}
    alpha: {0: 1, 1: 19541, 2: 11220, 3: 1188}
    H = 93467

  [7/32, 612.4s] bits=00110, sigma=[-1, 1, 1, -1, -1], S=[2, 3, 6, 7, 10]
    by_len: {3: 55, 5: 484, 7: 3399, 9: 9350, 11: 5109}
    alpha: {0: 1, 1: 18397, 2: 11110, 3: 1474}
    H = 93027

  [8/32, 702.9s] bits=00111, sigma=[1, 1, 1, -1, -1], S=[1, 2, 3, 6, 7]
    by_len: {3: 55, 5: 550, 7: 3586, 9: 10197, 11: 5153}
    alpha: {0: 1, 1: 19541, 2: 11220, 3: 1188}
    H = 93467

  [9/32, 792.5s] bits=01000, sigma=[-1, -1, -1, 1, -1], S=[4, 6, 8, 9, 10]
    by_len: {3: 55, 5: 572, 7: 3729, 9: 10274, 11: 4999}
    alpha: {0: 1, 1: 19629, 2: 10912, 3: 1188}
    H = 92411

  [10/32, 882.1s] bits=01001, sigma=[1, -1, -1, 1, -1], S=[1, 4, 6, 8, 9]
    by_len: {3: 55, 5: 572, 7: 3729, 9: 10274, 11: 4999}
    alpha: {0: 1, 1: 19629, 2: 10912, 3: 1188}
    H = 92411

  [11/32, 963.1s] bits=01010, sigma=[-1, 1, -1, 1, -1], S=[2, 4, 6, 8, 10]
    by_len: {3: 55, 5: 484, 7: 3399, 9: 9350, 11: 5109}
    alpha: {0: 1, 1: 18397, 2: 11110, 3: 1474}
    H = 93027

  [12/32, 1053.3s] bits=01011, sigma=[1, 1, -1, 1, -1], S=[1, 2, 4, 6, 8]
    by_len: {3: 55, 5: 550, 7: 3586, 9: 10197, 11: 5153}
    alpha: {0: 1, 1: 19541, 2: 11220, 3: 1188}
    H = 93467

  [13/32, 1143.3s] bits=01100, sigma=[-1, -1, 1, 1, -1], S=[3, 4, 6, 9, 10]
    by_len: {3: 55, 5: 572, 7: 3729, 9: 10274, 11: 4999}
    alpha: {0: 1, 1: 19629, 2: 10912, 3: 1188}
    H = 92411

  [14/32, 1225.0s] bits=01101, sigma=[1, -1, 1, 1, -1], S=[1, 3, 4, 6, 9]
    by_len: {3: 55, 5: 484, 7: 3399, 9: 9350, 11: 5109}
    alpha: {0: 1, 1: 18397, 2: 11110, 3: 1474}
    H = 93027

  [15/32, 1315.0s] bits=01110, sigma=[-1, 1, 1, 1, -1], S=[2, 3, 4, 6, 10]
    by_len: {3: 55, 5: 572, 7: 3729, 9: 10274, 11: 4999}
    alpha: {0: 1, 1: 19629, 2: 10912, 3: 1188}
    H = 92411

  [16/32, 1405.3s] bits=01111, sigma=[1, 1, 1, 1, -1], S=[1, 2, 3, 4, 6]
    by_len: {3: 55, 5: 550, 7: 3586, 9: 10197, 11: 5153}
    alpha: {0: 1, 1: 19541, 2: 11220, 3: 1188}
    H = 93467

  [17/32, 1495.3s] bits=10000, sigma=[-1, -1, -1, -1, 1], S=[5, 7, 8, 9, 10]
    by_len: {3: 55, 5: 550, 7: 3586, 9: 10197, 11: 5153}
    alpha: {0: 1, 1: 19541, 2: 11220, 3: 1188}
    H = 93467

  [18/32, 1585.2s] bits=10001, sigma=[1, -1, -1, -1, 1], S=[1, 5, 7, 8, 9]
    by_len: {3: 55, 5: 572, 7: 3729, 9: 10274, 11: 4999}
    alpha: {0: 1, 1: 19629, 2: 10912, 3: 1188}
    H = 92411

  [19/32, 1666.9s] bits=10010, sigma=[-1, 1, -1, -1, 1], S=[2, 5, 7, 8, 10]
    by_len: {3: 55, 5: 484, 7: 3399, 9: 9350, 11: 5109}
    alpha: {0: 1, 1: 18397, 2: 11110, 3: 1474}
    H = 93027

  [20/32, 1756.9s] bits=10011, sigma=[1, 1, -1, -1, 1], S=[1, 2, 5, 7, 8]
    by_len: {3: 55, 5: 572, 7: 3729, 9: 10274, 11: 4999}
    alpha: {0: 1, 1: 19629, 2: 10912, 3: 1188}
    H = 92411

  [21/32, 1847.2s] bits=10100, sigma=[-1, -1, 1, -1, 1], S=[3, 5, 7, 9, 10]
    by_len: {3: 55, 5: 550, 7: 3586, 9: 10197, 11: 5153}
    alpha: {0: 1, 1: 19541, 2: 11220, 3: 1188}
    H = 93467

  [22/32, 1928.1s] bits=10101, sigma=[1, -1, 1, -1, 1], S=[1, 3, 5, 7, 9]
    by_len: {3: 55, 5: 484, 7: 3399, 9: 9350, 11: 5109}
    alpha: {0: 1, 1: 18397, 2: 11110, 3: 1474}
    H = 93027

  [23/32, 2017.3s] bits=10110, sigma=[-1, 1, 1, -1, 1], S=[2, 3, 5, 7, 10]
    by_len: {3: 55, 5: 572, 7: 3729, 9: 10274, 11: 4999}
    alpha: {0: 1, 1: 19629, 2: 10912, 3: 1188}
    H = 92411

  [24/32, 2106.8s] bits=10111, sigma=[1, 1, 1, -1, 1], S=[1, 2, 3, 5, 7]
    by_len: {3: 55, 5: 572, 7: 3729, 9: 10274, 11: 4999}
    alpha: {0: 1, 1: 19629, 2: 10912, 3: 1188}
    H = 92411

  [25/32, 2197.9s] bits=11000, sigma=[-1, -1, -1, 1, 1], S=[4, 5, 8, 9, 10]
    by_len: {3: 55, 5: 550, 7: 3586, 9: 10197, 11: 5153}
    alpha: {0: 1, 1: 19541, 2: 11220, 3: 1188}
    H = 93467

  [26/32, 2279.3s] bits=11001, sigma=[1, -1, -1, 1, 1], S=[1, 4, 5, 8, 9]
    by_len: {3: 55, 5: 484, 7: 3399, 9: 9350, 11: 5109}
    alpha: {0: 1, 1: 18397, 2: 11110, 3: 1474}
    H = 93027

  [27/32, 2369.2s] bits=11010, sigma=[-1, 1, -1, 1, 1], S=[2, 4, 5, 8, 10]
    by_len: {3: 55, 5: 550, 7: 3586, 9: 10197, 11: 5153}
    alpha: {0: 1, 1: 19541, 2: 11220, 3: 1188}
    H = 93467

  [28/32, 2459.9s] bits=11011, sigma=[1, 1, -1, 1, 1], S=[1, 2, 4, 5, 8]
    by_len: {3: 55, 5: 550, 7: 3586, 9: 10197, 11: 5153}
    alpha: {0: 1, 1: 19541, 2: 11220, 3: 1188}
    H = 93467

  [29/32, 2541.0s] bits=11100, sigma=[-1, -1, 1, 1, 1], S=[3, 4, 5, 9, 10]
    by_len: {3: 55, 5: 484, 7: 3399, 9: 9350, 11: 5109}
    alpha: {0: 1, 1: 18397, 2: 11110, 3: 1474}
    H = 93027

  [30/32, 2642.5s] bits=11101, sigma=[1, -1, 1, 1, 1], S=[1, 3, 4, 5, 9]
    by_len: {3: 55, 5: 594, 7: 3960, 9: 11055, 11: 5505}
    alpha: {0: 1, 1: 21169, 2: 10879, 3: 1155}
    H = 95095

  [31/32, 2732.7s] bits=11110, sigma=[-1, 1, 1, 1, 1], S=[2, 3, 4, 5, 10]
    by_len: {3: 55, 5: 572, 7: 3729, 9: 10274, 11: 4999}
    alpha: {0: 1, 1: 19629, 2: 10912, 3: 1188}
    H = 92411

  [32/32, 2814.1s] bits=11111, sigma=[1, 1, 1, 1, 1], S=[1, 2, 3, 4, 5]
    by_len: {3: 55, 5: 484, 7: 3399, 9: 9350, 11: 5109}
    alpha: {0: 1, 1: 18397, 2: 11110, 3: 1474}
    H = 93027


======================================================================
SUMMARY
======================================================================
  H values: [93027, 92411, 95095, 93027, 93467, 93467, 93027, 93467, 92411, 92411, 93027, 93467, 92411, 93027, 92411, 93467, 93467, 92411, 93027, 92411, 93467, 93027, 92411, 92411, 93467, 93027, 93467, 93467, 93027, 95095, 92411, 93027]
  H unique: [92411, 93027, 93467, 95095]
  H mean: 93101.2500

  alpha_1 values: [18397, 19629, 21169, 18397, 19541, 19541, 18397, 19541, 19629, 19629, 18397, 19541, 19629, 18397, 19629, 19541, 19541, 19629, 18397, 19629, 19541, 18397, 19629, 19629, 19541, 18397, 19541, 19541, 18397, 21169, 19629, 18397]
  alpha_1 unique: [18397, 19541, 19629, 21169]
  alpha_2 values: [11110, 10912, 10879, 11110, 11220, 11220, 11110, 11220, 10912, 10912, 11110, 11220, 10912, 11110, 10912, 11220, 11220, 10912, 11110, 10912, 11220, 11110, 10912, 10912, 11220, 11110, 11220, 11220, 11110, 10879, 10912, 11110]
  alpha_2 unique: [10879, 10912, 11110, 11220]
  alpha_3 values: [1474, 1188, 1155, 1474, 1188, 1188, 1474, 1188, 1188, 1188, 1474, 1188, 1188, 1474, 1188, 1188, 1188, 1188, 1474, 1188, 1188, 1474, 1188, 1188, 1188, 1474, 1188, 1188, 1474, 1155, 1188, 1474]
  alpha_3 unique: [1155, 1188, 1474]

  c_3 values: [55, 55, 55, 55, 55, 55, 55, 55, 55, 55, 55, 55, 55, 55, 55, 55, 55, 55, 55, 55, 55, 55, 55, 55, 55, 55, 55, 55, 55, 55, 55, 55]
  c_3 unique: [55]

  c_5 values: [484, 572, 594, 484, 550, 550, 484, 550, 572, 572, 484, 550, 572, 484, 572, 550, 550, 572, 484, 572, 550, 484, 572, 572, 550, 484, 550, 550, 484, 594, 572, 484]
  c_5 unique: [484, 550, 572, 594]

  c_7 values: [3399, 3729, 3960, 3399, 3586, 3586, 3399, 3586, 3729, 3729, 3399, 3586, 3729, 3399, 3729, 3586, 3586, 3729, 3399, 3729, 3586, 3399, 3729, 3729, 3586, 3399, 3586, 3586, 3399, 3960, 3729, 3399]
  c_7 unique: [3399, 3586, 3729, 3960]

  c_9 values: [9350, 10274, 11055, 9350, 10197, 10197, 9350, 10197, 10274, 10274, 9350, 10197, 10274, 9350, 10274, 10197, 10197, 10274, 9350, 10274, 10197, 9350, 10274, 10274, 10197, 9350, 10197, 10197, 9350, 11055, 10274, 9350]
  c_9 unique: [9350, 10197, 10274, 11055]

  c_11 values: [5109, 4999, 5505, 5109, 5153, 5153, 5109, 5153, 4999, 4999, 5109, 5153, 4999, 5109, 4999, 5153, 5153, 4999, 5109, 4999, 5153, 5109, 4999, 4999, 5153, 5109, 5153, 5153, 5109, 5505, 4999, 5109]
  c_11 unique: [4999, 5109, 5153, 5505]


======================================================================
WALSH DECOMPOSITION (degree 2)
======================================================================

  H:
    Mean: 93101.2500
    h_hat[{0,1}] =      -8.2500, gaps=(1,2), chi(ab)=-1, sign OK
    h_hat[{0,2}] =     272.2500, gaps=(1,3), chi(ab)=+1, sign OK
    h_hat[{0,3}] =     272.2500, gaps=(1,4), chi(ab)=+1, sign OK
    h_hat[{0,4}] =       8.2500, gaps=(1,5), chi(ab)=+1, sign OK
    h_hat[{1,2}] =    -272.2500, gaps=(2,3), chi(ab)=-1, sign OK
    h_hat[{1,3}] =      -8.2500, gaps=(2,4), chi(ab)=-1, sign OK
    h_hat[{1,4}] =    -272.2500, gaps=(2,5), chi(ab)=-1, sign OK
    h_hat[{2,3}] =       8.2500, gaps=(3,4), chi(ab)=+1, sign OK
    h_hat[{2,4}] =       8.2500, gaps=(3,5), chi(ab)=+1, sign OK
    h_hat[{3,4}] =     272.2500, gaps=(4,5), chi(ab)=+1, sign OK

  alpha_1:
    Mean: 19312.7500
    h_hat[{0,1}] =     -35.7500, gaps=(1,2), chi(ab)=-1, sign OK
    h_hat[{0,2}] =      13.7500, gaps=(1,3), chi(ab)=+1, sign OK
    h_hat[{0,3}] =      13.7500, gaps=(1,4), chi(ab)=+1, sign OK
    h_hat[{0,4}] =      35.7500, gaps=(1,5), chi(ab)=+1, sign OK
    h_hat[{1,2}] =     -13.7500, gaps=(2,3), chi(ab)=-1, sign OK
    h_hat[{1,3}] =     -35.7500, gaps=(2,4), chi(ab)=-1, sign OK
    h_hat[{1,4}] =     -13.7500, gaps=(2,5), chi(ab)=-1, sign OK
    h_hat[{2,3}] =      35.7500, gaps=(3,4), chi(ab)=+1, sign OK
    h_hat[{2,4}] =      35.7500, gaps=(3,5), chi(ab)=+1, sign OK
    h_hat[{3,4}] =      13.7500, gaps=(4,5), chi(ab)=+1, sign OK

  alpha_2:
    Mean: 11068.0625
    h_hat[{0,1}] =      47.4375, gaps=(1,2), chi(ab)=-1, sign FAIL
    h_hat[{0,2}] =      29.5625, gaps=(1,3), chi(ab)=+1, sign OK
    h_hat[{0,3}] =      29.5625, gaps=(1,4), chi(ab)=+1, sign OK
    h_hat[{0,4}] =     -47.4375, gaps=(1,5), chi(ab)=+1, sign FAIL
    h_hat[{1,2}] =     -29.5625, gaps=(2,3), chi(ab)=-1, sign OK
    h_hat[{1,3}] =      47.4375, gaps=(2,4), chi(ab)=-1, sign FAIL
    h_hat[{1,4}] =     -29.5625, gaps=(2,5), chi(ab)=-1, sign OK
    h_hat[{2,3}] =     -47.4375, gaps=(3,4), chi(ab)=+1, sign FAIL
    h_hat[{2,4}] =     -47.4375, gaps=(3,5), chi(ab)=+1, sign FAIL
    h_hat[{3,4}] =      29.5625, gaps=(4,5), chi(ab)=+1, sign OK

  alpha_3:
    Mean: 1275.3125
    h_hat[{0,1}] =     -15.8125, gaps=(1,2), chi(ab)=-1, sign OK
    h_hat[{0,2}] =      15.8125, gaps=(1,3), chi(ab)=+1, sign OK
    h_hat[{0,3}] =      15.8125, gaps=(1,4), chi(ab)=+1, sign OK
    h_hat[{0,4}] =      15.8125, gaps=(1,5), chi(ab)=+1, sign OK
    h_hat[{1,2}] =     -15.8125, gaps=(2,3), chi(ab)=-1, sign OK
    h_hat[{1,3}] =     -15.8125, gaps=(2,4), chi(ab)=-1, sign OK
    h_hat[{1,4}] =     -15.8125, gaps=(2,5), chi(ab)=-1, sign OK
    h_hat[{2,3}] =      15.8125, gaps=(3,4), chi(ab)=+1, sign OK
    h_hat[{2,4}] =      15.8125, gaps=(3,5), chi(ab)=+1, sign OK
    h_hat[{3,4}] =      15.8125, gaps=(4,5), chi(ab)=+1, sign OK


======================================================================
OCF DECOMPOSITION: h_hat_H = 2*h_hat_a1 + 4*h_hat_a2 + 8*h_hat_a3
======================================================================

  Pair (0,1), gaps=(1,2), chi(ab)=-1:
    h_hat_alpha1 =     -35.7500 (sign -)
    h_hat_alpha2 =      47.4375 (sign +)
    h_hat_alpha3 =     -15.8125 (sign -)
    2*h_hat_a1   =     -71.5000
    4*h_hat_a2   =     189.7500
    8*h_hat_a3   =    -126.5000
    h_hat_H      =      -8.2500 (reconstructed =      -8.2500)
    Contribution: a1=18.4% a2=48.9% a3=32.6%

  Pair (0,2), gaps=(1,3), chi(ab)=+1:
    h_hat_alpha1 =      13.7500 (sign +)
    h_hat_alpha2 =      29.5625 (sign +)
    h_hat_alpha3 =      15.8125 (sign +)
    2*h_hat_a1   =      27.5000
    4*h_hat_a2   =     118.2500
    8*h_hat_a3   =     126.5000
    h_hat_H      =     272.2500 (reconstructed =     272.2500)
    Contribution: a1=10.1% a2=43.4% a3=46.5%

  Pair (0,3), gaps=(1,4), chi(ab)=+1:
    h_hat_alpha1 =      13.7500 (sign +)
    h_hat_alpha2 =      29.5625 (sign +)
    h_hat_alpha3 =      15.8125 (sign +)
    2*h_hat_a1   =      27.5000
    4*h_hat_a2   =     118.2500
    8*h_hat_a3   =     126.5000
    h_hat_H      =     272.2500 (reconstructed =     272.2500)
    Contribution: a1=10.1% a2=43.4% a3=46.5%

  Pair (0,4), gaps=(1,5), chi(ab)=+1:
    h_hat_alpha1 =      35.7500 (sign +)
    h_hat_alpha2 =     -47.4375 (sign -)
    h_hat_alpha3 =      15.8125 (sign +)
    2*h_hat_a1   =      71.5000
    4*h_hat_a2   =    -189.7500
    8*h_hat_a3   =     126.5000
    h_hat_H      =       8.2500 (reconstructed =       8.2500)
    Contribution: a1=18.4% a2=48.9% a3=32.6%

  Pair (1,2), gaps=(2,3), chi(ab)=-1:
    h_hat_alpha1 =     -13.7500 (sign -)
    h_hat_alpha2 =     -29.5625 (sign -)
    h_hat_alpha3 =     -15.8125 (sign -)
    2*h_hat_a1   =     -27.5000
    4*h_hat_a2   =    -118.2500
    8*h_hat_a3   =    -126.5000
    h_hat_H      =    -272.2500 (reconstructed =    -272.2500)
    Contribution: a1=10.1% a2=43.4% a3=46.5%

  Pair (1,3), gaps=(2,4), chi(ab)=-1:
    h_hat_alpha1 =     -35.7500 (sign -)
    h_hat_alpha2 =      47.4375 (sign +)
    h_hat_alpha3 =     -15.8125 (sign -)
    2*h_hat_a1   =     -71.5000
    4*h_hat_a2   =     189.7500
    8*h_hat_a3   =    -126.5000
    h_hat_H      =      -8.2500 (reconstructed =      -8.2500)
    Contribution: a1=18.4% a2=48.9% a3=32.6%

  Pair (1,4), gaps=(2,5), chi(ab)=-1:
    h_hat_alpha1 =     -13.7500 (sign -)
    h_hat_alpha2 =     -29.5625 (sign -)
    h_hat_alpha3 =     -15.8125 (sign -)
    2*h_hat_a1   =     -27.5000
    4*h_hat_a2   =    -118.2500
    8*h_hat_a3   =    -126.5000
    h_hat_H      =    -272.2500 (reconstructed =    -272.2500)
    Contribution: a1=10.1% a2=43.4% a3=46.5%

  Pair (2,3), gaps=(3,4), chi(ab)=+1:
    h_hat_alpha1 =      35.7500 (sign +)
    h_hat_alpha2 =     -47.4375 (sign -)
    h_hat_alpha3 =      15.8125 (sign +)
    2*h_hat_a1   =      71.5000
    4*h_hat_a2   =    -189.7500
    8*h_hat_a3   =     126.5000
    h_hat_H      =       8.2500 (reconstructed =       8.2500)
    Contribution: a1=18.4% a2=48.9% a3=32.6%

  Pair (2,4), gaps=(3,5), chi(ab)=+1:
    h_hat_alpha1 =      35.7500 (sign +)
    h_hat_alpha2 =     -47.4375 (sign -)
    h_hat_alpha3 =      15.8125 (sign +)
    2*h_hat_a1   =      71.5000
    4*h_hat_a2   =    -189.7500
    8*h_hat_a3   =     126.5000
    h_hat_H      =       8.2500 (reconstructed =       8.2500)
    Contribution: a1=18.4% a2=48.9% a3=32.6%

  Pair (3,4), gaps=(4,5), chi(ab)=+1:
    h_hat_alpha1 =      13.7500 (sign +)
    h_hat_alpha2 =      29.5625 (sign +)
    h_hat_alpha3 =      15.8125 (sign +)
    2*h_hat_a1   =      27.5000
    4*h_hat_a2   =     118.2500
    8*h_hat_a3   =     126.5000
    h_hat_H      =     272.2500 (reconstructed =     272.2500)
    Contribution: a1=10.1% a2=43.4% a3=46.5%


======================================================================
WALSH DECOMPOSITION (degree 4)
======================================================================

  H degree-4:
    h_hat[{0, 1, 2, 3}] =    -118.2500, gaps=(1, 2, 3, 4), chi(prod)=-1, sign OK
    h_hat[{0, 1, 2, 4}] =    -118.2500, gaps=(1, 2, 3, 5), chi(prod)=-1, sign OK
    h_hat[{0, 1, 3, 4}] =    -118.2500, gaps=(1, 2, 4, 5), chi(prod)=-1, sign OK
    h_hat[{0, 2, 3, 4}] =     118.2500, gaps=(1, 3, 4, 5), chi(prod)=+1, sign OK
    h_hat[{1, 2, 3, 4}] =    -118.2500, gaps=(2, 3, 4, 5), chi(prod)=-1, sign OK

  alpha_1 degree-4:
    h_hat[{0, 1, 2, 3}] =    -321.7500, gaps=(1, 2, 3, 4), chi(prod)=-1, sign OK
    h_hat[{0, 1, 2, 4}] =    -321.7500, gaps=(1, 2, 3, 5), chi(prod)=-1, sign OK
    h_hat[{0, 1, 3, 4}] =    -321.7500, gaps=(1, 2, 4, 5), chi(prod)=-1, sign OK
    h_hat[{0, 2, 3, 4}] =     321.7500, gaps=(1, 3, 4, 5), chi(prod)=+1, sign OK
    h_hat[{1, 2, 3, 4}] =    -321.7500, gaps=(2, 3, 4, 5), chi(prod)=-1, sign OK

  alpha_2 degree-4:
    h_hat[{0, 1, 2, 3}] =      19.9375, gaps=(1, 2, 3, 4), chi(prod)=-1, sign FAIL
    h_hat[{0, 1, 2, 4}] =      19.9375, gaps=(1, 2, 3, 5), chi(prod)=-1, sign FAIL
    h_hat[{0, 1, 3, 4}] =      19.9375, gaps=(1, 2, 4, 5), chi(prod)=-1, sign FAIL
    h_hat[{0, 2, 3, 4}] =     -19.9375, gaps=(1, 3, 4, 5), chi(prod)=+1, sign FAIL
    h_hat[{1, 2, 3, 4}] =      19.9375, gaps=(2, 3, 4, 5), chi(prod)=-1, sign FAIL

  alpha_3 degree-4:
    h_hat[{0, 1, 2, 3}] =      55.6875, gaps=(1, 2, 3, 4), chi(prod)=-1, sign FAIL
    h_hat[{0, 1, 2, 4}] =      55.6875, gaps=(1, 2, 3, 5), chi(prod)=-1, sign FAIL
    h_hat[{0, 1, 3, 4}] =      55.6875, gaps=(1, 2, 4, 5), chi(prod)=-1, sign FAIL
    h_hat[{0, 2, 3, 4}] =     -55.6875, gaps=(1, 3, 4, 5), chi(prod)=+1, sign FAIL
    h_hat[{1, 2, 3, 4}] =      55.6875, gaps=(2, 3, 4, 5), chi(prod)=-1, sign FAIL


======================================================================
CYCLE-LENGTH WALSH (degree 2)
======================================================================

  c_3: CONSTANT = 55

  c_5:
    Mean: 539.0000
    h_hat[{0,2}] =      -5.5000, gaps=(1,3), chi(ab)=+1, sign FAIL
    h_hat[{0,3}] =      -5.5000, gaps=(1,4), chi(ab)=+1, sign FAIL
    h_hat[{1,2}] =       5.5000, gaps=(2,3), chi(ab)=-1, sign FAIL
    h_hat[{1,4}] =       5.5000, gaps=(2,5), chi(ab)=-1, sign FAIL
    h_hat[{3,4}] =      -5.5000, gaps=(4,5), chi(ab)=+1, sign FAIL

  c_7:
    Mean: 3595.6250
    h_hat[{0,1}] =     -20.6250, gaps=(1,2), chi(ab)=-1, sign OK
    h_hat[{0,2}] =     -15.1250, gaps=(1,3), chi(ab)=+1, sign FAIL
    h_hat[{0,3}] =     -15.1250, gaps=(1,4), chi(ab)=+1, sign FAIL
    h_hat[{0,4}] =      20.6250, gaps=(1,5), chi(ab)=+1, sign OK
    h_hat[{1,2}] =      15.1250, gaps=(2,3), chi(ab)=-1, sign FAIL
    h_hat[{1,3}] =     -20.6250, gaps=(2,4), chi(ab)=-1, sign OK
    h_hat[{1,4}] =      15.1250, gaps=(2,5), chi(ab)=-1, sign FAIL
    h_hat[{2,3}] =      20.6250, gaps=(3,4), chi(ab)=+1, sign OK
    h_hat[{2,4}] =      20.6250, gaps=(3,5), chi(ab)=+1, sign OK
    h_hat[{3,4}] =     -15.1250, gaps=(4,5), chi(ab)=+1, sign FAIL

  c_9:
    Mean: 10010.0000
    h_hat[{0,1}] =      -5.5000, gaps=(1,2), chi(ab)=-1, sign OK
    h_hat[{0,2}] =     -13.7500, gaps=(1,3), chi(ab)=+1, sign FAIL
    h_hat[{0,3}] =     -13.7500, gaps=(1,4), chi(ab)=+1, sign FAIL
    h_hat[{0,4}] =       5.5000, gaps=(1,5), chi(ab)=+1, sign OK
    h_hat[{1,2}] =      13.7500, gaps=(2,3), chi(ab)=-1, sign FAIL
    h_hat[{1,3}] =      -5.5000, gaps=(2,4), chi(ab)=-1, sign OK
    h_hat[{1,4}] =      13.7500, gaps=(2,5), chi(ab)=-1, sign FAIL
    h_hat[{2,3}] =       5.5000, gaps=(3,4), chi(ab)=+1, sign OK
    h_hat[{2,4}] =       5.5000, gaps=(3,5), chi(ab)=+1, sign OK
    h_hat[{3,4}] =     -13.7500, gaps=(4,5), chi(ab)=+1, sign FAIL

  c_11:
    Mean: 5113.1250
    h_hat[{0,1}] =      -9.6250, gaps=(1,2), chi(ab)=-1, sign OK
    h_hat[{0,2}] =      48.1250, gaps=(1,3), chi(ab)=+1, sign OK
    h_hat[{0,3}] =      48.1250, gaps=(1,4), chi(ab)=+1, sign OK
    h_hat[{0,4}] =       9.6250, gaps=(1,5), chi(ab)=+1, sign OK
    h_hat[{1,2}] =     -48.1250, gaps=(2,3), chi(ab)=-1, sign OK
    h_hat[{1,3}] =      -9.6250, gaps=(2,4), chi(ab)=-1, sign OK
    h_hat[{1,4}] =     -48.1250, gaps=(2,5), chi(ab)=-1, sign OK
    h_hat[{2,3}] =       9.6250, gaps=(3,4), chi(ab)=+1, sign OK
    h_hat[{2,4}] =       9.6250, gaps=(3,5), chi(ab)=+1, sign OK
    h_hat[{3,4}] =      48.1250, gaps=(4,5), chi(ab)=+1, sign OK


======================================================================
SIGN PATTERN SUMMARY
======================================================================
  (0,1) chi=-1: a1=- a2=+ a3=- H=-
  (0,2) chi=+1: a1=+ a2=+ a3=+ H=+
  (0,3) chi=+1: a1=+ a2=+ a3=+ H=+
  (0,4) chi=+1: a1=+ a2=- a3=+ H=+
  (1,2) chi=-1: a1=- a2=- a3=- H=-
  (1,3) chi=-1: a1=- a2=+ a3=- H=-
  (1,4) chi=-1: a1=- a2=- a3=- H=-
  (2,3) chi=+1: a1=+ a2=- a3=+ H=+
  (2,4) chi=+1: a1=+ a2=- a3=+ H=+
  (3,4) chi=+1: a1=+ a2=+ a3=+ H=+

  Total time: 2814.1s

DONE.
