======================================================================
EXHAUSTIVE alpha_1=4 ANALYSIS AT n=6
======================================================================
  10000/32768...
  20000/32768...
  30000/32768...

Total tournaments: 32768
alpha_1=4: 2880

alpha_2 distribution for alpha_1=4:
  alpha_2=0: 2880 (100.0%)

Examples with alpha_2=0:
  bits=8
    Cycle: [0, 1, 4] (size 3, 1 directed)
    Cycle: [0, 2, 4] (size 3, 1 directed)
    Cycle: [0, 3, 4] (size 3, 1 directed)
    Cycle: [0, 1, 2, 3, 4] (size 5, 1 directed)
    0-1: share [0, 4]
    0-2: share [0, 4]
    0-3: share [0, 1, 4]
    1-2: share [0, 4]
    1-3: share [0, 2, 4]
    2-3: share [0, 3, 4]
  bits=10
    Cycle: [0, 1, 2] (size 3, 1 directed)
    Cycle: [0, 1, 4] (size 3, 1 directed)
    Cycle: [0, 3, 4] (size 3, 1 directed)
    Cycle: [0, 1, 2, 3, 4] (size 5, 1 directed)
    0-1: share [0, 1]
    0-2: share [0]
    0-3: share [0, 1, 2]
    1-2: share [0, 4]
    1-3: share [0, 1, 4]
    2-3: share [0, 3, 4]
  bits=14
    Cycle: [0, 1, 2] (size 3, 1 directed)
    Cycle: [0, 1, 3] (size 3, 1 directed)
    Cycle: [0, 1, 4] (size 3, 1 directed)
    Cycle: [0, 1, 2, 3, 4] (size 5, 1 directed)
    0-1: share [0, 1]
    0-2: share [0, 1]
    0-3: share [0, 1, 2]
    1-2: share [0, 1]
    1-3: share [0, 1, 3]
    2-3: share [0, 1, 4]

======================================================================
ALPHA_2 VALUES FOR EACH alpha_1 AT n=6 (EXHAUSTIVE)
======================================================================

alpha_1 | alpha_2 values
----------------------------------------
     0  | 0(720)
     1  | 0(960)
     2  | 0(2160), 1(80)
     4  | 0(2880)
     5  | 0(1440)
     6  | 0(1440), 1(720)
     7  | 0(2208)
     8  | 0(720)
     9  | 0(1440), 1(1440)
    10  | 2(720)
    11  | 0(1440), 1(480)
    12  | 0(1440), 1(2160), 2(720)
    13  | 1(1440)
    14  | 1(1440), 2(2160), 4(240)
    16  | 0(480), 1(1440), 2(720)
    19  | 1(1440)
    20  | 1(240)

======================================================================
H AND T VALUES AT n=6 (EXHAUSTIVE)
======================================================================

(alpha_1, alpha_2) -> T, H, count
  (  0,   0) -> T=   0, H_min=   1, count=720
  (  1,   0) -> T=   1, H_min=   3, count=960
  (  2,   0) -> T=   2, H_min=   5, count=2160
  (  2,   1) -> T=   4, H_min=   9, count=80
  (  4,   0) -> T=   4, H_min=   9, count=2880
  (  5,   0) -> T=   5, H_min=  11, count=1440
  (  6,   0) -> T=   6, H_min=  13, count=1440
  (  6,   1) -> T=   8, H_min=  17, count=720
  (  7,   0) -> T=   7, H_min=  15, count=2208
  (  8,   0) -> T=   8, H_min=  17, count=720
  (  9,   0) -> T=   9, H_min=  19, count=1440
  (  9,   1) -> T=  11, H_min=  23, count=1440
  ( 10,   2) -> T=  14, H_min=  29, count=720
  ( 11,   0) -> T=  11, H_min=  23, count=1440
  ( 11,   1) -> T=  13, H_min=  27, count=480
  ( 12,   0) -> T=  12, H_min=  25, count=1440
  ( 12,   1) -> T=  14, H_min=  29, count=2160
  ( 12,   2) -> T=  16, H_min=  33, count=720
  ( 13,   1) -> T=  15, H_min=  31, count=1440
  ( 14,   1) -> T=  16, H_min=  33, count=1440
  ( 14,   2) -> T=  18, H_min=  37, count=2160
  ( 14,   4) -> T=  22, H_min=  45, count=240
  ( 16,   0) -> T=  16, H_min=  33, count=480
  ( 16,   1) -> T=  18, H_min=  37, count=1440
  ( 16,   2) -> T=  20, H_min=  41, count=720
  ( 19,   1) -> T=  21, H_min=  43, count=1440
  ( 20,   1) -> T=  22, H_min=  45, count=240

Achievable H values (alpha_3=0 assumption):
  H=1
  H=3
  H=5
  H=9
  H=11
  H=13
  H=15
  H=17
  H=19
  H=23
  H=25
  H=27
  H=29
  H=31
  H=33
  H=37
  H=41
  H=43
  H=45
