======================================================================
THM-157: alpha_1 = linear(S4,...,S_{p-1}) IDENTITY
======================================================================

======================================================================
ALPHA_1 IDENTITY at p=5, m=2, p mod 4 = 1
======================================================================

  Theoretical coefficients:
    S4: -1 = -1.00000000
    const: 12.62
    S_4 coeff = -1 = -1.000000

  4 orientations, 1 orbit types, 0.0s
  Theoretical prediction error: 0.000000
  *** IDENTITY VERIFIED EXACTLY ***

======================================================================
ALPHA_1 IDENTITY at p=7, m=3, p mod 4 = 3
======================================================================

  Theoretical coefficients:
    S4: -9/4 = -2.25000000
    S6: 1 = 1.00000000
    const: 378.59
    S_6 coeff = 1 = 1.000000

  8 orientations, 2 orbit types, 0.0s
  Theoretical prediction error: 0.000000
  *** IDENTITY VERIFIED EXACTLY ***

======================================================================
ALPHA_1 IDENTITY at p=11, m=5, p mod 4 = 3
======================================================================

  Theoretical coefficients:
    S4: -115/32 = -3.59375000
    S6: 143/24 = 5.95833333
    S8: -19/4 = -4.75000000
    S10: 1 = 1.00000000
    const: 4667785.56
    S_10 coeff = 1 = 1.000000

  32 orientations, 4 orbit types, 0.1s
  Theoretical prediction error: 0.000000
  *** IDENTITY VERIFIED EXACTLY ***

======================================================================
ALPHA_1 IDENTITY at p=13, m=6, p mod 4 = 1
======================================================================

  Theoretical coefficients:
    S4: -975/256 = -3.80859375
    S6: 385/48 = 8.02083333
    S8: -175/16 = -10.93750000
    S10: 13/2 = 6.50000000
    S12: -1 = -1.00000000
    const: 1038811717.09
    S_12 coeff = -1 = -1.000000

  64 orientations, 6 orbit types, 0.3s
  Theoretical prediction error: 0.000000
  *** IDENTITY VERIFIED EXACTLY ***

======================================================================
ALPHA_1 IDENTITY at p=17, m=8, p mod 4 = 1
======================================================================

  Theoretical coefficients:
    S4: -2013/512 = -3.93164062
    S6: 2569/256 = 10.03515625
    S8: -2973/128 = -23.22656250
    S10: 2951/80 = 36.88750000
    S12: -94/3 = -31.33333333
    S14: 11 = 11.00000000
    S16: -1 = -1.00000000
    const: 134847522407005.89
    S_16 coeff = -1 = -1.000000

  256 orientations, 16 orbit types, 3.4s
  Theoretical prediction error: 0.000000
  *** IDENTITY VERIFIED EXACTLY ***

  Overconstrained: 16 types > 8 params
  Excess constraints: 8

======================================================================
ALPHA_1 IDENTITY at p=19, m=9, p mod 4 = 3
======================================================================

  Theoretical coefficients:
    S4: -16155/4096 = -3.94409180
    S6: 10633/1024 = 10.38378906
    S8: -13881/512 = -27.11132812
    S10: 35763/640 = 55.87968750
    S12: -3493/48 = -72.77083333
    S14: 197/4 = 49.25000000
    S16: -55/4 = -13.75000000
    S18: 1 = 1.00000000
    const: 72092394013289344.00
    S_18 coeff = 1 = 1.000000

  256 orientations, 30 orbit types, 5.5s
  Theoretical prediction error: 0.000000
  *** IDENTITY VERIFIED EXACTLY ***

  Overconstrained: 30 types > 9 params
  Excess constraints: 21

======================================================================
ALPHA_1 IDENTITY at p=23, m=11, p mod 4 = 3
======================================================================

  Theoretical coefficients:
    S4: -1035445/262144 = -3.94990921
    S6: 695237/65536 = 10.60847473
    S8: -252135/8192 = -30.77819824
    S10: 864523/10240 = 84.42607422
    S12: -94645/512 = -184.85351562
    S14: 246003/896 = 274.55691964
    S16: -15415/64 = -240.85937500
    S18: 5197/48 = 108.27083333
    S20: -81/4 = -20.25000000
    S22: 1 = 1.00000000
    const: 39287391474078369972224.00
    S_22 coeff = 1 = 1.000000

  256 orientations, 90 orbit types, 12.9s
  Theoretical prediction error: 0.000000
  *** IDENTITY VERIFIED EXACTLY ***

  Overconstrained: 90 types > 11 params
  Excess constraints: 79

======================================================================
SUMMARY: S_{p-1} coefficient in alpha_1
======================================================================

     p mod 4   S_{p-1} coeff   Expected
     5     1              -1         -1  OK
     7     3               1          1  OK
    11     3               1          1  OK
    13     1              -1         -1  OK
    17     1              -1         -1  OK
    19     3               1          1  OK
    23     3               1          1  OK
    29     1              -1         -1  OK
    31     3               1          1  OK
    37     1              -1         -1  OK

DONE.
