======================================================================
BETA_3 PROPORTIONALITY — Algebraic proof investigation
======================================================================

--- Part 1: d_4-in-ker structure at n=6 (Type B, scores 2,2,2,3,3,3) ---

  Type B #1 (bits=280):
    ker(d_3) = 15
    rank(d_4 in ker) = 15
    beta_3 = 0
    Omega dims: {0: 6, 1: 15, 2: 22, 3: 28, 4: 22, 5: 7}
    d_4-in-ker matrix shape: (15, 22)
C:\Users\Eliott\Documents\GitHub\math\04-computation\beta3_proportionality_proof.py:230: DeprecationWarning: Arrays of 2-dimensional vectors are deprecated. Use arrays of 3-dimensional vectors instead. (deprecated in NumPy 2.0)
  cross = np.abs(np.cross(ref[:2] if len(ref) >= 2 else [ref[0], 0],
    Row-pair ranks: [2, 2, 2, 2, 2, 2, 2, 2, 2, 2, 2, 2, 2, 2] (all 1 = proportional)

  Type B #2 (bits=284):
    ker(d_3) = 15
    rank(d_4 in ker) = 15
    beta_3 = 0
    Omega dims: {0: 6, 1: 15, 2: 22, 3: 28, 4: 22, 5: 7}
    d_4-in-ker matrix shape: (15, 22)
    Row-pair ranks: [2, 2, 2, 2, 2, 2, 2, 2, 2, 2, 2, 2, 2, 2] (all 1 = proportional)

  Type B #3 (bits=344):
    ker(d_3) = 9
    rank(d_4 in ker) = 9
    beta_3 = 0
    Omega dims: {0: 6, 1: 15, 2: 21, 3: 20, 4: 11, 5: 2}
    d_4-in-ker matrix shape: (9, 11)
    Row-pair ranks: [2, 2, 2, 2, 2, 2, 2, 2] (all 1 = proportional)

  Total Type B (2,2,2,3,3,3): 2640
  Total Type A (1,1,1,4,4,4): 80

--- Part 2: Cokernel direction analysis ---
  Number of cokernel vectors collected: 240
  Cokernel directions vary across tournaments
  Pairwise |dot products| (first 10): min=0.0148, max=0.8079, mean=0.3000
  Cokernel vector dimensions: Counter({7: 240})

--- Part 3: Elementary H_3 generators at n=6 ---
  Total H_3 generators: 320
  #nonzero allowed 3-paths in generator: {9: 80, 36: 240}
  #vertex sets in generator: {9: 80, 15: 240}

--- Part 4: ker(d_3) and d_4-rank structure at n=7 ---
  n=7: 50/200 done, 50 with beta_3>0
  n=7: 100/200 done, 100 with beta_3>0
  n=7: 150/200 done, 150 with beta_3>0
  n=7: 200/200 done, 200 with beta_3>0

  beta_3>0: 200/200
  (ker_d3, rank_d4_in_ker, beta_3) distribution:
    ker=10, rank_d4=9, beta3=1: 2
    ker=11, rank_d4=11, beta3=0: 5
    ker=12, rank_d4=11, beta3=1: 2
    ker=12, rank_d4=12, beta3=0: 15
    ker=13, rank_d4=13, beta3=0: 24
    ker=14, rank_d4=13, beta3=1: 1
    ker=14, rank_d4=14, beta3=0: 10
    ker=15, rank_d4=15, beta3=0: 11
    ker=16, rank_d4=16, beta3=0: 10
    ker=17, rank_d4=16, beta3=1: 3
    ker=17, rank_d4=17, beta3=0: 8
    ker=18, rank_d4=18, beta3=0: 15
    ker=19, rank_d4=18, beta3=1: 1
    ker=19, rank_d4=19, beta3=0: 10
    ker=20, rank_d4=20, beta3=0: 10
    ker=21, rank_d4=21, beta3=0: 17
    ker=22, rank_d4=22, beta3=0: 11
    ker=23, rank_d4=23, beta3=0: 7
    ker=24, rank_d4=24, beta3=0: 5
    ker=25, rank_d4=25, beta3=0: 1
    ker=26, rank_d4=25, beta3=1: 4
    ker=26, rank_d4=26, beta3=0: 1
    ker=28, rank_d4=28, beta3=0: 1
    ker=29, rank_d4=28, beta3=1: 1
    ker=29, rank_d4=29, beta3=0: 8
    ker=31, rank_d4=31, beta3=0: 4
    ker=35, rank_d4=35, beta3=0: 4
    ker=37, rank_d4=37, beta3=0: 1
    ker=38, rank_d4=38, beta3=0: 3
    ker=39, rank_d4=39, beta3=0: 1
    ker=41, rank_d4=41, beta3=0: 2
    ker=46, rank_d4=46, beta3=0: 2

--- Part 5: Exhaustive beta_3 check at n=7 (large sample) ---
  n=7: 500/2000 done
  n=7: 1000/2000 done
  n=7: 1500/2000 done
  n=7: 2000/2000 done

  beta_3 distribution (n=7, 2000 samples):
    beta_3=0: 1833 (91.7%)
    beta_3=1: 167 (8.3%)
  Max beta_3: 1

DONE.
