
======================================================================
n = 4
======================================================================
  Total flips: 1000, d2=0: 379, Time: 0.0s

  d3/d2 ratio distribution:
    1.0: 621
    DOMINANT ratio = 1.0 (expected n-3 = 1)

  d4/d2 ratio distribution:
    0.0: 621
    DOMINANT ratio = 0.0 (expected n-3 = 1)

======================================================================
n = 5
======================================================================
  Total flips: 1000, d2=0: 317, Time: 0.1s

  d3/d2 ratio distribution:
    2.0: 683
    DOMINANT ratio = 2.0 (expected n-3 = 2)

  d4/d2 ratio distribution:
    1.0: 274
    1.333333: 28
    1.5: 95
    2.0: 262
    3.0: 24
    violations (dp!=0 when d2=0): 110
    DOMINANT ratio = 1.0 (expected n-3 = 2)

  d5/d2 ratio distribution:
    0.0: 683
    DOMINANT ratio = 0.0 (expected n-3 = 2)

======================================================================
n = 6
======================================================================
  Total flips: 1000, d2=0: 268, Time: 0.4s

  d3/d2 ratio distribution:
    3.0: 732
    DOMINANT ratio = 3.0 (expected n-3 = 3)

  d4/d2 ratio distribution:
    2.0: 6
    3.0: 57
    3.5: 21
    4.0: 201
    4.333333: 17
    4.5: 57
    4.666667: 17
    5.0: 204
    5.333333: 7
    5.5: 37
    6.0: 73
    7.0: 34
    violations (dp!=0 when d2=0): 143
    DOMINANT ratio = 5.0 (expected n-3 = 3)

  d5/d2 ratio distribution:
    -0.0: 13
    1.0: 57
    1.5: 21
    2.0: 116
    2.333333: 9
    2.5: 30
    3.0: 150
    3.333333: 12
    3.5: 32
    3.666667: 3
    4.0: 154
    4.333333: 7
    4.5: 32
    5.0: 74
    6.0: 13
    7.0: 8
    violations (dp!=0 when d2=0): 149
    DOMINANT ratio = 4.0 (expected n-3 = 3)

  d6/d2 ratio distribution:
    -0.0: 732
    DOMINANT ratio = -0.0 (expected n-3 = 3)

======================================================================
n = 7
======================================================================
  Total flips: 1000, d2=0: 223, Time: 2.5s

  d3/d2 ratio distribution:
    4.0: 777
    DOMINANT ratio = 4.0 (expected n-3 = 4)

  d4/d2 ratio distribution:
    5.0: 10
    6.0: 18
    6.5: 5
    7.0: 66
    7.333333: 3
    7.5: 18
    7.666667: 6
    8.0: 119
    8.333333: 9
    8.5: 26
    8.666667: 11
    9.0: 148
    9.25: 3
    9.333333: 12
    9.5: 48
    9.666667: 19
    9.75: 6
    10.0: 115
    10.5: 25
    11.0: 69
    11.5: 5
    12.0: 18
    13.0: 12
    violations (dp!=0 when d2=0): 158
    DOMINANT ratio = 9.0 (expected n-3 = 4)

  d5/d2 ratio distribution:
    2.0: 4
    4.0: 17
    5.0: 5
    6.0: 34
    6.666667: 3
    7.0: 9
    8.0: 71
    8.666667: 4
    9.0: 23
    9.333333: 5
    10.0: 65
    10.666667: 4
    11.0: 11
    11.333333: 7
    12.0: 124
    12.666667: 14
    13.0: 38
    13.333333: 10
    13.5: 6
    14.0: 135
    14.5: 3
    14.666667: 3
    15.0: 16
    15.333333: 4
    16.0: 115
    17.0: 7
    18.0: 26
    20.0: 10
    violations (dp!=0 when d2=0): 155
    DOMINANT ratio = 14.0 (expected n-3 = 4)

  d6/d2 ratio distribution:
    -3.0: 4
    0.0: 10
    1.0: 17
    1.5: 4
    2.0: 33
    2.333333: 3
    2.5: 9
    3.0: 30
    3.333333: 5
    3.5: 8
    3.666667: 4
    3.75: 3
    4.0: 55
    4.5: 14
    5.0: 28
    5.5: 6
    6.0: 42
    6.5: 3
    6.666667: 4
    6.75: 4
    7.0: 44
    7.333333: 5
    7.5: 12
    7.666667: 4
    8.0: 40
    8.333333: 9
    8.5: 15
    8.75: 3
    9.0: 64
    9.5: 8
    9.666667: 12
    10.0: 50
    10.5: 11
    10.666667: 4
    11.0: 54
    11.5: 12
    12.0: 55
    12.5: 7
    13.0: 24
    13.5: 3
    14.0: 10
    15.0: 12
    16.0: 12
    violations (dp!=0 when d2=0): 175
    DOMINANT ratio = 9.0 (expected n-3 = 4)

======================================================================
n = 8
======================================================================
  Total flips: 1000, d2=0: 230, Time: 12.3s

  d3/d2 ratio distribution:
    5.0: 770
    DOMINANT ratio = 5.0 (expected n-3 = 5)

  d4/d2 ratio distribution:
    9.0: 6
    10.0: 8
    11.0: 17
    12.0: 33
    12.333333: 3
    12.5: 12
    13.0: 59
    13.5: 22
    13.666667: 5
    14.0: 104
    14.333333: 6
    14.5: 44
    14.666667: 8
    15.0: 118
    15.25: 3
    15.333333: 19
    15.5: 34
    15.666667: 14
    15.75: 5
    16.0: 77
    16.25: 4
    16.333333: 3
    16.5: 22
    16.666667: 5
    17.0: 57
    17.5: 3
    18.0: 32
    19.0: 19
    20.0: 12
    violations (dp!=0 when d2=0): 181
    DOMINANT ratio = 15.0 (expected n-3 = 5)

  d5/d2 ratio distribution:
    8.0: 3
    11.0: 3
    15.0: 4
    16.0: 6
    17.0: 5
    18.0: 6
    18.5: 4
    19.0: 15
    20.0: 10
    20.5: 4
    21.0: 8
    21.5: 6
    22.0: 16
    22.5: 3
    23.0: 19
    23.5: 6
    24.0: 21
    24.5: 3
    24.666667: 3
    25.0: 15
    25.5: 12
    26.0: 22
    26.333333: 3
    26.5: 9
    26.666667: 3
    27.0: 19
    27.5: 9
    28.0: 30
    28.333333: 4
    28.5: 11
    29.0: 37
    29.5: 10
    30.0: 39
    30.333333: 5
    30.5: 8
    30.666667: 4
    31.0: 28
    31.333333: 5
    31.5: 11
    32.0: 35
    32.333333: 3
    32.5: 7
    32.666667: 3
    33.0: 46
    33.333333: 3
    33.5: 12
    34.0: 36
    34.5: 10
    34.666667: 5
    35.0: 29
    35.5: 6
    36.0: 23
    36.5: 4
    37.0: 15
    38.0: 12
    39.0: 12
    40.0: 10
    41.0: 7
    42.0: 5
    43.0: 3
    44.0: 5
    violations (dp!=0 when d2=0): 199
    DOMINANT ratio = 33.0 (expected n-3 = 5)

  d6/d2 ratio distribution:
    13.0: 10
    14.0: 4
    15.0: 3
    16.0: 6
    17.0: 6
    18.0: 8
    19.0: 11
    19.5: 4
    20.0: 4
    21.0: 9
    22.0: 4
    23.0: 11
    23.5: 4
    24.0: 9
    24.5: 6
    25.0: 9
    26.0: 7
    27.0: 12
    27.5: 4
    28.0: 9
    28.5: 5
    29.0: 17
    29.5: 5
    30.0: 9
    31.0: 18
    31.666667: 4
    32.0: 16
    32.5: 3
    32.666667: 3
    33.0: 12
    33.5: 6
    34.0: 10
    35.0: 26
    35.5: 8
    36.0: 17
    36.5: 7
    37.0: 16
    37.5: 6
    38.0: 18
    38.5: 6
    39.0: 14
    39.5: 5
    39.666667: 3
    40.0: 10
    40.5: 4
    40.666667: 4
    41.0: 14
    41.5: 6
    41.666667: 4
    42.0: 21
    42.5: 3
    43.0: 18
    43.333333: 4
    43.5: 7
    44.0: 18
    44.5: 6
    45.0: 11
    45.5: 8
    46.0: 12
    46.5: 3
    47.0: 12
    47.5: 5
    48.0: 18
    49.0: 15
    49.5: 4
    50.0: 11
    50.5: 5
    50.666667: 3
    51.0: 13
    52.0: 13
    52.5: 4
    53.0: 9
    54.0: 5
    55.0: 4
    56.0: 4
    57.0: 10
    61.0: 4
    64.0: 3
    66.0: 3
    violations (dp!=0 when d2=0): 205
    DOMINANT ratio = 35.0 (expected n-3 = 5)

Done.
