======================================================================
PATH COMPLEX EULER CHARACTERISTIC
======================================================================
chi distribution at n=5: {0: 304, 1: 720}
chi varies!

Scores                c3  chi Om0-4                          betti               
(0, 1, 2, 3, 4)        0    1 [5, 10, 10, 5, 1]              [np.int64(1), 0, 0, 0, 0] (120x)
(0, 1, 3, 3, 3)        1    1 [5, 10, 9, 3, 0]               [np.int64(1), 0, 0, 0, 0] (40x)
(0, 2, 2, 2, 4)        1    1 [5, 10, 9, 3, 0]               [np.int64(1), 0, 0, 0, 0] (40x)
(0, 2, 2, 3, 3)        2    1 [5, 10, 9, 4, 1]               [np.int64(1), 0, 0, 0, 0] (120x)
(1, 1, 1, 3, 4)        1    1 [5, 10, 9, 3, 0]               [np.int64(1), 0, 0, 0, 0] (40x)
(1, 1, 2, 2, 4)        2    1 [5, 10, 9, 4, 1]               [np.int64(1), 0, 0, 0, 0] (120x)
(1, 1, 2, 3, 3)        3    1 [5, 10, 9, 3, 0]               [np.int64(1), 0, 0, 0, 0] (120x)
(1, 1, 2, 3, 3)        3    0 [5, 10, 9, 5, 1]               [np.int64(1), np.int64(1), 0, 0, 0] (120x)
(1, 2, 2, 2, 3)        4    0 [5, 10, 8, 3, 0]               [np.int64(1), np.int64(1), 0, 0, 0] (40x)
(1, 2, 2, 2, 3)        4    1 [5, 10, 9, 4, 1]               [np.int64(1), 0, 0, 0, 0] (120x)
(1, 2, 2, 2, 3)        4    0 [5, 10, 10, 7, 2]              [np.int64(1), np.int64(1), 0, 0, 0] (120x)
(2, 2, 2, 2, 2)        5    0 [5, 10, 10, 10, 5]             [np.int64(1), np.int64(1), 0, 0, 0] (24x)

======================================================================
EXACTNESS AT EACH DIMENSION
======================================================================
  dim 0: exact in 0/1024 tournaments
  dim 1: exact in 720/1024 tournaments
  dim 2: exact in 1024/1024 tournaments
  dim 3: exact in 1024/1024 tournaments
  dim 4: exact in 1024/1024 tournaments

======================================================================
RANK SUM = dim(Om) AT EACH DIMENSION
======================================================================

bits=0, scores=(0, 1, 2, 3, 4)
  dim(Om_p): [5, 10, 10, 5, 1]
  rk(d_p):   [0, np.int64(4), np.int64(6), np.int64(4), np.int64(1)]
    dim 1: rk(d_2)=6 + rk(d_p)=4 = 10, dim(Om_p)=10, gap(=beta_p)=0
    dim 2: rk(d_3)=4 + rk(d_p)=6 = 10, dim(Om_p)=10, gap(=beta_p)=0
    dim 3: rk(d_4)=1 + rk(d_p)=4 = 5, dim(Om_p)=5, gap(=beta_p)=0

bits=341, scores=(2, 2, 2, 2, 2)
  dim(Om_p): [5, 10, 10, 10, 5]
  rk(d_p):   [0, np.int64(4), np.int64(5), np.int64(5), np.int64(5)]
    dim 1: rk(d_2)=5 + rk(d_p)=4 = 9, dim(Om_p)=10, gap(=beta_p)=1
    dim 2: rk(d_3)=5 + rk(d_p)=5 = 10, dim(Om_p)=10, gap(=beta_p)=0
    dim 3: rk(d_4)=5 + rk(d_p)=5 = 10, dim(Om_p)=10, gap(=beta_p)=0

bits=10, scores=(1, 1, 2, 3, 3)
  dim(Om_p): [5, 10, 9, 3, 0]
  rk(d_p):   [0, np.int64(4), np.int64(6), np.int64(3), 0]
    dim 1: rk(d_2)=6 + rk(d_p)=4 = 10, dim(Om_p)=10, gap(=beta_p)=0
    dim 2: rk(d_3)=3 + rk(d_p)=6 = 9, dim(Om_p)=9, gap(=beta_p)=0
    dim 3: rk(d_4)=0 + rk(d_p)=3 = 3, dim(Om_p)=3, gap(=beta_p)=0

======================================================================
COMBINATORIAL FORMULAS FOR dim(Om_p)
======================================================================
dim(Om_0) = n = 5 (always)
dim(Om_1) = C(n,2) - n = C(n-1,2) = 6 for tournaments (always)

Om2 analysis:
  (0, 1, 2, 3, 4): |A2|=10, Om2=10, J2=0, |A2|-Om2=0
  (0, 1, 3, 3, 3): |A2|=12, Om2=9, J2=3, |A2|-Om2=3
  (0, 2, 2, 2, 4): |A2|=12, Om2=9, J2=3, |A2|-Om2=3
  (0, 2, 2, 3, 3): |A2|=14, Om2=9, J2=6, |A2|-Om2=5
  (1, 1, 1, 3, 4): |A2|=12, Om2=9, J2=3, |A2|-Om2=3
  (1, 1, 2, 2, 4): |A2|=14, Om2=9, J2=6, |A2|-Om2=5
  (1, 1, 2, 3, 3): |A2|=16, Om2=9, J2=9, |A2|-Om2=7
  (1, 2, 2, 2, 3): |A2|=18, Om2=8, J2=12, |A2|-Om2=10 (40x)
  (1, 2, 2, 2, 3): |A2|=18, Om2=9, J2=12, |A2|-Om2=9 (120x)
  (1, 2, 2, 2, 3): |A2|=18, Om2=10, J2=12, |A2|-Om2=8 (120x)
  (2, 2, 2, 2, 2): |A2|=20, Om2=10, J2=15, |A2|-Om2=10

======================================================================
Om2 FORMULA SEARCH
======================================================================
Is Om2 = |A2| - n_bp (# backward pairs with paths)?
  Matches: 1024/1024
  CONFIRMED: Om2 = |A2| - (# backward pairs with intermediaries)

  n_bp values by score:
    (0, 1, 2, 3, 4): n_bp=0
    (0, 1, 3, 3, 3): n_bp=3
    (0, 2, 2, 2, 4): n_bp=3
    (0, 2, 2, 3, 3): n_bp=5
    (1, 1, 1, 3, 4): n_bp=3
    (1, 1, 2, 2, 4): n_bp=5
    (1, 1, 2, 3, 3): n_bp=7
    (1, 2, 2, 2, 3): n_bp=8 (120x)
    (1, 2, 2, 2, 3): n_bp=9 (120x)
    (1, 2, 2, 2, 3): n_bp=10 (40x)
    (2, 2, 2, 2, 2): n_bp=10


Done.
