======================================================================
KAPPA>=2 + SC + b1=0 TOURNAMENTS at n=6
======================================================================

1680 tournaments found (23s)

Score distribution:
  (2, 2, 2, 3, 3, 3): 1680

Kappa distribution:
  kappa=2: 1680

c3 distribution:
  c3=8: 1680

#good vertices distribution:
  3/6: 1440
  6/6: 240

Degree of good vertices:
  d_out=2: good=2880, bad=2160, rate=0.571
  d_out=3: good=2880, bad=2160, rate=0.571

======================================================================
MIN/MAX DEGREE VERTEX ANALYSIS
======================================================================
  Min-degree vertex is good: 960/1680 (57.1%)
  Max-degree vertex is good: 960/1680 (57.1%)
  Median-degree vertex is good: 960/1680 (57.1%)

======================================================================
KAPPA>=2 + SC + b1=0 at n=7 (sampled)
======================================================================
  Found 50 (0s)
  Found 100 (1s)
  Found 150 (1s)
  Found 200 (1s)
  Found 250 (1s)
  Found 300 (2s)
  Found 350 (2s)

n=7 (2s): 378 kappa>=2 + SC + b1=0 found
  Has good vertex: 378/378

======================================================================
SUM b1(T\v) FOR KAPPA>=2 + SC + b1=0
======================================================================

n=6: Sum_v b1(T\v) for kappa>=2:
  Sum=0: 240
  Sum=3: 1440


Done.
