======================================================================
GLMY PATH HOMOLOGY v2 — VALIDATION
======================================================================

--- Directed 3-cycle C_3 ---
  Expected: β = [1, 1, 0] (1 component, 1 directed hole)
  Got: β = [1, 1, 0]

--- Directed path P_3 ---
  Expected: β = [1, 0, 0] (connected, contractible)
  Got: β = [1, 0, 0]

--- Transitive tournament T_3: 0->1, 0->2, 1->2 ---
  This is an acyclic tournament. Expected: β_1 = 0 (no directed holes)
  Got: β = [1, 0, 0]

--- 3-cycle tournament: 0->1, 1->2, 2->0 ---
  Got: β = [1, 1, 0]

--- Directed 4-cycle C_4 ---
  Expected: β = [1, 1, 0, 0]
  Got: β = [1, 1, 0, 0]

--- Complete bidirected K_3 ---
  Got: β = [1, 0, 2]

--- 0->1, vertex 2 isolated ---
  Got: β = [2, 0, 0]
  Expected: β_0 = 3 or 2 (depends on convention)


======================================================================
CIRCULANT DIGRAPHS C_n^S
======================================================================
  C_3^{1} (directed cycle): β = [1, 1, 0]
  C_4^{1} (directed cycle): β = [1, 1, 0, 0]
  C_5^{1} (directed cycle): β = [1, 1, 0, 0, 0]
  C_6^{1} (directed cycle): β = [1, 1, 0, 0, 0]
  C_7^{1} (directed cycle): β = [1, 1, 0, 0, 0]

  C_4^{1,2}: β = [1, 1, 0, 0]
  C_5^{1,2}: β = [1, 1, 0, 0, 0]
  C_6^{1,2}: β = [1, 1, 0, 0, 0]
  C_7^{1,2}: β = [1, 1, 0, 0, 0]

  C_5^{1,2,3}: β = [1, 0, 0, 1, 0]
  C_6^{1,2,3}: β = [1, 1, 0, 0, 0]
  C_7^{1,2,3}: β = [1, 1, 0, 0, 0]


======================================================================
ALL TOURNAMENTS — PATH HOMOLOGY
======================================================================

--- All tournaments n=3 ---
  Betti distribution:
    β=[1, 0, 0]: 6 tournaments
    β=[1, 1, 0]: 2 tournaments
  By t3:
    t3=0: {(1, 0, 0): 6}
    t3=1: {(1, 1, 0): 2}

--- All tournaments n=4 ---
  Betti distribution:
    β=[1, 0, 0, 0]: 40 tournaments
    β=[1, 1, 0, 0]: 24 tournaments
  By t3:
    t3=0: {(1, 0, 0, 0): 24}
    t3=1: {(1, 0, 0, 0): 16}
    t3=2: {(1, 1, 0, 0): 24}

--- All tournaments n=5 ---
  t3=0, H=1: β=[1, 0, 0, 0, 0]
  t3=0, H=1: β=[1, 0, 0, 0, 0]
  t3=1, H=3: β=[1, 0, 0, 0, 0]
  t3=0, H=1: β=[1, 0, 0, 0, 0]
  t3=2, H=5: β=[1, 0, 0, 0, 0]

  Betti distribution (n=5, 1024 tournaments):
    β=[1, 0, 0, 0, 0]: 720
    β=[1, 1, 0, 0, 0]: 304

  By t3:
    t3=0: {(1, 0, 0, 0, 0): 120}
    t3=1: {(1, 0, 0, 0, 0): 120}
    t3=2: {(1, 0, 0, 0, 0): 240}
    t3=3: {(1, 1, 0, 0, 0): 120, (1, 0, 0, 0, 0): 120}
    t3=4: {(1, 1, 0, 0, 0): 160, (1, 0, 0, 0, 0): 120}
    t3=5: {(1, 1, 0, 0, 0): 24}


======================================================================
GEOMETRIC INTERPRETATION
======================================================================

The GLMY path Betti numbers measure "directed topological features":

β_0 = # connected components (in path homology sense)
β_1 = # independent directed 1-holes (directed cycles not bounding anything)
β_2 = # independent directed 2-holes (directed "cavities")

For TOURNAMENTS:
- β_0 = 1 always (tournament is connected)
- β_1 depends on the 3-cycle structure
- β_2 and higher: potential higher-dimensional directed cavities

TOPOLOGICAL SPACES ANALOGY:
- β = (1,0,...) : contractible → like a point
- β = (1,1,0,...) : one 1-hole → like a circle S^1
- β = (1,2,1,...) : like a torus T^2
- β = (1,0,1,...) : one 2-hole → like a sphere S^2

SUMMARY: Which topological space does each tournament resemble?

n=3:
  β=[1, 0, 0, 0]: 40 tournaments → point
  β=[1, 1, 0, 0]: 24 tournaments → circle S^1

n=4:

n=5:
  β=[1, 0, 0, 0, 0]: 720 tournaments → point
  β=[1, 1, 0, 0, 0]: 304 tournaments → circle S^1


Done.
======================================================================
DT-ONLY RANK DEFICIT ANALYSIS AT n=6
======================================================================
  ... 5000/32768
  ... 10000/32768
  ... 15000/32768
  ... 20000/32768
  ... 25000/32768
  ... 30000/32768

Total deficit tournaments: 960

Score sequences of deficit tournaments:
  (1, 2, 2, 3, 3, 4): 720/8640 (8%)
  (2, 2, 2, 3, 3, 3): 240/2640 (9%)

======================================================================
DEEP ANALYSIS OF DEFICIT TOURNAMENTS
======================================================================

--- Tournament 154: dim_Z2=10, rk_dt=9, |DT|=9 ---
  Scores: (1, 2, 2, 3, 3, 4)
  Bad face patterns: {(1, 2): 12, (2,): 15, (1,): 15, (): 9}
  DT (0 bad): 9, 1-bad: 30, 2-bad: 12
  dim(Ω₃)=15, |A₃|=51
  Ω₃ basis vectors involving non-DT paths: 9/15
  Missing Z₂ direction (in A₂):
    (3, 0, 2): -0.5089
    (5, 1, 4): 0.5089
    (0, 5, 4): 0.1930
    (3, 2, 1): -0.1930
    (1, 0, 4): 0.1755
    (3, 0, 4): 0.1755
    (3, 1, 4): -0.1755
    (3, 1, 0): -0.1755
    (5, 1, 0): -0.1579
    (5, 3, 2): -0.1579
  Full Ω₃ → Z₂ rank: 10 (need 10)
  Gap-filling Ω₃ element 5: proj=-0.6551
    (0, 4, 2, 1) [bad=[2]]
    (0, 4, 3, 1) [bad=[1, 2]]
    (0, 4, 3, 2) [bad=[1]]
    (0, 5, 2, 1) [DT]
    (0, 5, 3, 1) [bad=[1]]
    (0, 5, 3, 2) [bad=[1]]
    (0, 5, 4, 3) [DT]
    (3, 0, 4, 2) [bad=[1]]
    (3, 1, 0, 2) [bad=[2]]
    (3, 1, 0, 4) [DT]
    (3, 1, 4, 2) [bad=[1, 2]]
    (5, 1, 0, 2) [bad=[1, 2]]
    (5, 1, 4, 2) [bad=[2]]
    (5, 3, 0, 2) [bad=[1]]

--- Tournament 213: dim_Z2=10, rk_dt=9, |DT|=9 ---
  Scores: (1, 2, 2, 3, 3, 4)
  Bad face patterns: {(2,): 15, (1, 2): 12, (1,): 15, (): 9}
  DT (0 bad): 9, 1-bad: 30, 2-bad: 12
  dim(Ω₃)=15, |A₃|=51
  Ω₃ basis vectors involving non-DT paths: 9/15
  Missing Z₂ direction (in A₂):
    (4, 0, 3): 0.5089
    (5, 2, 1): -0.5089
    (4, 3, 2): 0.1930
    (0, 5, 1): -0.1930
    (4, 2, 0): 0.1755
    (2, 0, 1): -0.1755
    (4, 0, 1): -0.1755
    (4, 2, 1): 0.1755
    (5, 4, 0): -0.1579
    (5, 2, 0): 0.1579
  Full Ω₃ → Z₂ rank: 10 (need 10)
  Gap-filling Ω₃ element 5: proj=-0.6551
    (0, 1, 3, 2) [bad=[2]]
    (0, 1, 4, 2) [bad=[1, 2]]
    (0, 5, 4, 2) [bad=[1]]
    (4, 0, 1, 3) [bad=[1]]
    (4, 2, 0, 1) [DT]
    (4, 2, 0, 3) [bad=[2]]
    (4, 2, 1, 3) [bad=[1, 2]]
    (5, 1, 3, 2) [bad=[2]]
    (5, 1, 4, 2) [bad=[2]]
    (5, 2, 0, 3) [bad=[1, 2]]
    (5, 2, 1, 3) [bad=[2]]
    (5, 4, 0, 3) [bad=[1]]

--- Tournament 308: dim_Z2=10, rk_dt=9, |DT|=9 ---
  Scores: (1, 2, 2, 3, 3, 4)
  Bad face patterns: {(1,): 15, (1, 2): 12, (2,): 15, (): 9}
  DT (0 bad): 9, 1-bad: 30, 2-bad: 12
  dim(Ω₃)=15, |A₃|=51
  Ω₃ basis vectors involving non-DT paths: 7/15
  Missing Z₂ direction (in A₂):
    (1, 5, 2): 0.5089
    (4, 0, 3): -0.5089
    (1, 2, 0): 0.1930
    (5, 4, 3): -0.1930
    (1, 5, 3): -0.1755
    (1, 0, 3): 0.1755
    (0, 5, 3): -0.1755
    (1, 0, 5): 0.1755
    (3, 1, 2): 0.1579
    (4, 3, 2): -0.1579
  Full Ω₃ → Z₂ rank: 10 (need 10)
  Gap-filling Ω₃ element 4: proj=-0.8023
    (4, 0, 3, 2) [bad=[2]]
    (4, 0, 5, 2) [bad=[1, 2]]
    (4, 1, 5, 2) [bad=[1]]
    (4, 3, 1, 0) [bad=[2]]
    (4, 3, 2, 0) [bad=[2]]

--- Tournament 332: dim_Z2=10, rk_dt=9, |DT|=9 ---
  Scores: (1, 2, 2, 3, 3, 4)
  Bad face patterns: {(1, 2): 12, (1,): 15, (): 9, (2,): 15}
  DT (0 bad): 9, 1-bad: 30, 2-bad: 12
  dim(Ω₃)=15, |A₃|=51
  Ω₃ basis vectors involving non-DT paths: 10/15
  Missing Z₂ direction (in A₂):
    (4, 1, 3): 0.5089
    (5, 2, 0): -0.5089
    (4, 3, 2): 0.1930
    (1, 5, 0): -0.1930
    (4, 2, 1): 0.1755
    (4, 2, 0): 0.1755
    (2, 1, 0): -0.1755
    (4, 1, 0): -0.1755
    (2, 0, 3): 0.1579
    (2, 1, 3): -0.1579
  Full Ω₃ → Z₂ rank: 10 (need 10)
  Gap-filling Ω₃ element 4: proj=0.6551
    (1, 5, 0, 4) [DT]
    (1, 5, 3, 2) [DT]
    (2, 1, 0, 3) [DT]
    (4, 1, 0, 3) [bad=[1]]
    (4, 2, 0, 3) [bad=[1, 2]]
    (4, 2, 1, 3) [bad=[2]]
    (5, 2, 0, 3) [bad=[2]]
    (5, 2, 1, 3) [bad=[1, 2]]
    (5, 4, 1, 3) [bad=[1]]

--- Tournament 339: dim_Z2=10, rk_dt=9, |DT|=9 ---
  Scores: (1, 2, 2, 3, 3, 4)
  Bad face patterns: {(1, 2): 12, (2,): 15, (): 9, (1,): 15}
  DT (0 bad): 9, 1-bad: 30, 2-bad: 12
  dim(Ω₃)=15, |A₃|=51
  Ω₃ basis vectors involving non-DT paths: 9/15
  Missing Z₂ direction (in A₂):
    (0, 5, 2): 0.5089
    (4, 1, 3): -0.5089
    (0, 2, 1): 0.1930
    (5, 4, 3): -0.1930
    (0, 1, 5): 0.1755
    (0, 1, 3): 0.1755
    (0, 5, 3): -0.1755
    (1, 5, 3): -0.1755
    (4, 0, 2): 0.1579
    (4, 0, 5): -0.1579
  Full Ω₃ → Z₂ rank: 10 (need 10)
  Gap-filling Ω₃ element 4: proj=0.3289
    (4, 0, 2, 1) [DT]
    (4, 0, 5, 2) [bad=[1]]
    (4, 1, 3, 2) [bad=[2]]
    (4, 1, 5, 2) [bad=[1, 2]]
    (4, 3, 0, 1) [bad=[2]]
    (4, 3, 2, 1) [bad=[2]]

--- Tournament 425: dim_Z2=10, rk_dt=9, |DT|=9 ---
  Scores: (1, 2, 2, 3, 3, 4)
  Bad face patterns: {(): 9, (2,): 15, (1,): 15, (1, 2): 12}
  DT (0 bad): 9, 1-bad: 30, 2-bad: 12
  dim(Ω₃)=15, |A₃|=51
  Ω₃ basis vectors involving non-DT paths: 9/15
  Missing Z₂ direction (in A₂):
    (5, 0, 4): 0.5089
    (3, 1, 2): -0.5089
    (1, 5, 4): 0.1930
    (3, 2, 0): -0.1930
    (0, 1, 4): 0.1755
    (3, 0, 1): -0.1755
    (3, 1, 4): 0.1755
    (3, 0, 4): -0.1755
    (5, 3, 2): -0.1579
    (5, 4, 3): 0.1579
  Full Ω₃ → Z₂ rank: 10 (need 10)
  Gap-filling Ω₃ element 5: proj=-0.6551
    (1, 4, 2, 0) [bad=[2]]
    (1, 4, 3, 0) [bad=[1, 2]]
    (1, 4, 3, 2) [bad=[1]]
    (1, 5, 2, 0) [DT]
    (1, 5, 3, 0) [bad=[1]]
    (1, 5, 3, 2) [bad=[1]]
    (1, 5, 4, 2) [DT]
    (3, 0, 1, 2) [bad=[2]]
    (3, 0, 1, 4) [DT]
    (3, 0, 4, 2) [bad=[1, 2]]
    (3, 1, 4, 2) [bad=[1]]
    (5, 0, 1, 2) [bad=[1, 2]]
    (5, 0, 4, 2) [bad=[2]]
    (5, 3, 1, 2) [bad=[1]]

--- Tournament 668: dim_Z2=10, rk_dt=9, |DT|=9 ---
  Scores: (1, 2, 2, 3, 3, 4)
  Bad face patterns: {(1, 2): 12, (1,): 15, (2,): 15, (): 9}
  DT (0 bad): 9, 1-bad: 30, 2-bad: 12
  dim(Ω₃)=15, |A₃|=51
  Ω₃ basis vectors involving non-DT paths: 10/15
  Missing Z₂ direction (in A₂):
    (5, 1, 4): 0.5089
    (2, 0, 3): -0.5089
    (0, 5, 4): 0.1930
    (2, 3, 1): -0.1930
    (2, 1, 0): -0.1755
    (1, 0, 4): 0.1755
    (2, 1, 4): -0.1755
    (2, 0, 4): 0.1755
    (5, 4, 3): 0.1579
    (5, 1, 0): -0.1579
  Full Ω₃ → Z₂ rank: 10 (need 10)
  Gap-filling Ω₃ element 4: proj=-0.6551
    (0, 4, 2, 1) [bad=[1, 2]]
    (0, 4, 2, 3) [bad=[1]]
    (0, 4, 3, 1) [bad=[2]]
    (0, 5, 2, 1) [bad=[1]]
    (0, 5, 2, 3) [bad=[1]]
    (0, 5, 3, 1) [DT]
    (5, 1, 0, 3) [bad=[1, 2]]
    (5, 1, 4, 3) [bad=[2]]
    (5, 2, 0, 3) [bad=[1]]

--- Tournament 691: dim_Z2=10, rk_dt=9, |DT|=9 ---
  Scores: (1, 2, 2, 3, 3, 4)
  Bad face patterns: {(2,): 15, (1,): 15, (1, 2): 12, (): 9}
  DT (0 bad): 9, 1-bad: 30, 2-bad: 12
  dim(Ω₃)=15, |A₃|=51
  Ω₃ basis vectors involving non-DT paths: 10/15
  Missing Z₂ direction (in A₂):
    (5, 3, 1): 0.5089
    (4, 0, 2): -0.5089
    (0, 5, 1): 0.1930
    (4, 2, 3): -0.1930
    (3, 0, 1): 0.1755
    (4, 3, 1): -0.1755
    (4, 0, 1): 0.1755
    (4, 3, 0): -0.1755
    (1, 4, 2): -0.1579
    (5, 1, 4): 0.1579
  Full Ω₃ → Z₂ rank: 10 (need 10)
  Gap-filling Ω₃ element 7: proj=0.6551
    (4, 3, 0, 1) [DT]
    (5, 1, 4, 2) [DT]
    (5, 3, 0, 2) [bad=[1, 2]]
    (5, 3, 1, 2) [bad=[2]]
    (5, 4, 0, 2) [bad=[1]]

--- Tournament 810: dim_Z2=10, rk_dt=9, |DT|=9 ---
  Scores: (1, 2, 2, 3, 3, 4)
  Bad face patterns: {(1, 2): 12, (1,): 15, (): 9, (2,): 15}
  DT (0 bad): 9, 1-bad: 30, 2-bad: 12
  dim(Ω₃)=15, |A₃|=51
  Ω₃ basis vectors involving non-DT paths: 9/15
  Missing Z₂ direction (in A₂):
    (4, 1, 2): 0.5089
    (5, 3, 0): -0.5089
    (4, 2, 3): 0.1930
    (1, 5, 0): -0.1930
    (4, 3, 1): 0.1755
    (3, 1, 0): -0.1755
    (4, 3, 0): 0.1755
    (4, 1, 0): -0.1755
    (0, 4, 2): 0.1579
    (5, 0, 2): -0.1579
  Full Ω₃ → Z₂ rank: 10 (need 10)
  Gap-filling Ω₃ element 6: proj=0.6551
    (1, 0, 2, 3) [bad=[2]]
    (1, 0, 4, 2) [bad=[1]]
    (1, 0, 4, 3) [bad=[1, 2]]
    (1, 5, 0, 4) [DT]
    (1, 5, 4, 2) [bad=[1]]
    (1, 5, 4, 3) [bad=[1]]
    (3, 1, 0, 2) [DT]
    (4, 1, 0, 2) [bad=[1]]
    (4, 3, 0, 2) [bad=[1, 2]]
    (4, 3, 1, 2) [bad=[2]]
    (5, 0, 2, 3) [bad=[2]]
    (5, 0, 4, 3) [bad=[2]]
    (5, 3, 0, 2) [bad=[2]]
    (5, 3, 1, 2) [bad=[1, 2]]
    (5, 4, 1, 2) [bad=[1]]

--- Tournament 821: dim_Z2=10, rk_dt=9, |DT|=9 ---
  Scores: (1, 2, 2, 3, 3, 4)
  Bad face patterns: {(1, 2): 12, (): 9, (2,): 15, (1,): 15}
  DT (0 bad): 9, 1-bad: 30, 2-bad: 12
  dim(Ω₃)=15, |A₃|=51
  Ω₃ basis vectors involving non-DT paths: 11/15
  Missing Z₂ direction (in A₂):
    (4, 1, 2): 0.5089
    (0, 5, 3): -0.5089
    (5, 4, 2): 0.1930
    (0, 3, 1): -0.1930
    (0, 1, 5): -0.1755
    (1, 5, 2): 0.1755
    (0, 5, 2): 0.1755
    (0, 1, 2): -0.1755
    (4, 2, 3): 0.1579
    (2, 0, 3): -0.1579
  Full Ω₃ → Z₂ rank: 10 (need 10)
  Gap-filling Ω₃ element 4: proj=-0.6551
    (4, 0, 1, 2) [bad=[2]]
    (4, 0, 1, 5) [DT]
    (4, 0, 3, 1) [DT]
    (4, 0, 5, 2) [bad=[1, 2]]
    (4, 0, 5, 3) [bad=[1]]
    (4, 1, 2, 3) [bad=[2]]
    (4, 1, 5, 2) [bad=[1]]
    (4, 1, 5, 3) [bad=[1, 2]]

Done.
