======================================================================
BETA1 AND RANK VERIFICATION
======================================================================

--- n=3 ---
  beta1 != c3: 0/8

  scores                c3  b1  Om1  Z1  rk2  Om2  J2   cnt
  (0, 1, 2)              0   0    3   1    1    1   0     6 
  (1, 1, 1)              1   1    3   1    0    0   3     2 

--- n=4 ---
  beta1 != c3: 40/64

  scores                c3  b1  Om1  Z1  rk2  Om2  J2   cnt
  (0, 1, 2, 3)           0   0    6   3    3    4   0    24 
  (0, 2, 2, 2)           1   0    6   3    3    3   3     8 **
  (1, 1, 1, 3)           1   0    6   3    3    3   3     8 **
  (1, 1, 2, 2)           2   1    6   3    2    3   5    24 **

--- n=5 ---
  beta1 != c3: 904/1024

  scores                c3  b1  Om1  Z1  rk2  Om2  J2   cnt
  (0, 1, 2, 3, 4)        0   0   10   6    6   10   0   120 
  (0, 1, 3, 3, 3)        1   0   10   6    6    9   3    40 **
  (0, 2, 2, 2, 4)        1   0   10   6    6    9   3    40 **
  (0, 2, 2, 3, 3)        2   0   10   6    6    9   5   120 **
  (1, 1, 1, 3, 4)        1   0   10   6    6    9   3    40 **
  (1, 1, 2, 2, 4)        2   0   10   6    6    9   5   120 **
  (1, 1, 2, 3, 3)        3   0   10   6    6    9   7   120 **
  (1, 1, 2, 3, 3)        3   1   10   6    5    9   7   120 **
  (1, 2, 2, 2, 3)        4   0   10   6    6    9   9   120 **
  (1, 2, 2, 2, 3)        4   1   10   6    5    8  10    40 **
  (1, 2, 2, 2, 3)        4   1   10   6    5   10   8   120 **
  (2, 2, 2, 2, 2)        5   1   10   6    5   10  10    24 **

======================================================================
CORRECT Z2 FORMULA
======================================================================

n=5:
  Om1 = |A1| = C(n,2) = 10
  rk(bd1) = n-1 = 4
  Z1 = Om1 - rk(bd1) = 6
  MISMATCH: bits=2, scores=(1, 1, 1, 3, 4), beta1=0, c3=1
  MISMATCH: bits=4, scores=(1, 1, 2, 2, 4), beta1=0, c3=2
  MISMATCH: bits=5, scores=(0, 2, 2, 2, 4), beta1=0, c3=1

  beta1 != c3: 904/1024

  beta1 distribution:
   c3  b1 count
    0   0   120
    1   0   120 ***
    2   0   240 ***
    3   0   120 ***
    3   1   120 ***
    4   0   120 ***
    4   1   160 ***
    5   1    24 ***


Done.
