======================================================================
GLMY PATH HOMOLOGY v2 — VALIDATION
======================================================================

--- Directed 3-cycle C_3 ---
  Expected: β = [1, 1, 0] (1 component, 1 directed hole)
  Got: β = [1, 1, 0]

--- Directed path P_3 ---
  Expected: β = [1, 0, 0] (connected, contractible)
  Got: β = [1, 0, 0]

--- Transitive tournament T_3: 0->1, 0->2, 1->2 ---
  This is an acyclic tournament. Expected: β_1 = 0 (no directed holes)
  Got: β = [1, 0, 0]

--- 3-cycle tournament: 0->1, 1->2, 2->0 ---
  Got: β = [1, 1, 0]

--- Directed 4-cycle C_4 ---
  Expected: β = [1, 1, 0, 0]
  Got: β = [1, 1, 0, 0]

--- Complete bidirected K_3 ---
  Got: β = [1, 0, 2]

--- 0->1, vertex 2 isolated ---
  Got: β = [2, 0, 0]
  Expected: β_0 = 3 or 2 (depends on convention)


======================================================================
CIRCULANT DIGRAPHS C_n^S
======================================================================
  C_3^{1} (directed cycle): β = [1, 1, 0]
  C_4^{1} (directed cycle): β = [1, 1, 0, 0]
  C_5^{1} (directed cycle): β = [1, 1, 0, 0, 0]
  C_6^{1} (directed cycle): β = [1, 1, 0, 0, 0]
  C_7^{1} (directed cycle): β = [1, 1, 0, 0, 0]

  C_4^{1,2}: β = [1, 1, 0, 0]
  C_5^{1,2}: β = [1, 1, 0, 0, 0]
  C_6^{1,2}: β = [1, 1, 0, 0, 0]
  C_7^{1,2}: β = [1, 1, 0, 0, 0]

  C_5^{1,2,3}: β = [1, 0, 0, 1, 0]
  C_6^{1,2,3}: β = [1, 1, 0, 0, 0]
  C_7^{1,2,3}: β = [1, 1, 0, 0, 0]


======================================================================
ALL TOURNAMENTS — PATH HOMOLOGY
======================================================================

--- All tournaments n=3 ---
  Betti distribution:
    β=[1, 0, 0]: 6 tournaments
    β=[1, 1, 0]: 2 tournaments
  By t3:
    t3=0: {(1, 0, 0): 6}
    t3=1: {(1, 1, 0): 2}

--- All tournaments n=4 ---
  Betti distribution:
    β=[1, 0, 0, 0]: 40 tournaments
    β=[1, 1, 0, 0]: 24 tournaments
  By t3:
    t3=0: {(1, 0, 0, 0): 24}
    t3=1: {(1, 0, 0, 0): 16}
    t3=2: {(1, 1, 0, 0): 24}

--- All tournaments n=5 ---
  t3=0, H=1: β=[1, 0, 0, 0, 0]
  t3=0, H=1: β=[1, 0, 0, 0, 0]
  t3=1, H=3: β=[1, 0, 0, 0, 0]
  t3=0, H=1: β=[1, 0, 0, 0, 0]
  t3=2, H=5: β=[1, 0, 0, 0, 0]

  Betti distribution (n=5, 1024 tournaments):
    β=[1, 0, 0, 0, 0]: 720
    β=[1, 1, 0, 0, 0]: 304

  By t3:
    t3=0: {(1, 0, 0, 0, 0): 120}
    t3=1: {(1, 0, 0, 0, 0): 120}
    t3=2: {(1, 0, 0, 0, 0): 240}
    t3=3: {(1, 1, 0, 0, 0): 120, (1, 0, 0, 0, 0): 120}
    t3=4: {(1, 1, 0, 0, 0): 160, (1, 0, 0, 0, 0): 120}
    t3=5: {(1, 1, 0, 0, 0): 24}


======================================================================
GEOMETRIC INTERPRETATION
======================================================================

The GLMY path Betti numbers measure "directed topological features":

β_0 = # connected components (in path homology sense)
β_1 = # independent directed 1-holes (directed cycles not bounding anything)
β_2 = # independent directed 2-holes (directed "cavities")

For TOURNAMENTS:
- β_0 = 1 always (tournament is connected)
- β_1 depends on the 3-cycle structure
- β_2 and higher: potential higher-dimensional directed cavities

TOPOLOGICAL SPACES ANALOGY:
- β = (1,0,...) : contractible → like a point
- β = (1,1,0,...) : one 1-hole → like a circle S^1
- β = (1,2,1,...) : like a torus T^2
- β = (1,0,1,...) : one 2-hole → like a sphere S^2

SUMMARY: Which topological space does each tournament resemble?

n=3:
  β=[1, 0, 0, 0]: 40 tournaments → point
  β=[1, 1, 0, 0]: 24 tournaments → circle S^1

n=4:

n=5:
  β=[1, 0, 0, 0, 0]: 720 tournaments → point
  β=[1, 1, 0, 0, 0]: 304 tournaments → circle S^1


Done.
======================================================================
ANATOMY OF 2-CYCLES IN TOURNAMENTS
======================================================================

--- Tournament #1 (ker_dim=4) ---
  0 → []
  1 → [0]
  2 → [0, 1]
  3 → [0, 1, 2]
  4 → [0, 1, 2, 3]

  dim(Ω_2) = 10, |TT| = 10, |non-TT| = 0
  ker(∂_2|Ω_2) = 4, dim(Ω_3) = 5

  2-cycle #1:
    TT components (10):
      +0.0473 * (2, 1, 0)
      +0.2977 * (3, 1, 0)
      -0.1635 * (3, 2, 0)
      +0.4992 * (3, 2, 1)
      -0.3450 * (4, 1, 0)
      +0.2108 * (4, 2, 0)
      -0.5464 * (4, 2, 1)
      +0.1341 * (4, 3, 0)
      +0.2015 * (4, 3, 1)
      -0.3356 * (4, 3, 2)
    Vertices involved: [0, 1, 2, 3, 4]
    In im(∂_3|Ω_3)? err = 1.67e-16
      Ω_3 element #0: [((3, 2, 1, 0), 1.0)]
      Ω_3 element #1: [((4, 2, 1, 0), 1.0)]
      Ω_3 element #2: [((4, 3, 1, 0), 1.0)]
      Ω_3 element #3: [((4, 3, 2, 0), 1.0)]
      Ω_3 element #4: [((4, 3, 2, 1), 1.0)]

  2-cycle #2:
    TT components (10):
      +0.1863 * (2, 1, 0)
      +0.2636 * (3, 1, 0)
      -0.2232 * (3, 2, 0)
      -0.2177 * (3, 2, 1)
      -0.4499 * (4, 1, 0)
      +0.4095 * (4, 2, 0)
      +0.0314 * (4, 2, 1)
      +0.0404 * (4, 3, 0)
      -0.4813 * (4, 3, 1)
      +0.4408 * (4, 3, 2)
    Vertices involved: [0, 1, 2, 3, 4]
    In im(∂_3|Ω_3)? err = 3.33e-16
      Ω_3 element #0: [((3, 2, 1, 0), 1.0)]
      Ω_3 element #1: [((4, 2, 1, 0), 1.0)]
      Ω_3 element #2: [((4, 3, 1, 0), 1.0)]
      Ω_3 element #3: [((4, 3, 2, 0), 1.0)]
      Ω_3 element #4: [((4, 3, 2, 1), 1.0)]

  2-cycle #3:
    TT components (10):
      +0.4073 * (2, 1, 0)
      -0.1286 * (3, 1, 0)
      +0.5672 * (3, 2, 0)
      -0.2832 * (3, 2, 1)
      -0.2787 * (4, 1, 0)
      -0.1599 * (4, 2, 0)
      -0.1241 * (4, 2, 1)
      +0.4386 * (4, 3, 0)
      -0.1546 * (4, 3, 1)
      -0.2840 * (4, 3, 2)
    Vertices involved: [0, 1, 2, 3, 4]
    In im(∂_3|Ω_3)? err = 3.33e-16
      Ω_3 element #0: [((3, 2, 1, 0), 1.0)]
      Ω_3 element #1: [((4, 2, 1, 0), 1.0)]
      Ω_3 element #2: [((4, 3, 1, 0), 1.0)]
      Ω_3 element #3: [((4, 3, 2, 0), 1.0)]
      Ω_3 element #4: [((4, 3, 2, 1), 1.0)]

  2-cycle #4:
    TT components (10):
      +0.4440 * (2, 1, 0)
      -0.4747 * (3, 1, 0)
      +0.0411 * (3, 2, 0)
      -0.1524 * (3, 2, 1)
      +0.0307 * (4, 1, 0)
      +0.4029 * (4, 2, 0)
      -0.2916 * (4, 2, 1)
      -0.4336 * (4, 3, 0)
      +0.3223 * (4, 3, 1)
      +0.1113 * (4, 3, 2)
    Vertices involved: [0, 1, 2, 3, 4]
    In im(∂_3|Ω_3)? err = 4.16e-16
      Ω_3 element #0: [((3, 2, 1, 0), 1.0)]
      Ω_3 element #1: [((4, 2, 1, 0), 1.0)]
      Ω_3 element #2: [((4, 3, 1, 0), 1.0)]
      Ω_3 element #3: [((4, 3, 2, 0), 1.0)]
      Ω_3 element #4: [((4, 3, 2, 1), 1.0)]

--- Tournament #2 (ker_dim=4) ---
  0 → [1]
  1 → []
  2 → [0, 1]
  3 → [0, 1, 2]
  4 → [0, 1, 2, 3]

  dim(Ω_2) = 10, |TT| = 10, |non-TT| = 0
  ker(∂_2|Ω_2) = 4, dim(Ω_3) = 5

  2-cycle #1:
    TT components (10):
      +0.0480 * (2, 0, 1)
      -0.2485 * (3, 0, 1)
      +0.2209 * (3, 2, 0)
      +0.3517 * (3, 2, 1)
      +0.2005 * (4, 0, 1)
      -0.2689 * (4, 2, 0)
      -0.3036 * (4, 2, 1)
      +0.4694 * (4, 3, 0)
      +0.1032 * (4, 3, 1)
      -0.5726 * (4, 3, 2)
    Vertices involved: [0, 1, 2, 3, 4]
    In im(∂_3|Ω_3)? err = 2.22e-16
      Ω_3 element #0: [((3, 2, 0, 1), 1.0)]
      Ω_3 element #1: [((4, 2, 0, 1), 1.0)]
      Ω_3 element #2: [((4, 3, 0, 1), 1.0)]
      Ω_3 element #3: [((4, 3, 2, 0), 1.0)]
      Ω_3 element #4: [((4, 3, 2, 1), 1.0)]

  2-cycle #2:
    TT components (10):
      -0.3290 * (2, 0, 1)
      +0.1166 * (3, 0, 1)
      -0.1712 * (3, 2, 0)
      +0.2222 * (3, 2, 1)
      +0.2124 * (4, 0, 1)
      +0.5002 * (4, 2, 0)
      -0.5512 * (4, 2, 1)
      -0.2879 * (4, 3, 0)
      +0.3389 * (4, 3, 1)
      -0.0510 * (4, 3, 2)
    Vertices involved: [0, 1, 2, 3, 4]
    In im(∂_3|Ω_3)? err = 3.89e-16
      Ω_3 element #0: [((3, 2, 0, 1), 1.0)]
      Ω_3 element #1: [((4, 2, 0, 1), 1.0)]
      Ω_3 element #2: [((4, 3, 0, 1), 1.0)]
      Ω_3 element #3: [((4, 3, 2, 0), 1.0)]
      Ω_3 element #4: [((4, 3, 2, 1), 1.0)]

  2-cycle #3:
    TT components (10):
      -0.0741 * (2, 0, 1)
      -0.4541 * (3, 0, 1)
      -0.2042 * (3, 2, 0)
      -0.0536 * (3, 2, 1)
      +0.5283 * (4, 0, 1)
      +0.2783 * (4, 2, 0)
      -0.0205 * (4, 2, 1)
      +0.2500 * (4, 3, 0)
      -0.5078 * (4, 3, 1)
      +0.2578 * (4, 3, 2)
    Vertices involved: [0, 1, 2, 3, 4]
    In im(∂_3|Ω_3)? err = 2.78e-16
      Ω_3 element #0: [((3, 2, 0, 1), 1.0)]
      Ω_3 element #1: [((4, 2, 0, 1), 1.0)]
      Ω_3 element #2: [((4, 3, 0, 1), 1.0)]
      Ω_3 element #3: [((4, 3, 2, 0), 1.0)]
      Ω_3 element #4: [((4, 3, 2, 1), 1.0)]

  2-cycle #4:
    TT components (10):
      -0.5329 * (2, 0, 1)
      +0.3441 * (3, 0, 1)
      +0.5293 * (3, 2, 0)
      -0.4734 * (3, 2, 1)
      +0.1888 * (4, 0, 1)
      +0.0035 * (4, 2, 0)
      -0.0595 * (4, 2, 1)
      +0.1853 * (4, 3, 0)
      -0.1293 * (4, 3, 1)
      -0.0560 * (4, 3, 2)
    Vertices involved: [0, 1, 2, 3, 4]
    In im(∂_3|Ω_3)? err = 2.78e-16
      Ω_3 element #0: [((3, 2, 0, 1), 1.0)]
      Ω_3 element #1: [((4, 2, 0, 1), 1.0)]
      Ω_3 element #2: [((4, 3, 0, 1), 1.0)]
      Ω_3 element #3: [((4, 3, 2, 0), 1.0)]
      Ω_3 element #4: [((4, 3, 2, 1), 1.0)]

--- Tournament #3 (ker_dim=3) ---
  0 → [2]
  1 → [0]
  2 → [1]
  3 → [0, 1, 2]
  4 → [0, 1, 2, 3]

  dim(Ω_2) = 9, |TT| = 9, |non-TT| = 3
  ker(∂_2|Ω_2) = 3, dim(Ω_3) = 3

  2-cycle #1:
    TT components (9):
      +0.0402 * (3, 0, 2)
      +0.0252 * (3, 1, 0)
      -0.4822 * (3, 2, 1)
      -0.0402 * (4, 0, 2)
      -0.0252 * (4, 1, 0)
      +0.4822 * (4, 2, 1)
      -0.0151 * (4, 3, 0)
      -0.5073 * (4, 3, 1)
      +0.5224 * (4, 3, 2)
    Vertices involved: [0, 1, 2, 3, 4]
    In im(∂_3|Ω_3)? err = 3.47e-16
      Ω_3 element #0: [((4, 3, 0, 2), 1.0)]
      Ω_3 element #1: [((4, 3, 1, 0), 1.0)]
      Ω_3 element #2: [((4, 3, 2, 1), 1.0)]

  2-cycle #2:
    TT components (9):
      +0.2007 * (3, 0, 2)
      +0.5467 * (3, 1, 0)
      +0.2110 * (3, 2, 1)
      -0.2007 * (4, 0, 2)
      -0.5467 * (4, 1, 0)
      -0.2110 * (4, 2, 1)
      +0.3460 * (4, 3, 0)
      -0.3357 * (4, 3, 1)
      -0.0103 * (4, 3, 2)
    Vertices involved: [0, 1, 2, 3, 4]
    In im(∂_3|Ω_3)? err = 2.50e-16
      Ω_3 element #0: [((4, 3, 0, 2), 1.0)]
      Ω_3 element #1: [((4, 3, 1, 0), 1.0)]
      Ω_3 element #2: [((4, 3, 2, 1), 1.0)]

  2-cycle #3:
    TT components (9):
      +0.5080 * (3, 0, 2)
      -0.0212 * (3, 1, 0)
      +0.1517 * (3, 2, 1)
      -0.5080 * (4, 0, 2)
      +0.0212 * (4, 1, 0)
      -0.1517 * (4, 2, 1)
      -0.5292 * (4, 3, 0)
      +0.1728 * (4, 3, 1)
      +0.3564 * (4, 3, 2)
    Vertices involved: [0, 1, 2, 3, 4]
    In im(∂_3|Ω_3)? err = 2.22e-16
      Ω_3 element #0: [((4, 3, 0, 2), 1.0)]
      Ω_3 element #1: [((4, 3, 1, 0), 1.0)]
      Ω_3 element #2: [((4, 3, 2, 1), 1.0)]


======================================================================
STATISTICS: 2-CYCLE STRUCTURE AT n=5
======================================================================
Total 2-cycles (kernel vectors): 3600
  Pure TT: 840
  Mixed (TT + non-TT): 2760

--- Vertex count distribution ---
  #vertices in cycle: count
    5: 3600

--- Can cycles be localized to 4 vertices? ---
  Supported on ≤4 vertices: 0
  Need 5 vertices: 3600

Done.
