======================================================================
Z_2 CYCLE FILLING STRUCTURE ANALYSIS
======================================================================
dim(Z_2) distribution: {np.int64(3): 640, np.int64(4): 240, np.int64(5): 144}
dim(Z_3) distribution: {np.int64(0): 280, np.int64(1): 600, np.int64(2): 120, np.int64(5): 24}

==================================================
Example: bits=2, dim(Z_2)=3
  Scores: [1, 1, 1, 3, 4]
  dims: Om0=5, Om1=10, Om2=9, Om3=3, Om4=0
  rks: d1=4, d2=6, d3=3, d4=0
  betas: [np.int64(1), np.int64(0), np.int64(0), np.int64(0)]

  Z_2 cycle z_0 (9 nonzero paths):
    -0.4898 * (4,0,2) [TT]
    +0.4898 * (3,0,2) [TT]
    -0.3931 * (4,3,0) [TT]
    +0.3608 * (3,2,1) [TT]
    -0.3608 * (4,2,1) [TT]
    +0.2641 * (4,3,1) [TT]
    +0.1290 * (4,3,2) [TT]
    +0.0967 * (3,1,0) [TT]
    ... and 1 more
    Uses vertices: [0, 1, 2, 3, 4]
    Filled by Omega_3 chain (3 nonzero 3-paths):
      +0.4898 * (4,3,0,2) [a->c, b->d]
      +0.3608 * (4,3,2,1) [a->c, b->d]
      +0.0967 * (4,3,1,0) [a->c, b->d]
      Uses vertices: [0, 1, 2, 3, 4]

  Z_2 cycle z_1 (9 nonzero paths):
    +0.5513 * (4,3,1) [TT]
    -0.5225 * (4,3,2) [TT]
    +0.2792 * (3,2,1) [TT]
    -0.2792 * (4,2,1) [TT]
    +0.2721 * (4,1,0) [TT]
    -0.2721 * (3,1,0) [TT]
    +0.2433 * (4,0,2) [TT]
    -0.2433 * (3,0,2) [TT]
    ... and 1 more
    Uses vertices: [0, 1, 2, 3, 4]
    Filled by Omega_3 chain (3 nonzero 3-paths):
      +0.2792 * (4,3,2,1) [a->c, b->d]
      -0.2721 * (4,3,1,0) [a->c, b->d]
      -0.2433 * (4,3,0,2) [a->c, b->d]
      Uses vertices: [0, 1, 2, 3, 4]

  Z_2 cycle z_2 (9 nonzero paths):
    -0.4946 * (4,3,0) [TT]
    -0.4654 * (3,1,0) [TT]
    +0.4654 * (4,1,0) [TT]
    +0.3322 * (4,3,2) [TT]
    -0.3031 * (3,2,1) [TT]
    +0.3031 * (4,2,1) [TT]
    +0.1623 * (4,3,1) [TT]
    -0.0292 * (4,0,2) [TT]
    ... and 1 more
    Uses vertices: [0, 1, 2, 3, 4]
    Filled by Omega_3 chain (3 nonzero 3-paths):
      -0.4654 * (4,3,1,0) [a->c, b->d]
      -0.3031 * (4,3,2,1) [a->c, b->d]
      +0.0292 * (4,3,0,2) [a->c, b->d]
      Uses vertices: [0, 1, 2, 3, 4]

==================================================
Example: bits=0, dim(Z_2)=4
  Scores: [0, 1, 2, 3, 4]
  dims: Om0=5, Om1=10, Om2=10, Om3=5, Om4=1
  rks: d1=4, d2=6, d3=4, d4=1
  betas: [np.int64(1), np.int64(0), np.int64(0), np.int64(0)]

  Z_2 cycle z_0 (10 nonzero paths):
    -0.6192 * (4,3,1) [TT]
    -0.3913 * (3,2,1) [TT]
    +0.3499 * (4,3,0) [TT]
    +0.3436 * (4,2,1) [TT]
    -0.2755 * (4,1,0) [TT]
    +0.2692 * (4,3,2) [TT]
    +0.2279 * (3,1,0) [TT]
    +0.1221 * (3,2,0) [TT]
    ... and 2 more
    Uses vertices: [0, 1, 2, 3, 4]
    Filled by Omega_3 chain (5 nonzero 3-paths):
      -0.3247 * (4,3,2,1) [a->c, b->d]
      +0.2945 * (4,3,1,0) [a->c, b->d]
      +0.0666 * (3,2,1,0) [a->c, b->d]
      +0.0554 * (4,3,2,0) [a->c, b->d]
      -0.0190 * (4,2,1,0) [a->c, b->d]
      Uses vertices: [0, 1, 2, 3, 4]

  Z_2 cycle z_1 (10 nonzero paths):
    -0.4762 * (3,1,0) [TT]
    +0.4742 * (3,2,0) [TT]
    +0.3954 * (4,1,0) [TT]
    -0.3935 * (4,2,0) [TT]
    -0.3557 * (3,2,1) [TT]
    +0.2749 * (4,2,1) [TT]
    +0.1205 * (4,3,1) [TT]
    -0.1185 * (4,3,2) [TT]
    ... and 2 more
    Uses vertices: [0, 1, 2, 3, 4]
    Filled by Omega_3 chain (5 nonzero 3-paths):
      +0.2774 * (3,2,1,0) [a->c, b->d]
      -0.1988 * (4,3,1,0) [a->c, b->d]
      +0.1969 * (4,3,2,0) [a->c, b->d]
      -0.1966 * (4,2,1,0) [a->c, b->d]
      -0.0783 * (4,3,2,1) [a->c, b->d]
      Uses vertices: [0, 1, 2, 3, 4]

  Z_2 cycle z_2 (10 nonzero paths):
    +0.5522 * (4,3,2) [TT]
    -0.5135 * (4,3,0) [TT]
    -0.3518 * (3,2,0) [TT]
    +0.3093 * (4,2,1) [TT]
    +0.2706 * (4,1,0) [TT]
    +0.2430 * (4,2,0) [TT]
    -0.2004 * (3,2,1) [TT]
    -0.1617 * (3,1,0) [TT]
    ... and 2 more
    Uses vertices: [0, 1, 2, 3, 4]
    Filled by Omega_3 chain (5 nonzero 3-paths):
      -0.3321 * (4,3,2,0) [a->c, b->d]
      -0.2201 * (4,3,2,1) [a->c, b->d]
      -0.1814 * (4,3,1,0) [a->c, b->d]
      -0.0891 * (4,2,1,0) [a->c, b->d]
      -0.0197 * (3,2,1,0) [a->c, b->d]
      Uses vertices: [0, 1, 2, 3, 4]

  Z_2 cycle z_3 (10 nonzero paths):
    +0.6159 * (2,1,0) [TT]
    +0.4250 * (4,2,0) [TT]
    -0.3327 * (4,2,1) [TT]
    -0.3085 * (3,1,0) [TT]
    -0.3074 * (4,1,0) [TT]
    -0.2832 * (3,2,1) [TT]
    +0.1909 * (3,2,0) [TT]
    -0.1176 * (4,3,0) [TT]
    ... and 2 more
    Uses vertices: [0, 1, 2, 3, 4]
    Filled by Omega_3 chain (5 nonzero 3-paths):
      +0.3362 * (4,2,1,0) [a->c, b->d]
      +0.2797 * (3,2,1,0) [a->c, b->d]
      -0.0888 * (4,3,2,0) [a->c, b->d]
      -0.0288 * (4,3,1,0) [a->c, b->d]
      -0.0035 * (4,3,2,1) [a->c, b->d]
      Uses vertices: [0, 1, 2, 3, 4]

==================================================
Example: bits=12, dim(Z_2)=5
  Scores: [2, 1, 2, 2, 3]
  dims: Om0=5, Om1=10, Om2=10, Om3=7, Om4=2
  rks: d1=4, d2=5, d3=5, d4=2
  betas: [np.int64(1), np.int64(1), np.int64(0), np.int64(0)]

  Z_2 cycle z_0 (14 nonzero paths):
    +0.4703 * (4,2,1) [TT]
    -0.4276 * (4,2,0) [NT]
    +0.4276 * (4,1,0) [NT]
    -0.2858 * (3,2,1) [TT]
    -0.2461 * (0,4,3) [TT]
    -0.2430 * (3,1,0) [NT]
    +0.2430 * (3,2,0) [NT]
    +0.2167 * (4,3,2) [TT]
    ... and 6 more
    Uses vertices: [0, 1, 2, 3, 4]
    Filled by Omega_3 chain (9 nonzero 3-paths):
      -0.2992 * (4,2,1,0) [a->c, b->d]
      +0.1878 * (0,4,3,2) [a->c, b->d]
      -0.1572 * (4,3,2,1) [a->c, b->d]
      -0.1284 * (4,3,1,0) [a->c, d->b]
      +0.1284 * (4,3,2,0) [a->c, d->b]
      +0.1147 * (3,2,1,0) [a->c, b->d]
      ... and 3 more
      Uses vertices: [0, 1, 2, 3, 4]

  Z_2 cycle z_1 (14 nonzero paths):
    -0.5381 * (3,2,1) [TT]
    -0.4066 * (4,3,1) [TT]
    +0.3371 * (0,3,2) [NT]
    -0.3371 * (0,4,2) [NT]
    +0.3201 * (0,4,3) [TT]
    +0.2907 * (4,2,1) [TT]
    +0.2474 * (2,1,0) [TT]
    +0.1329 * (4,2,0) [NT]
    ... and 6 more
    Uses vertices: [0, 1, 2, 3, 4]
    Filled by Omega_3 chain (9 nonzero 3-paths):
      -0.2203 * (4,3,2,1) [a->c, b->d]
      -0.1935 * (0,4,3,2) [a->c, b->d]
      +0.1742 * (3,2,1,0) [a->c, b->d]
      -0.1436 * (0,3,2,1) [c->a, b->d]
      +0.1436 * (0,4,2,1) [c->a, b->d]
      -0.1266 * (0,4,3,1) [a->c, b->d]
      ... and 3 more
      Uses vertices: [0, 1, 2, 3, 4]

  Z_2 cycle z_2 (14 nonzero paths):
    -0.4128 * (4,3,2) [TT]
    -0.3985 * (0,4,2) [NT]
    +0.3985 * (0,3,2) [NT]
    -0.3606 * (2,1,0) [TT]
    +0.2306 * (4,3,1) [TT]
    -0.2182 * (4,2,0) [NT]
    +0.2182 * (4,1,0) [NT]
    -0.2163 * (0,3,1) [NT]
    ... and 6 more
    Uses vertices: [0, 1, 2, 3, 4]
    Filled by Omega_3 chain (9 nonzero 3-paths):
      -0.2697 * (0,4,3,2) [a->c, b->d]
      -0.1862 * (3,2,1,0) [a->c, b->d]
      -0.1744 * (4,2,1,0) [a->c, b->d]
      -0.1289 * (0,3,2,1) [c->a, b->d]
      +0.1289 * (0,4,2,1) [c->a, b->d]
      +0.0994 * (4,3,2,1) [a->c, b->d]
      ... and 3 more
      Uses vertices: [0, 1, 2, 3, 4]

  Z_2 cycle z_3 (14 nonzero paths):
    +0.4940 * (0,3,1) [NT]
    -0.4940 * (0,4,1) [NT]
    +0.4277 * (0,4,3) [TT]
    -0.3476 * (4,3,1) [TT]
    -0.2506 * (2,1,0) [TT]
    -0.2093 * (4,2,0) [NT]
    +0.2093 * (4,1,0) [NT]
    +0.1877 * (3,2,1) [TT]
    ... and 6 more
    Uses vertices: [0, 1, 2, 3, 4]
    Filled by Omega_3 chain (9 nonzero 3-paths):
      -0.3599 * (0,4,3,1) [a->c, b->d]
      -0.1732 * (4,2,1,0) [a->c, b->d]
      -0.1341 * (0,4,2,1) [c->a, b->d]
      +0.1341 * (0,3,2,1) [c->a, b->d]
      -0.0773 * (3,2,1,0) [a->c, b->d]
      -0.0678 * (0,4,3,2) [a->c, b->d]
      ... and 3 more
      Uses vertices: [0, 1, 2, 3, 4]

  Z_2 cycle z_4 (14 nonzero paths):
    -0.4627 * (3,2,0) [NT]
    +0.4627 * (3,1,0) [NT]
    +0.4495 * (4,3,2) [TT]
    -0.3345 * (2,1,0) [TT]
    -0.3052 * (4,3,1) [TT]
    +0.2866 * (4,2,1) [TT]
    -0.1443 * (0,4,3) [TT]
    -0.1283 * (4,1,0) [NT]
    ... and 6 more
    Uses vertices: [0, 1, 2, 3, 4]
    Filled by Omega_3 chain (9 nonzero 3-paths):
      -0.2736 * (3,2,1,0) [a->c, b->d]
      +0.1892 * (4,3,1,0) [a->c, d->b]
      -0.1892 * (4,3,2,0) [a->c, d->b]
      -0.1656 * (4,3,2,1) [a->c, b->d]
      +0.0948 * (0,4,3,2) [a->c, b->d]
      -0.0609 * (4,2,1,0) [a->c, b->d]
      ... and 3 more
      Uses vertices: [0, 1, 2, 3, 4]

======================================================================
ANALYSIS: Z_2 cycle support structure
======================================================================
Z_2 cycle vertex support sizes: {5: 3600}

======================================================================
CRITICAL: Can each Z_2 cycle be filled within its vertex support?
======================================================================
  Locally fillable: 3600
  Non-locally fillable: 0
  Fraction locally fillable: 1.0000

======================================================================
SURPLUS ANALYSIS: dim(Omega_3) - dim(Z_2) for each tournament
======================================================================
Surplus distribution: {np.int64(0): 280, np.int64(1): 600, np.int64(2): 120, np.int64(5): 24}
  ALL surpluses >= 0: dim(Omega_3) >= dim(Z_2) always
  This is a NECESSARY condition for beta_2 = 0

Done.
