
==============================================================================
  COCYCLE GLUE ANALYSIS: Flip Obstruction in Tournament Path Homology
==============================================================================
n=5, beta_1=0 tournaments with exactly 3 bad vertices
All 3 bad vertices form a SINGLE 3-cycle (always true at n=5)
Flip: one arc between good/bad vertex -> creates beta_1=1

Phase 1: Collecting tournaments...
Found 120 tournaments with beta_1=0 and 3 bad vertices

Phase 2: Finding single-arc flips that create beta_1=1...
Found 40 distinct (before, after) flip pairs
Score sequence classes: 1
  (0, 2, 2, 2, 4) -> (1, 2, 2, 2, 3): 40 pairs

Analyzing 1 representative examples in detail...

----------------------------------------------------------------------
  EXAMPLE 1: score (0, 2, 2, 2, 4) -> (1, 2, 2, 2, 3)
----------------------------------------------------------------------
  Flipped arc: 4->1  became  1->4
  3-cycles before: [(0, 2, 3)]  (bad vertices: [0, 2, 3])
  3-cycles after:  [(0, 1, 4), (0, 2, 3), (1, 2, 4), (1, 3, 4)]  (bad vertices: [0, 1, 2, 3, 4])
  NEW 3-cycles created by flip: [(0, 1, 4), (1, 2, 4), (1, 3, 4)]

  === PART 1: Cohomology (degree 1) ===
  T (before):  dim Z^1 = 4,  dim B^1 = 4,  H^1 = 0
  T' (after):  dim Z^1 = 5,  dim B^1 = 4,  H^1 = 1
  Change: dZ^1 = +1,  dB^1 = +0,  dH^1 = +1

  New non-coboundary cocycle w' in T':
    Coefficient on NEW arc (1, 4): -0.774597
    Other nonzero edges (6):
      (4, 3): -0.258199  [mixed]
      (4, 0): -0.258199  [mixed]
      (2, 1): -0.258199  [mixed]
      (0, 1): -0.258199  [mixed]
      (3, 1): -0.258199  [mixed]
      (4, 2): -0.258199  [mixed]

  === PART 1b: Restriction to T\v ===
    T\0 [BAD] (SAME): Z^1=3 B^1=3 H^1=0  |  T'\0: Z^1=4 B^1=3 H^1=1
    T\1 [GOOD] (DIFF): Z^1=3 B^1=3 H^1=0  |  T'\1: Z^1=3 B^1=3 H^1=0
    T\2 [BAD] (SAME): Z^1=3 B^1=3 H^1=0  |  T'\2: Z^1=4 B^1=3 H^1=1
    T\3 [BAD] (SAME): Z^1=3 B^1=3 H^1=0  |  T'\3: Z^1=4 B^1=3 H^1=1
    T\4 [GOOD] (DIFF): Z^1=3 B^1=3 H^1=0  |  T'\4: Z^1=3 B^1=3 H^1=0

  === PART 2: Allowed path changes ===
    A_0: unchanged (5)
    A_1: +1 -1 (was 10, now 10)
      + (1, 4)
      - (4, 1)
    A_2: +6 -0 (was 12, now 18)
      + (0, 1, 4)
      + (1, 4, 0)
      + (1, 4, 2)
      + (1, 4, 3)
      + (2, 1, 4)
      + (3, 1, 4)
    A_3: +12 -0 (was 9, now 21)
    A_4: +12 -0 (was 3, now 15)

  === PART 3: Omega and chain complex dimensions ===
    k | dim_A  dim_O  dim_Z  dim_B  beta | dim_A' dim_O' dim_Z' dim_B' beta'| dO   dZ   dB   db
   ---+--------------------------------------+---------------------------------------+-----------------
    0 |     5     5     5     4     1 |     5     5     5     4     1 |   +0   +0   +0   +0
    1 |    10    10     6     6     0 |    10    10     6     5     1 |   +0   +0   -1   +1
    2 |    12     9     3     3     0 |    18     8     3     3     0 |   -1   +0   +0   +0
    3 |     9     3     0     0     0 |    21     3     0     0     0 |   +0   +0   +0   +0
    4 |     3     0     0     0     0 |    15     0     0     0     0 |   +0   +0   +0   +0

  === PART 4: Boundary analysis (homological) ===
    3-cycle 0->1->4->0 [NEW]:  in_Omega_1=True, is_boundary=False
    3-cycle 2->0->3->2 [old]:  in_Omega_1=True, is_boundary=True
    3-cycle 2->1->4->2 [NEW]:  in_Omega_1=True, is_boundary=False
    3-cycle 3->1->4->3 [NEW]:  in_Omega_1=True, is_boundary=False

    In original T (beta_1=0):
    3-cycle 2->0->3->2: in_Omega_1=True, is_boundary=True
      Killing 2-chain (6 paths):
        (4, 2, 0): +0.500000
        (4, 3, 2): +0.500000
        (4, 0, 3): +0.500000
        (0, 3, 1): +0.500000
        (2, 0, 1): +0.500000
        (3, 2, 1): +0.500000

    2-paths lost by flip:
      Lost: []
      Gained: [(0, 1, 4), (1, 4, 0), (1, 4, 2), (1, 4, 3), (2, 1, 4), (3, 1, 4)]

  === PART 5: The gluing question ===
    p=1: non-allowed (p-1)-faces constraining Omega_1:
      Before: 0, After: 0, Delta: +0
    p=2: non-allowed (p-1)-faces constraining Omega_2:
      Before: 3, After: 10, Delta: +7
      New constraints:  [(0, 4), (1, 0), (1, 2), (1, 3), (2, 4)]
    p=3: non-allowed (p-1)-faces constraining Omega_3:
      Before: 6, After: 24, Delta: +18
      New constraints:  [(0, 1, 2), (0, 1, 3), (0, 3, 4), (0, 4, 2), (0, 4, 3)]

==============================================================================
  AGGREGATE SUMMARY ACROSS ALL FLIP PAIRS
==============================================================================

Processing all flip pairs for aggregate statistics...

40 total flip pairs analyzed

Dimension change distributions:

  k=0:
    dOmega: {0: 40}
    dZ:     {0: 40}
    dB:     {0: 40}
    dbeta:  {0: 40}

  k=1:
    dOmega: {0: 40}
    dZ:     {0: 40}
    dB:     {-1: 40}
    dbeta:  {1: 40}

  k=2:
    dOmega: {-1: 40}
    dZ:     {0: 40}
    dB:     {0: 40}
    dbeta:  {0: 40}

  k=3:
    dOmega: {0: 40}
    dZ:     {0: 40}
    dB:     {0: 40}
    dbeta:  {0: 40}

==============================================================================
  KEY MECHANISM ANALYSIS
==============================================================================

The algebraic mechanism of the flip obstruction:

1. COCYCLE DIMENSION: When we flip one arc, Z^1 changes by dZ and B^1 by dB.
   The net H^1 = dim(Z^1) - dim(B^1) goes from 0 to 1.

2. What determines the mechanism:
   - If dZ > dB (Z^1 grows faster): new cocycle CREATED by the flip
   - If dZ = dB but dB < 0 (both shrink, B more): old coboundary DESTROYED
   - If dZ > 0 and dB = 0: pure cocycle creation
   - If dZ = 0 and dB < 0: pure coboundary destruction

Observed patterns:
  pure cocycle creation (dZ>0, dB=0): 40 cases (100.0%)

  Does the new non-coboundary cocycle always use the NEW arc?
    Uses new arc: 40/40
    Does NOT use new arc: 0/40
    (Note: cocycle basis is not unique; this tests one representative)

Done.
