======================================================================
EXACTNESS AT OMEGA_2: DEEP STRUCTURE
======================================================================

--- APPROACH 1: Boundary structure by skip type ---

  n=4 (64 tournaments):
    rank(d_2|Omega_2) - type_F: {-1: 24, 0: 40}
    rank(d_2|A_2) - rank(d_2|Omega_2): {np.int64(0): 24, np.int64(2): 16, np.int64(4): 24}
    rank(d_2|A_2) distribution: {np.int64(3): 24, np.int64(5): 16, np.int64(6): 24}
    C(n,2) = 6, C(n,2)-1 = 5
    Max possible rank(d_2) = C(n,2) - n + 1 = 3
    Achieves max rank: 24/64

  n=5 (1024 tournaments):
    rank(d_2|Omega_2) - type_F: {-4: 120, -3: 120, -2: 360, -1: 280, 0: 144}
    rank(d_2|A_2) - rank(d_2|Omega_2): {np.int64(0): 120, np.int64(2): 120, np.int64(3): 240, np.int64(4): 240, np.int64(5): 304}
    rank(d_2|A_2) distribution: {np.int64(6): 120, np.int64(8): 120, np.int64(9): 240, np.int64(10): 544}
    C(n,2) = 10, C(n,2)-1 = 9
    Max possible rank(d_2) = C(n,2) - n + 1 = 6
    Achieves max rank: 120/1024

  n=6 (32768 tournaments):
    rank(d_2|Omega_2) - type_F: {-10: 720, -9: 960, -8: 2240, -7: 3600, -6: 6000, -5: 5328, -4: 6960, -3: 5280, -2: 1680}
    rank(d_2|A_2) - rank(d_2|Omega_2): {np.int64(0): 720, np.int64(2): 960, np.int64(3): 2160, np.int64(4): 6608, np.int64(5): 17520, np.int64(6): 4800}
    rank(d_2|A_2) distribution: {np.int64(10): 720, np.int64(12): 960, np.int64(13): 2160, np.int64(14): 6608, np.int64(15): 22320}
    C(n,2) = 15, C(n,2)-1 = 14
    Max possible rank(d_2) = C(n,2) - n + 1 = 10
    Achieves max rank: 720/32768

--- KEY: Is the A_p complex exact at A_1? ---
  n=4: A-complex exact at A_1 in 24/64 cases
  n=5: A-complex exact at A_1 in 120/1024 cases
  n=6: A-complex exact at A_1 in 720/32768 cases

--- APPROACH 2: rank(d_3|Omega_3) formula search ---

  n=5: rank(d_3) as function of c3:
    c3=0: rank_d3 in [4]
    c3=1: rank_d3 in [3]
    c3=2: rank_d3 in [3]
    c3=3: rank_d3 in [3, 4]
    c3=4: rank_d3 in [3, 5]
    c3=5: rank_d3 in [5]

  n=6: rank(d_3) as function of c3:
    c3=0: rank_d3 in [10]
    c3=1: rank_d3 in [9]
    c3=2: rank_d3 in [8, 9]
    c3=3: rank_d3 in [9]
    c3=4: rank_d3 in [8, 9, 10]
    c3=5: rank_d3 in [9, 10]
    c3=6: rank_d3 in [9, 10, 11, 12]
    c3=7: rank_d3 in [10, 11]
    c3=8: rank_d3 in [11, 13, 15]

--- APPROACH 3: rank(d_2|Omega_2) vs rank(d_2|A_2) ---

  n=5: rank(d_2|A_2) - rank(d_2|Omega_2) distribution:
    diff=0: 120 cases, #NA distribution=[(0, 120)]
    diff=2: 120 cases, #NA distribution=[(3, 120)]
    diff=3: 240 cases, #NA distribution=[(5, 240)]
    diff=4: 240 cases, #NA distribution=[(7, 120), (9, 120)]
    diff=5: 304 cases, #NA distribution=[(7, 120), (8, 120), (10, 64)]

  n=6: rank(d_2|A_2) - rank(d_2|Omega_2) distribution:
    diff=0: 720 cases, #NA distribution=[(0, 720)]
    diff=2: 960 cases, #NA distribution=[(3, 960)]
    diff=3: 2160 cases, #NA distribution=[(5, 2160)]
    diff=4: 6608 cases, #NA distribution=[(6, 80), (7, 2880), (8, 1440), (9, 1440), (10, 768)]
    diff=5: 17520 cases, #NA distribution=[(9, 2160), (10, 1440), (11, 2160), (12, 3600), (13, 5040), (14, 1440), (15, 1680)]
    diff=6: 4800 cases, #NA distribution=[(9, 720), (11, 1440), (12, 720), (14, 1920)]

--- APPROACH 4: rank(d_2|A_2) vs ker(d_1) check ---

  n=4: ker(d_1) dim = 3
    rank(d_2|A_2) distribution: {np.int64(3): 24, np.int64(5): 16, np.int64(6): 24}
    Surjective (rank = ker_d1 = 3): 24/64

  n=5: ker(d_1) dim = 6
    rank(d_2|A_2) distribution: {np.int64(6): 120, np.int64(8): 120, np.int64(9): 240, np.int64(10): 544}
    Surjective (rank = ker_d1 = 6): 120/1024

  n=6: ker(d_1) dim = 10
    rank(d_2|A_2) distribution: {np.int64(10): 720, np.int64(12): 960, np.int64(13): 2160, np.int64(14): 6608, np.int64(15): 22320}
    Surjective (rank = ker_d1 = 10): 720/32768

--- IS H_1(A-complex) = 0 FOR ALL TOURNAMENTS? ---
  n=4: H_1(A) = 0 in 24/64 cases (H_1 != 0 in 40)
  n=5: H_1(A) = 0 in 120/1024 cases (H_1 != 0 in 904)
  n=6: H_1(A) = 0 in 720/32768 cases (H_1 != 0 in 32048)

--- H_p(A) vs beta_p(Omega) for p=0,1,2 ---

  n=5: (H_1(A), H_2(A), beta_1(Omega)) distribution:
    H_1(A)=-3, H_2(A)=-6, beta_1=0: 240 cases
    H_1(A)=-4, H_2(A)=-8, beta_1=1: 184 cases
    H_1(A)=0, H_2(A)=0, beta_1=0: 120 cases
    H_1(A)=-2, H_2(A)=-4, beta_1=0: 120 cases
    H_1(A)=-4, H_2(A)=-8, beta_1=0: 120 cases
    H_1(A)=-4, H_2(A)=-9, beta_1=1: 120 cases
    H_1(A)=-4, H_2(A)=-9, beta_1=0: 120 cases

  n=6: (H_1(A), H_2(A), beta_1(Omega)) distribution:
    H_1(A)=-5, H_2(A)=-15, beta_1=0: 12480 cases
    H_1(A)=-5, H_2(A)=-14, beta_1=0: 4320 cases
    H_1(A)=-4, H_2(A)=-12, beta_1=0: 3360 cases
    H_1(A)=-4, H_2(A)=-13, beta_1=0: 3168 cases
    H_1(A)=-5, H_2(A)=-14, beta_1=1: 2880 cases
    H_1(A)=-3, H_2(A)=-9, beta_1=0: 2160 cases
    H_1(A)=-5, H_2(A)=-13, beta_1=1: 1920 cases
    H_1(A)=-2, H_2(A)=-6, beta_1=0: 960 cases
    H_1(A)=0, H_2(A)=0, beta_1=0: 720 cases
    H_1(A)=-5, H_2(A)=-13, beta_1=0: 720 cases
    H_1(A)=-4, H_2(A)=-8, beta_1=0: 80 cases

DONE.
