======================================================================
ARC-FLIP INVARIANCE OF beta_2
beta_2 = dim(Z_2) - rk(d_3) is constant under arc flips!
======================================================================

--- n=7 sampled ---
  ... 100/500 (8s), mismatches=0
  ... 200/500 (15s), mismatches=0
  ... 300/500 (22s), mismatches=0
  ... 400/500 (29s), mismatches=0

  Processed 500 tournaments x 5 flips = 2500 flips in 35s
  Mismatches (dZ2 != dim3): 0

  Delta distribution:
    (dZ2=-6, dim3=-6): 1 (0.0%) OK
    (dZ2=-4, dim3=-4): 9 (0.4%) OK
    (dZ2=-3, dim3=-3): 79 (3.2%) OK
    (dZ2=-2, dim3=-2): 231 (9.2%) OK
    (dZ2=-1, dim3=-1): 527 (21.1%) OK
    (dZ2=+0, dim3=+0): 772 (30.9%) OK
    (dZ2=+1, dim3=+1): 525 (21.0%) OK
    (dZ2=+2, dim3=+2): 266 (10.6%) OK
    (dZ2=+3, dim3=+3): 76 (3.0%) OK
    (dZ2=+4, dim3=+4): 10 (0.4%) OK
    (dZ2=+6, dim3=+6): 4 (0.2%) OK

  Local topology analysis (top entries by frequency):
    scores=(3,3), c_out=1, c_in=1: N=161, dOm2={0: 27, -2: 47, -1: 70, -3: 17}, dZ2={0: 28, -2: 47, -1: 68, -3: 15, -4: 2, 1: 1}
    scores=(4,2), c_out=1, c_in=1: N=154, dOm2={0: 25, 2: 55, 1: 60, 3: 14}, dZ2={0: 27, 2: 52, 1: 58, 3: 16, -1: 1}
    scores=(4,3), c_out=2, c_in=1: N=148, dOm2={0: 82, 1: 31, -1: 35}, dZ2={0: 79, 1: 30, -1: 36, 2: 2, -2: 1}
    scores=(3,2), c_out=1, c_in=2: N=136, dOm2={0: 68, 1: 34, -1: 34}, dZ2={0: 67, 1: 35, -1: 31, -2: 3}
    scores=(5,2), c_out=2, c_in=1: N=99, dOm2={1: 30, 0: 15, 3: 14, 2: 40}, dZ2={1: 30, 0: 15, 3: 13, 2: 40, 4: 1}
    scores=(4,2), c_out=2, c_in=2: N=85, dOm2={1: 48, 0: 31, -1: 6}, dZ2={2: 6, 1: 42, 0: 31, -1: 6}
    scores=(2,3), c_out=1, c_in=2: N=84, dOm2={-2: 23, -1: 30, -3: 16, 0: 11, 1: 4}, dZ2={-2: 23, -1: 30, -3: 15, 0: 11, -4: 1, 1: 4}
    scores=(2,2), c_out=0, c_in=2: N=72, dOm2={-2: 8, -3: 15, -1: 28, 0: 21}, dZ2={-2: 10, -3: 11, -1: 30, 0: 21}
    scores=(4,3), c_out=1, c_in=0: N=70, dOm2={2: 7, 0: 33, -1: 12, 1: 14, -2: 4}, dZ2={1: 15, 0: 33, -1: 12, 2: 6, -2: 4}
    scores=(4,4), c_out=2, c_in=0: N=68, dOm2={0: 21, -3: 9, -1: 33, -2: 5}, dZ2={0: 22, -3: 6, -1: 33, -2: 6, -4: 1}
    scores=(3,4), c_out=2, c_in=1: N=68, dOm2={-1: 22, -2: 28, -3: 9, 0: 9}, dZ2={-1: 22, -2: 28, -3: 8, 0: 9, -4: 1}
    scores=(4,1), c_out=1, c_in=2: N=68, dOm2={0: 11, 2: 24, 1: 21, 3: 12}, dZ2={0: 11, 2: 24, 1: 21, 3: 12}
    scores=(3,1), c_out=0, c_in=2: N=66, dOm2={0: 18, 1: 30, 3: 10, 2: 8}, dZ2={0: 17, 1: 31, 3: 8, -1: 1, 2: 9}
    scores=(5,2), c_out=1, c_in=0: N=64, dOm2={1: 21, 2: 31, 3: 10, 5: 1, 4: 1}, dZ2={2: 34, 1: 21, 3: 7, 0: 1, 6: 1}
    scores=(5,3), c_out=2, c_in=0: N=60, dOm2={1: 25, 0: 23, 3: 7, 2: 5}, dZ2={1: 26, 0: 23, 3: 4, 2: 7}

--- n=8 sampled ---

  Processed 100 tournaments x 5 flips = 500 flips in 33s
  Mismatches (dZ2 != dim3): 0

  Delta distribution:
    (dZ2=-4, dim3=-4): 10 (2.0%) OK
    (dZ2=-3, dim3=-3): 33 (6.6%) OK
    (dZ2=-2, dim3=-2): 67 (13.4%) OK
    (dZ2=-1, dim3=-1): 79 (15.8%) OK
    (dZ2=+0, dim3=+0): 109 (21.8%) OK
    (dZ2=+1, dim3=+1): 95 (19.0%) OK
    (dZ2=+2, dim3=+2): 67 (13.4%) OK
    (dZ2=+3, dim3=+3): 28 (5.6%) OK
    (dZ2=+4, dim3=+4): 10 (2.0%) OK
    (dZ2=+5, dim3=+5): 2 (0.4%) OK

  Local topology analysis (top entries by frequency):
    scores=(4,2), c_out=1, c_in=2: N=24, dOm2={1: 10, 3: 1, 2: 10, 0: 3}, dZ2={1: 10, 3: 1, 2: 10, 0: 3}
    scores=(4,3), c_out=1, c_in=1: N=22, dOm2={0: 13, -2: 3, 2: 1, 1: 4, -1: 1}, dZ2={0: 13, -2: 3, 2: 1, 1: 4, -1: 1}
    scores=(5,3), c_out=2, c_in=1: N=20, dOm2={1: 11, 2: 9}, dZ2={1: 11, 2: 9}
    scores=(4,4), c_out=2, c_in=1: N=20, dOm2={0: 3, -1: 6, -2: 9, -3: 2}, dZ2={0: 3, -1: 6, -2: 9, -3: 2}
    scores=(3,3), c_out=1, c_in=2: N=19, dOm2={-1: 4, 0: 7, -3: 3, -2: 5}, dZ2={-1: 4, 0: 7, -3: 3, -2: 5}
    scores=(3,4), c_out=1, c_in=1: N=18, dOm2={-4: 4, -3: 8, -2: 6}, dZ2={-4: 4, -3: 8, -2: 6}
    scores=(3,2), c_out=1, c_in=3: N=17, dOm2={0: 8, -1: 5, 1: 4}, dZ2={0: 8, -1: 5, 1: 4}
    scores=(5,4), c_out=3, c_in=1: N=16, dOm2={0: 5, 1: 6, -1: 5}, dZ2={0: 5, 1: 6, -1: 5}
    scores=(3,4), c_out=2, c_in=2: N=14, dOm2={-2: 7, -1: 3, -3: 4}, dZ2={-2: 7, -1: 3, -3: 4}
    scores=(4,3), c_out=2, c_in=2: N=13, dOm2={1: 4, 0: 7, -1: 2}, dZ2={1: 4, 0: 7, -1: 2}
    scores=(5,2), c_out=1, c_in=1: N=12, dOm2={2: 3, 3: 5, 4: 3, 1: 1}, dZ2={2: 3, 3: 5, 4: 3, 1: 1}
    scores=(4,4), c_out=1, c_in=0: N=12, dOm2={-1: 3, -2: 4, 0: 1, -3: 1, 1: 3}, dZ2={-1: 4, 0: 1, -3: 1, -2: 3, 1: 3}
    scores=(5,4), c_out=2, c_in=0: N=11, dOm2={1: 5, 2: 2, -2: 1, 0: 2, -1: 1}, dZ2={1: 5, 2: 2, -2: 1, 0: 2, -1: 1}
    scores=(6,4), c_out=3, c_in=0: N=11, dOm2={0: 4, 1: 4, 3: 2, 2: 1}, dZ2={0: 4, 1: 4, 3: 2, 2: 1}
    scores=(3,2), c_out=0, c_in=2: N=11, dOm2={0: 3, -2: 1, 1: 4, -1: 3}, dZ2={0: 3, -2: 3, 1: 4, -1: 1}

======================================================================
ANALYTIC DELTA(Omega_2) CHECK at n=5
======================================================================
  Errors in delta(Omega_2) formula: 0/10000
  Formula VERIFIED: delta(Omega_2) = gained - lost TT triples involving flipped arc

  Symmetry observation:
  lost_case1 = gained_case1 (common out-neighbors)
  lost_case2 = gained_case2 (common in-neighbors)
  delta(Omega_2) = gained_case3 - lost_case3
                 = |{b: v->b->u}| - |{b: u->b->v}|
  = (# 2-paths v->b->u) - (# 2-paths u->b->v)

Done.
