======================================================================
DOMINATING PAIR EXISTENCE
======================================================================

n=3: 8 tournaments in 0.0s
  Has dominating pair: 8 (100.0%)
  No dominating pair: 0

n=4: 64 tournaments in 0.0s
  Has dominating pair: 64 (100.0%)
  No dominating pair: 0

n=5: 1024 tournaments in 0.0s
  Has dominating pair: 1024 (100.0%)
  No dominating pair: 0

n=6: 32768 tournaments in 0.4s
  Has dominating pair: 32768 (100.0%)
  No dominating pair: 0

======================================================================
SAMPLED: DOMINATING PAIR AT n=7,8,9,10
======================================================================
  n=7: 9997/10000 (100.0%) have dominating pair (0.1s)
  n=8: 9998/10000 (100.0%) have dominating pair (0.2s)
  n=9: 9988/10000 (99.9%) have dominating pair (0.2s)
  n=10: 9952/10000 (99.5%) have dominating pair (0.2s)
  n=15: 893/1000 (89.3%) have dominating pair (0.1s)
  n=20: 624/1000 (62.4%) have dominating pair (0.2s)

======================================================================
THEORETICAL: DOMINATING PAIR PROBABILITY
======================================================================

For a random tournament, the probability that vertex u is NOT dominated
by either v₁ or v₂ is P(u→v₁ AND u→v₂) = 1/4.

For a SPECIFIC pair (v₁,v₂), P(pair dominates) = (1 - 1/4)^{n-2} = (3/4)^{n-2}.

Number of pairs: C(n,2). So:
P(∃ dominating pair) ≥ 1 - C(n,2) * (1-(3/4)^{n-2})
Wait, that's not right. Let me use inclusion-exclusion or union bound.

P(NO dominating pair) ≤ Σ_{pairs} P(pair fails) - ... (by inclusion-exclusion)
Actually: P(NO dominating pair) ≤ Σ P(pair fails) - ... but this isn't tight.

Better: P(specific pair fails) = 1 - (3/4)^{n-2}.
P(ALL pairs fail) ≤ (1 - (3/4)^{n-2})^{C(n,2)} → 0 as n → ∞.

But this is only a probabilistic argument. We need a DETERMINISTIC guarantee.

CHECKING: Does the 3-cycle C₃ have a dominating pair?
  (0,1): coverage = {0, 1, 2}
  (0,2): coverage = {0, 1, 2}
  (1,2): coverage = {0, 1, 2}

Done.
