======================================================================
Z₂ STRUCTURE ANALYSIS
======================================================================

n=5: z₂ dimension distribution: {0: 144, 1: 280, 2: 360, 3: 120, 4: 120}
  (z₂, |Ω₃|) distribution:
    z₂=0, |Ω₃|=3: 120
    z₂=0, |Ω₃|=5: 24
    z₂=1, |Ω₃|=3: 160
    z₂=1, |Ω₃|=5: 120
    z₂=2, |Ω₃|=3: 240
    z₂=2, |Ω₃|=5: 120
    z₂=3, |Ω₃|=3: 120
    z₂=4, |Ω₃|=5: 120

Detailed Z₂ examples (n=5):

  bits=0, scores=[0, 1, 2, 3, 4]
    |Ω₂|=10, |Ω₃|=5, z₂=4, b₂=4, β₂=0
    Z₂ gen 0: [((4, 2, 1), -0.5464304936960961), ((3, 2, 1), 0.4991591808985045), ((4, 1, 0), -0.34495161832614096), ((4, 3, 2), -0.33561778059325514), ((3, 1, 0), 0.29768030552854946), ((4, 2, 0), 0.21081271310284094)]...
    Z₂ gen 1: [((4, 3, 1), -0.48125924250242563), ((4, 1, 0), -0.44989783695147173), ((4, 3, 2), 0.44082880629225285), ((4, 2, 0), 0.40946740074129834), ((3, 1, 0), 0.26358603032453504), ((3, 2, 0), -0.2231555941143618)]...
    Z₂ gen 2: [((3, 2, 0), 0.5672414111469051), ((4, 3, 0), 0.43861303145187375), ((2, 1, 0), 0.40730016075621633), ((4, 3, 2), -0.2839918802403612), ((3, 2, 1), -0.283249530906544), ((4, 1, 0), -0.2786717810611851)]...
    Full support: [((2, 1, 0), 0.047), ((3, 1, 0), 0.298), ((3, 2, 0), -0.164), ((3, 2, 1), 0.499), ((4, 1, 0), -0.345), ((4, 2, 0), 0.211), ((4, 2, 1), -0.546), ((4, 3, 0), 0.134), ((4, 3, 1), 0.201), ((4, 3, 2), -0.336)]
    (2,1,0) [coeff=0.047] filled by: [((3, 2, 1, 0), 1), ((4, 2, 1, 0), 1)]
    (3,1,0) [coeff=0.298] filled by: [((3, 2, 1, 0), -1), ((4, 3, 1, 0), 1)]
    (3,2,0) [coeff=-0.164] filled by: [((3, 2, 1, 0), 1), ((4, 3, 2, 0), 1)]
    (3,2,1) [coeff=0.499] filled by: [((3, 2, 1, 0), -1), ((4, 3, 2, 1), 1)]
    (4,1,0) [coeff=-0.345] filled by: [((4, 2, 1, 0), -1), ((4, 3, 1, 0), -1)]
    (4,2,0) [coeff=0.211] filled by: [((4, 2, 1, 0), 1), ((4, 3, 2, 0), -1)]
    (4,2,1) [coeff=-0.546] filled by: [((4, 2, 1, 0), -1), ((4, 3, 2, 1), -1)]
    (4,3,0) [coeff=0.134] filled by: [((4, 3, 1, 0), 1), ((4, 3, 2, 0), 1)]
    (4,3,1) [coeff=0.201] filled by: [((4, 3, 1, 0), -1), ((4, 3, 2, 1), 1)]
    (4,3,2) [coeff=-0.336] filled by: [((4, 3, 2, 0), -1), ((4, 3, 2, 1), -1)]

  bits=1, scores=[1, 0, 2, 3, 4]
    |Ω₂|=10, |Ω₃|=5, z₂=4, b₂=4, β₂=0
    Z₂ gen 0: [((4, 3, 2), -0.5725502629616491), ((4, 3, 0), 0.4693914193977867), ((3, 2, 1), 0.3516625983764244), ((4, 2, 1), -0.3036272891116595), ((4, 2, 0), -0.2689229738499894), ((3, 0, 1), -0.24850375481256198)]...
    Z₂ gen 1: [((4, 2, 1), -0.5512246623857149), ((4, 2, 0), 0.5002217644976582), ((4, 3, 1), 0.3388561683793292), ((2, 0, 1), -0.32900263917877864), ((4, 3, 0), -0.28785327049127246), ((3, 2, 1), 0.22222202320693613)]...
    Z₂ gen 2: [((4, 0, 1), 0.5282730492948849), ((4, 3, 1), -0.5077619271744541), ((3, 0, 1), -0.4541420166682094), ((4, 2, 0), 0.2782915763361279), ((4, 3, 2), 0.257780454215697), ((4, 3, 0), 0.24998147295875703)]...
    Full support: [((2, 0, 1), 0.048), ((3, 0, 1), -0.249), ((3, 2, 0), 0.221), ((3, 2, 1), 0.352), ((4, 0, 1), 0.2), ((4, 2, 0), -0.269), ((4, 2, 1), -0.304), ((4, 3, 0), 0.469), ((4, 3, 1), 0.103), ((4, 3, 2), -0.573)]
    (2,0,1) [coeff=0.048] filled by: [((3, 2, 0, 1), 1), ((4, 2, 0, 1), 1)]
    (3,0,1) [coeff=-0.249] filled by: [((3, 2, 0, 1), -1), ((4, 3, 0, 1), 1)]
    (3,2,0) [coeff=0.221] filled by: [((3, 2, 0, 1), -1), ((4, 3, 2, 0), 1)]
    (3,2,1) [coeff=0.352] filled by: [((3, 2, 0, 1), 1), ((4, 3, 2, 1), 1)]
    (4,0,1) [coeff=0.2] filled by: [((4, 2, 0, 1), -1), ((4, 3, 0, 1), -1)]
    (4,2,0) [coeff=-0.269] filled by: [((4, 2, 0, 1), -1), ((4, 3, 2, 0), -1)]
    (4,2,1) [coeff=-0.304] filled by: [((4, 2, 0, 1), 1), ((4, 3, 2, 1), -1)]
    (4,3,0) [coeff=0.469] filled by: [((4, 3, 0, 1), -1), ((4, 3, 2, 0), 1)]
    (4,3,1) [coeff=0.103] filled by: [((4, 3, 0, 1), 1), ((4, 3, 2, 1), 1)]
    (4,3,2) [coeff=-0.573] filled by: [((4, 3, 2, 0), -1), ((4, 3, 2, 1), -1)]

  bits=2, scores=[1, 1, 1, 3, 4]
    |Ω₂|=9, |Ω₃|=3, z₂=3, b₂=3, β₂=0
    Z₂ gen 0: [((4, 3, 2), 0.5223970832687183), ((4, 3, 1), -0.5073466983758035), ((3, 2, 1), -0.48216646944781283), ((4, 2, 1), 0.4821664694478126), ((3, 0, 2), 0.04023061382090602), ((4, 0, 2), -0.04023061382090599)]...
    Z₂ gen 1: [((3, 1, 0), 0.5467336341765173), ((4, 1, 0), -0.5467336341765173), ((4, 3, 0), 0.3460081979798242), ((4, 3, 1), -0.33574942435859745), ((4, 2, 1), -0.21098420981792027), ((3, 2, 1), 0.21098420981792015)]...
    Z₂ gen 2: [((4, 3, 0), -0.5291992184851843), ((3, 0, 2), 0.5080263742909815), ((4, 0, 2), -0.5080263742909814), ((4, 3, 2), 0.3563650445205365), ((4, 3, 1), 0.1728341739646476), ((4, 2, 1), -0.15166132977044494)]...
    Full support: [((3, 0, 2), 0.04), ((3, 1, 0), 0.025), ((3, 2, 1), -0.482), ((4, 0, 2), -0.04), ((4, 1, 0), -0.025), ((4, 2, 1), 0.482), ((4, 3, 0), -0.015), ((4, 3, 1), -0.507), ((4, 3, 2), 0.522)]
    (3,0,2) [coeff=0.04] filled by: [((4, 3, 0, 2), 1)]
    (3,1,0) [coeff=0.025] filled by: [((4, 3, 1, 0), 1)]
    (3,2,1) [coeff=-0.482] filled by: [((4, 3, 2, 1), 1)]
    (4,0,2) [coeff=-0.04] filled by: [((4, 3, 0, 2), -1)]
    (4,1,0) [coeff=-0.025] filled by: [((4, 3, 1, 0), -1)]
    (4,2,1) [coeff=0.482] filled by: [((4, 3, 2, 1), -1)]
    (4,3,0) [coeff=-0.015] filled by: [((4, 3, 0, 2), -1), ((4, 3, 1, 0), 1)]
    (4,3,1) [coeff=-0.507] filled by: [((4, 3, 1, 0), -1), ((4, 3, 2, 1), 1)]
    (4,3,2) [coeff=0.522] filled by: [((4, 3, 0, 2), 1), ((4, 3, 2, 1), -1)]

======================================================================
Z₂ GENERATOR PATTERNS
======================================================================

n=5: Z₂ generator patterns (n_triples, n_vertices, all_±1):
  4 triples, 4 vertices, ±1=False: 240
  6 triples, 5 vertices, ±1=False: 40
  7 triples, 5 vertices, ±1=False: 360
  9 triples, 5 vertices, ±1=False: 120
  10 triples, 5 vertices, ±1=False: 120

======================================================================
Ω₃ STRUCTURE: a→d vs a←d
======================================================================

Ω₃ paths: a→d=1920, a←d=1920 (total=3840)
  Fraction with a→d: 0.500

======================================================================
FILLING ANALYSIS: Which Ω₃ paths fill Z₂?
======================================================================

  bits=0, scores=[0, 1, 2, 3, 4], z₂=4
  Filling residual: 2.80e-16
  Filling uses 5 Ω₃ paths:
    (3,2,1,0) [a→d] coeff=-0.183
    (4,2,1,0) [a→d] coeff=0.23
    (4,3,1,0) [a→d] coeff=0.115
    (4,3,2,0) [a→d] coeff=0.019
    (4,3,2,1) [a→d] coeff=0.317

  bits=1, scores=[1, 0, 2, 3, 4], z₂=4
  Filling residual: 4.16e-16
  Filling uses 5 Ω₃ paths:
    (3,2,0,1) [a→d] coeff=0.085
    (4,2,0,1) [a→d] coeff=-0.037
    (4,3,0,1) [a→d] coeff=-0.163
    (4,3,2,0) [a→d] coeff=0.306
    (4,3,2,1) [a→d] coeff=0.266

Done.
