======================================================================
IDENTITY ANALYSIS: rk(d_3) = |A_2| - J_2 - C(n-1,2) + beta_1
======================================================================

n = 4, dim(Z_1) = 3
  Identity verification errors: 0

  J_2 vs c_3:
    c3=0: J2 in [0]
    c3=1: J2 in [3]
    c3=2: J2 in [5]

n = 5, dim(Z_1) = 6
  Identity verification errors: 0

  J_2 vs c_3:
    c3=0: J2 in [0]
    c3=1: J2 in [3]
    c3=2: J2 in [5]
    c3=3: J2 in [7]
    c3=4: J2 in [8, 9, 10]
    c3=5: J2 in [10]

======================================================================
ANALYSIS 2: J_2 structure in terms of neighborhoods
======================================================================
Computing J_2 via neighborhoods...
Verifying J_2 = #{(a,c): A[c][a]=1 and A^2[a][c] > 0}...
  Errors: 0
  CONFIRMED: J_2 = #{(a,c): A[c][a]=1 and (A^2)[a][c] > 0}

======================================================================
ANALYSIS 3: Total NT paths and relationship to |A_2|
======================================================================
Verifying |A_2| = total(A^2)...
  Errors: 0

======================================================================
ANALYSIS 4: When is A^2[a][c] = 0 for reverse pair c->a?
======================================================================
Reverse pairs (a,c) with A^2[a][c] = 0, by (d_a, d_c):
  (d_a=0, d_c=1): zero=160, nonzero=0, frac_zero=1.000
  (d_a=0, d_c=2): zero=480, nonzero=0, frac_zero=1.000
  (d_a=0, d_c=3): zero=480, nonzero=0, frac_zero=1.000
  (d_a=0, d_c=4): zero=160, nonzero=0, frac_zero=1.000
  (d_a=1, d_c=1): zero=0, nonzero=480, frac_zero=0.000
  (d_a=1, d_c=2): zero=480, nonzero=960, frac_zero=0.333
  (d_a=1, d_c=3): zero=960, nonzero=480, frac_zero=0.667
  (d_a=1, d_c=4): zero=480, nonzero=0, frac_zero=1.000
  (d_a=2, d_c=1): zero=0, nonzero=480, frac_zero=0.000
  (d_a=2, d_c=2): zero=0, nonzero=1440, frac_zero=0.000
  (d_a=2, d_c=3): zero=480, nonzero=960, frac_zero=0.333
  (d_a=2, d_c=4): zero=480, nonzero=0, frac_zero=1.000
  (d_a=3, d_c=1): zero=0, nonzero=160, frac_zero=0.000
  (d_a=3, d_c=2): zero=0, nonzero=480, frac_zero=0.000
  (d_a=3, d_c=3): zero=0, nonzero=480, frac_zero=0.000
  (d_a=3, d_c=4): zero=160, nonzero=0, frac_zero=1.000

Note: d_a >= d_c should give frac_zero=0

======================================================================
ANALYSIS 5: J_2 = C(n,2) - #{(a,c): c->a, A^2[a][c]=0}
======================================================================
  J_2 = C(n,2) - #{A^2[a][c]=0, c->a}: 0 errors

======================================================================
ANALYSIS 6: Disconnected reverse pairs
======================================================================
D(T) by score sequence:
  (0, 1, 2, 3, 4): D in [10] -- DETERMINED
  (0, 1, 3, 3, 3): D in [7] -- DETERMINED
  (0, 2, 2, 2, 4): D in [7] -- DETERMINED
  (0, 2, 2, 3, 3): D in [5] -- DETERMINED
  (1, 1, 1, 3, 4): D in [7] -- DETERMINED
  (1, 1, 2, 2, 4): D in [5] -- DETERMINED
  (1, 1, 2, 3, 3): D in [3] -- DETERMINED
  (1, 2, 2, 2, 3): D in [0, 1, 2] -- NOT determined
  (2, 2, 2, 2, 2): D in [0] -- DETERMINED

======================================================================
ANALYSIS 7: Relationship between J_2 and beta_1
======================================================================
J_2 -> beta_1 values:
  J_2=0: beta_1 in [np.int64(0)]
  J_2=3: beta_1 in [np.int64(0)]
  J_2=5: beta_1 in [np.int64(0)]
  J_2=7: beta_1 in [np.int64(0), np.int64(1)]
  J_2=8: beta_1 in [np.int64(1)]
  J_2=9: beta_1 in [np.int64(0)]
  J_2=10: beta_1 in [np.int64(1)]

beta_1 -> J_2 values:
  beta_1=0: J_2 in [0, 3, 5, 7, 9]
  beta_1=1: J_2 in [7, 8, 10]

======================================================================
ANALYSIS 8: rk(d_3) + J_2 + C(n-1,2) - beta_1 = |A_2| (should hold)
======================================================================
  Errors: 0

======================================================================
ANALYSIS 9: J_2 in terms of classical tournament invariants
======================================================================
  NT = 3*c_3: 0 errors

======================================================================
ANALYSIS 10: beta_1 formula
======================================================================
Betti number distributions at n=5:
  beta_0: {np.int64(1): 1024}
  beta_1: {np.int64(0): 720, np.int64(1): 304}
  beta_2: {np.int64(0): 1024}
  beta_3: {np.int64(0): 1024}

beta_1 by c_3:
  c_3=0: beta_1 in [np.int64(0)]
  c_3=1: beta_1 in [np.int64(0)]
  c_3=2: beta_1 in [np.int64(0)]
  c_3=3: beta_1 in [np.int64(0), np.int64(1)]
  c_3=4: beta_1 in [np.int64(0), np.int64(1)]
  c_3=5: beta_1 in [np.int64(1)]

c_3 = C(n,3) - sum C(d_i,2): 0 errors

Done.
