======================================================================
TEST 1: SOURCE TOURNAMENT β_p = 0 FOR ALL p
======================================================================
  ✓ ALL 1024 augmented tournaments (n=5→6) have β_p=0 for p=1..4

======================================================================
TEST 2: H₃(T',T) — RELATIVE HOMOLOGY
======================================================================

n=5: 1024 tournaments in 2s

  d₃_rel distribution: {10: 264, 9: 720, 8: 40}
  d₂_rel distribution: {10: 1024}
  d₄_rel distribution: {5: 240, 3: 280, 4: 360, 7: 120, 10: 24}
  β₂(T) distribution: {0: 1024}

  ✗ d₃_rel > 0 for some tournaments
    bits=0, scores=[0, 1, 2, 3, 4]: d3_rel=10, d2_rel=10
    bits=1, scores=[1, 0, 2, 3, 4]: d3_rel=10, d2_rel=10
    bits=2, scores=[1, 1, 1, 3, 4]: d3_rel=9, d2_rel=10
    bits=3, scores=[2, 0, 1, 3, 4]: d3_rel=10, d2_rel=10
    bits=4, scores=[1, 1, 2, 2, 4]: d3_rel=9, d2_rel=10

======================================================================
TEST 3: SOURCE CONE c_s: Ω_p → Ω_{p+1} for ALL p
======================================================================
  c_s: Ω_1 → Ω_2: ok=1024, fail=0
  c_s: Ω_2 → Ω_3: ok=1024, fail=0
  c_s: Ω_3 → Ω_4: ok=1024, fail=0

======================================================================
TEST 4: RELATIVE DIMENSIONS AT n=6
======================================================================
  5000/32768 (12s)
  10000/32768 (26s)
  15000/32768 (40s)
  20000/32768 (53s)
  25000/32768 (67s)
  30000/32768 (80s)

n=6: 32768 tournaments in 87s
  d₃_rel distribution: {18: 1760, 19: 13920, 20: 9408, 21: 6720, 22: 720, 24: 240}
  d₂_rel distribution: {15: 32768}

Done.
