======================================================================
PART 0: Omega_2 vs A_2 for tournaments
======================================================================
  n=4: Omega_2=A_2 in 24/64, Omega_2!=A_2 in 40/64
    Example: mask=2, dim_Omega_2=3, |A_2|=6, gap=3
    Example: mask=4, dim_Omega_2=3, |A_2|=8, gap=5
    Example: mask=5, dim_Omega_2=3, |A_2|=6, gap=3
  n=5: Omega_2=A_2 in 120/1024, Omega_2!=A_2 in 904/1024
    Example: mask=2, dim_Omega_2=9, |A_2|=12, gap=3
    Example: mask=4, dim_Omega_2=9, |A_2|=14, gap=5
    Example: mask=5, dim_Omega_2=9, |A_2|=12, gap=3
  n=6: Omega_2=A_2 in 720/32768, Omega_2!=A_2 in 32048/32768
    Example: mask=2, dim_Omega_2=19, |A_2|=22, gap=3
    Example: mask=4, dim_Omega_2=19, |A_2|=24, gap=5
    Example: mask=5, dim_Omega_2=19, |A_2|=22, gap=3

======================================================================
PART 1: n=5 EXHAUSTIVE — TT flip analysis (1024 tournaments)
======================================================================
  720 TT flips from beta_1=0 tournaments in 1.9s
  dim(Omega_2) change: {-1: 171, 0: 452, 1: 97}
  dim(Z_1) change: {0: 720}
  dim(B_1) change: {-1: 281, 0: 439}
  beta_1 after: {0: 439, 1: 281}

  Detailed (first 10):
    mask=0, TT=(2, 1, 0): Omega2: 10->9 (d=-1), |A2|: 10->12 (d=2), Z1: 6->6 (d=0), B1: 6->6 (d=0), beta1: 0->0
    mask=1, TT=(2, 0, 1): Omega2: 10->9 (d=-1), |A2|: 10->12 (d=2), Z1: 6->6 (d=0), B1: 6->6 (d=0), beta1: 0->0
    mask=2, TT=(3, 0, 2): Omega2: 9->9 (d=0), |A2|: 12->14 (d=2), Z1: 6->6 (d=0), B1: 6->6 (d=0), beta1: 0->0
    mask=3, TT=(0, 2, 1): Omega2: 10->9 (d=-1), |A2|: 10->12 (d=2), Z1: 6->6 (d=0), B1: 6->6 (d=0), beta1: 0->0
    mask=4, TT=(2, 1, 0): Omega2: 9->9 (d=0), |A2|: 14->14 (d=0), Z1: 6->6 (d=0), B1: 6->6 (d=0), beta1: 0->0
    mask=5, TT=(0, 3, 1): Omega2: 9->9 (d=0), |A2|: 12->14 (d=2), Z1: 6->6 (d=0), B1: 6->6 (d=0), beta1: 0->0
    mask=6, TT=(0, 3, 2): Omega2: 9->9 (d=0), |A2|: 14->14 (d=0), Z1: 6->6 (d=0), B1: 6->6 (d=0), beta1: 0->0
    mask=7, TT=(0, 2, 1): Omega2: 10->9 (d=-1), |A2|: 10->14 (d=4), Z1: 6->6 (d=0), B1: 6->6 (d=0), beta1: 0->0
    mask=9, TT=(0, 4, 1): Omega2: 9->9 (d=0), |A2|: 14->16 (d=2), Z1: 6->6 (d=0), B1: 6->5 (d=-1), beta1: 0->1
    mask=10, TT=(0, 4, 2): Omega2: 9->9 (d=0), |A2|: 16->16 (d=0), Z1: 6->6 (d=0), B1: 6->5 (d=-1), beta1: 0->1

======================================================================
PART 2: n=6 EXHAUSTIVE — TT flip analysis (32768 tournaments)
======================================================================
  Found 27968/32768 with beta_1=0 in 27.7s
  Processing: 0/27968, 0.0s
  Processing: 4000/27968, 20.0s
  Processing: 8000/27968, 41.5s
  Processing: 12000/27968, 65.4s
  Processing: 16000/27968, 90.8s
  Processing: 20000/27968, 114.8s
  Processing: 24000/27968, 137.5s

  Total: 27968 TT flips in 186.1s

--- RESULTS (n=6) ---
  dim(Omega_2) change: {-3: 184, -2: 820, -1: 6031, 0: 11223, 1: 8369, 2: 1082, 3: 259}
  dim(Z_1) change: {0: 27968}
  dim(B_1) change: {-1: 4550, 0: 23418}
  beta_1 after: {0: 23418, 1: 4550}

  *** dim(Omega_2) drop varies — hypothesis needs refinement ***
  *** CONFIRMED: dim(Z_1) always stays the same ***
  *** beta_1 varies — hypothesis needs refinement ***

  Detailed (first 15):
    mask=0, TT=(2, 1, 0): Omega2: 20->19 (d=-1), |A2|: 20->22 (d=2), Z1: 10->10 (d=0), B1: 10->10 (d=0), beta1: 0->0
    mask=1, TT=(2, 0, 1): Omega2: 20->19 (d=-1), |A2|: 20->22 (d=2), Z1: 10->10 (d=0), B1: 10->10 (d=0), beta1: 0->0
    mask=2, TT=(3, 0, 2): Omega2: 19->19 (d=0), |A2|: 22->24 (d=2), Z1: 10->10 (d=0), B1: 10->10 (d=0), beta1: 0->0
    mask=3, TT=(0, 2, 1): Omega2: 20->19 (d=-1), |A2|: 20->22 (d=2), Z1: 10->10 (d=0), B1: 10->10 (d=0), beta1: 0->0
    mask=4, TT=(2, 1, 0): Omega2: 19->19 (d=0), |A2|: 24->24 (d=0), Z1: 10->10 (d=0), B1: 10->10 (d=0), beta1: 0->0
    mask=5, TT=(0, 3, 1): Omega2: 19->19 (d=0), |A2|: 22->24 (d=2), Z1: 10->10 (d=0), B1: 10->10 (d=0), beta1: 0->0
    mask=6, TT=(0, 3, 2): Omega2: 19->19 (d=0), |A2|: 24->24 (d=0), Z1: 10->10 (d=0), B1: 10->10 (d=0), beta1: 0->0
    mask=7, TT=(0, 2, 1): Omega2: 20->19 (d=-1), |A2|: 20->24 (d=4), Z1: 10->10 (d=0), B1: 10->10 (d=0), beta1: 0->0
    mask=8, TT=(2, 1, 0): Omega2: 19->19 (d=0), |A2|: 26->26 (d=0), Z1: 10->10 (d=0), B1: 10->10 (d=0), beta1: 0->0
    mask=9, TT=(0, 4, 1): Omega2: 19->19 (d=0), |A2|: 24->26 (d=2), Z1: 10->10 (d=0), B1: 10->10 (d=0), beta1: 0->0
    mask=10, TT=(0, 4, 2): Omega2: 19->19 (d=0), |A2|: 26->26 (d=0), Z1: 10->10 (d=0), B1: 10->10 (d=0), beta1: 0->0
    mask=11, TT=(0, 2, 1): Omega2: 19->19 (d=0), |A2|: 22->26 (d=4), Z1: 10->10 (d=0), B1: 10->10 (d=0), beta1: 0->0
    mask=12, TT=(0, 4, 3): Omega2: 20->19 (d=-1), |A2|: 28->26 (d=-2), Z1: 10->10 (d=0), B1: 10->10 (d=0), beta1: 0->0
    mask=13, TT=(0, 3, 1): Omega2: 19->20 (d=1), |A2|: 24->28 (d=4), Z1: 10->10 (d=0), B1: 10->10 (d=0), beta1: 0->0
    mask=14, TT=(0, 3, 2): Omega2: 19->20 (d=1), |A2|: 26->28 (d=2), Z1: 10->10 (d=0), B1: 10->10 (d=0), beta1: 0->0


======================================================================
PART 3: |A_2| vs dim(Omega_2) gap analysis on flip (n=6)
======================================================================
  27968 flips in 190.6s
  |A_2| - dim(Omega_2) BEFORE flip: {0: 720, 3: 960, 5: 2160, 6: 80, 7: 2880, 8: 1440, 9: 3600, 10: 2208, 11: 2160, 12: 3600, 13: 5040, 14: 1440, 15: 1680}
  |A_2| - dim(Omega_2) AFTER flip:  {3: 216, 5: 896, 6: 62, 7: 1888, 8: 1024, 9: 3966, 10: 1965, 11: 3649, 12: 4496, 13: 4974, 14: 3178, 15: 1654}
  Delta |A_2|:         {-4: 792, -2: 4622, 0: 7852, 2: 7943, 4: 4693, 6: 1770, 8: 296}
  Delta dim(Omega_2):  {-3: 184, -2: 820, -1: 6031, 0: 11223, 1: 8369, 2: 1082, 3: 259}
  Delta gap:           {-3: 792, -2: 1916, -1: 4183, 0: 4312, 1: 5471, 2: 4697, 3: 3022, 4: 1538, 5: 867, 6: 662, 7: 212, 9: 296}


======================================================================
PART 4: n=7 SAMPLED (100 beta_1=0 tournaments)
======================================================================
  Progress: 20/100, 0.3s
  Progress: 40/100, 0.7s
  Progress: 60/100, 1.0s
  Progress: 80/100, 1.5s
  Progress: 100/100, 1.8s

  100 tournaments (107 attempts) in 1.8s

--- RESULTS (n=7) ---
  dim(Omega_2) change: {-3: 1, -2: 7, -1: 20, 0: 26, 1: 30, 2: 13, 3: 3}
  dim(Z_1) change: {0: 100}
  dim(B_1) change: {-1: 3, 0: 97}
  beta_1 after: {0: 97, 1: 3}

  *** n=7: dim(Omega_2) drop varies ***
  *** n=7: CONFIRMED — dim(Z_1) always stays the same ***
  *** n=7: beta_1 varies ***


======================================================================
PART 5: ALGEBRAIC ANALYSIS — Why dim(Omega_2) drops by 1
======================================================================

RECALL: For tournaments, A_1 = all directed edges, so ALL 1-paths (a,b)
are allowed (every pair has an arc). Thus every face of a 2-path is a
valid 1-path, meaning the Omega_2 constraint ("all faces in A_1") is
trivially satisfied.

WAIT: Omega_2 is about 2-CHAINS (elements of A_2). A 2-path is (x,y,z).
Its faces are (y,z), (x,z), (x,y).
  - (y,z): must be in A_1, i.e., y->z is an edge. YES (it's in the TT def).
  - (x,y): must be in A_1, i.e., x->y is an edge. YES.
  - (x,z): must be in A_1, i.e., x->z OR z->x is an edge.

For TOURNAMENTS, one of x->z or z->x exists. But A_1 = {(u,v): u->v in T}.
The face (x,z) is the 1-path from x to z, which requires x->z as an edge.
If z->x instead, then (x,z) is NOT in A_1!

So Omega_2 constraint: for TT (x,y,z) with x->y, y->z, x->z, the face
(x,z) requires x->z, which IS true by definition of TT. But...

Actually, let me recheck: the boundary of (x,y,z) is:
  d(x,y,z) = (y,z) - (x,z) + (x,y)
All three faces are directed paths. For a TT: x->y, y->z, x->z.
  (y,z): y->z ✓ in A_1
  (x,z): x->z ✓ in A_1 (since it's a TT)
  (x,y): x->y ✓ in A_1

So ALL faces of a TT are in A_1. Therefore Omega_2 = A_2 = span of TTs.

But PART 0 showed Omega_2 ≠ A_2!!! Let me debug this.

  Debugging at n=4:
    mask=2: dim_Omega_2=3, |A_2|=6
    Adjacency: [[0, 0, 1, 0], [1, 0, 0, 0], [0, 1, 0, 0], [1, 1, 1, 0]]
    A_2 (TTs): [(0, 2, 1), (1, 0, 2), (2, 1, 0), (3, 2, 1), (3, 1, 0), (3, 0, 2)]
    A_1 (edges): [(0, 2), (1, 0), (2, 1), (3, 2), (3, 1), (3, 0)]
    TT (0, 2, 1): faces = [((2, 1), True), ((0, 1), False), ((0, 2), True)]
    TT (1, 0, 2): faces = [((0, 2), True), ((1, 2), False), ((1, 0), True)]
    TT (2, 1, 0): faces = [((1, 0), True), ((2, 0), False), ((2, 1), True)]
    TT (3, 2, 1): faces = [((2, 1), True), ((3, 1), True), ((3, 2), True)]
    TT (3, 1, 0): faces = [((1, 0), True), ((3, 0), True), ((3, 1), True)]
    TT (3, 0, 2): faces = [((0, 2), True), ((3, 2), True), ((3, 0), True)]
    Omega_2 basis shape: (6, 3)
    Omega_2 basis[0]: [((3, 2, 1), 1.0)]
    Omega_2 basis[1]: [((3, 1, 0), 1.0)]
    Omega_2 basis[2]: [((3, 0, 2), 1.0)]

  IMPORTANT REALIZATION: A_2 = {(x,y,z) : x->y, y->z in T}
  This includes BOTH transitive triples (x->z) AND 3-cycles (z->x)!
  So |A_2| > |TT| in general.

  Omega_2 = {u in A_2 : d(u) in A_1}.
  d(x,y,z) = (y,z) - (x,z) + (x,y).
  Face (x,z) is NOT an allowed 1-path if z->x (not x->z)!
  So 3-cycle paths (x,y,z) with z->x have a non-allowed face (x,z).
  This means: Omega_2 is a PROPER subspace of A_2 when 3-cycles exist.

  For the flip a->c → c->a:
  - 2-paths DESTROYED: any (x,y,z) using arc a->c as x->y or y->z
  - 2-paths CREATED: any (x,y,z) using arc c->a as x->y or y->z
  - The face (a,c) was in A_1 (since a->c), now (a,c) NOT in A_1 (c->a)
  - The face (c,a) was NOT in A_1, now IS in A_1
  - This changes the Omega_2 constraints!
