======================================================================
n=5: RELATIVE CHAIN COMPLEX STRUCTURE
======================================================================

n=5: 5120 (T,v) pairs

  hâ‚‚_rel distribution: {0: 4280, 1: 840}

  Detailed (dâ‚‚^rel, zâ‚‚^rel, bâ‚‚^rel, dâ‚ƒ^rel, خ²â‚پ_sub, خ²â‚پ_T, hâ‚‚^rel):
    dâ‚‚r=5, zâ‚‚r=2, bâ‚‚r=2, dâ‚ƒr=2, خ²â‚پs=0, خ²â‚پT=0, hâ‚‚r=0: 480
    dâ‚‚r=5, zâ‚‚r=2, bâ‚‚r=2, dâ‚ƒr=2, خ²â‚پs=1, خ²â‚پT=1, hâ‚‚r=0: 120
    dâ‚‚r=5, zâ‚‚r=2, bâ‚‚r=2, dâ‚ƒr=3, خ²â‚پs=0, خ²â‚پT=0, hâ‚‚r=0: 480
    dâ‚‚r=5, zâ‚‚r=3, bâ‚‚r=3, dâ‚ƒr=3, خ²â‚پs=0, خ²â‚پT=1, hâ‚‚r=0: 80
    dâ‚‚r=5, zâ‚‚r=3, bâ‚‚r=3, dâ‚ƒr=4, خ²â‚پs=0, خ²â‚پT=1, hâ‚‚r=0: 240
    dâ‚‚r=6, zâ‚‚r=2, bâ‚‚r=2, dâ‚ƒr=2, خ²â‚پs=1, خ²â‚پT=0, hâ‚‚r=1: 240
    dâ‚‚r=6, zâ‚‚r=2, bâ‚‚r=2, dâ‚ƒr=3, خ²â‚پs=1, خ²â‚پT=0, hâ‚‚r=1: 600
    dâ‚‚r=6, zâ‚‚r=3, bâ‚‚r=3, dâ‚ƒr=3, خ²â‚پs=0, خ²â‚پT=0, hâ‚‚r=0: 480
    dâ‚‚r=6, zâ‚‚r=3, bâ‚‚r=3, dâ‚ƒr=4, خ²â‚پs=0, خ²â‚پT=0, hâ‚‚r=0: 1320
    dâ‚‚r=6, zâ‚‚r=3, bâ‚‚r=3, dâ‚ƒr=4, خ²â‚پs=1, خ²â‚پT=1, hâ‚‚r=0: 360
    dâ‚‚r=6, zâ‚‚r=4, bâ‚‚r=4, dâ‚ƒr=6, خ²â‚پs=0, خ²â‚پT=1, hâ‚‚r=0: 120
    dâ‚‚r=7, zâ‚‚r=4, bâ‚‚r=4, dâ‚ƒr=6, خ²â‚پs=1, خ²â‚پT=1, hâ‚‚r=0: 480
    dâ‚‚r=7, zâ‚‚r=4, bâ‚‚r=4, dâ‚ƒr=9, خ²â‚پs=1, خ²â‚پT=1, hâ‚‚r=0: 120

======================================================================
n=6: hâ‚‚_rel DISTRIBUTION
======================================================================
  5000/32768 (37s)
  10000/32768 (76s)
  15000/32768 (116s)
  20000/32768 (153s)
  25000/32768 (192s)
  30000/32768 (231s)

n=6: 196608 (T,v) pairs in 252s
  hâ‚‚_rel distribution: {0: 161280, 1: 35328}
  Violations (hâ‚‚_rel > 1): 0

Done.
