======================================================================
CRITICAL FILLER STRUCTURE
======================================================================

T bits=41, scores=[2, 1, 2, 2, 3], Sigma=3
  Critical vertices: [1, 2, 4]
  v=1 (d+=1): 11 filling paths (7 v-paths, 4 non-v)
    -0.1768 * (0, 4, 3) [ , NT]
    -0.5303 * (0, 4, 1) [V, TT]
    +0.1768 * (0, 1, 3) [V, NT]
    -0.4714 * (2, 0, 1) [V, TT]
    +0.2357 * (3, 2, 1) [V, NT]
    -0.2357 * (3, 0, 1) [V, NT]
    -0.2357 * (4, 3, 2) [ , TT]
    -0.1179 * (4, 3, 0) [ , NT]
    -0.7071 * (4, 2, 1) [V, TT]
    +0.1179 * (4, 2, 0) [ , NT]
    -0.1768 * (4, 1, 3) [V, TT]
  v=2 (d+=2): 10 filling paths (6 v-paths, 4 non-v)
    +0.3536 * (0, 4, 1) [ , TT]
    +0.4243 * (2, 0, 1) [V, TT]
    -0.2828 * (3, 2, 1) [V, NT]
    -0.1414 * (3, 2, 0) [V, TT]
    +0.2828 * (3, 0, 1) [ , NT]
    +0.4243 * (4, 3, 2) [V, TT]
    +0.2828 * (4, 3, 0) [ , NT]
    +0.7071 * (4, 2, 1) [V, TT]
    -0.2828 * (4, 2, 0) [V, NT]
    +0.3536 * (4, 1, 3) [ , TT]
  v=4 (d+=3): 11 filling paths (7 v-paths, 4 non-v)
    +0.1768 * (0, 4, 3) [V, NT]
    -0.1768 * (0, 4, 1) [V, TT]
    -0.1768 * (0, 1, 3) [ , NT]
    -0.2357 * (2, 0, 1) [ , TT]
    +0.1179 * (3, 2, 1) [ , NT]
    -0.1179 * (3, 0, 1) [ , NT]
    -0.4714 * (4, 3, 2) [V, TT]
    -0.2357 * (4, 3, 0) [V, NT]
    -0.7071 * (4, 2, 1) [V, TT]
    +0.2357 * (4, 2, 0) [V, NT]
    -0.5303 * (4, 1, 3) [V, TT]
  Overlap(1,2): 9 shared paths (|f1|=11, |f2|=10)
  Overlap(1,4): 11 shared paths (|f1|=11, |f2|=11)
  Overlap(2,4): 9 shared paths (|f1|=10, |f2|=11)

T bits=42, scores=[2, 2, 1, 2, 3], Sigma=3
  Critical vertices: [2, 3, 4]
  v=2 (d+=1): 11 filling paths (7 v-paths, 4 non-v)
    +0.5303 * (0, 4, 2) [V, TT]
    +0.1768 * (0, 4, 1) [ , NT]
    -0.1768 * (0, 2, 1) [V, NT]
    -0.2357 * (1, 3, 2) [V, NT]
    +0.2357 * (1, 0, 2) [V, NT]
    +0.4714 * (3, 0, 2) [V, TT]
    +0.7071 * (4, 3, 2) [V, TT]
    -0.1179 * (4, 3, 0) [ , NT]
    +0.1768 * (4, 2, 1) [V, TT]
    +0.2357 * (4, 1, 3) [ , TT]
    +0.1179 * (4, 1, 0) [ , NT]
  v=3 (d+=2): 10 filling paths (6 v-paths, 4 non-v)
    +0.3536 * (0, 4, 2) [ , TT]
    -0.2828 * (1, 3, 2) [V, NT]
    -0.1414 * (1, 3, 0) [V, TT]
    +0.2828 * (1, 0, 2) [ , NT]
    +0.4243 * (3, 0, 2) [V, TT]
    +0.7071 * (4, 3, 2) [V, TT]
    -0.2828 * (4, 3, 0) [V, NT]
    +0.3536 * (4, 2, 1) [ , TT]
    +0.4243 * (4, 1, 3) [V, TT]
    +0.2828 * (4, 1, 0) [ , NT]
  v=4 (d+=3): 11 filling paths (7 v-paths, 4 non-v)
    +0.1768 * (0, 4, 2) [V, TT]
    -0.1768 * (0, 4, 1) [V, NT]
    +0.1768 * (0, 2, 1) [ , NT]
    -0.1179 * (1, 3, 2) [ , NT]
    +0.1179 * (1, 0, 2) [ , NT]
    +0.2357 * (3, 0, 2) [ , TT]
    +0.7071 * (4, 3, 2) [V, TT]
    -0.2357 * (4, 3, 0) [V, NT]
    +0.5303 * (4, 2, 1) [V, TT]
    +0.4714 * (4, 1, 3) [V, TT]
    +0.2357 * (4, 1, 0) [V, NT]
  Overlap(2,3): 9 shared paths (|f1|=11, |f2|=10)
  Overlap(2,4): 11 shared paths (|f1|=11, |f2|=11)
  Overlap(3,4): 9 shared paths (|f1|=10, |f2|=11)

T bits=44, scores=[2, 2, 2, 1, 3], Sigma=3
  Critical vertices: [1, 3, 4]
  v=1 (d+=2): 10 filling paths (6 v-paths, 4 non-v)
    +0.3536 * (0, 4, 3) [ , TT]
    +0.4243 * (1, 0, 3) [V, TT]
    -0.2828 * (2, 1, 3) [V, NT]
    -0.1414 * (2, 1, 0) [V, TT]
    +0.2828 * (2, 0, 3) [ , NT]
    +0.3536 * (4, 3, 2) [ , TT]
    +0.4243 * (4, 2, 1) [V, TT]
    +0.2828 * (4, 2, 0) [ , NT]
    +0.7071 * (4, 1, 3) [V, TT]
    -0.2828 * (4, 1, 0) [V, NT]
  v=3 (d+=1): 11 filling paths (7 v-paths, 4 non-v)
    -0.5303 * (0, 4, 3) [V, TT]
    -0.1768 * (0, 4, 2) [ , NT]
    +0.1768 * (0, 3, 2) [V, NT]
    -0.4714 * (1, 0, 3) [V, TT]
    +0.2357 * (2, 1, 3) [V, NT]
    -0.2357 * (2, 0, 3) [V, NT]
    -0.1768 * (4, 3, 2) [V, TT]
    -0.2357 * (4, 2, 1) [ , TT]
    -0.1179 * (4, 2, 0) [ , NT]
    -0.7071 * (4, 1, 3) [V, TT]
    +0.1179 * (4, 1, 0) [ , NT]
  v=4 (d+=3): 11 filling paths (7 v-paths, 4 non-v)
    +0.1768 * (0, 4, 3) [V, TT]
    -0.1768 * (0, 4, 2) [V, NT]
    +0.1768 * (0, 3, 2) [ , NT]
    +0.2357 * (1, 0, 3) [ , TT]
    -0.1179 * (2, 1, 3) [ , NT]
    +0.1179 * (2, 0, 3) [ , NT]
    +0.5303 * (4, 3, 2) [V, TT]
    +0.4714 * (4, 2, 1) [V, TT]
    +0.2357 * (4, 2, 0) [V, NT]
    +0.7071 * (4, 1, 3) [V, TT]
    -0.2357 * (4, 1, 0) [V, NT]
  Overlap(1,3): 9 shared paths (|f1|=10, |f2|=11)
  Overlap(1,4): 9 shared paths (|f1|=10, |f2|=11)
  Overlap(3,4): 11 shared paths (|f1|=11, |f2|=11)

T bits=68, scores=[1, 2, 2, 2, 3], Sigma=3
  Critical vertices: [0, 2, 4]
  v=0 (d+=1): 11 filling paths (7 v-paths, 4 non-v)
    -0.1768 * (1, 4, 3) [ , NT]
    -0.5303 * (1, 4, 0) [V, TT]
    +0.1768 * (1, 0, 3) [V, NT]
    -0.4714 * (2, 1, 0) [V, TT]
    +0.2357 * (3, 2, 0) [V, NT]
    -0.2357 * (3, 1, 0) [V, NT]
    -0.2357 * (4, 3, 2) [ , TT]
    -0.1179 * (4, 3, 1) [ , NT]
    +0.1179 * (4, 2, 1) [ , NT]
    -0.7071 * (4, 2, 0) [V, TT]
    -0.1768 * (4, 0, 3) [V, TT]
  v=2 (d+=2): 10 filling paths (6 v-paths, 4 non-v)
    +0.3536 * (1, 4, 0) [ , TT]
    +0.4243 * (2, 1, 0) [V, TT]
    -0.1414 * (3, 2, 1) [V, TT]
    -0.2828 * (3, 2, 0) [V, NT]
    +0.2828 * (3, 1, 0) [ , NT]
    +0.4243 * (4, 3, 2) [V, TT]
    +0.2828 * (4, 3, 1) [ , NT]
    -0.2828 * (4, 2, 1) [V, NT]
    +0.7071 * (4, 2, 0) [V, TT]
    +0.3536 * (4, 0, 3) [ , TT]
  v=4 (d+=3): 11 filling paths (7 v-paths, 4 non-v)
    +0.1768 * (1, 4, 3) [V, NT]
    -0.1768 * (1, 4, 0) [V, TT]
    -0.1768 * (1, 0, 3) [ , NT]
    -0.2357 * (2, 1, 0) [ , TT]
    +0.1179 * (3, 2, 0) [ , NT]
    -0.1179 * (3, 1, 0) [ , NT]
    -0.4714 * (4, 3, 2) [V, TT]
    -0.2357 * (4, 3, 1) [V, NT]
    +0.2357 * (4, 2, 1) [V, NT]
    -0.7071 * (4, 2, 0) [V, TT]
    -0.5303 * (4, 0, 3) [V, TT]
  Overlap(0,2): 9 shared paths (|f1|=11, |f2|=10)
  Overlap(0,4): 11 shared paths (|f1|=11, |f2|=11)
  Overlap(2,4): 9 shared paths (|f1|=10, |f2|=11)

T bits=74, scores=[2, 2, 1, 3, 2], Sigma=3
  Critical vertices: [0, 2, 3]
  v=0 (d+=2): 10 filling paths (6 v-paths, 4 non-v)
    -0.4243 * (0, 4, 2) [V, TT]
    -0.2828 * (1, 4, 2) [ , NT]
    +0.1414 * (1, 0, 4) [V, TT]
    +0.2828 * (1, 0, 2) [V, NT]
    -0.3536 * (3, 2, 1) [ , TT]
    -0.2828 * (3, 1, 4) [ , NT]
    -0.4243 * (3, 1, 0) [V, TT]
    +0.2828 * (3, 0, 4) [V, NT]
    -0.7071 * (3, 0, 2) [V, TT]
    -0.3536 * (4, 3, 2) [ , TT]
  v=2 (d+=1): 11 filling paths (7 v-paths, 4 non-v)
    +0.4714 * (0, 4, 2) [V, TT]
    +0.2357 * (1, 4, 2) [V, NT]
    -0.2357 * (1, 0, 2) [V, NT]
    +0.1768 * (3, 2, 1) [V, TT]
    +0.1179 * (3, 1, 4) [ , NT]
    +0.2357 * (3, 1, 0) [ , TT]
    -0.1179 * (3, 0, 4) [ , NT]
    +0.7071 * (3, 0, 2) [V, TT]
    +0.5303 * (4, 3, 2) [V, TT]
    +0.1768 * (4, 3, 1) [ , NT]
    -0.1768 * (4, 2, 1) [V, NT]
  v=3 (d+=3): 11 filling paths (7 v-paths, 4 non-v)
    +0.2357 * (0, 4, 2) [ , TT]
    +0.1179 * (1, 4, 2) [ , NT]
    -0.1179 * (1, 0, 2) [ , NT]
    +0.5303 * (3, 2, 1) [V, TT]
    +0.2357 * (3, 1, 4) [V, NT]
    +0.4714 * (3, 1, 0) [V, TT]
    -0.2357 * (3, 0, 4) [V, NT]
    +0.7071 * (3, 0, 2) [V, TT]
    +0.1768 * (4, 3, 2) [V, TT]
    -0.1768 * (4, 3, 1) [V, NT]
    +0.1768 * (4, 2, 1) [ , NT]
  Overlap(0,2): 9 shared paths (|f1|=10, |f2|=11)
  Overlap(0,3): 9 shared paths (|f1|=10, |f2|=11)
  Overlap(2,3): 11 shared paths (|f1|=11, |f2|=11)

Total Sigma=3 tournaments: 120
Overlap statistics (all Sigma=3 pairs):
  Mean overlap: 9.67
  Min/Max overlap: 9/11

======================================================================
COUNTING ARGUMENT
======================================================================

First tournament TT-triples through each vertex:
  {0: 0, 1: 0, 2: 0, 3: 0, 4: 0}

Done.
