======================================================================
BETA_3=2 AT n=9: STRUCTURAL ANALYSIS
======================================================================

Reproducing trial 1946...
  Trial 1946: beta_3 = 2, scores = [2, 3, 3, 3, 4, 5, 5, 5, 6]
  Bits encoding: 68061547151
  Reproduced in 0.2s

============================================================
VERTEX DELETION ANALYSIS
============================================================
  v=0 (out=5, in=3): beta_3(T\v) = 1 [BAD]
  v=1 (out=3, in=5): beta_3(T\v) = 0 [GOOD]
  v=2 (out=3, in=5): beta_3(T\v) = 1 [BAD]
  v=3 (out=2, in=6): beta_3(T\v) = 0 [GOOD]
  v=4 (out=5, in=3): beta_3(T\v) = 0 [GOOD]
  v=5 (out=6, in=2): beta_3(T\v) = 0 [GOOD]
  v=6 (out=5, in=3): beta_3(T\v) = 0 [GOOD]
  v=7 (out=4, in=4): beta_3(T\v) = 2 [BAD]
  v=8 (out=3, in=5): beta_3(T\v) = 0 [GOOD]

  Good vertices: [1, 3, 4, 5, 6, 8] (6/9)
  Bad vertices:  [0, 2, 7] (3/9)
  Deletion beta_3 values: [1, 0, 1, 0, 0, 0, 0, 2, 0]

  Mixed case: 6 good, 3 bad
  For good vertices: H_3(T,T\v) = beta_3(T) = 2
  For bad vertices: need rank(i_*) computation

============================================================
SCORE SEQUENCE ANALYSIS
============================================================
  Score sequence: [2, 3, 3, 3, 4, 5, 5, 5, 6]
  Sum: 36 (expected: 36)
  Self-complementary score: True
  Score variance: 1.556
  3-cycle count: c3 = 23

============================================================
COMPARISON WITH n=8 FINDINGS
============================================================
  n=8 all-good type: score (3,3,3,3,4,4,4,4), SC, all 8 good
  n=8 mixed type: score (2,3,3,3,4,4,4,5), not SC, 6 good + 2 bad
  n=9 this case: score [2, 3, 3, 3, 4, 5, 5, 5, 6], SC=True, 6 good + 3 bad

======================================================================
SUMMARY
======================================================================
  beta_3(T) = 2 at n=9
  Score: [2, 3, 3, 3, 4, 5, 5, 5, 6] (SC: True)
  Good/Bad: 6/3
  => Mixed good/bad pattern
  Frequency: 1/3000 = 0.033% (vs 4/5000 = 0.08% at n=8)
======================================================================
DONE.
