======================================================================
GLMY PATH HOMOLOGY v2 — VALIDATION
======================================================================

--- Directed 3-cycle C_3 ---
  Expected: β = [1, 1, 0] (1 component, 1 directed hole)
  Got: β = [1, 1, 0]

--- Directed path P_3 ---
  Expected: β = [1, 0, 0] (connected, contractible)
  Got: β = [1, 0, 0]

--- Transitive tournament T_3: 0->1, 0->2, 1->2 ---
  This is an acyclic tournament. Expected: β_1 = 0 (no directed holes)
  Got: β = [1, 0, 0]

--- 3-cycle tournament: 0->1, 1->2, 2->0 ---
  Got: β = [1, 1, 0]

--- Directed 4-cycle C_4 ---
  Expected: β = [1, 1, 0, 0]
  Got: β = [1, 1, 0, 0]

--- Complete bidirected K_3 ---
  Got: β = [1, 0, 2]

--- 0->1, vertex 2 isolated ---
  Got: β = [2, 0, 0]
  Expected: β_0 = 3 or 2 (depends on convention)


======================================================================
CIRCULANT DIGRAPHS C_n^S
======================================================================
  C_3^{1} (directed cycle): β = [1, 1, 0]
  C_4^{1} (directed cycle): β = [1, 1, 0, 0]
  C_5^{1} (directed cycle): β = [1, 1, 0, 0, 0]
  C_6^{1} (directed cycle): β = [1, 1, 0, 0, 0]
  C_7^{1} (directed cycle): β = [1, 1, 0, 0, 0]

  C_4^{1,2}: β = [1, 1, 0, 0]
  C_5^{1,2}: β = [1, 1, 0, 0, 0]
  C_6^{1,2}: β = [1, 1, 0, 0, 0]
  C_7^{1,2}: β = [1, 1, 0, 0, 0]

  C_5^{1,2,3}: β = [1, 0, 0, 1, 0]
  C_6^{1,2,3}: β = [1, 1, 0, 0, 0]
  C_7^{1,2,3}: β = [1, 1, 0, 0, 0]


======================================================================
ALL TOURNAMENTS — PATH HOMOLOGY
======================================================================

--- All tournaments n=3 ---
  Betti distribution:
    β=[1, 0, 0]: 6 tournaments
    β=[1, 1, 0]: 2 tournaments
  By t3:
    t3=0: {(1, 0, 0): 6}
    t3=1: {(1, 1, 0): 2}

--- All tournaments n=4 ---
  Betti distribution:
    β=[1, 0, 0, 0]: 40 tournaments
    β=[1, 1, 0, 0]: 24 tournaments
  By t3:
    t3=0: {(1, 0, 0, 0): 24}
    t3=1: {(1, 0, 0, 0): 16}
    t3=2: {(1, 1, 0, 0): 24}

--- All tournaments n=5 ---
  t3=0, H=1: β=[1, 0, 0, 0, 0]
  t3=0, H=1: β=[1, 0, 0, 0, 0]
  t3=1, H=3: β=[1, 0, 0, 0, 0]
  t3=0, H=1: β=[1, 0, 0, 0, 0]
  t3=2, H=5: β=[1, 0, 0, 0, 0]

  Betti distribution (n=5, 1024 tournaments):
    β=[1, 0, 0, 0, 0]: 720
    β=[1, 1, 0, 0, 0]: 304

  By t3:
    t3=0: {(1, 0, 0, 0, 0): 120}
    t3=1: {(1, 0, 0, 0, 0): 120}
    t3=2: {(1, 0, 0, 0, 0): 240}
    t3=3: {(1, 1, 0, 0, 0): 120, (1, 0, 0, 0, 0): 120}
    t3=4: {(1, 1, 0, 0, 0): 160, (1, 0, 0, 0, 0): 120}
    t3=5: {(1, 1, 0, 0, 0): 24}


======================================================================
GEOMETRIC INTERPRETATION
======================================================================

The GLMY path Betti numbers measure "directed topological features":

β_0 = # connected components (in path homology sense)
β_1 = # independent directed 1-holes (directed cycles not bounding anything)
β_2 = # independent directed 2-holes (directed "cavities")

For TOURNAMENTS:
- β_0 = 1 always (tournament is connected)
- β_1 depends on the 3-cycle structure
- β_2 and higher: potential higher-dimensional directed cavities

TOPOLOGICAL SPACES ANALOGY:
- β = (1,0,...) : contractible → like a point
- β = (1,1,0,...) : one 1-hole → like a circle S^1
- β = (1,2,1,...) : like a torus T^2
- β = (1,0,1,...) : one 2-hole → like a sphere S^2

SUMMARY: Which topological space does each tournament resemble?

n=3:
  β=[1, 0, 0, 0]: 40 tournaments → point
  β=[1, 1, 0, 0]: 24 tournaments → circle S^1

n=4:

n=5:
  β=[1, 0, 0, 0, 0]: 720 tournaments → point
  β=[1, 1, 0, 0, 0]: 304 tournaments → circle S^1


Done.
======================================================================
CHAIN COMPLEX DIMENSIONS vs TOURNAMENT INVARIANTS (n=5)
======================================================================
(t3, score, |TT|, t4) → Ω dims (distinct)
  t3=0, sc=(0, 1, 2, 3, 4), TT=10, t4=5: Ω=[5, 10, 10, 5, 1], χ=1 (120x)
  t3=1, sc=(0, 1, 3, 3, 3), TT=9, t4=3: Ω=[5, 10, 9, 3, 0], χ=1 (40x)
  t3=1, sc=(0, 2, 2, 2, 4), TT=9, t4=3: Ω=[5, 10, 9, 3, 0], χ=1 (40x)
  t3=1, sc=(1, 1, 1, 3, 4), TT=9, t4=3: Ω=[5, 10, 9, 3, 0], χ=1 (40x)
  t3=2, sc=(0, 2, 2, 3, 3), TT=8, t4=2: Ω=[5, 10, 9, 4, 1], χ=1 (120x)
  t3=2, sc=(1, 1, 2, 2, 4), TT=8, t4=2: Ω=[5, 10, 9, 4, 1], χ=1 (120x)
  t3=3, sc=(1, 1, 2, 3, 3), TT=7, t4=1: Ω=[5, 10, 9, 3, 0], χ=1 (120x)
  t3=3, sc=(1, 1, 2, 3, 3), TT=7, t4=2: Ω=[5, 10, 9, 5, 1], χ=0 (120x)
  t3=4, sc=(1, 2, 2, 2, 3), TT=6, t4=0: Ω=[5, 10, 8, 3, 0], χ=0 (40x)
  t3=4, sc=(1, 2, 2, 2, 3), TT=6, t4=0: Ω=[5, 10, 9, 4, 1], χ=1 (120x)
  t3=4, sc=(1, 2, 2, 2, 3), TT=6, t4=1: Ω=[5, 10, 10, 7, 2], χ=0 (120x)
  t3=5, sc=(2, 2, 2, 2, 2), TT=5, t4=0: Ω=[5, 10, 10, 10, 5], χ=0 (24x)


======================================================================
dim(Ω_2) vs |TT| and gap
======================================================================

--- n=4 ---
  t3=0 (TT=4): gap values = {0: 24}
  t3=1 (TT=3): gap values = {0: 16}
  t3=2 (TT=2): gap values = {1: 24}

--- n=5 ---
  t3=0 (TT=10): gap values = {0: 120}
  t3=1 (TT=9): gap values = {0: 120}
  t3=2 (TT=8): gap values = {1: 240}
  t3=3 (TT=7): gap values = {2: 240}
  t3=4 (TT=6): gap values = {4: 120, 2: 40, 3: 120}
  t3=5 (TT=5): gap values = {5: 24}


======================================================================
dim(Ω_3) vs tournament invariants (n=5)
======================================================================
  t3=0, sc=(0, 1, 2, 3, 4): |DT|=5, Ω_3=5 (120x)
  t3=1, sc=(0, 1, 3, 3, 3): |DT|=3, Ω_3=3 (40x)
  t3=1, sc=(0, 2, 2, 2, 4): |DT|=3, Ω_3=3 (40x)
  t3=1, sc=(1, 1, 1, 3, 4): |DT|=3, Ω_3=3 (40x)
  t3=2, sc=(0, 2, 2, 3, 3): |DT|=3, Ω_3=4 (120x)
  t3=2, sc=(1, 1, 2, 2, 4): |DT|=3, Ω_3=4 (120x)
  t3=3, sc=(1, 1, 2, 3, 3): |DT|=3, Ω_3=3 (120x)
  t3=3, sc=(1, 1, 2, 3, 3): |DT|=5, Ω_3=5 (120x)
  t3=4, sc=(1, 2, 2, 2, 3): |DT|=3, Ω_3=3 (40x)
  t3=4, sc=(1, 2, 2, 2, 3): |DT|=3, Ω_3=4 (120x)
  t3=4, sc=(1, 2, 2, 2, 3): |DT|=5, Ω_3=7 (120x)
  t3=5, sc=(2, 2, 2, 2, 2): |DT|=5, Ω_3=10 (24x)

Done.
