======================================================================
ARC-FLIP MECHANISM ANALYSIS AT n=5
======================================================================

  Surplus=0 tournaments: 280

  Analyzing path-level changes under arc flips from surplus=0...

  Total flips analyzed: 200

  (lost_3paths, gained_3paths) distribution:
    (0, 12): 4
    (1, 9): 24
    (2, 6): 55
    (3, 3): 8
    (3, 7): 7
    (4, 4): 14
    (4, 8): 14
    (5, 1): 36
    (5, 5): 6
    (6, 2): 14
    (7, 3): 3
    (9, 1): 14
    (12, 0): 1

  (lost_2paths, gained_2paths) distribution:
    (0, 6): 4
    (1, 5): 24
    (2, 4): 76
    (3, 3): 28
    (4, 2): 53
    (5, 1): 14
    (6, 0): 1

  (delta_|A_2|, delta_|A_3|) distribution:
    (-6, -12): 1
    (-4, -8): 14
    (-2, -4): 53
    (+0, +0): 28
    (+2, +4): 76
    (+4, +8): 24
    (+6, +12): 4

  (delta_O3, delta_Z2, delta_O2) distribution:
    (+0, +0, -1): 4
    (+0, +0, +0): 46
    (+0, +0, +1): 1
    (+1, +0, +0): 83
    (+1, +0, +1): 6
    (+2, +1, +0): 14
    (+2, +1, +1): 39
    (+4, +2, +1): 7

======================================================================
FULL ANALYSIS: VERTEX DEGREE AND SURPLUS CHANGE
======================================================================

  Min delta surplus by (out_u, out_v):
    deg(u)=1, deg(v)=0: min_delta=0, count=160
    deg(u)=1, deg(v)=1: min_delta=-1, count=480
    deg(u)=1, deg(v)=2: min_delta=-1, count=480
    deg(u)=1, deg(v)=3: min_delta=0, count=160
    deg(u)=2, deg(v)=0: min_delta=-1, count=480
    deg(u)=2, deg(v)=1: min_delta=-1, count=1440
    deg(u)=2, deg(v)=2: min_delta=-4, count=1440
    deg(u)=2, deg(v)=3: min_delta=-1, count=480
    deg(u)=3, deg(v)=0: min_delta=0, count=480
    deg(u)=3, deg(v)=1: min_delta=-1, count=1440
    deg(u)=3, deg(v)=2: min_delta=-1, count=1440
    deg(u)=3, deg(v)=3: min_delta=-1, count=480
    deg(u)=4, deg(v)=0: min_delta=0, count=160
    deg(u)=4, deg(v)=1: min_delta=0, count=480
    deg(u)=4, deg(v)=2: min_delta=-1, count=480
    deg(u)=4, deg(v)=3: min_delta=0, count=160

  Min surplus after flip, by starting surplus:
    surplus=0: min_after=0
    surplus=1: min_after=0
    surplus=2: min_after=0
    surplus=5: min_after=1

======================================================================
3-CYCLE ANALYSIS: FLIPS THROUGH (u,v)
======================================================================

  (c3_through_before, c3_through_after, delta_surplus):
    (0, 0, +0): 17
    (0, 2, +1): 143
    (0, 2, +2): 19
    (0, 4, +0): 51
    (0, 6, +0): 9
    (2, 0, +1): 131
    (2, 2, +1): 68
    (2, 4, +1): 19
    (4, 0, +0): 38
    (6, 0, +0): 5

Done.
