======================================================================
BAD VERTEX RANK-DROP CONSTRAINTS IN TOURNAMENT PATH HOMOLOGY
======================================================================

======================================================================
EXHAUSTIVE ANALYSIS n=5
======================================================================

Tournament #1 (beta_1=0):
  t3=0, B1_rank=6, dim(Omega_2)=10, #2paths=10, #bad=0, sum_rank_drop=15 (expected n(n-2)+#bad = 15)
    v=0: score=0, rank_drop=3 (direct=3), types A/B/C=0/0/6, rank_from_v=3, rank_from_A=0, rank_from_BC=3
    v=1: score=1, rank_drop=3 (direct=3), types A/B/C=3/0/3, rank_from_v=3, rank_from_A=1, rank_from_BC=0
    v=2: score=2, rank_drop=3 (direct=3), types A/B/C=4/1/1, rank_from_v=3, rank_from_A=1, rank_from_BC=0
    v=3: score=3, rank_drop=3 (direct=3), types A/B/C=3/3/0, rank_from_v=3, rank_from_A=1, rank_from_BC=0
    v=4: score=4, rank_drop=3 (direct=3), types A/B/C=0/6/0, rank_from_v=3, rank_from_A=0, rank_from_BC=3

Tournament #2 (beta_1=0):
  t3=0, B1_rank=6, dim(Omega_2)=10, #2paths=10, #bad=0, sum_rank_drop=15 (expected n(n-2)+#bad = 15)
    v=0: score=1, rank_drop=3 (direct=3), types A/B/C=3/0/3, rank_from_v=3, rank_from_A=1, rank_from_BC=0
    v=1: score=0, rank_drop=3 (direct=3), types A/B/C=0/0/6, rank_from_v=3, rank_from_A=0, rank_from_BC=3
    v=2: score=2, rank_drop=3 (direct=3), types A/B/C=4/1/1, rank_from_v=3, rank_from_A=1, rank_from_BC=0
    v=3: score=3, rank_drop=3 (direct=3), types A/B/C=3/3/0, rank_from_v=3, rank_from_A=1, rank_from_BC=0
    v=4: score=4, rank_drop=3 (direct=3), types A/B/C=0/6/0, rank_from_v=3, rank_from_A=0, rank_from_BC=3

Tournament #3 (beta_1=0):
  t3=1, B1_rank=6, dim(Omega_2)=9, #2paths=12, #bad=0, sum_rank_drop=15 (expected n(n-2)+#bad = 15)
    v=0: score=1, rank_drop=3 (direct=3), types A/B/C=3/1/4, rank_from_v=3, rank_from_A=1, rank_from_BC=1
    v=1: score=1, rank_drop=3 (direct=3), types A/B/C=3/1/4, rank_from_v=3, rank_from_A=1, rank_from_BC=1
    v=2: score=1, rank_drop=3 (direct=3), types A/B/C=3/1/4, rank_from_v=3, rank_from_A=1, rank_from_BC=1
    v=3: score=3, rank_drop=3 (direct=3), types A/B/C=3/3/0, rank_from_v=3, rank_from_A=1, rank_from_BC=0
    v=4: score=4, rank_drop=3 (direct=3), types A/B/C=0/6/0, rank_from_v=3, rank_from_A=0, rank_from_BC=3

Processed 1024 tournaments in 3.8s
  beta_1=0: 720, beta_1>0: 304

--- INVESTIGATION 1: Rank drop formula consistency ---
  rank_drop = (n-2) + beta_1(T\v) matches direct computation: True

--- INVESTIGATION 2: Type A vs B+C rank contributions ---
  t3=0, v=0: rank_from_v=3, rank_from_A=0, rank_from_BC=3, rank_drop=3, bad=False
  t3=0, v=1: rank_from_v=3, rank_from_A=1, rank_from_BC=0, rank_drop=3, bad=False
  t3=0, v=2: rank_from_v=3, rank_from_A=1, rank_from_BC=0, rank_drop=3, bad=False
  t3=0, v=3: rank_from_v=3, rank_from_A=1, rank_from_BC=0, rank_drop=3, bad=False
  t3=0, v=4: rank_from_v=3, rank_from_A=0, rank_from_BC=3, rank_drop=3, bad=False
  t3=0, v=0: rank_from_v=3, rank_from_A=1, rank_from_BC=0, rank_drop=3, bad=False
  t3=0, v=1: rank_from_v=3, rank_from_A=0, rank_from_BC=3, rank_drop=3, bad=False
  t3=0, v=2: rank_from_v=3, rank_from_A=1, rank_from_BC=0, rank_drop=3, bad=False
  t3=0, v=3: rank_from_v=3, rank_from_A=1, rank_from_BC=0, rank_drop=3, bad=False
  t3=0, v=4: rank_from_v=3, rank_from_A=0, rank_from_BC=3, rank_drop=3, bad=False
  t3=1, v=0: rank_from_v=3, rank_from_A=1, rank_from_BC=1, rank_drop=3, bad=False
  t3=1, v=1: rank_from_v=3, rank_from_A=1, rank_from_BC=1, rank_drop=3, bad=False
  t3=1, v=2: rank_from_v=3, rank_from_A=1, rank_from_BC=1, rank_drop=3, bad=False
  t3=1, v=3: rank_from_v=3, rank_from_A=1, rank_from_BC=0, rank_drop=3, bad=False
  t3=1, v=4: rank_from_v=3, rank_from_A=0, rank_from_BC=3, rank_drop=3, bad=False
  t3=0, v=0: rank_from_v=3, rank_from_A=1, rank_from_BC=0, rank_drop=3, bad=False
  t3=0, v=1: rank_from_v=3, rank_from_A=0, rank_from_BC=3, rank_drop=3, bad=False
  t3=0, v=2: rank_from_v=3, rank_from_A=1, rank_from_BC=0, rank_drop=3, bad=False
  t3=0, v=3: rank_from_v=3, rank_from_A=1, rank_from_BC=0, rank_drop=3, bad=False
  t3=0, v=4: rank_from_v=3, rank_from_A=0, rank_from_BC=3, rank_drop=3, bad=False
  t3=2, v=0: rank_from_v=3, rank_from_A=1, rank_from_BC=2, rank_drop=3, bad=False
  t3=2, v=1: rank_from_v=2, rank_from_A=0, rank_from_BC=0, rank_drop=3, bad=False
  t3=2, v=2: rank_from_v=2, rank_from_A=0, rank_from_BC=0, rank_drop=3, bad=False
  t3=2, v=3: rank_from_v=3, rank_from_A=1, rank_from_BC=1, rank_drop=3, bad=False
  t3=2, v=4: rank_from_v=4, rank_from_A=0, rank_from_BC=4, rank_drop=4, bad=True

--- INVESTIGATION 3: Sum of rank drops ---
  sum_rank_drop range: [15, 18]
  n(n-2) = 15
  #bad range: [0, 3]
  #bad distribution: Counter({0: 240, 1: 240, 2: 120, 3: 120})

--- INVESTIGATION 4: Joint distribution (c3, #bad) ---
    t3  #bad  count
     0     0    120
     1     0    120
     2     1    240
     3     2    120
     4     3    120

--- INVESTIGATION 5: #bad <= n-2 bound ---
  max(#bad) = 3, n-2 = 3
  #bad <= n-2 holds: True

--- INVESTIGATION 5b: Bad vertex properties ---
  Bad vertex out-degree distribution: Counter({1: 240, 3: 240, 4: 120, 0: 120, 2: 120})
  Good vertex out-degree distribution: Counter({2: 1080, 1: 640, 3: 640, 0: 200, 4: 200})

--- INVESTIGATION 6: Omega_2 structure vs #bad ---
  t3=0, #2paths=10, dim(Omega_2)=10, B1_rank=6, #bad=0
  t3=0, #2paths=10, dim(Omega_2)=10, B1_rank=6, #bad=0
  t3=1, #2paths=12, dim(Omega_2)=9, B1_rank=6, #bad=0
  t3=0, #2paths=10, dim(Omega_2)=10, B1_rank=6, #bad=0
  t3=2, #2paths=14, dim(Omega_2)=9, B1_rank=6, #bad=1
  t3=1, #2paths=12, dim(Omega_2)=9, B1_rank=6, #bad=0
  t3=2, #2paths=14, dim(Omega_2)=9, B1_rank=6, #bad=1
  t3=0, #2paths=10, dim(Omega_2)=10, B1_rank=6, #bad=0
  t3=2, #2paths=14, dim(Omega_2)=9, B1_rank=6, #bad=1
  t3=3, #2paths=16, dim(Omega_2)=9, B1_rank=6, #bad=2

--- INVESTIGATION 7: Which vertices are bad? ---
  t3=2, scores=[1, 1, 2, 2, 4], bad_verts=[4] (scores [4])

--- INVESTIGATION 8: Double-counting of 2-paths ---
  Each 2-path (a,b,c) touches 3 vertices: a (first), b (middle), c (last)
  Sum over v of #(2-paths through v) = 3 * #(2-paths)
  t3=0: sum_through_v = 30, 3*#2paths = 30, match: True
  t3=0: sum_through_v = 30, 3*#2paths = 30, match: True
  t3=1: sum_through_v = 36, 3*#2paths = 36, match: True
  t3=0: sum_through_v = 30, 3*#2paths = 30, match: True
  t3=2: sum_through_v = 42, 3*#2paths = 42, match: True

--- INVESTIGATION 9: rank_from_v (zeroing approach) vs rank_drop ---
  rank_from_v = rank(bd @ omega) - rank(bd @ omega with v-paths zeroed)
  rank_drop = B1_rank(T) - B1_rank(T\v)
  These measure different things: zeroing vs deletion
  Total vertices: 3600
  Diff=0: 2040
  Diff distribution: Counter({0: 2040, -1: 1440, -2: 120})

======================================================================
EXHAUSTIVE ANALYSIS n=6
======================================================================

Tournament #1 (beta_1=0):
  t3=0, B1_rank=10, dim(Omega_2)=20, #2paths=20, #bad=0, sum_rank_drop=24 (expected n(n-2)+#bad = 24)
    v=0: score=0, rank_drop=4 (direct=4), types A/B/C=0/0/10, rank_from_v=4, rank_from_A=0, rank_from_BC=4
    v=1: score=1, rank_drop=4 (direct=4), types A/B/C=4/0/6, rank_from_v=4, rank_from_A=1, rank_from_BC=0
    v=2: score=2, rank_drop=4 (direct=4), types A/B/C=6/1/3, rank_from_v=4, rank_from_A=1, rank_from_BC=0
    v=3: score=3, rank_drop=4 (direct=4), types A/B/C=6/3/1, rank_from_v=4, rank_from_A=1, rank_from_BC=0
    v=4: score=4, rank_drop=4 (direct=4), types A/B/C=4/6/0, rank_from_v=4, rank_from_A=1, rank_from_BC=0
    v=5: score=5, rank_drop=4 (direct=4), types A/B/C=0/10/0, rank_from_v=4, rank_from_A=0, rank_from_BC=4

Tournament #2 (beta_1=0):
  t3=0, B1_rank=10, dim(Omega_2)=20, #2paths=20, #bad=0, sum_rank_drop=24 (expected n(n-2)+#bad = 24)
    v=0: score=1, rank_drop=4 (direct=4), types A/B/C=4/0/6, rank_from_v=4, rank_from_A=1, rank_from_BC=0
    v=1: score=0, rank_drop=4 (direct=4), types A/B/C=0/0/10, rank_from_v=4, rank_from_A=0, rank_from_BC=4
    v=2: score=2, rank_drop=4 (direct=4), types A/B/C=6/1/3, rank_from_v=4, rank_from_A=1, rank_from_BC=0
    v=3: score=3, rank_drop=4 (direct=4), types A/B/C=6/3/1, rank_from_v=4, rank_from_A=1, rank_from_BC=0
    v=4: score=4, rank_drop=4 (direct=4), types A/B/C=4/6/0, rank_from_v=4, rank_from_A=1, rank_from_BC=0
    v=5: score=5, rank_drop=4 (direct=4), types A/B/C=0/10/0, rank_from_v=4, rank_from_A=0, rank_from_BC=4

Tournament #3 (beta_1=0):
  t3=1, B1_rank=10, dim(Omega_2)=19, #2paths=22, #bad=0, sum_rank_drop=24 (expected n(n-2)+#bad = 24)
    v=0: score=1, rank_drop=4 (direct=4), types A/B/C=4/1/7, rank_from_v=4, rank_from_A=1, rank_from_BC=1
    v=1: score=1, rank_drop=4 (direct=4), types A/B/C=4/1/7, rank_from_v=4, rank_from_A=1, rank_from_BC=1
    v=2: score=1, rank_drop=4 (direct=4), types A/B/C=4/1/7, rank_from_v=4, rank_from_A=1, rank_from_BC=1
    v=3: score=3, rank_drop=4 (direct=4), types A/B/C=6/3/1, rank_from_v=4, rank_from_A=1, rank_from_BC=0
    v=4: score=4, rank_drop=4 (direct=4), types A/B/C=4/6/0, rank_from_v=4, rank_from_A=1, rank_from_BC=0
    v=5: score=5, rank_drop=4 (direct=4), types A/B/C=0/10/0, rank_from_v=4, rank_from_A=0, rank_from_BC=4

Processed 32768 tournaments in 260.9s
  beta_1=0: 27968, beta_1>0: 4800

--- INVESTIGATION 1: Rank drop formula consistency ---
  rank_drop = (n-2) + beta_1(T\v) matches direct computation: True

--- INVESTIGATION 2: Type A vs B+C rank contributions ---
  t3=0, v=0: rank_from_v=4, rank_from_A=0, rank_from_BC=4, rank_drop=4, bad=False
  t3=0, v=1: rank_from_v=4, rank_from_A=1, rank_from_BC=0, rank_drop=4, bad=False
  t3=0, v=2: rank_from_v=4, rank_from_A=1, rank_from_BC=0, rank_drop=4, bad=False
  t3=0, v=3: rank_from_v=4, rank_from_A=1, rank_from_BC=0, rank_drop=4, bad=False
  t3=0, v=4: rank_from_v=4, rank_from_A=1, rank_from_BC=0, rank_drop=4, bad=False
  t3=0, v=5: rank_from_v=4, rank_from_A=0, rank_from_BC=4, rank_drop=4, bad=False
  t3=0, v=0: rank_from_v=4, rank_from_A=1, rank_from_BC=0, rank_drop=4, bad=False
  t3=0, v=1: rank_from_v=4, rank_from_A=0, rank_from_BC=4, rank_drop=4, bad=False
  t3=0, v=2: rank_from_v=4, rank_from_A=1, rank_from_BC=0, rank_drop=4, bad=False
  t3=0, v=3: rank_from_v=4, rank_from_A=1, rank_from_BC=0, rank_drop=4, bad=False
  t3=0, v=4: rank_from_v=4, rank_from_A=1, rank_from_BC=0, rank_drop=4, bad=False
  t3=0, v=5: rank_from_v=4, rank_from_A=0, rank_from_BC=4, rank_drop=4, bad=False
  t3=1, v=0: rank_from_v=4, rank_from_A=1, rank_from_BC=1, rank_drop=4, bad=False
  t3=1, v=1: rank_from_v=4, rank_from_A=1, rank_from_BC=1, rank_drop=4, bad=False
  t3=1, v=2: rank_from_v=4, rank_from_A=1, rank_from_BC=1, rank_drop=4, bad=False
  t3=1, v=3: rank_from_v=4, rank_from_A=1, rank_from_BC=0, rank_drop=4, bad=False
  t3=1, v=4: rank_from_v=4, rank_from_A=1, rank_from_BC=0, rank_drop=4, bad=False
  t3=1, v=5: rank_from_v=4, rank_from_A=0, rank_from_BC=4, rank_drop=4, bad=False
  t3=0, v=0: rank_from_v=4, rank_from_A=1, rank_from_BC=0, rank_drop=4, bad=False
  t3=0, v=1: rank_from_v=4, rank_from_A=0, rank_from_BC=4, rank_drop=4, bad=False
  t3=0, v=2: rank_from_v=4, rank_from_A=1, rank_from_BC=0, rank_drop=4, bad=False
  t3=0, v=3: rank_from_v=4, rank_from_A=1, rank_from_BC=0, rank_drop=4, bad=False
  t3=0, v=4: rank_from_v=4, rank_from_A=1, rank_from_BC=0, rank_drop=4, bad=False
  t3=0, v=5: rank_from_v=4, rank_from_A=0, rank_from_BC=4, rank_drop=4, bad=False
  t3=2, v=0: rank_from_v=4, rank_from_A=1, rank_from_BC=2, rank_drop=4, bad=False
  t3=2, v=1: rank_from_v=3, rank_from_A=0, rank_from_BC=0, rank_drop=4, bad=False
  t3=2, v=2: rank_from_v=3, rank_from_A=0, rank_from_BC=0, rank_drop=4, bad=False
  t3=2, v=3: rank_from_v=4, rank_from_A=1, rank_from_BC=1, rank_drop=4, bad=False
  t3=2, v=4: rank_from_v=4, rank_from_A=1, rank_from_BC=0, rank_drop=4, bad=False
  t3=2, v=5: rank_from_v=4, rank_from_A=0, rank_from_BC=4, rank_drop=4, bad=False

--- INVESTIGATION 3: Sum of rank drops ---
  sum_rank_drop range: [24, 27]
  n(n-2) = 24
  #bad range: [0, 3]
  #bad distribution: Counter({0: 8480, 1: 7968, 2: 7200, 3: 4320})

--- INVESTIGATION 4: Joint distribution (c3, #bad) ---
    t3  #bad  count
     0     0    720
     1     0    960
     2     0   2240
     3     0   1440
     3     1   1440
     4     0   2160
     4     1   3360
     5     1   1728
     5     2   1440
     6     0    720
     6     1   1440
     6     2   4320
     7     2   1440
     7     3   2880
     8     0    240
     8     3   1440

--- INVESTIGATION 5: #bad <= n-2 bound ---
  max(#bad) = 3, n-2 = 4
  #bad <= n-2 holds: True

--- INVESTIGATION 5b: Bad vertex properties ---
  Bad vertex out-degree distribution: Counter({2: 9360, 3: 9360, 1: 6480, 4: 6480, 5: 1824, 0: 1824})
  Good vertex out-degree distribution: Counter({2: 42240, 3: 42240, 1: 19680, 4: 19680, 0: 4320, 5: 4320})

--- INVESTIGATION 6: Omega_2 structure vs #bad ---
  t3=0, #2paths=20, dim(Omega_2)=20, B1_rank=10, #bad=0
  t3=0, #2paths=20, dim(Omega_2)=20, B1_rank=10, #bad=0
  t3=1, #2paths=22, dim(Omega_2)=19, B1_rank=10, #bad=0
  t3=0, #2paths=20, dim(Omega_2)=20, B1_rank=10, #bad=0
  t3=2, #2paths=24, dim(Omega_2)=19, B1_rank=10, #bad=0
  t3=1, #2paths=22, dim(Omega_2)=19, B1_rank=10, #bad=0
  t3=2, #2paths=24, dim(Omega_2)=19, B1_rank=10, #bad=0
  t3=0, #2paths=20, dim(Omega_2)=20, B1_rank=10, #bad=0
  t3=3, #2paths=26, dim(Omega_2)=19, B1_rank=10, #bad=1
  t3=2, #2paths=24, dim(Omega_2)=19, B1_rank=10, #bad=0

--- INVESTIGATION 7: Which vertices are bad? ---
  t3=3, scores=[1, 1, 2, 3, 3, 5], bad_verts=[5] (scores [5])

--- INVESTIGATION 8: Double-counting of 2-paths ---
  Each 2-path (a,b,c) touches 3 vertices: a (first), b (middle), c (last)
  Sum over v of #(2-paths through v) = 3 * #(2-paths)
  t3=0: sum_through_v = 60, 3*#2paths = 60, match: True
  t3=0: sum_through_v = 60, 3*#2paths = 60, match: True
  t3=1: sum_through_v = 66, 3*#2paths = 66, match: True
  t3=0: sum_through_v = 60, 3*#2paths = 60, match: True
  t3=2: sum_through_v = 72, 3*#2paths = 72, match: True

--- INVESTIGATION 9: rank_from_v (zeroing approach) vs rank_drop ---
  rank_from_v = rank(bd @ omega) - rank(bd @ omega with v-paths zeroed)
  rank_drop = B1_rank(T) - B1_rank(T\v)
  These measure different things: zeroing vs deletion
  Total vertices: 167808
  Diff=0: 35328
  Diff distribution: Counter({-2: 56160, -1: 54720, 0: 35328, -3: 20160, -4: 1440})

======================================================================
SAMPLED ANALYSIS n=7
======================================================================

Sampled 500 tournaments in 7.8s
  beta_1=0: 479, beta_1>0: 21

--- n=7 #bad distribution ---
  #bad range: [0, 3]
  #bad <= n-2 = 5 holds: True
  Distribution: Counter({0: 258, 1: 107, 2: 84, 3: 30})

--- n=7 Joint distribution (c3, #bad) ---
    t3 | b=0 b=1 b=2 b=3
  ------------------------
     0 |    3    0    0    0
     1 |    2    0    0    0
     2 |    5    0    0    0
     3 |    4    0    0    0
     4 |   11    3    0    0
     5 |   16    2    0    0
     6 |   25   18    0    0
     7 |   34   11    2    0
     8 |   27   25   10    0
     9 |   27   14   10    0
    10 |   44   17   26    4
    11 |   28    9   27    4
    12 |   28    6    7   20
    13 |    4    2    2    2

  Rank drop formula consistent: True
  Bad vertex out-degree dist: Counter({3: 116, 2: 87, 4: 81, 1: 37, 5: 26, 0: 13, 6: 5})

======================================================================
SYNTHESIS AND CONJECTURES
======================================================================

n=5: max(#bad) = 3, n-2 = 3
  #bad distribution: Counter({0: 240, 1: 240, 2: 120, 3: 120})
  #bad parity: Counter({0: 360, 1: 360})
  corr(t3, #bad) = 0.9678

n=6: max(#bad) = 3, n-2 = 4
  #bad distribution: Counter({0: 8480, 1: 7968, 2: 7200, 3: 4320})
  #bad parity: Counter({0: 15680, 1: 12288})
  corr(t3, #bad) = 0.8019

n=7: max(#bad) = 3, n-2 = 5
  #bad distribution: Counter({0: 258, 1: 107, 2: 84, 3: 30})
  #bad parity: Counter({0: 342, 1: 137})
  corr(t3, #bad) = 0.3683


Done.
