Exhaustive analysis at n=5 (1024 tournaments)
======================================================================

Approach 1: Does adjacent dominated cycle always have |dom|>=2?
  b1=0 with free cycles: 240
  has (F adj D with |dom(D)|>=2): 0
  only single-dom: 240
  If has_multidom covers all: guaranteed n-4=1 good vertices

Approach 2: When single-dom, is d in V(F)?
  d in V(F): 0 (gives n-4=1 good)
  d not in V(F): 480 (gives n-5=0 good)

Approach 3: Best (F,D) pair analysis
  min best_good: 0
  distribution: {0: 240}

Approach 4: Structure of n=5 b1=0 with free cycles

  bits=10, scores=(np.int64(1), np.int64(1), np.int64(2), np.int64(3), np.int64(3)), #free=1, #dom=2
  bad vertices: [2, 3]
  free cycles: [(0, 4, 1)]
  dom cycle (0, 2, 1), dom=[3], adj to free: [(0, 4, 1)]
  dom cycle (0, 4, 3), dom=[2], adj to free: [(0, 4, 1)]

  bits=25, scores=(np.int64(1), np.int64(1), np.int64(2), np.int64(3), np.int64(3)), #free=1, #dom=2
  bad vertices: [1, 3]
  free cycles: [(0, 4, 2)]
  dom cycle (0, 1, 2), dom=[3], adj to free: [(0, 4, 2)]
  dom cycle (0, 4, 3), dom=[1], adj to free: [(0, 4, 2)]

  bits=41, scores=(np.int64(1), np.int64(2), np.int64(2), np.int64(2), np.int64(3)), #free=2, #dom=2
  bad vertices: [1, 2, 4]
  free cycles: [(0, 1, 3), (0, 4, 3)]
  dom cycle (0, 4, 2), dom=[1], adj to free: [(0, 4, 3)]
  dom cycle (1, 3, 2), dom=[4], adj to free: [(0, 1, 3)]

  bits=42, scores=(np.int64(1), np.int64(2), np.int64(2), np.int64(2), np.int64(3)), #free=2, #dom=2
  bad vertices: [2, 3, 4]
  free cycles: [(0, 2, 1), (0, 4, 1)]
  dom cycle (0, 4, 3), dom=[2], adj to free: [(0, 4, 1)]
  dom cycle (1, 3, 2), dom=[4], adj to free: [(0, 2, 1)]

  bits=43, scores=(np.int64(1), np.int64(1), np.int64(2), np.int64(3), np.int64(3)), #free=1, #dom=2
  bad vertices: [2, 4]
  free cycles: [(0, 1, 3)]
  dom cycle (0, 4, 3), dom=[2], adj to free: [(0, 1, 3)]
  dom cycle (1, 3, 2), dom=[4], adj to free: [(0, 1, 3)]

  bits=44, scores=(np.int64(1), np.int64(2), np.int64(2), np.int64(2), np.int64(3)), #free=2, #dom=2
  bad vertices: [1, 3, 4]
  free cycles: [(0, 3, 2), (0, 4, 2)]
  dom cycle (0, 4, 1), dom=[3], adj to free: [(0, 4, 2)]
  dom cycle (1, 3, 2), dom=[4], adj to free: [(0, 3, 2)]

  bits=45, scores=(np.int64(1), np.int64(1), np.int64(2), np.int64(3), np.int64(3)), #free=1, #dom=2
  bad vertices: [1, 4]
  free cycles: [(0, 3, 2)]
  dom cycle (0, 4, 2), dom=[1], adj to free: [(0, 3, 2)]
  dom cycle (1, 3, 2), dom=[4], adj to free: [(0, 3, 2)]

  bits=46, scores=(np.int64(1), np.int64(1), np.int64(2), np.int64(3), np.int64(3)), #free=1, #dom=2
  bad vertices: [3, 4]
  free cycles: [(0, 2, 1)]
  dom cycle (0, 4, 1), dom=[3], adj to free: [(0, 2, 1)]
  dom cycle (1, 3, 2), dom=[4], adj to free: [(0, 2, 1)]

  bits=60, scores=(np.int64(1), np.int64(1), np.int64(2), np.int64(3), np.int64(3)), #free=1, #dom=2
  bad vertices: [1, 3]
  free cycles: [(0, 4, 2)]
  dom cycle (0, 4, 1), dom=[3], adj to free: [(0, 4, 2)]
  dom cycle (0, 3, 2), dom=[1], adj to free: [(0, 4, 2)]

  bits=66, scores=(np.int64(1), np.int64(1), np.int64(2), np.int64(3), np.int64(3)), #free=1, #dom=2
  bad vertices: [0, 3]
  free cycles: [(1, 4, 2)]
  dom cycle (0, 2, 1), dom=[3], adj to free: [(1, 4, 2)]
  dom cycle (1, 4, 3), dom=[0], adj to free: [(1, 4, 2)]

  bits=68, scores=(np.int64(1), np.int64(2), np.int64(2), np.int64(2), np.int64(3)), #free=2, #dom=2
  bad vertices: [0, 2, 4]
  free cycles: [(0, 3, 1), (1, 4, 3)]
  dom cycle (0, 3, 2), dom=[4], adj to free: [(0, 3, 1)]
  dom cycle (1, 4, 2), dom=[0], adj to free: [(1, 4, 3)]

  bits=74, scores=(np.int64(1), np.int64(2), np.int64(2), np.int64(2), np.int64(3)), #free=2, #dom=2
  bad vertices: [0, 2, 3]
  free cycles: [(1, 4, 2), (1, 4, 3)]
  dom cycle (0, 2, 1), dom=[3], adj to free: [(1, 4, 2)]
  dom cycle (0, 4, 3), dom=[2], adj to free: [(1, 4, 3)]

  bits=75, scores=(np.int64(1), np.int64(1), np.int64(2), np.int64(3), np.int64(3)), #free=1, #dom=2
  bad vertices: [0, 2]
  free cycles: [(1, 4, 3)]
  dom cycle (0, 4, 3), dom=[2], adj to free: [(1, 4, 3)]
  dom cycle (1, 4, 2), dom=[0], adj to free: [(1, 4, 3)]

  bits=77, scores=(np.int64(1), np.int64(2), np.int64(2), np.int64(2), np.int64(3)), #free=2, #dom=2
  bad vertices: [0, 1, 3]
  free cycles: [(0, 4, 2), (1, 4, 2)]
  dom cycle (0, 3, 2), dom=[1], adj to free: [(0, 4, 2)]
  dom cycle (1, 4, 3), dom=[0], adj to free: [(1, 4, 2)]

  bits=81, scores=(np.int64(1), np.int64(1), np.int64(2), np.int64(3), np.int64(3)), #free=1, #dom=2
  bad vertices: [2, 3]
  free cycles: [(0, 1, 4)]
  dom cycle (0, 1, 2), dom=[3], adj to free: [(0, 1, 4)]
  dom cycle (1, 4, 3), dom=[2], adj to free: [(0, 1, 4)]

  bits=84, scores=(np.int64(1), np.int64(1), np.int64(2), np.int64(3), np.int64(3)), #free=1, #dom=2
  bad vertices: [2, 4]
  free cycles: [(0, 3, 1)]
  dom cycle (0, 3, 2), dom=[4], adj to free: [(0, 3, 1)]
  dom cycle (1, 4, 3), dom=[2], adj to free: [(0, 3, 1)]

  bits=85, scores=(np.int64(1), np.int64(2), np.int64(2), np.int64(2), np.int64(3)), #free=2, #dom=2
  bad vertices: [2, 3, 4]
  free cycles: [(0, 1, 2), (0, 1, 4)]
  dom cycle (0, 3, 2), dom=[4], adj to free: [(0, 1, 2)]
  dom cycle (1, 4, 3), dom=[2], adj to free: [(0, 1, 4)]

  bits=88, scores=(np.int64(1), np.int64(1), np.int64(2), np.int64(3), np.int64(3)), #free=1, #dom=2
  bad vertices: [1, 2]
  free cycles: [(0, 4, 3)]
  dom cycle (0, 4, 2), dom=[1], adj to free: [(0, 4, 3)]
  dom cycle (1, 4, 3), dom=[2], adj to free: [(0, 4, 3)]

  bits=89, scores=(np.int64(1), np.int64(2), np.int64(2), np.int64(2), np.int64(3)), #free=2, #dom=2
  bad vertices: [1, 2, 3]
  free cycles: [(0, 4, 2), (0, 4, 3)]
  dom cycle (0, 1, 2), dom=[3], adj to free: [(0, 4, 2)]
  dom cycle (1, 4, 3), dom=[2], adj to free: [(0, 4, 3)]

  bits=92, scores=(np.int64(1), np.int64(2), np.int64(2), np.int64(2), np.int64(3)), #free=2, #dom=2
  bad vertices: [1, 2, 4]
  free cycles: [(0, 3, 1), (0, 3, 2)]
  dom cycle (0, 4, 2), dom=[1], adj to free: [(0, 3, 2)]
  dom cycle (1, 4, 3), dom=[2], adj to free: [(0, 3, 1)]

  bits=100, scores=(np.int64(1), np.int64(1), np.int64(2), np.int64(3), np.int64(3)), #free=1, #dom=2
  bad vertices: [0, 4]
  free cycles: [(1, 3, 2)]
  dom cycle (0, 3, 2), dom=[4], adj to free: [(1, 3, 2)]
  dom cycle (1, 4, 2), dom=[0], adj to free: [(1, 3, 2)]

  bits=101, scores=(np.int64(1), np.int64(2), np.int64(2), np.int64(2), np.int64(3)), #free=2, #dom=2
  bad vertices: [0, 3, 4]
  free cycles: [(1, 3, 2), (1, 4, 2)]
  dom cycle (0, 1, 4), dom=[3], adj to free: [(1, 4, 2)]
  dom cycle (0, 3, 2), dom=[4], adj to free: [(1, 3, 2)]

  bits=103, scores=(np.int64(1), np.int64(1), np.int64(2), np.int64(3), np.int64(3)), #free=1, #dom=2
  bad vertices: [0, 3]
  free cycles: [(1, 4, 2)]
  dom cycle (0, 1, 4), dom=[3], adj to free: [(1, 4, 2)]
  dom cycle (1, 3, 2), dom=[0], adj to free: [(1, 4, 2)]

  bits=104, scores=(np.int64(1), np.int64(2), np.int64(2), np.int64(2), np.int64(3)), #free=2, #dom=2
  bad vertices: [0, 1, 3]
  free cycles: [(0, 4, 2), (1, 4, 2)]
  dom cycle (0, 4, 3), dom=[1], adj to free: [(0, 4, 2)]
  dom cycle (1, 3, 2), dom=[0], adj to free: [(1, 4, 2)]

  bits=107, scores=(np.int64(1), np.int64(2), np.int64(2), np.int64(2), np.int64(3)), #free=2, #dom=2
  bad vertices: [0, 2, 4]
  free cycles: [(0, 1, 3), (1, 3, 2)]
  dom cycle (0, 4, 3), dom=[2], adj to free: [(0, 1, 3)]
  dom cycle (1, 4, 2), dom=[0], adj to free: [(1, 3, 2)]

  bits=117, scores=(np.int64(1), np.int64(1), np.int64(2), np.int64(3), np.int64(3)), #free=1, #dom=2
  bad vertices: [3, 4]
  free cycles: [(0, 1, 2)]
  dom cycle (0, 1, 4), dom=[3], adj to free: [(0, 1, 2)]
  dom cycle (0, 3, 2), dom=[4], adj to free: [(0, 1, 2)]

  bits=140, scores=(np.int64(1), np.int64(1), np.int64(2), np.int64(3), np.int64(3)), #free=1, #dom=2
  bad vertices: [2, 3]
  free cycles: [(0, 4, 1)]
  dom cycle (0, 3, 1), dom=[2], adj to free: [(0, 4, 1)]
  dom cycle (0, 4, 2), dom=[3], adj to free: [(0, 4, 1)]

  bits=153, scores=(np.int64(1), np.int64(2), np.int64(2), np.int64(2), np.int64(3)), #free=2, #dom=2
  bad vertices: [1, 3, 4]
  free cycles: [(0, 1, 2), (0, 4, 2)]
  dom cycle (0, 4, 3), dom=[1], adj to free: [(0, 4, 2)]
  dom cycle (1, 2, 3), dom=[4], adj to free: [(0, 1, 2)]

  bits=154, scores=(np.int64(1), np.int64(2), np.int64(2), np.int64(2), np.int64(3)), #free=2, #dom=2
  bad vertices: [1, 2, 4]
  free cycles: [(0, 2, 3), (0, 4, 3)]
  dom cycle (0, 4, 1), dom=[2], adj to free: [(0, 4, 3)]
  dom cycle (1, 2, 3), dom=[4], adj to free: [(0, 2, 3)]

  bits=155, scores=(np.int64(1), np.int64(1), np.int64(2), np.int64(3), np.int64(3)), #free=1, #dom=2
  bad vertices: [1, 4]
  free cycles: [(0, 2, 3)]
  dom cycle (0, 4, 3), dom=[1], adj to free: [(0, 2, 3)]
  dom cycle (1, 2, 3), dom=[4], adj to free: [(0, 2, 3)]

  bits=156, scores=(np.int64(1), np.int64(2), np.int64(2), np.int64(2), np.int64(3)), #free=2, #dom=2
  bad vertices: [2, 3, 4]
  free cycles: [(0, 3, 1), (0, 4, 1)]
  dom cycle (0, 4, 2), dom=[3], adj to free: [(0, 4, 1)]
  dom cycle (1, 2, 3), dom=[4], adj to free: [(0, 3, 1)]

  bits=157, scores=(np.int64(1), np.int64(1), np.int64(2), np.int64(3), np.int64(3)), #free=1, #dom=2
  bad vertices: [3, 4]
  free cycles: [(0, 1, 2)]
  dom cycle (0, 4, 2), dom=[3], adj to free: [(0, 1, 2)]
  dom cycle (1, 2, 3), dom=[4], adj to free: [(0, 1, 2)]

  bits=158, scores=(np.int64(1), np.int64(1), np.int64(2), np.int64(3), np.int64(3)), #free=1, #dom=2
  bad vertices: [2, 4]
  free cycles: [(0, 3, 1)]
  dom cycle (0, 4, 1), dom=[2], adj to free: [(0, 3, 1)]
  dom cycle (1, 2, 3), dom=[4], adj to free: [(0, 3, 1)]

  bits=169, scores=(np.int64(1), np.int64(1), np.int64(2), np.int64(3), np.int64(3)), #free=1, #dom=2
  bad vertices: [1, 2]
  free cycles: [(0, 4, 3)]
  dom cycle (0, 1, 3), dom=[2], adj to free: [(0, 4, 3)]
  dom cycle (0, 4, 2), dom=[1], adj to free: [(0, 4, 3)]

  bits=186, scores=(np.int64(1), np.int64(1), np.int64(2), np.int64(3), np.int64(3)), #free=1, #dom=2
  bad vertices: [1, 2]
  free cycles: [(0, 4, 3)]
  dom cycle (0, 4, 1), dom=[2], adj to free: [(0, 4, 3)]
  dom cycle (0, 2, 3), dom=[1], adj to free: [(0, 4, 3)]

  bits=194, scores=(np.int64(1), np.int64(2), np.int64(2), np.int64(2), np.int64(3)), #free=2, #dom=2
  bad vertices: [0, 3, 4]
  free cycles: [(0, 2, 1), (1, 4, 2)]
  dom cycle (0, 2, 3), dom=[4], adj to free: [(0, 2, 1)]
  dom cycle (1, 4, 3), dom=[0], adj to free: [(1, 4, 2)]

  bits=196, scores=(np.int64(1), np.int64(1), np.int64(2), np.int64(3), np.int64(3)), #free=1, #dom=2
  bad vertices: [0, 2]
  free cycles: [(1, 4, 3)]
  dom cycle (0, 3, 1), dom=[2], adj to free: [(1, 4, 3)]
  dom cycle (1, 4, 2), dom=[0], adj to free: [(1, 4, 3)]

  bits=203, scores=(np.int64(1), np.int64(2), np.int64(2), np.int64(2), np.int64(3)), #free=2, #dom=2
  bad vertices: [0, 1, 2]
  free cycles: [(0, 4, 3), (1, 4, 3)]
  dom cycle (0, 2, 3), dom=[1], adj to free: [(0, 4, 3)]
  dom cycle (1, 4, 2), dom=[0], adj to free: [(1, 4, 3)]

  bits=204, scores=(np.int64(1), np.int64(2), np.int64(2), np.int64(2), np.int64(3)), #free=2, #dom=2
  bad vertices: [0, 2, 3]
  free cycles: [(1, 4, 2), (1, 4, 3)]
  dom cycle (0, 3, 1), dom=[2], adj to free: [(1, 4, 3)]
  dom cycle (0, 4, 2), dom=[3], adj to free: [(1, 4, 2)]

  bits=205, scores=(np.int64(1), np.int64(1), np.int64(2), np.int64(3), np.int64(3)), #free=1, #dom=2
  bad vertices: [0, 3]
  free cycles: [(1, 4, 2)]
  dom cycle (0, 4, 2), dom=[3], adj to free: [(1, 4, 2)]
  dom cycle (1, 4, 3), dom=[0], adj to free: [(1, 4, 2)]

  bits=210, scores=(np.int64(1), np.int64(1), np.int64(2), np.int64(3), np.int64(3)), #free=1, #dom=2
  bad vertices: [0, 4]
  free cycles: [(1, 2, 3)]
  dom cycle (0, 2, 3), dom=[4], adj to free: [(1, 2, 3)]
  dom cycle (1, 4, 3), dom=[0], adj to free: [(1, 2, 3)]

  bits=211, scores=(np.int64(1), np.int64(2), np.int64(2), np.int64(2), np.int64(3)), #free=2, #dom=2
  bad vertices: [0, 2, 4]
  free cycles: [(1, 2, 3), (1, 4, 3)]
  dom cycle (0, 1, 4), dom=[2], adj to free: [(1, 4, 3)]
  dom cycle (0, 2, 3), dom=[4], adj to free: [(1, 2, 3)]

  bits=215, scores=(np.int64(1), np.int64(1), np.int64(2), np.int64(3), np.int64(3)), #free=1, #dom=2
  bad vertices: [0, 2]
  free cycles: [(1, 4, 3)]
  dom cycle (0, 1, 4), dom=[2], adj to free: [(1, 4, 3)]
  dom cycle (1, 2, 3), dom=[0], adj to free: [(1, 4, 3)]

  bits=216, scores=(np.int64(1), np.int64(2), np.int64(2), np.int64(2), np.int64(3)), #free=2, #dom=2
  bad vertices: [0, 1, 2]
  free cycles: [(0, 4, 3), (1, 4, 3)]
  dom cycle (0, 4, 2), dom=[1], adj to free: [(0, 4, 3)]
  dom cycle (1, 2, 3), dom=[0], adj to free: [(1, 4, 3)]

  bits=221, scores=(np.int64(1), np.int64(2), np.int64(2), np.int64(2), np.int64(3)), #free=2, #dom=2
  bad vertices: [0, 3, 4]
  free cycles: [(0, 1, 2), (1, 2, 3)]
  dom cycle (0, 4, 2), dom=[3], adj to free: [(0, 1, 2)]
  dom cycle (1, 4, 3), dom=[0], adj to free: [(1, 2, 3)]

  bits=225, scores=(np.int64(1), np.int64(1), np.int64(2), np.int64(3), np.int64(3)), #free=1, #dom=2
  bad vertices: [2, 3]
  free cycles: [(0, 1, 4)]
  dom cycle (0, 1, 3), dom=[2], adj to free: [(0, 1, 4)]
  dom cycle (1, 4, 2), dom=[3], adj to free: [(0, 1, 4)]

  bits=226, scores=(np.int64(1), np.int64(1), np.int64(2), np.int64(3), np.int64(3)), #free=1, #dom=2
  bad vertices: [3, 4]
  free cycles: [(0, 2, 1)]
  dom cycle (0, 2, 3), dom=[4], adj to free: [(0, 2, 1)]
  dom cycle (1, 4, 2), dom=[3], adj to free: [(0, 2, 1)]

  bits=227, scores=(np.int64(1), np.int64(2), np.int64(2), np.int64(2), np.int64(3)), #free=2, #dom=2
  bad vertices: [2, 3, 4]
  free cycles: [(0, 1, 3), (0, 1, 4)]
  dom cycle (0, 2, 3), dom=[4], adj to free: [(0, 1, 3)]
  dom cycle (1, 4, 2), dom=[3], adj to free: [(0, 1, 4)]

  bits=232, scores=(np.int64(1), np.int64(1), np.int64(2), np.int64(3), np.int64(3)), #free=1, #dom=2
  bad vertices: [1, 3]
  free cycles: [(0, 4, 2)]
  dom cycle (0, 4, 3), dom=[1], adj to free: [(0, 4, 2)]
  dom cycle (1, 4, 2), dom=[3], adj to free: [(0, 4, 2)]

  bits=233, scores=(np.int64(1), np.int64(2), np.int64(2), np.int64(2), np.int64(3)), #free=2, #dom=2
  bad vertices: [1, 2, 3]
  free cycles: [(0, 4, 2), (0, 4, 3)]
  dom cycle (0, 1, 3), dom=[2], adj to free: [(0, 4, 3)]
  dom cycle (1, 4, 2), dom=[3], adj to free: [(0, 4, 2)]

  bits=234, scores=(np.int64(1), np.int64(2), np.int64(2), np.int64(2), np.int64(3)), #free=2, #dom=2
  bad vertices: [1, 3, 4]
  free cycles: [(0, 2, 1), (0, 2, 3)]
  dom cycle (0, 4, 3), dom=[1], adj to free: [(0, 2, 3)]
  dom cycle (1, 4, 2), dom=[3], adj to free: [(0, 2, 1)]

  bits=243, scores=(np.int64(1), np.int64(1), np.int64(2), np.int64(3), np.int64(3)), #free=1, #dom=2
  bad vertices: [2, 4]
  free cycles: [(0, 1, 3)]
  dom cycle (0, 1, 4), dom=[2], adj to free: [(0, 1, 3)]
  dom cycle (0, 2, 3), dom=[4], adj to free: [(0, 1, 3)]

  bits=258, scores=(np.int64(1), np.int64(1), np.int64(2), np.int64(3), np.int64(3)), #free=1, #dom=2
  bad vertices: [1, 3]
  free cycles: [(0, 2, 4)]
  dom cycle (0, 2, 1), dom=[3], adj to free: [(0, 2, 4)]
  dom cycle (2, 4, 3), dom=[1], adj to free: [(0, 2, 4)]

  bits=260, scores=(np.int64(1), np.int64(1), np.int64(2), np.int64(3), np.int64(3)), #free=1, #dom=2
  bad vertices: [1, 4]
  free cycles: [(0, 3, 2)]
  dom cycle (0, 3, 1), dom=[4], adj to free: [(0, 3, 2)]
  dom cycle (2, 4, 3), dom=[1], adj to free: [(0, 3, 2)]

  bits=262, scores=(np.int64(1), np.int64(2), np.int64(2), np.int64(2), np.int64(3)), #free=2, #dom=2
  bad vertices: [1, 3, 4]
  free cycles: [(0, 2, 1), (0, 2, 4)]
  dom cycle (0, 3, 1), dom=[4], adj to free: [(0, 2, 1)]
  dom cycle (2, 4, 3), dom=[1], adj to free: [(0, 2, 4)]

  bits=264, scores=(np.int64(1), np.int64(1), np.int64(2), np.int64(3), np.int64(3)), #free=1, #dom=2
  bad vertices: [1, 2]
  free cycles: [(0, 4, 3)]
  dom cycle (0, 4, 1), dom=[2], adj to free: [(0, 4, 3)]
  dom cycle (2, 4, 3), dom=[1], adj to free: [(0, 4, 3)]

  bits=266, scores=(np.int64(1), np.int64(2), np.int64(2), np.int64(2), np.int64(3)), #free=2, #dom=2
  bad vertices: [1, 2, 3]
  free cycles: [(0, 4, 1), (0, 4, 3)]
  dom cycle (0, 2, 1), dom=[3], adj to free: [(0, 4, 1)]
  dom cycle (2, 4, 3), dom=[1], adj to free: [(0, 4, 3)]

  bits=268, scores=(np.int64(1), np.int64(2), np.int64(2), np.int64(2), np.int64(3)), #free=2, #dom=2
  bad vertices: [1, 2, 4]
  free cycles: [(0, 3, 1), (0, 3, 2)]
  dom cycle (0, 4, 1), dom=[2], adj to free: [(0, 3, 1)]
  dom cycle (2, 4, 3), dom=[1], adj to free: [(0, 3, 2)]

  bits=273, scores=(np.int64(1), np.int64(1), np.int64(2), np.int64(3), np.int64(3)), #free=1, #dom=2
  bad vertices: [0, 3]
  free cycles: [(1, 2, 4)]
  dom cycle (0, 1, 2), dom=[3], adj to free: [(1, 2, 4)]
  dom cycle (2, 4, 3), dom=[0], adj to free: [(1, 2, 4)]

  bits=276, scores=(np.int64(1), np.int64(2), np.int64(2), np.int64(2), np.int64(3)), #free=2, #dom=2
  bad vertices: [0, 1, 4]
  free cycles: [(0, 3, 2), (2, 4, 3)]
  dom cycle (0, 3, 1), dom=[4], adj to free: [(0, 3, 2)]
  dom cycle (1, 2, 4), dom=[0], adj to free: [(2, 4, 3)]

  bits=281, scores=(np.int64(1), np.int64(2), np.int64(2), np.int64(2), np.int64(3)), #free=2, #dom=2
  bad vertices: [0, 1, 3]
  free cycles: [(1, 2, 4), (2, 4, 3)]
  dom cycle (0, 1, 2), dom=[3], adj to free: [(1, 2, 4)]
  dom cycle (0, 4, 3), dom=[1], adj to free: [(2, 4, 3)]

  bits=283, scores=(np.int64(1), np.int64(1), np.int64(2), np.int64(3), np.int64(3)), #free=1, #dom=2
  bad vertices: [0, 1]
  free cycles: [(2, 4, 3)]
  dom cycle (0, 4, 3), dom=[1], adj to free: [(2, 4, 3)]
  dom cycle (1, 2, 4), dom=[0], adj to free: [(2, 4, 3)]

  bits=286, scores=(np.int64(1), np.int64(2), np.int64(2), np.int64(2), np.int64(3)), #free=2, #dom=2
  bad vertices: [0, 2, 3]
  free cycles: [(0, 4, 1), (1, 2, 4)]
  dom cycle (0, 3, 1), dom=[2], adj to free: [(0, 4, 1)]
  dom cycle (2, 4, 3), dom=[0], adj to free: [(1, 2, 4)]

  bits=289, scores=(np.int64(1), np.int64(1), np.int64(2), np.int64(3), np.int64(3)), #free=1, #dom=2
  bad vertices: [0, 4]
  free cycles: [(1, 3, 2)]
  dom cycle (0, 1, 3), dom=[4], adj to free: [(1, 3, 2)]
  dom cycle (2, 4, 3), dom=[0], adj to free: [(1, 3, 2)]

  bits=291, scores=(np.int64(1), np.int64(2), np.int64(2), np.int64(2), np.int64(3)), #free=2, #dom=2
  bad vertices: [0, 1, 4]
  free cycles: [(1, 3, 2), (2, 4, 3)]
  dom cycle (0, 1, 3), dom=[4], adj to free: [(1, 3, 2)]
  dom cycle (0, 2, 4), dom=[1], adj to free: [(2, 4, 3)]

  bits=295, scores=(np.int64(1), np.int64(1), np.int64(2), np.int64(3), np.int64(3)), #free=1, #dom=2
  bad vertices: [0, 1]
  free cycles: [(2, 4, 3)]
  dom cycle (0, 2, 4), dom=[1], adj to free: [(2, 4, 3)]
  dom cycle (1, 3, 2), dom=[0], adj to free: [(2, 4, 3)]

  bits=296, scores=(np.int64(1), np.int64(2), np.int64(2), np.int64(2), np.int64(3)), #free=2, #dom=2
  bad vertices: [0, 1, 2]
  free cycles: [(0, 4, 3), (2, 4, 3)]
  dom cycle (0, 4, 1), dom=[2], adj to free: [(0, 4, 3)]
  dom cycle (1, 3, 2), dom=[0], adj to free: [(2, 4, 3)]

  bits=302, scores=(np.int64(1), np.int64(2), np.int64(2), np.int64(2), np.int64(3)), #free=2, #dom=2
  bad vertices: [0, 3, 4]
  free cycles: [(0, 2, 1), (1, 3, 2)]
  dom cycle (0, 4, 1), dom=[3], adj to free: [(0, 2, 1)]
  dom cycle (2, 4, 3), dom=[0], adj to free: [(1, 3, 2)]

  bits=305, scores=(np.int64(1), np.int64(2), np.int64(2), np.int64(2), np.int64(3)), #free=2, #dom=2
  bad vertices: [0, 3, 4]
  free cycles: [(0, 1, 2), (1, 2, 4)]
  dom cycle (0, 1, 3), dom=[4], adj to free: [(0, 1, 2)]
  dom cycle (2, 4, 3), dom=[0], adj to free: [(1, 2, 4)]

  bits=308, scores=(np.int64(1), np.int64(1), np.int64(2), np.int64(3), np.int64(3)), #free=1, #dom=2
  bad vertices: [0, 1]
  free cycles: [(2, 4, 3)]
  dom cycle (0, 3, 2), dom=[1], adj to free: [(2, 4, 3)]
  dom cycle (1, 2, 4), dom=[0], adj to free: [(2, 4, 3)]

  bits=315, scores=(np.int64(1), np.int64(2), np.int64(2), np.int64(2), np.int64(3)), #free=2, #dom=2
  bad vertices: [0, 1, 2]
  free cycles: [(0, 4, 3), (2, 4, 3)]
  dom cycle (0, 1, 3), dom=[2], adj to free: [(0, 4, 3)]
  dom cycle (1, 2, 4), dom=[0], adj to free: [(2, 4, 3)]

  bits=316, scores=(np.int64(1), np.int64(2), np.int64(2), np.int64(2), np.int64(3)), #free=2, #dom=2
  bad vertices: [0, 1, 3]
  free cycles: [(1, 2, 4), (2, 4, 3)]
  dom cycle (0, 4, 1), dom=[3], adj to free: [(1, 2, 4)]
  dom cycle (0, 3, 2), dom=[1], adj to free: [(2, 4, 3)]

  bits=318, scores=(np.int64(1), np.int64(1), np.int64(2), np.int64(3), np.int64(3)), #free=1, #dom=2
  bad vertices: [0, 3]
  free cycles: [(1, 2, 4)]
  dom cycle (0, 4, 1), dom=[3], adj to free: [(1, 2, 4)]
  dom cycle (2, 4, 3), dom=[0], adj to free: [(1, 2, 4)]

  bits=321, scores=(np.int64(1), np.int64(1), np.int64(2), np.int64(3), np.int64(3)), #free=1, #dom=2
  bad vertices: [0, 2]
  free cycles: [(1, 4, 3)]
  dom cycle (0, 1, 4), dom=[2], adj to free: [(1, 4, 3)]
  dom cycle (2, 4, 3), dom=[0], adj to free: [(1, 4, 3)]

  bits=322, scores=(np.int64(1), np.int64(2), np.int64(2), np.int64(2), np.int64(3)), #free=2, #dom=2
  bad vertices: [0, 1, 3]
  free cycles: [(0, 2, 4), (2, 4, 3)]
  dom cycle (0, 2, 1), dom=[3], adj to free: [(0, 2, 4)]
  dom cycle (1, 4, 3), dom=[0], adj to free: [(2, 4, 3)]

  bits=325, scores=(np.int64(1), np.int64(2), np.int64(2), np.int64(2), np.int64(3)), #free=2, #dom=2
  bad vertices: [0, 1, 2]
  free cycles: [(1, 4, 3), (2, 4, 3)]
  dom cycle (0, 1, 4), dom=[2], adj to free: [(1, 4, 3)]
  dom cycle (0, 3, 2), dom=[1], adj to free: [(2, 4, 3)]

  bits=333, scores=(np.int64(1), np.int64(1), np.int64(2), np.int64(3), np.int64(3)), #free=1, #dom=2
  bad vertices: [0, 1]
  free cycles: [(2, 4, 3)]
  dom cycle (0, 3, 2), dom=[1], adj to free: [(2, 4, 3)]
  dom cycle (1, 4, 3), dom=[0], adj to free: [(2, 4, 3)]

  bits=334, scores=(np.int64(1), np.int64(2), np.int64(2), np.int64(2), np.int64(3)), #free=2, #dom=2
  bad vertices: [0, 2, 4]
  free cycles: [(0, 3, 1), (1, 4, 3)]
  dom cycle (0, 2, 1), dom=[4], adj to free: [(0, 3, 1)]
  dom cycle (2, 4, 3), dom=[0], adj to free: [(1, 4, 3)]

  bits=337, scores=(np.int64(1), np.int64(2), np.int64(2), np.int64(2), np.int64(3)), #free=2, #dom=2
  bad vertices: [0, 2, 3]
  free cycles: [(0, 1, 4), (1, 4, 3)]
  dom cycle (0, 1, 2), dom=[3], adj to free: [(0, 1, 4)]
  dom cycle (2, 4, 3), dom=[0], adj to free: [(1, 4, 3)]

  bits=338, scores=(np.int64(1), np.int64(1), np.int64(2), np.int64(3), np.int64(3)), #free=1, #dom=2
  bad vertices: [0, 1]
  free cycles: [(2, 4, 3)]
  dom cycle (0, 2, 4), dom=[1], adj to free: [(2, 4, 3)]
  dom cycle (1, 4, 3), dom=[0], adj to free: [(2, 4, 3)]

  bits=342, scores=(np.int64(1), np.int64(2), np.int64(2), np.int64(2), np.int64(3)), #free=2, #dom=2
  bad vertices: [0, 1, 2]
  free cycles: [(1, 4, 3), (2, 4, 3)]
  dom cycle (0, 3, 1), dom=[2], adj to free: [(1, 4, 3)]
  dom cycle (0, 2, 4), dom=[1], adj to free: [(2, 4, 3)]

  bits=349, scores=(np.int64(1), np.int64(2), np.int64(2), np.int64(2), np.int64(3)), #free=2, #dom=2
  bad vertices: [0, 1, 4]
  free cycles: [(0, 3, 2), (2, 4, 3)]
  dom cycle (0, 1, 2), dom=[4], adj to free: [(0, 3, 2)]
  dom cycle (1, 4, 3), dom=[0], adj to free: [(2, 4, 3)]

  bits=350, scores=(np.int64(1), np.int64(1), np.int64(2), np.int64(3), np.int64(3)), #free=1, #dom=2
  bad vertices: [0, 2]
  free cycles: [(1, 4, 3)]
  dom cycle (0, 3, 1), dom=[2], adj to free: [(1, 4, 3)]
  dom cycle (2, 4, 3), dom=[0], adj to free: [(1, 4, 3)]

  bits=353, scores=(np.int64(1), np.int64(2), np.int64(2), np.int64(2), np.int64(3)), #free=2, #dom=2
  bad vertices: [0, 2, 4]
  free cycles: [(0, 1, 3), (1, 3, 2)]
  dom cycle (0, 1, 4), dom=[2], adj to free: [(0, 1, 3)]
  dom cycle (2, 4, 3), dom=[0], adj to free: [(1, 3, 2)]

  bits=359, scores=(np.int64(1), np.int64(2), np.int64(2), np.int64(2), np.int64(3)), #free=2, #dom=2
  bad vertices: [0, 1, 3]
  free cycles: [(0, 2, 4), (2, 4, 3)]
  dom cycle (0, 1, 4), dom=[3], adj to free: [(0, 2, 4)]
  dom cycle (1, 3, 2), dom=[0], adj to free: [(2, 4, 3)]

  bits=360, scores=(np.int64(1), np.int64(1), np.int64(2), np.int64(3), np.int64(3)), #free=1, #dom=2
  bad vertices: [0, 1]
  free cycles: [(2, 4, 3)]
  dom cycle (0, 4, 3), dom=[1], adj to free: [(2, 4, 3)]
  dom cycle (1, 3, 2), dom=[0], adj to free: [(2, 4, 3)]

  bits=362, scores=(np.int64(1), np.int64(2), np.int64(2), np.int64(2), np.int64(3)), #free=2, #dom=2
  bad vertices: [0, 1, 4]
  free cycles: [(1, 3, 2), (2, 4, 3)]
  dom cycle (0, 2, 1), dom=[4], adj to free: [(1, 3, 2)]
  dom cycle (0, 4, 3), dom=[1], adj to free: [(2, 4, 3)]

  bits=366, scores=(np.int64(1), np.int64(1), np.int64(2), np.int64(3), np.int64(3)), #free=1, #dom=2
  bad vertices: [0, 4]
  free cycles: [(1, 3, 2)]
  dom cycle (0, 2, 1), dom=[4], adj to free: [(1, 3, 2)]
  dom cycle (2, 4, 3), dom=[0], adj to free: [(1, 3, 2)]

  bits=371, scores=(np.int64(1), np.int64(2), np.int64(2), np.int64(2), np.int64(3)), #free=2, #dom=2
  bad vertices: [1, 2, 3]
  free cycles: [(0, 1, 4), (0, 2, 4)]
  dom cycle (0, 1, 3), dom=[2], adj to free: [(0, 1, 4)]
  dom cycle (2, 4, 3), dom=[1], adj to free: [(0, 2, 4)]

  bits=373, scores=(np.int64(1), np.int64(2), np.int64(2), np.int64(2), np.int64(3)), #free=2, #dom=2
  bad vertices: [1, 3, 4]
  free cycles: [(0, 1, 2), (0, 3, 2)]
  dom cycle (0, 1, 4), dom=[3], adj to free: [(0, 1, 2)]
  dom cycle (2, 4, 3), dom=[1], adj to free: [(0, 3, 2)]

  bits=375, scores=(np.int64(1), np.int64(1), np.int64(2), np.int64(3), np.int64(3)), #free=1, #dom=2
  bad vertices: [1, 3]
  free cycles: [(0, 2, 4)]
  dom cycle (0, 1, 4), dom=[3], adj to free: [(0, 2, 4)]
  dom cycle (2, 4, 3), dom=[1], adj to free: [(0, 2, 4)]

  bits=377, scores=(np.int64(1), np.int64(2), np.int64(2), np.int64(2), np.int64(3)), #free=2, #dom=2
  bad vertices: [1, 2, 4]
  free cycles: [(0, 1, 3), (0, 4, 3)]
  dom cycle (0, 1, 2), dom=[4], adj to free: [(0, 1, 3)]
  dom cycle (2, 4, 3), dom=[1], adj to free: [(0, 4, 3)]

  bits=379, scores=(np.int64(1), np.int64(1), np.int64(2), np.int64(3), np.int64(3)), #free=1, #dom=2
  bad vertices: [1, 2]
  free cycles: [(0, 4, 3)]
  dom cycle (0, 1, 3), dom=[2], adj to free: [(0, 4, 3)]
  dom cycle (2, 4, 3), dom=[1], adj to free: [(0, 4, 3)]

  bits=381, scores=(np.int64(1), np.int64(1), np.int64(2), np.int64(3), np.int64(3)), #free=1, #dom=2
  bad vertices: [1, 4]
  free cycles: [(0, 3, 2)]
  dom cycle (0, 1, 2), dom=[4], adj to free: [(0, 3, 2)]
  dom cycle (2, 4, 3), dom=[1], adj to free: [(0, 3, 2)]

  bits=390, scores=(np.int64(1), np.int64(1), np.int64(2), np.int64(3), np.int64(3)), #free=1, #dom=2
  bad vertices: [3, 4]
  free cycles: [(0, 2, 1)]
  dom cycle (0, 3, 1), dom=[4], adj to free: [(0, 2, 1)]
  dom cycle (0, 2, 4), dom=[3], adj to free: [(0, 2, 1)]

  bits=404, scores=(np.int64(1), np.int64(1), np.int64(2), np.int64(3), np.int64(3)), #free=1, #dom=2
  bad vertices: [0, 4]
  free cycles: [(1, 2, 3)]
  dom cycle (0, 3, 1), dom=[4], adj to free: [(1, 2, 3)]
  dom cycle (1, 2, 4), dom=[0], adj to free: [(1, 2, 3)]

  bits=406, scores=(np.int64(1), np.int64(2), np.int64(2), np.int64(2), np.int64(3)), #free=2, #dom=2
  bad vertices: [0, 3, 4]
  free cycles: [(1, 2, 3), (1, 2, 4)]
  dom cycle (0, 3, 1), dom=[4], adj to free: [(1, 2, 3)]
  dom cycle (0, 2, 4), dom=[3], adj to free: [(1, 2, 4)]

  bits=407, scores=(np.int64(1), np.int64(1), np.int64(2), np.int64(3), np.int64(3)), #free=1, #dom=2
  bad vertices: [0, 3]
  free cycles: [(1, 2, 4)]
  dom cycle (0, 2, 4), dom=[3], adj to free: [(1, 2, 4)]
  dom cycle (1, 2, 3), dom=[0], adj to free: [(1, 2, 4)]

  bits=408, scores=(np.int64(1), np.int64(2), np.int64(2), np.int64(2), np.int64(3)), #free=2, #dom=2
  bad vertices: [0, 2, 3]
  free cycles: [(0, 4, 1), (1, 2, 4)]
  dom cycle (0, 4, 3), dom=[2], adj to free: [(0, 4, 1)]
  dom cycle (1, 2, 3), dom=[0], adj to free: [(1, 2, 4)]

  bits=411, scores=(np.int64(1), np.int64(2), np.int64(2), np.int64(2), np.int64(3)), #free=2, #dom=2
  bad vertices: [0, 1, 4]
  free cycles: [(0, 2, 3), (1, 2, 3)]
  dom cycle (0, 4, 3), dom=[1], adj to free: [(0, 2, 3)]
  dom cycle (1, 2, 4), dom=[0], adj to free: [(1, 2, 3)]

  bits=419, scores=(np.int64(1), np.int64(1), np.int64(2), np.int64(3), np.int64(3)), #free=1, #dom=2
  bad vertices: [1, 4]
  free cycles: [(0, 2, 3)]
  dom cycle (0, 1, 3), dom=[4], adj to free: [(0, 2, 3)]
  dom cycle (0, 2, 4), dom=[1], adj to free: [(0, 2, 3)]

  bits=433, scores=(np.int64(1), np.int64(1), np.int64(2), np.int64(3), np.int64(3)), #free=1, #dom=2
  bad vertices: [3, 4]
  free cycles: [(0, 1, 2)]
  dom cycle (0, 1, 3), dom=[4], adj to free: [(0, 1, 2)]
  dom cycle (1, 2, 4), dom=[3], adj to free: [(0, 1, 2)]

  bits=434, scores=(np.int64(1), np.int64(1), np.int64(2), np.int64(3), np.int64(3)), #free=1, #dom=2
  bad vertices: [1, 3]
  free cycles: [(0, 2, 4)]
  dom cycle (0, 2, 3), dom=[1], adj to free: [(0, 2, 4)]
  dom cycle (1, 2, 4), dom=[3], adj to free: [(0, 2, 4)]

  bits=435, scores=(np.int64(1), np.int64(2), np.int64(2), np.int64(2), np.int64(3)), #free=2, #dom=2
  bad vertices: [1, 3, 4]
  free cycles: [(0, 2, 3), (0, 2, 4)]
  dom cycle (0, 1, 3), dom=[4], adj to free: [(0, 2, 3)]
  dom cycle (1, 2, 4), dom=[3], adj to free: [(0, 2, 4)]

  bits=440, scores=(np.int64(1), np.int64(1), np.int64(2), np.int64(3), np.int64(3)), #free=1, #dom=2
  bad vertices: [2, 3]
  free cycles: [(0, 4, 1)]
  dom cycle (0, 4, 3), dom=[2], adj to free: [(0, 4, 1)]
  dom cycle (1, 2, 4), dom=[3], adj to free: [(0, 4, 1)]

  bits=441, scores=(np.int64(1), np.int64(2), np.int64(2), np.int64(2), np.int64(3)), #free=2, #dom=2
  bad vertices: [2, 3, 4]
  free cycles: [(0, 1, 2), (0, 1, 3)]
  dom cycle (0, 4, 3), dom=[2], adj to free: [(0, 1, 3)]
  dom cycle (1, 2, 4), dom=[3], adj to free: [(0, 1, 2)]

  bits=442, scores=(np.int64(1), np.int64(2), np.int64(2), np.int64(2), np.int64(3)), #free=2, #dom=2
  bad vertices: [1, 2, 3]
  free cycles: [(0, 4, 1), (0, 4, 3)]
  dom cycle (0, 2, 3), dom=[1], adj to free: [(0, 4, 3)]
  dom cycle (1, 2, 4), dom=[3], adj to free: [(0, 4, 1)]

  bits=451, scores=(np.int64(1), np.int64(2), np.int64(2), np.int64(2), np.int64(3)), #free=2, #dom=2
  bad vertices: [1, 2, 3]
  free cycles: [(0, 1, 4), (0, 2, 4)]
  dom cycle (0, 2, 3), dom=[1], adj to free: [(0, 2, 4)]
  dom cycle (1, 4, 3), dom=[2], adj to free: [(0, 1, 4)]

  bits=454, scores=(np.int64(1), np.int64(2), np.int64(2), np.int64(2), np.int64(3)), #free=2, #dom=2
  bad vertices: [2, 3, 4]
  free cycles: [(0, 2, 1), (0, 3, 1)]
  dom cycle (0, 2, 4), dom=[3], adj to free: [(0, 2, 1)]
  dom cycle (1, 4, 3), dom=[2], adj to free: [(0, 3, 1)]

  bits=455, scores=(np.int64(1), np.int64(1), np.int64(2), np.int64(3), np.int64(3)), #free=1, #dom=2
  bad vertices: [2, 3]
  free cycles: [(0, 1, 4)]
  dom cycle (0, 2, 4), dom=[3], adj to free: [(0, 1, 4)]
  dom cycle (1, 4, 3), dom=[2], adj to free: [(0, 1, 4)]

  bits=458, scores=(np.int64(1), np.int64(2), np.int64(2), np.int64(2), np.int64(3)), #free=2, #dom=2
  bad vertices: [1, 2, 4]
  free cycles: [(0, 2, 3), (0, 4, 3)]
  dom cycle (0, 2, 1), dom=[4], adj to free: [(0, 2, 3)]
  dom cycle (1, 4, 3), dom=[2], adj to free: [(0, 4, 3)]

  bits=459, scores=(np.int64(1), np.int64(1), np.int64(2), np.int64(3), np.int64(3)), #free=1, #dom=2
  bad vertices: [1, 2]
  free cycles: [(0, 4, 3)]
  dom cycle (0, 2, 3), dom=[1], adj to free: [(0, 4, 3)]
  dom cycle (1, 4, 3), dom=[2], adj to free: [(0, 4, 3)]

  bits=462, scores=(np.int64(1), np.int64(1), np.int64(2), np.int64(3), np.int64(3)), #free=1, #dom=2
  bad vertices: [2, 4]
  free cycles: [(0, 3, 1)]
  dom cycle (0, 2, 1), dom=[4], adj to free: [(0, 3, 1)]
  dom cycle (1, 4, 3), dom=[2], adj to free: [(0, 3, 1)]

  bits=466, scores=(np.int64(1), np.int64(2), np.int64(2), np.int64(2), np.int64(3)), #free=2, #dom=2
  bad vertices: [0, 1, 4]
  free cycles: [(0, 2, 3), (1, 2, 3)]
  dom cycle (0, 2, 4), dom=[1], adj to free: [(0, 2, 3)]
  dom cycle (1, 4, 3), dom=[0], adj to free: [(1, 2, 3)]

  bits=471, scores=(np.int64(1), np.int64(2), np.int64(2), np.int64(2), np.int64(3)), #free=2, #dom=2
  bad vertices: [0, 2, 3]
  free cycles: [(0, 1, 4), (1, 4, 3)]
  dom cycle (0, 2, 4), dom=[3], adj to free: [(0, 1, 4)]
  dom cycle (1, 2, 3), dom=[0], adj to free: [(1, 4, 3)]

  bits=472, scores=(np.int64(1), np.int64(1), np.int64(2), np.int64(3), np.int64(3)), #free=1, #dom=2
  bad vertices: [0, 2]
  free cycles: [(1, 4, 3)]
  dom cycle (0, 4, 3), dom=[2], adj to free: [(1, 4, 3)]
  dom cycle (1, 2, 3), dom=[0], adj to free: [(1, 4, 3)]

  bits=473, scores=(np.int64(1), np.int64(2), np.int64(2), np.int64(2), np.int64(3)), #free=2, #dom=2
  bad vertices: [0, 2, 4]
  free cycles: [(1, 2, 3), (1, 4, 3)]
  dom cycle (0, 1, 2), dom=[4], adj to free: [(1, 2, 3)]
  dom cycle (0, 4, 3), dom=[2], adj to free: [(1, 4, 3)]

  bits=477, scores=(np.int64(1), np.int64(1), np.int64(2), np.int64(3), np.int64(3)), #free=1, #dom=2
  bad vertices: [0, 4]
  free cycles: [(1, 2, 3)]
  dom cycle (0, 1, 2), dom=[4], adj to free: [(1, 2, 3)]
  dom cycle (1, 4, 3), dom=[0], adj to free: [(1, 2, 3)]

  bits=490, scores=(np.int64(1), np.int64(1), np.int64(2), np.int64(3), np.int64(3)), #free=1, #dom=2
  bad vertices: [1, 4]
  free cycles: [(0, 2, 3)]
  dom cycle (0, 2, 1), dom=[4], adj to free: [(0, 2, 3)]
  dom cycle (0, 4, 3), dom=[1], adj to free: [(0, 2, 3)]

  bits=505, scores=(np.int64(1), np.int64(1), np.int64(2), np.int64(3), np.int64(3)), #free=1, #dom=2
  bad vertices: [2, 4]
  free cycles: [(0, 1, 3)]
  dom cycle (0, 1, 2), dom=[4], adj to free: [(0, 1, 3)]
  dom cycle (0, 4, 3), dom=[2], adj to free: [(0, 1, 3)]

  bits=518, scores=(np.int64(1), np.int64(1), np.int64(2), np.int64(3), np.int64(3)), #free=1, #dom=2
  bad vertices: [2, 4]
  free cycles: [(0, 3, 1)]
  dom cycle (0, 2, 1), dom=[4], adj to free: [(0, 3, 1)]
  dom cycle (0, 3, 4), dom=[2], adj to free: [(0, 3, 1)]

  bits=533, scores=(np.int64(1), np.int64(1), np.int64(2), np.int64(3), np.int64(3)), #free=1, #dom=2
  bad vertices: [1, 4]
  free cycles: [(0, 3, 2)]
  dom cycle (0, 1, 2), dom=[4], adj to free: [(0, 3, 2)]
  dom cycle (0, 3, 4), dom=[1], adj to free: [(0, 3, 2)]

  bits=546, scores=(np.int64(1), np.int64(1), np.int64(2), np.int64(3), np.int64(3)), #free=1, #dom=2
  bad vertices: [0, 4]
  free cycles: [(1, 3, 2)]
  dom cycle (0, 2, 1), dom=[4], adj to free: [(1, 3, 2)]
  dom cycle (1, 3, 4), dom=[0], adj to free: [(1, 3, 2)]

  bits=550, scores=(np.int64(1), np.int64(2), np.int64(2), np.int64(2), np.int64(3)), #free=2, #dom=2
  bad vertices: [0, 2, 4]
  free cycles: [(1, 3, 2), (1, 3, 4)]
  dom cycle (0, 2, 1), dom=[4], adj to free: [(1, 3, 2)]
  dom cycle (0, 3, 4), dom=[2], adj to free: [(1, 3, 4)]

  bits=551, scores=(np.int64(1), np.int64(1), np.int64(2), np.int64(3), np.int64(3)), #free=1, #dom=2
  bad vertices: [0, 2]
  free cycles: [(1, 3, 4)]
  dom cycle (0, 3, 4), dom=[2], adj to free: [(1, 3, 4)]
  dom cycle (1, 3, 2), dom=[0], adj to free: [(1, 3, 4)]

  bits=552, scores=(np.int64(1), np.int64(2), np.int64(2), np.int64(2), np.int64(3)), #free=2, #dom=2
  bad vertices: [0, 2, 3]
  free cycles: [(0, 4, 1), (1, 3, 4)]
  dom cycle (0, 4, 2), dom=[3], adj to free: [(0, 4, 1)]
  dom cycle (1, 3, 2), dom=[0], adj to free: [(1, 3, 4)]

  bits=557, scores=(np.int64(1), np.int64(2), np.int64(2), np.int64(2), np.int64(3)), #free=2, #dom=2
  bad vertices: [0, 1, 4]
  free cycles: [(0, 3, 2), (1, 3, 2)]
  dom cycle (0, 4, 2), dom=[1], adj to free: [(0, 3, 2)]
  dom cycle (1, 3, 4), dom=[0], adj to free: [(1, 3, 2)]

  bits=561, scores=(np.int64(1), np.int64(1), np.int64(2), np.int64(3), np.int64(3)), #free=1, #dom=2
  bad vertices: [2, 4]
  free cycles: [(0, 1, 3)]
  dom cycle (0, 1, 2), dom=[4], adj to free: [(0, 1, 3)]
  dom cycle (1, 3, 4), dom=[2], adj to free: [(0, 1, 3)]

  bits=564, scores=(np.int64(1), np.int64(1), np.int64(2), np.int64(3), np.int64(3)), #free=1, #dom=2
  bad vertices: [1, 2]
  free cycles: [(0, 3, 4)]
  dom cycle (0, 3, 2), dom=[1], adj to free: [(0, 3, 4)]
  dom cycle (1, 3, 4), dom=[2], adj to free: [(0, 3, 4)]

  bits=565, scores=(np.int64(1), np.int64(2), np.int64(2), np.int64(2), np.int64(3)), #free=2, #dom=2
  bad vertices: [1, 2, 4]
  free cycles: [(0, 3, 2), (0, 3, 4)]
  dom cycle (0, 1, 2), dom=[4], adj to free: [(0, 3, 2)]
  dom cycle (1, 3, 4), dom=[2], adj to free: [(0, 3, 4)]

  bits=568, scores=(np.int64(1), np.int64(1), np.int64(2), np.int64(3), np.int64(3)), #free=1, #dom=2
  bad vertices: [2, 3]
  free cycles: [(0, 4, 1)]
  dom cycle (0, 4, 2), dom=[3], adj to free: [(0, 4, 1)]
  dom cycle (1, 3, 4), dom=[2], adj to free: [(0, 4, 1)]

  bits=569, scores=(np.int64(1), np.int64(2), np.int64(2), np.int64(2), np.int64(3)), #free=2, #dom=2
  bad vertices: [2, 3, 4]
  free cycles: [(0, 1, 2), (0, 1, 3)]
  dom cycle (0, 4, 2), dom=[3], adj to free: [(0, 1, 2)]
  dom cycle (1, 3, 4), dom=[2], adj to free: [(0, 1, 3)]

  bits=572, scores=(np.int64(1), np.int64(2), np.int64(2), np.int64(2), np.int64(3)), #free=2, #dom=2
  bad vertices: [1, 2, 3]
  free cycles: [(0, 4, 1), (0, 4, 2)]
  dom cycle (0, 3, 2), dom=[1], adj to free: [(0, 4, 2)]
  dom cycle (1, 3, 4), dom=[2], adj to free: [(0, 4, 1)]

  bits=581, scores=(np.int64(1), np.int64(2), np.int64(2), np.int64(2), np.int64(3)), #free=2, #dom=2
  bad vertices: [1, 2, 3]
  free cycles: [(0, 1, 4), (0, 3, 4)]
  dom cycle (0, 3, 2), dom=[1], adj to free: [(0, 3, 4)]
  dom cycle (1, 4, 2), dom=[3], adj to free: [(0, 1, 4)]

  bits=582, scores=(np.int64(1), np.int64(2), np.int64(2), np.int64(2), np.int64(3)), #free=2, #dom=2
  bad vertices: [2, 3, 4]
  free cycles: [(0, 2, 1), (0, 3, 1)]
  dom cycle (0, 3, 4), dom=[2], adj to free: [(0, 3, 1)]
  dom cycle (1, 4, 2), dom=[3], adj to free: [(0, 2, 1)]

  bits=583, scores=(np.int64(1), np.int64(1), np.int64(2), np.int64(3), np.int64(3)), #free=1, #dom=2
  bad vertices: [2, 3]
  free cycles: [(0, 1, 4)]
  dom cycle (0, 3, 4), dom=[2], adj to free: [(0, 1, 4)]
  dom cycle (1, 4, 2), dom=[3], adj to free: [(0, 1, 4)]

  bits=588, scores=(np.int64(1), np.int64(2), np.int64(2), np.int64(2), np.int64(3)), #free=2, #dom=2
  bad vertices: [1, 3, 4]
  free cycles: [(0, 3, 2), (0, 4, 2)]
  dom cycle (0, 3, 1), dom=[4], adj to free: [(0, 3, 2)]
  dom cycle (1, 4, 2), dom=[3], adj to free: [(0, 4, 2)]

  bits=589, scores=(np.int64(1), np.int64(1), np.int64(2), np.int64(3), np.int64(3)), #free=1, #dom=2
  bad vertices: [1, 3]
  free cycles: [(0, 4, 2)]
  dom cycle (0, 3, 2), dom=[1], adj to free: [(0, 4, 2)]
  dom cycle (1, 4, 2), dom=[3], adj to free: [(0, 4, 2)]

  bits=590, scores=(np.int64(1), np.int64(1), np.int64(2), np.int64(3), np.int64(3)), #free=1, #dom=2
  bad vertices: [3, 4]
  free cycles: [(0, 2, 1)]
  dom cycle (0, 3, 1), dom=[4], adj to free: [(0, 2, 1)]
  dom cycle (1, 4, 2), dom=[3], adj to free: [(0, 2, 1)]

  bits=604, scores=(np.int64(1), np.int64(1), np.int64(2), np.int64(3), np.int64(3)), #free=1, #dom=2
  bad vertices: [1, 4]
  free cycles: [(0, 3, 2)]
  dom cycle (0, 3, 1), dom=[4], adj to free: [(0, 3, 2)]
  dom cycle (0, 4, 2), dom=[1], adj to free: [(0, 3, 2)]

  bits=612, scores=(np.int64(1), np.int64(2), np.int64(2), np.int64(2), np.int64(3)), #free=2, #dom=2
  bad vertices: [0, 1, 4]
  free cycles: [(0, 3, 2), (1, 3, 2)]
  dom cycle (0, 3, 4), dom=[1], adj to free: [(0, 3, 2)]
  dom cycle (1, 4, 2), dom=[0], adj to free: [(1, 3, 2)]

  bits=615, scores=(np.int64(1), np.int64(2), np.int64(2), np.int64(2), np.int64(3)), #free=2, #dom=2
  bad vertices: [0, 2, 3]
  free cycles: [(0, 1, 4), (1, 4, 2)]
  dom cycle (0, 3, 4), dom=[2], adj to free: [(0, 1, 4)]
  dom cycle (1, 3, 2), dom=[0], adj to free: [(1, 4, 2)]

  bits=616, scores=(np.int64(1), np.int64(1), np.int64(2), np.int64(3), np.int64(3)), #free=1, #dom=2
  bad vertices: [0, 3]
  free cycles: [(1, 4, 2)]
  dom cycle (0, 4, 2), dom=[3], adj to free: [(1, 4, 2)]
  dom cycle (1, 3, 2), dom=[0], adj to free: [(1, 4, 2)]

  bits=617, scores=(np.int64(1), np.int64(2), np.int64(2), np.int64(2), np.int64(3)), #free=2, #dom=2
  bad vertices: [0, 3, 4]
  free cycles: [(1, 3, 2), (1, 4, 2)]
  dom cycle (0, 1, 3), dom=[4], adj to free: [(1, 3, 2)]
  dom cycle (0, 4, 2), dom=[3], adj to free: [(1, 4, 2)]

  bits=619, scores=(np.int64(1), np.int64(1), np.int64(2), np.int64(3), np.int64(3)), #free=1, #dom=2
  bad vertices: [0, 4]
  free cycles: [(1, 3, 2)]
  dom cycle (0, 1, 3), dom=[4], adj to free: [(1, 3, 2)]
  dom cycle (1, 4, 2), dom=[0], adj to free: [(1, 3, 2)]

  bits=633, scores=(np.int64(1), np.int64(1), np.int64(2), np.int64(3), np.int64(3)), #free=1, #dom=2
  bad vertices: [3, 4]
  free cycles: [(0, 1, 2)]
  dom cycle (0, 1, 3), dom=[4], adj to free: [(0, 1, 2)]
  dom cycle (0, 4, 2), dom=[3], adj to free: [(0, 1, 2)]

  bits=642, scores=(np.int64(1), np.int64(1), np.int64(2), np.int64(3), np.int64(3)), #free=1, #dom=2
  bad vertices: [1, 4]
  free cycles: [(0, 2, 3)]
  dom cycle (0, 2, 1), dom=[4], adj to free: [(0, 2, 3)]
  dom cycle (2, 3, 4), dom=[1], adj to free: [(0, 2, 3)]

  bits=644, scores=(np.int64(1), np.int64(1), np.int64(2), np.int64(3), np.int64(3)), #free=1, #dom=2
  bad vertices: [1, 2]
  free cycles: [(0, 3, 4)]
  dom cycle (0, 3, 1), dom=[2], adj to free: [(0, 3, 4)]
  dom cycle (2, 3, 4), dom=[1], adj to free: [(0, 3, 4)]

  bits=646, scores=(np.int64(1), np.int64(2), np.int64(2), np.int64(2), np.int64(3)), #free=2, #dom=2
  bad vertices: [1, 2, 4]
  free cycles: [(0, 3, 1), (0, 3, 4)]
  dom cycle (0, 2, 1), dom=[4], adj to free: [(0, 3, 1)]
  dom cycle (2, 3, 4), dom=[1], adj to free: [(0, 3, 4)]

  bits=648, scores=(np.int64(1), np.int64(1), np.int64(2), np.int64(3), np.int64(3)), #free=1, #dom=2
  bad vertices: [1, 3]
  free cycles: [(0, 4, 2)]
  dom cycle (0, 4, 1), dom=[3], adj to free: [(0, 4, 2)]
  dom cycle (2, 3, 4), dom=[1], adj to free: [(0, 4, 2)]

  bits=650, scores=(np.int64(1), np.int64(2), np.int64(2), np.int64(2), np.int64(3)), #free=2, #dom=2
  bad vertices: [1, 3, 4]
  free cycles: [(0, 2, 1), (0, 2, 3)]
  dom cycle (0, 4, 1), dom=[3], adj to free: [(0, 2, 1)]
  dom cycle (2, 3, 4), dom=[1], adj to free: [(0, 2, 3)]

  bits=652, scores=(np.int64(1), np.int64(2), np.int64(2), np.int64(2), np.int64(3)), #free=2, #dom=2
  bad vertices: [1, 2, 3]
  free cycles: [(0, 4, 1), (0, 4, 2)]
  dom cycle (0, 3, 1), dom=[2], adj to free: [(0, 4, 1)]
  dom cycle (2, 3, 4), dom=[1], adj to free: [(0, 4, 2)]

  bits=657, scores=(np.int64(1), np.int64(1), np.int64(2), np.int64(3), np.int64(3)), #free=1, #dom=2
  bad vertices: [0, 4]
  free cycles: [(1, 2, 3)]
  dom cycle (0, 1, 2), dom=[4], adj to free: [(1, 2, 3)]
  dom cycle (2, 3, 4), dom=[0], adj to free: [(1, 2, 3)]

  bits=661, scores=(np.int64(1), np.int64(2), np.int64(2), np.int64(2), np.int64(3)), #free=2, #dom=2
  bad vertices: [0, 1, 4]
  free cycles: [(1, 2, 3), (2, 3, 4)]
  dom cycle (0, 1, 2), dom=[4], adj to free: [(1, 2, 3)]
  dom cycle (0, 3, 4), dom=[1], adj to free: [(2, 3, 4)]

  bits=663, scores=(np.int64(1), np.int64(1), np.int64(2), np.int64(3), np.int64(3)), #free=1, #dom=2
  bad vertices: [0, 1]
  free cycles: [(2, 3, 4)]
  dom cycle (0, 3, 4), dom=[1], adj to free: [(2, 3, 4)]
  dom cycle (1, 2, 3), dom=[0], adj to free: [(2, 3, 4)]

  bits=664, scores=(np.int64(1), np.int64(2), np.int64(2), np.int64(2), np.int64(3)), #free=2, #dom=2
  bad vertices: [0, 1, 3]
  free cycles: [(0, 4, 2), (2, 3, 4)]
  dom cycle (0, 4, 1), dom=[3], adj to free: [(0, 4, 2)]
  dom cycle (1, 2, 3), dom=[0], adj to free: [(2, 3, 4)]

  bits=670, scores=(np.int64(1), np.int64(2), np.int64(2), np.int64(2), np.int64(3)), #free=2, #dom=2
  bad vertices: [0, 2, 4]
  free cycles: [(0, 3, 1), (1, 2, 3)]
  dom cycle (0, 4, 1), dom=[2], adj to free: [(0, 3, 1)]
  dom cycle (2, 3, 4), dom=[0], adj to free: [(1, 2, 3)]

  bits=673, scores=(np.int64(1), np.int64(1), np.int64(2), np.int64(3), np.int64(3)), #free=1, #dom=2
  bad vertices: [0, 2]
  free cycles: [(1, 3, 4)]
  dom cycle (0, 1, 3), dom=[2], adj to free: [(1, 3, 4)]
  dom cycle (2, 3, 4), dom=[0], adj to free: [(1, 3, 4)]

  bits=674, scores=(np.int64(1), np.int64(2), np.int64(2), np.int64(2), np.int64(3)), #free=2, #dom=2
  bad vertices: [0, 1, 4]
  free cycles: [(0, 2, 3), (2, 3, 4)]
  dom cycle (0, 2, 1), dom=[4], adj to free: [(0, 2, 3)]
  dom cycle (1, 3, 4), dom=[0], adj to free: [(2, 3, 4)]

  bits=681, scores=(np.int64(1), np.int64(2), np.int64(2), np.int64(2), np.int64(3)), #free=2, #dom=2
  bad vertices: [0, 1, 2]
  free cycles: [(1, 3, 4), (2, 3, 4)]
  dom cycle (0, 1, 3), dom=[2], adj to free: [(1, 3, 4)]
  dom cycle (0, 4, 2), dom=[1], adj to free: [(2, 3, 4)]

  bits=685, scores=(np.int64(1), np.int64(1), np.int64(2), np.int64(3), np.int64(3)), #free=1, #dom=2
  bad vertices: [0, 1]
  free cycles: [(2, 3, 4)]
  dom cycle (0, 4, 2), dom=[1], adj to free: [(2, 3, 4)]
  dom cycle (1, 3, 4), dom=[0], adj to free: [(2, 3, 4)]

  bits=686, scores=(np.int64(1), np.int64(2), np.int64(2), np.int64(2), np.int64(3)), #free=2, #dom=2
  bad vertices: [0, 2, 3]
  free cycles: [(0, 4, 1), (1, 3, 4)]
  dom cycle (0, 2, 1), dom=[3], adj to free: [(0, 4, 1)]
  dom cycle (2, 3, 4), dom=[0], adj to free: [(1, 3, 4)]

  bits=689, scores=(np.int64(1), np.int64(2), np.int64(2), np.int64(2), np.int64(3)), #free=2, #dom=2
  bad vertices: [0, 2, 4]
  free cycles: [(0, 1, 3), (1, 3, 4)]
  dom cycle (0, 1, 2), dom=[4], adj to free: [(0, 1, 3)]
  dom cycle (2, 3, 4), dom=[0], adj to free: [(1, 3, 4)]

  bits=690, scores=(np.int64(1), np.int64(1), np.int64(2), np.int64(3), np.int64(3)), #free=1, #dom=2
  bad vertices: [0, 1]
  free cycles: [(2, 3, 4)]
  dom cycle (0, 2, 3), dom=[1], adj to free: [(2, 3, 4)]
  dom cycle (1, 3, 4), dom=[0], adj to free: [(2, 3, 4)]

  bits=698, scores=(np.int64(1), np.int64(2), np.int64(2), np.int64(2), np.int64(3)), #free=2, #dom=2
  bad vertices: [0, 1, 2]
  free cycles: [(1, 3, 4), (2, 3, 4)]
  dom cycle (0, 4, 1), dom=[2], adj to free: [(1, 3, 4)]
  dom cycle (0, 2, 3), dom=[1], adj to free: [(2, 3, 4)]

  bits=701, scores=(np.int64(1), np.int64(2), np.int64(2), np.int64(2), np.int64(3)), #free=2, #dom=2
  bad vertices: [0, 1, 3]
  free cycles: [(0, 4, 2), (2, 3, 4)]
  dom cycle (0, 1, 2), dom=[3], adj to free: [(0, 4, 2)]
  dom cycle (1, 3, 4), dom=[0], adj to free: [(2, 3, 4)]

  bits=702, scores=(np.int64(1), np.int64(1), np.int64(2), np.int64(3), np.int64(3)), #free=1, #dom=2
  bad vertices: [0, 2]
  free cycles: [(1, 3, 4)]
  dom cycle (0, 4, 1), dom=[2], adj to free: [(1, 3, 4)]
  dom cycle (2, 3, 4), dom=[0], adj to free: [(1, 3, 4)]

  bits=705, scores=(np.int64(1), np.int64(1), np.int64(2), np.int64(3), np.int64(3)), #free=1, #dom=2
  bad vertices: [0, 3]
  free cycles: [(1, 4, 2)]
  dom cycle (0, 1, 4), dom=[3], adj to free: [(1, 4, 2)]
  dom cycle (2, 3, 4), dom=[0], adj to free: [(1, 4, 2)]

  bits=707, scores=(np.int64(1), np.int64(2), np.int64(2), np.int64(2), np.int64(3)), #free=2, #dom=2
  bad vertices: [0, 1, 3]
  free cycles: [(1, 4, 2), (2, 3, 4)]
  dom cycle (0, 1, 4), dom=[3], adj to free: [(1, 4, 2)]
  dom cycle (0, 2, 3), dom=[1], adj to free: [(2, 3, 4)]

  bits=708, scores=(np.int64(1), np.int64(2), np.int64(2), np.int64(2), np.int64(3)), #free=2, #dom=2
  bad vertices: [0, 1, 2]
  free cycles: [(0, 3, 4), (2, 3, 4)]
  dom cycle (0, 3, 1), dom=[2], adj to free: [(0, 3, 4)]
  dom cycle (1, 4, 2), dom=[0], adj to free: [(2, 3, 4)]

  bits=715, scores=(np.int64(1), np.int64(1), np.int64(2), np.int64(3), np.int64(3)), #free=1, #dom=2
  bad vertices: [0, 1]
  free cycles: [(2, 3, 4)]
  dom cycle (0, 2, 3), dom=[1], adj to free: [(2, 3, 4)]
  dom cycle (1, 4, 2), dom=[0], adj to free: [(2, 3, 4)]

  bits=718, scores=(np.int64(1), np.int64(2), np.int64(2), np.int64(2), np.int64(3)), #free=2, #dom=2
  bad vertices: [0, 3, 4]
  free cycles: [(0, 2, 1), (1, 4, 2)]
  dom cycle (0, 3, 1), dom=[4], adj to free: [(0, 2, 1)]
  dom cycle (2, 3, 4), dom=[0], adj to free: [(1, 4, 2)]

  bits=721, scores=(np.int64(1), np.int64(2), np.int64(2), np.int64(2), np.int64(3)), #free=2, #dom=2
  bad vertices: [0, 3, 4]
  free cycles: [(0, 1, 2), (1, 2, 3)]
  dom cycle (0, 1, 4), dom=[3], adj to free: [(0, 1, 2)]
  dom cycle (2, 3, 4), dom=[0], adj to free: [(1, 2, 3)]

  bits=727, scores=(np.int64(1), np.int64(2), np.int64(2), np.int64(2), np.int64(3)), #free=2, #dom=2
  bad vertices: [0, 1, 2]
  free cycles: [(0, 3, 4), (2, 3, 4)]
  dom cycle (0, 1, 4), dom=[2], adj to free: [(0, 3, 4)]
  dom cycle (1, 2, 3), dom=[0], adj to free: [(2, 3, 4)]

  bits=728, scores=(np.int64(1), np.int64(1), np.int64(2), np.int64(3), np.int64(3)), #free=1, #dom=2
  bad vertices: [0, 1]
  free cycles: [(2, 3, 4)]
  dom cycle (0, 4, 2), dom=[1], adj to free: [(2, 3, 4)]
  dom cycle (1, 2, 3), dom=[0], adj to free: [(2, 3, 4)]

  bits=732, scores=(np.int64(1), np.int64(2), np.int64(2), np.int64(2), np.int64(3)), #free=2, #dom=2
  bad vertices: [0, 1, 4]
  free cycles: [(1, 2, 3), (2, 3, 4)]
  dom cycle (0, 3, 1), dom=[4], adj to free: [(1, 2, 3)]
  dom cycle (0, 4, 2), dom=[1], adj to free: [(2, 3, 4)]

  bits=734, scores=(np.int64(1), np.int64(1), np.int64(2), np.int64(3), np.int64(3)), #free=1, #dom=2
  bad vertices: [0, 4]
  free cycles: [(1, 2, 3)]
  dom cycle (0, 3, 1), dom=[4], adj to free: [(1, 2, 3)]
  dom cycle (2, 3, 4), dom=[0], adj to free: [(1, 2, 3)]

  bits=737, scores=(np.int64(1), np.int64(2), np.int64(2), np.int64(2), np.int64(3)), #free=2, #dom=2
  bad vertices: [0, 2, 3]
  free cycles: [(0, 1, 4), (1, 4, 2)]
  dom cycle (0, 1, 3), dom=[2], adj to free: [(0, 1, 4)]
  dom cycle (2, 3, 4), dom=[0], adj to free: [(1, 4, 2)]

  bits=740, scores=(np.int64(1), np.int64(1), np.int64(2), np.int64(3), np.int64(3)), #free=1, #dom=2
  bad vertices: [0, 1]
  free cycles: [(2, 3, 4)]
  dom cycle (0, 3, 4), dom=[1], adj to free: [(2, 3, 4)]
  dom cycle (1, 4, 2), dom=[0], adj to free: [(2, 3, 4)]

  bits=742, scores=(np.int64(1), np.int64(2), np.int64(2), np.int64(2), np.int64(3)), #free=2, #dom=2
  bad vertices: [0, 1, 3]
  free cycles: [(1, 4, 2), (2, 3, 4)]
  dom cycle (0, 2, 1), dom=[3], adj to free: [(1, 4, 2)]
  dom cycle (0, 3, 4), dom=[1], adj to free: [(2, 3, 4)]

  bits=747, scores=(np.int64(1), np.int64(2), np.int64(2), np.int64(2), np.int64(3)), #free=2, #dom=2
  bad vertices: [0, 1, 4]
  free cycles: [(0, 2, 3), (2, 3, 4)]
  dom cycle (0, 1, 3), dom=[4], adj to free: [(0, 2, 3)]
  dom cycle (1, 4, 2), dom=[0], adj to free: [(2, 3, 4)]

  bits=750, scores=(np.int64(1), np.int64(1), np.int64(2), np.int64(3), np.int64(3)), #free=1, #dom=2
  bad vertices: [0, 3]
  free cycles: [(1, 4, 2)]
  dom cycle (0, 2, 1), dom=[3], adj to free: [(1, 4, 2)]
  dom cycle (2, 3, 4), dom=[0], adj to free: [(1, 4, 2)]

  bits=755, scores=(np.int64(1), np.int64(2), np.int64(2), np.int64(2), np.int64(3)), #free=2, #dom=2
  bad vertices: [1, 2, 4]
  free cycles: [(0, 1, 3), (0, 2, 3)]
  dom cycle (0, 1, 4), dom=[2], adj to free: [(0, 1, 3)]
  dom cycle (2, 3, 4), dom=[1], adj to free: [(0, 2, 3)]

  bits=757, scores=(np.int64(1), np.int64(2), np.int64(2), np.int64(2), np.int64(3)), #free=2, #dom=2
  bad vertices: [1, 2, 3]
  free cycles: [(0, 1, 4), (0, 3, 4)]
  dom cycle (0, 1, 2), dom=[3], adj to free: [(0, 1, 4)]
  dom cycle (2, 3, 4), dom=[1], adj to free: [(0, 3, 4)]

  bits=759, scores=(np.int64(1), np.int64(1), np.int64(2), np.int64(3), np.int64(3)), #free=1, #dom=2
  bad vertices: [1, 2]
  free cycles: [(0, 3, 4)]
  dom cycle (0, 1, 4), dom=[2], adj to free: [(0, 3, 4)]
  dom cycle (2, 3, 4), dom=[1], adj to free: [(0, 3, 4)]

  bits=761, scores=(np.int64(1), np.int64(2), np.int64(2), np.int64(2), np.int64(3)), #free=2, #dom=2
  bad vertices: [1, 3, 4]
  free cycles: [(0, 1, 2), (0, 4, 2)]
  dom cycle (0, 1, 3), dom=[4], adj to free: [(0, 1, 2)]
  dom cycle (2, 3, 4), dom=[1], adj to free: [(0, 4, 2)]

  bits=763, scores=(np.int64(1), np.int64(1), np.int64(2), np.int64(3), np.int64(3)), #free=1, #dom=2
  bad vertices: [1, 4]
  free cycles: [(0, 2, 3)]
  dom cycle (0, 1, 3), dom=[4], adj to free: [(0, 2, 3)]
  dom cycle (2, 3, 4), dom=[1], adj to free: [(0, 2, 3)]

  bits=765, scores=(np.int64(1), np.int64(1), np.int64(2), np.int64(3), np.int64(3)), #free=1, #dom=2
  bad vertices: [1, 3]
  free cycles: [(0, 4, 2)]
  dom cycle (0, 1, 2), dom=[3], adj to free: [(0, 4, 2)]
  dom cycle (2, 3, 4), dom=[1], adj to free: [(0, 4, 2)]

  bits=780, scores=(np.int64(1), np.int64(1), np.int64(2), np.int64(3), np.int64(3)), #free=1, #dom=2
  bad vertices: [2, 4]
  free cycles: [(0, 3, 1)]
  dom cycle (0, 4, 1), dom=[2], adj to free: [(0, 3, 1)]
  dom cycle (0, 3, 2), dom=[4], adj to free: [(0, 3, 1)]

  bits=789, scores=(np.int64(1), np.int64(2), np.int64(2), np.int64(2), np.int64(3)), #free=2, #dom=2
  bad vertices: [1, 3, 4]
  free cycles: [(0, 1, 2), (0, 3, 2)]
  dom cycle (0, 3, 4), dom=[1], adj to free: [(0, 3, 2)]
  dom cycle (1, 2, 4), dom=[3], adj to free: [(0, 1, 2)]

  bits=790, scores=(np.int64(1), np.int64(2), np.int64(2), np.int64(2), np.int64(3)), #free=2, #dom=2
  bad vertices: [1, 2, 3]
  free cycles: [(0, 2, 4), (0, 3, 4)]
  dom cycle (0, 3, 1), dom=[2], adj to free: [(0, 3, 4)]
  dom cycle (1, 2, 4), dom=[3], adj to free: [(0, 2, 4)]

  bits=791, scores=(np.int64(1), np.int64(1), np.int64(2), np.int64(3), np.int64(3)), #free=1, #dom=2
  bad vertices: [1, 3]
  free cycles: [(0, 2, 4)]
  dom cycle (0, 3, 4), dom=[1], adj to free: [(0, 2, 4)]
  dom cycle (1, 2, 4), dom=[3], adj to free: [(0, 2, 4)]

  bits=796, scores=(np.int64(1), np.int64(2), np.int64(2), np.int64(2), np.int64(3)), #free=2, #dom=2
  bad vertices: [2, 3, 4]
  free cycles: [(0, 3, 1), (0, 4, 1)]
  dom cycle (0, 3, 2), dom=[4], adj to free: [(0, 3, 1)]
  dom cycle (1, 2, 4), dom=[3], adj to free: [(0, 4, 1)]

  bits=797, scores=(np.int64(1), np.int64(1), np.int64(2), np.int64(3), np.int64(3)), #free=1, #dom=2
  bad vertices: [3, 4]
  free cycles: [(0, 1, 2)]
  dom cycle (0, 3, 2), dom=[4], adj to free: [(0, 1, 2)]
  dom cycle (1, 2, 4), dom=[3], adj to free: [(0, 1, 2)]

  bits=798, scores=(np.int64(1), np.int64(1), np.int64(2), np.int64(3), np.int64(3)), #free=1, #dom=2
  bad vertices: [2, 3]
  free cycles: [(0, 4, 1)]
  dom cycle (0, 3, 1), dom=[2], adj to free: [(0, 4, 1)]
  dom cycle (1, 2, 4), dom=[3], adj to free: [(0, 4, 1)]

  bits=802, scores=(np.int64(1), np.int64(2), np.int64(2), np.int64(2), np.int64(3)), #free=2, #dom=2
  bad vertices: [0, 3, 4]
  free cycles: [(0, 2, 1), (1, 3, 2)]
  dom cycle (0, 2, 4), dom=[3], adj to free: [(0, 2, 1)]
  dom cycle (1, 3, 4), dom=[0], adj to free: [(1, 3, 2)]

  bits=807, scores=(np.int64(1), np.int64(2), np.int64(2), np.int64(2), np.int64(3)), #free=2, #dom=2
  bad vertices: [0, 1, 2]
  free cycles: [(0, 3, 4), (1, 3, 4)]
  dom cycle (0, 2, 4), dom=[1], adj to free: [(0, 3, 4)]
  dom cycle (1, 3, 2), dom=[0], adj to free: [(1, 3, 4)]

  bits=808, scores=(np.int64(1), np.int64(1), np.int64(2), np.int64(3), np.int64(3)), #free=1, #dom=2
  bad vertices: [0, 2]
  free cycles: [(1, 3, 4)]
  dom cycle (0, 4, 1), dom=[2], adj to free: [(1, 3, 4)]
  dom cycle (1, 3, 2), dom=[0], adj to free: [(1, 3, 4)]

  bits=812, scores=(np.int64(1), np.int64(2), np.int64(2), np.int64(2), np.int64(3)), #free=2, #dom=2
  bad vertices: [0, 2, 4]
  free cycles: [(1, 3, 2), (1, 3, 4)]
  dom cycle (0, 4, 1), dom=[2], adj to free: [(1, 3, 4)]
  dom cycle (0, 3, 2), dom=[4], adj to free: [(1, 3, 2)]

  bits=813, scores=(np.int64(1), np.int64(1), np.int64(2), np.int64(3), np.int64(3)), #free=1, #dom=2
  bad vertices: [0, 4]
  free cycles: [(1, 3, 2)]
  dom cycle (0, 3, 2), dom=[4], adj to free: [(1, 3, 2)]
  dom cycle (1, 3, 4), dom=[0], adj to free: [(1, 3, 2)]

  bits=818, scores=(np.int64(1), np.int64(1), np.int64(2), np.int64(3), np.int64(3)), #free=1, #dom=2
  bad vertices: [0, 3]
  free cycles: [(1, 2, 4)]
  dom cycle (0, 2, 4), dom=[3], adj to free: [(1, 2, 4)]
  dom cycle (1, 3, 4), dom=[0], adj to free: [(1, 2, 4)]

  bits=819, scores=(np.int64(1), np.int64(2), np.int64(2), np.int64(2), np.int64(3)), #free=2, #dom=2
  bad vertices: [0, 2, 3]
  free cycles: [(1, 2, 4), (1, 3, 4)]
  dom cycle (0, 1, 3), dom=[2], adj to free: [(1, 3, 4)]
  dom cycle (0, 2, 4), dom=[3], adj to free: [(1, 2, 4)]

  bits=820, scores=(np.int64(1), np.int64(2), np.int64(2), np.int64(2), np.int64(3)), #free=2, #dom=2
  bad vertices: [0, 1, 2]
  free cycles: [(0, 3, 4), (1, 3, 4)]
  dom cycle (0, 3, 2), dom=[1], adj to free: [(0, 3, 4)]
  dom cycle (1, 2, 4), dom=[0], adj to free: [(1, 3, 4)]

  bits=827, scores=(np.int64(1), np.int64(1), np.int64(2), np.int64(3), np.int64(3)), #free=1, #dom=2
  bad vertices: [0, 2]
  free cycles: [(1, 3, 4)]
  dom cycle (0, 1, 3), dom=[2], adj to free: [(1, 3, 4)]
  dom cycle (1, 2, 4), dom=[0], adj to free: [(1, 3, 4)]

  bits=829, scores=(np.int64(1), np.int64(2), np.int64(2), np.int64(2), np.int64(3)), #free=2, #dom=2
  bad vertices: [0, 3, 4]
  free cycles: [(0, 1, 2), (1, 2, 4)]
  dom cycle (0, 3, 2), dom=[4], adj to free: [(0, 1, 2)]
  dom cycle (1, 3, 4), dom=[0], adj to free: [(1, 2, 4)]

  bits=837, scores=(np.int64(1), np.int64(1), np.int64(2), np.int64(3), np.int64(3)), #free=1, #dom=2
  bad vertices: [1, 2]
  free cycles: [(0, 3, 4)]
  dom cycle (0, 1, 4), dom=[2], adj to free: [(0, 3, 4)]
  dom cycle (0, 3, 2), dom=[1], adj to free: [(0, 3, 4)]

  bits=854, scores=(np.int64(1), np.int64(1), np.int64(2), np.int64(3), np.int64(3)), #free=1, #dom=2
  bad vertices: [1, 2]
  free cycles: [(0, 3, 4)]
  dom cycle (0, 3, 1), dom=[2], adj to free: [(0, 3, 4)]
  dom cycle (0, 2, 4), dom=[1], adj to free: [(0, 3, 4)]

  bits=865, scores=(np.int64(1), np.int64(1), np.int64(2), np.int64(3), np.int64(3)), #free=1, #dom=2
  bad vertices: [2, 4]
  free cycles: [(0, 1, 3)]
  dom cycle (0, 1, 4), dom=[2], adj to free: [(0, 1, 3)]
  dom cycle (1, 3, 2), dom=[4], adj to free: [(0, 1, 3)]

  bits=866, scores=(np.int64(1), np.int64(1), np.int64(2), np.int64(3), np.int64(3)), #free=1, #dom=2
  bad vertices: [3, 4]
  free cycles: [(0, 2, 1)]
  dom cycle (0, 2, 4), dom=[3], adj to free: [(0, 2, 1)]
  dom cycle (1, 3, 2), dom=[4], adj to free: [(0, 2, 1)]

  bits=867, scores=(np.int64(1), np.int64(2), np.int64(2), np.int64(2), np.int64(3)), #free=2, #dom=2
  bad vertices: [2, 3, 4]
  free cycles: [(0, 1, 3), (0, 1, 4)]
  dom cycle (0, 2, 4), dom=[3], adj to free: [(0, 1, 4)]
  dom cycle (1, 3, 2), dom=[4], adj to free: [(0, 1, 3)]

  bits=868, scores=(np.int64(1), np.int64(1), np.int64(2), np.int64(3), np.int64(3)), #free=1, #dom=2
  bad vertices: [1, 4]
  free cycles: [(0, 3, 2)]
  dom cycle (0, 3, 4), dom=[1], adj to free: [(0, 3, 2)]
  dom cycle (1, 3, 2), dom=[4], adj to free: [(0, 3, 2)]

  bits=869, scores=(np.int64(1), np.int64(2), np.int64(2), np.int64(2), np.int64(3)), #free=2, #dom=2
  bad vertices: [1, 2, 4]
  free cycles: [(0, 3, 2), (0, 3, 4)]
  dom cycle (0, 1, 4), dom=[2], adj to free: [(0, 3, 4)]
  dom cycle (1, 3, 2), dom=[4], adj to free: [(0, 3, 2)]

  bits=870, scores=(np.int64(1), np.int64(2), np.int64(2), np.int64(2), np.int64(3)), #free=2, #dom=2
  bad vertices: [1, 3, 4]
  free cycles: [(0, 2, 1), (0, 2, 4)]
  dom cycle (0, 3, 4), dom=[1], adj to free: [(0, 2, 4)]
  dom cycle (1, 3, 2), dom=[4], adj to free: [(0, 2, 1)]

  bits=883, scores=(np.int64(1), np.int64(1), np.int64(2), np.int64(3), np.int64(3)), #free=1, #dom=2
  bad vertices: [2, 3]
  free cycles: [(0, 1, 4)]
  dom cycle (0, 1, 3), dom=[2], adj to free: [(0, 1, 4)]
  dom cycle (0, 2, 4), dom=[3], adj to free: [(0, 1, 4)]

  bits=906, scores=(np.int64(1), np.int64(1), np.int64(2), np.int64(3), np.int64(3)), #free=1, #dom=2
  bad vertices: [3, 4]
  free cycles: [(0, 2, 1)]
  dom cycle (0, 4, 1), dom=[3], adj to free: [(0, 2, 1)]
  dom cycle (0, 2, 3), dom=[4], adj to free: [(0, 2, 1)]

  bits=916, scores=(np.int64(1), np.int64(2), np.int64(2), np.int64(2), np.int64(3)), #free=2, #dom=2
  bad vertices: [0, 2, 4]
  free cycles: [(0, 3, 1), (1, 2, 3)]
  dom cycle (0, 3, 4), dom=[2], adj to free: [(0, 3, 1)]
  dom cycle (1, 2, 4), dom=[0], adj to free: [(1, 2, 3)]

  bits=919, scores=(np.int64(1), np.int64(2), np.int64(2), np.int64(2), np.int64(3)), #free=2, #dom=2
  bad vertices: [0, 1, 3]
  free cycles: [(0, 2, 4), (1, 2, 4)]
  dom cycle (0, 3, 4), dom=[1], adj to free: [(0, 2, 4)]
  dom cycle (1, 2, 3), dom=[0], adj to free: [(1, 2, 4)]

  bits=920, scores=(np.int64(1), np.int64(1), np.int64(2), np.int64(3), np.int64(3)), #free=1, #dom=2
  bad vertices: [0, 3]
  free cycles: [(1, 2, 4)]
  dom cycle (0, 4, 1), dom=[3], adj to free: [(1, 2, 4)]
  dom cycle (1, 2, 3), dom=[0], adj to free: [(1, 2, 4)]

  bits=922, scores=(np.int64(1), np.int64(2), np.int64(2), np.int64(2), np.int64(3)), #free=2, #dom=2
  bad vertices: [0, 3, 4]
  free cycles: [(1, 2, 3), (1, 2, 4)]
  dom cycle (0, 4, 1), dom=[3], adj to free: [(1, 2, 4)]
  dom cycle (0, 2, 3), dom=[4], adj to free: [(1, 2, 3)]

  bits=923, scores=(np.int64(1), np.int64(1), np.int64(2), np.int64(3), np.int64(3)), #free=1, #dom=2
  bad vertices: [0, 4]
  free cycles: [(1, 2, 3)]
  dom cycle (0, 2, 3), dom=[4], adj to free: [(1, 2, 3)]
  dom cycle (1, 2, 4), dom=[0], adj to free: [(1, 2, 3)]

  bits=931, scores=(np.int64(1), np.int64(2), np.int64(2), np.int64(2), np.int64(3)), #free=2, #dom=2
  bad vertices: [1, 2, 4]
  free cycles: [(0, 1, 3), (0, 2, 3)]
  dom cycle (0, 2, 4), dom=[1], adj to free: [(0, 2, 3)]
  dom cycle (1, 3, 4), dom=[2], adj to free: [(0, 1, 3)]

  bits=934, scores=(np.int64(1), np.int64(2), np.int64(2), np.int64(2), np.int64(3)), #free=2, #dom=2
  bad vertices: [1, 2, 3]
  free cycles: [(0, 2, 4), (0, 3, 4)]
  dom cycle (0, 2, 1), dom=[3], adj to free: [(0, 2, 4)]
  dom cycle (1, 3, 4), dom=[2], adj to free: [(0, 3, 4)]

  bits=935, scores=(np.int64(1), np.int64(1), np.int64(2), np.int64(3), np.int64(3)), #free=1, #dom=2
  bad vertices: [1, 2]
  free cycles: [(0, 3, 4)]
  dom cycle (0, 2, 4), dom=[1], adj to free: [(0, 3, 4)]
  dom cycle (1, 3, 4), dom=[2], adj to free: [(0, 3, 4)]

  bits=938, scores=(np.int64(1), np.int64(2), np.int64(2), np.int64(2), np.int64(3)), #free=2, #dom=2
  bad vertices: [2, 3, 4]
  free cycles: [(0, 2, 1), (0, 4, 1)]
  dom cycle (0, 2, 3), dom=[4], adj to free: [(0, 2, 1)]
  dom cycle (1, 3, 4), dom=[2], adj to free: [(0, 4, 1)]

  bits=939, scores=(np.int64(1), np.int64(1), np.int64(2), np.int64(3), np.int64(3)), #free=1, #dom=2
  bad vertices: [2, 4]
  free cycles: [(0, 1, 3)]
  dom cycle (0, 2, 3), dom=[4], adj to free: [(0, 1, 3)]
  dom cycle (1, 3, 4), dom=[2], adj to free: [(0, 1, 3)]

  bits=942, scores=(np.int64(1), np.int64(1), np.int64(2), np.int64(3), np.int64(3)), #free=1, #dom=2
  bad vertices: [2, 3]
  free cycles: [(0, 4, 1)]
  dom cycle (0, 2, 1), dom=[3], adj to free: [(0, 4, 1)]
  dom cycle (1, 3, 4), dom=[2], adj to free: [(0, 4, 1)]

  bits=946, scores=(np.int64(1), np.int64(2), np.int64(2), np.int64(2), np.int64(3)), #free=2, #dom=2
  bad vertices: [0, 1, 3]
  free cycles: [(0, 2, 4), (1, 2, 4)]
  dom cycle (0, 2, 3), dom=[1], adj to free: [(0, 2, 4)]
  dom cycle (1, 3, 4), dom=[0], adj to free: [(1, 2, 4)]

  bits=948, scores=(np.int64(1), np.int64(1), np.int64(2), np.int64(3), np.int64(3)), #free=1, #dom=2
  bad vertices: [0, 2]
  free cycles: [(1, 3, 4)]
  dom cycle (0, 3, 4), dom=[2], adj to free: [(1, 3, 4)]
  dom cycle (1, 2, 4), dom=[0], adj to free: [(1, 3, 4)]

  bits=949, scores=(np.int64(1), np.int64(2), np.int64(2), np.int64(2), np.int64(3)), #free=2, #dom=2
  bad vertices: [0, 2, 3]
  free cycles: [(1, 2, 4), (1, 3, 4)]
  dom cycle (0, 1, 2), dom=[3], adj to free: [(1, 2, 4)]
  dom cycle (0, 3, 4), dom=[2], adj to free: [(1, 3, 4)]

  bits=955, scores=(np.int64(1), np.int64(2), np.int64(2), np.int64(2), np.int64(3)), #free=2, #dom=2
  bad vertices: [0, 2, 4]
  free cycles: [(0, 1, 3), (1, 3, 4)]
  dom cycle (0, 2, 3), dom=[4], adj to free: [(0, 1, 3)]
  dom cycle (1, 2, 4), dom=[0], adj to free: [(1, 3, 4)]

  bits=957, scores=(np.int64(1), np.int64(1), np.int64(2), np.int64(3), np.int64(3)), #free=1, #dom=2
  bad vertices: [0, 3]
  free cycles: [(1, 2, 4)]
  dom cycle (0, 1, 2), dom=[3], adj to free: [(1, 2, 4)]
  dom cycle (1, 3, 4), dom=[0], adj to free: [(1, 2, 4)]

  bits=963, scores=(np.int64(1), np.int64(1), np.int64(2), np.int64(3), np.int64(3)), #free=1, #dom=2
  bad vertices: [1, 3]
  free cycles: [(0, 2, 4)]
  dom cycle (0, 1, 4), dom=[3], adj to free: [(0, 2, 4)]
  dom cycle (0, 2, 3), dom=[1], adj to free: [(0, 2, 4)]

  bits=977, scores=(np.int64(1), np.int64(1), np.int64(2), np.int64(3), np.int64(3)), #free=1, #dom=2
  bad vertices: [3, 4]
  free cycles: [(0, 1, 2)]
  dom cycle (0, 1, 4), dom=[3], adj to free: [(0, 1, 2)]
  dom cycle (1, 2, 3), dom=[4], adj to free: [(0, 1, 2)]

  bits=978, scores=(np.int64(1), np.int64(1), np.int64(2), np.int64(3), np.int64(3)), #free=1, #dom=2
  bad vertices: [1, 4]
  free cycles: [(0, 2, 3)]
  dom cycle (0, 2, 4), dom=[1], adj to free: [(0, 2, 3)]
  dom cycle (1, 2, 3), dom=[4], adj to free: [(0, 2, 3)]

  bits=979, scores=(np.int64(1), np.int64(2), np.int64(2), np.int64(2), np.int64(3)), #free=2, #dom=2
  bad vertices: [1, 3, 4]
  free cycles: [(0, 2, 3), (0, 2, 4)]
  dom cycle (0, 1, 4), dom=[3], adj to free: [(0, 2, 4)]
  dom cycle (1, 2, 3), dom=[4], adj to free: [(0, 2, 3)]

  bits=980, scores=(np.int64(1), np.int64(1), np.int64(2), np.int64(3), np.int64(3)), #free=1, #dom=2
  bad vertices: [2, 4]
  free cycles: [(0, 3, 1)]
  dom cycle (0, 3, 4), dom=[2], adj to free: [(0, 3, 1)]
  dom cycle (1, 2, 3), dom=[4], adj to free: [(0, 3, 1)]

  bits=981, scores=(np.int64(1), np.int64(2), np.int64(2), np.int64(2), np.int64(3)), #free=2, #dom=2
  bad vertices: [2, 3, 4]
  free cycles: [(0, 1, 2), (0, 1, 4)]
  dom cycle (0, 3, 4), dom=[2], adj to free: [(0, 1, 4)]
  dom cycle (1, 2, 3), dom=[4], adj to free: [(0, 1, 2)]

  bits=982, scores=(np.int64(1), np.int64(2), np.int64(2), np.int64(2), np.int64(3)), #free=2, #dom=2
  bad vertices: [1, 2, 4]
  free cycles: [(0, 3, 1), (0, 3, 4)]
  dom cycle (0, 2, 4), dom=[1], adj to free: [(0, 3, 4)]
  dom cycle (1, 2, 3), dom=[4], adj to free: [(0, 3, 1)]

  bits=998, scores=(np.int64(1), np.int64(1), np.int64(2), np.int64(3), np.int64(3)), #free=1, #dom=2
  bad vertices: [1, 3]
  free cycles: [(0, 2, 4)]
  dom cycle (0, 2, 1), dom=[3], adj to free: [(0, 2, 4)]
  dom cycle (0, 3, 4), dom=[1], adj to free: [(0, 2, 4)]

  bits=1013, scores=(np.int64(1), np.int64(1), np.int64(2), np.int64(3), np.int64(3)), #free=1, #dom=2
  bad vertices: [2, 3]
  free cycles: [(0, 1, 4)]
  dom cycle (0, 1, 2), dom=[3], adj to free: [(0, 1, 4)]
  dom cycle (0, 3, 4), dom=[2], adj to free: [(0, 1, 4)]


Approach 5: Does every n=5 b1=0 tour with free cycles have d in V(F)?
  Always has good pair (|dom|>=2 or d in V(F)): 0
  No good pair: 240

  Need to handle 240 cases differently


Approach 6: At n=5, V(F)={a,b,c}, V(D)={a,b,x}, external d
d must be external to D, so d not in {a,b,x}.
d is either c or the 5th vertex y.
If d = c: d in V(F), at-risk = {a,b,c,x} = 4, good = 1.
If d = y (5th vertex): at-risk = {a,b,c,x,y} = 5, good = 0.
So we need: for SOME (F,D) pair, d in V(F) OR |dom(D)|>=2.
Equivalently: NOT all (F,D) pairs have d = y (5th vertex) and |dom|=1.

  ALL (F,D) pairs have d outside V(F)uV(D): 240
  SOME pairs have d outside: 0
  => 240 tournaments where Lemma B gives 0 guaranteed good
