======================================================================
GLMY PATH HOMOLOGY v2 — VALIDATION
======================================================================

--- Directed 3-cycle C_3 ---
  Expected: β = [1, 1, 0] (1 component, 1 directed hole)
  Got: β = [1, 1, 0]

--- Directed path P_3 ---
  Expected: β = [1, 0, 0] (connected, contractible)
  Got: β = [1, 0, 0]

--- Transitive tournament T_3: 0->1, 0->2, 1->2 ---
  This is an acyclic tournament. Expected: β_1 = 0 (no directed holes)
  Got: β = [1, 0, 0]

--- 3-cycle tournament: 0->1, 1->2, 2->0 ---
  Got: β = [1, 1, 0]

--- Directed 4-cycle C_4 ---
  Expected: β = [1, 1, 0, 0]
  Got: β = [1, 1, 0, 0]

--- Complete bidirected K_3 ---
  Got: β = [1, 0, 2]

--- 0->1, vertex 2 isolated ---
  Got: β = [2, 0, 0]
  Expected: β_0 = 3 or 2 (depends on convention)


======================================================================
CIRCULANT DIGRAPHS C_n^S
======================================================================
  C_3^{1} (directed cycle): β = [1, 1, 0]
  C_4^{1} (directed cycle): β = [1, 1, 0, 0]
  C_5^{1} (directed cycle): β = [1, 1, 0, 0, 0]
  C_6^{1} (directed cycle): β = [1, 1, 0, 0, 0]
  C_7^{1} (directed cycle): β = [1, 1, 0, 0, 0]

  C_4^{1,2}: β = [1, 1, 0, 0]
  C_5^{1,2}: β = [1, 1, 0, 0, 0]
  C_6^{1,2}: β = [1, 1, 0, 0, 0]
  C_7^{1,2}: β = [1, 1, 0, 0, 0]

  C_5^{1,2,3}: β = [1, 0, 0, 1, 0]
  C_6^{1,2,3}: β = [1, 1, 0, 0, 0]
  C_7^{1,2,3}: β = [1, 1, 0, 0, 0]


======================================================================
ALL TOURNAMENTS — PATH HOMOLOGY
======================================================================

--- All tournaments n=3 ---
  Betti distribution:
    β=[1, 0, 0]: 6 tournaments
    β=[1, 1, 0]: 2 tournaments
  By t3:
    t3=0: {(1, 0, 0): 6}
    t3=1: {(1, 1, 0): 2}

--- All tournaments n=4 ---
  Betti distribution:
    β=[1, 0, 0, 0]: 40 tournaments
    β=[1, 1, 0, 0]: 24 tournaments
  By t3:
    t3=0: {(1, 0, 0, 0): 24}
    t3=1: {(1, 0, 0, 0): 16}
    t3=2: {(1, 1, 0, 0): 24}

--- All tournaments n=5 ---
  t3=0, H=1: β=[1, 0, 0, 0, 0]
  t3=0, H=1: β=[1, 0, 0, 0, 0]
  t3=1, H=3: β=[1, 0, 0, 0, 0]
  t3=0, H=1: β=[1, 0, 0, 0, 0]
  t3=2, H=5: β=[1, 0, 0, 0, 0]

  Betti distribution (n=5, 1024 tournaments):
    β=[1, 0, 0, 0, 0]: 720
    β=[1, 1, 0, 0, 0]: 304

  By t3:
    t3=0: {(1, 0, 0, 0, 0): 120}
    t3=1: {(1, 0, 0, 0, 0): 120}
    t3=2: {(1, 0, 0, 0, 0): 240}
    t3=3: {(1, 1, 0, 0, 0): 120, (1, 0, 0, 0, 0): 120}
    t3=4: {(1, 1, 0, 0, 0): 160, (1, 0, 0, 0, 0): 120}
    t3=5: {(1, 1, 0, 0, 0): 24}


======================================================================
GEOMETRIC INTERPRETATION
======================================================================

The GLMY path Betti numbers measure "directed topological features":

β_0 = # connected components (in path homology sense)
β_1 = # independent directed 1-holes (directed cycles not bounding anything)
β_2 = # independent directed 2-holes (directed "cavities")

For TOURNAMENTS:
- β_0 = 1 always (tournament is connected)
- β_1 depends on the 3-cycle structure
- β_2 and higher: potential higher-dimensional directed cavities

TOPOLOGICAL SPACES ANALOGY:
- β = (1,0,...) : contractible → like a point
- β = (1,1,0,...) : one 1-hole → like a circle S^1
- β = (1,2,1,...) : like a torus T^2
- β = (1,0,1,...) : one 2-hole → like a sphere S^2

SUMMARY: Which topological space does each tournament resemble?

n=3:
  β=[1, 0, 0, 0]: 40 tournaments → point
  β=[1, 1, 0, 0]: 24 tournaments → circle S^1

n=4:

n=5:
  β=[1, 0, 0, 0, 0]: 720 tournaments → point
  β=[1, 1, 0, 0, 0]: 304 tournaments → circle S^1


Done.
======================================================================
ALL n=4 TOURNAMENT TYPES: CHAIN COMPLEX
======================================================================

t3=0 (24 tournaments):
  |A_2|=4, dim(Ω_2)=4, |A_3|=1, dim(Ω_3)=1
  β = (1, 0, 0, 0)

t3=1 (16 tournaments):
  |A_2|=6, dim(Ω_2)=3, |A_3|=3, dim(Ω_3)=0
  β = (1, 0, 0, 0)

t3=2 (24 tournaments):
  |A_2|=8, dim(Ω_2)=3, |A_3|=5, dim(Ω_3)=1
  β = (1, 1, 0, 0)


======================================================================
SUBTOURNAMENT BOUNDARY DECOMPOSITION AT n=5
======================================================================
Can every 2-cycle be decomposed into boundaries from 4-vertex subtournaments?

Total tournaments with ker > 0: 1024
2-cycles filled by subtournament DT: 3600
2-cycles NOT filled: 0


======================================================================
DT PATH DENSITY AT n=5
======================================================================
(t3, #DT): count
  (0, 5): 120
  (1, 3): 120
  (2, 3): 240
  (3, 3): 120
  (3, 5): 120
  (4, 3): 160
  (4, 5): 120
  (5, 5): 24

Done.
