======================================================================
BAD VERTEX ANATOMY: When b1(T)=0, which vertices are bad?
======================================================================

======================================================================
n = 5
======================================================================

Total b1=0 tournaments: 720 (exhaustive)

Bad vertex count distribution:
  0 bad vertices: 240 (33.3%)
  1 bad vertices: 240 (33.3%)
  2 bad vertices: 120 (16.7%)
  3 bad vertices: 120 (16.7%)

When bad vertices exist (480 tournaments):
  Source (max score) is good: 180/480 (37.5%)
  Sink (min score) is good: 180/480 (37.5%)
  Source OR sink good: always? Let me check...

Bad vertex score distribution:
  score 0: 120 times
  score 1: 240 times
  score 2: 120 times
  score 3: 240 times
  score 4: 120 times

Free component vertex count (in T\v):
  4 vertices: 840

Free component cycle count (in T\v):
  2 cycles: 840

Domination type of cycles in free component:
  free_in_T: 720
  uniquely_v: 960

Detailed examples (first few bad vertices):

  Example 1: v=4, score=4
    Free comp: 2 cycles on 4 verts
    Verts in free comp: {0, 1, 2, 3}
    v beats 4, loses to 0 in free comp
    all_dom_subset_v: True
      Cycle (0, 3, 1): doms=[4], uniq_v=True, free_T=False, v_orient=beats_all
      Cycle (0, 3, 2): doms=[4], uniq_v=True, free_T=False, v_orient=beats_all

  Example 2: v=4, score=4
    Free comp: 2 cycles on 4 verts
    Verts in free comp: {0, 1, 2, 3}
    v beats 4, loses to 0 in free comp
    all_dom_subset_v: True
      Cycle (0, 2, 1): doms=[4], uniq_v=True, free_T=False, v_orient=beats_all
      Cycle (0, 3, 1): doms=[4], uniq_v=True, free_T=False, v_orient=beats_all

  Example 3: v=1, score=0
    Free comp: 2 cycles on 4 verts
    Verts in free comp: {0, 2, 3, 4}
    v beats 0, loses to 4 in free comp
    all_dom_subset_v: True
      Cycle (0, 4, 2): doms=[1], uniq_v=True, free_T=False, v_orient=loses_all
      Cycle (0, 4, 3): doms=[1], uniq_v=True, free_T=False, v_orient=loses_all

  Example 4: v=2, score=1
    Free comp: 2 cycles on 4 verts
    Verts in free comp: {0, 1, 3, 4}
    v beats 1, loses to 3 in free comp
    all_dom_subset_v: True
      Cycle (0, 4, 1): doms=[], uniq_v=False, free_T=True, v_orient=mixed
      Cycle (0, 4, 3): doms=[2], uniq_v=True, free_T=False, v_orient=loses_all

  Example 5: v=1, score=0
    Free comp: 2 cycles on 4 verts
    Verts in free comp: {0, 2, 3, 4}
    v beats 0, loses to 4 in free comp
    all_dom_subset_v: True
      Cycle (0, 3, 2): doms=[1], uniq_v=True, free_T=False, v_orient=loses_all
      Cycle (0, 4, 2): doms=[1], uniq_v=True, free_T=False, v_orient=loses_all

======================================================================
n = 6
======================================================================

Total b1=0 tournaments: 27968 (exhaustive)

Bad vertex count distribution:
  0 bad vertices: 8480 (30.3%)
  1 bad vertices: 7968 (28.5%)
  2 bad vertices: 7200 (25.7%)
  3 bad vertices: 4320 (15.4%)

When bad vertices exist (19488 tournaments):
  Source (max score) is good: 10284/19488 (52.8%)
  Sink (min score) is good: 10284/19488 (52.8%)
  Source OR sink good: always? Let me check...

Bad vertex score distribution:
  score 0: 1824 times
  score 1: 6480 times
  score 2: 9360 times
  score 3: 9360 times
  score 4: 6480 times
  score 5: 1824 times

Free component vertex count (in T\v):
  5 vertices: 35328

Free component cycle count (in T\v):
  3 cycles: 17760
  4 cycles: 14400
  5 cycles: 3168

Domination type of cycles in free component:
  free_in_T: 74880
  uniquely_v: 51840

Detailed examples (first few bad vertices):

  Example 1: v=5, score=5
    Free comp: 3 cycles on 5 verts
    Verts in free comp: {0, 1, 2, 3, 4}
    v beats 5, loses to 0 in free comp
    all_dom_subset_v: True
      Cycle (0, 4, 1): doms=[5], uniq_v=True, free_T=False, v_orient=beats_all
      Cycle (0, 4, 3): doms=[5], uniq_v=True, free_T=False, v_orient=beats_all
      Cycle (0, 4, 2): doms=[5], uniq_v=True, free_T=False, v_orient=beats_all

  Example 2: v=5, score=5
    Free comp: 4 cycles on 5 verts
    Verts in free comp: {0, 1, 2, 3, 4}
    v beats 5, loses to 0 in free comp
    all_dom_subset_v: True
      Cycle (0, 3, 1): doms=[5], uniq_v=True, free_T=False, v_orient=beats_all
      Cycle (0, 3, 2): doms=[5], uniq_v=True, free_T=False, v_orient=beats_all
      Cycle (0, 4, 2): doms=[5], uniq_v=True, free_T=False, v_orient=beats_all
      Cycle (0, 4, 1): doms=[5], uniq_v=True, free_T=False, v_orient=beats_all

  Example 3: v=5, score=5
    Free comp: 3 cycles on 5 verts
    Verts in free comp: {0, 1, 2, 3, 4}
    v beats 5, loses to 0 in free comp
    all_dom_subset_v: True
      Cycle (0, 2, 1): doms=[5], uniq_v=True, free_T=False, v_orient=beats_all
      Cycle (0, 4, 1): doms=[5], uniq_v=True, free_T=False, v_orient=beats_all
      Cycle (0, 3, 1): doms=[5], uniq_v=True, free_T=False, v_orient=beats_all

  Example 4: v=1, score=0
    Free comp: 3 cycles on 5 verts
    Verts in free comp: {0, 2, 3, 4, 5}
    v beats 0, loses to 5 in free comp
    all_dom_subset_v: True
      Cycle (0, 5, 2): doms=[1], uniq_v=True, free_T=False, v_orient=loses_all
      Cycle (0, 5, 4): doms=[1], uniq_v=True, free_T=False, v_orient=loses_all
      Cycle (0, 5, 3): doms=[1], uniq_v=True, free_T=False, v_orient=loses_all

  Example 5: v=2, score=1
    Free comp: 3 cycles on 5 verts
    Verts in free comp: {0, 1, 3, 4, 5}
    v beats 1, loses to 4 in free comp
    all_dom_subset_v: True
      Cycle (0, 5, 1): doms=[], uniq_v=False, free_T=True, v_orient=mixed
      Cycle (0, 5, 4): doms=[2], uniq_v=True, free_T=False, v_orient=loses_all
      Cycle (0, 5, 3): doms=[2], uniq_v=True, free_T=False, v_orient=loses_all

======================================================================
n = 7
======================================================================

Total b1=0 tournaments: 1918 (sampled)

Bad vertex count distribution:
  0 bad vertices: 967 (50.4%)
  1 bad vertices: 525 (27.4%)
  2 bad vertices: 316 (16.5%)
  3 bad vertices: 110 (5.7%)

When bad vertices exist (951 tournaments):
  Source (max score) is good: 677/951 (71.2%)
  Sink (min score) is good: 647/951 (68.0%)
  Source OR sink good: always? Let me check...

Bad vertex score distribution:
  score 0: 39 times
  score 1: 160 times
  score 2: 334 times
  score 3: 433 times
  score 4: 343 times
  score 5: 141 times
  score 6: 37 times

Free component vertex count (in T\v):
  6 vertices: 1487

Free component cycle count (in T\v):
  4 cycles: 577
  6 cycles: 603
  8 cycles: 307

Domination type of cycles in free component:
  free_in_T: 5464
  uniquely_v: 2918

Detailed examples (first few bad vertices):

  Example 1: v=2, score=3
    Free comp: 8 cycles on 6 verts
    Verts in free comp: {0, 1, 3, 4, 5, 6}
    v beats 3, loses to 3 in free comp
    all_dom_subset_v: True
      Cycle (0, 3, 1): doms=[], uniq_v=False, free_T=True, v_orient=mixed
      Cycle (1, 6, 3): doms=[], uniq_v=False, free_T=True, v_orient=mixed
      Cycle (1, 6, 5): doms=[], uniq_v=False, free_T=True, v_orient=mixed
      Cycle (1, 6, 4): doms=[], uniq_v=False, free_T=True, v_orient=mixed

  Example 2: v=0, score=4
    Free comp: 6 cycles on 6 verts
    Verts in free comp: {1, 2, 3, 4, 5, 6}
    v beats 4, loses to 2 in free comp
    all_dom_subset_v: True
      Cycle (1, 6, 2): doms=[0], uniq_v=True, free_T=False, v_orient=beats_all
      Cycle (2, 4, 6): doms=[], uniq_v=False, free_T=True, v_orient=mixed
      Cycle (4, 6, 5): doms=[], uniq_v=False, free_T=True, v_orient=mixed
      Cycle (3, 6, 5): doms=[], uniq_v=False, free_T=True, v_orient=mixed

  Example 3: v=2, score=1
    Free comp: 6 cycles on 6 verts
    Verts in free comp: {0, 1, 3, 4, 5, 6}
    v beats 1, loses to 5 in free comp
    all_dom_subset_v: True
      Cycle (0, 3, 1): doms=[], uniq_v=False, free_T=True, v_orient=mixed
      Cycle (1, 5, 3): doms=[2], uniq_v=True, free_T=False, v_orient=loses_all
      Cycle (3, 6, 5): doms=[2], uniq_v=True, free_T=False, v_orient=loses_all
      Cycle (3, 6, 4): doms=[2], uniq_v=True, free_T=False, v_orient=loses_all

  Example 4: v=3, score=4
    Free comp: 4 cycles on 6 verts
    Verts in free comp: {0, 1, 2, 4, 5, 6}
    v beats 4, loses to 2 in free comp
    all_dom_subset_v: True
      Cycle (0, 4, 5): doms=[], uniq_v=False, free_T=True, v_orient=mixed
      Cycle (4, 5, 6): doms=[], uniq_v=False, free_T=True, v_orient=mixed
      Cycle (2, 4, 5): doms=[3], uniq_v=True, free_T=False, v_orient=beats_all
      Cycle (1, 4, 5): doms=[3], uniq_v=True, free_T=False, v_orient=beats_all

  Example 5: v=0, score=3
    Free comp: 4 cycles on 6 verts
    Verts in free comp: {1, 2, 3, 4, 5, 6}
    v beats 3, loses to 3 in free comp
    all_dom_subset_v: True
      Cycle (1, 6, 3): doms=[], uniq_v=False, free_T=True, v_orient=mixed
      Cycle (3, 5, 6): doms=[], uniq_v=False, free_T=True, v_orient=mixed
      Cycle (3, 4, 6): doms=[], uniq_v=False, free_T=True, v_orient=mixed
      Cycle (2, 6, 3): doms=[], uniq_v=False, free_T=True, v_orient=mixed

======================================================================
DEEP ANALYSIS n=6: Bad vertex triples
======================================================================

Tournaments with b1=0 and bad vertices: 19488
Extremal vertex (max/min score) good: 18048/19488 (92.6%)
Max-dominator vertex good: 4320/19488 (22.2%)

Bad vertex score patterns:
  scores (np.int64(2), np.int64(3)): 2880
  scores (np.int64(1),): 2160
  scores (np.int64(4),): 2160
  scores (np.int64(5),): 1824
  scores (np.int64(0),): 1824
  scores (np.int64(1), np.int64(4)): 1440
  scores (np.int64(2), np.int64(2), np.int64(4)): 1440
  scores (np.int64(1), np.int64(3), np.int64(3)): 1440
  scores (np.int64(2), np.int64(4)): 720
  scores (np.int64(1), np.int64(3)): 720

======================================================================
CRITICAL: Bad vertex's relation to its freed component
======================================================================

(v_beats, v_loses) in free component:
  beats=0, loses=5: 1824
  beats=1, loses=4: 6480
  beats=2, loses=3: 9360
  beats=3, loses=2: 9360
  beats=4, loses=1: 6480
  beats=5, loses=0: 1824

======================================================================
VERTEX SELECTION RULES (n=6 exhaustive)
======================================================================

Total b1=0: 27968
  max_score: 18764/27968 (67.1%)
  min_score: 18764/27968 (67.1%)
  max_or_min_score: 26528/27968 (94.9%)
  median_score: 23888/27968 (85.4%)
  max_total_domination: 12800/27968 (45.8%)
  in_most_3cycles: 27968/27968 (100.0%)
  source_of_condensation: 0/27968 (0.0%)
