============================================================
n=5: WITNESS COCYCLE ζ ANALYSIS
============================================================

Tournament bits=41, bad=[1, 2, 4]
  Bad-TT: (4, 2, 1)
  ζ (normalized so ⟨ζ,∂_bad⟩=1):
    ζ((0, 1)) = 0.200000
    ζ((0, 4)) = 0.400000
    ζ((1, 3)) = 0.400000
    ζ((2, 0)) = 0.200000
    ζ((2, 1)) = 0.400000
    ζ((3, 0)) = 0.400000
    ζ((3, 2)) = 0.200000
    ζ((4, 1)) = -0.200000
    ζ((4, 2)) = 0.400000
    ζ((4, 3)) = 0.200000
  ⟨ζ, ∂₂ cols⟩: ['0.0000', '-0.0000', '-0.0000', '0.0000', '1.0000', '0.0000']
  ζ is a 1-cocycle of T: False
  ζ is NOT a 1-cocycle (only of T\bad-TT): correct

  Flipped tournament: β₁=1
  H₁ generator of flipped T:
    h₁((0, 1)) = -0.500000
    h₁((0, 4)) = -1.000000
    h₁((1, 3)) = -1.000000
    h₁((1, 4)) = -0.500000
    h₁((2, 0)) = -0.500000
    h₁((2, 1)) = -1.000000
    h₁((3, 0)) = -1.000000
    h₁((3, 2)) = -0.500000
    h₁((4, 2)) = -1.000000
    h₁((4, 3)) = -0.500000

  Edge comparison (orig vs flipped):
    Original has (4,1), flipped has (1,4)
    cos(angle between ζ_mapped and h₁) = 1.000000
    ζ IS h₁ of flipped T: True

Tournament bits=42, bad=[2, 3, 4]
  Bad-TT: (4, 3, 2)
  ζ (normalized so ⟨ζ,∂_bad⟩=1):
    ζ((0, 2)) = 0.200000
    ζ((0, 4)) = 0.400000
    ζ((1, 0)) = 0.400000
    ζ((1, 3)) = 0.200000
    ζ((2, 1)) = 0.400000
    ζ((3, 0)) = 0.200000
    ζ((3, 2)) = 0.400000
    ζ((4, 1)) = 0.200000
    ζ((4, 2)) = -0.200000
    ζ((4, 3)) = 0.400000
  ⟨ζ, ∂₂ cols⟩: ['-0.0000', '0.0000', '0.0000', '0.0000', '-0.0000', '1.0000']
  ζ is a 1-cocycle of T: False
  ζ is NOT a 1-cocycle (only of T\bad-TT): correct

  Flipped tournament: β₁=1
  H₁ generator of flipped T:
    h₁((0, 2)) = 0.500000
    h₁((0, 4)) = 1.000000
    h₁((1, 0)) = 1.000000
    h₁((1, 3)) = 0.500000
    h₁((2, 1)) = 1.000000
    h₁((2, 4)) = 0.500000
    h₁((3, 0)) = 0.500000
    h₁((3, 2)) = 1.000000
    h₁((4, 1)) = 0.500000
    h₁((4, 3)) = 1.000000

  Edge comparison (orig vs flipped):
    Original has (4,2), flipped has (2,4)
    cos(angle between ζ_mapped and h₁) = 1.000000
    ζ IS h₁ of flipped T: True

Tournament bits=44, bad=[1, 3, 4]
  Bad-TT: (4, 1, 3)
  ζ (normalized so ⟨ζ,∂_bad⟩=1):
    ζ((0, 3)) = 0.200000
    ζ((0, 4)) = 0.400000
    ζ((1, 0)) = 0.200000
    ζ((1, 3)) = 0.400000
    ζ((2, 0)) = 0.400000
    ζ((2, 1)) = 0.200000
    ζ((3, 2)) = 0.400000
    ζ((4, 1)) = 0.400000
    ζ((4, 2)) = 0.200000
    ζ((4, 3)) = -0.200000
  ⟨ζ, ∂₂ cols⟩: ['-0.0000', '-0.0000', '0.0000', '1.0000', '0.0000', '-0.0000']
  ζ is a 1-cocycle of T: False
  ζ is NOT a 1-cocycle (only of T\bad-TT): correct

  Flipped tournament: β₁=1
  H₁ generator of flipped T:
    h₁((0, 3)) = -0.500000
    h₁((0, 4)) = -1.000000
    h₁((1, 0)) = -0.500000
    h₁((1, 3)) = -1.000000
    h₁((2, 0)) = -1.000000
    h₁((2, 1)) = -0.500000
    h₁((3, 2)) = -1.000000
    h₁((3, 4)) = -0.500000
    h₁((4, 1)) = -1.000000
    h₁((4, 2)) = -0.500000

  Edge comparison (orig vs flipped):
    Original has (4,3), flipped has (3,4)
    cos(angle between ζ_mapped and h₁) = 1.000000
    ζ IS h₁ of flipped T: True

============================================================
n=5: IS ζ ALWAYS THE H₁ GENERATOR OF FLIPPED T?
============================================================
ζ = H₁ generator of flipped T: 120
ζ ≠ H₁ generator: 0
Match rate: 100.0%

============================================================
n=5,6: ζ-MULTIPLICITY AND |bad| RELATIONSHIP
============================================================

--- n=5 ---
Total β₁=0 tournaments: 720
(#bad, rank_drop of bad-TTs) → count:
  #bad=0, rank_drop=0: 240
  #bad=1, rank_drop=0: 240
  #bad=2, rank_drop=0: 120
  #bad=3, rank_drop=1: 120

--- n=6 ---
Total β₁=0 tournaments: 27968
(#bad, rank_drop of bad-TTs) → count:
  #bad=0, rank_drop=0: 8480
  #bad=1, rank_drop=0: 7968
  #bad=2, rank_drop=0: 7200
  #bad=3, rank_drop=1: 4320

============================================================
n=5,6: Sum_v β₁(T\v) DISTRIBUTION
============================================================

--- n=5 ---
(β₁(T), Σ_v β₁(T\v)) → count:
  β₁=0, Σ=0: 240
  β₁=0, Σ=1: 240
  β₁=0, Σ=2: 120
  β₁=0, Σ=3: 120
  β₁=1, Σ=3: 160
  β₁=1, Σ=4: 120
  β₁=1, Σ=5: 24

--- n=6 ---
(β₁(T), Σ_v β₁(T\v)) → count:
  β₁=0, Σ=0: 8480
  β₁=0, Σ=1: 7968
  β₁=0, Σ=2: 7200
  β₁=0, Σ=3: 4320
  β₁=1, Σ=4: 1920
  β₁=1, Σ=5: 1920
  β₁=1, Σ=6: 960
