======================================================================
EDGE CLASSIFICATION
======================================================================

n=4: 64 tournaments
  b1=0, c3=0: 24 tournaments
    Non-cycle edges: {6: 24}
    Unconstrained edges: {0: 24}
  b1=0, c3=1: 16 tournaments
    Non-cycle edges: {3: 16}
    Unconstrained edges: {0: 16}
  b1=1, c3=2: 24 tournaments
    Non-cycle edges: {1: 24}
    Unconstrained edges: {1: 24}

n=5: 1024 tournaments
  b1=0, c3=0: 120 tournaments
    Non-cycle edges: {10: 120}
    Unconstrained edges: {0: 120}
  b1=0, c3=1: 120 tournaments
    Non-cycle edges: {7: 120}
    Unconstrained edges: {0: 120}
  b1=0, c3=2: 240 tournaments
    Non-cycle edges: {5: 240}
    Unconstrained edges: {0: 240}
  b1=0, c3=3: 120 tournaments
    Non-cycle edges: {3: 120}
    Unconstrained edges: {0: 120}
  b1=0, c3=4: 120 tournaments
    Non-cycle edges: {1: 120}
    Unconstrained edges: {0: 120}
  b1=1, c3=3: 120 tournaments
    Non-cycle edges: {3: 120}
    Unconstrained edges: {1: 120}
  b1=1, c3=4: 160 tournaments
    Non-cycle edges: {0: 40, 2: 120}
    Unconstrained edges: {0: 120, 1: 40}
  b1=1, c3=5: 24 tournaments
    Non-cycle edges: {0: 24}
    Unconstrained edges: {0: 24}

======================================================================
DIMENSION COUNTING: WHY CORANK <= 1
======================================================================

n=4:
  dim(Z_1) = 3
  num_edges = 6

  EXAMPLE b1=1: bits=4, c3=2
    dim_Z1=3, #TT=2, rk_TT=2
    Non-cycle edges: [(2, 1)]
    Unconstrained edges: [(0, 3)]
    3-cycles and their edges:
      (0, 3, 1): [(0, 3), (3, 1), (1, 0)]
      (0, 3, 2): [(0, 3), (3, 2), (2, 0)]
    Cocycle (normalized):
      (0, 3): 1.0000
      (1, 0): 0.5000
      (2, 0): 0.5000
      (3, 1): 0.5000
      (3, 2): 0.5000
    Cycle sum (0, 3, 1): 2.0000
    Cycle sum (0, 3, 2): 2.0000

n=5:
  dim(Z_1) = 6
  num_edges = 10

  EXAMPLE b1=1: bits=8, c3=3
    dim_Z1=6, #TT=7, rk_TT=5
    Non-cycle edges: [(2, 1), (3, 1), (3, 2)]
    Unconstrained edges: [(0, 4)]
    3-cycles and their edges:
      (0, 4, 1): [(0, 4), (4, 1), (1, 0)]
      (0, 4, 2): [(0, 4), (4, 2), (2, 0)]
      (0, 4, 3): [(0, 4), (4, 3), (3, 0)]
    Cocycle (normalized):
      (0, 4): 1.0000
      (1, 0): 0.3333
      (2, 0): 0.3333
      (3, 0): 0.3333
      (4, 1): 0.3333
      (4, 2): 0.3333
      (4, 3): 0.3333
    Cycle sum (0, 4, 1): 1.6667
    Cycle sum (0, 4, 2): 1.6667
    Cycle sum (0, 4, 3): 1.6667

======================================================================
3-CYCLE ADJACENCY GRAPH
======================================================================

n=5 (0s, 1024 tournaments):
  Cycle graph connectivity: {(1, True): 120, (2, True): 240, (3, True): 240, (4, False): 40, (4, True): 240, (5, True): 24}
  ALL cycle graphs connected: False

n=6 (0s, 1000 tournaments):
  Cycle graph connectivity: {(1, True): 19, (2, False): 3, (2, True): 70, (3, True): 95, (4, False): 20, (4, True): 162, (5, False): 11, (5, True): 120, (6, False): 13, (6, True): 253, (7, False): 19, (7, True): 125, (8, True): 67}
  ALL cycle graphs connected: False

======================================================================
TT-COCYCLE = CYCLE-SUM FUNCTION
======================================================================

THEOREM: If two directed 3-cycles C1 and C2 share a directed edge,
then for any TT-cocycle z: sum_C1(z) = sum_C2(z).

PROOF: Let C1 = (a->b->c->a) and C2 = (a->b->d->a) share edge a->b.
Then c->a and d->a. For edge c-d:

Case 1: c->d.
  TT(b,c,d): b->c->d, b->d => z(b,c)+z(c,d) = z(b,d)
  TT(c,d,a): c->d->a, c->a => z(c,d)+z(d,a) = z(c,a)
  => z(b,c)-z(b,d) = -z(c,d) = z(d,a)-z(c,a)
  => sum_C1 - sum_C2 = [z(b,c)+z(c,a)] - [z(b,d)+z(d,a)]
                      = [z(b,c)-z(b,d)] - [z(d,a)-z(c,a)] = 0

Case 2: d->c.
  TT(b,d,c): b->d->c, b->c => z(b,d)+z(d,c) = z(b,c)
  TT(d,c,a): d->c->a, d->a => z(d,c)+z(c,a) = z(d,a)
  => z(b,c)-z(b,d) = z(d,c) = z(d,a)-z(c,a)
  => sum_C1 - sum_C2 = 0

COROLLARY: If the 3-cycle graph (adjacency by shared edge) is connected,
then ALL cycle sums are equal, and the cocycle space is at most 1-dim.

COROLLARY: b1(T) <= (number of connected components of 3-cycle graph).
When cycle graph is connected: b1 <= 1.
When no 3-cycles: b1 = 0 (tournament is transitive, acyclic => beta_2=0).

VERIFICATION: Shared-edge cycles have equal sums
  COUNTEREXAMPLE at bits=40: sums=[np.float64(-1.2909944487358054), np.float64(-1.2909944487358058), np.float64(-1.2909944487358054), np.float64(-1.3877787807814457e-16)]
  COUNTEREXAMPLE at bits=69: sums=[np.float64(1.2909944487358056), np.float64(2.8449465006019636e-16), np.float64(1.2909944487358054), np.float64(1.2909944487358054)]
  COUNTEREXAMPLE at bits=93: sums=[np.float64(1.2909944487358063), np.float64(1.2909944487358065), np.float64(1.2909944487358065), np.float64(1.196959198423997e-16)]
  COUNTEREXAMPLE at bits=106: sums=[np.float64(-1.2909944487358054), np.float64(-1.222980050563649e-16), np.float64(-1.2909944487358052), np.float64(-1.2909944487358054)]
  COUNTEREXAMPLE at bits=152: sums=[np.float64(-1.2909944487358056), np.float64(-1.2909944487358054), np.float64(-1.2909944487358052), np.float64(0.0)]
  COUNTEREXAMPLE at bits=195: sums=[np.float64(1.2909944487358054), np.float64(1.5265566588595902e-16), np.float64(1.2909944487358054), np.float64(1.2909944487358058)]
  COUNTEREXAMPLE at bits=220: sums=[np.float64(1.2909944487358056), np.float64(2.0643209364124004e-16), np.float64(1.2909944487358058), np.float64(1.2909944487358056)]
  COUNTEREXAMPLE at bits=235: sums=[np.float64(-1.2909944487358052), np.float64(-1.2909944487358054), np.float64(-1.2909944487358054), np.float64(5.238864897449957e-16)]
  COUNTEREXAMPLE at bits=270: sums=[np.float64(-1.2909944487358054), np.float64(-1.2909944487358054), np.float64(-1.2909944487358058), np.float64(-5.551115123125783e-17)]
  COUNTEREXAMPLE at bits=278: sums=[np.float64(-1.942890293094024e-16), np.float64(1.2909944487358054), np.float64(1.2909944487358054), np.float64(1.2909944487358054)]
  COUNTEREXAMPLE at bits=300: sums=[np.float64(-1.5265566588595902e-16), np.float64(-1.2909944487358058), np.float64(-1.2909944487358058), np.float64(-1.2909944487358058)]
  COUNTEREXAMPLE at bits=307: sums=[np.float64(4.85722573273506e-16), np.float64(1.2909944487358054), np.float64(1.2909944487358056), np.float64(1.2909944487358054)]
  COUNTEREXAMPLE at bits=330: sums=[np.float64(-2.3592239273284576e-16), np.float64(1.2909944487358058), np.float64(1.2909944487358056), np.float64(1.2909944487358054)]
  COUNTEREXAMPLE at bits=345: sums=[np.float64(-4.996003610813204e-16), np.float64(-1.290994448735808), np.float64(-1.2909944487358054), np.float64(-1.2909944487358032)]
  COUNTEREXAMPLE at bits=357: sums=[np.float64(-3.469446951953614e-18), np.float64(1.2909944487358054), np.float64(1.2909944487358067), np.float64(1.290994448735805)]
  COUNTEREXAMPLE at bits=369: sums=[np.float64(1.2909944487358054), np.float64(1.2909944487358056), np.float64(1.2909944487358056), np.float64(-1.5265566588595902e-16)]
  COUNTEREXAMPLE at bits=409: sums=[np.float64(1.2909944487358056), np.float64(-1.6653345369377348e-16), np.float64(1.2909944487358056), np.float64(1.2909944487358056)]
  COUNTEREXAMPLE at bits=443: sums=[np.float64(1.2909944487358054), np.float64(1.2909944487358052), np.float64(1.2909944487358054), np.float64(-3.157196726277789e-16)]
  COUNTEREXAMPLE at bits=450: sums=[np.float64(-1.2909944487358056), np.float64(-1.2909944487358056), np.float64(-1.2909944487358058), np.float64(2.1510571102112408e-16)]
  COUNTEREXAMPLE at bits=470: sums=[np.float64(1.2909944487358054), np.float64(3.4867941867133823e-16), np.float64(1.2909944487358054), np.float64(1.2909944487358054)]
  COUNTEREXAMPLE at bits=553: sums=[np.float64(1.2909944487358054), np.float64(0.0), np.float64(1.2909944487358054), np.float64(1.2909944487358054)]
  COUNTEREXAMPLE at bits=573: sums=[np.float64(1.2909944487358058), np.float64(1.2909944487358056), np.float64(1.2909944487358058), np.float64(5.551115123125783e-17)]
  COUNTEREXAMPLE at bits=580: sums=[np.float64(-1.290994448735806), np.float64(-1.2909944487358058), np.float64(-1.2909944487358063), np.float64(3.5388358909926865e-16)]
  COUNTEREXAMPLE at bits=614: sums=[np.float64(-1.2909944487358047), np.float64(-6.938893903907228e-18), np.float64(-1.2909944487358054), np.float64(-1.2909944487358052)]
  COUNTEREXAMPLE at bits=654: sums=[np.float64(1.2909944487358052), np.float64(1.2909944487358054), np.float64(1.2909944487358054), np.float64(1.1449174941446927e-16)]
  COUNTEREXAMPLE at bits=666: sums=[np.float64(4.2847669856627135e-16), np.float64(1.2909944487358058), np.float64(1.2909944487358054), np.float64(1.2909944487358058)]
  COUNTEREXAMPLE at bits=678: sums=[np.float64(-4.163336342344337e-17), np.float64(-1.2909944487358056), np.float64(-1.2909944487358054), np.float64(-1.2909944487358056)]
  COUNTEREXAMPLE at bits=693: sums=[np.float64(2.0816681711721685e-17), np.float64(-1.2909944487358054), np.float64(-1.2909944487358054), np.float64(-1.2909944487358054)]
  COUNTEREXAMPLE at bits=716: sums=[np.float64(8.500145032286355e-17), np.float64(-1.2909944487358056), np.float64(-1.2909944487358056), np.float64(-1.290994448735805)]
  COUNTEREXAMPLE at bits=723: sums=[np.float64(3.469446951953614e-17), np.float64(1.2909944487358058), np.float64(1.2909944487358056), np.float64(1.2909944487358054)]
  COUNTEREXAMPLE at bits=745: sums=[np.float64(-1.1102230246251565e-16), np.float64(1.290994448735806), np.float64(1.2909944487358056), np.float64(1.2909944487358054)]
  COUNTEREXAMPLE at bits=753: sums=[np.float64(-1.2909944487358054), np.float64(-1.2909944487358054), np.float64(-1.2909944487358056), np.float64(5.828670879282072e-16)]
  COUNTEREXAMPLE at bits=788: sums=[np.float64(1.2909944487358063), np.float64(1.2909944487358054), np.float64(1.2909944487358056), np.float64(-2.255140518769849e-16)]
  COUNTEREXAMPLE at bits=803: sums=[np.float64(-1.2909944487358054), np.float64(-3.729655473350135e-17), np.float64(-1.2909944487358056), np.float64(-1.2909944487358058)]
  COUNTEREXAMPLE at bits=828: sums=[np.float64(-1.2909944487358056), np.float64(3.8163916471489756e-16), np.float64(-1.2909944487358056), np.float64(-1.2909944487358058)]
  COUNTEREXAMPLE at bits=871: sums=[np.float64(-1.2909944487358058), np.float64(-1.2909944487358058), np.float64(-1.2909944487358056), np.float64(1.6132928326584306e-16)]
  COUNTEREXAMPLE at bits=917: sums=[np.float64(-1.2909944487358043), np.float64(3.174543961037557e-16), np.float64(-1.2909944487358065), np.float64(-1.290994448735807)]
  COUNTEREXAMPLE at bits=930: sums=[np.float64(1.2909944487358054), np.float64(1.2909944487358054), np.float64(1.2909944487358052), np.float64(-5.689893001203927e-16)]
  COUNTEREXAMPLE at bits=954: sums=[np.float64(1.2909944487358063), np.float64(-6.453171330633722e-16), np.float64(1.2909944487358058), np.float64(1.2909944487358058)]
  COUNTEREXAMPLE at bits=983: sums=[np.float64(1.2909944487358058), np.float64(1.2909944487358056), np.float64(1.2909944487358056), np.float64(-3.2959746043559335e-17)]
  n=5: 264/304 b1=1 tournaments have all cycle sums equal

======================================================================
3-CYCLE GRAPH CONNECTIVITY vs b1
======================================================================

n=4: (c3, #components, b1) => count
  c3=0, components=0, b1=0: 24
  c3=1, components=1, b1=0: 16
  c3=2, components=1, b1=1: 24

n=5: (c3, #components, b1) => count
  c3=0, components=0, b1=0: 120
  c3=1, components=1, b1=0: 120
  c3=2, components=1, b1=0: 240
  c3=3, components=1, b1=0: 120
  c3=3, components=1, b1=1: 120
  c3=4, components=1, b1=0: 120
  c3=4, components=1, b1=1: 120
  c3=4, components=2, b1=1: 40
  c3=5, components=1, b1=1: 24

======================================================================
n=6 SAMPLED: CYCLE GRAPH CONNECTIVITY
======================================================================
n=6: (#components, b1) => count (500 trials)
  components=0, b1=0: 13
  components=1, b1=0: 404
  components=1, b1=1: 43
  components=2, b1=0: 17
  components=2, b1=1: 23

======================================================================
CONNECTIVITY ANALYSIS
======================================================================
  DISCONNECTED at n=5, bits=40, c3=4
    b1=1
  DISCONNECTED at n=5, bits=69, c3=4
    b1=1
  DISCONNECTED at n=5, bits=93, c3=4
    b1=1
  n=5: 40 tournaments with disconnected cycle graph (c3>=2)

  Larger n (sampled):
  n=7: 17/500 disconnected
  n=8: 7/500 disconnected
  n=9: 9/500 disconnected


Done.
