======================================================================
WHY λ=n IS THE DOMINANT EIGENVALUE
======================================================================

PART 1: ∂₃∂₃ᵀ in A₂ coords at n=4
--------------------------------------------------

T#0 scores=(0, 1, 2, 3)
  |A₂|=4, |A₃|=1
  A₂ paths: [(2, 1, 0), (3, 2, 1), (3, 2, 0), (3, 1, 0)]
  A₃ paths: [(3, 2, 1, 0)]
  ∂₃∂₃ᵀ = 
    (2, 1, 0): [1, -1, 1, -1]
    (3, 2, 1): [-1, 1, -1, 1]
    (3, 2, 0): [1, -1, 1, -1]
    (3, 1, 0): [-1, 1, -1, 1]
  Eigenvalues: [4.0, 0.0, -0.0, -0.0]
  LLT on Ω₂: eigenvalues = [4.0, 0.0, -0.0, -0.0]

T#5 scores=(0, 2, 2, 2)
  |A₂|=6, |A₃|=3
  A₂ paths: [(0, 3, 2), (0, 3, 1), (2, 0, 3), (2, 0, 1), (3, 2, 1), (3, 2, 0)]
  A₃ paths: [(0, 3, 2, 1), (2, 0, 3, 1), (3, 2, 0, 1)]
  ∂₃∂₃ᵀ = 
    (0, 3, 2): [1, -1, 0, 0, -1, 0]
    (0, 3, 1): [-1, 2, -1, 1, 1, 0]
    (2, 0, 3): [0, -1, 1, -1, 0, 0]
    (2, 0, 1): [0, 1, -1, 2, 1, -1]
    (3, 2, 1): [-1, 1, 0, 1, 2, -1]
    (3, 2, 0): [0, 0, 0, -1, -1, 1]
  Eigenvalues: [5.0, 2.0, 2.0, 0.0, -0.0, -0.0]
  LLT on Ω₂: eigenvalues = [4.0, 1.0, 1.0]

T#21 scores=(1, 1, 2, 2)
  |A₂|=8, |A₃|=5
  A₂ paths: [(0, 3, 2), (0, 1, 3), (1, 3, 2), (2, 1, 3), (2, 0, 3), (2, 0, 1), (3, 2, 1), (3, 2, 0)]
  A₃ paths: [(0, 3, 2, 1), (0, 1, 3, 2), (1, 3, 2, 0), (2, 0, 1, 3), (3, 2, 0, 1)]
  ∂₃∂₃ᵀ = 
    (0, 3, 2): [2, 1, -1, 0, 0, 0, -1, 0]
    (0, 1, 3): [1, 2, -1, -1, 1, -1, 0, 0]
    (1, 3, 2): [-1, -1, 2, 0, 0, 0, 0, -1]
    (2, 1, 3): [0, -1, 0, 1, -1, 1, 0, 0]
    (2, 0, 3): [0, 1, 0, -1, 1, -1, 0, 0]
    (2, 0, 1): [0, -1, 0, 1, -1, 2, 1, -1]
    (3, 2, 1): [-1, 0, 0, 0, 0, 1, 2, -1]
    (3, 2, 0): [0, 0, -1, 0, 0, -1, -1, 2]
  Eigenvalues: [5.4893, 3.2892, 3.0, 2.0, 0.2215, -0.0, -0.0, -0.0]
  LLT on Ω₂: eigenvalues = [4.5616, 1.0, 0.4384]

======================================================================
PART 2: Eigenvalue = n analysis at n=5
--------------------------------------------------
n=5: ALL eigenvalues = 5 on Z₂: 480 (46.9%)
      Mixed eigenvalues: 544 (53.1%)

======================================================================
PART 3: Transitive tournament — why ∂₃∂₃ᵀ|_{Z₂} = nI?
--------------------------------------------------

n=4: Transitive tournament (bits=0), scores=[0, 1, 2, 3]
  |A₂|=4, Ω₂=4, |A₃|=1, Ω₃=1
  ∂₃∂₃ᵀ diagonal in A₂ coords: [1]
  Is ∂₃∂₃ᵀ of the form αI + βJ? False
  On Ω₂: is αI + βJ? False
  Ω₂ eigenvalues: [4.0, 0.0, -0.0, -0.0]
  Z₂ eigenvalues: [4.0]
  Is ∂₃∂₃ᵀ|_Z₂ = 4I? True

n=5: Transitive tournament (bits=0), scores=[0, 1, 2, 3, 4]
  |A₂|=10, Ω₂=10, |A₃|=5, Ω₃=5
  ∂₃∂₃ᵀ diagonal in A₂ coords: [2]
  Is ∂₃∂₃ᵀ of the form αI + βJ? False
  On Ω₂: is αI + βJ? False
  Ω₂ eigenvalues: [5.0, 5.0, 5.0, 5.0, 0.0, 0.0, 0.0, 0.0, -0.0, -0.0]
  Z₂ eigenvalues: [5.0, 5.0, 5.0, 5.0]
  Is ∂₃∂₃ᵀ|_Z₂ = 5I? True

n=6: Transitive tournament (bits=0), scores=[0, 1, 2, 3, 4, 5]
  |A₂|=20, Ω₂=20, |A₃|=15, Ω₃=15
  ∂₃∂₃ᵀ diagonal in A₂ coords: [3]
  Is ∂₃∂₃ᵀ of the form αI + βJ? False
  On Ω₂: is αI + βJ? False
  Ω₂ eigenvalues: [6.0, 6.0, 6.0, 6.0, 6.0, 6.0, 6.0, 6.0, 6.0, 6.0, 0.0, 0.0, 0.0, 0.0, 0.0, -0.0, -0.0, -0.0, -0.0, -0.0]
  Z₂ eigenvalues: [6.0, 6.0, 6.0, 6.0, 6.0, 6.0, 6.0, 6.0, 6.0, 6.0]
  Is ∂₃∂₃ᵀ|_Z₂ = 6I? True

======================================================================
PART 4: n=4 detailed analysis — IS ∂₃∂₃ᵀ|_{Z₂} = 4I for ALL?
--------------------------------------------------
  All n=4 tournaments: ∂₃∂₃ᵀ|_Z₂ = 4I? YES (no counterexamples)

======================================================================
PART 5: Which n=5 tournaments have ∂₃∂₃ᵀ|_{Z₂} = nI?
--------------------------------------------------
Scores with ∂₃∂₃ᵀ|_Z₂ = 5I:
  (0, 1, 2, 3, 4): 120
  (0, 2, 2, 3, 3): 120
  (1, 1, 2, 2, 4): 120
  (1, 1, 2, 3, 3): 120

Scores with ∂₃∂₃ᵀ|_Z₂ ≠ 5I:
  (0, 1, 3, 3, 3): 40
  (0, 2, 2, 2, 4): 40
  (1, 1, 1, 3, 4): 40
  (1, 1, 2, 3, 3): 120
  (1, 2, 2, 2, 3): 280
  (2, 2, 2, 2, 2): 24

Done.
