======================================================================
BETA_4 > 0 AT n=8: DETAILED INVESTIGATION
======================================================================

--- Part 1: Full Betti vectors for beta_4 > 0 ---
  50/200 done
  100/200 done

  Trial 122: betti = [np.int64(1), np.int64(0), np.int64(0), np.int64(0), np.int64(1), np.int64(0), np.int64(0), np.int64(0)]
    scores = (np.int64(2), np.int64(3), np.int64(3), np.int64(4), np.int64(4), np.int64(4), np.int64(4), np.int64(4)), c3 = 19
    chi = 2
  150/200 done

  Trial 151: betti = [np.int64(1), np.int64(0), np.int64(0), np.int64(0), np.int64(5), np.int64(0), np.int64(0), np.int64(0)]
    scores = (np.int64(3), np.int64(3), np.int64(3), np.int64(3), np.int64(4), np.int64(4), np.int64(4), np.int64(4)), c3 = 20
    chi = 6

  Trial 174: betti = [np.int64(1), np.int64(0), np.int64(0), np.int64(0), np.int64(1), np.int64(0), np.int64(0), np.int64(0)]
    scores = (np.int64(2), np.int64(3), np.int64(3), np.int64(3), np.int64(4), np.int64(4), np.int64(4), np.int64(5)), c3 = 18
    chi = 2
  200/200 done

  All Betti profiles (200 samples):
    [np.int64(1), np.int64(0), np.int64(0), np.int64(0), np.int64(0), np.int64(0), np.int64(0), np.int64(0)]: 167 (83.5%), chi=1, nonzero=[]
    [np.int64(1), np.int64(0), np.int64(0), np.int64(1), np.int64(0), np.int64(0), np.int64(0), np.int64(0)]: 28 (14.0%), chi=0, nonzero=[(3, np.int64(1))]
    [np.int64(1), np.int64(1), np.int64(0), np.int64(0), np.int64(0), np.int64(0), np.int64(0), 0]: 2 (1.0%), chi=0, nonzero=[(1, np.int64(1))]
    [np.int64(1), np.int64(0), np.int64(0), np.int64(0), np.int64(1), np.int64(0), np.int64(0), np.int64(0)]: 2 (1.0%), chi=2, nonzero=[(4, np.int64(1))]
    [np.int64(1), np.int64(0), np.int64(0), np.int64(0), np.int64(5), np.int64(0), np.int64(0), np.int64(0)]: 1 (0.5%), chi=6, nonzero=[(4, np.int64(5))]

--- Part 2: Prevalence of beta_4>0 at n=8 (1000 samples) ---
  200/1000: b2>0=0, b4>0=1, b6>0=0
  400/1000: b2>0=0, b4>0=4, b6>0=0
  600/1000: b2>0=0, b4>0=4, b6>0=0
  800/1000: b2>0=0, b4>0=5, b6>0=0
  1000/1000: b2>0=0, b4>0=5, b6>0=0

  n=8, 1000 samples:
    beta_2>0: 0 (0.0%)
    beta_4>0: 5 (0.5%)
    beta_6>0: 0 (0.0%)

--- Part 3: Coexistence of beta_4 with odd bettis ---
  100/500: counts={1: 1, 3: 15, 4: 0, 5: 0}, coexist={(3, 4): 0, (4, 5): 0, (3, 5): 0, (1, 4): 0}
  200/500: counts={1: 1, 3: 30, 4: 0, 5: 0}, coexist={(3, 4): 0, (4, 5): 0, (3, 5): 0, (1, 4): 0}
  300/500: counts={1: 2, 3: 41, 4: 0, 5: 0}, coexist={(3, 4): 0, (4, 5): 0, (3, 5): 0, (1, 4): 0}
  400/500: counts={1: 3, 3: 54, 4: 0, 5: 0}, coexist={(3, 4): 0, (4, 5): 0, (3, 5): 0, (1, 4): 0}
  500/500: counts={1: 4, 3: 71, 4: 0, 5: 0}, coexist={(3, 4): 0, (4, 5): 0, (3, 5): 0, (1, 4): 0}

  Final: counts={1: 4, 3: 71, 4: 0, 5: 0}, coexistence={(3, 4): 0, (4, 5): 0, (3, 5): 0, (1, 4): 0}

--- Part 4: Chi distribution ---
  NEW CHI: trial 32, chi=-1, betti=[np.int64(1), np.int64(1), np.int64(0), np.int64(0), np.int64(0), np.int64(1), np.int64(0), np.int64(0)]
  100/500: chi values seen: [np.int64(-1), np.int64(0), np.int64(1)]
  NEW CHI: trial 126, chi=2, betti=[np.int64(1), np.int64(0), np.int64(0), np.int64(0), np.int64(1), np.int64(0), np.int64(0), np.int64(0)]
  NEW CHI: trial 129, chi=2, betti=[np.int64(1), np.int64(0), np.int64(0), np.int64(0), np.int64(1), np.int64(0), np.int64(0), np.int64(0)]
  200/500: chi values seen: [np.int64(-1), np.int64(0), np.int64(1), np.int64(2)]
  NEW CHI: trial 203, chi=2, betti=[np.int64(1), np.int64(0), np.int64(0), np.int64(0), np.int64(1), np.int64(0), np.int64(0), np.int64(0)]
  NEW CHI: trial 208, chi=2, betti=[np.int64(1), np.int64(0), np.int64(0), np.int64(0), np.int64(1), np.int64(0), np.int64(0), np.int64(0)]
  300/500: chi values seen: [np.int64(-1), np.int64(0), np.int64(1), np.int64(2)]
  NEW CHI: trial 374, chi=2, betti=[np.int64(1), np.int64(0), np.int64(0), np.int64(0), np.int64(1), np.int64(0), np.int64(0), np.int64(0)]
  400/500: chi values seen: [np.int64(-1), np.int64(0), np.int64(1), np.int64(2)]
  500/500: chi values seen: [np.int64(-1), np.int64(0), np.int64(1), np.int64(2)]

  All chi values: [np.int64(-1), np.int64(0), np.int64(1), np.int64(2)]
