======================================================================
HIDDEN CYCLES AT BAD VERTICES, n=5
======================================================================

Example 1: bits=10, scores=(1, 1, 2, 3, 3), #bad=2

  Bad vertex v=2 (d_out=1)
    H1 generator of T\2 (in T\2 labels):
      (0, 4): 1.0000
      (1, 0): 0.5000
      (3, 0): 0.5000
      (4, 3): 0.5000
      (4, 1): 0.5000

  Bad vertex v=3 (d_out=3)
    H1 generator of T\3 (in T\3 labels):
      (0, 4): 0.5000
      (0, 2): 0.5000
      (1, 0): 1.0000
      (2, 1): 0.5000
      (4, 1): 0.5000

  Hidden cycle interaction:
    Inner product: 1.2500
    Rank of [z_2, z_3]: 2

Example 2: bits=25, scores=(1, 1, 2, 3, 3), #bad=2

  Bad vertex v=1 (d_out=1)
    H1 generator of T\1 (in T\1 labels):
      (0, 4): 1.0000
      (2, 0): 0.5000
      (3, 0): 0.5000
      (4, 3): 0.5000
      (4, 2): 0.5000

  Bad vertex v=3 (d_out=3)
    H1 generator of T\3 (in T\3 labels):
      (0, 4): 0.5000
      (0, 1): 0.5000
      (1, 2): 0.5000
      (2, 0): 1.0000
      (4, 2): 0.5000

  Hidden cycle interaction:
    Inner product: 1.2500
    Rank of [z_1, z_3]: 2

Example 3: bits=41, scores=(1, 2, 2, 2, 3), #bad=3

  Bad vertex v=1 (d_out=1)
    H1 generator of T\1 (in T\1 labels):
      (0, 4): 1.0000
      (2, 0): 0.5000
      (3, 0): 0.5000
      (4, 3): 0.5000
      (4, 2): 0.5000

  Bad vertex v=2 (d_out=2)
    H1 generator of T\2 (in T\2 labels):
      (0, 4): 0.5000
      (0, 1): 0.5000
      (1, 3): 0.5000
      (3, 0): 1.0000
      (4, 3): 0.5000

  Bad vertex v=4 (d_out=3)
    H1 generator of T\4 (in T\4 labels):
      (0, 1): 0.5000
      (1, 3): 1.0000
      (2, 1): 0.5000
      (3, 2): 0.5000
      (3, 0): 0.5000

  Hidden cycle interaction:
    Inner product: 1.2500
    Rank of [z_1, z_2]: 2


======================================================================
HIDDEN CYCLE STATISTICS, n=5
======================================================================

#bad vertices distribution:
  0 bad: 240
  1 bad: 240
  2 bad: 120
  3 bad: 120

Pairwise rank of hidden cycles:
  rank 2: 480

Inner product distribution: min=0.2500 max=1.2500
  mean=1.0000


======================================================================
HIDDEN CYCLE RANK vs #BAD VERTICES, n=6
======================================================================
  checked 5000...
  checked 10000...
  checked 15000...
  checked 20000...
  checked 25000...

(#bad, rank_of_hidden_cycles):
  #bad=1, rank=1: 7968
  #bad=2, rank=2: 7200
  #bad=3, rank=3: 4320

======================================================================
RANK DEFICIENCY OF HIDDEN CYCLES
======================================================================
  No deficiency found - hidden cycles are always independent!


Done.
