======================================================================
GLMY PATH HOMOLOGY v2 — VALIDATION
======================================================================

--- Directed 3-cycle C_3 ---
  Expected: β = [1, 1, 0] (1 component, 1 directed hole)
  Got: β = [1, 1, 0]

--- Directed path P_3 ---
  Expected: β = [1, 0, 0] (connected, contractible)
  Got: β = [1, 0, 0]

--- Transitive tournament T_3: 0->1, 0->2, 1->2 ---
  This is an acyclic tournament. Expected: β_1 = 0 (no directed holes)
  Got: β = [1, 0, 0]

--- 3-cycle tournament: 0->1, 1->2, 2->0 ---
  Got: β = [1, 1, 0]

--- Directed 4-cycle C_4 ---
  Expected: β = [1, 1, 0, 0]
  Got: β = [1, 1, 0, 0]

--- Complete bidirected K_3 ---
  Got: β = [1, 0, 2]

--- 0->1, vertex 2 isolated ---
  Got: β = [2, 0, 0]
  Expected: β_0 = 3 or 2 (depends on convention)


======================================================================
CIRCULANT DIGRAPHS C_n^S
======================================================================
  C_3^{1} (directed cycle): β = [1, 1, 0]
  C_4^{1} (directed cycle): β = [1, 1, 0, 0]
  C_5^{1} (directed cycle): β = [1, 1, 0, 0, 0]
  C_6^{1} (directed cycle): β = [1, 1, 0, 0, 0]
  C_7^{1} (directed cycle): β = [1, 1, 0, 0, 0]

  C_4^{1,2}: β = [1, 1, 0, 0]
  C_5^{1,2}: β = [1, 1, 0, 0, 0]
  C_6^{1,2}: β = [1, 1, 0, 0, 0]
  C_7^{1,2}: β = [1, 1, 0, 0, 0]

  C_5^{1,2,3}: β = [1, 0, 0, 1, 0]
  C_6^{1,2,3}: β = [1, 1, 0, 0, 0]
  C_7^{1,2,3}: β = [1, 1, 0, 0, 0]


======================================================================
ALL TOURNAMENTS — PATH HOMOLOGY
======================================================================

--- All tournaments n=3 ---
  Betti distribution:
    β=[1, 0, 0]: 6 tournaments
    β=[1, 1, 0]: 2 tournaments
  By t3:
    t3=0: {(1, 0, 0): 6}
    t3=1: {(1, 1, 0): 2}

--- All tournaments n=4 ---
  Betti distribution:
    β=[1, 0, 0, 0]: 40 tournaments
    β=[1, 1, 0, 0]: 24 tournaments
  By t3:
    t3=0: {(1, 0, 0, 0): 24}
    t3=1: {(1, 0, 0, 0): 16}
    t3=2: {(1, 1, 0, 0): 24}

--- All tournaments n=5 ---
  t3=0, H=1: β=[1, 0, 0, 0, 0]
  t3=0, H=1: β=[1, 0, 0, 0, 0]
  t3=1, H=3: β=[1, 0, 0, 0, 0]
  t3=0, H=1: β=[1, 0, 0, 0, 0]
  t3=2, H=5: β=[1, 0, 0, 0, 0]

  Betti distribution (n=5, 1024 tournaments):
    β=[1, 0, 0, 0, 0]: 720
    β=[1, 1, 0, 0, 0]: 304

  By t3:
    t3=0: {(1, 0, 0, 0, 0): 120}
    t3=1: {(1, 0, 0, 0, 0): 120}
    t3=2: {(1, 0, 0, 0, 0): 240}
    t3=3: {(1, 1, 0, 0, 0): 120, (1, 0, 0, 0, 0): 120}
    t3=4: {(1, 1, 0, 0, 0): 160, (1, 0, 0, 0, 0): 120}
    t3=5: {(1, 1, 0, 0, 0): 24}


======================================================================
GEOMETRIC INTERPRETATION
======================================================================

The GLMY path Betti numbers measure "directed topological features":

β_0 = # connected components (in path homology sense)
β_1 = # independent directed 1-holes (directed cycles not bounding anything)
β_2 = # independent directed 2-holes (directed "cavities")

For TOURNAMENTS:
- β_0 = 1 always (tournament is connected)
- β_1 depends on the 3-cycle structure
- β_2 and higher: potential higher-dimensional directed cavities

TOPOLOGICAL SPACES ANALOGY:
- β = (1,0,...) : contractible → like a point
- β = (1,1,0,...) : one 1-hole → like a circle S^1
- β = (1,2,1,...) : like a torus T^2
- β = (1,0,1,...) : one 2-hole → like a sphere S^2

SUMMARY: Which topological space does each tournament resemble?

n=3:
  β=[1, 0, 0, 0]: 40 tournaments → point
  β=[1, 1, 0, 0]: 24 tournaments → circle S^1

n=4:

n=5:
  β=[1, 0, 0, 0, 0]: 720 tournaments → point
  β=[1, 1, 0, 0, 0]: 304 tournaments → circle S^1


Done.
======================================================================
DIMENSION COUNTING FOR TOURNAMENTS
======================================================================

--- n=4 ---
  Statistics (|A_2|, |Ω_2|, |A_3|, DT, dim(Ω_3), t3): count
  (4, 4, 1, DT=1, Ω_3=1, t3=0): 24  [extra Ω_3 = 0]
  (6, 3, 3, DT=0, Ω_3=0, t3=1): 16  [extra Ω_3 = 0]
  (8, 2, 5, DT=1, Ω_3=1, t3=2): 24  [extra Ω_3 = 0]

--- n=5 ---
  Statistics (|A_2|, |Ω_2|, |A_3|, DT, dim(Ω_3), t3): count
  (10, 10, 5, DT=5, Ω_3=5, t3=0): 120  [extra Ω_3 = 0]
  (12, 9, 9, DT=3, Ω_3=3, t3=1): 120  [extra Ω_3 = 0]
  (14, 8, 13, DT=3, Ω_3=4, t3=2): 240  [extra Ω_3 = 1]
  (16, 7, 17, DT=3, Ω_3=3, t3=3): 120  [extra Ω_3 = 0]
  (16, 7, 17, DT=5, Ω_3=5, t3=3): 120  [extra Ω_3 = 0]
  (18, 6, 21, DT=3, Ω_3=3, t3=4): 40  [extra Ω_3 = 0]
  (18, 6, 21, DT=3, Ω_3=4, t3=4): 120  [extra Ω_3 = 1]
  (18, 6, 21, DT=5, Ω_3=7, t3=4): 120  [extra Ω_3 = 2]
  (20, 5, 25, DT=5, Ω_3=10, t3=5): 24  [extra Ω_3 = 5]


======================================================================
SURJECTIVITY CHECK: im(∂_3|Ω_3) ⊇ ker(∂_2|Ω_2)?
======================================================================
  FAIL: ker=2, im=3, β_2=-1
  FAIL: ker=2, im=3, β_2=-1
  FAIL: ker=2, im=4, β_2=-2
  FAIL: ker=2, im=3, β_2=-1
  FAIL: ker=1, im=3, β_2=-2
  FAIL: ker=1, im=4, β_2=-3
  FAIL: ker=2, im=3, β_2=-1
  FAIL: ker=2, im=4, β_2=-2
  FAIL: ker=2, im=3, β_2=-1
  FAIL: ker=2, im=3, β_2=-1
  FAIL: ker=2, im=4, β_2=-2
  FAIL: ker=1, im=3, β_2=-2
  FAIL: ker=2, im=3, β_2=-1
  FAIL: ker=1, im=4, β_2=-3
  FAIL: ker=2, im=4, β_2=-2
  FAIL: ker=2, im=3, β_2=-1
  FAIL: ker=2, im=3, β_2=-1
  FAIL: ker=2, im=3, β_2=-1
  FAIL: ker=2, im=3, β_2=-1
  FAIL: ker=2, im=3, β_2=-1
  FAIL: ker=2, im=3, β_2=-1
  FAIL: ker=2, im=3, β_2=-1
  FAIL: ker=1, im=3, β_2=-2
  FAIL: ker=1, im=3, β_2=-2
  FAIL: ker=1, im=3, β_2=-2
  FAIL: ker=1, im=3, β_2=-2
  FAIL: ker=2, im=3, β_2=-1
  FAIL: ker=2, im=3, β_2=-1
  FAIL: ker=2, im=4, β_2=-2
  FAIL: ker=1, im=4, β_2=-3
  FAIL: ker=2, im=3, β_2=-1
  FAIL: ker=2, im=3, β_2=-1
  FAIL: ker=1, im=3, β_2=-2
  FAIL: ker=2, im=4, β_2=-2
  FAIL: ker=2, im=3, β_2=-1
  FAIL: ker=2, im=4, β_2=-2
  FAIL: ker=1, im=3, β_2=-2
  FAIL: ker=2, im=4, β_2=-2
  FAIL: ker=1, im=3, β_2=-2
  FAIL: ker=1, im=4, β_2=-3
  FAIL: ker=2, im=4, β_2=-2
  FAIL: ker=1, im=4, β_2=-3
  FAIL: ker=1, im=4, β_2=-3
  FAIL: ker=1, im=3, β_2=-2
  FAIL: ker=1, im=4, β_2=-3
  FAIL: ker=2, im=3, β_2=-1
  FAIL: ker=1, im=3, β_2=-2
  FAIL: ker=2, im=3, β_2=-1
  FAIL: ker=1, im=3, β_2=-2
  FAIL: ker=2, im=3, β_2=-1
  FAIL: ker=2, im=3, β_2=-1
  FAIL: ker=1, im=3, β_2=-2
  FAIL: ker=2, im=3, β_2=-1
  FAIL: ker=2, im=3, β_2=-1
  FAIL: ker=1, im=3, β_2=-2
  FAIL: ker=2, im=3, β_2=-1
  FAIL: ker=2, im=3, β_2=-1
  FAIL: ker=1, im=4, β_2=-3
  FAIL: ker=2, im=4, β_2=-2
  FAIL: ker=1, im=4, β_2=-3
  FAIL: ker=1, im=3, β_2=-2
  FAIL: ker=2, im=4, β_2=-2
  FAIL: ker=1, im=3, β_2=-2
  FAIL: ker=1, im=3, β_2=-2
  FAIL: ker=1, im=4, β_2=-3
  FAIL: ker=1, im=4, β_2=-3
  FAIL: ker=2, im=4, β_2=-2
  FAIL: ker=2, im=3, β_2=-1
  FAIL: ker=2, im=4, β_2=-2
  FAIL: ker=2, im=3, β_2=-1
  FAIL: ker=1, im=3, β_2=-2
  FAIL: ker=2, im=3, β_2=-1
  FAIL: ker=1, im=4, β_2=-3
  FAIL: ker=2, im=3, β_2=-1
  FAIL: ker=2, im=3, β_2=-1
  FAIL: ker=2, im=4, β_2=-2
  FAIL: ker=2, im=3, β_2=-1
  FAIL: ker=2, im=3, β_2=-1
  FAIL: ker=2, im=4, β_2=-2
  FAIL: ker=2, im=3, β_2=-1
  FAIL: ker=1, im=4, β_2=-3
  FAIL: ker=2, im=3, β_2=-1
  FAIL: ker=1, im=3, β_2=-2
  FAIL: ker=2, im=4, β_2=-2
  FAIL: ker=2, im=3, β_2=-1
  FAIL: ker=2, im=3, β_2=-1
  FAIL: ker=2, im=3, β_2=-1
  FAIL: ker=2, im=3, β_2=-1
  FAIL: ker=2, im=3, β_2=-1
  FAIL: ker=2, im=3, β_2=-1
  FAIL: ker=1, im=3, β_2=-2
  FAIL: ker=1, im=3, β_2=-2
  FAIL: ker=1, im=3, β_2=-2
  FAIL: ker=1, im=3, β_2=-2
  FAIL: ker=2, im=3, β_2=-1
  FAIL: ker=2, im=3, β_2=-1
  FAIL: ker=2, im=4, β_2=-2
  FAIL: ker=1, im=3, β_2=-2
  FAIL: ker=1, im=4, β_2=-3
  FAIL: ker=2, im=4, β_2=-2
  FAIL: ker=2, im=3, β_2=-1
  FAIL: ker=2, im=3, β_2=-1
  FAIL: ker=2, im=3, β_2=-1
  FAIL: ker=2, im=3, β_2=-1
  FAIL: ker=2, im=4, β_2=-2
  FAIL: ker=1, im=4, β_2=-3
  FAIL: ker=1, im=3, β_2=-2
  FAIL: ker=2, im=4, β_2=-2
  FAIL: ker=2, im=3, β_2=-1
  FAIL: ker=2, im=3, β_2=-1
  FAIL: ker=2, im=3, β_2=-1
  FAIL: ker=2, im=4, β_2=-2
  FAIL: ker=1, im=3, β_2=-2
  FAIL: ker=1, im=3, β_2=-2
  FAIL: ker=2, im=4, β_2=-2
  FAIL: ker=1, im=4, β_2=-3
  FAIL: ker=2, im=4, β_2=-2
  FAIL: ker=1, im=4, β_2=-3
  FAIL: ker=1, im=4, β_2=-3
  FAIL: ker=1, im=3, β_2=-2
  FAIL: ker=1, im=4, β_2=-3
  FAIL: ker=2, im=3, β_2=-1
  FAIL: ker=2, im=3, β_2=-1
  FAIL: ker=1, im=4, β_2=-3
  FAIL: ker=1, im=3, β_2=-2
  FAIL: ker=2, im=4, β_2=-2
  FAIL: ker=1, im=4, β_2=-3
  FAIL: ker=2, im=4, β_2=-2
  FAIL: ker=1, im=3, β_2=-2
  FAIL: ker=1, im=4, β_2=-3
  FAIL: ker=1, im=4, β_2=-3
  FAIL: ker=1, im=3, β_2=-2
  FAIL: ker=2, im=4, β_2=-2
  FAIL: ker=2, im=3, β_2=-1
  FAIL: ker=1, im=3, β_2=-2
  FAIL: ker=1, im=3, β_2=-2
  FAIL: ker=2, im=3, β_2=-1
  FAIL: ker=2, im=3, β_2=-1
  FAIL: ker=2, im=3, β_2=-1
  FAIL: ker=1, im=3, β_2=-2
  FAIL: ker=1, im=3, β_2=-2
  FAIL: ker=2, im=3, β_2=-1
  FAIL: ker=2, im=3, β_2=-1
  FAIL: ker=2, im=3, β_2=-1
  FAIL: ker=2, im=4, β_2=-2
  FAIL: ker=1, im=3, β_2=-2
  FAIL: ker=2, im=3, β_2=-1
  FAIL: ker=2, im=3, β_2=-1
  FAIL: ker=1, im=4, β_2=-3
  FAIL: ker=2, im=3, β_2=-1
  FAIL: ker=2, im=4, β_2=-2
  FAIL: ker=2, im=3, β_2=-1
  FAIL: ker=1, im=3, β_2=-2
  FAIL: ker=2, im=3, β_2=-1
  FAIL: ker=1, im=3, β_2=-2
  FAIL: ker=2, im=3, β_2=-1
  FAIL: ker=2, im=3, β_2=-1
  FAIL: ker=1, im=3, β_2=-2
  FAIL: ker=2, im=3, β_2=-1
  FAIL: ker=2, im=3, β_2=-1
  FAIL: ker=2, im=3, β_2=-1
  FAIL: ker=1, im=3, β_2=-2
  FAIL: ker=2, im=3, β_2=-1
  FAIL: ker=1, im=3, β_2=-2
  FAIL: ker=2, im=4, β_2=-2
  FAIL: ker=2, im=4, β_2=-2
  FAIL: ker=1, im=4, β_2=-3
  FAIL: ker=1, im=3, β_2=-2
  FAIL: ker=2, im=4, β_2=-2
  FAIL: ker=1, im=4, β_2=-3
  FAIL: ker=1, im=4, β_2=-3
  FAIL: ker=1, im=3, β_2=-2
  FAIL: ker=1, im=4, β_2=-3
  FAIL: ker=2, im=3, β_2=-1
  FAIL: ker=2, im=3, β_2=-1
  FAIL: ker=1, im=3, β_2=-2
  FAIL: ker=1, im=4, β_2=-3
  FAIL: ker=2, im=4, β_2=-2
  FAIL: ker=2, im=4, β_2=-2
  FAIL: ker=1, im=4, β_2=-3
  FAIL: ker=1, im=3, β_2=-2
  FAIL: ker=1, im=4, β_2=-3
  FAIL: ker=1, im=4, β_2=-3
  FAIL: ker=1, im=3, β_2=-2
  FAIL: ker=2, im=4, β_2=-2
  FAIL: ker=2, im=3, β_2=-1
  FAIL: ker=2, im=3, β_2=-1
  FAIL: ker=2, im=4, β_2=-2
  FAIL: ker=1, im=3, β_2=-2
  FAIL: ker=1, im=3, β_2=-2
  FAIL: ker=1, im=4, β_2=-3
  FAIL: ker=2, im=4, β_2=-2
  FAIL: ker=2, im=4, β_2=-2
  FAIL: ker=1, im=4, β_2=-3
  FAIL: ker=1, im=4, β_2=-3
  FAIL: ker=1, im=4, β_2=-3
  FAIL: ker=1, im=3, β_2=-2
  FAIL: ker=2, im=3, β_2=-1
  FAIL: ker=2, im=3, β_2=-1
  FAIL: ker=1, im=3, β_2=-2
  FAIL: ker=1, im=4, β_2=-3
  FAIL: ker=1, im=4, β_2=-3
  FAIL: ker=1, im=4, β_2=-3
  FAIL: ker=2, im=4, β_2=-2
  FAIL: ker=2, im=4, β_2=-2
  FAIL: ker=1, im=3, β_2=-2
  FAIL: ker=2, im=4, β_2=-2
  FAIL: ker=1, im=4, β_2=-3
  FAIL: ker=1, im=3, β_2=-2
  FAIL: ker=2, im=3, β_2=-1
  FAIL: ker=2, im=3, β_2=-1
  FAIL: ker=1, im=3, β_2=-2
  FAIL: ker=1, im=4, β_2=-3
  FAIL: ker=1, im=4, β_2=-3
  FAIL: ker=1, im=4, β_2=-3
  FAIL: ker=2, im=4, β_2=-2
  FAIL: ker=1, im=3, β_2=-2
  FAIL: ker=2, im=4, β_2=-2
  FAIL: ker=2, im=4, β_2=-2
  FAIL: ker=1, im=4, β_2=-3
  FAIL: ker=1, im=3, β_2=-2
  FAIL: ker=2, im=3, β_2=-1
  FAIL: ker=2, im=3, β_2=-1
  FAIL: ker=1, im=4, β_2=-3
  FAIL: ker=2, im=4, β_2=-2
  FAIL: ker=1, im=3, β_2=-2
  FAIL: ker=1, im=4, β_2=-3
  FAIL: ker=1, im=3, β_2=-2
  FAIL: ker=1, im=4, β_2=-3
  FAIL: ker=1, im=4, β_2=-3
  FAIL: ker=2, im=4, β_2=-2
  FAIL: ker=2, im=4, β_2=-2
  FAIL: ker=1, im=3, β_2=-2
  FAIL: ker=2, im=3, β_2=-1
  FAIL: ker=1, im=3, β_2=-2
  FAIL: ker=2, im=3, β_2=-1
  FAIL: ker=2, im=3, β_2=-1
  FAIL: ker=2, im=3, β_2=-1
  FAIL: ker=1, im=3, β_2=-2
  FAIL: ker=2, im=3, β_2=-1
  FAIL: ker=2, im=3, β_2=-1
  FAIL: ker=1, im=3, β_2=-2
  FAIL: ker=2, im=3, β_2=-1
  FAIL: ker=1, im=3, β_2=-2
  FAIL: ker=2, im=4, β_2=-2
  FAIL: ker=2, im=3, β_2=-1
  FAIL: ker=1, im=3, β_2=-2
  FAIL: ker=2, im=3, β_2=-1
  FAIL: ker=1, im=4, β_2=-3
  FAIL: ker=2, im=3, β_2=-1
  FAIL: ker=2, im=3, β_2=-1
  FAIL: ker=2, im=4, β_2=-2
  FAIL: ker=2, im=3, β_2=-1
  FAIL: ker=2, im=4, β_2=-2
  FAIL: ker=1, im=4, β_2=-3
  FAIL: ker=1, im=4, β_2=-3
  FAIL: ker=1, im=3, β_2=-2
  FAIL: ker=2, im=4, β_2=-2
  FAIL: ker=1, im=3, β_2=-2
  FAIL: ker=1, im=3, β_2=-2
  FAIL: ker=1, im=4, β_2=-3
  FAIL: ker=2, im=4, β_2=-2
  FAIL: ker=1, im=4, β_2=-3
  FAIL: ker=2, im=3, β_2=-1
  FAIL: ker=2, im=4, β_2=-2
  FAIL: ker=1, im=3, β_2=-2
  FAIL: ker=2, im=3, β_2=-1
  FAIL: ker=2, im=3, β_2=-1
  FAIL: ker=2, im=3, β_2=-1
  FAIL: ker=1, im=4, β_2=-3
  FAIL: ker=2, im=4, β_2=-2
  FAIL: ker=2, im=3, β_2=-1
  FAIL: ker=1, im=3, β_2=-2
  FAIL: ker=1, im=3, β_2=-2
  FAIL: ker=2, im=3, β_2=-1
  FAIL: ker=2, im=3, β_2=-1
  FAIL: ker=2, im=3, β_2=-1
  FAIL: ker=1, im=3, β_2=-2
  FAIL: ker=1, im=3, β_2=-2
  FAIL: ker=2, im=3, β_2=-1
  FAIL: ker=2, im=3, β_2=-1
  FAIL: ker=2, im=3, β_2=-1
  FAIL: ker=2, im=3, β_2=-1
  FAIL: ker=1, im=3, β_2=-2
  FAIL: ker=2, im=3, β_2=-1
  FAIL: ker=2, im=3, β_2=-1
  FAIL: ker=1, im=3, β_2=-2
  FAIL: ker=2, im=3, β_2=-1
  FAIL: ker=2, im=3, β_2=-1
  FAIL: ker=1, im=3, β_2=-2
  FAIL: ker=2, im=3, β_2=-1
  FAIL: ker=1, im=3, β_2=-2
  FAIL: ker=2, im=3, β_2=-1
  FAIL: ker=1, im=4, β_2=-3
  FAIL: ker=2, im=4, β_2=-2
  FAIL: ker=1, im=4, β_2=-3
  FAIL: ker=1, im=3, β_2=-2
  FAIL: ker=1, im=3, β_2=-2
  FAIL: ker=1, im=4, β_2=-3
  FAIL: ker=1, im=4, β_2=-3
  FAIL: ker=2, im=4, β_2=-2
  FAIL: ker=1, im=3, β_2=-2
  FAIL: ker=2, im=4, β_2=-2
  FAIL: ker=2, im=3, β_2=-1
  FAIL: ker=2, im=3, β_2=-1
  FAIL: ker=2, im=4, β_2=-2
  FAIL: ker=1, im=4, β_2=-3
  FAIL: ker=2, im=3, β_2=-1
  FAIL: ker=2, im=3, β_2=-1
  FAIL: ker=2, im=3, β_2=-1
  FAIL: ker=1, im=3, β_2=-2
  FAIL: ker=2, im=4, β_2=-2
  FAIL: ker=2, im=4, β_2=-2
  FAIL: ker=2, im=3, β_2=-1
  FAIL: ker=1, im=4, β_2=-3
  FAIL: ker=2, im=3, β_2=-1
  FAIL: ker=2, im=3, β_2=-1
  FAIL: ker=1, im=3, β_2=-2
  FAIL: ker=2, im=3, β_2=-1
  FAIL: ker=2, im=4, β_2=-2
  FAIL: ker=2, im=4, β_2=-2
  FAIL: ker=2, im=3, β_2=-1
  FAIL: ker=1, im=3, β_2=-2
  FAIL: ker=2, im=3, β_2=-1
  FAIL: ker=2, im=3, β_2=-1
  FAIL: ker=1, im=4, β_2=-3
  FAIL: ker=2, im=3, β_2=-1
  FAIL: ker=2, im=4, β_2=-2
  FAIL: ker=2, im=4, β_2=-2
  FAIL: ker=1, im=3, β_2=-2
  FAIL: ker=2, im=3, β_2=-1
  FAIL: ker=2, im=3, β_2=-1
  FAIL: ker=2, im=3, β_2=-1
  FAIL: ker=1, im=4, β_2=-3
  FAIL: ker=2, im=4, β_2=-2
  FAIL: ker=2, im=3, β_2=-1
  FAIL: ker=2, im=3, β_2=-1
  FAIL: ker=2, im=4, β_2=-2
  FAIL: ker=1, im=3, β_2=-2
  FAIL: ker=2, im=4, β_2=-2
  FAIL: ker=1, im=4, β_2=-3
  FAIL: ker=1, im=4, β_2=-3
  FAIL: ker=1, im=3, β_2=-2
  FAIL: ker=1, im=3, β_2=-2
  FAIL: ker=1, im=4, β_2=-3
  FAIL: ker=2, im=4, β_2=-2
  FAIL: ker=1, im=4, β_2=-3
  FAIL: ker=2, im=3, β_2=-1
  FAIL: ker=1, im=3, β_2=-2
  FAIL: ker=2, im=3, β_2=-1
  FAIL: ker=1, im=3, β_2=-2
  FAIL: ker=2, im=3, β_2=-1
  FAIL: ker=2, im=3, β_2=-1
  FAIL: ker=1, im=3, β_2=-2
  FAIL: ker=2, im=3, β_2=-1
  FAIL: ker=2, im=3, β_2=-1
  FAIL: ker=1, im=3, β_2=-2
  FAIL: ker=2, im=3, β_2=-1
  FAIL: ker=2, im=3, β_2=-1
  FAIL: ker=2, im=3, β_2=-1
  FAIL: ker=2, im=3, β_2=-1
  FAIL: ker=1, im=3, β_2=-2
  FAIL: ker=1, im=3, β_2=-2
  FAIL: ker=2, im=3, β_2=-1
  FAIL: ker=2, im=3, β_2=-1
  FAIL: ker=2, im=3, β_2=-1
  FAIL: ker=1, im=3, β_2=-2
  FAIL: ker=1, im=3, β_2=-2
  FAIL: ker=2, im=3, β_2=-1
  FAIL: ker=2, im=4, β_2=-2
  FAIL: ker=1, im=4, β_2=-3
  FAIL: ker=2, im=3, β_2=-1
  FAIL: ker=2, im=3, β_2=-1
  FAIL: ker=2, im=3, β_2=-1
  FAIL: ker=1, im=3, β_2=-2
  FAIL: ker=2, im=4, β_2=-2
  FAIL: ker=2, im=3, β_2=-1
  FAIL: ker=1, im=4, β_2=-3
  FAIL: ker=2, im=4, β_2=-2
  FAIL: ker=1, im=4, β_2=-3
  FAIL: ker=1, im=3, β_2=-2
  FAIL: ker=1, im=3, β_2=-2
  FAIL: ker=2, im=4, β_2=-2
  FAIL: ker=1, im=3, β_2=-2
  FAIL: ker=1, im=4, β_2=-3
  FAIL: ker=1, im=4, β_2=-3
  FAIL: ker=2, im=4, β_2=-2
  FAIL: ker=2, im=3, β_2=-1
  FAIL: ker=2, im=4, β_2=-2
  FAIL: ker=2, im=3, β_2=-1
  FAIL: ker=2, im=3, β_2=-1
  FAIL: ker=1, im=4, β_2=-3
  FAIL: ker=2, im=3, β_2=-1
  FAIL: ker=1, im=3, β_2=-2
  FAIL: ker=2, im=3, β_2=-1
  FAIL: ker=2, im=4, β_2=-2
  FAIL: ker=1, im=3, β_2=-2
  FAIL: ker=2, im=3, β_2=-1
  FAIL: ker=1, im=3, β_2=-2
  FAIL: ker=2, im=3, β_2=-1
  FAIL: ker=2, im=3, β_2=-1
  FAIL: ker=1, im=3, β_2=-2
  FAIL: ker=2, im=3, β_2=-1
  FAIL: ker=2, im=3, β_2=-1
  FAIL: ker=2, im=3, β_2=-1
  FAIL: ker=1, im=3, β_2=-2
  FAIL: ker=2, im=3, β_2=-1
  FAIL: ker=1, im=3, β_2=-2
  FAIL: ker=2, im=4, β_2=-2
  FAIL: ker=2, im=4, β_2=-2
  FAIL: ker=1, im=4, β_2=-3
  FAIL: ker=1, im=4, β_2=-3
  FAIL: ker=1, im=3, β_2=-2
  FAIL: ker=1, im=4, β_2=-3
  FAIL: ker=1, im=3, β_2=-2
  FAIL: ker=2, im=4, β_2=-2
  FAIL: ker=1, im=4, β_2=-3
  FAIL: ker=2, im=3, β_2=-1
  FAIL: ker=2, im=3, β_2=-1
  FAIL: ker=1, im=3, β_2=-2
  FAIL: ker=1, im=4, β_2=-3
  FAIL: ker=2, im=4, β_2=-2
  FAIL: ker=2, im=4, β_2=-2
  FAIL: ker=1, im=3, β_2=-2
  FAIL: ker=2, im=4, β_2=-2
  FAIL: ker=1, im=4, β_2=-3
  FAIL: ker=1, im=4, β_2=-3
  FAIL: ker=1, im=4, β_2=-3
  FAIL: ker=1, im=3, β_2=-2
  FAIL: ker=2, im=3, β_2=-1
  FAIL: ker=2, im=3, β_2=-1
  FAIL: ker=1, im=3, β_2=-2
  FAIL: ker=1, im=4, β_2=-3
  FAIL: ker=2, im=4, β_2=-2
  FAIL: ker=1, im=3, β_2=-2
  FAIL: ker=2, im=4, β_2=-2
  FAIL: ker=2, im=4, β_2=-2
  FAIL: ker=1, im=4, β_2=-3
  FAIL: ker=1, im=4, β_2=-3
  FAIL: ker=1, im=4, β_2=-3
  FAIL: ker=1, im=3, β_2=-2
  FAIL: ker=2, im=3, β_2=-1
  FAIL: ker=2, im=3, β_2=-1
  FAIL: ker=1, im=3, β_2=-2
  FAIL: ker=1, im=4, β_2=-3
  FAIL: ker=1, im=4, β_2=-3
  FAIL: ker=1, im=4, β_2=-3
  FAIL: ker=2, im=4, β_2=-2
  FAIL: ker=2, im=4, β_2=-2
  FAIL: ker=1, im=4, β_2=-3
  FAIL: ker=1, im=3, β_2=-2
  FAIL: ker=1, im=3, β_2=-2
  FAIL: ker=2, im=4, β_2=-2
  FAIL: ker=2, im=3, β_2=-1
  FAIL: ker=2, im=3, β_2=-1
  FAIL: ker=2, im=4, β_2=-2
  FAIL: ker=1, im=3, β_2=-2
  FAIL: ker=1, im=4, β_2=-3
  FAIL: ker=1, im=4, β_2=-3
  FAIL: ker=1, im=3, β_2=-2
  FAIL: ker=1, im=4, β_2=-3
  FAIL: ker=2, im=4, β_2=-2
  FAIL: ker=2, im=4, β_2=-2
  FAIL: ker=1, im=4, β_2=-3
  FAIL: ker=1, im=3, β_2=-2
  FAIL: ker=2, im=3, β_2=-1
  FAIL: ker=2, im=3, β_2=-1
  FAIL: ker=1, im=4, β_2=-3
  FAIL: ker=1, im=3, β_2=-2
  FAIL: ker=1, im=4, β_2=-3
  FAIL: ker=1, im=4, β_2=-3
  FAIL: ker=2, im=4, β_2=-2
  FAIL: ker=1, im=3, β_2=-2
  FAIL: ker=1, im=4, β_2=-3
  FAIL: ker=2, im=4, β_2=-2
  FAIL: ker=2, im=4, β_2=-2
  FAIL: ker=1, im=3, β_2=-2
  FAIL: ker=2, im=3, β_2=-1
  FAIL: ker=1, im=3, β_2=-2
  FAIL: ker=2, im=3, β_2=-1
  FAIL: ker=2, im=3, β_2=-1
  FAIL: ker=2, im=3, β_2=-1
  FAIL: ker=1, im=3, β_2=-2
  FAIL: ker=2, im=3, β_2=-1
  FAIL: ker=2, im=3, β_2=-1
  FAIL: ker=1, im=3, β_2=-2
  FAIL: ker=2, im=3, β_2=-1
  FAIL: ker=1, im=3, β_2=-2
  FAIL: ker=2, im=3, β_2=-1
  FAIL: ker=2, im=4, β_2=-2
  FAIL: ker=2, im=3, β_2=-1
  FAIL: ker=1, im=4, β_2=-3
  FAIL: ker=2, im=3, β_2=-1
  FAIL: ker=2, im=3, β_2=-1
  FAIL: ker=1, im=3, β_2=-2
  FAIL: ker=2, im=4, β_2=-2
  FAIL: ker=2, im=3, β_2=-1
  FAIL: ker=2, im=3, β_2=-1
  FAIL: ker=2, im=3, β_2=-1
  FAIL: ker=1, im=3, β_2=-2
  FAIL: ker=1, im=3, β_2=-2
  FAIL: ker=2, im=3, β_2=-1
  FAIL: ker=2, im=3, β_2=-1
  FAIL: ker=2, im=3, β_2=-1
  FAIL: ker=1, im=3, β_2=-2
  FAIL: ker=1, im=3, β_2=-2
  FAIL: ker=2, im=3, β_2=-1
  FAIL: ker=2, im=4, β_2=-2
  FAIL: ker=1, im=3, β_2=-2
  FAIL: ker=1, im=4, β_2=-3
  FAIL: ker=1, im=4, β_2=-3
  FAIL: ker=1, im=3, β_2=-2
  FAIL: ker=2, im=4, β_2=-2
  FAIL: ker=1, im=4, β_2=-3
  FAIL: ker=2, im=4, β_2=-2
  FAIL: ker=1, im=3, β_2=-2
  FAIL: ker=1, im=4, β_2=-3
  FAIL: ker=2, im=3, β_2=-1
  FAIL: ker=2, im=3, β_2=-1
  FAIL: ker=1, im=4, β_2=-3
  FAIL: ker=1, im=3, β_2=-2
  FAIL: ker=1, im=4, β_2=-3
  FAIL: ker=1, im=4, β_2=-3
  FAIL: ker=2, im=4, β_2=-2
  FAIL: ker=1, im=4, β_2=-3
  FAIL: ker=2, im=4, β_2=-2
  FAIL: ker=1, im=3, β_2=-2
  FAIL: ker=1, im=3, β_2=-2
  FAIL: ker=2, im=4, β_2=-2
  FAIL: ker=2, im=3, β_2=-1
  FAIL: ker=2, im=3, β_2=-1
  FAIL: ker=2, im=3, β_2=-1
  FAIL: ker=2, im=4, β_2=-2
  FAIL: ker=1, im=3, β_2=-2
  FAIL: ker=1, im=4, β_2=-3
  FAIL: ker=2, im=4, β_2=-2
  FAIL: ker=2, im=3, β_2=-1
  FAIL: ker=2, im=3, β_2=-1
  FAIL: ker=2, im=3, β_2=-1
  FAIL: ker=2, im=3, β_2=-1
  FAIL: ker=2, im=4, β_2=-2
  FAIL: ker=1, im=4, β_2=-3
  FAIL: ker=1, im=3, β_2=-2
  FAIL: ker=2, im=4, β_2=-2
  FAIL: ker=2, im=3, β_2=-1
  FAIL: ker=2, im=3, β_2=-1
  FAIL: ker=1, im=3, β_2=-2
  FAIL: ker=1, im=3, β_2=-2
  FAIL: ker=1, im=3, β_2=-2
  FAIL: ker=1, im=3, β_2=-2
  FAIL: ker=2, im=3, β_2=-1
  FAIL: ker=2, im=3, β_2=-1
  FAIL: ker=2, im=3, β_2=-1
  FAIL: ker=2, im=3, β_2=-1
  FAIL: ker=2, im=3, β_2=-1
  FAIL: ker=2, im=3, β_2=-1
  FAIL: ker=2, im=4, β_2=-2
  FAIL: ker=1, im=3, β_2=-2
  FAIL: ker=2, im=3, β_2=-1
  FAIL: ker=1, im=4, β_2=-3
  FAIL: ker=2, im=3, β_2=-1
  FAIL: ker=2, im=4, β_2=-2
  FAIL: ker=2, im=3, β_2=-1
  FAIL: ker=2, im=3, β_2=-1
  FAIL: ker=2, im=4, β_2=-2
  FAIL: ker=2, im=3, β_2=-1
  FAIL: ker=2, im=3, β_2=-1
  FAIL: ker=1, im=4, β_2=-3
  FAIL: ker=2, im=3, β_2=-1
  FAIL: ker=1, im=3, β_2=-2
  FAIL: ker=2, im=3, β_2=-1
  FAIL: ker=2, im=4, β_2=-2
  FAIL: ker=2, im=3, β_2=-1
  FAIL: ker=2, im=4, β_2=-2
  FAIL: ker=1, im=4, β_2=-3
  FAIL: ker=1, im=4, β_2=-3
  FAIL: ker=1, im=3, β_2=-2
  FAIL: ker=1, im=3, β_2=-2
  FAIL: ker=2, im=4, β_2=-2
  FAIL: ker=1, im=3, β_2=-2
  FAIL: ker=1, im=4, β_2=-3
  FAIL: ker=2, im=4, β_2=-2
  FAIL: ker=1, im=4, β_2=-3
  FAIL: ker=2, im=3, β_2=-1
  FAIL: ker=2, im=3, β_2=-1
  FAIL: ker=1, im=3, β_2=-2
  FAIL: ker=2, im=3, β_2=-1
  FAIL: ker=2, im=3, β_2=-1
  FAIL: ker=1, im=3, β_2=-2
  FAIL: ker=2, im=3, β_2=-1
  FAIL: ker=2, im=3, β_2=-1
  FAIL: ker=1, im=3, β_2=-2
  FAIL: ker=2, im=3, β_2=-1
  FAIL: ker=1, im=3, β_2=-2
  FAIL: ker=2, im=3, β_2=-1
  FAIL: ker=1, im=4, β_2=-3
  FAIL: ker=1, im=3, β_2=-2
  FAIL: ker=1, im=4, β_2=-3
  FAIL: ker=1, im=4, β_2=-3
  FAIL: ker=2, im=4, β_2=-2
  FAIL: ker=1, im=4, β_2=-3
  FAIL: ker=1, im=3, β_2=-2
  FAIL: ker=2, im=4, β_2=-2
  FAIL: ker=1, im=3, β_2=-2
  FAIL: ker=2, im=4, β_2=-2
  FAIL: ker=2, im=3, β_2=-1
  FAIL: ker=2, im=4, β_2=-2
  FAIL: ker=1, im=3, β_2=-2
  FAIL: ker=2, im=3, β_2=-1
  FAIL: ker=2, im=3, β_2=-1
  FAIL: ker=1, im=4, β_2=-3
  FAIL: ker=2, im=4, β_2=-2
  FAIL: ker=2, im=3, β_2=-1
  FAIL: ker=2, im=3, β_2=-1
  FAIL: ker=1, im=3, β_2=-2
  FAIL: ker=1, im=3, β_2=-2
  FAIL: ker=1, im=3, β_2=-2
  FAIL: ker=1, im=3, β_2=-2
  FAIL: ker=2, im=3, β_2=-1
  FAIL: ker=2, im=3, β_2=-1
  FAIL: ker=2, im=3, β_2=-1
  FAIL: ker=2, im=3, β_2=-1
  FAIL: ker=2, im=3, β_2=-1
  FAIL: ker=2, im=3, β_2=-1
  FAIL: ker=2, im=3, β_2=-1
  FAIL: ker=2, im=4, β_2=-2
  FAIL: ker=1, im=4, β_2=-3
  FAIL: ker=2, im=3, β_2=-1
  FAIL: ker=1, im=3, β_2=-2
  FAIL: ker=2, im=4, β_2=-2
  FAIL: ker=2, im=3, β_2=-1
  FAIL: ker=2, im=3, β_2=-1
  FAIL: ker=2, im=4, β_2=-2
  FAIL: ker=2, im=3, β_2=-1
  FAIL: ker=1, im=4, β_2=-3
  FAIL: ker=1, im=3, β_2=-2
  FAIL: ker=2, im=3, β_2=-1
  FAIL: ker=2, im=4, β_2=-2
  FAIL: ker=2, im=3, β_2=-1
  FAIL: ker=2, im=3, β_2=-1


======================================================================
DIMENSION RELATIONSHIP: dim(Ω_3) vs ker(∂_2|Ω_2)
======================================================================
  n=5: 1024 tournaments with Ω_2 ≠ 0

  (ker(∂_2), dim(Ω_3), DT_count): tournaments
    (0, 4, 3): 120
    (0, 10, 5): 24
    (1, 3, 3): 160
    (1, 7, 5): 120
    (2, 4, 3): 240
    (2, 5, 5): 120
    (3, 3, 3): 120
    (4, 5, 5): 120

  dim(Ω_3) ≥ ker(∂_2)? True

  For β_3 analysis, need dim(ker(∂_3|Ω_3)) - dim(im(∂_4|Ω_4))

Done.
