======================================================================
ITERATED CONE: Hamiltonian path approach
======================================================================

Regular T on {0,1,2,3,4}, delete v=4:
  0 в†’ [1, 2]
  1 в†’ [2, 3]
  2 в†’ [3, 4]
  3 в†’ [0, 4]
  4 в†’ [0, 1]

T\4 on {0,1,2,3}:
  0 в†’ [1, 2]
  1 в†’ [2, 3]
  2 в†’ [3]
  3 в†’ [0]

v=4: out-nbrs = [0, 1], in-nbrs = [2, 3]
Rв‚Ѓ edges: out = [(4, 0), (4, 1)], in = [(2, 4), (3, 4)]
dim Rв‚Ѓ = 4
======================================================================
FIXED Hв‚‚^rel: vertex renumbering corrected
======================================================================

Test: bits=9, v=1
  b1_T=0, b1_Tv=1, H2_rel=1
  FIXED! вњ“

Systematic check: all n=5 (T,v) pairs
  ... 200/1024, bugs=0
  ... 400/1024, bugs=0
  ... 600/1024, bugs=0
  ... 800/1024, bugs=0
  ... 1000/1024, bugs=0

Hв‚‚^rel distribution (5120 pairs):
  Hв‚‚^rel = 0: 4280
  Hв‚‚^rel = 1: 840

LES violations: 0
ALL CONSISTENT WITH LES! вњ“

Breakdown by (ОІв‚Ѓ(T), ОІв‚Ѓ(T\v)):
  ОІв‚Ѓ(T)=0, ОІв‚Ѓ(T\v)=0, Hв‚‚^rel=0: 2760
  ОІв‚Ѓ(T)=0, ОІв‚Ѓ(T\v)=1, Hв‚‚^rel=1: 840
  ОІв‚Ѓ(T)=1, ОІв‚Ѓ(T\v)=0, Hв‚‚^rel=0: 440
  ОІв‚Ѓ(T)=1, ОІв‚Ѓ(T\v)=1, Hв‚‚^rel=0: 1080

Is Hв‚‚^rel = max(0, ОІв‚Ѓ(T\v) - ОІв‚Ѓ(T)) always?
  Exact match: 5120/5120
  Mismatch: 0/5120

Done.

ОІв‚Ѓ(T) = 1, ОІв‚Ѓ(T\v) = 1
dim(ker i_*) в‰Ґ max(0, 1 - 1) = 0
Hв‚‚(T, T\v) = 0

All vertex deletions for regular T:
  v=0: ОІв‚Ѓ(T)=1, ОІв‚Ѓ(T\v)=1, Hв‚‚^rel=0, ker(i*)в‰Ґ0
  v=1: ОІв‚Ѓ(T)=1, ОІв‚Ѓ(T\v)=1, Hв‚‚^rel=0, ker(i*)в‰Ґ0
  v=2: ОІв‚Ѓ(T)=1, ОІв‚Ѓ(T\v)=1, Hв‚‚^rel=0, ker(i*)в‰Ґ0
  v=3: ОІв‚Ѓ(T)=1, ОІв‚Ѓ(T\v)=1, Hв‚‚^rel=0, ker(i*)в‰Ґ0
  v=4: ОІв‚Ѓ(T)=1, ОІв‚Ѓ(T\v)=1, Hв‚‚^rel=0, ker(i*)в‰Ґ0

======================================================================
K_n COMPARISON
======================================================================
  |A_0(Kв‚…)| = 5, dim О©_0 = 5
  |A_1(Kв‚…)| = 20, dim О©_1 = 20
  |A_2(Kв‚…)| = 60, dim О©_2 = 60
  |A_3(Kв‚…)| = 120, dim О©_3 = 120
  |A_4(Kв‚…)| = 120, dim О©_4 = 120

Done.
