======================================================================
SEARCHING FOR EXTREME DEFICIT CASES AT n=7
======================================================================
  ... 5000/20000 (14s), max_gap=2
  ... 10000/20000 (29s), max_gap=2
  ... 15000/20000 (43s), max_gap=2

  Completed 20000 samples in 57s
  Max gap found: 2
  Cases with gap >= 3: 0

======================================================================
SAMPLING n=8 (1000 samples)
======================================================================
  ... 250/1000 (2s)
  ... 500/1000 (5s)
  ... 750/1000 (7s)

  n=8, 1000 samples (10s)
  beta_2 violations: 0
  Max gap: 2
  Gap distribution:
    gap=0: 914 (91.4%)
    gap=1: 81 (8.1%)
    gap=2: 5 (0.5%)

Done.
