======================================================================
GLMY PATH HOMOLOGY v2 — VALIDATION
======================================================================

--- Directed 3-cycle C_3 ---
  Expected: β = [1, 1, 0] (1 component, 1 directed hole)
  Got: β = [1, 1, 0]

--- Directed path P_3 ---
  Expected: β = [1, 0, 0] (connected, contractible)
  Got: β = [1, 0, 0]

--- Transitive tournament T_3: 0->1, 0->2, 1->2 ---
  This is an acyclic tournament. Expected: β_1 = 0 (no directed holes)
  Got: β = [1, 0, 0]

--- 3-cycle tournament: 0->1, 1->2, 2->0 ---
  Got: β = [1, 1, 0]

--- Directed 4-cycle C_4 ---
  Expected: β = [1, 1, 0, 0]
  Got: β = [1, 1, 0, 0]

--- Complete bidirected K_3 ---
  Got: β = [1, 0, 2]

--- 0->1, vertex 2 isolated ---
  Got: β = [2, 0, 0]
  Expected: β_0 = 3 or 2 (depends on convention)


======================================================================
CIRCULANT DIGRAPHS C_n^S
======================================================================
  C_3^{1} (directed cycle): β = [1, 1, 0]
  C_4^{1} (directed cycle): β = [1, 1, 0, 0]
  C_5^{1} (directed cycle): β = [1, 1, 0, 0, 0]
  C_6^{1} (directed cycle): β = [1, 1, 0, 0, 0]
  C_7^{1} (directed cycle): β = [1, 1, 0, 0, 0]

  C_4^{1,2}: β = [1, 1, 0, 0]
  C_5^{1,2}: β = [1, 1, 0, 0, 0]
  C_6^{1,2}: β = [1, 1, 0, 0, 0]
  C_7^{1,2}: β = [1, 1, 0, 0, 0]

  C_5^{1,2,3}: β = [1, 0, 0, 1, 0]
  C_6^{1,2,3}: β = [1, 1, 0, 0, 0]
  C_7^{1,2,3}: β = [1, 1, 0, 0, 0]


======================================================================
ALL TOURNAMENTS — PATH HOMOLOGY
======================================================================

--- All tournaments n=3 ---
  Betti distribution:
    β=[1, 0, 0]: 6 tournaments
    β=[1, 1, 0]: 2 tournaments
  By t3:
    t3=0: {(1, 0, 0): 6}
    t3=1: {(1, 1, 0): 2}

--- All tournaments n=4 ---
  Betti distribution:
    β=[1, 0, 0, 0]: 40 tournaments
    β=[1, 1, 0, 0]: 24 tournaments
  By t3:
    t3=0: {(1, 0, 0, 0): 24}
    t3=1: {(1, 0, 0, 0): 16}
    t3=2: {(1, 1, 0, 0): 24}

--- All tournaments n=5 ---
  t3=0, H=1: β=[1, 0, 0, 0, 0]
  t3=0, H=1: β=[1, 0, 0, 0, 0]
  t3=1, H=3: β=[1, 0, 0, 0, 0]
  t3=0, H=1: β=[1, 0, 0, 0, 0]
  t3=2, H=5: β=[1, 0, 0, 0, 0]

  Betti distribution (n=5, 1024 tournaments):
    β=[1, 0, 0, 0, 0]: 720
    β=[1, 1, 0, 0, 0]: 304

  By t3:
    t3=0: {(1, 0, 0, 0, 0): 120}
    t3=1: {(1, 0, 0, 0, 0): 120}
    t3=2: {(1, 0, 0, 0, 0): 240}
    t3=3: {(1, 1, 0, 0, 0): 120, (1, 0, 0, 0, 0): 120}
    t3=4: {(1, 1, 0, 0, 0): 160, (1, 0, 0, 0, 0): 120}
    t3=5: {(1, 1, 0, 0, 0): 24}


======================================================================
GEOMETRIC INTERPRETATION
======================================================================

The GLMY path Betti numbers measure "directed topological features":

β_0 = # connected components (in path homology sense)
β_1 = # independent directed 1-holes (directed cycles not bounding anything)
β_2 = # independent directed 2-holes (directed "cavities")

For TOURNAMENTS:
- β_0 = 1 always (tournament is connected)
- β_1 depends on the 3-cycle structure
- β_2 and higher: potential higher-dimensional directed cavities

TOPOLOGICAL SPACES ANALOGY:
- β = (1,0,...) : contractible → like a point
- β = (1,1,0,...) : one 1-hole → like a circle S^1
- β = (1,2,1,...) : like a torus T^2
- β = (1,0,1,...) : one 2-hole → like a sphere S^2

SUMMARY: Which topological space does each tournament resemble?

n=3:
  β=[1, 0, 0, 0]: 40 tournaments → point
  β=[1, 1, 0, 0]: 24 tournaments → circle S^1

n=4:

n=5:
  β=[1, 0, 0, 0, 0]: 720 tournaments → point
  β=[1, 1, 0, 0, 0]: 304 tournaments → circle S^1


Done.
======================================================================
DT-SUFFICIENCY FOR β_2 = 0
======================================================================

n=4: 64 tournaments, 0.0s
  DT-sufficiency holds: True (0 failures)
  (ker, im_dt): count
    (1, 1): 24  ✓

n=5: 1024 tournaments, 0.3s
  DT-sufficiency holds: True (0 failures)
  (ker, im_dt): count
    (1, 3): 160  ✓
    (1, 4): 120  ✓
    (2, 3): 240  ✓
    (2, 4): 120  ✓
    (3, 3): 120  ✓
    (4, 4): 120  ✓

--- n=6 exhaustive (2^15 = 32768 tournaments) ---
  ... 5000/32768 (3s)
  ... 10000/32768 (5s)
  ... 15000/32768 (8s)
  ... 20000/32768 (11s)
  ... 25000/32768 (13s)
  ... 30000/32768 (16s)

n=6: 32768 tournaments, 17.7s
  DT-sufficiency holds: True (0 failures)
  (ker, im_dt): count
    (2, 9): 1680  ✓
    (3, 9): 4560  ✓
    (3, 10): 720  ✓
    (4, 8): 720  ✓
    (4, 9): 6240  ✓
    (5, 9): 3888  ✓
    (5, 10): 1440  ✓
    (6, 8): 480  ✓
    (6, 9): 5520  ✓
    (7, 9): 2880  ✓
    (7, 10): 720  ✓
    (8, 8): 80  ✓
    (8, 9): 2160  ✓
    (9, 9): 960  ✓
    (10, 10): 720  ✓

--- n=7 random sample (500 tournaments) ---

n=7 (sample): 500 tournaments, 0.5s
  DT-sufficiency holds: True (0 failures)
  (ker, im_dt): count
    (7, 18): 2  ✓
    (7, 19): 8  ✓
    (8, 18): 9  ✓
    (8, 19): 52  ✓
    (9, 18): 16  ✓
    (9, 19): 54  ✓
    (10, 18): 11  ✓
    (10, 19): 80  ✓
    (11, 18): 4  ✓
    (11, 19): 50  ✓
    (12, 18): 4  ✓
    (12, 19): 61  ✓
    (12, 20): 2  ✓
    (13, 18): 2  ✓
    (13, 19): 47  ✓
    (13, 20): 2  ✓
    (14, 18): 2  ✓
    (14, 19): 45  ✓
    (15, 19): 18  ✓
    (16, 19): 14  ✓
    (16, 20): 3  ✓
    (17, 19): 4  ✓
    (18, 19): 5  ✓
    (19, 19): 2  ✓
    (20, 20): 3  ✓


======================================================================
ALGEBRAIC STRUCTURE OF DT BOUNDARY MAP
======================================================================

n=5: Which transitive triples appear in DT boundaries?
  T#4: |Ω_2|=8, |DT|=3, coverage=0.88
    Missing triples: {(4, 0, 3)}

Done.
