======================================================================
DT AND OMEGA_3 RELATIONSHIP AT n=5
======================================================================

  (|DT|, dim(O3), surplus) distribution:
    DT=3, O3=3, surplus=0: 280
    DT=3, O3=4, surplus=1: 360
    DT=5, O3=5, surplus=1: 240
    DT=5, O3=7, surplus=2: 120
    DT=5, O3=10, surplus=5: 24

  |DT| = dim(O3): 520/1024 (50.8%)
  Cases where |DT| != dim(O3):
    DT=3, O3=4, surplus=1: 360
    DT=5, O3=7, surplus=2: 120
    DT=5, O3=10, surplus=5: 24

  |DT| >= dim(Z_2): 1024/1024 (100.0%)

  |DT|/|A_3| ratios:
    0.1429: 160
    0.1765: 120
    0.2000: 24
    0.2308: 240
    0.2381: 120
    0.2941: 120
    0.3333: 120
    1.0000: 120

======================================================================
n = 6
======================================================================
  ... 10000/32768
  ... 20000/32768
  ... 30000/32768

  |DT| = dim(O3): 2960/32768 (9.0%)
  |DT| >= dim(Z_2): 31808/32768 (97.1%)

  (|DT|, dim(O3), surplus) for DT<=20:
    DT=9, O3=9, surplus=1: 80
    DT=9, O3=11, surplus=3: 480
    DT=9, O3=12, surplus=3: 2160
    DT=9, O3=13, surplus=4: 1440
    DT=9, O3=15, surplus=5: 720
    DT=9, O3=18, surplus=7: 240
    DT=10, O3=12, surplus=3: 1440
    DT=10, O3=13, surplus=4: 1440
    DT=10, O3=15, surplus=5: 1440
    DT=10, O3=20, surplus=10: 288
    DT=11, O3=12, surplus=3: 1440
    DT=11, O3=13, surplus=4: 2880
    DT=11, O3=14, surplus=4: 1440
    DT=11, O3=14, surplus=5: 720
    DT=11, O3=16, surplus=6: 1440
    DT=11, O3=17, surplus=7: 1440
    DT=11, O3=19, surplus=8: 720
    DT=11, O3=20, surplus=9: 1440
    DT=12, O3=12, surplus=3: 1440
    DT=12, O3=14, surplus=5: 1440
    DT=12, O3=15, surplus=5: 1440
    DT=12, O3=17, surplus=6: 480
    DT=12, O3=20, surplus=9: 1440
    DT=12, O3=21, surplus=10: 1440
    DT=15, O3=15, surplus=5: 1440
    DT=15, O3=20, surplus=8: 1440
    DT=15, O3=28, surplus=15: 720
    DT=15, O3=33, surplus=18: 240

Done.
