======================================================================
n=7: SWAP CYCLE FILLING TEST (500 random + Paley)
======================================================================
  100/500 (0s) tested=225 ok=100 fail=0
  200/500 (1s) tested=424 ok=200 fail=0
  300/500 (1s) tested=647 ok=300 fail=0
  400/500 (1s) tested=833 ok=400 fail=0
  500/500 (1s) tested=1041 ok=500 fail=0

n=7 (1s): 1048 swap cycles tested
  All OK: 500/500 random + Paley=OK
  Failures: 0

  Paley T_7 swap cycle details:
    v=0: ker_dim=1, err=5.69e-16, filling_size=126
      (0, 4, 6, 3): -0.1013
      (0, 4, 6, 1): -0.0350
      (0, 4, 5, 6): +0.1013
      (0, 4, 5, 2): +0.0350
      (0, 4, 1, 5): -0.0887
    v=1: ker_dim=1, err=3.19e-16, filling_size=126
      (0, 4, 6, 3): -0.0087
      (0, 4, 6, 1): +0.0350
      (0, 4, 5, 6): +0.0478
      (0, 4, 1, 5): +0.0136
      (0, 4, 1, 3): +0.0087
    v=2: ker_dim=1, err=7.88e-16, filling_size=126
      (0, 4, 6, 3): +0.0087
      (0, 4, 6, 1): -0.0341
      (0, 4, 5, 6): +0.0087
      (0, 4, 5, 2): -0.0350
      (0, 4, 1, 5): +0.0161

======================================================================
n=5: FILLING STRUCTURE ANALYSIS
======================================================================

Filling structure (position of v in 3-paths):
  v at positions (0, 3) (front, back): 120

======================================================================
EXPLICIT FILLING EXAMPLE
======================================================================
T#12 scores=(1, 2, 2, 2, 3), v=0
  P=[3, 4], Q=[1, 2]
  Arcs P->Q: [(3, 1), (3, 2), (4, 1), (4, 2)]
  Swap cycle M coefficients:
    M[3,1] = -0.500000
    M[3,2] = +0.500000
    M[4,1] = +0.500000
    M[4,2] = -0.500000

  Swap cycle z (A_2 coords):
    z[(0, 4, 2)] = +0.500000
    z[(0, 4, 1)] = -0.500000
    z[(0, 3, 2)] = -0.500000
    z[(0, 3, 1)] = +0.500000
    z[(3, 2, 0)] = +0.500000
    z[(3, 1, 0)] = -0.500000
    z[(4, 2, 0)] = -0.500000
    z[(4, 1, 0)] = +0.500000

  Filling w (A_3 coords), err=3.89e-16:
    w[(0, 4, 3, 2)] = +0.250000 (v at pos 0)
    w[(0, 4, 3, 1)] = -0.250000 (v at pos 0)
    w[(0, 4, 2, 1)] = -0.250000 (v at pos 0)
    w[(0, 3, 2, 1)] = +0.250000 (v at pos 0)
    w[(3, 2, 1, 0)] = +0.250000 (v at pos 3)
    w[(4, 3, 2, 0)] = +0.250000 (v at pos 3)
    w[(4, 3, 1, 0)] = -0.250000 (v at pos 3)
    w[(4, 2, 1, 0)] = -0.250000 (v at pos 3)

  Verification d_3(w) = z: max_err = 3.89e-16
  z in Omega_2? err = 2.78e-16


Done.
