======================================================================
GLMY PATH HOMOLOGY v2 — VALIDATION
======================================================================

--- Directed 3-cycle C_3 ---
  Expected: β = [1, 1, 0] (1 component, 1 directed hole)
  Got: β = [1, 1, 0]

--- Directed path P_3 ---
  Expected: β = [1, 0, 0] (connected, contractible)
  Got: β = [1, 0, 0]

--- Transitive tournament T_3: 0->1, 0->2, 1->2 ---
  This is an acyclic tournament. Expected: β_1 = 0 (no directed holes)
  Got: β = [1, 0, 0]

--- 3-cycle tournament: 0->1, 1->2, 2->0 ---
  Got: β = [1, 1, 0]

--- Directed 4-cycle C_4 ---
  Expected: β = [1, 1, 0, 0]
  Got: β = [1, 1, 0, 0]

--- Complete bidirected K_3 ---
  Got: β = [1, 0, 2]

--- 0->1, vertex 2 isolated ---
  Got: β = [2, 0, 0]
  Expected: β_0 = 3 or 2 (depends on convention)


======================================================================
CIRCULANT DIGRAPHS C_n^S
======================================================================
  C_3^{1} (directed cycle): β = [1, 1, 0]
  C_4^{1} (directed cycle): β = [1, 1, 0, 0]
  C_5^{1} (directed cycle): β = [1, 1, 0, 0, 0]
  C_6^{1} (directed cycle): β = [1, 1, 0, 0, 0]
  C_7^{1} (directed cycle): β = [1, 1, 0, 0, 0]

  C_4^{1,2}: β = [1, 1, 0, 0]
  C_5^{1,2}: β = [1, 1, 0, 0, 0]
  C_6^{1,2}: β = [1, 1, 0, 0, 0]
  C_7^{1,2}: β = [1, 1, 0, 0, 0]

  C_5^{1,2,3}: β = [1, 0, 0, 1, 0]
  C_6^{1,2,3}: β = [1, 1, 0, 0, 0]
  C_7^{1,2,3}: β = [1, 1, 0, 0, 0]


======================================================================
ALL TOURNAMENTS — PATH HOMOLOGY
======================================================================

--- All tournaments n=3 ---
  Betti distribution:
    β=[1, 0, 0]: 6 tournaments
    β=[1, 1, 0]: 2 tournaments
  By t3:
    t3=0: {(1, 0, 0): 6}
    t3=1: {(1, 1, 0): 2}

--- All tournaments n=4 ---
  Betti distribution:
    β=[1, 0, 0, 0]: 40 tournaments
    β=[1, 1, 0, 0]: 24 tournaments
  By t3:
    t3=0: {(1, 0, 0, 0): 24}
    t3=1: {(1, 0, 0, 0): 16}
    t3=2: {(1, 1, 0, 0): 24}

--- All tournaments n=5 ---
  t3=0, H=1: β=[1, 0, 0, 0, 0]
  t3=0, H=1: β=[1, 0, 0, 0, 0]
  t3=1, H=3: β=[1, 0, 0, 0, 0]
  t3=0, H=1: β=[1, 0, 0, 0, 0]
  t3=2, H=5: β=[1, 0, 0, 0, 0]

  Betti distribution (n=5, 1024 tournaments):
    β=[1, 0, 0, 0, 0]: 720
    β=[1, 1, 0, 0, 0]: 304

  By t3:
    t3=0: {(1, 0, 0, 0, 0): 120}
    t3=1: {(1, 0, 0, 0, 0): 120}
    t3=2: {(1, 0, 0, 0, 0): 240}
    t3=3: {(1, 1, 0, 0, 0): 120, (1, 0, 0, 0, 0): 120}
    t3=4: {(1, 1, 0, 0, 0): 160, (1, 0, 0, 0, 0): 120}
    t3=5: {(1, 1, 0, 0, 0): 24}


======================================================================
GEOMETRIC INTERPRETATION
======================================================================

The GLMY path Betti numbers measure "directed topological features":

β_0 = # connected components (in path homology sense)
β_1 = # independent directed 1-holes (directed cycles not bounding anything)
β_2 = # independent directed 2-holes (directed "cavities")

For TOURNAMENTS:
- β_0 = 1 always (tournament is connected)
- β_1 depends on the 3-cycle structure
- β_2 and higher: potential higher-dimensional directed cavities

TOPOLOGICAL SPACES ANALOGY:
- β = (1,0,...) : contractible → like a point
- β = (1,1,0,...) : one 1-hole → like a circle S^1
- β = (1,2,1,...) : like a torus T^2
- β = (1,0,1,...) : one 2-hole → like a sphere S^2

SUMMARY: Which topological space does each tournament resemble?

n=3:
  β=[1, 0, 0, 0]: 40 tournaments → point
  β=[1, 1, 0, 0]: 24 tournaments → circle S^1

n=4:

n=5:
  β=[1, 0, 0, 0, 0]: 720 tournaments → point
  β=[1, 1, 0, 0, 0]: 304 tournaments → circle S^1


Done.
======================================================================
DT FAILURE ANALYSIS AT n=6
======================================================================
  ... 5000
  ... 10000
  ... 15000
  ... 20000
  ... 25000
  ... 30000

  Total tournaments: 32768
  DT sufficient: 31808
  DT failures: 960

--- DT failure details ---
  Gap distribution: {1: 720, 2: 240}
  Score sequences: {(1, 2, 2, 3, 3, 4): 720, (2, 2, 2, 3, 3, 3): 240}
  t3 values: {6: 720, 8: 240}


======================================================================
DEEP DIVE: FIRST DT FAILURE
======================================================================
Tournament #154, score=(1, 2, 2, 3, 3, 4), t3=6
  ker(∂_2|Ω_2) dim = 10, DT image rank = 9, gap = 1
  dim(Ω_2) = 20, dim(Ω_3) = 15
  |DT| = 9, |A_3\DT| = 42
  Ω_3 basis: 6 pure DT, 9 mixed, 0 pure non-DT

  Kernel generator 0: NOT in im(DT), residual norm = 0.074859
    Cycle z (support=26 paths):
      +0.377831 * (0, 2, 1)
      +0.129821 * (0, 4, 2)
      -0.331524 * (0, 4, 3)
      -0.377831 * (0, 5, 1)
      +0.326463 * (0, 5, 2)
      +0.331524 * (0, 5, 3)
      -0.280156 * (0, 5, 4)
      +0.040361 * (1, 0, 2)
      -0.030970 * (1, 0, 4)
      -0.040361 * (1, 4, 2)
      ... (26 total)
    Residual (support=26 paths):
      -0.007881 * (0, 2, 1)
      +0.010508 * (0, 4, 2)
      +0.001314 * (0, 4, 3)
      +0.007881 * (0, 5, 1)
      +0.007881 * (0, 5, 2)
      -0.001314 * (0, 5, 3)
      -0.014449 * (0, 5, 4)
      -0.011822 * (1, 0, 2)
      -0.013135 * (1, 0, 4)
      +0.011822 * (1, 4, 2)
    Full Ω_3 filling residual: 9.735019e-16
    Filling: 25 paths (9 DT + 16 non-DT)
    Non-DT paths in filling:
      -0.107687 * (0, 4, 2, 1)  bad faces: [(0, 4, 1)]
      +0.107687 * (0, 4, 3, 1)  bad faces: [(0, 3, 1), (0, 4, 1)]
      +0.014782 * (0, 4, 3, 2)  bad faces: [(0, 3, 2)]
      -0.107687 * (0, 5, 3, 1)  bad faces: [(0, 3, 1)]
      -0.014782 * (0, 5, 3, 2)  bad faces: [(0, 3, 2)]
      +0.024750 * (3, 0, 4, 2)  bad faces: [(3, 4, 2)]
      +0.024750 * (3, 1, 0, 2)  bad faces: [(3, 1, 2)]
      -0.024750 * (3, 1, 4, 2)  bad faces: [(3, 4, 2), (3, 1, 2)]
      -0.038092 * (5, 1, 0, 2)  bad faces: [(5, 0, 2), (5, 1, 2)]
      +0.002187 * (5, 1, 0, 4)  bad faces: [(5, 0, 4)]
      +0.038092 * (5, 1, 4, 2)  bad faces: [(5, 1, 2)]
      +0.038092 * (5, 3, 0, 2)  bad faces: [(5, 0, 2)]
      -0.002187 * (5, 3, 0, 4)  bad faces: [(5, 0, 4), (5, 3, 4)]
      +0.002187 * (5, 3, 1, 4)  bad faces: [(5, 3, 4)]
      +0.042517 * (5, 4, 2, 1)  bad faces: [(5, 4, 1)]
      -0.042517 * (5, 4, 3, 1)  bad faces: [(5, 4, 1)]


======================================================================
CANCELLATION CHAIN STRUCTURE IN DT FAILURES
======================================================================

--- Failure #0: T#154, gap=1 ---
  Non-DT 3-paths: 42
  Bad face groups:
    (0, 1, 4): 2 paths
      - (0, 2, 1, 4)
      - (0, 5, 1, 4)
    (0, 2, 4): 1 paths
      + (0, 2, 1, 4)
    (0, 3, 1): 2 paths
      - (0, 4, 3, 1)
      - (0, 5, 3, 1)
    (0, 3, 2): 2 paths
      - (0, 4, 3, 2)
      - (0, 5, 3, 2)
    (0, 4, 1): 2 paths
      + (0, 4, 2, 1)
      + (0, 4, 3, 1)
    (1, 0, 3): 2 paths
      + (1, 0, 4, 3)
      + (1, 0, 5, 3)
    (1, 3, 0): 1 paths
      - (1, 4, 3, 0)
    (1, 3, 2): 1 paths
      - (1, 4, 3, 2)
    (1, 4, 0): 1 paths
      + (1, 4, 3, 0)
    (1, 5, 2): 1 paths
      - (1, 0, 5, 2)
    (1, 5, 3): 1 paths
      - (1, 0, 5, 3)
    (1, 5, 4): 1 paths
      - (1, 0, 5, 4)
    (2, 0, 4): 1 paths
      - (2, 1, 0, 4)
    (2, 0, 5): 1 paths
      - (2, 1, 0, 5)
    (2, 1, 3): 1 paths
      + (2, 1, 4, 3)
    (2, 1, 5): 1 paths
      + (2, 1, 0, 5)
    (2, 4, 3): 1 paths
      - (2, 1, 4, 3)
    (3, 0, 1): 2 paths
      + (3, 0, 2, 1)
      + (3, 0, 5, 1)
    (3, 1, 2): 2 paths
      + (3, 1, 0, 2)
      + (3, 1, 4, 2)
    (3, 1, 5): 1 paths
      + (3, 1, 0, 5)
    (3, 2, 0): 1 paths
      + (3, 2, 1, 0)
    (3, 2, 4): 1 paths
      + (3, 2, 1, 4)
    (3, 4, 2): 2 paths
      - (3, 0, 4, 2)
      - (3, 1, 4, 2)
    (3, 5, 1): 1 paths
      - (3, 0, 5, 1)
    (3, 5, 2): 1 paths
      - (3, 0, 5, 2)
    (3, 5, 4): 1 paths
      - (3, 0, 5, 4)
    (4, 0, 2): 1 paths
      - (4, 3, 0, 2)
    (4, 0, 5): 1 paths
      - (4, 3, 0, 5)
    (4, 1, 0): 2 paths
      - (4, 2, 1, 0)
      - (4, 3, 1, 0)
    (4, 2, 0): 1 paths
      + (4, 2, 1, 0)
    (4, 3, 5): 1 paths
      + (4, 3, 0, 5)
    (5, 0, 2): 2 paths
      - (5, 1, 0, 2)
      - (5, 3, 0, 2)
    (5, 0, 4): 2 paths
      - (5, 1, 0, 4)
      - (5, 3, 0, 4)
    (5, 1, 2): 2 paths
      + (5, 1, 0, 2)
      + (5, 1, 4, 2)
    (5, 1, 3): 1 paths
      + (5, 1, 4, 3)
    (5, 2, 0): 1 paths
      + (5, 2, 1, 0)
    (5, 2, 4): 1 paths
      + (5, 2, 1, 4)
    (5, 3, 4): 2 paths
      + (5, 3, 0, 4)
      + (5, 3, 1, 4)
    (5, 4, 0): 1 paths
      + (5, 4, 3, 0)
    (5, 4, 1): 2 paths
      + (5, 4, 2, 1)
      + (5, 4, 3, 1)

  Cancellation pairs (sharing one bad face, all others allowed):
    (0, 4, 3, 2) - (0, 5, 3, 2) (bad face (0, 3, 2))
    (5, 4, 2, 1) - (5, 4, 3, 1) (bad face (5, 4, 1))
  Total cancellation pairs: 2

--- Failure #1: T#213, gap=1 ---
  Non-DT 3-paths: 42
  Bad face groups:
    (0, 1, 2): 2 paths
      + (0, 1, 3, 2)
      + (0, 1, 4, 2)
    (0, 2, 1): 2 paths
      - (0, 3, 2, 1)
      - (0, 5, 2, 1)
    (0, 3, 1): 1 paths
      + (0, 3, 2, 1)
    (0, 4, 2): 2 paths
      - (0, 1, 4, 2)
      - (0, 5, 4, 2)
    (0, 4, 3): 2 paths
      - (0, 1, 4, 3)
      - (0, 5, 4, 3)
    (1, 0, 3): 1 paths
      - (1, 4, 0, 3)
    (1, 0, 5): 1 paths
      - (1, 4, 0, 5)
    (1, 2, 0): 2 paths
      - (1, 3, 2, 0)
      - (1, 4, 2, 0)
    (1, 3, 0): 1 paths
      + (1, 3, 2, 0)
    (1, 4, 5): 1 paths
      + (1, 4, 0, 5)
    (2, 0, 4): 2 paths
      + (2, 0, 1, 4)
      + (2, 0, 5, 4)
    (2, 1, 0): 1 paths
      + (2, 1, 4, 0)
    (2, 4, 0): 1 paths
      - (2, 1, 4, 0)
    (2, 4, 3): 1 paths
      - (2, 1, 4, 3)
    (2, 5, 1): 1 paths
      - (2, 0, 5, 1)
    (2, 5, 3): 1 paths
      - (2, 0, 5, 3)
    (2, 5, 4): 1 paths
      - (2, 0, 5, 4)
    (3, 0, 1): 1 paths
      - (3, 2, 0, 1)
    (3, 0, 5): 1 paths
      - (3, 2, 0, 5)
    (3, 1, 4): 1 paths
      - (3, 2, 1, 4)
    (3, 2, 4): 1 paths
      + (3, 2, 1, 4)
    (3, 2, 5): 1 paths
      + (3, 2, 0, 5)
    (4, 0, 2): 2 paths
      + (4, 0, 3, 2)
      + (4, 0, 5, 2)
    (4, 1, 3): 2 paths
      - (4, 0, 1, 3)
      - (4, 2, 1, 3)
    (4, 2, 3): 2 paths
      + (4, 2, 0, 3)
      + (4, 2, 1, 3)
    (4, 2, 5): 1 paths
      + (4, 2, 0, 5)
    (4, 3, 0): 1 paths
      + (4, 3, 2, 0)
    (4, 3, 1): 1 paths
      + (4, 3, 2, 1)
    (4, 5, 1): 1 paths
      - (4, 0, 5, 1)
    (4, 5, 2): 1 paths
      - (4, 0, 5, 2)
    (4, 5, 3): 1 paths
      - (4, 0, 5, 3)
    (5, 0, 1): 2 paths
      - (5, 2, 0, 1)
      - (5, 4, 0, 1)
    (5, 0, 3): 2 paths
      - (5, 2, 0, 3)
      - (5, 4, 0, 3)
    (5, 1, 0): 1 paths
      + (5, 1, 4, 0)
    (5, 1, 2): 2 paths
      + (5, 1, 3, 2)
      + (5, 1, 4, 2)
    (5, 2, 3): 2 paths
      + (5, 2, 0, 3)
      + (5, 2, 1, 3)
    (5, 2, 4): 1 paths
      + (5, 2, 1, 4)
    (5, 3, 0): 1 paths
      + (5, 3, 2, 0)
    (5, 3, 1): 1 paths
      + (5, 3, 2, 1)
    (5, 4, 1): 2 paths
      + (5, 4, 0, 1)
      + (5, 4, 2, 1)

  Cancellation pairs (sharing one bad face, all others allowed):
    (0, 1, 4, 3) - (0, 5, 4, 3) (bad face (0, 4, 3))
    (5, 1, 3, 2) - (5, 1, 4, 2) (bad face (5, 1, 2))
  Total cancellation pairs: 2

--- Failure #2: T#308, gap=1 ---
  Non-DT 3-paths: 42
  Bad face groups:
    (0, 1, 2): 1 paths
      - (0, 3, 1, 2)
    (0, 1, 5): 1 paths
      - (0, 3, 1, 5)
    (0, 3, 5): 1 paths
      + (0, 3, 1, 5)
    (0, 4, 1): 1 paths
      - (0, 5, 4, 1)
    (0, 4, 2): 1 paths
      - (0, 5, 4, 2)
    (0, 4, 3): 1 paths
      - (0, 5, 4, 3)
    (0, 5, 1): 2 paths
      + (0, 5, 3, 1)
      + (0, 5, 4, 1)
    (1, 0, 2): 2 paths
      + (1, 0, 3, 2)
      + (1, 0, 5, 2)
    (1, 0, 4): 1 paths
      + (1, 0, 5, 4)
    (1, 2, 3): 1 paths
      + (1, 2, 0, 3)
    (1, 2, 5): 1 paths
      + (1, 2, 0, 5)
    (1, 3, 2): 2 paths
      - (1, 0, 3, 2)
      - (1, 5, 3, 2)
    (1, 4, 0): 1 paths
      - (1, 5, 4, 0)
    (1, 4, 2): 1 paths
      - (1, 5, 4, 2)
    (1, 4, 3): 1 paths
      - (1, 5, 4, 3)
    (1, 5, 0): 2 paths
      + (1, 5, 2, 0)
      + (1, 5, 4, 0)
    (2, 0, 1): 1 paths
      + (2, 0, 3, 1)
    (2, 0, 4): 1 paths
      + (2, 0, 5, 4)
    (2, 3, 1): 1 paths
      - (2, 0, 3, 1)
    (2, 5, 3): 1 paths
      - (2, 0, 5, 3)
    (2, 5, 4): 1 paths
      - (2, 0, 5, 4)
    (3, 0, 5): 2 paths
      - (3, 1, 0, 5)
      - (3, 2, 0, 5)
    (3, 1, 4): 1 paths
      + (3, 1, 5, 4)
    (3, 2, 5): 1 paths
      + (3, 2, 0, 5)
    (3, 5, 2): 1 paths
      - (3, 1, 5, 2)
    (3, 5, 4): 1 paths
      - (3, 1, 5, 4)
    (4, 0, 1): 1 paths
      + (4, 0, 3, 1)
    (4, 0, 2): 2 paths
      + (4, 0, 3, 2)
      + (4, 0, 5, 2)
    (4, 1, 3): 2 paths
      + (4, 1, 0, 3)
      + (4, 1, 5, 3)
    (4, 2, 3): 1 paths
      + (4, 2, 0, 3)
    (4, 2, 5): 1 paths
      + (4, 2, 0, 5)
    (4, 3, 0): 2 paths
      + (4, 3, 1, 0)
      + (4, 3, 2, 0)
    (4, 3, 5): 1 paths
      + (4, 3, 1, 5)
    (4, 5, 2): 2 paths
      - (4, 0, 5, 2)
      - (4, 1, 5, 2)
    (4, 5, 3): 2 paths
      - (4, 0, 5, 3)
      - (4, 1, 5, 3)
    (5, 0, 3): 2 paths
      - (5, 2, 0, 3)
      - (5, 4, 0, 3)
    (5, 1, 0): 2 paths
      - (5, 3, 1, 0)
      - (5, 4, 1, 0)
    (5, 1, 2): 2 paths
      - (5, 3, 1, 2)
      - (5, 4, 1, 2)
    (5, 2, 3): 1 paths
      + (5, 2, 0, 3)
    (5, 3, 0): 2 paths
      + (5, 3, 1, 0)
      + (5, 3, 2, 0)

  Cancellation pairs (sharing one bad face, all others allowed):
    (4, 3, 1, 0) - (4, 3, 2, 0) (bad face (4, 3, 0))
    (5, 3, 1, 2) - (5, 4, 1, 2) (bad face (5, 1, 2))
  Total cancellation pairs: 2


======================================================================
DIMENSION COUNTING ANALYSIS
======================================================================
  ... 0
  ... 5000
  ... 10000
  ... 15000
  ... 20000
  ... 25000
  ... 30000
  β_2 ≠ 0: 0 / 32768
  r3 = ker2: 32768 / 32768

Dimension distributions:
  dim(Ω_2): {18: 1760, 19: 13920, 20: 9408, 21: 6720, 22: 720, 24: 240}
  dim(Ω_3): {9: 80, 11: 480, 12: 6480, 13: 5760, 14: 3600, 15: 5040, 16: 1440, 17: 1920, 18: 240, 19: 720, 20: 4608, 21: 1440, 28: 720, 33: 240}
  ker(∂_2|Ω_2): {8: 560, 9: 14400, 10: 9648, 11: 5760, 12: 1440, 13: 720, 15: 240}
  rank(∂_3|Ω_3): {8: 560, 9: 14400, 10: 9648, 11: 5760, 12: 1440, 13: 720, 15: 240}

  dim(Ω_3) - ker(∂_3) = rank(∂_3) = r3
  ker(∂_2) = ker2
  β_2 = ker2 - r3 = {0: 32768}

  dim(Ω_3) - ker(∂_2): min=1, max=18
  Distribution: {1: 80, 3: 6960, 4: 7200, 5: 7200, 6: 1920, 7: 1680, 8: 2160, 9: 2880, 10: 1728, 15: 720, 18: 240}

Done.
