======================================================================
GLMY PATH HOMOLOGY v2 — VALIDATION
======================================================================

--- Directed 3-cycle C_3 ---
  Expected: β = [1, 1, 0] (1 component, 1 directed hole)
  Got: β = [1, 1, 0]

--- Directed path P_3 ---
  Expected: β = [1, 0, 0] (connected, contractible)
  Got: β = [1, 0, 0]

--- Transitive tournament T_3: 0->1, 0->2, 1->2 ---
  This is an acyclic tournament. Expected: β_1 = 0 (no directed holes)
  Got: β = [1, 0, 0]

--- 3-cycle tournament: 0->1, 1->2, 2->0 ---
  Got: β = [1, 1, 0]

--- Directed 4-cycle C_4 ---
  Expected: β = [1, 1, 0, 0]
  Got: β = [1, 1, 0, 0]

--- Complete bidirected K_3 ---
  Got: β = [1, 0, 2]

--- 0->1, vertex 2 isolated ---
  Got: β = [2, 0, 0]
  Expected: β_0 = 3 or 2 (depends on convention)


======================================================================
CIRCULANT DIGRAPHS C_n^S
======================================================================
  C_3^{1} (directed cycle): β = [1, 1, 0]
  C_4^{1} (directed cycle): β = [1, 1, 0, 0]
  C_5^{1} (directed cycle): β = [1, 1, 0, 0, 0]
  C_6^{1} (directed cycle): β = [1, 1, 0, 0, 0]
  C_7^{1} (directed cycle): β = [1, 1, 0, 0, 0]

  C_4^{1,2}: β = [1, 1, 0, 0]
  C_5^{1,2}: β = [1, 1, 0, 0, 0]
  C_6^{1,2}: β = [1, 1, 0, 0, 0]
  C_7^{1,2}: β = [1, 1, 0, 0, 0]

  C_5^{1,2,3}: β = [1, 0, 0, 1, 0]
  C_6^{1,2,3}: β = [1, 1, 0, 0, 0]
  C_7^{1,2,3}: β = [1, 1, 0, 0, 0]


======================================================================
ALL TOURNAMENTS — PATH HOMOLOGY
======================================================================

--- All tournaments n=3 ---
  Betti distribution:
    β=[1, 0, 0]: 6 tournaments
    β=[1, 1, 0]: 2 tournaments
  By t3:
    t3=0: {(1, 0, 0): 6}
    t3=1: {(1, 1, 0): 2}

--- All tournaments n=4 ---
  Betti distribution:
    β=[1, 0, 0, 0]: 40 tournaments
    β=[1, 1, 0, 0]: 24 tournaments
  By t3:
    t3=0: {(1, 0, 0, 0): 24}
    t3=1: {(1, 0, 0, 0): 16}
    t3=2: {(1, 1, 0, 0): 24}

--- All tournaments n=5 ---
  t3=0, H=1: β=[1, 0, 0, 0, 0]
  t3=0, H=1: β=[1, 0, 0, 0, 0]
  t3=1, H=3: β=[1, 0, 0, 0, 0]
  t3=0, H=1: β=[1, 0, 0, 0, 0]
  t3=2, H=5: β=[1, 0, 0, 0, 0]

  Betti distribution (n=5, 1024 tournaments):
    β=[1, 0, 0, 0, 0]: 720
    β=[1, 1, 0, 0, 0]: 304

  By t3:
    t3=0: {(1, 0, 0, 0, 0): 120}
    t3=1: {(1, 0, 0, 0, 0): 120}
    t3=2: {(1, 0, 0, 0, 0): 240}
    t3=3: {(1, 1, 0, 0, 0): 120, (1, 0, 0, 0, 0): 120}
    t3=4: {(1, 1, 0, 0, 0): 160, (1, 0, 0, 0, 0): 120}
    t3=5: {(1, 1, 0, 0, 0): 24}


======================================================================
GEOMETRIC INTERPRETATION
======================================================================

The GLMY path Betti numbers measure "directed topological features":

β_0 = # connected components (in path homology sense)
β_1 = # independent directed 1-holes (directed cycles not bounding anything)
β_2 = # independent directed 2-holes (directed "cavities")

For TOURNAMENTS:
- β_0 = 1 always (tournament is connected)
- β_1 depends on the 3-cycle structure
- β_2 and higher: potential higher-dimensional directed cavities

TOPOLOGICAL SPACES ANALOGY:
- β = (1,0,...) : contractible → like a point
- β = (1,1,0,...) : one 1-hole → like a circle S^1
- β = (1,2,1,...) : like a torus T^2
- β = (1,0,1,...) : one 2-hole → like a sphere S^2

SUMMARY: Which topological space does each tournament resemble?

n=3:
  β=[1, 0, 0, 0]: 40 tournaments → point
  β=[1, 1, 0, 0]: 24 tournaments → circle S^1

n=4:

n=5:
  β=[1, 0, 0, 0, 0]: 720 tournaments → point
  β=[1, 1, 0, 0, 0]: 304 tournaments → circle S^1


Done.
======================================================================
INVESTIGATING DT-FAILURE CASES AT n=6
======================================================================

Found 960 failures in 76.3s

--- Failure characteristics ---
  Gap (ker - im_DT) distribution: {1: 720, 2: 240}

  Score sequences:
    (1, 2, 2, 3, 3, 4): 720
    (2, 2, 2, 3, 3, 3): 240

  t3 distribution:
    t3=6: 720
    t3=8: 240

  (ker, im_DT, dim_Om3, n_dt, dim_Om2) patterns:
    ker=10, im_DT=9, Om3=15, |DT|=9, Om2=20: 720
    ker=11, im_DT=9, Om3=18, |DT|=9, Om2=21: 240


======================================================================
DETAILED ANALYSIS OF ONE FAILURE
======================================================================
Tournament #155: scores=(1, 2, 2, 3, 3, 4), t3=6
  0 -> [2, 4, 5]
  1 -> [0, 4]
  2 -> [1]
  3 -> [0, 1, 2]
  4 -> [2, 3]
  5 -> [1, 2, 3, 4]

  Cancellation 3-chain #1 (6 terms):
    +0.3724 * (0, 4, 2, 1) [bad faces: [(0, 4, 1)]]
    -0.3724 * (0, 4, 3, 1) [bad faces: [(0, 3, 1), (0, 4, 1)]]
    +0.2050 * (0, 4, 3, 2) [bad faces: [(0, 3, 2)]]
    -0.7071 * (0, 5, 2, 1)
    +0.3724 * (0, 5, 3, 1) [bad faces: [(0, 3, 1)]]
    -0.2050 * (0, 5, 3, 2) [bad faces: [(0, 3, 2)]]

  Cancellation 3-chain #2 (9 terms):
    -0.0783 * (0, 4, 2, 1) [bad faces: [(0, 4, 1)]]
    +0.0783 * (0, 4, 3, 1) [bad faces: [(0, 3, 1), (0, 4, 1)]]
    -0.4907 * (0, 4, 3, 2) [bad faces: [(0, 3, 2)]]
    -0.4082 * (0, 5, 2, 1)
    -0.0783 * (0, 5, 3, 1) [bad faces: [(0, 3, 1)]]
    +0.4907 * (0, 5, 3, 2) [bad faces: [(0, 3, 2)]]
    -0.3333 * (3, 0, 4, 2) [bad faces: [(3, 4, 2)]]
    -0.3333 * (3, 1, 0, 2) [bad faces: [(3, 1, 2)]]
    +0.3333 * (3, 1, 4, 2) [bad faces: [(3, 4, 2), (3, 1, 2)]]

  Cancellation 3-chain #3 (14 terms):
    -0.1993 * (0, 4, 2, 1) [bad faces: [(0, 4, 1)]]
    +0.1993 * (0, 4, 3, 1) [bad faces: [(0, 3, 1), (0, 4, 1)]]
    +0.2557 * (0, 4, 3, 2) [bad faces: [(0, 3, 2)]]
    -0.1667 * (0, 5, 2, 1)
    -0.1993 * (0, 5, 3, 1) [bad faces: [(0, 3, 1)]]
    -0.2557 * (0, 5, 3, 2) [bad faces: [(0, 3, 2)]]
    -0.2887 * (0, 5, 4, 3)
    -0.1361 * (3, 0, 4, 2) [bad faces: [(3, 4, 2)]]
    -0.1361 * (3, 1, 0, 2) [bad faces: [(3, 1, 2)]]
    -0.5000 * (3, 1, 0, 4)
    +0.1361 * (3, 1, 4, 2) [bad faces: [(3, 4, 2), (3, 1, 2)]]
    -0.3333 * (5, 1, 0, 2) [bad faces: [(5, 0, 2), (5, 1, 2)]]
    +0.3333 * (5, 1, 4, 2) [bad faces: [(5, 1, 2)]]
    +0.3333 * (5, 3, 0, 2) [bad faces: [(5, 0, 2)]]

  Ω_3 breakdown: 6 DT (individual) + 9 cancellation chains
  ker(∂_2)=10, im(∂_3|DT)=9, dim(Ω_3)=15
  im(∂_3|Ω_3) rank = 10 (need 10 for β_2=0)
  β_2 = 0

Done.
