======================================================================
MINIMUM SURPLUS SEARCH AT n=8
======================================================================
  New min surplus=29: O2=55, O3=63, Z2=34, score=(1, 1, 2, 4, 4, 5, 5, 6), t3=8
  New min surplus=27: O2=54, O3=60, Z2=33, score=(1, 2, 2, 2, 4, 5, 5, 7), t3=6
  Another min surplus=27: O2=54, O3=60, Z2=33, score=(1, 1, 2, 3, 3, 6, 6, 6), t3=4
  Another min surplus=27: O2=54, O3=60, Z2=33, score=(0, 2, 3, 3, 3, 5, 6, 6), t3=6
  Another min surplus=27: O2=54, O3=60, Z2=33, score=(1, 1, 3, 3, 3, 5, 6, 6), t3=7
  ... 5000/20000 (32s), min=27
  Another min surplus=27: O2=54, O3=60, Z2=33, score=(1, 2, 3, 3, 3, 5, 5, 6), t3=11
  Another min surplus=27: O2=54, O3=60, Z2=33, score=(1, 1, 1, 4, 4, 4, 6, 7), t3=2
  ... 10000/20000 (64s), min=27
  Another min surplus=27: O2=55, O3=61, Z2=34, score=(1, 2, 2, 3, 4, 5, 5, 6), t3=10
  Another min surplus=27: O2=54, O3=60, Z2=33, score=(1, 1, 2, 4, 4, 4, 5, 7), t3=6
  ... 15000/20000 (95s), min=27
  Another min surplus=27: O2=54, O3=60, Z2=33, score=(0, 2, 2, 3, 5, 5, 5, 6), t3=6
  Another min surplus=27: O2=54, O3=60, Z2=33, score=(1, 1, 2, 3, 5, 5, 5, 6), t3=7
  New min surplus=25: O2=53, O3=57, Z2=32, score=(1, 1, 1, 4, 5, 5, 5, 6), t3=5

  n=8: min surplus = 25 (127s)
  Examples at minimum:
    score=(1, 1, 1, 4, 5, 5, 5, 6), O2=53, O3=57, Z2=32, t3=5

======================================================================
NEAR-TRANSITIVE TOURNAMENTS
======================================================================
  1 flips from transitive: min surplus = 31
  2 flips from transitive: min surplus = 27
  3 flips from transitive: min surplus = 25
  4 flips from transitive: min surplus = 25
  5 flips from transitive: min surplus = 25
  10 flips from transitive: min surplus = 27

======================================================================
EXTREME SCORE TOURNAMENTS
======================================================================
  Near-regular [3, 3, 3, 3, 4, 4, 4, 4]: surplus=85
  Extreme scores [0, 2, 3, 3, 3, 4, 6, 7]: surplus=29, O2=54, O3=62, Z2=33
  Extreme scores [0, 2, 2, 2, 5, 5, 5, 7]: surplus=27, O2=54, O3=60, Z2=33

Done.
