======================================================================
GLMY PATH HOMOLOGY v2 — VALIDATION
======================================================================

--- Directed 3-cycle C_3 ---
  Expected: β = [1, 1, 0] (1 component, 1 directed hole)
  Got: β = [1, 1, 0]

--- Directed path P_3 ---
  Expected: β = [1, 0, 0] (connected, contractible)
  Got: β = [1, 0, 0]

--- Transitive tournament T_3: 0->1, 0->2, 1->2 ---
  This is an acyclic tournament. Expected: β_1 = 0 (no directed holes)
  Got: β = [1, 0, 0]

--- 3-cycle tournament: 0->1, 1->2, 2->0 ---
  Got: β = [1, 1, 0]

--- Directed 4-cycle C_4 ---
  Expected: β = [1, 1, 0, 0]
  Got: β = [1, 1, 0, 0]

--- Complete bidirected K_3 ---
  Got: β = [1, 0, 2]

--- 0->1, vertex 2 isolated ---
  Got: β = [2, 0, 0]
  Expected: β_0 = 3 or 2 (depends on convention)


======================================================================
CIRCULANT DIGRAPHS C_n^S
======================================================================
  C_3^{1} (directed cycle): β = [1, 1, 0]
  C_4^{1} (directed cycle): β = [1, 1, 0, 0]
  C_5^{1} (directed cycle): β = [1, 1, 0, 0, 0]
  C_6^{1} (directed cycle): β = [1, 1, 0, 0, 0]
  C_7^{1} (directed cycle): β = [1, 1, 0, 0, 0]

  C_4^{1,2}: β = [1, 1, 0, 0]
  C_5^{1,2}: β = [1, 1, 0, 0, 0]
  C_6^{1,2}: β = [1, 1, 0, 0, 0]
  C_7^{1,2}: β = [1, 1, 0, 0, 0]

  C_5^{1,2,3}: β = [1, 0, 0, 1, 0]
  C_6^{1,2,3}: β = [1, 1, 0, 0, 0]
  C_7^{1,2,3}: β = [1, 1, 0, 0, 0]


======================================================================
ALL TOURNAMENTS — PATH HOMOLOGY
======================================================================

--- All tournaments n=3 ---
  Betti distribution:
    β=[1, 0, 0]: 6 tournaments
    β=[1, 1, 0]: 2 tournaments
  By t3:
    t3=0: {(1, 0, 0): 6}
    t3=1: {(1, 1, 0): 2}

--- All tournaments n=4 ---
  Betti distribution:
    β=[1, 0, 0, 0]: 40 tournaments
    β=[1, 1, 0, 0]: 24 tournaments
  By t3:
    t3=0: {(1, 0, 0, 0): 24}
    t3=1: {(1, 0, 0, 0): 16}
    t3=2: {(1, 1, 0, 0): 24}

--- All tournaments n=5 ---
  t3=0, H=1: β=[1, 0, 0, 0, 0]
  t3=0, H=1: β=[1, 0, 0, 0, 0]
  t3=1, H=3: β=[1, 0, 0, 0, 0]
  t3=0, H=1: β=[1, 0, 0, 0, 0]
  t3=2, H=5: β=[1, 0, 0, 0, 0]

  Betti distribution (n=5, 1024 tournaments):
    β=[1, 0, 0, 0, 0]: 720
    β=[1, 1, 0, 0, 0]: 304

  By t3:
    t3=0: {(1, 0, 0, 0, 0): 120}
    t3=1: {(1, 0, 0, 0, 0): 120}
    t3=2: {(1, 0, 0, 0, 0): 240}
    t3=3: {(1, 1, 0, 0, 0): 120, (1, 0, 0, 0, 0): 120}
    t3=4: {(1, 1, 0, 0, 0): 160, (1, 0, 0, 0, 0): 120}
    t3=5: {(1, 1, 0, 0, 0): 24}


======================================================================
GEOMETRIC INTERPRETATION
======================================================================

The GLMY path Betti numbers measure "directed topological features":

β_0 = # connected components (in path homology sense)
β_1 = # independent directed 1-holes (directed cycles not bounding anything)
β_2 = # independent directed 2-holes (directed "cavities")

For TOURNAMENTS:
- β_0 = 1 always (tournament is connected)
- β_1 depends on the 3-cycle structure
- β_2 and higher: potential higher-dimensional directed cavities

TOPOLOGICAL SPACES ANALOGY:
- β = (1,0,...) : contractible → like a point
- β = (1,1,0,...) : one 1-hole → like a circle S^1
- β = (1,2,1,...) : like a torus T^2
- β = (1,0,1,...) : one 2-hole → like a sphere S^2

SUMMARY: Which topological space does each tournament resemble?

n=3:
  β=[1, 0, 0, 0]: 40 tournaments → point
  β=[1, 1, 0, 0]: 24 tournaments → circle S^1

n=4:

n=5:
  β=[1, 0, 0, 0, 0]: 720 tournaments → point
  β=[1, 1, 0, 0, 0]: 304 tournaments → circle S^1


Done.
======================================================================
VERTEX DELETION INDUCTION: β₂(T) = 0 always?
======================================================================

n = 4
  All deletions have β₂=0: 64/64

n = 5
  All deletions have β₂=0: 1024/1024

PROOF STATUS SUMMARY:
====================

PROVED:
1. DT 4-paths are in Ω₃ (all faces in A₂ by tournament completeness)
2. Cancellation pairs (sharing bad face) are in Ω₃ (bad face cancels)
3. dim(Ω₂) = |TT| + Σ(mult_bad_face - 1) [verified n=5,6]
4. rk(∂₂) + rk(∂₃) = dim(Ω₂) [equivalent to β₂=0, verified n=5]

COMPUTATIONALLY VERIFIED:
5. DT + cancellation pairs fill ALL of Z₂ (n=5: 1024/1024, n=6: 32768/32768)
6. H₂(T, T\v) = 0 for all T, v (n=5,6 exhaustive)
7. β₂(T\v) = 0 for all T, v (n=4,5 exhaustive) — induction hypothesis

MISSING FOR FULL PROOF:
Option A: Prove step 5 algebraically (DT+cancel surjection)
  - Need: every z ∈ Z₂ decomposes into boundaries of DT and cancel chains
  - Difficulty: the Z₂ elements involve BOTH TT and NT paths in complex combinations

Option B: Prove step 6 algebraically (relative homology vanishing)
  - Need: H₂(T, T\v) = 0 for all T, all v
  - Long exact sequence then gives β₂(T) = 0 by induction
  - Difficulty: the relative chain complex is less understood

Option C: Direct rank formula proof
  - Need: prove rk(∂₂) + rk(∂₃) = dim(Ω₂) algebraically
  - This is the most elegant but also the most abstract

MOST PROMISING: Option A with the tiling model.
The tiling model gives a CANONICAL decomposition of tournaments via
the backbone path. Each arc flip changes the chain complex locally.
If we can show that DT+cancel filling is LOCAL (preserved by single
arc flips), the proof reduces to checking a finite base case.

