======================================================================
MISSING Z₂ DIRECTION ANALYSIS
======================================================================

T#154:
  0 → [2, 4, 5]
  1 → [0, 4]
  2 → [1]
  3 → [0, 1, 2]
  4 → [2, 3]
  5 → [1, 2, 3, 4]

Z₂ dim = 10, Ω₂ dim = 20, Ω₃ dim = 15
DT image in Z₂: shape (10, 9)
DT rank in Z₂: 9
Missing directions: 1

Missing Z₂ vector (in A₂ coords):
  +0.10528 * (0,2,1) [NT]
  -0.14037 * (0,4,2) [TT]
  -0.01755 * (0,4,3) [NT]
  -0.10528 * (0,5,1) [NT]
  -0.10528 * (0,5,2) [TT]
  +0.01755 * (0,5,3) [NT]
  +0.19301 * (0,5,4) [TT]
  +0.15792 * (1,0,2) [NT]
  +0.17547 * (1,0,4) [TT]
  -0.15792 * (1,4,2) [NT]
  -0.50885 * (3,0,2) [TT]
  +0.17547 * (3,0,4) [NT]
  -0.17547 * (3,1,0) [TT]
  -0.17547 * (3,1,4) [NT]
  -0.19301 * (3,2,1) [TT]
  -0.01755 * (4,2,1) [NT]
  +0.01755 * (4,3,1) [NT]
  -0.15792 * (4,3,2) [TT]
  -0.15792 * (5,1,0) [NT]
  +0.50885 * (5,1,4) [TT]
  +0.10528 * (5,2,1) [TT]
  +0.15792 * (5,3,0) [NT]
  +0.14037 * (5,3,1) [TT]
  -0.15792 * (5,3,2) [TT]
  +0.15792 * (5,4,2) [TT]
  +0.15792 * (5,4,3) [TT]

Verify ∂₂ of missing vector = 0:
  ||∂₂(missing)||_inf = 4.16e-16

======================================================================
WHICH Ω₃ ELEMENT FILLS THE GAP?
======================================================================
Missing direction's projection onto Ω₃ basis:
  Ω₃ basis e5: -0.65507
    14 terms (3 DT, 11 non-DT)
  Ω₃ basis e6: -0.65507
    14 terms (3 DT, 11 non-DT)
  Ω₃ basis e11: +0.46321
    15 terms (2 DT, 13 non-DT)
  Ω₃ basis e13: +0.46321
    15 terms (2 DT, 13 non-DT)

======================================================================
CLASSIFYING NON-DT PATHS
======================================================================

======================================================================
NON-DT TYPE DISTRIBUTION ACROSS FAILURES
======================================================================
Non-DT type distribution in failures: {'OT': 12960, 'ST1': 15120, 'ST2': 15120}
Ω₃ basis composition in failures: {'pure_dt': 4785, 'mixed': 9720, 'pure_ndt': 615}

Done.
