======================================================================
CODIMENSION OF W_v + W_w IN V
======================================================================

n=5 (0s):
  dim V = (n-1)(n-2)/2 = 6
  dim W_v = (n-2)(n-3)/2 = 3
  Expected codim(W_v+W_w) = 1
  codim=1: 1200
  n=6: 50/200 (0s)
  n=6: 100/200 (0s)
  n=6: 150/200 (0s)
  n=6: 200/200 (1s)

n=6 (1s):
  dim V = (n-1)(n-2)/2 = 10
  dim W_v = (n-2)(n-3)/2 = 6
  Expected codim(W_v+W_w) = 1
  codim=1: 1200
  n=7: 50/100 (0s)
  n=7: 100/100 (0s)

n=7 (0s):
  dim V = (n-1)(n-2)/2 = 15
  dim W_v = (n-2)(n-3)/2 = 10
  Expected codim(W_v+W_w) = 1
  codim=1: 600

======================================================================
L_{{vw}} VERTEX SUPPORT
======================================================================

L_{vw} vertex support sizes:
  5 vertices: 2000

======================================================================
W_v + W_w + W_x = V? HOW MANY x?
======================================================================

n=5 (0s):
  #x with W_v+W_w+W_x = V, distribution:
    3 vertices fill: 2000

======================================================================
CODIM(W_v + W_w + W_x) IN V
======================================================================

n=5: codim(W_v + W_w + W_x) distribution:
  codim=0: 1000


Done.
