======================================================================
β₂=0 LAYER DECOMPOSITION ANALYSIS
======================================================================

PART 1: Layer-by-layer rank contributions
--------------------------------------------------

n=5: 1024 nontrivial tournaments (1s)
  Z₂ dims: Counter({3: 640, 4: 240, 5: 144})
  DT_f rank: Counter({2: 360, 1: 240, 0: 184, 4: 120, 3: 120})
  DT_c incremental: Counter({0: 240, 1: 240, 2: 240, 3: 160, 4: 120, 5: 24})
  Cancel incremental: Counter({3: 240, 6: 240, 0: 200, 2: 200, 5: 144})
  Deficit (Z₂ - total rank): {-6: 240, -5: 144, -3: 240, -2: 200, 0: 200}
  Need DT_c: 784/1024 (76.6%)
  Need cancel: 824/1024 (80.5%)
  Failures: 0

n=6: 32768 nontrivial tournaments (57s)
  Z₂ dims: Counter({9: 14400, 10: 9648, 11: 5760, 12: 1440, 13: 720, 8: 560, 15: 240})
  DT_f rank: Counter({3: 6480, 6: 6000, 4: 5040, 5: 4608, 7: 3600, 8: 2240, 2: 1440, 1: 1440, 9: 960, 10: 720, 0: 240})
  DT_c incremental: Counter({6: 5040, 3: 4800, 8: 4800, 2: 3360, 5: 3168, 4: 2880, 1: 2160, 7: 2160, 10: 2160, 0: 1760, 12: 240, 9: 240})
  Cancel incremental: Counter({10: 19008, 9: 5040, 6: 4080, 5: 1200, 0: 720, 7: 720, 11: 720, 4: 560, 2: 480, 12: 240})
  Deficit (Z₂ - total rank): {-10: 19968, -9: 5040, -7: 720, -6: 4080, -5: 1200, -4: 560, -2: 480, 0: 720}
  Need DT_c: 31008/32768 (94.6%)
  Need cancel: 32048/32768 (97.8%)
  Failures: 0

======================================================================
PART 2: TT vs NT content of Z₂ directions at n=5
--------------------------------------------------
Total Z₂ directions: 3600
TT fraction: min=0.0385, max=1.0000, mean=0.8336
Pure TT (>99%): 983, Pure NT (<1%): 0, Mixed: 2617

TT fraction histogram:
  [0.0, 0.1):     1  
  [0.1, 0.2):     1  
  [0.2, 0.3):     2  
  [0.3, 0.4):    22  ####
  [0.4, 0.5):    30  ######
  [0.5, 0.6):   117  #######################
  [0.6, 0.7):   608  #########################################################################################################################
  [0.7, 0.8):   800  ################################################################################################################################################################
  [0.8, 0.9):   516  #######################################################################################################
  [0.9, 1.0):  1503  ############################################################################################################################################################################################################################################################################################################

======================================================================
PART 3: 4-vertex subtournament DT path counts
--------------------------------------------------
scores                c3  DT_f  DT_c  nonDT  |A3|
  (0, 1, 2, 3)         4     1     0      0     1
  (0, 2, 2, 2)         4     0     0      3     3
  (1, 1, 1, 3)         4     0     0      3     3
  (1, 1, 2, 2)         4     0     1      4     5

======================================================================
PART 4: DT_c boundary structure — does it always cover simp holes?
--------------------------------------------------

Total with simplicial holes: 880
DT_c always fills simplicial holes: False

Done.
