======================================================================
CORRECTED CASCADE TEST
Bad vertex = v where b1(T\v) > 0
Flip ONLY source->sink (transitive edge) to create 3-cycle
======================================================================

######################################################################
# n=5: ALL tournaments with beta1=0 and 3 bad vertices
######################################################################

============================================================
Tournament n5-1
  Bad vertices: [1, 2, 4] (source=4, mid=2, sink=1)
  Flip: 4->1 becomes 1->4
  Creates 3-cycle: 4->2->1->4
  beta1: 0 -> 1
  Full Betti before: [1, 0, 0]
  Full Betti after:  [1, 1, 0]
  TT count: 6 -> 5
  Destroyed: 1, Created: 0, Kept: 5
    D: {1,2,4}
  Omega1 dim: 10 -> 10
  ker(d1) dim: 6 -> 6
  im(d2) dim:  6 -> 5
  H1 generator: (0->4) +0.5000(0->1) +0.5000(1->4) +(1->3) +(2->1) +0.5000(2->0) +0.5000(3->2) +(3->0) +0.5000(4->3) +(4->2)
  Lost boundary direction: 0.2500(0->4) +0.8889(0->1) -0.6389(1->3) -0.3056(2->1) +0.2500(2->0) -0.6389(3->2) -0.3611(3->0) -(4->3) +0.3333(4->2) -0.0278(4->1)

============================================================
Tournament n5-2
  Bad vertices: [2, 3, 4] (source=4, mid=3, sink=2)
  Flip: 4->2 becomes 2->4
  Creates 3-cycle: 4->3->2->4
  beta1: 0 -> 1
  Full Betti before: [1, 0, 0]
  Full Betti after:  [1, 1, 0]
  TT count: 6 -> 5
  Destroyed: 1, Created: 0, Kept: 5
    D: {2,3,4}
  Omega1 dim: 10 -> 10
  ker(d1) dim: 6 -> 6
  im(d2) dim:  6 -> 5
  H1 generator: (0->4) +0.5000(0->2) +0.5000(1->3) +(1->0) +0.5000(2->4) +(2->1) +(3->2) +0.5000(3->0) +(4->3) +0.5000(4->1)
  Lost boundary direction: -0.2857(0->4) -0.5000(0->2) +0.2143(1->3) -0.2857(1->0) +0.2143(2->1) +0.9643(3->2) -(3->0) -0.5000(4->3) +0.9643(4->2) +0.7500(4->1)

============================================================
Tournament n5-3
  Bad vertices: [1, 3, 4] (source=4, mid=1, sink=3)
  Flip: 4->3 becomes 3->4
  Creates 3-cycle: 4->1->3->4
  beta1: 0 -> 1
  Full Betti before: [1, 0, 0]
  Full Betti after:  [1, 1, 0]
  TT count: 6 -> 5
  Destroyed: 1, Created: 0, Kept: 5
    D: {1,3,4}
  Omega1 dim: 10 -> 10
  ker(d1) dim: 6 -> 6
  im(d2) dim:  6 -> 5
  H1 generator: (0->4) +0.5000(0->3) +(1->3) +0.5000(1->0) +0.5000(2->1) +(2->0) +0.5000(3->4) +(3->2) +0.5000(4->2) +(4->1)
  Lost boundary direction: 0.2727(0->4) -0.0909(0->3) -0.1818(1->3) -0.0909(1->0) +0.3636(2->1) +0.2727(2->0) +0.3636(3->2) -0.6364(4->3) -(4->2) -0.6364(4->1)

============================================================
Tournament n5-4
  Bad vertices: [0, 2, 4] (source=4, mid=2, sink=0)
  Flip: 4->0 becomes 0->4
  Creates 3-cycle: 4->2->0->4
  beta1: 0 -> 1
  Full Betti before: [1, 0, 0]
  Full Betti after:  [1, 1, 0]
  TT count: 6 -> 5
  Destroyed: 1, Created: 0, Kept: 5
    D: {0,2,4}
  Omega1 dim: 10 -> 10
  ker(d1) dim: 6 -> 6
  im(d2) dim:  6 -> 5
  H1 generator: -0.5000(0->4) -(0->3) -(1->4) -0.5000(1->0) -0.5000(2->1) -(2->0) -0.5000(3->2) -(3->1) -0.5000(4->3) -(4->2)
  Lost boundary direction: 0.1818(0->3) +0.1364(1->4) +0.8182(1->0) +0.6364(2->1) -0.9545(2->0) -0.3182(3->2) -0.0455(3->1) -(4->3) -0.0455(4->2) -0.0909(4->0)

============================================================
Tournament n5-5
  Bad vertices: [0, 2, 3] (source=3, mid=0, sink=2)
  Flip: 3->2 becomes 2->3
  Creates 3-cycle: 3->0->2->3
  beta1: 0 -> 1
  Full Betti before: [1, 0, 0]
  Full Betti after:  [1, 1, 0]
  TT count: 6 -> 5
  Destroyed: 1, Created: 0, Kept: 5
    D: {0,2,3}
  Omega1 dim: 10 -> 10
  ker(d1) dim: 6 -> 6
  im(d2) dim:  6 -> 5
  H1 generator: 0.5000(0->4) +(0->2) +(1->4) +0.5000(1->0) +0.5000(2->3) +(2->1) +0.5000(3->1) +(3->0) +(4->3) +0.5000(4->2)
  Lost boundary direction: 0.0909(0->4) +0.1818(0->2) -0.2727(1->4) -0.3636(1->0) -0.3636(2->1) +0.6364(3->2) +(3->1) +0.6364(3->0) -0.2727(4->3) +0.0909(4->2)
  ... processed 20 tournaments
  ... processed 40 tournaments
  ... processed 60 tournaments
  ... processed 80 tournaments
  ... processed 100 tournaments
  ... processed 120 tournaments

======================================================================
n=5 SUMMARY: 120 tournaments analyzed
======================================================================
beta1 after flip: {1: 120}
# destroyed TTs: {1: 120}
# created TTs: {0: 120}
Omega1 dim (before->after): {(10, 10): 120}
ker(d1) dim (before->after): {(6, 6): 120}
im(d2) dim (before->after): {(6, 5): 120}

DESTROYED TT PATTERNS (overlap with bad triple):
  Destroyed, 3 verts overlap: 120

DESTROYED TTs containing source AND sink:
  Both source+sink: 120
  Source only: 0
  Sink only: 0
  Neither: 0

RANK DROP ANALYSIS:
  im(d2) rank drop: {1: 120}
  Omega1 dim increase: {0: 120}
  ker(d1) dim increase: {0: 120}

H1 GENERATORS (first 10 with beta1'=1):
  T1 (src=4,mid=2,snk=1): (0->4) +0.5000(0->1) +0.5000(1->4) +(1->3) +(2->1) +0.5000(2->0) +0.5000(3->2) +(3->0) +0.5000(4->3) +(4->2)
    Lost boundary: 0.2500(0->4) +0.8889(0->1) -0.6389(1->3) -0.3056(2->1) +0.2500(2->0) -0.6389(3->2) -0.3611(3->0) -(4->3) +0.3333(4->2) -0.0278(4->1)
  T2 (src=4,mid=3,snk=2): (0->4) +0.5000(0->2) +0.5000(1->3) +(1->0) +0.5000(2->4) +(2->1) +(3->2) +0.5000(3->0) +(4->3) +0.5000(4->1)
    Lost boundary: -0.2857(0->4) -0.5000(0->2) +0.2143(1->3) -0.2857(1->0) +0.2143(2->1) +0.9643(3->2) -(3->0) -0.5000(4->3) +0.9643(4->2) +0.7500(4->1)
  T3 (src=4,mid=1,snk=3): (0->4) +0.5000(0->3) +(1->3) +0.5000(1->0) +0.5000(2->1) +(2->0) +0.5000(3->4) +(3->2) +0.5000(4->2) +(4->1)
    Lost boundary: 0.2727(0->4) -0.0909(0->3) -0.1818(1->3) -0.0909(1->0) +0.3636(2->1) +0.2727(2->0) +0.3636(3->2) -0.6364(4->3) -(4->2) -0.6364(4->1)
  T4 (src=4,mid=2,snk=0): -0.5000(0->4) -(0->3) -(1->4) -0.5000(1->0) -0.5000(2->1) -(2->0) -0.5000(3->2) -(3->1) -0.5000(4->3) -(4->2)
    Lost boundary: 0.1818(0->3) +0.1364(1->4) +0.8182(1->0) +0.6364(2->1) -0.9545(2->0) -0.3182(3->2) -0.0455(3->1) -(4->3) -0.0455(4->2) -0.0909(4->0)
  T5 (src=3,mid=0,snk=2): 0.5000(0->4) +(0->2) +(1->4) +0.5000(1->0) +0.5000(2->3) +(2->1) +0.5000(3->1) +(3->0) +(4->3) +0.5000(4->2)
    Lost boundary: 0.0909(0->4) +0.1818(0->2) -0.2727(1->4) -0.3636(1->0) -0.3636(2->1) +0.6364(3->2) +(3->1) +0.6364(3->0) -0.2727(4->3) +0.0909(4->2)
  T6 (src=0,mid=3,snk=1): -0.5000(0->4) -(0->3) -(1->4) -0.5000(1->0) -0.5000(2->1) -(2->0) -0.5000(3->2) -(3->1) -0.5000(4->3) -(4->2)
    Lost boundary: -(0->4) -0.6364(0->3) -0.6364(0->1) +0.3636(1->4) -0.0909(2->1) +0.2727(2->0) -0.0909(3->2) -0.1818(3->1) +0.3636(4->3) +0.2727(4->2)
  T7 (src=4,mid=3,snk=2): 0.5000(0->3) +(0->1) +(1->4) +0.5000(1->2) +0.5000(2->4) +(2->0) +(3->2) +0.5000(3->1) +(4->3) +0.5000(4->0)
    Lost boundary: -0.2143(0->3) +0.2857(0->1) +0.2857(1->4) +0.5000(1->2) -0.2143(2->0) -0.9643(3->2) +(3->1) +0.5000(4->3) -0.9643(4->2) -0.7500(4->0)
  T8 (src=3,mid=1,snk=2): -(0->4) -0.5000(0->1) -0.5000(1->4) -(1->2) -0.5000(2->3) -(2->0) -(3->1) -0.5000(3->0) -(4->3) -0.5000(4->2)
    Lost boundary: -0.2727(0->4) -0.3636(0->1) +0.0909(1->4) +0.1818(1->2) -0.3636(2->0) +0.6364(3->2) +0.6364(3->1) +(3->0) -0.2727(4->3) +0.0909(4->2)
  T9 (src=1,mid=4,snk=2): -0.5000(0->4) -(0->3) -(1->4) -0.5000(1->0) -0.5000(2->1) -(2->0) -0.5000(3->2) -(3->1) -0.5000(4->3) -(4->2)
    Lost boundary: -0.3333(0->4) -0.3333(0->3) +0.6667(1->4) +(1->2) -(1->0) +0.3333(3->2) -0.6667(3->1) +0.3333(4->2)
  T10 (src=4,mid=0,snk=3): -(0->3) -0.5000(0->1) -(1->4) -0.5000(1->3) -(2->1) -0.5000(2->0) -0.5000(3->4) -(3->2) -0.5000(4->2) -(4->0)
    Lost boundary: -0.1818(0->3) -0.0909(0->1) +0.2727(1->4) -0.0909(1->3) +0.2727(2->1) +0.3636(2->0) +0.3636(3->2) -0.6364(4->3) -(4->2) -0.6364(4->0)


######################################################################
# n=6: 50 tournaments with beta1=0 and 3 bad vertices
######################################################################

============================================================
Tournament n6-1
  Bad vertices: [1, 4, 5] (source=5, mid=1, sink=4)
  Flip: 5->4 becomes 4->5
  Creates 3-cycle: 5->1->4->5
  beta1: 0 -> 1
  Full Betti before: [1, 0, 0]
  Full Betti after:  [1, 1, 0]
  TT count: 13 -> 12
  Destroyed: 1, Created: 0, Kept: 12
    D: {1,4,5}
  Omega1 dim: 15 -> 15
  ker(d1) dim: 10 -> 10
  im(d2) dim:  10 -> 9
  H1 generator: -(0->5) -0.6667(0->4) -(1->4) -0.3333(1->0) -0.3333(2->1) -0.6667(2->0) -0.3333(3->1) -0.6667(3->0) -0.3333(4->5) -0.6667(4->3) -0.6667(4->2) -0.3333(5->3) -0.3333(5->2) -0.6667(5->1)
  Lost boundary direction: -0.1731(0->5) +0.1868(0->4) +0.2802(1->4) +0.0934(1->0) -0.3599(2->1) -0.2665(2->0) +0.4533(3->2) +0.0934(3->1) +0.1868(3->0) -0.3599(4->3) +0.1868(4->2) +0.6401(5->4) +0.5467(5->3) +(5->2) +0.6401(5->1)

============================================================
Tournament n6-2
  Bad vertices: [1, 4, 5] (source=5, mid=1, sink=4)
  Flip: 5->4 becomes 4->5
  Creates 3-cycle: 5->1->4->5
  beta1: 0 -> 1
  Full Betti before: [1, 0, 0]
  Full Betti after:  [1, 1, 0]
  TT count: 13 -> 12
  Destroyed: 1, Created: 0, Kept: 12
    D: {1,4,5}
  Omega1 dim: 15 -> 15
  ker(d1) dim: 10 -> 10
  im(d2) dim:  10 -> 9
  H1 generator: 0.6667(0->5) +0.3333(0->4) +0.6667(0->3) +(1->4) +0.6667(1->0) +0.3333(2->1) +(2->0) +0.3333(3->2) +0.6667(3->1) +0.3333(4->5) +0.3333(4->3) +0.6667(4->2) +0.3333(5->2) +0.6667(5->1)
  Lost boundary direction: -0.5228(0->5) -0.0833(0->4) +0.4700(0->3) -0.2498(1->4) -0.1665(1->0) +0.1970(2->1) +0.0305(2->0) -(3->2) -0.8030(3->1) -0.4395(4->3) +0.5532(4->2) -0.4468(5->4) +0.9928(5->3) -0.0072(5->2) +0.1897(5->1)

============================================================
Tournament n6-3
  Bad vertices: [1, 2, 5] (source=5, mid=2, sink=1)
  Flip: 5->1 becomes 1->5
  Creates 3-cycle: 5->2->1->5
  beta1: 0 -> 1
  Full Betti before: [1, 0, 0]
  Full Betti after:  [1, 1, 0]
  TT count: 13 -> 12
  Destroyed: 1, Created: 0, Kept: 12
    D: {1,2,5}
  Omega1 dim: 15 -> 15
  ker(d1) dim: 10 -> 10
  im(d2) dim:  10 -> 9
  H1 generator: (0->5) +0.6667(0->1) +0.3333(1->5) +0.6667(1->4) +0.6667(1->3) +(2->1) +0.3333(2->0) +0.3333(3->2) +0.6667(3->0) +0.3333(4->2) +0.6667(4->0) +0.3333(5->4) +0.3333(5->3) +0.6667(5->2)
  Lost boundary direction: -0.4057(0->5) -(0->1) +0.5943(1->4) +0.3576(1->3) +0.7165(2->1) -0.5284(2->0) +0.4716(3->2) -0.2400(3->0) +0.2317(4->3) +0.3589(4->2) +0.1190(4->0) +0.5906(5->4) -0.2367(5->3) +0.1222(5->2) -0.1178(5->1)
  ... processed 10/50 tournaments
  ... processed 20/50 tournaments
  ... processed 30/50 tournaments
  ... processed 40/50 tournaments
  ... processed 50/50 tournaments

======================================================================
n=6 SUMMARY: 50 tournaments analyzed
======================================================================
beta1 after flip: {1: 50}
# destroyed TTs: {1: 50}
# created TTs: {0: 42, 1: 8}
Omega1 dim (before->after): {(15, 15): 50}
ker(d1) dim (before->after): {(10, 10): 50}
im(d2) dim (before->after): {(10, 9): 50}

DESTROYED TT PATTERNS:
  Destroyed, 3 verts overlap: 50
  Created, 2 verts overlap: 8

DESTROYED TTs containing source AND sink:
  Both source+sink: 50
  Source only: 0
  Sink only: 0
  Neither: 0

RANK DROP: im(d2) drop = {1: 50}
Omega1 increase: {0: 50}
ker(d1) increase: {0: 50}

H1 GENERATORS (first 5):
  T1: -(0->5) -0.6667(0->4) -(1->4) -0.3333(1->0) -0.3333(2->1) -0.6667(2->0) -0.3333(3->1) -0.6667(3->0) -0.3333(4->5) -0.6667(4->3) -0.6667(4->2) -0.3333(5->3) -0.3333(5->2) -0.6667(5->1)
    Lost boundary: -0.1731(0->5) +0.1868(0->4) +0.2802(1->4) +0.0934(1->0) -0.3599(2->1) -0.2665(2->0) +0.4533(3->2) +0.0934(3->1) +0.1868(3->0) -0.3599(4->3) +0.1868(4->2) +0.6401(5->4) +0.5467(5->3) +(5->2) +0.6401(5->1)
  T2: 0.6667(0->5) +0.3333(0->4) +0.6667(0->3) +(1->4) +0.6667(1->0) +0.3333(2->1) +(2->0) +0.3333(3->2) +0.6667(3->1) +0.3333(4->5) +0.3333(4->3) +0.6667(4->2) +0.3333(5->2) +0.6667(5->1)
    Lost boundary: -0.5228(0->5) -0.0833(0->4) +0.4700(0->3) -0.2498(1->4) -0.1665(1->0) +0.1970(2->1) +0.0305(2->0) -(3->2) -0.8030(3->1) -0.4395(4->3) +0.5532(4->2) -0.4468(5->4) +0.9928(5->3) -0.0072(5->2) +0.1897(5->1)
  T3: (0->5) +0.6667(0->1) +0.3333(1->5) +0.6667(1->4) +0.6667(1->3) +(2->1) +0.3333(2->0) +0.3333(3->2) +0.6667(3->0) +0.3333(4->2) +0.6667(4->0) +0.3333(5->4) +0.3333(5->3) +0.6667(5->2)
    Lost boundary: -0.4057(0->5) -(0->1) +0.5943(1->4) +0.3576(1->3) +0.7165(2->1) -0.5284(2->0) +0.4716(3->2) -0.2400(3->0) +0.2317(4->3) +0.3589(4->2) +0.1190(4->0) +0.5906(5->4) -0.2367(5->3) +0.1222(5->2) -0.1178(5->1)
  T4: 0.6667(0->5) +0.6667(0->4) +0.3333(0->1) +0.3333(1->5) +0.3333(1->4) +0.6667(1->3) +(2->1) +0.6667(2->0) +0.3333(3->2) +(3->0) +0.3333(4->3) +0.6667(4->2) +0.3333(5->3) +0.6667(5->2)
    Lost boundary: -0.0945(0->5) -0.4204(0->4) -0.9476(0->1) +0.8531(1->4) +0.5272(1->3) +0.4789(2->1) -(2->0) -0.0524(3->2) +0.5827(3->0) +0.5304(4->3) -0.0483(4->2) +0.5344(5->4) -0.3259(5->3) -0.3742(5->2) +0.2085(5->1)
  T5: 0.3333(0->5) +0.6667(0->4) +0.6667(0->3) +(1->5) +0.6667(1->0) +0.3333(2->1) +(2->0) +0.3333(3->2) +0.6667(3->1) +0.3333(4->2) +0.6667(4->1) +0.3333(5->4) +0.3333(5->3) +0.6667(5->2)
    Lost boundary: 0.3327(0->4) +0.1573(0->3) -0.0647(1->5) +(1->0) +0.6673(2->1) -0.7546(2->0) -0.0873(3->2) +0.3946(3->1) -0.3600(4->3) -0.2220(4->2) +0.1726(4->1) -0.5820(5->4) -0.1754(5->3) -0.3974(5->2) -0.0028(5->0)

======================================================================
DONE
======================================================================
