======================================================================
GLMY PATH HOMOLOGY v2 — VALIDATION
======================================================================

--- Directed 3-cycle C_3 ---
  Expected: β = [1, 1, 0] (1 component, 1 directed hole)
  Got: β = [1, 1, 0]

--- Directed path P_3 ---
  Expected: β = [1, 0, 0] (connected, contractible)
  Got: β = [1, 0, 0]

--- Transitive tournament T_3: 0->1, 0->2, 1->2 ---
  This is an acyclic tournament. Expected: β_1 = 0 (no directed holes)
  Got: β = [1, 0, 0]

--- 3-cycle tournament: 0->1, 1->2, 2->0 ---
  Got: β = [1, 1, 0]

--- Directed 4-cycle C_4 ---
  Expected: β = [1, 1, 0, 0]
  Got: β = [1, 1, 0, 0]

--- Complete bidirected K_3 ---
  Got: β = [1, 0, 2]

--- 0->1, vertex 2 isolated ---
  Got: β = [2, 0, 0]
  Expected: β_0 = 3 or 2 (depends on convention)


======================================================================
CIRCULANT DIGRAPHS C_n^S
======================================================================
  C_3^{1} (directed cycle): β = [1, 1, 0]
  C_4^{1} (directed cycle): β = [1, 1, 0, 0]
  C_5^{1} (directed cycle): β = [1, 1, 0, 0, 0]
  C_6^{1} (directed cycle): β = [1, 1, 0, 0, 0]
  C_7^{1} (directed cycle): β = [1, 1, 0, 0, 0]

  C_4^{1,2}: β = [1, 1, 0, 0]
  C_5^{1,2}: β = [1, 1, 0, 0, 0]
  C_6^{1,2}: β = [1, 1, 0, 0, 0]
  C_7^{1,2}: β = [1, 1, 0, 0, 0]

  C_5^{1,2,3}: β = [1, 0, 0, 1, 0]
  C_6^{1,2,3}: β = [1, 1, 0, 0, 0]
  C_7^{1,2,3}: β = [1, 1, 0, 0, 0]


======================================================================
ALL TOURNAMENTS — PATH HOMOLOGY
======================================================================

--- All tournaments n=3 ---
  Betti distribution:
    β=[1, 0, 0]: 6 tournaments
    β=[1, 1, 0]: 2 tournaments
  By t3:
    t3=0: {(1, 0, 0): 6}
    t3=1: {(1, 1, 0): 2}

--- All tournaments n=4 ---
  Betti distribution:
    β=[1, 0, 0, 0]: 40 tournaments
    β=[1, 1, 0, 0]: 24 tournaments
  By t3:
    t3=0: {(1, 0, 0, 0): 24}
    t3=1: {(1, 0, 0, 0): 16}
    t3=2: {(1, 1, 0, 0): 24}

--- All tournaments n=5 ---
  t3=0, H=1: β=[1, 0, 0, 0, 0]
  t3=0, H=1: β=[1, 0, 0, 0, 0]
  t3=1, H=3: β=[1, 0, 0, 0, 0]
  t3=0, H=1: β=[1, 0, 0, 0, 0]
  t3=2, H=5: β=[1, 0, 0, 0, 0]

  Betti distribution (n=5, 1024 tournaments):
    β=[1, 0, 0, 0, 0]: 720
    β=[1, 1, 0, 0, 0]: 304

  By t3:
    t3=0: {(1, 0, 0, 0, 0): 120}
    t3=1: {(1, 0, 0, 0, 0): 120}
    t3=2: {(1, 0, 0, 0, 0): 240}
    t3=3: {(1, 1, 0, 0, 0): 120, (1, 0, 0, 0, 0): 120}
    t3=4: {(1, 1, 0, 0, 0): 160, (1, 0, 0, 0, 0): 120}
    t3=5: {(1, 1, 0, 0, 0): 24}


======================================================================
GEOMETRIC INTERPRETATION
======================================================================

The GLMY path Betti numbers measure "directed topological features":

β_0 = # connected components (in path homology sense)
β_1 = # independent directed 1-holes (directed cycles not bounding anything)
β_2 = # independent directed 2-holes (directed "cavities")

For TOURNAMENTS:
- β_0 = 1 always (tournament is connected)
- β_1 depends on the 3-cycle structure
- β_2 and higher: potential higher-dimensional directed cavities

TOPOLOGICAL SPACES ANALOGY:
- β = (1,0,...) : contractible → like a point
- β = (1,1,0,...) : one 1-hole → like a circle S^1
- β = (1,2,1,...) : like a torus T^2
- β = (1,0,1,...) : one 2-hole → like a sphere S^2

SUMMARY: Which topological space does each tournament resemble?

n=3:
  β=[1, 0, 0, 0]: 40 tournaments → point
  β=[1, 1, 0, 0]: 24 tournaments → circle S^1

n=4:

n=5:
  β=[1, 0, 0, 0, 0]: 720 tournaments → point
  β=[1, 1, 0, 0, 0]: 304 tournaments → circle S^1


Done.
======================================================================
RANK COUNTING FOR β_2 = 0
======================================================================

--- n=4 ---
  Done in 0.0s

  (t3, dim_Ω2, dim_Ω3, rk_∂2, rk_∂3, β1, β2): count
    t3=0, Ω2=4, Ω3=1, rk∂2=3(✓), rk∂3=1(need 1,✓), β1=0, β2=0 ✓: 24
    t3=1, Ω2=3, Ω3=0, rk∂2=3(✓), rk∂3=0(need 0,✓), β1=0, β2=0 ✓: 16
    t3=2, Ω2=3, Ω3=1, rk∂2=2(✓), rk∂3=1(need 1,✓), β1=1, β2=0 ✓: 24

--- n=5 ---
  Done in 1.2s

  (t3, dim_Ω2, dim_Ω3, rk_∂2, rk_∂3, β1, β2): count
    t3=0, Ω2=10, Ω3=5, rk∂2=6(✓), rk∂3=4(need 4,✓), β1=0, β2=0 ✓: 120
    t3=1, Ω2=9, Ω3=3, rk∂2=6(✓), rk∂3=3(need 3,✓), β1=0, β2=0 ✓: 120
    t3=2, Ω2=9, Ω3=4, rk∂2=6(✓), rk∂3=3(need 3,✓), β1=0, β2=0 ✓: 240
    t3=3, Ω2=9, Ω3=3, rk∂2=6(✓), rk∂3=3(need 3,✓), β1=0, β2=0 ✓: 120
    t3=3, Ω2=9, Ω3=5, rk∂2=5(✓), rk∂3=4(need 4,✓), β1=1, β2=0 ✓: 120
    t3=4, Ω2=8, Ω3=3, rk∂2=5(✓), rk∂3=3(need 3,✓), β1=1, β2=0 ✓: 40
    t3=4, Ω2=9, Ω3=4, rk∂2=6(✓), rk∂3=3(need 3,✓), β1=0, β2=0 ✓: 120
    t3=4, Ω2=10, Ω3=7, rk∂2=5(✓), rk∂3=5(need 5,✓), β1=1, β2=0 ✓: 120
    t3=5, Ω2=10, Ω3=10, rk∂2=5(✓), rk∂3=5(need 5,✓), β1=1, β2=0 ✓: 24

--- n=6 ---
  ... 5000/32768 (29s)
  ... 10000/32768 (64s)
  ... 15000/32768 (98s)
  ... 20000/32768 (128s)
  ... 25000/32768 (165s)
  ... 30000/32768 (196s)
  Done in 213.9s

  (t3, dim_Ω2, dim_Ω3, rk_∂2, rk_∂3, β1, β2): count
    t3=0, Ω2=20, Ω3=15, rk∂2=10(✓), rk∂3=10(need 10,✓), β1=0, β2=0 ✓: 720
    t3=1, Ω2=19, Ω3=12, rk∂2=10(✓), rk∂3=9(need 9,✓), β1=0, β2=0 ✓: 960
    t3=2, Ω2=19, Ω3=13, rk∂2=10(✓), rk∂3=9(need 9,✓), β1=0, β2=0 ✓: 2160
    t3=3, Ω2=19, Ω3=12, rk∂2=10(✓), rk∂3=9(need 9,✓), β1=0, β2=0 ✓: 1440
    t3=3, Ω2=19, Ω3=14, rk∂2=10(✓), rk∂3=9(need 9,✓), β1=0, β2=0 ✓: 1440
    t3=4, Ω2=18, Ω3=11, rk∂2=10(✓), rk∂3=8(need 8,✓), β1=0, β2=0 ✓: 480
    t3=4, Ω2=19, Ω3=12, rk∂2=10(✓), rk∂3=9(need 9,✓), β1=0, β2=0 ✓: 2160
    t3=4, Ω2=19, Ω3=13, rk∂2=10(✓), rk∂3=9(need 9,✓), β1=0, β2=0 ✓: 1440
    t3=4, Ω2=19, Ω3=15, rk∂2=9(✓), rk∂3=10(need 10,✓), β1=1, β2=0 ✓: 720
    t3=4, Ω2=20, Ω3=17, rk∂2=10(✓), rk∂3=10(need 10,✓), β1=0, β2=0 ✓: 1440
    t3=5, Ω2=18, Ω3=12, rk∂2=9(✓), rk∂3=9(need 9,✓), β1=1, β2=0 ✓: 480
    t3=5, Ω2=19, Ω3=13, rk∂2=10(✓), rk∂3=9(need 9,✓), β1=0, β2=0 ✓: 1440
    t3=5, Ω2=20, Ω3=15, rk∂2=10(✓), rk∂3=10(need 10,✓), β1=0, β2=0 ✓: 1440
    t3=5, Ω2=20, Ω3=20, rk∂2=10(✓), rk∂3=10(need 10,✓), β1=0, β2=0 ✓: 288
    t3=6, Ω2=18, Ω3=13, rk∂2=9(✓), rk∂3=9(need 9,✓), β1=1, β2=0 ✓: 720
    t3=6, Ω2=19, Ω3=12, rk∂2=10(✓), rk∂3=9(need 9,✓), β1=0, β2=0 ✓: 1440
    t3=6, Ω2=19, Ω3=14, rk∂2=10(✓), rk∂3=9(need 9,✓), β1=0, β2=0 ✓: 720
    t3=6, Ω2=20, Ω3=14, rk∂2=10(✓), rk∂3=10(need 10,✓), β1=0, β2=0 ✓: 1440
    t3=6, Ω2=20, Ω3=15, rk∂2=10(✓), rk∂3=10(need 10,✓), β1=0, β2=0 ✓: 720
    t3=6, Ω2=20, Ω3=16, rk∂2=10(✓), rk∂3=10(need 10,✓), β1=0, β2=0 ✓: 1440
    t3=6, Ω2=21, Ω3=19, rk∂2=10(✓), rk∂3=11(need 11,✓), β1=0, β2=0 ✓: 720
    t3=6, Ω2=21, Ω3=20, rk∂2=9(✓), rk∂3=12(need 12,✓), β1=1, β2=0 ✓: 1440
    t3=7, Ω2=20, Ω3=15, rk∂2=10(✓), rk∂3=10(need 10,✓), β1=0, β2=0 ✓: 1440
    t3=7, Ω2=20, Ω3=17, rk∂2=9(✓), rk∂3=11(need 11,✓), β1=1, β2=0 ✓: 480
    t3=7, Ω2=21, Ω3=20, rk∂2=10(✓), rk∂3=11(need 11,✓), β1=0, β2=0 ✓: 1440
    t3=7, Ω2=21, Ω3=21, rk∂2=10(✓), rk∂3=11(need 11,✓), β1=0, β2=0 ✓: 1440
    t3=8, Ω2=21, Ω3=18, rk∂2=10(✓), rk∂3=11(need 11,✓), β1=0, β2=0 ✓: 240
    t3=8, Ω2=21, Ω3=20, rk∂2=10(✓), rk∂3=11(need 11,✓), β1=0, β2=0 ✓: 1440
    t3=8, Ω2=22, Ω3=28, rk∂2=9(✓), rk∂3=13(need 13,✓), β1=1, β2=0 ✓: 720
    t3=8, Ω2=24, Ω3=33, rk∂2=9(✓), rk∂3=15(need 15,✓), β1=1, β2=0 ✓: 240


======================================================================
IS rank(∂_3) = dim(Ω_3) - dim(ker ∂_3)?
What determines ker(∂_3)?
======================================================================

--- n=4 ---
  (t3, Ω3, rk∂3, ker∂3, Ω4, rk∂4, β3): count
    t3=0, Ω3=1, rk=1, ker=0, Ω4=0, rk∂4=0, β3=0: 24
    t3=1, Ω3=0, rk=0, ker=0, Ω4=0, rk∂4=0, β3=0: 16
    t3=2, Ω3=1, rk=1, ker=0, Ω4=0, rk∂4=0, β3=0: 24

--- n=5 ---
  (t3, Ω3, rk∂3, ker∂3, Ω4, rk∂4, β3): count
    t3=0, Ω3=5, rk=4, ker=1, Ω4=1, rk∂4=1, β3=0: 120
    t3=1, Ω3=3, rk=3, ker=0, Ω4=0, rk∂4=0, β3=0: 120
    t3=2, Ω3=4, rk=3, ker=1, Ω4=1, rk∂4=1, β3=0: 240
    t3=3, Ω3=3, rk=3, ker=0, Ω4=0, rk∂4=0, β3=0: 120
    t3=3, Ω3=5, rk=4, ker=1, Ω4=1, rk∂4=1, β3=0: 120
    t3=4, Ω3=3, rk=3, ker=0, Ω4=0, rk∂4=0, β3=0: 40
    t3=4, Ω3=4, rk=3, ker=1, Ω4=1, rk∂4=1, β3=0: 120
    t3=4, Ω3=7, rk=5, ker=2, Ω4=2, rk∂4=2, β3=0: 120
    t3=5, Ω3=10, rk=5, ker=5, Ω4=5, rk∂4=5, β3=0: 24

Done.
