======================================================================
WHY IS dim H₂(T,T\v) ≤ 1?
======================================================================

--- n=5: Complete dimension analysis ---

Total interior (T,v) pairs with h₂_rel > 0: 4480

  d_rel2 d_rel1 d_rel3 | rk_∂2 z2_rel b2_rel h2_rel |  β1 | count
  ────── ────── ──────   ───── ────── ────── ──────   ───   ─────
       5      4      2 |     3      2      2      0 |   0 | 480
       5      4      2 |     3      2      2      0 |   1 | 120
       5      4      3 |     2      3      3      0 |   0 | 80
       5      4      3 |     3      2      2      0 |   0 | 480
       5      4      4 |     2      3      3      0 |   0 | 240
       6      4      2 |     3      3      2      1 |   1 | 240
       6      4      3 |     3      3      2      1 |   1 | 360
       6      4      3 |     3      3      3      0 |   0 | 320
       6      4      4 |     3      3      3      0 |   0 | 1080
       6      4      4 |     3      3      3      0 |   1 | 360
       6      4      6 |     2      4      4      0 |   0 | 120
       7      4      6 |     3      4      4      0 |   1 | 480
       7      4      9 |     3      4      4      0 |   1 | 120

======================================================================
Part 2: Full LES analysis
======================================================================

How often is h2_rel = 0 for some interior v?
  Tournaments with SOME interior v giving h₂_rel=0 (or d_rel=0): 0
  Tournaments where ALL interior v give d_rel > 0: 1024
  (Total with interior vertices: 1024)
  Need δ-injectivity for 1024 tournaments

======================================================================
Part 3: Check at n=6 (sampled)
======================================================================
  500/2000 (2s)
  1000/2000 (4s)
  1500/2000 (6s)
  2000/2000 (9s)

n=6 (2000 samples):
  Has SOME interior v with d_rel=0: 0
  ALL interior v have d_rel > 0: 2000
  Need δ for 2000 tournaments

Done.
