======================================================================
TRIANGLE CYCLES vs Z_1 — CODIMENSION
======================================================================

n=4 (0s): codim(im d_2 in Z_1)
  codim=('no_triangles', 4) (b1=('no_triangles', 4)): 24
  codim=0 (b1=0): 16
  codim=1 (b1=1): 24

n=5 (0s): codim(im d_2 in Z_1)
  codim=('no_triangles', 5) (b1=('no_triangles', 5)): 120
  codim=0 (b1=0): 600
  codim=1 (b1=1): 304

n=6 (24s): codim(im d_2 in Z_1)
  codim=('no_triangles', 6) (b1=('no_triangles', 6)): 720
  codim=0 (b1=0): 27248
  codim=1 (b1=1): 4800

======================================================================
TT CYCLE SPACE vs Z_1
======================================================================

n=5 (0s):
  TT boundaries span im(d_2): 1024/1024
  Max deficit (TT vs full): 0

n=6 (27s):
  TT boundaries span im(d_2): 32768/32768
  Max deficit (TT vs full): 0

======================================================================
b1=1 CHARACTERIZATION
======================================================================

n=5 breakdown:
  SC=False, b1=0: 480
  SC=True, b1=0: 240
  SC=True, b1=1: 304

n=6 breakdown:
  SC=False, b1=0: 10448
  SC=True, b1=0: 17520
  SC=True, b1=1: 4800

======================================================================
b1=0 FOR NON-SC TOURNAMENTS — ALGEBRAIC PROOF
======================================================================

Non-SC: dim(Om_2) vs dim(Z_1)
  All non-SC at n=5: dim(Om_2) >= dim(Z_1)

======================================================================
b1=1 SC TOURNAMENTS: COKERNEL GENERATOR
======================================================================

  bits=8, scores=(1, 1, 2, 3, 3)
    Cokernel generator (7 edges):
      (0, 4): 0.7746
      (1, 0): 0.2582
      (2, 0): 0.2582
      (3, 0): 0.2582
      (4, 3): 0.2582
      (4, 2): 0.2582
      (4, 1): 0.2582

  bits=12, scores=(1, 2, 2, 2, 3)
    Cokernel generator (8 edges):
      (0, 4): 0.4472
      (0, 3): 0.4472
      (1, 0): 0.4472
      (2, 0): 0.4472
      (3, 2): 0.2236
      (3, 1): 0.2236
      (4, 2): 0.2236
      (4, 1): 0.2236

  bits=14, scores=(1, 1, 2, 3, 3)
    Cokernel generator (7 edges):
      (1, 0): -0.7746
      (0, 4): -0.2582
      (0, 3): -0.2582
      (0, 2): -0.2582
      (2, 1): -0.2582
      (3, 1): -0.2582
      (4, 1): -0.2582


Done.
