======================================================================
GLMY PATH HOMOLOGY v2 — VALIDATION
======================================================================

--- Directed 3-cycle C_3 ---
  Expected: β = [1, 1, 0] (1 component, 1 directed hole)
  Got: β = [1, 1, 0]

--- Directed path P_3 ---
  Expected: β = [1, 0, 0] (connected, contractible)
  Got: β = [1, 0, 0]

--- Transitive tournament T_3: 0->1, 0->2, 1->2 ---
  This is an acyclic tournament. Expected: β_1 = 0 (no directed holes)
  Got: β = [1, 0, 0]

--- 3-cycle tournament: 0->1, 1->2, 2->0 ---
  Got: β = [1, 1, 0]

--- Directed 4-cycle C_4 ---
  Expected: β = [1, 1, 0, 0]
  Got: β = [1, 1, 0, 0]

--- Complete bidirected K_3 ---
  Got: β = [1, 0, 2]

--- 0->1, vertex 2 isolated ---
  Got: β = [2, 0, 0]
  Expected: β_0 = 3 or 2 (depends on convention)


======================================================================
CIRCULANT DIGRAPHS C_n^S
======================================================================
  C_3^{1} (directed cycle): β = [1, 1, 0]
  C_4^{1} (directed cycle): β = [1, 1, 0, 0]
  C_5^{1} (directed cycle): β = [1, 1, 0, 0, 0]
  C_6^{1} (directed cycle): β = [1, 1, 0, 0, 0]
  C_7^{1} (directed cycle): β = [1, 1, 0, 0, 0]

  C_4^{1,2}: β = [1, 1, 0, 0]
  C_5^{1,2}: β = [1, 1, 0, 0, 0]
  C_6^{1,2}: β = [1, 1, 0, 0, 0]
  C_7^{1,2}: β = [1, 1, 0, 0, 0]

  C_5^{1,2,3}: β = [1, 0, 0, 1, 0]
  C_6^{1,2,3}: β = [1, 1, 0, 0, 0]
  C_7^{1,2,3}: β = [1, 1, 0, 0, 0]


======================================================================
ALL TOURNAMENTS — PATH HOMOLOGY
======================================================================

--- All tournaments n=3 ---
  Betti distribution:
    β=[1, 0, 0]: 6 tournaments
    β=[1, 1, 0]: 2 tournaments
  By t3:
    t3=0: {(1, 0, 0): 6}
    t3=1: {(1, 1, 0): 2}

--- All tournaments n=4 ---
  Betti distribution:
    β=[1, 0, 0, 0]: 40 tournaments
    β=[1, 1, 0, 0]: 24 tournaments
  By t3:
    t3=0: {(1, 0, 0, 0): 24}
    t3=1: {(1, 0, 0, 0): 16}
    t3=2: {(1, 1, 0, 0): 24}

--- All tournaments n=5 ---
  t3=0, H=1: β=[1, 0, 0, 0, 0]
  t3=0, H=1: β=[1, 0, 0, 0, 0]
  t3=1, H=3: β=[1, 0, 0, 0, 0]
  t3=0, H=1: β=[1, 0, 0, 0, 0]
  t3=2, H=5: β=[1, 0, 0, 0, 0]

  Betti distribution (n=5, 1024 tournaments):
    β=[1, 0, 0, 0, 0]: 720
    β=[1, 1, 0, 0, 0]: 304

  By t3:
    t3=0: {(1, 0, 0, 0, 0): 120}
    t3=1: {(1, 0, 0, 0, 0): 120}
    t3=2: {(1, 0, 0, 0, 0): 240}
    t3=3: {(1, 1, 0, 0, 0): 120, (1, 0, 0, 0, 0): 120}
    t3=4: {(1, 1, 0, 0, 0): 160, (1, 0, 0, 0, 0): 120}
    t3=5: {(1, 1, 0, 0, 0): 24}


======================================================================
GEOMETRIC INTERPRETATION
======================================================================

The GLMY path Betti numbers measure "directed topological features":

β_0 = # connected components (in path homology sense)
β_1 = # independent directed 1-holes (directed cycles not bounding anything)
β_2 = # independent directed 2-holes (directed "cavities")

For TOURNAMENTS:
- β_0 = 1 always (tournament is connected)
- β_1 depends on the 3-cycle structure
- β_2 and higher: potential higher-dimensional directed cavities

TOPOLOGICAL SPACES ANALOGY:
- β = (1,0,...) : contractible → like a point
- β = (1,1,0,...) : one 1-hole → like a circle S^1
- β = (1,2,1,...) : like a torus T^2
- β = (1,0,1,...) : one 2-hole → like a sphere S^2

SUMMARY: Which topological space does each tournament resemble?

n=3:
  β=[1, 0, 0, 0]: 40 tournaments → point
  β=[1, 1, 0, 0]: 24 tournaments → circle S^1

n=4:

n=5:
  β=[1, 0, 0, 0, 0]: 720 tournaments → point
  β=[1, 1, 0, 0, 0]: 304 tournaments → circle S^1


Done.
======================================================================
ANALYSIS OF ORIENTED GRAPHS WITH β_2 > 0 (n=5)
======================================================================
Total counterexamples: 70

Edge count distribution:
  8 edges: 30
  9 edges: 40

Missing-pair count (pairs with no edge in either direction):
  1 missing: 40
  2 missing: 30

Out-degree sequences:
  [0, 0, 3, 3, 3]: 20
  [1, 1, 1, 3, 3]: 20
  [1, 1, 2, 2, 2]: 30

--- First 5 counterexamples ---

Example 1: β = [1, 1, 1, 0]
  0 → [1, 2]
  1 → [3, 4]
  2 → [3, 4]
  3 → [0]
  4 → [0]
  Missing pairs: [(1, 2), (3, 4)]
  Completing to tournament: 4 kill β_2, 0 keep β_2>0

Example 2: β = [1, 0, 1, 0]
  0 → [1, 3, 4]
  1 → [2, 3, 4]
  2 → [0, 3, 4]
  3 → []
  4 → []
  Missing pairs: [(3, 4)]
  Completing to tournament: 2 kill β_2, 0 keep β_2>0

Example 3: β = [1, 0, 1, 0]
  0 → [2, 3, 4]
  1 → [0, 3, 4]
  2 → [1, 3, 4]
  3 → []
  4 → []
  Missing pairs: [(3, 4)]
  Completing to tournament: 2 kill β_2, 0 keep β_2>0

Example 4: β = [1, 1, 1, 0]
  0 → [3, 4]
  1 → [0, 2]
  2 → [3, 4]
  3 → [1]
  4 → [1]
  Missing pairs: [(0, 2), (3, 4)]
  Completing to tournament: 4 kill β_2, 0 keep β_2>0

Example 5: β = [1, 1, 1, 0]
  0 → [2]
  1 → [2]
  2 → [3, 4]
  3 → [0, 1]
  4 → [0, 1]
  Missing pairs: [(0, 1), (3, 4)]
  Completing to tournament: 4 kill β_2, 0 keep β_2>0


======================================================================
MINIMUM MISSING EDGES FOR β_2 > 0
======================================================================
Minimum missing edges: 1
Number with 1 missing: 40


======================================================================
n=4: ORIENTED GRAPHS BY MISSING EDGES
======================================================================
  (missing_pairs, β_2): count
    (0, 0): 64
    (1, 0): 192
    (2, 0): 240
    (3, 0): 160
    (4, 0): 60
    (5, 0): 12
    (6, 0): 1

Done.
