======================================================================
DIMENSION FORMULA SEARCH FOR β₂=0
======================================================================

n=4: 64 tournaments in 0s

  rk(∂₁) = 3 always: True
  z1 = C(n-1,2) = 3: True
  β₂ = 0 always: True

  J₂ analysis:
    c3=0 → J₂=0
    c3=1 → J₂=3
    c3=2 → J₂=5
  J₂ = 3*c₃: False
  J₂ = #{NT pairs (a,c) with common out-nbr}: True

  J₃ analysis:
    c3=0 → J₃=0
    c3=1 → J₃=3
    c3=2 → J₃=4

  z2 = dim(Ω₂) - rk(∂₂|_Ω₂)
     = (|A₂| - J₂) - (z1 - β₁)
     = |A₂| - J₂ - C(n-1,2) + β₁

  z2 determined by (c3, s2, β₁): True
    c3=0, s2=14, β₁=0 → z2=[1], |A₂|=4
    c3=1, s2=12, β₁=0 → z2=[0], |A₂|=6
    c3=2, s2=10, β₁=1 → z2=[1], |A₂|=8

  rk_d3 analysis:
    c3=0, s2=14, β₁=0 → rk_d3=[1]
    c3=1, s2=12, β₁=0 → rk_d3=[0]
    c3=2, s2=10, β₁=1 → rk_d3=[1]

n=5: 1024 tournaments in 1s

  rk(∂₁) = 4 always: True
  z1 = C(n-1,2) = 6: True
  β₂ = 0 always: True

  J₂ analysis:
    c3=0 → J₂=0
    c3=1 → J₂=3
    c3=2 → J₂=5
    c3=3 → J₂=7
    c3=4 → J₂ ∈ [8, 9, 10]
    c3=5 → J₂=10
  J₂ = 3*c₃: False
  J₂ = #{NT pairs (a,c) with common out-nbr}: True

  J₃ analysis:
    c3=0 → J₃=0
    c3=1 → J₃=6
    c3=2 → J₃=9
    c3=3 → J₃ ∈ [12, 14]
    c3=4 → J₃ ∈ [14, 17, 18]
    c3=5 → J₃=15

  z2 = dim(Ω₂) - rk(∂₂|_Ω₂)
     = (|A₂| - J₂) - (z1 - β₁)
     = |A₂| - J₂ - C(n-1,2) + β₁

  z2 determined by (c3, s2, β₁): False
    c3=0, s2=30, β₁=0 → z2=[4], |A₂|=10
    c3=1, s2=28, β₁=0 → z2=[3], |A₂|=12
    c3=2, s2=26, β₁=0 → z2=[3], |A₂|=14
    c3=3, s2=24, β₁=0 → z2=[3], |A₂|=16
    c3=3, s2=24, β₁=1 → z2=[4], |A₂|=16
    c3=4, s2=22, β₁=0 → z2=[3], |A₂|=18
    c3=4, s2=22, β₁=1 → z2=[3, 5], |A₂|=18
    c3=5, s2=20, β₁=1 → z2=[5], |A₂|=20

  rk_d3 analysis:
    c3=0, s2=30, β₁=0 → rk_d3=[4]
    c3=1, s2=28, β₁=0 → rk_d3=[3]
    c3=2, s2=26, β₁=0 → rk_d3=[3]
    c3=3, s2=24, β₁=0 → rk_d3=[3]
    c3=3, s2=24, β₁=1 → rk_d3=[4]
    c3=4, s2=22, β₁=0 → rk_d3=[3]
    c3=4, s2=22, β₁=1 → rk_d3=[3, 5]
    c3=5, s2=20, β₁=1 → rk_d3=[5]

n=6: 32768 tournaments in 77s

  rk(∂₁) = 5 always: True
  z1 = C(n-1,2) = 10: True
  β₂ = 0 always: True

  J₂ analysis:
    c3=0 → J₂=0
    c3=1 → J₂=3
    c3=2 → J₂ ∈ [5, 6]
    c3=3 → J₂=7
    c3=4 → J₂ ∈ [8, 9, 10]
    c3=5 → J₂ ∈ [10, 11, 12]
    c3=6 → J₂ ∈ [11, 12, 13, 14]
    c3=7 → J₂ ∈ [13, 14]
    c3=8 → J₂ ∈ [12, 14, 15]
  J₂ = 3*c₃: False
  J₂ = #{NT pairs (a,c) with common out-nbr}: True

  J₃ analysis:
    c3=0 → J₃=0
    c3=1 → J₃=9
    c3=2 → J₃ ∈ [14, 18]
    c3=3 → J₃ ∈ [19, 21]
    c3=4 → J₃ ∈ [22, 24, 26, 27, 28]
    c3=5 → J₃ ∈ [25, 30, 32, 33]
    c3=6 → J₃ ∈ [31, 32, 35, 36, 37, 38, 39]
    c3=7 → J₃ ∈ [36, 37, 40, 42]
    c3=8 → J₃ ∈ [30, 35, 43, 45]

  z2 = dim(Ω₂) - rk(∂₂|_Ω₂)
     = (|A₂| - J₂) - (z1 - β₁)
     = |A₂| - J₂ - C(n-1,2) + β₁

  z2 determined by (c3, s2, β₁): False
    c3=0, s2=55, β₁=0 → z2=[10], |A₂|=20
    c3=1, s2=53, β₁=0 → z2=[9], |A₂|=22
    c3=2, s2=51, β₁=0 → z2=[8, 9], |A₂|=24
    c3=3, s2=49, β₁=0 → z2=[9], |A₂|=26
    c3=4, s2=47, β₁=0 → z2=[8, 9, 10], |A₂|=28
    c3=4, s2=47, β₁=1 → z2=[10], |A₂|=28
    c3=5, s2=45, β₁=0 → z2=[9, 10], |A₂|=30
    c3=5, s2=45, β₁=1 → z2=[9], |A₂|=30
    c3=6, s2=43, β₁=0 → z2=[9, 10, 11], |A₂|=32
    c3=6, s2=43, β₁=1 → z2=[9, 12], |A₂|=32
    c3=7, s2=41, β₁=0 → z2=[10, 11], |A₂|=34
    c3=7, s2=41, β₁=1 → z2=[11], |A₂|=34
    c3=8, s2=39, β₁=0 → z2=[11], |A₂|=36
    c3=8, s2=39, β₁=1 → z2=[13, 15], |A₂|=36

  rk_d3 analysis:
    c3=0, s2=55, β₁=0 → rk_d3=[10]
    c3=1, s2=53, β₁=0 → rk_d3=[9]
    c3=2, s2=51, β₁=0 → rk_d3=[8, 9]
    c3=3, s2=49, β₁=0 → rk_d3=[9]
    c3=4, s2=47, β₁=0 → rk_d3=[8, 9, 10]
    c3=4, s2=47, β₁=1 → rk_d3=[10]
    c3=5, s2=45, β₁=0 → rk_d3=[9, 10]
    c3=5, s2=45, β₁=1 → rk_d3=[9]
    c3=6, s2=43, β₁=0 → rk_d3=[9, 10, 11]
    c3=6, s2=43, β₁=1 → rk_d3=[9, 12]
    c3=7, s2=41, β₁=0 → rk_d3=[10, 11]
    c3=7, s2=41, β₁=1 → rk_d3=[11]
    c3=8, s2=39, β₁=0 → rk_d3=[11]
    c3=8, s2=39, β₁=1 → rk_d3=[13, 15]

======================================================================
PART 2: Detailed J₂, J₃ formulas
--------------------------------------------------

n=5: J₂ = 3*c₃: False
  Mismatches: 784
    bits=4, scores=(1, 1, 2, 2, 4), c3=2, J₂=5, 3*c3=6
    bits=6, scores=(1, 1, 2, 2, 4), c3=2, J₂=5, 3*c3=6
    bits=8, scores=(1, 1, 2, 3, 3), c3=3, J₂=7, 3*c3=9
    bits=9, scores=(0, 2, 2, 3, 3), c3=2, J₂=5, 3*c3=6
    bits=10, scores=(1, 1, 2, 3, 3), c3=3, J₂=7, 3*c3=9
  3*c₃ = Σ A²[a,c] over NT pairs: False
  J₂ < 3*c₃: 784, J₂ > 3*c₃: 0

n=6: J₂ = 3*c₃: False
  Mismatches: 31008
    bits=4, scores=(1, 1, 2, 2, 4, 5), c3=2, J₂=5, 3*c3=6
    bits=6, scores=(1, 1, 2, 2, 4, 5), c3=2, J₂=5, 3*c3=6
    bits=8, scores=(1, 1, 2, 3, 3, 5), c3=3, J₂=7, 3*c3=9
    bits=9, scores=(0, 2, 2, 3, 3, 5), c3=2, J₂=5, 3*c3=6
    bits=10, scores=(1, 1, 2, 3, 3, 5), c3=3, J₂=7, 3*c3=9
  3*c₃ = Σ A²[a,c] over NT pairs: False
  J₂ < 3*c₃: 31008, J₂ > 3*c₃: 0

Done.
