======================================================================
BETA_2 CHARACTERIZATION FOR GENERAL |S| CIRCULANT DIGRAPHS
======================================================================

======================================================================
n = 5
======================================================================

  --- |S| = 2 ---
  beta_2 = 0: 2 cases
  beta_2 > 0: 0 cases
  Doubling-closed in b2=0: 0/2
  Doubling-closed in b2>0: 0/0
  Has-doubling-pair in b2=0: 2/2
  Has-doubling-pair in b2>0: 0/0
    S=(1, 2): b2=0, dc=False, dp=True, dorb=4
    S=(1, 3): b2=0, dc=False, dp=True, dorb=4

  --- |S| = 2 (TOURNAMENT) ---
  Tournaments tested: 2, all b2=0: True

======================================================================
n = 7
======================================================================

  --- |S| = 2 ---
  beta_2 = 0: 3 cases
  beta_2 > 0: 3 cases
  Doubling-closed in b2=0: 0/3
  Doubling-closed in b2>0: 0/3
  Has-doubling-pair in b2=0: 3/3
  Has-doubling-pair in b2>0: 0/3
    S=(1, 3): b2=1, dc=False, dp=False, dorb=6
    S=(1, 5): b2=1, dc=False, dp=False, dorb=6
    S=(2, 3): b2=1, dc=False, dp=False, dorb=6
    S=(1, 2): b2=0, dc=False, dp=True, dorb=3
    S=(1, 4): b2=0, dc=False, dp=True, dorb=3
    S=(2, 4): b2=0, dc=False, dp=True, dorb=3

  --- |S| = 3 ---
  beta_2 = 0: 4 cases
  beta_2 > 0: 0 cases
  Doubling-closed in b2=0: 1/4
  Doubling-closed in b2>0: 0/0
  Has-doubling-pair in b2=0: 4/4
  Has-doubling-pair in b2>0: 0/0
    S=(1, 2, 3): b2=0, dc=False, dp=True, dorb=6
    S=(1, 2, 4): b2=0, dc=True, dp=True, dorb=3
    S=(1, 3, 5): b2=0, dc=False, dp=True, dorb=6
    S=(1, 4, 5): b2=0, dc=False, dp=True, dorb=6

  --- |S| = 3 (TOURNAMENT) ---
  Tournaments tested: 4, all b2=0: True

======================================================================
n = 9
======================================================================

  --- |S| = 2 ---
  beta_2 = 0: 3 cases
  beta_2 > 0: 9 cases
  Doubling-closed in b2=0: 0/3
  Doubling-closed in b2>0: 0/9
  Has-doubling-pair in b2=0: 3/3
  Has-doubling-pair in b2>0: 0/9
    S=(1, 3): b2=1, dc=False, dp=False, dorb=8
    S=(1, 4): b2=1, dc=False, dp=False, dorb=6
    S=(1, 6): b2=1, dc=False, dp=False, dorb=8
    S=(1, 7): b2=1, dc=False, dp=False, dorb=6
    S=(2, 3): b2=1, dc=False, dp=False, dorb=8
    S=(2, 5): b2=1, dc=False, dp=False, dorb=6
    S=(2, 6): b2=1, dc=False, dp=False, dorb=8
    S=(3, 4): b2=1, dc=False, dp=False, dorb=8
    S=(3, 5): b2=1, dc=False, dp=False, dorb=8
    S=(1, 2): b2=0, dc=False, dp=True, dorb=6
    S=(1, 5): b2=0, dc=False, dp=True, dorb=6
    S=(2, 4): b2=0, dc=False, dp=True, dorb=6

  --- |S| = 3 ---
  beta_2 = 0: 10 cases
  beta_2 > 0: 6 cases
  Doubling-closed in b2=0: 0/10
  Doubling-closed in b2>0: 0/6
  Has-doubling-pair in b2=0: 9/10
  Has-doubling-pair in b2>0: 0/6
    S=(1, 3, 4): b2=1, dc=False, dp=False, dorb=8
    S=(1, 3, 7): b2=1, dc=False, dp=False, dorb=8
    S=(1, 4, 6): b2=1, dc=False, dp=False, dorb=8
    S=(1, 6, 7): b2=1, dc=False, dp=False, dorb=8
    S=(2, 3, 5): b2=1, dc=False, dp=False, dorb=8
    S=(2, 5, 6): b2=1, dc=False, dp=False, dorb=8
    S=(1, 2, 3): b2=0, dc=False, dp=True, dorb=8
    S=(1, 2, 4): b2=0, dc=False, dp=True, dorb=6
    S=(1, 2, 5): b2=0, dc=False, dp=True, dorb=6
    S=(1, 2, 6): b2=0, dc=False, dp=True, dorb=8
    S=(1, 3, 5): b2=0, dc=False, dp=True, dorb=8
    S=(1, 4, 7): b2=0, dc=False, dp=False, dorb=6
    S=(1, 5, 6): b2=0, dc=False, dp=True, dorb=8
    S=(1, 5, 7): b2=0, dc=False, dp=True, dorb=6
    S=(2, 3, 4): b2=0, dc=False, dp=True, dorb=8
    S=(2, 4, 6): b2=0, dc=False, dp=True, dorb=8

  --- |S| = 4 ---
  beta_2 = 0: 8 cases
  beta_2 > 0: 0 cases
  Doubling-closed in b2=0: 0/8
  Doubling-closed in b2>0: 0/0
  Has-doubling-pair in b2=0: 6/8
  Has-doubling-pair in b2>0: 0/0
    S=(1, 2, 3, 4): b2=0, dc=False, dp=True, dorb=8
    S=(1, 2, 3, 5): b2=0, dc=False, dp=True, dorb=8
    S=(1, 2, 4, 6): b2=0, dc=False, dp=True, dorb=8
    S=(1, 2, 5, 6): b2=0, dc=False, dp=True, dorb=8
    S=(1, 3, 4, 7): b2=0, dc=False, dp=False, dorb=8
    S=(1, 3, 5, 7): b2=0, dc=False, dp=True, dorb=8
    S=(1, 4, 6, 7): b2=0, dc=False, dp=False, dorb=8
    S=(1, 5, 6, 7): b2=0, dc=False, dp=True, dorb=8

  --- |S| = 4 (TOURNAMENT) ---
  Tournaments tested: 8, all b2=0: True

======================================================================
n = 11
======================================================================

  --- |S| = 2 ---
  beta_2 = 0: 5 cases
  beta_2 > 0: 15 cases
  Doubling-closed in b2=0: 0/5
  Doubling-closed in b2>0: 0/15
  Has-doubling-pair in b2=0: 5/5
  Has-doubling-pair in b2>0: 0/15
    S=(1, 2): b2=0, dc=False, dp=True, dorb=10
    S=(1, 6): b2=0, dc=False, dp=True, dorb=10
    S=(2, 4): b2=0, dc=False, dp=True, dorb=10
    S=(3, 6): b2=0, dc=False, dp=True, dorb=10
    S=(3, 7): b2=0, dc=False, dp=True, dorb=10

  --- |S| = 3 ---
  beta_2 = 0: 15 cases
  beta_2 > 0: 25 cases
  Doubling-closed in b2=0: 0/15
  Doubling-closed in b2>0: 0/25
  Has-doubling-pair in b2=0: 15/15
  Has-doubling-pair in b2>0: 10/25

  --- |S| = 4 ---
  beta_2 = 0: 40 cases
  beta_2 > 0: 0 cases
  Doubling-closed in b2=0: 0/40
  Doubling-closed in b2>0: 0/0
  Has-doubling-pair in b2=0: 35/40
  Has-doubling-pair in b2>0: 0/0

  --- |S| = 5 ---
  beta_2 = 0: 16 cases
  beta_2 > 0: 0 cases
  Doubling-closed in b2=0: 0/16
  Doubling-closed in b2>0: 0/0
  Has-doubling-pair in b2=0: 15/16
  Has-doubling-pair in b2>0: 0/0

  --- |S| = 5 (TOURNAMENT) ---
  Tournaments tested: 16, all b2=0: True

Done.
