======================================================================
BETA_2 RANK FORMULA SEARCH
======================================================================

======================================================================
n = 4
======================================================================

  Total: 64 tournaments in 0.0s

  Key: (t3, score) -> Om dims, rk_d2, rk_d3, beta_1, beta_2
   t3 score                      Om0  Om1  Om2  Om3  rkd2  rkd3  b1  b2   cnt
    0 (0, 1, 2, 3)                 4    6    4    1     3     1   0   0    24  OK
    1 (0, 2, 2, 2)                 4    6    3    0     3     0   0   0     8  OK
    1 (1, 1, 1, 3)                 4    6    3    0     3     0   0   0     8  OK
    2 (1, 1, 2, 2)                 4    6    3    1     2     1   1   0    24  OK

  --- Formula analysis ---
  (n-1)(n-2)/2 = 3
  C(n,3) = 4
    t3=0, score=(0, 1, 2, 3): Om_2=4, TT=4, cancel=0, tt_directed=4
    t3=1, score=(0, 2, 2, 2): Om_2=3, TT=3, cancel=0, tt_directed=3
    t3=1, score=(1, 1, 1, 3): Om_2=3, TT=3, cancel=0, tt_directed=3
    t3=2, score=(1, 1, 2, 2): Om_2=3, TT=2, cancel=1, tt_directed=2

======================================================================
n = 5
======================================================================

  Total: 1024 tournaments in 0.4s

  Key: (t3, score) -> Om dims, rk_d2, rk_d3, beta_1, beta_2
   t3 score                      Om0  Om1  Om2  Om3  rkd2  rkd3  b1  b2   cnt
    0 (0, 1, 2, 3, 4)              5   10   10    5     6     4   0   0   120  OK
    1 (0, 1, 3, 3, 3)              5   10    9    3     6     3   0   0    40  OK
    1 (0, 2, 2, 2, 4)              5   10    9    3     6     3   0   0    40  OK
    1 (1, 1, 1, 3, 4)              5   10    9    3     6     3   0   0    40  OK
    2 (0, 2, 2, 3, 3)              5   10    9    4     6     3   0   0   120  OK
    2 (1, 1, 2, 2, 4)              5   10    9    4     6     3   0   0   120  OK
    3 (1, 1, 2, 3, 3)              5   10    9    5     5     4   1   0   240  OK
    4 (1, 2, 2, 2, 3)              5   10   10    7     5     5   1   0   280  OK
    5 (2, 2, 2, 2, 2)              5   10   10   10     5     5   1   0    24  OK

  --- Formula analysis ---
  (n-1)(n-2)/2 = 6
  C(n,3) = 10
    t3=0, score=(0, 1, 2, 3, 4): Om_2=10, TT=10, cancel=0, tt_directed=10
    t3=1, score=(0, 1, 3, 3, 3): Om_2=9, TT=9, cancel=0, tt_directed=9
    t3=1, score=(0, 2, 2, 2, 4): Om_2=9, TT=9, cancel=0, tt_directed=9
    t3=1, score=(1, 1, 1, 3, 4): Om_2=9, TT=9, cancel=0, tt_directed=9
    t3=2, score=(0, 2, 2, 3, 3): Om_2=9, TT=8, cancel=1, tt_directed=8
    t3=2, score=(1, 1, 2, 2, 4): Om_2=9, TT=8, cancel=1, tt_directed=8
    t3=3, score=(1, 1, 2, 3, 3): Om_2=9, TT=7, cancel=2, tt_directed=7
    t3=4, score=(1, 2, 2, 2, 3): Om_2=10, TT=6, cancel=4, tt_directed=6
    t3=5, score=(2, 2, 2, 2, 2): Om_2=10, TT=5, cancel=5, tt_directed=5

======================================================================
n = 6
======================================================================
  ... 5000 (9s)
  ... 10000 (18s)
  ... 15000 (29s)
  ... 20000 (37s)
  ... 25000 (48s)
  ... 30000 (57s)

  Total: 32768 tournaments in 61.8s

  Key: (t3, score) -> Om dims, rk_d2, rk_d3, beta_1, beta_2
   t3 score                      Om0  Om1  Om2  Om3  rkd2  rkd3  b1  b2   cnt
    0 (0, 1, 2, 3, 4, 5)           6   15   20   15    10    10   0   0   720  OK
    1 (0, 1, 2, 4, 4, 4)           6   15   19   12    10     9   0   0   240  OK
    1 (0, 1, 3, 3, 3, 5)           6   15   19   12    10     9   0   0   240  OK
    1 (0, 2, 2, 2, 4, 5)           6   15   19   12    10     9   0   0   240  OK
    1 (1, 1, 1, 3, 4, 5)           6   15   19   12    10     9   0   0   240  OK
    2 (0, 1, 3, 3, 4, 4)           6   15   19   13    10     9   0   0   720  OK
    2 (0, 2, 2, 3, 3, 5)           6   15   19   13    10     9   0   0   720  OK
    2 (1, 1, 1, 4, 4, 4)           6   15   18    9    10     8   0   0    80  OK
    2 (1, 1, 2, 2, 4, 5)           6   15   19   13    10     9   0   0   720  OK
    3 (0, 2, 2, 3, 4, 4)           6   15   19   14    10     9   0   0  1440  OK
    3 (1, 1, 2, 3, 3, 5)           6   15   19   14    10     9   0   0  1440  OK
    4 (0, 2, 3, 3, 3, 4)           6   15   20   17    10    10   0   0  1680  OK
    4 (1, 1, 2, 3, 4, 4)           6   15   19   15     9    10   1   0  2880  OK
    4 (1, 2, 2, 2, 3, 5)           6   15   20   17    10    10   0   0  1680  OK
    5 (0, 3, 3, 3, 3, 3)           6   15   20   20    10    10   0   0   144  OK
    5 (1, 1, 3, 3, 3, 4)           6   15   20   15    10    10   0   0  1680  OK
    5 (1, 2, 2, 2, 4, 4)           6   15   20   15    10    10   0   0  1680  OK
    5 (2, 2, 2, 2, 2, 5)           6   15   20   20    10    10   0   0   144  OK
    6 (1, 2, 2, 3, 3, 4)           6   15   21   20     9    12   1   0  8640  OK
    7 (1, 2, 3, 3, 3, 3)           6   15   21   20    10    11   0   0  2400  OK
    7 (2, 2, 2, 2, 3, 4)           6   15   20   17     9    11   1   0  2400  OK
    8 (2, 2, 2, 3, 3, 3)           6   15   22   28     9    13   1   0  2640  OK

  --- Formula analysis ---
  (n-1)(n-2)/2 = 10
  C(n,3) = 20
    t3=0, score=(0, 1, 2, 3, 4, 5): Om_2=20, TT=20, cancel=0, tt_directed=20
    t3=1, score=(0, 1, 2, 4, 4, 4): Om_2=19, TT=19, cancel=0, tt_directed=19
    t3=1, score=(0, 1, 3, 3, 3, 5): Om_2=19, TT=19, cancel=0, tt_directed=19
    t3=1, score=(0, 2, 2, 2, 4, 5): Om_2=19, TT=19, cancel=0, tt_directed=19
    t3=1, score=(1, 1, 1, 3, 4, 5): Om_2=19, TT=19, cancel=0, tt_directed=19
    t3=2, score=(0, 1, 3, 3, 4, 4): Om_2=19, TT=18, cancel=1, tt_directed=18
    t3=2, score=(0, 2, 2, 3, 3, 5): Om_2=19, TT=18, cancel=1, tt_directed=18
    t3=2, score=(1, 1, 1, 4, 4, 4): Om_2=18, TT=18, cancel=0, tt_directed=18
    t3=2, score=(1, 1, 2, 2, 4, 5): Om_2=19, TT=18, cancel=1, tt_directed=18
    t3=3, score=(0, 2, 2, 3, 4, 4): Om_2=19, TT=17, cancel=2, tt_directed=17
    t3=3, score=(1, 1, 2, 3, 3, 5): Om_2=19, TT=17, cancel=2, tt_directed=17
    t3=4, score=(0, 2, 3, 3, 3, 4): Om_2=20, TT=16, cancel=4, tt_directed=16
    t3=4, score=(1, 1, 2, 3, 4, 4): Om_2=19, TT=16, cancel=3, tt_directed=16
    t3=4, score=(1, 2, 2, 2, 3, 5): Om_2=20, TT=16, cancel=4, tt_directed=16
    t3=5, score=(0, 3, 3, 3, 3, 3): Om_2=20, TT=15, cancel=5, tt_directed=15
    t3=5, score=(1, 1, 3, 3, 3, 4): Om_2=20, TT=15, cancel=5, tt_directed=15
    t3=5, score=(1, 2, 2, 2, 4, 4): Om_2=20, TT=15, cancel=5, tt_directed=15
    t3=5, score=(2, 2, 2, 2, 2, 5): Om_2=20, TT=15, cancel=5, tt_directed=15
    t3=6, score=(1, 2, 2, 3, 3, 4): Om_2=21, TT=14, cancel=7, tt_directed=14
    t3=7, score=(1, 2, 3, 3, 3, 3): Om_2=21, TT=13, cancel=8, tt_directed=13
    t3=7, score=(2, 2, 2, 2, 3, 4): Om_2=20, TT=13, cancel=7, tt_directed=13
    t3=8, score=(2, 2, 2, 3, 3, 3): Om_2=22, TT=12, cancel=10, tt_directed=12

Done.
