======================================================================
BETA_2 CHARACTERIZATION FOR |S|=2 CIRCULANT DIGRAPHS
======================================================================

--- n = 5 ---
  beta_2 = 0 (2 cases):
    S={1,2}: b2=0, 2*closed=True, sum_n=False, diff|n=True
    S={1,3}: b2=0, 2*closed=True, sum_n=False, diff|n=False
  beta_2 > 0 (0 cases):

  Pattern check:
    2*-closure in beta_2=0: 2/2
    2*-closure in beta_2>0: 0/0
    Consecutive in beta_2=0: 1/2
    Consecutive in beta_2>0: 0/0

--- n = 7 ---
  beta_2 = 0 (3 cases):
    S={1,2}: b2=0, 2*closed=True, sum_n=False, diff|n=True
    S={1,4}: b2=0, 2*closed=True, sum_n=False, diff|n=False
    S={2,4}: b2=0, 2*closed=True, sum_n=False, diff|n=False
  beta_2 > 0 (3 cases):
    S={1,3}: b2=1, 2*closed=False, sum_n=False, diff|n=False
    S={1,5}: b2=1, 2*closed=False, sum_n=False, diff|n=False
    S={2,3}: b2=1, 2*closed=False, sum_n=False, diff|n=True

  Pattern check:
    2*-closure in beta_2=0: 3/3
    2*-closure in beta_2>0: 0/3
    Consecutive in beta_2=0: 1/3
    Consecutive in beta_2>0: 1/3

--- n = 8 ---
  beta_2 = 0 (3 cases):
    S={1,2}: b2=0, 2*closed=True, sum_n=False, diff|n=True
    S={1,5}: b2=0, 2*closed=False, sum_n=False, diff|n=True
    S={2,5}: b2=0, 2*closed=True, sum_n=False, diff|n=False
  beta_2 > 0 (3 cases):
    S={1,3}: b2=1, 2*closed=False, sum_n=False, diff|n=True
    S={1,6}: b2=1, 2*closed=False, sum_n=False, diff|n=False
    S={2,3}: b2=1, 2*closed=False, sum_n=False, diff|n=True

  Pattern check:
    2*-closure in beta_2=0: 2/3
    2*-closure in beta_2>0: 0/3
    Consecutive in beta_2=0: 1/3
    Consecutive in beta_2>0: 1/3

--- n = 9 ---
  beta_2 = 0 (3 cases):
    S={1,2}: b2=0, 2*closed=True, sum_n=False, diff|n=True
    S={1,5}: b2=0, 2*closed=True, sum_n=False, diff|n=False
    S={2,4}: b2=0, 2*closed=True, sum_n=False, diff|n=False
  beta_2 > 0 (9 cases):
    S={1,3}: b2=1, 2*closed=False, sum_n=False, diff|n=False
    S={1,4}: b2=1, 2*closed=False, sum_n=False, diff|n=True
    S={1,6}: b2=1, 2*closed=False, sum_n=False, diff|n=False
    S={1,7}: b2=1, 2*closed=False, sum_n=False, diff|n=False
    S={2,3}: b2=1, 2*closed=False, sum_n=False, diff|n=True
    S={2,5}: b2=1, 2*closed=False, sum_n=False, diff|n=True
    S={2,6}: b2=1, 2*closed=False, sum_n=False, diff|n=False
    S={3,4}: b2=1, 2*closed=False, sum_n=False, diff|n=True
    S={3,5}: b2=1, 2*closed=False, sum_n=False, diff|n=False

  Pattern check:
    2*-closure in beta_2=0: 3/3
    2*-closure in beta_2>0: 0/9
    Consecutive in beta_2=0: 1/3
    Consecutive in beta_2>0: 2/9

--- n = 11 ---
  beta_2 = 0 (5 cases):
    S={1,2}: b2=0, 2*closed=True, sum_n=False, diff|n=True
    S={1,6}: b2=0, 2*closed=True, sum_n=False, diff|n=False
    S={2,4}: b2=0, 2*closed=True, sum_n=False, diff|n=False
    S={3,6}: b2=0, 2*closed=True, sum_n=False, diff|n=False
    S={3,7}: b2=0, 2*closed=True, sum_n=False, diff|n=False
  beta_2 > 0 (15 cases):
    S={1,3}: b2=1, 2*closed=False, sum_n=False, diff|n=False
    S={1,4}: b2=1, 2*closed=False, sum_n=False, diff|n=False
    S={1,5}: b2=1, 2*closed=False, sum_n=False, diff|n=False
    S={1,7}: b2=1, 2*closed=False, sum_n=False, diff|n=False
    S={1,8}: b2=1, 2*closed=False, sum_n=False, diff|n=False
    S={1,9}: b2=1, 2*closed=False, sum_n=False, diff|n=False
    S={2,3}: b2=1, 2*closed=False, sum_n=False, diff|n=True
    S={2,5}: b2=1, 2*closed=False, sum_n=False, diff|n=False
    S={2,6}: b2=1, 2*closed=False, sum_n=False, diff|n=False
    S={2,7}: b2=1, 2*closed=False, sum_n=False, diff|n=False
    S={2,8}: b2=1, 2*closed=False, sum_n=False, diff|n=False
    S={3,4}: b2=1, 2*closed=False, sum_n=False, diff|n=True
    S={3,5}: b2=1, 2*closed=False, sum_n=False, diff|n=False
    S={4,5}: b2=1, 2*closed=False, sum_n=False, diff|n=True
    S={4,6}: b2=1, 2*closed=False, sum_n=False, diff|n=False

  Pattern check:
    2*-closure in beta_2=0: 5/5
    2*-closure in beta_2>0: 0/15
    Consecutive in beta_2=0: 1/5
    Consecutive in beta_2>0: 3/15

--- n = 13 ---
  beta_2 = 0 (6 cases):
    S={1,2}: b2=0, 2*closed=True, sum_n=False, diff|n=True
    S={1,7}: b2=0, 2*closed=True, sum_n=False, diff|n=False
    S={2,4}: b2=0, 2*closed=True, sum_n=False, diff|n=False
    S={3,6}: b2=0, 2*closed=True, sum_n=False, diff|n=False
    S={3,8}: b2=0, 2*closed=True, sum_n=False, diff|n=False
    S={4,8}: b2=0, 2*closed=True, sum_n=False, diff|n=False
  beta_2 > 0 (24 cases):
    S={1,3}: b2=1, 2*closed=False, sum_n=False, diff|n=False
    S={1,4}: b2=1, 2*closed=False, sum_n=False, diff|n=False
    S={1,5}: b2=1, 2*closed=False, sum_n=False, diff|n=False
    S={1,6}: b2=1, 2*closed=False, sum_n=False, diff|n=False
    S={1,8}: b2=1, 2*closed=False, sum_n=False, diff|n=False
    S={1,9}: b2=1, 2*closed=False, sum_n=False, diff|n=False
    S={1,10}: b2=1, 2*closed=False, sum_n=False, diff|n=False
    S={1,11}: b2=1, 2*closed=False, sum_n=False, diff|n=False
    S={2,3}: b2=1, 2*closed=False, sum_n=False, diff|n=True
    S={2,5}: b2=1, 2*closed=False, sum_n=False, diff|n=False
    S={2,6}: b2=1, 2*closed=False, sum_n=False, diff|n=False
    S={2,7}: b2=1, 2*closed=False, sum_n=False, diff|n=False
    S={2,8}: b2=1, 2*closed=False, sum_n=False, diff|n=False
    S={2,9}: b2=1, 2*closed=False, sum_n=False, diff|n=False
    S={2,10}: b2=1, 2*closed=False, sum_n=False, diff|n=False
    S={3,4}: b2=1, 2*closed=False, sum_n=False, diff|n=True
    S={3,5}: b2=1, 2*closed=False, sum_n=False, diff|n=False
    S={3,7}: b2=1, 2*closed=False, sum_n=False, diff|n=False
    S={3,9}: b2=1, 2*closed=False, sum_n=False, diff|n=False
    S={4,5}: b2=1, 2*closed=False, sum_n=False, diff|n=True
    S={4,6}: b2=1, 2*closed=False, sum_n=False, diff|n=False
    S={4,7}: b2=1, 2*closed=False, sum_n=False, diff|n=False
    S={5,6}: b2=1, 2*closed=False, sum_n=False, diff|n=True
    S={5,7}: b2=1, 2*closed=False, sum_n=False, diff|n=False

  Pattern check:
    2*-closure in beta_2=0: 6/6
    2*-closure in beta_2>0: 0/24
    Consecutive in beta_2=0: 1/6
    Consecutive in beta_2>0: 4/24

Done.
