======================================================================
BETA2=0 VERIFICATION AT n=7
======================================================================
  500/2000 done (3.5s), beta2>0: 0
  1000/2000 done (7.0s), beta2>0: 0
  1500/2000 done (10.6s), beta2>0: 0
  2000/2000 done (14.1s), beta2>0: 0

n=7: beta2>0 in 0/2000 random tournaments (14.1s)
Betti (b0,b1,b2) distribution: {(np.int64(1), 0, 0): 1914, (np.int64(1), np.int64(1), 0): 86}

======================================================================
BETA2=0 VERIFICATION AT n=8
======================================================================
  100/500 done (1.7s), beta2>0: 0
  200/500 done (3.6s), beta2>0: 0
  300/500 done (5.4s), beta2>0: 0
  400/500 done (7.3s), beta2>0: 0
  500/500 done (9.1s), beta2>0: 0

n=8: beta2>0 in 0/500 random tournaments (9.1s)
Betti (b0,b1,b2) distribution: {(np.int64(1), 0, 0): 497, (np.int64(1), np.int64(1), 0): 3}

======================================================================
BETA2=0 VERIFICATION AT n=9
======================================================================

n=9: beta2>0 in 0/100 random tournaments (7.3s)


Done.
