======================================================================
LEAN BETA_3 SEARCH + LES ANALYSIS
======================================================================
  500/5000, 17.2s, b3 dist: {0: 408, 1: 92}
  beta_3=2 at trial 973, scores=[2, 3, 3, 3, 4, 4, 4, 5]
  1000/5000, 34.1s, b3 dist: {0: 812, 1: 187, 2: 1}
  beta_3=2 at trial 1179, scores=[3, 3, 3, 3, 4, 4, 4, 4]
  beta_3=2 at trial 1202, scores=[3, 3, 3, 3, 4, 4, 4, 4]
  1500/5000, 50.9s, b3 dist: {0: 1227, 1: 270, 2: 3}
  2000/5000, 67.0s, b3 dist: {0: 1647, 1: 350, 2: 3}
  beta_3=2 at trial 2064, scores=[2, 3, 3, 3, 4, 4, 4, 5]
  2500/5000, 83.5s, b3 dist: {0: 2054, 1: 442, 2: 4}
  3000/5000, 102.7s, b3 dist: {0: 2456, 1: 540, 2: 4}
  3500/5000, 122.5s, b3 dist: {0: 2869, 1: 627, 2: 4}
  4000/5000, 142.6s, b3 dist: {0: 3290, 1: 706, 2: 4}
  4500/5000, 164.8s, b3 dist: {0: 3711, 1: 785, 2: 4}
  5000/5000, 185.1s, b3 dist: {0: 4133, 1: 863, 2: 4}

b3 distribution: {0: 4133, 1: 863, 2: 4}

============================================================
LES ANALYSIS OF 4 BETA_3=2 TOURNAMENTS
============================================================

  Trial 973, scores=[2, 3, 3, 3, 4, 4, 4, 5]
    v=0 (out=4): b3(T\v)=1 [BAD]
    v=1 (out=3): b3(T\v)=1 [BAD]
    v=2 (out=3): b3(T\v)=0 [GOOD]
    v=3 (out=4): b3(T\v)=0 [GOOD]
    v=4 (out=5): b3(T\v)=0 [GOOD]
    v=5 (out=3): b3(T\v)=0 [GOOD]
    v=6 (out=2): b3(T\v)=0 [GOOD]
    v=7 (out=4): b3(T\v)=0 [GOOD]

  Trial 1179, scores=[3, 3, 3, 3, 4, 4, 4, 4]
    v=0 (out=3): b3(T\v)=0 [GOOD]
    v=1 (out=4): b3(T\v)=0 [GOOD]
    v=2 (out=4): b3(T\v)=0 [GOOD]
    v=3 (out=4): b3(T\v)=0 [GOOD]
    v=4 (out=3): b3(T\v)=0 [GOOD]
    v=5 (out=3): b3(T\v)=0 [GOOD]
    v=6 (out=3): b3(T\v)=0 [GOOD]
    v=7 (out=4): b3(T\v)=0 [GOOD]

  Trial 1202, scores=[3, 3, 3, 3, 4, 4, 4, 4]
    v=0 (out=4): b3(T\v)=0 [GOOD]
    v=1 (out=4): b3(T\v)=0 [GOOD]
    v=2 (out=3): b3(T\v)=0 [GOOD]
    v=3 (out=3): b3(T\v)=0 [GOOD]
    v=4 (out=3): b3(T\v)=0 [GOOD]
    v=5 (out=4): b3(T\v)=0 [GOOD]
    v=6 (out=3): b3(T\v)=0 [GOOD]
    v=7 (out=4): b3(T\v)=0 [GOOD]

  Trial 2064, scores=[2, 3, 3, 3, 4, 4, 4, 5]
    v=0 (out=3): b3(T\v)=1 [BAD]
    v=1 (out=3): b3(T\v)=0 [GOOD]
    v=2 (out=5): b3(T\v)=0 [GOOD]
    v=3 (out=4): b3(T\v)=0 [GOOD]
    v=4 (out=3): b3(T\v)=0 [GOOD]
    v=5 (out=4): b3(T\v)=1 [BAD]
    v=6 (out=2): b3(T\v)=0 [GOOD]
    v=7 (out=4): b3(T\v)=0 [GOOD]

============================================================
LES ANALYSIS OF 2 BETA_3=1 TOURNAMENTS (comparison)
============================================================

  Trial 3, scores=[2, 2, 3, 4, 4, 4, 4, 5]
    v=0 (out=5): b3(T\v)=0 [GOOD]
    v=1 (out=2): b3(T\v)=0 [GOOD]
    v=2 (out=4): b3(T\v)=1 [BAD]
    v=3 (out=4): b3(T\v)=0 [GOOD]
    v=4 (out=3): b3(T\v)=0 [GOOD]
    v=5 (out=2): b3(T\v)=0 [GOOD]
    v=6 (out=4): b3(T\v)=0 [GOOD]
    v=7 (out=4): b3(T\v)=0 [GOOD]

======================================================================
DONE.
