======================================================================
BETA_3 GOOD VERTEX CHARACTERIZATION
======================================================================

--- Part 1: Good vs bad vertex properties at n=7 ---
  n=7: 400/500 done, 27 with beta_3>0

  beta_3>0: 34

  Good vertex (beta_3(T\v)=0) score distribution: {1: 9, 2: 66, 3: 62, 4: 62, 5: 14}
  Bad vertex (beta_3(T\v)>0) score distribution: {1: 2, 2: 9, 3: 8, 4: 5, 5: 1}

  Good vertex c3(v) distribution: {1: 7, 2: 17, 3: 10, 4: 46, 5: 85, 6: 42, 7: 6}
  Bad vertex c3(v) distribution: {1: 2, 2: 2, 3: 5, 4: 16}

  Good vertex: T\v SC? {True: 187, False: 26}
  Bad vertex: T\v SC? {True: 21, False: 4}

--- Part 2: Score-based vertex selection rules at n=7 ---

  beta_3>0: 44
  Vertex selection rule success rates:
    max_c3: 43/44 = 97.7%
    min_score: 40/44 = 90.9%
    max_score: 39/44 = 88.6%
    median_score: 38/44 = 86.4%
    extreme_score: 36/44 = 81.8%
    min_c3: 30/44 = 68.2%

--- Part 3: Good vs bad vertex properties at n=8 ---

  beta_3>0: 32
  Good vertex score dist: {1: 5, 2: 36, 3: 52, 4: 44, 5: 31, 6: 10}
  Bad vertex score dist: {1: 3, 2: 11, 3: 27, 4: 21, 5: 14, 6: 2}

--- Part 4: Good vertex fraction vs n ---
  n=6: 320 tours with beta_3>0, good fraction: avg=1.000, min=1.000
  n=7: 34 tours with beta_3>0, good fraction: avg=0.895, min=0.714

DONE.
