======================================================================
PART 1: Paley T_7 (known beta_4 = 6)
======================================================================
Paley T_7: H=189, c3=14, c5=42
  betti = [np.int64(1), np.int64(0), np.int64(0), np.int64(0), np.int64(6), np.int64(0), np.int64(0)]
  omega_dims = [7, 21, 42, 63, 63, 42, 21]

======================================================================
PART 2: All circulant tournaments at n=7
======================================================================
Circulant S={1, 2, 3}: H=175, c3=14, c5=28, Paley=False
  betti = [np.int64(1), np.int64(1), np.int64(0), np.int64(0), np.int64(0), np.int64(0), np.int64(0)]

======================================================================
PART 3: Regular n=7 tournaments (score 3,3,3,3,3,3,3)
======================================================================
  FOUND beta_4=6: H=189, c3=14, c5=42, betti=[np.int64(1), np.int64(0), np.int64(0), np.int64(0), np.int64(6), np.int64(0), np.int64(0)]

Regular n=7: 19 tested, 1 with beta_4>0
beta_4 distribution: {np.int64(0): 18, np.int64(6): 1}

======================================================================
PART 4: beta_4 by H value among regular tournaments
======================================================================

H -> beta_4 distribution:
  H=171: {np.int64(0): 42}
  H=175: {np.int64(0): 10}
  H=189: {np.int64(6): 6}
