======================================================================
SCORE SEQUENCE OBSTRUCTION AT n=7
======================================================================

  Total 7-vertex tournament score sequences: 94

  Score sequences compatible with ALL deletions having beta_3=1:
  Count: 4
    (2, 2, 2, 3, 4, 4, 4)
    (2, 2, 3, 3, 3, 4, 4)
    (2, 3, 3, 3, 3, 3, 4)
    (3, 3, 3, 3, 3, 3, 3)

======================================================================
SCORE SEQUENCE ANALYSIS AT n=7 (beta_3=1 characterization)
======================================================================

  Sampling n=7 tournaments to find beta_3=1 score sequences...
    ... 0/300
    ... 50/300
    ... 100/300
    ... 150/300
    ... 200/300
    ... 250/300

  Total checked: 300
  beta_3=1 score sequences at n=7:
    (2, 2, 3, 3, 3, 4, 4): 9 tournaments
    (2, 3, 3, 3, 3, 3, 4): 5 tournaments
    (2, 2, 2, 3, 4, 4, 4): 2 tournaments
    (1, 2, 2, 3, 4, 4, 5): 2 tournaments
    (2, 2, 2, 2, 4, 4, 5): 1 tournaments
    (2, 2, 2, 3, 3, 4, 5): 1 tournaments
    (1, 2, 2, 2, 4, 5, 5): 1 tournaments
    (1, 1, 2, 4, 4, 4, 5): 1 tournaments
    (1, 2, 3, 3, 4, 4, 4): 1 tournaments

  n=7 beta_3=1 score sequences: {(2, 2, 2, 3, 3, 4, 5), (1, 2, 3, 3, 4, 4, 4), (2, 3, 3, 3, 3, 3, 4), (1, 2, 2, 3, 4, 4, 5), (2, 2, 2, 3, 4, 4, 4), (2, 2, 3, 3, 3, 4, 4), (1, 1, 2, 4, 4, 4, 5), (2, 2, 2, 2, 4, 4, 5), (1, 2, 2, 2, 4, 5, 5)}
  Total 8-vertex score sequences: 289

  n=8 score sequences compatible with all deletions having beta_3=1:
  Count: 29
    (1, 2, 2, 2, 5, 5, 5, 6)
    (1, 2, 2, 3, 4, 5, 5, 6)
    (1, 2, 2, 3, 5, 5, 5, 5)
    (1, 2, 2, 4, 4, 5, 5, 5)
    (1, 2, 3, 3, 4, 4, 5, 6)
    (1, 2, 3, 3, 4, 5, 5, 5)
    (1, 2, 3, 4, 4, 4, 5, 5)
    (1, 3, 3, 3, 4, 4, 4, 6)
    (1, 3, 3, 3, 4, 4, 5, 5)
    (1, 3, 3, 4, 4, 4, 4, 5)

======================================================================
SUMMARY
======================================================================
