======================================================================
n=7: DETAILED BETTI SURVEY (3000 random + Paley)
======================================================================
  3000 random n=7 tournaments (144s)
  beta_2 != 0: 0
  beta_4 != 0: 0
  Paley T_7: (1, 0, 0, 0, 6, 0)

  ALL Betti profiles (n=7):
    (1, 0, 0, 0, 0, 0): 2620 (87.3%) -- b0=1 
    (1, 0, 0, 1, 0, 0): 239 (8.0%) -- b0=1 b3=1 
    (1, 1, 0, 0, 0, 0): 141 (4.7%) -- b0=1 b1=1 

======================================================================
n=8: BETTI SURVEY (500 random)
======================================================================
  500 random n=8 (675s)

  Even-dimensional nonzero counts:
    beta_4 != 0: 3/500

  ALL Betti profiles (n=8, showing top 15):
    (1, 0, 0, 0, 0, 0, 0): 401 (80.2%) -- b0=1 
    (1, 0, 0, 1, 0, 0, 0): 91 (18.2%) -- b0=1 b3=1 
    (1, 1, 0, 0, 0, 0, 0): 5 (1.0%) -- b0=1 b1=1 
    (1, 0, 0, 0, 1, 0, 0): 3 (0.6%) -- b0=1 b4=1 

  beta_3 != 0 profiles:
    (1, 0, 0, 1, 0, 0, 0): 91

======================================================================
n=6: EXHAUSTIVE ALL-BETTI CHECK
======================================================================
  10000/32768 (36s)
  20000/32768 (73s)
  30000/32768 (111s)

n=6 exhaustive (120s):
  (1, 0, 0, 0, 0): 27648 (84.4%) -- b0=1 
  (1, 1, 0, 0, 0): 4800 (14.6%) -- b0=1 b1=1 
  (1, 0, 0, 1, 0): 320 (1.0%) -- b0=1 b3=1 

  ANY beta_p != 0 for even p>=2: 0/32768

======================================================================
n=5: EXHAUSTIVE ALL-BETTI CHECK
======================================================================
n=5 exhaustive:
  (1, 0, 0, 0): 720 (70.31%)
  (1, 1, 0, 0): 304 (29.69%)

======================================================================
EULER CHARACTERISTIC vs BETTI at n=7
======================================================================
  (chi_Omega, chi_betti, beta_1) distribution (200 samples):
    chi_Omega=0, chi_betti=1, beta_1=0: 37
    chi_Omega=-1, chi_betti=1, beta_1=0: 30
    chi_Omega=1, chi_betti=1, beta_1=0: 26
    chi_Omega=-2, chi_betti=1, beta_1=0: 25
    chi_Omega=-3, chi_betti=1, beta_1=0: 15
    chi_Omega=-6, chi_betti=1, beta_1=0: 11
    chi_Omega=-5, chi_betti=1, beta_1=0: 8
    chi_Omega=-4, chi_betti=0, beta_1=0: 6
    chi_Omega=-4, chi_betti=1, beta_1=0: 6
    chi_Omega=-3, chi_betti=0, beta_1=0: 5
    chi_Omega=0, chi_betti=0, beta_1=1: 4
    chi_Omega=-11, chi_betti=1, beta_1=0: 4
    chi_Omega=-2, chi_betti=0, beta_1=1: 3
    chi_Omega=-1, chi_betti=0, beta_1=1: 3
    chi_Omega=0, chi_betti=0, beta_1=0: 3


Done.
