======================================================================
HOMOLOGY OF FULL ALLOWED PATH COMPLEX A_*
======================================================================

n=3: 8 tournaments in 0.0s
  H₁(A): {-2: 2, 0: 6}
  H₂(A): {0: 8}
  *** H₂(A_*) = 0 for ALL n=3 tournaments! ***

n=4: 64 tournaments in 0.0s
  H₁(A): {-3: 24, -2: 16, 0: 24}
  H₂(A): {-3: 24, -2: 16, 0: 24}

n=5: 1024 tournaments in 0.5s
  H₁(A): {-4: 544, -3: 240, -2: 120, 0: 120}
  H₂(A): {-9: 240, -8: 304, -6: 240, -4: 120, 0: 120}
  H₃(A): {-10: 40, -9: 120, -8: 24, -7: 120, -6: 240, -3: 240, -2: 120, 0: 120}

======================================================================
n=6 EXHAUSTIVE
======================================================================
  10000/32768 (9s)
  20000/32768 (17s)
  30000/32768 (26s)

n=6: 32768 tournaments in 28s
  H₂(A): {-15: 12480, -14: 7200, -13: 5808, -12: 3360, -9: 2160, -8: 80, -6: 960, 0: 720}
  *** H₂(A_*) = 0 for ALL n=6 tournaments! ***

Done.
