======================================================================
RELATIVE KERNEL AND IMAGE: EXPLICIT COMPUTATION
======================================================================

  Ω₂^v rank (relative 2-chain space) distribution:
    dim=5: 1400
    dim=6: 3120
    dim=7: 600

  Ω₃^v rank (relative 3-chain space) distribution:
    dim=2: 840
    dim=3: 1640
    dim=4: 1920
    dim=6: 600
    dim=9: 120

======================================================================
DIRECT H₂^rel COMPUTATION
======================================================================
  T#0, v=0: R = [1, 4, 6, 4, 1], χ_rel = 0
  T#0, v=1: R = [1, 4, 6, 4, 1], χ_rel = 0
  T#0, v=2: R = [1, 4, 6, 4, 1], χ_rel = 0
  T#0, v=3: R = [1, 4, 6, 4, 1], χ_rel = 0
  T#0, v=4: R = [1, 4, 6, 4, 1], χ_rel = 0
  ... 200/1024
  ... 400/1024
  ... 600/1024
  ... 800/1024
  ... 1000/1024

  χ_rel distribution:
    χ_rel=-1: 440
    χ_rel=0: 3840
    χ_rel=1: 840

======================================================================
Ω₂ FORMULA UNDER VERTEX DELETION
======================================================================

  R₂ = |A₂ through v| - |BF₂ through v|: 2480/5120
  R₃ = |A₃ through v| - |BF₃ through v|: 1440/5120

Done.
