======================================================================
PART 1: IS CONE FILLING AUTOMATICALLY IN OMEGA_3?
======================================================================

n=5: 120 swap cycles
  Auto in Omega_3: 120/120
  NOT in Omega_3: 0/120
  Max Omega_3 error: 3.89e-16

n=6: 21120 swap cycles
  Auto in Omega_3: 21120/21120
  NOT in Omega_3: 0/21120
  Max Omega_3 error: 2.58e-15

======================================================================
PART 2: ARE B COLUMNS IN OMEGA_2?
======================================================================

n=5: B columns in Omega_2: 0/480
  (Each B column = d_3[(v,a,b,c)+(a,b,c,v)] restricted to v-paths)

======================================================================
PART 3: DIRECT BETA_2 COMPUTATION (n=7,8 sampled)
======================================================================
  n=7: 100/500 (0s)
  n=7: 200/500 (1s)
  n=7: 300/500 (1s)
  n=7: 400/500 (1s)
  n=7: 500/500 (1s)

n=7 (1s): beta_2=0: 500/500, beta_2>0: 0
  n=8: 100/200 (1s)
  n=8: 200/200 (2s)

n=8 (2s): beta_2=0: 200/200, beta_2>0: 0


Done.
