======================================================================
BETTI RATE SCALING: P(beta_p > 0) vs dimension
======================================================================

--- Part 1: P(beta_1 > 0) scaling ---
  n=3 (d=2): P(beta_1>0) = 25.00% (2/8)
  n=4 (d=3): P(beta_1>0) = 37.50% (24/64)
  n=5 (d=4): P(beta_1>0) = 29.69% (304/1024)
  n=6 (d=5): P(beta_1>0) = 15.40% (77/500)
  n=7 (d=6): P(beta_1>0) = 5.80% (29/500)
  n=8 (d=7): P(beta_1>0) = 1.67% (5/300)
  n=9 (d=8): P(beta_1>0) = 0.33% (1/300)
  n=10 (d=9): P(beta_1>0) = 0.33% (1/300)

  Exponential fit: P(beta_1>0) ~ exp(-0.755*n + 1.935)
  Half-life in n: 0.92
    n=3: actual=25.00%, predicted=71.80%
    n=4: actual=37.50%, predicted=33.73%
    n=5: actual=29.69%, predicted=15.85%
    n=6: actual=15.40%, predicted=7.45%
    n=7: actual=5.80%, predicted=3.50%
    n=8: actual=1.67%, predicted=1.64%
    n=9: actual=0.33%, predicted=0.77%
    n=10: actual=0.33%, predicted=0.36%

--- Part 2: P(beta_3 > 0) scaling ---
    n=5: 50/1024 done, P(b3>0) so far = 0.0%
    n=5: 100/1024 done, P(b3>0) so far = 0.0%
    n=5: 150/1024 done, P(b3>0) so far = 0.0%
    n=5: 200/1024 done, P(b3>0) so far = 0.0%
    n=5: 250/1024 done, P(b3>0) so far = 0.0%
    n=5: 300/1024 done, P(b3>0) so far = 0.0%
    n=5: 350/1024 done, P(b3>0) so far = 0.0%
    n=5: 400/1024 done, P(b3>0) so far = 0.0%
    n=5: 450/1024 done, P(b3>0) so far = 0.0%
    n=5: 500/1024 done, P(b3>0) so far = 0.0%
    n=5: 550/1024 done, P(b3>0) so far = 0.0%
    n=5: 600/1024 done, P(b3>0) so far = 0.0%
    n=5: 650/1024 done, P(b3>0) so far = 0.0%
    n=5: 700/1024 done, P(b3>0) so far = 0.0%
    n=5: 750/1024 done, P(b3>0) so far = 0.0%
    n=5: 800/1024 done, P(b3>0) so far = 0.0%
    n=5: 850/1024 done, P(b3>0) so far = 0.0%
    n=5: 900/1024 done, P(b3>0) so far = 0.0%
    n=5: 950/1024 done, P(b3>0) so far = 0.0%
    n=5: 1000/1024 done, P(b3>0) so far = 0.0%
  n=5 (d=4): P(beta_3>0) = 0.00% (0/1024)
    n=6: 50/500 done, P(b3>0) so far = 0.0%
    n=6: 100/500 done, P(b3>0) so far = 0.0%
    n=6: 150/500 done, P(b3>0) so far = 0.0%
    n=6: 200/500 done, P(b3>0) so far = 0.0%
    n=6: 250/500 done, P(b3>0) so far = 0.0%
    n=6: 300/500 done, P(b3>0) so far = 0.0%
    n=6: 350/500 done, P(b3>0) so far = 0.3%
    n=6: 400/500 done, P(b3>0) so far = 0.2%
    n=6: 450/500 done, P(b3>0) so far = 0.4%
    n=6: 500/500 done, P(b3>0) so far = 0.4%
  n=6 (d=5): P(beta_3>0) = 0.40% (2/500)
    n=7: 50/500 done, P(b3>0) so far = 8.0%
    n=7: 100/500 done, P(b3>0) so far = 8.0%
    n=7: 150/500 done, P(b3>0) so far = 8.0%
    n=7: 200/500 done, P(b3>0) so far = 9.5%
    n=7: 250/500 done, P(b3>0) so far = 8.4%
    n=7: 300/500 done, P(b3>0) so far = 8.7%
    n=7: 350/500 done, P(b3>0) so far = 8.0%
    n=7: 400/500 done, P(b3>0) so far = 7.8%
    n=7: 450/500 done, P(b3>0) so far = 7.8%
    n=7: 500/500 done, P(b3>0) so far = 7.2%
  n=7 (d=6): P(beta_3>0) = 7.20% (36/500)
    n=8: 50/200 done, P(b3>0) so far = 24.0%
    n=8: 100/200 done, P(b3>0) so far = 21.0%
    n=8: 150/200 done, P(b3>0) so far = 19.3%
    n=8: 200/200 done, P(b3>0) so far = 19.0%
  n=8 (d=7): P(beta_3>0) = 19.00% (38/200)
    n=9: 50/100 done, P(b3>0) so far = 24.0%
    n=9: 100/100 done, P(b3>0) so far = 23.0%
  n=9 (d=8): P(beta_3>0) = 23.00% (23/100)

--- Part 3: P(beta_5 > 0) scaling ---
  n=7 (d=6): P(beta_5>0) = 0.00% (0/100)
  n=8 (d=7): P(beta_5>0) = 0.00% (0/100)
  n=9 (d=8): P(beta_5>0) = 0.00% (0/50)

======================================================================
SUMMARY: Betti rates across dimensions
======================================================================
  n |   d |    P(b1>0) |    P(b3>0) |    P(b5>0)
----+-----+------------+------------+-----------
  3 |   2 |     25.00% |          - |          -
  4 |   3 |     37.50% |          - |          -
  5 |   4 |     29.69% |      0.00% |          -
  6 |   5 |     15.40% |      0.40% |          -
  7 |   6 |      5.80% |      7.20% |      0.00%
  8 |   7 |      1.67% |     19.00% |      0.00%
  9 |   8 |      0.33% |     23.00% |      0.00%
 10 |   9 |      0.33% |          - |          -

--- Part 5: Defect rate P(chi != 1) ---
  n=5: P(b1>0)+P(b3>0) = 29.69% + 0.00% = 29.69%
  n=6: P(b1>0)+P(b3>0) = 15.40% + 0.40% = 15.80%
  n=7: P(b1>0)+P(b3>0) = 5.80% + 7.20% = 13.00%
  n=8: P(b1>0)+P(b3>0) = 1.67% + 19.00% = 20.67%
  n=9: P(b1>0)+P(b3>0) = 0.33% + 23.00% = 23.33%
