n=8 BETTI PROFILE DEEP INVESTIGATION
============================================================
  100/2000 (15s) ...
  200/2000 (29s) ...
  300/2000 (46s) ...
  400/2000 (61s) ...
  500/2000 (75s) ...
  600/2000 (89s) ...
  700/2000 (101s) ...
  800/2000 (115s) ...
  900/2000 (129s) ...
  1000/2000 (141s) ...
  1100/2000 (157s) ...
  1200/2000 (170s) ...
  1300/2000 (184s) ...
  1400/2000 (198s) ...
  1500/2000 (212s) ...
  1600/2000 (226s) ...
  1700/2000 (240s) ...
  1800/2000 (254s) ...
  1900/2000 (266s) ...
  2000/2000 (280s) ...

Total: 2000 samples, 279.9s

============================================================
BETTI PROFILES (sorted by frequency):
============================================================

  Profile: chi=1, [b0=1]
  Count: 1635/2000 (81.75%)
  Top score sequences: [((np.int8(2), np.int8(2), np.int8(3), np.int8(3), np.int8(4), np.int8(4), np.int8(5), np.int8(5)), 131), ((np.int8(2), np.int8(3), np.int8(3), np.int8(3), np.int8(4), np.int8(4), np.int8(4), np.int8(5)), 106), ((np.int8(1), np.int8(2), np.int8(3), np.int8(3), np.int8(4), np.int8(4), np.int8(5), np.int8(6)), 98), ((np.int8(1), np.int8(2), np.int8(3), np.int8(4), np.int8(4), np.int8(4), np.int8(5), np.int8(5)), 84), ((np.int8(2), np.int8(2), np.int8(3), np.int8(3), np.int8(3), np.int8(4), np.int8(5), np.int8(6)), 79)]
  c3 range: 1-20, most common: [(16, 236), (14, 221), (12, 185)]

  Profile: chi=0, [b0=1, b3=1]
  Count: 333/2000 (16.65%)
  Top score sequences: [((np.int8(2), np.int8(3), np.int8(3), np.int8(3), np.int8(4), np.int8(4), np.int8(4), np.int8(5)), 55), ((np.int8(2), np.int8(2), np.int8(3), np.int8(3), np.int8(4), np.int8(4), np.int8(5), np.int8(5)), 38), ((np.int8(2), np.int8(3), np.int8(3), np.int8(3), np.int8(3), np.int8(4), np.int8(5), np.int8(5)), 28), ((np.int8(2), np.int8(2), np.int8(3), np.int8(4), np.int8(4), np.int8(4), np.int8(4), np.int8(5)), 25), ((np.int8(1), np.int8(2), np.int8(3), np.int8(4), np.int8(4), np.int8(4), np.int8(5), np.int8(5)), 16)]
  c3 range: 7-20, most common: [(18, 58), (17, 53), (14, 47)]

  Profile: chi=0, [b0=1, b1=1]
  Count: 18/2000 (0.90%)
  Top score sequences: [((np.int8(2), np.int8(3), np.int8(3), np.int8(3), np.int8(4), np.int8(4), np.int8(4), np.int8(5)), 3), ((np.int8(1), np.int8(2), np.int8(3), np.int8(3), np.int8(4), np.int8(4), np.int8(5), np.int8(6)), 2), ((np.int8(1), np.int8(2), np.int8(3), np.int8(3), np.int8(3), np.int8(5), np.int8(5), np.int8(6)), 2), ((np.int8(1), np.int8(2), np.int8(3), np.int8(3), np.int8(4), np.int8(5), np.int8(5), np.int8(5)), 2), ((np.int8(1), np.int8(2), np.int8(2), np.int8(3), np.int8(4), np.int8(5), np.int8(5), np.int8(6)), 2)]
  c3 range: 8-20, most common: [(13, 4), (18, 3), (10, 3)]

  Profile: chi=2, [b0=1, b4=1]
  Count: 13/2000 (0.65%)
  Top score sequences: [((np.int8(2), np.int8(3), np.int8(3), np.int8(3), np.int8(4), np.int8(4), np.int8(4), np.int8(5)), 5), ((np.int8(3), np.int8(3), np.int8(3), np.int8(3), np.int8(3), np.int8(4), np.int8(4), np.int8(5)), 2), ((np.int8(2), np.int8(2), np.int8(3), np.int8(3), np.int8(4), np.int8(4), np.int8(5), np.int8(5)), 2), ((np.int8(2), np.int8(2), np.int8(3), np.int8(4), np.int8(4), np.int8(4), np.int8(4), np.int8(5)), 2), ((np.int8(2), np.int8(3), np.int8(3), np.int8(4), np.int8(4), np.int8(4), np.int8(4), np.int8(4)), 1)]
  c3 range: 16-20, most common: [(18, 5), (19, 3), (16, 2)]

  Profile: chi=3, [b0=1, b4=2]
  Count: 1/2000 (0.05%)
  Top score sequences: [((np.int8(3), np.int8(3), np.int8(3), np.int8(3), np.int8(4), np.int8(4), np.int8(4), np.int8(4)), 1)]
  c3 range: 20-20, most common: [(20, 1)]

============================================================
SUMMARY
============================================================
chi distribution:
  chi=0: 351/2000 (17.55%)
  chi=1: 1635/2000 (81.75%)
  chi=2: 13/2000 (0.65%)
  chi=3: 1/2000 (0.05%)

Non-zero beta indices:
  (): 1635/2000 (81.75%)
  (3,): 333/2000 (16.65%)
  (1,): 18/2000 (0.90%)
  (4,): 14/2000 (0.70%)

DONE.
