============================================================
FINDING c5_dir FORMULA AT n=5
============================================================
Data: 1024 tournaments, 10 features
c5 values: [0, 1, 2, 3]
Lambda value range: 0 to 3

Linear fit: c5 = -0.5000 + sum a_i * lambda_i
  Coefficients: ['-0.5000', '0.1667', '0.1667', '0.1667', '0.1667', '0.1667', '0.1667', '0.1667', '0.1667', '0.1667', '0.1667']
  Residuals: [240.]
  Max abs error: 1.500000

Aggregate fit: c5 = -0.5000 + 0.1667*S1 + 0.0000*S2
  Max abs error: 1.500000

With S3: c5 = -0.5833 + 0.4444*S1 + -0.3333*S2 + 0.0889*S3
  Max abs error: 1.050000

Score fit: c5 = 0.0693 + 0.6931*Ss1 + -0.2500*Ss2
  Max abs error: 1.500000
  Score determines c5? False

  Lambda ambiguity check: 208 repeated lambda vectors
  Lambda groups: 208, ambiguous: 0

  Score -> c5 values:
    (np.int64(0), np.int64(1), np.int64(2), np.int64(3), np.int64(4)): [0]
    (np.int64(0), np.int64(1), np.int64(3), np.int64(3), np.int64(3)): [0]
    (np.int64(0), np.int64(2), np.int64(2), np.int64(2), np.int64(4)): [0]
    (np.int64(0), np.int64(2), np.int64(2), np.int64(3), np.int64(3)): [0]
    (np.int64(1), np.int64(1), np.int64(1), np.int64(3), np.int64(4)): [0]
    (np.int64(1), np.int64(1), np.int64(2), np.int64(2), np.int64(4)): [0]
    (np.int64(1), np.int64(1), np.int64(2), np.int64(3), np.int64(3)): [1]
    (np.int64(1), np.int64(2), np.int64(2), np.int64(2), np.int64(3)): [1, 2, 3]
    (np.int64(2), np.int64(2), np.int64(2), np.int64(2), np.int64(2)): [2]
  Regular: c3_sets=5, c5=2, lambda=[np.int64(1), np.int64(2), np.int64(2), np.int64(1), np.int64(1), np.int64(2), np.int64(2), np.int64(1), np.int64(2), np.int64(1)]

============================================================
tr(A^5) vs c5_dir (n=5)
============================================================
  tr(A^5) values: [0, 5, 10, 15]

  Verifying: tr(A^5) = 5*c5 + sum_v tr(A_v^5)
  bits=0: tr(A^5)=0, 5*c5=0, sum tr(A_v^5)=0, diff=0
  bits=1: tr(A^5)=0, 5*c5=0, sum tr(A_v^5)=0, diff=0
  bits=42: tr(A^5)=10, 5*c5=10, sum tr(A_v^5)=0, diff=0
  bits=100: tr(A^5)=5, 5*c5=5, sum tr(A_v^5)=0, diff=0
  bits=500: tr(A^5)=0, 5*c5=0, sum tr(A_v^5)=0, diff=0
  bits=1000: tr(A^5)=0, 5*c5=0, sum tr(A_v^5)=0, diff=0

============================================================
DEGREE-2 POLYNOMIAL FIT
============================================================
  Coefficients: ['-0.1591', '0.2576', '-0.2727', '0.0909']
  Max abs error: 1.159091
  Perfect fit? False
  Trying integer coefficients:

Done.
