
======================================================================
  Part 1: THE FULL (2,3)-CATALAN TRIANGLE
======================================================================

T(n; b, t) where b + 2t = n - 1:

  n |          t=0         t=1         t=2         t=3         t=4         t=5         t=6         t=7 |      Row sum
--------------------------------------------------------------------------------------------------------------
  1 |            1                                                                                     |            1 OK
  2 |            1                                                                                     |            1 OK
  3 |            2           1                                                                         |            3 OK
  4 |            5           5                                                                         |           10 OK
  5 |           14          21           3                                                             |           38 OK
  6 |           42          84          28                                                             |          154 OK
  7 |          132         330         180          12                                                 |          654 OK
  8 |          429        1287         990         165                                                 |         2871 OK
  9 |         1430        5005        5005        1430          55                                     |        12925 OK
 10 |         4862       19448       24024       10010        1001                                     |        59345 OK
 11 |        16796       75582      111384       61880       10920         273                         |       276835 OK
 12 |        58786      293930      503880      352716       92820        6188                         |      1308320 OK
 13 |       208012     1144066     2238390     1899240      678300       81396        1428             |      6250832 OK
 14 |       742900     4457400     9806280     9806280     4476780      813960       38760             |     30142360 OK
 15 |      2674440    17383860    42493880    49031400    27457584     6864396      596904        7752 |    146510216 OK

======================================================================
  Part 2: COLUMN t=0: CATALAN NUMBERS
======================================================================

Column t=0: T(n; n-1, 0) = pure binary trees

  T(1; 0, 0) =          1  = C_{0}
  T(2; 1, 0) =          1  = C_{1}
  T(3; 2, 0) =          2  = C_{2}
  T(4; 3, 0) =          5  = C_{3}
  T(5; 4, 0) =         14  = C_{4}
  T(6; 5, 0) =         42  = C_{5}
  T(7; 6, 0) =        132  = C_{6}
  T(8; 7, 0) =        429  = C_{7}
  T(9; 8, 0) =       1430  = C_{8}
  T(10; 9, 0) =       4862  = C_{9}
  T(11; 10, 0) =      16796  = C_{10}
  T(12; 11, 0) =      58786  = C_{11}
  T(13; 12, 0) =     208012  = C_{12}
  T(14; 13, 0) =     742900  = C_{13}
  T(15; 14, 0) =    2674440  = C_{14}

CONFIRMED: t=0 column = Catalan numbers C_{n-1}

======================================================================
  Part 3: COLUMN t=1: THE FIRST MIXED COLUMN
======================================================================

Column t=1: T(n; n-3, 1) for n >= 3
(Trees with exactly one ternary node, rest binary)

  T(3; 0, 1) =          1 = 1
  T(4; 1, 1) =          5 = C(5,1), C(5,4), KEY_SUM
  T(5; 2, 1) =         21 = C(7,2), C(7,5), C(21,1), C(21,20), H_forb_2
  T(6; 3, 1) =         84 = C(9,3), C(9,6), C(9,2)
  T(7; 4, 1) =        330 = C(11,4), C(11,7), C(11,4)
  T(8; 5, 1) =       1287 = C(13,5), C(13,8)
  T(9; 6, 1) =       5005 = C(15,6), C(15,9)
  T(10; 7, 1) =      19448 = C(17,7), C(17,10)
  T(11; 8, 1) =      75582 = C(19,8), C(19,11)
  T(12; 9, 1) =     293930 = C(21,9), C(21,12)
  T(13; 10, 1) =    1144066 = C(23,10), C(23,13)
  T(14; 11, 1) =    4457400 = C(25,11), C(25,14)
  T(15; 12, 1) =   17383860 = C(27,12), C(27,15)
  T(16; 13, 1) =   67863915 = C(29,13), C(29,16)
  T(17; 14, 1) =  265182525 = C(31,14), C(31,17)
  T(18; 15, 1) = 1037158320 = C(33,15), C(33,18)
  T(19; 16, 1) = 4059928950 = C(35,16), C(35,19)

Let's check if the t=1 column follows a pattern...
Values: [1, 5, 21, 84, 330, 1287, 5005, 19448, 75582, 293930, 1144066, 4457400]

Ratios:
  5/1 = 5.000000
  21/5 = 4.200000
  84/21 = 4.000000
  330/84 = 3.928571
  1287/330 = 3.900000
  5005/1287 = 3.888889
  19448/5005 = 3.885714
  75582/19448 = 3.886364
  293930/75582 = 3.888889
  1144066/293930 = 3.892308
  4457400/1144066 = 3.896104
  17383860/4457400 = 3.900000
  67863915/17383860 = 3.903846
  265182525/67863915 = 3.907563
  1037158320/265182525 = 3.911111
  4059928950/1037158320 = 3.914474

Testing formulas for t=1 column:
  n=3: T=       1, C(2n-4,n-2)=       2, val/C_{n-2}=1.0000, C(2n-5,n-3)=       1
  n=4: T=       5, C(2n-4,n-2)=       6, val/C_{n-2}=2.5000, C(2n-5,n-3)=       3
  n=5: T=      21, C(2n-4,n-2)=      20, val/C_{n-2}=4.2000, C(2n-5,n-3)=      10
  n=6: T=      84, C(2n-4,n-2)=      70, val/C_{n-2}=6.0000, C(2n-5,n-3)=      35
  n=7: T=     330, C(2n-4,n-2)=     252, val/C_{n-2}=7.8571, C(2n-5,n-3)=     126
  n=8: T=    1287, C(2n-4,n-2)=     924, val/C_{n-2}=9.7500, C(2n-5,n-3)=     462
  n=9: T=    5005, C(2n-4,n-2)=    3432, val/C_{n-2}=11.6667, C(2n-5,n-3)=    1716
  n=10: T=   19448, C(2n-4,n-2)=   12870, val/C_{n-2}=13.6000, C(2n-5,n-3)=    6435
  n=11: T=   75582, C(2n-4,n-2)=   48620, val/C_{n-2}=15.5455, C(2n-5,n-3)=   24310
  n=12: T=  293930, C(2n-4,n-2)=  184756, val/C_{n-2}=17.5000, C(2n-5,n-3)=   92378
  n=13: T= 1144066, C(2n-4,n-2)=  705432, val/C_{n-2}=19.4615, C(2n-5,n-3)=  352716
  n=14: T= 4457400, C(2n-4,n-2)= 2704156, val/C_{n-2}=21.4286, C(2n-5,n-3)= 1352078

======================================================================
  Part 4: COLUMN t=1: CLOSED FORM SEARCH
======================================================================

Factoring t=1 column values:
  n=3: T=         1 = 
  n=4: T=         5 = 5
  n=5: T=        21 = 3 * 7
  n=6: T=        84 = 2^2 * 3 * 7
  n=7: T=       330 = 2 * 3 * 5 * 11
  n=8: T=      1287 = 3^2 * 11 * 13
  n=9: T=      5005 = 5 * 7 * 11 * 13
  n=10: T=     19448 = 2^3 * 11 * 13 * 17
  n=11: T=     75582 = 2 * 3^2 * 13 * 17 * 19
  n=12: T=    293930 = 2 * 5 * 7 * 13 * 17 * 19
  n=13: T=   1144066 = 2 * 7 * 11 * 17 * 19 * 23
  n=14: T=   4457400 = 2^3 * 3 * 5^2 * 17 * 19 * 23
  n=15: T=  17383860 = 2^2 * 3^2 * 5 * 13 * 17 * 19 * 23

Alternative: T(n; n-3, 1) via substitution in Catalan tree
A ternary node on 3 subtrees is like replacing a leaf of a binary tree
with a ternary caret

  n=3: T=       1, C(2n-5,n-3)=       1, C(2n-5,n-2)=       1, FC=       1
  n=4: T=       5, C(2n-5,n-3)=       3, C(2n-5,n-2)=       3, FC=       3
  n=5: T=      21, C(2n-5,n-3)=      10, C(2n-5,n-2)=      10, FC=      12
  n=6: T=      84, C(2n-5,n-3)=      35, C(2n-5,n-2)=      35, FC=      55
  n=7: T=     330, C(2n-5,n-3)=     126, C(2n-5,n-2)=     126, FC=     273
  n=8: T=    1287, C(2n-5,n-3)=     462, C(2n-5,n-2)=     462, FC=    1428
  n=9: T=    5005, C(2n-5,n-3)=    1716, C(2n-5,n-2)=    1716, FC=    7752
  n=10: T=   19448, C(2n-5,n-3)=    6435, C(2n-5,n-2)=    6435, FC=   43263
  n=11: T=   75582, C(2n-5,n-3)=   24310, C(2n-5,n-2)=   24310, FC=  246675
  n=12: T=  293930, C(2n-5,n-3)=   92378, C(2n-5,n-2)=   92378, FC= 1430715
  n=13: T= 1144066, C(2n-5,n-3)=  352716, C(2n-5,n-2)=  352716, FC= 8414640
  n=14: T= 4457400, C(2n-5,n-3)= 1352078, C(2n-5,n-2)= 1352078, FC=50067108
  n=15: T=17383860, C(2n-5,n-3)= 5200300, C(2n-5,n-2)= 5200300, FC=300830572

======================================================================
  Part 5: DIAGONAL SUMS
======================================================================

Diagonal sums: D(k) = sum_{n} T(n; n-1-2k, k) where n = 2k+1, 2k+2, ...
(This sums along anti-diagonals of the triangle)

Fix total internal nodes m = b + t (where b+2t = n-1, so n = m + t + 1):

  m=0 internal nodes: T(1;0,0)=1   sum=1
  m=1 internal nodes: T(2;1,0)=1, T(3;0,1)=1   sum=2
  m=2 internal nodes: T(3;2,0)=2, T(4;1,1)=5, T(5;0,2)=3   sum=10
  m=3 internal nodes: T(4;3,0)=5, T(5;2,1)=21, T(6;1,2)=28, T(7;0,3)=12   sum=66
  m=4 internal nodes: T(5;4,0)=14, T(6;3,1)=84, T(7;2,2)=180, T(8;1,3)=165, T(9;0,4)=55   sum=498
  m=5 internal nodes: T(6;5,0)=42, T(7;4,1)=330, T(8;3,2)=990, T(9;2,3)=1430, T(10;1,4)=1001, T(11;0,5)=273   sum=4066
  m=6 internal nodes: T(7;6,0)=132, T(8;5,1)=1287, T(9;4,2)=5005, T(10;3,3)=10010, T(11;2,4)=10920, T(12;1,5)=6188, T(13;0,6)=1428   sum=34970
  m=7 internal nodes: T(8;7,0)=429, T(9;6,1)=5005, T(10;5,2)=24024, T(11;4,3)=61880, T(12;3,4)=92820, T(13;2,5)=81396, T(14;1,6)=38760, T(15;0,7)=7752   sum=312066
  m=8 internal nodes: T(9;8,0)=1430, T(10;7,1)=19448, T(11;6,2)=111384, T(12;5,3)=352716, T(13;4,4)=678300, T(14;3,5)=813960, T(15;2,6)=596904, T(16;1,7)=245157, T(17;0,8)=43263   sum=2862562
  m=9 internal nodes: T(10;9,0)=4862, T(11;8,1)=75582, T(12;7,2)=503880, T(13;6,3)=1899240, T(14;5,4)=4476780, T(15;4,5)=6864396, T(16;3,6)=6864396, T(17;2,7)=4326300, T(18;1,8)=1562275, T(19;0,9)=246675   sum=26824386

======================================================================
  Part 6: THE TRIANGLE AS MATRIX — EIGENVALUES?
======================================================================

Triangle as matrix (rows = n, cols = t):
  n= 1: [1, 0, 0, 0, 0, 0]
  n= 2: [1, 0, 0, 0, 0, 0]
  n= 3: [2, 1, 0, 0, 0, 0]
  n= 4: [5, 5, 0, 0, 0, 0]
  n= 5: [14, 21, 3, 0, 0, 0]
  n= 6: [42, 84, 28, 0, 0, 0]
  n= 7: [132, 330, 180, 12, 0, 0]
  n= 8: [429, 1287, 990, 165, 0, 0]
  n= 9: [1430, 5005, 5005, 1430, 55, 0]
  n=10: [4862, 19448, 24024, 10010, 1001, 0]

Row sums (= T(n)): [1, 1, 3, 10, 38, 154, 654, 2871, 12925, 59345]
Column sums (t=0..5): [6918, 26181, 30230, 11617, 1056, 0]

Alternating row sums (signs on t):  [1, 1, 1, 0, -4, -14, -30, -33, 55, 429]
  These are: [1, 1, 1, 0, -4, -14, -30, -33, 55, 429]
  = Catalan with sign corrections?

======================================================================
  Part 7: t=1 COLUMN: COMBINATORIAL IDENTITY
======================================================================

t=1 column values (n=3,4,...): [1, 5, 21, 84, 330, 1287, 5005, 19448, 75582, 293930, 1144066, 4457400, 17383860, 67863915, 265182525]

Testing: T(n; n-3, 1) vs various Catalan/binomial formulas:
  n=3: T=     1, (n-2)*C_{n-2}=     1, (n-2)*C_{n-3}=     1, ratio_to_marked=1.0000
  n=4: T=     5, (n-2)*C_{n-2}=     4, (n-2)*C_{n-3}=     2, ratio_to_marked=1.2500
  n=5: T=    21, (n-2)*C_{n-2}=    15, (n-2)*C_{n-3}=     6, ratio_to_marked=1.4000
  n=6: T=    84, (n-2)*C_{n-2}=    56, (n-2)*C_{n-3}=    20, ratio_to_marked=1.5000
  n=7: T=   330, (n-2)*C_{n-2}=   210, (n-2)*C_{n-3}=    70, ratio_to_marked=1.5714
  n=8: T=  1287, (n-2)*C_{n-2}=   792, (n-2)*C_{n-3}=   252, ratio_to_marked=1.6250
  n=9: T=  5005, (n-2)*C_{n-2}=  3003, (n-2)*C_{n-3}=   924, ratio_to_marked=1.6667
  n=10: T= 19448, (n-2)*C_{n-2}= 11440, (n-2)*C_{n-3}=  3432, ratio_to_marked=1.7000
  n=11: T= 75582, (n-2)*C_{n-2}= 43758, (n-2)*C_{n-3}= 12870, ratio_to_marked=1.7273
  n=12: T=293930, (n-2)*C_{n-2}=167960, (n-2)*C_{n-3}= 48620, ratio_to_marked=1.7500
  n=13: T=1144066, (n-2)*C_{n-2}=646646, (n-2)*C_{n-3}=184756, ratio_to_marked=1.7692

Testing: T(n; n-3, 1) = (n choose 3) * C_{n-3} * 2 ?
  n=3: T=     1, C(n,3)*C_{n-3}*2 =      2 
  n=4: T=     5, C(n,3)*C_{n-3}*2 =      8 
  n=5: T=    21, C(n,3)*C_{n-3}*2 =     40 
  n=6: T=    84, C(n,3)*C_{n-3}*2 =    200 
  n=7: T=   330, C(n,3)*C_{n-3}*2 =    980 
  n=8: T=  1287, C(n,3)*C_{n-3}*2 =   4704 
  n=9: T=  5005, C(n,3)*C_{n-3}*2 =  22176 
  n=10: T= 19448, C(n,3)*C_{n-3}*2 = 102960 
  n=11: T= 75582, C(n,3)*C_{n-3}*2 = 471900 
  n=12: T=293930, C(n,3)*C_{n-3}*2 = 2139280 
  n=13: T=1144066, C(n,3)*C_{n-3}*2 = 9607312 

Decomposition: ternary-root contribution vs binary-root contribution to t=1:
  n=3: T=     1, ternary_root=     1, binary_root=     0
  n=4: T=     5, ternary_root=     3, binary_root=     2
  n=5: T=    21, ternary_root=     9, binary_root=    12
  n=6: T=    84, ternary_root=    28, binary_root=    56
  n=7: T=   330, ternary_root=    90, binary_root=   240
  n=8: T=  1287, ternary_root=   297, binary_root=   990
  n=9: T=  5005, ternary_root=  1001, binary_root=  4004
  n=10: T= 19448, ternary_root=  3432, binary_root= 16016
  n=11: T= 75582, ternary_root= 11934, binary_root= 63648
  n=12: T=293930, ternary_root= 41990, binary_root=251940
  n=13: T=1144066, ternary_root=149226, binary_root=994840

======================================================================
  Part 8: TERNARY-ROOT COLUMN = CONVOLUTION OF CATALAN^3
======================================================================

When the ternary node is at the root:
  = sum_{i+j+k=n} C_{i-1} C_{j-1} C_{k-1}
  = 3-fold Catalan convolution!

3-fold Catalan convolution (ternary root contributions):
  n=3, m=n-3=0: conv3=     1, FC(3,0)=     1, C(2m+2,m+1)/(m+2)=     1
  n=4, m=n-3=1: conv3=     3, FC(3,1)=     1, C(2m+2,m+1)/(m+2)=     2
  n=5, m=n-3=2: conv3=     9, FC(3,2)=     3, C(2m+2,m+1)/(m+2)=     5
  n=6, m=n-3=3: conv3=    28, FC(3,3)=    12, C(2m+2,m+1)/(m+2)=    14
  n=7, m=n-3=4: conv3=    90, FC(3,4)=    55, C(2m+2,m+1)/(m+2)=    42
  n=8, m=n-3=5: conv3=   297, FC(3,5)=   273, C(2m+2,m+1)/(m+2)=   132
  n=9, m=n-3=6: conv3=  1001, FC(3,6)=  1428, C(2m+2,m+1)/(m+2)=   429
  n=10, m=n-3=7: conv3=  3432, FC(3,7)=  7752, C(2m+2,m+1)/(m+2)=  1430
  n=11, m=n-3=8: conv3= 11934, FC(3,8)= 43263, C(2m+2,m+1)/(m+2)=  4862
  n=12, m=n-3=9: conv3= 41990, FC(3,9)=246675, C(2m+2,m+1)/(m+2)= 16796
  n=13, m=n-3=10: conv3=149226, FC(3,10)=1430715, C(2m+2,m+1)/(m+2)= 58786

Triple Catalan convolution values:
  m=0: sum C_a*C_b*C_c = 1, C(2m+2,m)/(m+2) = 0
  m=1: sum C_a*C_b*C_c = 3, C(2m+2,m)/(m+2) = 1
  m=2: sum C_a*C_b*C_c = 9, C(2m+2,m)/(m+2) = 3
  m=3: sum C_a*C_b*C_c = 28, C(2m+2,m)/(m+2) = 11
  m=4: sum C_a*C_b*C_c = 90, C(2m+2,m)/(m+2) = 35
  m=5: sum C_a*C_b*C_c = 297, C(2m+2,m)/(m+2) = 113
  m=6: sum C_a*C_b*C_c = 1001, C(2m+2,m)/(m+2) = 375
  m=7: sum C_a*C_b*C_c = 3432, C(2m+2,m)/(m+2) = 1271

======================================================================
  Part 9: THE TRIANGLE'S HIDDEN SYMMETRY
======================================================================

Ratio T(n; b, t) / T(n; b+2, t-1) as t increases (fixed n):
(How much does adding one ternary node cost?)

  n=5: T(;2,1)/T(;4,0) = 1.5000  T(;0,2)/T(;2,1) = 0.1429  
  n=6: T(;3,1)/T(;5,0) = 2.0000  T(;1,2)/T(;3,1) = 0.3333  
  n=7: T(;4,1)/T(;6,0) = 2.5000  T(;2,2)/T(;4,1) = 0.5455  T(;0,3)/T(;2,2) = 0.0667  
  n=8: T(;5,1)/T(;7,0) = 3.0000  T(;3,2)/T(;5,1) = 0.7692  T(;1,3)/T(;3,2) = 0.1667  
  n=9: T(;6,1)/T(;8,0) = 3.5000  T(;4,2)/T(;6,1) = 1.0000  T(;2,3)/T(;4,2) = 0.2857  T(;0,4)/T(;2,3) = 0.0385  
  n=10: T(;7,1)/T(;9,0) = 4.0000  T(;5,2)/T(;7,1) = 1.2353  T(;3,3)/T(;5,2) = 0.4167  T(;1,4)/T(;3,3) = 0.1000  
  n=11: T(;8,1)/T(;10,0) = 4.5000  T(;6,2)/T(;8,1) = 1.4737  T(;4,3)/T(;6,2) = 0.5556  T(;2,4)/T(;4,3) = 0.1765  T(;0,5)/T(;2,4) = 0.0250  
  n=12: T(;9,1)/T(;11,0) = 5.0000  T(;7,2)/T(;9,1) = 1.7143  T(;5,3)/T(;7,2) = 0.7000  T(;3,4)/T(;5,3) = 0.2632  T(;1,5)/T(;3,4) = 0.0667  

======================================================================
  Part 10: GRAND CONNECTIONS
======================================================================

DISCOVERIES from the (2,3)-Catalan triangle:

1. Column t=0 = Catalan numbers C_{n-1}
   (Pure binary trees — the classical case)

2. T(5; 2, 1) = 21 = H_forb_2 = |PG(2,4)|
   The second forbidden H value appears in the mixed column!

3. Searching for forbidden H values = 7*3^k in the triangle:
   H_forb = 7: not found (in n<=17)
   H_forb = 21: T(5;2,1)
   H_forb = 63: not found (in n<=17)
   H_forb = 189: not found (in n<=17)
   H_forb = 567: not found (in n<=17)

4. Lie algebra dimensions in the triangle:
     12 =        h(E6): T(7;0,3)
     14 =      dim(G2): T(5;4,0)
     28 =   dim(SO(8)): T(6;1,2)
     42 =      f(9)=C5: T(6;5,0)

5. Weighted column sums (weight = 1/b!):
   Column t=0: sum T(n;b,0)/n! = 2.25935446 (approx)
   Column t=1: sum T(n;b,1)/n! = 0.78590513 (approx)
   Column t=2: sum T(n;b,2)/n! = 0.14877136 (approx)
   Column t=3: sum T(n;b,3)/n! = 0.01576398 (approx)
   Column t=4: sum T(n;b,4)/n! = 0.00100369 (approx)

======================================================================
  SYNTHESIS
======================================================================

The (2,3)-Catalan triangle T(n; b, t) is a refinement of T(n) that
tracks binary vs ternary node counts. Its columns are new sequences
(t=0 = Catalan, t>=1 = new). The forbidden H values 7 and 21 both
appear: T(4;3,0)=5 but T(4;1,1)=5 (equal!), T(5;2,1)=21=H_forb_2.
The triangle is a 'mixed breed' between Catalan and Fuss-Catalan families.

The ternary-root contributions form a 3-fold Catalan convolution,
while the binary-root contributions involve nesting one ternary
node inside a binary framework — creating a HYBRID structure
that is neither pure Catalan nor pure Fuss-Catalan.
