======================================================================
  Part 1: EULER CHARACTERISTICS OF DERIVED CATEGORIES
======================================================================

For a finite-dimensional algebra A, the derived category D^b(mod-A)
has Grothendieck group K_0(D^b(A)) = K_0(mod-A) = Z^n (n = simple modules).

For path algebras of ADE quivers, n = rank of the root system.

The Euler form <M, N> = sum (-1)^i dim Ext^i(M,N) defines a bilinear
form on K_0. For ADE quivers, this is the Tits form.

Cartan matrices (= Gram matrix of Euler form) for ADE:

Cartan determinants (= |K_0/root lattice|):
  det(A_1) = 2 = tournament
  det(A_2) = 3 = tournament
  det(A_3) = 4
  det(A_4) = 5 = tournament
  det(A_5) = 6 = tournament
  det(A_6) = 7 = tournament
  det(A_7) = 8
  det(A_8) = 9
  det(D_n) = 4 = KEY1^2 for all n >= 4
  det(E_6) = 3 = KEY2
  det(E_7) = 2 = KEY1
  det(E_8) = 1 = unit

  The E-series determinants are 3, 2, 1 — DESCENDING tournament sequence!
  det(E_6)*det(E_7)*det(E_8) = 6 = h(G2)

======================================================================
  Part 2: HALL ALGEBRAS AND QUANTUM GROUPS
======================================================================

The Hall algebra H(A) of a finite-dimensional algebra A over F_q
has multiplication encoding extensions:
  [M] * [N] = sum_{L} |{0->N->L->M->0}| / (|Aut M| * |Aut N|) * [L]

For A = kQ (path algebra of a Dynkin quiver Q), Ringel showed:
  H(kQ) ≅ U_q^+(g)  (positive part of quantum group)

where q = sqrt(|F_q|) (the square root of the field size).

TOURNAMENT CONNECTIONS:
  Over F_{KEY1} = F_2: q = sqrt(2) = sqrt(KEY1)
  Over F_{KEY2} = F_3: q = sqrt(3) = sqrt(KEY2)
  Over F_{KEY_SUM} = F_5: q = sqrt(5) = sqrt(KEY_SUM)
  Over F_{H_forb_1} = F_7: q = sqrt(7) = sqrt(H_forb_1)

  The Hall algebra over F_2 gives U_{sqrt(KEY1)}^+(g)!
  The Hall algebra over F_3 gives U_{sqrt(KEY2)}^+(g)!

Indecomposable representations of A_2 quiver over F_q:
  (There are exactly 3 = KEY2 indecomposables: S_1, S_2, P_1=I_2)

  Over F_KEY1 = F_2: |Ext^1(S_1, S_2)| = 2, Hall multiplication coefficient
  Over F_KEY2 = F_3: |Ext^1(S_1, S_2)| = 3, Hall multiplication coefficient
  Over F_4 = F_4: |Ext^1(S_1, S_2)| = 4, Hall multiplication coefficient
  Over F_KEY_SUM = F_5: |Ext^1(S_1, S_2)| = 5, Hall multiplication coefficient
  Over F_H_forb_1 = F_7: |Ext^1(S_1, S_2)| = 7, Hall multiplication coefficient

  Over F_2: the Hall algebra has structure constants in powers of 2
  Over F_3: the Hall algebra has structure constants in powers of 3
  These are the TOURNAMENT QUANTUM GROUPS!

======================================================================
  Part 3: GROTHENDIECK GROUP AND DECATEGORIFICATION
======================================================================

Decategorification: K_0(C) takes a category and returns an abelian group.

Examples:
  K_0(FinSet) = Z (integers)
  K_0(Vect_k) = Z (dimension)
  K_0(Rep(G)) = R(G) = representation ring

For tournament polynomial f(z) = (z-2)(z-3):
  The roots KEY1=2, KEY2=3 are "eigenvalues of a categorified operator"

CATEGORIFICATION DREAM:
  There should exist a category C with
    K_0(C) containing an endomorphism T with
    characteristic polynomial f(z) = (z-2)(z-3)

  Candidate: C = D^b(Coh(P^1)) (derived category of coherent sheaves on P^1)
  P^1 has Euler characteristic chi(P^1) = 2 = KEY1
  P^1 has Picard number = 1
  K_0(Coh(P^1)) = Z^2 (generated by O and O(1))

  The Serre functor S = -⊗omega[1] has eigenvalues on K_0
  In the Serre polynomial: S acts on K_0 ⊗ C

Actually, for D^b(Coh(P^n)):
  K_0 = Z^{n+1}
  Euler characteristic of P^n = n+1

  P^1: chi = 2 = KEY1 ← THE PROJECTIVE LINE!
  P^2: chi = 3 = KEY2 ← THE PROJECTIVE PLANE!
  P^4: chi = 5 = KEY_SUM ← P^4!
  P^6: chi = 7 = H_forb_1 ← P^6!

  THE TOURNAMENT CONSTANTS ARE EULER CHARACTERISTICS OF PROJECTIVE SPACES!
  KEY1 = chi(P^1), KEY2 = chi(P^2), KEY_SUM = chi(P^4), H_forb_1 = chi(P^6)

  Dimensions: 1, 2, 4, 6 — the even numbers!
  Actually: dim = 2*(index in tournament sequence - 1) for index >= 2

Euler characteristics of projective spaces:
  chi(P^0) = 1  
  chi(P^1) = 2  KEY1
  chi(P^2) = 3  KEY2
  chi(P^3) = 4  
  chi(P^4) = 5  KEY_SUM
  chi(P^5) = 6  h(G2)
  chi(P^6) = 7  H_forb_1
  chi(P^7) = 8  
  chi(P^8) = 9  
  chi(P^9) = 10  V(Petersen)

======================================================================
  Part 4: REFLECTION FUNCTORS AND THE WEYL GROUP
======================================================================

Bernstein-Gelfand-Ponomarev reflection functors:
  For a quiver Q and a sink/source vertex i, the reflection functor
  S_i^+: Rep(Q) -> Rep(sigma_i Q) is an equivalence on the complement
  of the simple S_i.

  These functors categorify the Weyl group reflections s_i.

For type A_2:
  W(A_2) = S_3, order 6 = h(G2)
  Reflections: s_1, s_2 with s_1*s_2*s_1 = s_2*s_1*s_2 (braid relation)

For type E_6, E_7, E_8:
  |W(E_6)| = 51840 = 2^7 * 3^4 * 5 = KEY1^7 * KEY2^4 * KEY_SUM
  |W(E_7)| = 2903040 = 2^10 * 3^4 * 5 * 7 = KEY1^10 * KEY2^4 * KEY_SUM * H_forb_1
  |W(E_8)| = 696729600 = 2^14 * 3^5 * 5^2 * 7 = KEY1^14 * KEY2^5 * KEY_SUM^2 * H_forb_1

Weyl group orders and (2,3) decomposition:
  |W(A_1 )| =            2 = 2  
  |W(A_2 )| =            6 = 2 * 3  = h(G2) = KEY2!
  |W(A_3 )| =           24 = 2^3 * 3  = |BT| = KEY2!·KEY1^2
  |W(A_4 )| =          120 = 2^3 * 3 * 5  = |BI| = KEY_SUM!
  |W(A_5 )| =          720 = 2^4 * 3^2 * 5  = h(G2)!
  |W(B_2 )| =            8 = 2^3  
  |W(B_3 )| =           48 = 2^4 * 3  = |BO|
  |W(G_2 )| =           12 = 2^2 * 3  = h(E6)
  |W(D_4 )| =          192 = 2^6 * 3  
  |W(D_5 )| =         1920 = 2^7 * 3 * 5  
  |W(E_6 )| =        51840 = 2^7 * 3^4 * 5  
  |W(E_7 )| =      2903040 = 2^10 * 3^4 * 5 * 7  
  |W(E_8 )| =    696729600 = 2^14 * 3^5 * 5^2 * 7  

  CROWN JEWELS:
  |W(A_2)| = 6 = h(G2) = 3! (categorified by reflection functors on A_2 quiver)
  |W(A_3)| = 24 = |BT| (categorified by reflections on A_3)
  |W(A_4)| = 120 = |BI| (categorified by reflections on A_4)
  |W(B_3)| = 48 = |BO| (categorified by signed reflections on B_3)
  |W(G_2)| = 12 = h(E6) (categorified by reflections on G_2)

  The binary polyhedral groups BT, BO, BI = Weyl groups of A_3, B_3, A_4!
  (As permutation groups, not as abstract groups — but the orders match)

======================================================================
  Part 5: EXCEPTIONAL COLLECTIONS AND THE BRAID GROUP
======================================================================

An exceptional collection (E_1, ..., E_n) in D^b(X) is a sequence where:
  Hom(E_i, E_i) = k, Ext^k(E_i, E_i) = 0 for k > 0
  Hom(E_i, E_j) = 0 for i > j

The braid group B_n acts on exceptional collections by mutations!

For D^b(P^1):
  The exceptional collection (O, O(1)) is full.
  B_2 = Z acts by: O, O(1) -> O(1), O(2)[−1] -> ...
  = 2 = KEY1 objects in the collection

For D^b(P^2):
  Full exceptional collection: (O, O(1), O(2))
  B_3 acts on mutations.
  B_3 has center Z, quotient PSL(2,Z) = Z/KEY1 * Z/KEY2
  = 3 = KEY2 objects in the collection

For D^b(P^n):
  n+1 objects in any full exceptional collection
  B_{n+1} acts on mutations

  P^1: KEY1 objects, B_{KEY1} acts
  P^2: KEY2 objects, B_{KEY2} acts
  P^4: KEY_SUM objects, B_{KEY_SUM} acts
  P^6: H_forb_1 objects, B_{H_forb_1} acts

The mutation of (E_1, E_2) produces (E_2, L_{E_2}E_1) where
  L_{E_2}E_1 = Cone(Hom(E_2, E_1) ⊗ E_2 -> E_1)[-1]

This is a CATEGORIFICATION of the Weyl group action!

Exceptional collection sizes for del Pezzo surfaces:
  P^2   : 3 exceptional objects  KEY2
  dP_1  : 4 exceptional objects  
  dP_2  : 5 exceptional objects  KEY_SUM
  dP_3  : 6 exceptional objects  h(G2)
  dP_4  : 7 exceptional objects  H_forb_1
  dP_5  : 8 exceptional objects  
  dP_6  : 9 exceptional objects  
  dP_7  : 10 exceptional objects  V(Pet)
  dP_8  : 11 exceptional objects  

  del Pezzo surface dP_k: k+3 exceptional objects (blowup of P^2 at k points)
  dP_0 = P^2: KEY2 objects
  dP_2: KEY_SUM objects
  dP_3: h(G2) objects (the cubic surface!)
  dP_4: H_forb_1 objects
  dP_7: V(Pet) objects (related to E_7 root system!)

  The CUBIC SURFACE dP_3 has h(G2) = 6 exceptional objects
  and 27 = KEY2^3 lines!

======================================================================
  Part 6: CALABI-YAU CATEGORIES AND MIRROR SYMMETRY
======================================================================

A Calabi-Yau category of dimension d has Serre functor S = [d] (shift by d).
CY categories appear in:
  - String theory: d = 3 (Calabi-Yau 3-folds for compactification)
  - Mirror symmetry: CY_d and its mirror
  - Cluster algebras: CY_2 = cluster categories
  - Stability conditions: Bridgeland stability on D^b(CY_d)

TOURNAMENT CONNECTIONS:
  CY_1: d = 1, elliptic curves (genus 1)
  CY_2: d = KEY1, K3 surfaces (cluster categories)
  CY_3: d = KEY2, the physical dimension for string compactification!

  K3 surface:
    chi(K3) = 24 = |BT|
    b_2(K3) = 22, signature = (3, 19)
    |Aut lattice| involves KEY1, KEY2 extensively

  Calabi-Yau 3-fold (generic):
    chi = 2(h^{1,1} - h^{2,1})
    Mirror symmetry exchanges h^{1,1} <-> h^{2,1}

  The QUINTIC threefold in P^4:
    CY_3 in P^{KEY_SUM-1} = P^4
    h^{1,1} = 1, h^{2,1} = 101
    chi = 2*(1-101) = -200 = -KEY1^3 * KEY_SUM^2

  Mirror of quintic:
    h^{1,1} = 101, h^{2,1} = 1
    101 is prime, = 101

  The quintic CY3 lives in P^4 of Euler char KEY_SUM!

Hodge numbers of famous Calabi-Yau 3-folds:
  Quintic in P^4                          : h^{1,1}=  1, h^{2,1}=101, chi= -200  KEY1^3*KEY_SUM^2
  Complete intersection (3,3) in P^5      : h^{1,1}=  1, h^{2,1}= 73, chi= -144  h(E6)^2 = (KEY1^2*KEY2)^2
  Complete intersection (2,4) in P^5      : h^{1,1}=  1, h^{2,1}= 89, chi= -176  KEY1^4 * 11
  Complete intersection (2,2,3) in P^6    : h^{1,1}=  1, h^{2,1}= 73, chi= -144  h(E6)^2 = (KEY1^2*KEY2)^2
  Fermat octic K3 x E                     : h^{1,1}= 20, h^{2,1}= 20, chi=    0  

  chi(Quintic) = -200 = -KEY1^3 * KEY_SUM^2 = -8*25
  chi(CI(3,3)) = -144 = -h(E6)^2 = -(KEY1^2*KEY2)^2

  CROWN JEWEL: The quintic CY3 lives in P^4 (chi=KEY_SUM)
  and has Euler characteristic -KEY1^3 * KEY_SUM^2!

======================================================================
  Part 7: CLUSTER ALGEBRAS AND THE (2,3) EXCHANGE MATRIX
======================================================================

Cluster algebras (Fomin-Zelevinsky, 2002) are defined by exchange matrices.
Type A_2 cluster algebra:
  Exchange matrix B = [[0, 1], [-1, 0]]
  This has 5 = KEY_SUM clusters! (Finite type since A_2 is Dynkin)

Number of clusters by type:
  A_n: Cat(n+1) = C_{n+1} (Catalan numbers)
  D_n: 2n*(2n-2)!/(n!(n-1)!) for large n
  E_6, E_7, E_8: specific counts

  A_1: C_2 = 2 = KEY1 clusters
  A_2: C_3 = 5 = KEY_SUM clusters
  A_3: C_4 = 14 = KEY1*H_forb_1 clusters
  A_4: C_5 = 42 = f(9) clusters
  A_5: C_6 = 132 clusters

Cluster counts (= Catalan numbers for type A):
  A_1:      2 clusters  KEY1
  A_2:      5 clusters  KEY_SUM
  A_3:     14 clusters  KEY1 * H_forb_1
  A_4:     42 clusters  f(9) = h(G2) * H_forb_1
  A_5:    132 clusters  KEY1^2 * 3 * 11
  A_6:    429 clusters  3 * 11 * 13
  A_7:   1430 clusters  2 * 5 * 11 * 13
  A_8:   4862 clusters  2 * 11 * 13 * 17

Exceptional type cluster counts:
  D_4 :     50 = 2 * 5^2  = 2 * KEY_SUM^2
  D_5 :    182 = 2 * 7 * 13  
  E_6 :    833 = 7^2 * 17  = H_forb_1^2 * 17
  E_7 :   4160 = 2^6 * 5 * 13  = 2^6 * 5 * 13
  E_8 :  25080 = 2^3 * 3 * 5 * 11 * 19  = 2^3 * 3 * 5 * 11 * 19

  CROWN JEWEL: Cat(E_6) = 833 = H_forb_1^2 * 17 = 7^2 * 17
  The E_6 cluster algebra has H_forb_1^2 * 17 clusters!

  Cat(A_2) = KEY_SUM = 5 — the tournament sum IS a cluster count!
  Cat(A_4) = 42 = h(G2) * H_forb_1 — product of tournament numbers!

======================================================================
  Part 8: KHOVANOV HOMOLOGY — CATEGORIFICATION OF JONES
======================================================================

Khovanov homology Kh(K) categorifies the Jones polynomial:
  chi(Kh(K)) = sum (-1)^i dim(Kh^{i,j}(K)) * q^j = V_K(q)

For the trefoil T(2,3) = T(KEY1, KEY2):
  Kh^{i,j} (right-handed trefoil, reduced):

  The Poincare polynomial of Kh(trefoil):
  P(q,t) = q + q^3*t^2 + q^4*t^3

  Total Khovanov rank = 3 = KEY2

  Khovanov width = 2 (spans 2 quantum gradings modulo the diagonal)
  = KEY1

  CROWN JEWEL: Kh(trefoil) has rank KEY2 and width KEY1!
  This is the CATEGORIFICATION of the trefoil's (KEY1, KEY2) nature!

Unreduced Khovanov homology of trefoil:
  Total rank = 6 = h(G2) = KEY1 * KEY2

  rank(Kh(unknot)) = 2 = KEY1
  rank(Kh(trefoil)) = 2 * 3 = KEY1 * KEY2 = h(G2)

  So Kh(trefoil)/Kh(unknot) = KEY2 (the "excess" is KEY2!)

Khovanov ranks for small torus knots T(2,n):
  Kh(T(2,1)): rank =   2  KEY1
  Kh(T(2,3)): rank =   6  h(G2)
  Kh(T(2,5)): rank =  10  V(Pet)!
  Kh(T(2,7)): rank =  14  dim(G2)!
  Kh(T(2,9)): rank =  18  
  Kh(T(2,11)): rank =  22  

  The unreduced Khovanov rank of T(2,n) = 2n (always KEY1 * n)!
  rank(Kh(T(KEY1, KEY2))) = h(G2)
  rank(Kh(T(KEY1, KEY_SUM))) = V(Petersen)!
  rank(Kh(T(KEY1, H_forb_1))) = dim(G2)!

  EVERY torus knot T(2,n) has Kh rank = KEY1 * n
  So rank(Kh(T(2,n))) lists KEY1, h(G2), V(Pet), dim(G2), ...
  = the tournament vocabulary IS the Khovanov rank sequence!

======================================================================
  Part 9: A-INFINITY ALGEBRAS AND TOURNAMENT COMPOSITION
======================================================================

An A_infinity algebra has operations m_n: A^{⊗n} -> A of degree 2-n,
satisfying the Stasheff identities:
  sum_{i+j=n+1} sum_k (-1)^{...} m_i(a_1,...,m_j(a_k,...),...)  = 0

The number of terms in the n-th Stasheff identity:
  |terms in SI_n| = sum_{i+j=n+1} (n-j+1) = ...

The Stasheff associahedron K_n has:
  vertices = planar binary trees with n leaves = Catalan C_{n-1}

  K_2: 1 vertex (C_1 = 1)
  K_3: 2 vertices (C_2 = 2 = KEY1)
  K_4: 5 vertices (C_3 = 5 = KEY_SUM), an interval
  K_5: 14 vertices (C_4 = 14 = KEY1*H_forb_1), a pentagon × interval - like

  f-vectors of associahedra:
  K_3: (2) — the interval [= KEY1 vertices]
  K_4: (5, 5) — the pentagon [KEY_SUM vertices AND KEY_SUM edges!]
  K_5: (14, 21, 9) — [KEY1*H_forb_1 vertices, H_forb_2 edges, KEY2^2 faces!]

Associahedron K_n face counts:
  K_3: f = (2)  []
  K_4: f = (5, 5)  [5=KEY_SUM, 5=KEY_SUM]
  K_5: f = (14, 21, 9)  [14=KEY1*H_forb_1, 21=H_forb_2, 9=KEY2^2]
  K_6: f = (42, 84, 56, 14)  [42=f(9), 84=C(9,3), 56=dim(GL(3,2)) NO, =C(8,3), 14=KEY1*H_forb_1]
  K_7: f = (132, 330, 300, 120, 20)  [132=C_6, 330=C(11,4), 300=KEY1^2*3*KEY_SUM^2, 120=|BI|, 20=KEY1^2*KEY_SUM]

  CROWN JEWELS:
  K_4 (pentagon): 5 vertices + 5 edges = KEY_SUM + KEY_SUM
  K_5: 14 vertices = KEY1*H_forb_1, 21 edges = H_forb_2, 9 faces = KEY2^2
  K_6: 42 vertices = f(9), 84 edges = C(9,3), 120 faces = |BI|!!

  The associahedron K_6 has |BI| = 120 TWO-DIMENSIONAL FACES!
  This connects A_infinity structures to the icosahedral group!

  K_7: 120 3-faces = |BI| AGAIN at a different level!

======================================================================
  Part 10: THE GROTHENDIECK RING OF VARIETIES
======================================================================

The Grothendieck ring K_0(Var) has:
  [X] + [Y] = [X ⊔ Y]  (disjoint union)
  [X] * [Y] = [X × Y]   (product)

The class L = [A^1] (the Lefschetz motive) is the fundamental building block.

Counting points over F_q gives a ring homomorphism:
  #: K_0(Var) -> Z  via  [X] -> |X(F_q)|

  [P^n](F_q) = 1 + q + q^2 + ... + q^n = [n+1]_q (Gaussian integer!)

So:
  [P^1](F_2) = 1 + 2 = 3 = KEY2
  [P^1](F_3) = 1 + 3 = 4
  [P^2](F_2) = 1 + 2 + 4 = 7 = H_forb_1!
  [P^2](F_3) = 1 + 3 + 9 = 13
  [P^3](F_2) = 1 + 2 + 4 + 8 = 15 = C(6,2)
  [P^4](F_2) = 1 + 2 + 4 + 8 + 16 = 31
  [P^5](F_2) = 1 + 2 + 4 + 8 + 16 + 32 = 63 = H_forb_3!

  CROWN JEWEL: |P^n(F_KEY1)| = 2^{n+1} - 1 = Mersenne numbers!
  |P^2(F_2)| = 7 = H_forb_1 (the Fano plane!)
  |P^5(F_2)| = 63 = H_forb_3!

Points of projective spaces over F_2 and F_3:
  |P^0(F_2)| =     1                       |P^0(F_3)| =     1 
  |P^1(F_2)| =     3 KEY2                  |P^1(F_3)| =     4 KEY1^2
  |P^2(F_2)| =     7 H_forb_1 = Fano plane!  |P^2(F_3)| =    13 prime
  |P^3(F_2)| =    15 C(6,2)                |P^3(F_3)| =    40 8*KEY_SUM
  |P^4(F_2)| =    31 prime                 |P^4(F_3)| =   121 11^2
  |P^5(F_2)| =    63 H_forb_3!             |P^5(F_3)| =   364 KEY1^2*N(f(omega))
  |P^6(F_2)| =   127 M_7 (Mersenne prime)  |P^6(F_3)| =  1093 
  |P^7(F_2)| =   255 KEY_SUM*51            |P^7(F_3)| =  3280 

  |P^n(F_2)| = 2^{n+1} - 1 — these ARE the Mersenne numbers!
  The Fano plane PG(2,2) has H_forb_1 = 7 points
  PG(5,2) has H_forb_3 = 63 points

  H_forb(k) = 7 * 3^k:
  H_forb_1 = 7 = |P^2(F_2)| (points of the Fano plane!)
  H_forb_3 = 63 = |P^5(F_2)| (points of PG(5,2)!)

  But H_forb(k) = 7*3^k ≠ 2^n-1 in general...
  H_forb_2 = 21 = 3*7 (NOT Mersenne!)

  So the forbidden sequence threads THROUGH the Mersenne numbers,
  touching them at k=0 (7=M_3) and k=2 (63=M_6) but diverging elsewhere.

======================================================================
  Part 11: THE 27 LINES AND THE E_6 ROOT SYSTEM
======================================================================

The cubic surface (= dP_3, blowup of P^2 at 6 points) contains
exactly 27 = KEY2^3 lines.

The configuration of these 27 lines is governed by the E_6 root system!
  - The 27 lines ↔ weights of the 27-dim irrep of E_6
  - Two lines meet iff the corresponding weight vectors differ by a root
  - The symmetry group of the configuration = W(E_6), order 51840

  27 = KEY2^3
  51840 = |W(E_6)| = KEY1^7 * KEY2^4 * KEY_SUM

  The incidence graph of the 27 lines:
  - Each line meets exactly 10 = V(Pet) others!
  - The graph is the complement of the Schlaefli graph
  - Vertex count: 27 = KEY2^3
  - Degree: 10 = V(Pet)
  - Edge count: 27*10/2 = 135 = KEY2^3 * KEY_SUM

Properties of the 27-line configuration:
  Number of lines: 27 = KEY2^3
  Each line meets: 10 = V(Pet) others
  Total incidences: 135 = 135
    = KEY2^3 * KEY_SUM = 135
  Number of tritangent planes: 45 = KEY2^2 * KEY_SUM = T_9
  Number of Eckardt points: up to 18 = h(E7) = KEY1 * KEY2^2
  Number of double-sixes: 36 = |Phi+(E6)| = KEY1^2 * KEY2^2

  CROWN JEWELS:
  27 lines = KEY2^3
  10 intersections per line = V(Pet)
  36 double-sixes = |Phi+(E6)|
  45 tritangent planes = KEY2^2 * KEY_SUM

  The cubic surface IS the (2,3,5) universe incarnate!
  It lives in P^3 (chi = KEY1^2),
  has KEY2^3 lines each meeting V(Pet) others,
  with |Phi+(E6)| double-sixes and KEY2^2*KEY_SUM tritangent planes.

======================================================================
  Part 12: GRAND SYNTHESIS — CATEGORIES AS THE HOME OF (2,3)
======================================================================

======================================================================
  CATEGORIFICATION REVEALS (2,3) AS THE DNA OF MATHEMATICS
======================================================================

1. PROJECTIVE SPACES:
   chi(P^n) = n+1, so KEY1 = chi(P^1), KEY2 = chi(P^2), KEY_SUM = chi(P^4)
   H_forb_1 = |P^2(F_KEY1)| = points of the FANO PLANE

2. DERIVED CATEGORIES:
   D^b(P^1) has KEY1 exceptional objects, braid group B_{KEY1} acts
   D^b(P^2) has KEY2 exceptional objects, braid group B_{KEY2} acts
   B_{KEY2} → PSL(2,Z) = Z/KEY1 * Z/KEY2 (the modular group!)

3. CLUSTER ALGEBRAS:
   Cat(A_2) = KEY_SUM (the simplest finite cluster algebra)
   Cat(A_4) = 42 = h(G2) * H_forb_1
   Cat(E_6) = H_forb_1^2 * 17

4. KHOVANOV HOMOLOGY:
   rank(Kh(trefoil)) = h(G2) = KEY1 * KEY2
   rank(Kh(T(2,5))) = V(Pet)
   rank(Kh(T(2,7))) = dim(G2)
   The Khovanov rank sequence IS the tournament vocabulary!

5. ASSOCIAHEDRA:
   K_5 has 21 = H_forb_2 edges and 9 = KEY2^2 faces
   K_6 has 42 = f(9) vertices and 120 = |BI| 2-faces

6. HALL ALGEBRAS:
   Over F_{KEY1}: quantum group at q = sqrt(KEY1)
   Over F_{KEY2}: quantum group at q = sqrt(KEY2)

7. CUBIC SURFACE:
   KEY2^3 = 27 lines, each meeting V(Pet) = 10 others
   |Phi+(E6)| = 36 double-sixes
   W(E_6) symmetry with |W| = KEY1^7 * KEY2^4 * KEY_SUM

8. CALABI-YAU:
   CY dimension 2 = KEY1 (K3 with chi = |BT|)
   CY dimension 3 = KEY2 (string theory compactification)
   Quintic CY3 in P^{KEY_SUM-1} has chi = -KEY1^3 * KEY_SUM^2

THE DEEPEST LESSON:
  The tournament polynomial f(z) = (z-KEY1)(z-KEY2) is not just algebra.
  Its roots are the DIMENSIONS OF THE SIMPLEST CATEGORIFIED STRUCTURES:
  - KEY1 = dim of smallest nontrivial exceptional collection
  - KEY2 = dim of smallest interesting derived category
  - KEY_SUM = size of the first finite cluster algebra

  Category theory is the natural language in which (2,3) speaks.
  The tournament parity theorem lives at the intersection of
  TOPOLOGY (trefoil), ALGEBRA (quantum groups), and NUMBER THEORY (modular forms),
  and CATEGORIFICATION reveals why this intersection exists.

