======================================================================
EULER CHARACTERISTIC OF TOURNAMENTS: chi(T) = sum (-1)^p dim(Omega_p)
======================================================================

  n=3: chi distribution = {0: 2, 1: 6}
    Total: 8, chi ≥ 0: True

  n=4: chi distribution = {0: 24, 1: 40}
    Total: 64, chi ≥ 0: True

  n=5: chi distribution = {0: 304, 1: 720}
    Total: 1024, chi ≥ 0: True

  n=6: chi distribution = {0: 5120, 1: 27648}
    Total: 32768, chi ≥ 0: True

  n=7 (sampled):
    ... 0/500
    ... 100/500
    ... 200/500
    ... 300/500
    ... 400/500
  n=7: chi distribution = {0: 59, 1: 441}
    chi ≥ 0: True
    min chi: 0, max chi: 1

  Paley T_7:
    Omega dims: [7, 21, 42, 63, 63, 42, 21]
    chi = 7

======================================================================
CHI vs TOURNAMENT INVARIANTS
======================================================================

  n=6: chi by number of 3-cycles (t3):
    t3=0: chi distribution = {1: 720}
    t3=1: chi distribution = {1: 960}
    t3=2: chi distribution = {0: 80, 1: 2160}
    t3=3: chi distribution = {1: 2880}
    t3=4: chi distribution = {0: 720, 1: 5520}
    t3=5: chi distribution = {0: 480, 1: 3168}
    t3=6: chi distribution = {0: 2160, 1: 6480}
    t3=7: chi distribution = {0: 480, 1: 4320}
    t3=8: chi distribution = {0: 1200, 1: 1440}

  chi = 1 iff acyclic (beta_1 = beta_3 = 0)
  chi = 0 iff exactly one of beta_1, beta_3 = 1

======================================================================
OMEGA DIMENSIONS — IS THERE A PATTERN?
======================================================================

  n=3:
    dim(Omega_0): [3]
    dim(Omega_1): [3]
    dim(Omega_2): [0, 1]

  n=4:
    dim(Omega_0): [4]
    dim(Omega_1): [6]
    dim(Omega_2): [3, 4]
    dim(Omega_3): [0, 1]

  n=5:
    dim(Omega_0): [5]
    dim(Omega_1): [10]
    dim(Omega_2): [8, 9, 10]
    dim(Omega_3): [3, 4, 5, 7, 10]
    dim(Omega_4): [0, 1, 2, 5]

  n=6:
    dim(Omega_0): [6]
    dim(Omega_1): [15]
    dim(Omega_2): [18, 19, 20, 21, 22, 24]
    dim(Omega_3): min=9, max=33, |range|=14
    dim(Omega_4): min=0, max=27, |range|=14
    dim(Omega_5): [0, 1, 2, 3, 4, 5, 7, 9]
