======================================================================
INTERVAL TOURNAMENT Omega PROFILES
======================================================================

  n = 3, S = {1,...,1}:
    Omega: [3, 3, 0]
    Simp:  [3, 3, 1]
    chi = 0
    Omega_0/C(n,1) = 1.0000
    Omega_1/C(n,2) = 1.0000
    Omega_2/C(n,3) = 0.0000

  n = 5, S = {1,...,2}:
    Omega: [5, 10, 5, 5, 5]
    Simp:  [5, 10, 10, 5, 1]
    chi = 0
    Omega_0/C(n,1) = 1.0000
    Omega_1/C(n,2) = 1.0000
    Omega_2/C(n,3) = 0.5000
    Omega_3/C(n,4) = 1.0000
    Omega_4/C(n,5) = 5.0000

  n = 7, S = {1,...,3}:
    Omega: [7, 21, 21, 35, 56, 49, 14]
    Simp:  [7, 21, 35, 35, 21, 7, 1]
    chi = -7
    Omega_0/C(n,1) = 1.0000
    Omega_1/C(n,2) = 1.0000
    Omega_2/C(n,3) = 0.6000
    Omega_3/C(n,4) = 1.0000
    Omega_4/C(n,5) = 2.6667
    Omega_5/C(n,6) = 7.0000
    Omega_6/C(n,7) = 14.0000

  n = 9, S = {1,...,4}:
    Omega: [9, 36, 54, 126, 279, 450, 468, 288, 99]
    Simp:  [9, 36, 84, 126, 126, 84, 36, 9, 1]
    chi = 9
    Omega_0/C(n,1) = 1.0000
    Omega_1/C(n,2) = 1.0000
    Omega_2/C(n,3) = 0.6429
    Omega_3/C(n,4) = 1.0000
    Omega_4/C(n,5) = 2.2143
    Omega_5/C(n,6) = 5.3571
    Omega_6/C(n,7) = 13.0000
    Omega_7/C(n,8) = 32.0000
    Omega_8/C(n,9) = 99.0000

======================================================================
QR TOURNAMENT Omega PROFILES
======================================================================

  p = 5, QR = [1, 4]:
    Omega: [5, 10, 0, 0, 0]
    chi (partial) = -5

  p = 7, QR = [1, 2, 4]:
    Omega: [7, 21, 21, 21, 21, 21, 21]
    chi (partial) = 7

  p = 11, QR = [1, 3, 4, 5, 9]:
    Omega: [11, 55, 110, 220, 440, 715, 1100, 1485, 1210, 990, 330]
    chi (partial) = -264

  p = 13, QR = [1, 3, 4, 9, 10, 12]:
    Omega: [13, 78, 156, 156, 156, 156, 156]
    chi (partial) = 91

======================================================================
OTHER CIRCULANT TOURNAMENT PROFILES (n=7)
======================================================================

  S = [1, 2, 3]:
    Omega: [7, 21, 21, 35, 56, 49, 14]
    chi = -7

  S = [1, 3, 5]:
    Omega: [7, 21, 21, 35, 56, 49, 14]
    chi = -7

  S = [1, 2, 4]:
    Omega: [7, 21, 21, 21, 21, 21, 21]
    chi = 7

  S={2, 3, 4}: not a valid tournament set (S ∩ -S ≠ ∅)

======================================================================
n=9 INTERVAL TOURNAMENT (S={1,2,3,4})
======================================================================
  Computing Omega profile for n=9...
    Computing Omega_0... 9
    Computing Omega_1... 36
    Computing Omega_2... 54
    Computing Omega_3... 126
    Computing Omega_4... 279
    Computing Omega_5... 450
    Computing Omega_6... 468
    Computing Omega_7... 288
    Computing Omega_8... 99

  Omega: [9, 36, 54, 126, 279, 450, 468, 288, 99]
  Simp:  [9, 36, 84, 126, 126, 84, 36, 9, 1]
  chi = 9
  Omega_0/C(9,1) = 1.0000 (diff=+0)
  Omega_1/C(9,2) = 1.0000 (diff=+0)
  Omega_2/C(9,3) = 0.6429 (diff=-30)
  Omega_3/C(9,4) = 1.0000 (diff=+0)
  Omega_4/C(9,5) = 2.2143 (diff=+153)
  Omega_5/C(9,6) = 5.3571 (diff=+366)
  Omega_6/C(9,7) = 13.0000 (diff=+432)
  Omega_7/C(9,8) = 32.0000 (diff=+279)
  Omega_8/C(9,9) = 99.0000 (diff=+98)

DONE.
