p = 11, m = 5
Paley S = [1, 3, 4, 5, 9]
Interval S = [1, 2, 3, 4, 5]
Total orientations: 32

Anomaly depth distribution (from m=1-3 check):
  D >= 1: 10 orientations
  D >= 3: 22 orientations

================================================================================
DETAIL: Orientations with deep anomaly (D >= 2)
================================================================================
  S=[1, 6, 7, 8, 9]
    Δ = (-1, 1, -1), Ω = [1, 5, 20, 70]
  S=[2, 6, 7, 8, 10] [ANTI-PALEY]
    Δ = (-1, 1, -1), Ω = [1, 5, 20, 70]
  S=[3, 6, 7, 9, 10]
    Δ = (-1, 1, -1), Ω = [1, 5, 20, 70]
  S=[1, 3, 6, 7, 9]
    Δ = (-1, 1, -1), Ω = [1, 5, 20, 70]
  S=[1, 2, 3, 6, 7]
    Δ = (-1, 1, -1), Ω = [1, 5, 20, 70]
  S=[4, 6, 8, 9, 10]
    Δ = (-1, 1, -1), Ω = [1, 5, 20, 70]
  S=[1, 4, 6, 8, 9]
    Δ = (-1, 1, -1), Ω = [1, 5, 20, 70]
  S=[1, 2, 4, 6, 8]
    Δ = (-1, 1, -1), Ω = [1, 5, 20, 70]
  S=[3, 4, 6, 9, 10]
    Δ = (-1, 1, -1), Ω = [1, 5, 20, 70]
  S=[2, 3, 4, 6, 10]
    Δ = (-1, 1, -1), Ω = [1, 5, 20, 70]
  S=[1, 2, 3, 4, 6]
    Δ = (-1, 1, -1), Ω = [1, 5, 20, 70]
  S=[5, 7, 8, 9, 10]
    Δ = (-1, 1, -1), Ω = [1, 5, 20, 70]
  S=[1, 5, 7, 8, 9]
    Δ = (-1, 1, -1), Ω = [1, 5, 20, 70]
  S=[1, 2, 5, 7, 8]
    Δ = (-1, 1, -1), Ω = [1, 5, 20, 70]
  S=[3, 5, 7, 9, 10]
    Δ = (-1, 1, -1), Ω = [1, 5, 20, 70]
  S=[2, 3, 5, 7, 10]
    Δ = (-1, 1, -1), Ω = [1, 5, 20, 70]
  S=[1, 2, 3, 5, 7]
    Δ = (-1, 1, -1), Ω = [1, 5, 20, 70]
  S=[4, 5, 8, 9, 10]
    Δ = (-1, 1, -1), Ω = [1, 5, 20, 70]
  S=[2, 4, 5, 8, 10]
    Δ = (-1, 1, -1), Ω = [1, 5, 20, 70]
  S=[1, 2, 4, 5, 8]
    Δ = (-1, 1, -1), Ω = [1, 5, 20, 70]
  S=[1, 3, 4, 5, 9] [PALEY]
    Δ = (-1, 1, -1), Ω = [1, 5, 20, 70]
  S=[2, 3, 4, 5, 10]
    Δ = (-1, 1, -1), Ω = [1, 5, 20, 70]

================================================================================
DETAIL: Orientations with D = 1 (Interval-like)
================================================================================
  S=[1, 2, 3, 4, 5] [INTERVAL]
    Δ = (-1, 0, 0)
  S=[1, 2, 6, 7, 8]
    Δ = (-1, 0, 0)
  S=[1, 3, 4, 6, 9]
    Δ = (-1, 0, 0)
  S=[1, 3, 5, 7, 9]
    Δ = (-1, 0, 0)
  S=[1, 4, 5, 8, 9]
    Δ = (-1, 0, 0)
  S=[2, 3, 6, 7, 10]
    Δ = (-1, 0, 0)
  S=[2, 4, 6, 8, 10]
    Δ = (-1, 0, 0)
  S=[2, 5, 7, 8, 10]
    Δ = (-1, 0, 0)
  S=[3, 4, 5, 9, 10]
    Δ = (-1, 0, 0)
  S=[6, 7, 8, 9, 10] [ANTI-INTERVAL]
    Δ = (-1, 0, 0)
