
======================================================================
OLD PROJECTION BOUNDARY RESIDUAL AT n=7
======================================================================
  300 BAD (T,v) pairs, 87.9s
  dim_K: min=10, max=30, mean=21.0
  rk_d4: min=9, max=29, mean=20.0
  rk_residual: min=9, max=21, mean=15.2
  n_zero_residual: min=0, max=7, mean=3.3
  rk_K_old: min=10, max=28, mean=20.5
  rk_ker_Tv: min=1, max=7, mean=5.3
  rk_d4_Tv: min=0, max=6, mean=4.3
  beta3_Tv: min=1, max=1, mean=1.0
  dim_intersection: min=1, max=7, mean=5.3

  rk(π_old(K)) - rk(ker(d_3^Tv)):
    {9: 26, 11: 47, 12: 51, 13: 11, 15: 15, 17: 24, 18: 31, 19: 62, 20: 19, 21: 14}

  dim(π_old(K) ∩ ker(d_3^Tv)):
    {1: 84, 7: 216}

  rk(residual) = rk(d_3^Tv(π_old(K))):
    {9: 26, 11: 47, 12: 51, 13: 11, 15: 15, 17: 24, 18: 31, 19: 62, 20: 19, 21: 14}

  Non-T\v-cycle directions in π_old(K):
    {9: 26, 11: 47, 12: 51, 13: 11, 15: 15, 17: 24, 18: 31, 19: 62, 20: 19, 21: 14}
    rk_residual: {9: 26, 11: 47, 12: 51, 13: 11, 15: 15, 17: 24, 18: 31, 19: 62, 20: 19, 21: 14}
    (These should be equal)

======================================================================
OLD PROJECTION BOUNDARY RESIDUAL AT n=8
======================================================================
  202 BAD (T,v) pairs, 88.7s
  dim_K: min=31, max=87, mean=58.0
  rk_d4: min=30, max=86, mean=57.0
  rk_residual: min=19, max=47, mean=33.1
  n_zero_residual: min=0, max=30, mean=14.5
  rk_K_old: min=31, max=77, mean=55.8
  rk_ker_Tv: min=10, max=30, mean=22.1
  rk_d4_Tv: min=9, max=29, mean=21.1
  beta3_Tv: min=1, max=1, mean=1.0
  dim_intersection: min=10, max=30, mean=22.1

  rk(π_old(K)) - rk(ker(d_3^Tv)):
    {19: 2, 20: 1, 21: 2, 22: 5, 23: 2, 24: 8, 25: 5, 26: 5, 27: 9, 29: 6, 30: 10, 31: 6, 32: 12, 33: 10, 34: 12, 35: 25, 36: 19, 37: 19, 38: 2, 39: 9, 40: 7, 41: 12, 42: 1, 43: 6, 44: 1, 45: 2, 46: 1, 48: 1, 51: 2}

  dim(π_old(K) ∩ ker(d_3^Tv)):
    {10: 3, 12: 17, 14: 6, 15: 3, 17: 27, 19: 22, 22: 22, 23: 5, 25: 10, 26: 46, 28: 20, 29: 18, 30: 3}

  rk(residual) = rk(d_3^Tv(π_old(K))):
    {19: 2, 20: 1, 21: 2, 22: 5, 23: 3, 24: 7, 25: 6, 26: 7, 27: 6, 28: 2, 29: 11, 30: 6, 31: 6, 32: 13, 33: 16, 34: 17, 35: 20, 36: 24, 37: 9, 38: 8, 39: 6, 40: 8, 41: 9, 42: 2, 43: 2, 44: 2, 47: 2}

  Non-T\v-cycle directions in π_old(K):
    {19: 2, 20: 1, 21: 2, 22: 5, 23: 2, 24: 8, 25: 5, 26: 5, 27: 9, 29: 6, 30: 10, 31: 6, 32: 12, 33: 10, 34: 12, 35: 25, 36: 19, 37: 19, 38: 2, 39: 9, 40: 7, 41: 12, 42: 1, 43: 6, 44: 1, 45: 2, 46: 1, 48: 1, 51: 2}
    rk_residual: {19: 2, 20: 1, 21: 2, 22: 5, 23: 3, 24: 7, 25: 6, 26: 7, 27: 6, 28: 2, 29: 11, 30: 6, 31: 6, 32: 13, 33: 16, 34: 17, 35: 20, 36: 24, 37: 9, 38: 8, 39: 6, 40: 8, 41: 9, 42: 2, 43: 2, 44: 2, 47: 2}
    (These should be equal)

DONE.
