<stdin>:8: SyntaxWarning: invalid escape sequence '\ '
Paley p=11, S=[1, 3, 4, 5, 9]

=== COMPLEMENT CYCLE ANALYSIS FOR k=5 ===

D(V) values and their structure:

  D=2, w_full=591, count=22
    n(V) values: [2]
    n6(complement): [0]
    n3(complement): [5]
    comp 5-subset patterns: [(0, 0, 0, 0, 0, 2)]

  D=4, w_full=589, count=55
    n(V) values: [1]
    n6(complement): [3]
    n3(complement): [6]
    comp 5-subset patterns: [(0, 0, 1, 1, 1, 1)]

  D=6, w_full=587, count=55
    n(V) values: [3]
    n6(complement): [2]
    n3(complement): [6]
    comp 5-subset patterns: [(0, 0, 1, 1, 2, 2)]

  D=7, w_full=586, count=110
    n(V) values: [2]
    n6(complement): [3]
    n3(complement): [6]
    comp 5-subset patterns: [(0, 0, 1, 1, 2, 3)]

  D=9, w_full=584, count=110
    n(V) values: [1]
    n6(complement): [4]
    n3(complement): [7]
    comp 5-subset patterns: [(0, 1, 1, 2, 2, 3)]


=== IS D(V) = f(n6_comp)? ===
  n6_comp=0: D values = [2], count=22
  n6_comp=2: D values = [6], count=55
  n6_comp=3: D values = [4, 7], count=165
  n6_comp=4: D values = [9], count=110

=== IS D(V) = f(n3_comp)? ===
  n3_comp=5: D values = [2], count=22
  n3_comp=6: D values = [4, 6, 7], count=220
  n3_comp=7: D values = [9], count=110


=== DIFFERENCE MULTISET ANALYSIS ===
  Number of distinct difference multisets: 21
  D constant within each diff multiset? True

  Number of distinct gap sequences: 32

  Gap sequence -> D(V):
    (1, 1, 1, 1, 7): D=[4], n(V)=[1], count=11
    (1, 1, 1, 2, 6): D=[9], n(V)=[1], count=11
    (1, 1, 1, 3, 5): D=[7], n(V)=[2], count=11
    (1, 1, 1, 4, 4): D=[6], n(V)=[3], count=11
    (1, 1, 1, 5, 3): D=[7], n(V)=[2], count=11
    (1, 1, 1, 6, 2): D=[9], n(V)=[1], count=11
    (1, 1, 2, 2, 5): D=[7], n(V)=[2], count=11
    (1, 1, 2, 3, 4): D=[2], n(V)=[2], count=11
    (1, 1, 2, 4, 3): D=[7], n(V)=[2], count=11
    (1, 1, 2, 5, 2): D=[6], n(V)=[3], count=11
    (1, 1, 3, 1, 5): D=[9], n(V)=[1], count=11
    (1, 1, 3, 3, 3): D=[6], n(V)=[3], count=11
    (1, 1, 3, 4, 2): D=[7], n(V)=[2], count=11
    (1, 1, 4, 1, 4): D=[4], n(V)=[1], count=11
    (1, 1, 4, 3, 2): D=[2], n(V)=[2], count=11
    (1, 1, 5, 1, 3): D=[9], n(V)=[1], count=11
    (1, 1, 5, 2, 2): D=[7], n(V)=[2], count=11
    (1, 2, 1, 3, 4): D=[9], n(V)=[1], count=11
    (1, 2, 1, 4, 3): D=[9], n(V)=[1], count=11
    (1, 2, 2, 1, 5): D=[6], n(V)=[3], count=11
    (1, 2, 2, 2, 4): D=[9], n(V)=[1], count=11
    (1, 2, 2, 3, 3): D=[7], n(V)=[2], count=11
    (1, 2, 3, 1, 4): D=[7], n(V)=[2], count=11
    (1, 2, 3, 2, 3): D=[9], n(V)=[1], count=11
    (1, 2, 3, 3, 2): D=[4], n(V)=[1], count=11
    (1, 3, 1, 3, 3): D=[4], n(V)=[1], count=11
    (1, 3, 2, 1, 4): D=[7], n(V)=[2], count=11
    (1, 3, 2, 2, 3): D=[6], n(V)=[3], count=11
    (1, 3, 2, 3, 2): D=[9], n(V)=[1], count=11
    (1, 3, 3, 2, 2): D=[7], n(V)=[2], count=11
    (1, 4, 2, 2, 2): D=[9], n(V)=[1], count=11
    (2, 2, 2, 2, 3): D=[4], n(V)=[1], count=11


=== QR STRUCTURE OF D ===
  QR count in pairwise differences -> D:
    n_QR=10: D=[2, 4, 6, 7, 9], n(V)=[1, 2, 3], count=352

DONE.
