
============================================================
  Paley, p=7, S=[1, 2, 4]
============================================================
  c_3 = 14
  c_5 = 42
  c_7 = 24

  Conflict ratio comparison: actual vs hypergeometric model
    k  k2     actual   hypergeo      delta  k+k2  <=p?
    3   3   0.923077   0.885714   0.037363     6   yes
    3   5   1.000000   1.000000   0.000000     8    no
    3   7   1.000000   1.000000   0.000000    10    no
    5   5   1.000000   1.000000   0.000000    10    no
    5   7   1.000000   1.000000   0.000000    12    no
    7   7   1.000000   1.000000   0.000000    14    no

============================================================
  Interval, p=7, S=[1, 2, 3]
============================================================
  c_3 = 14
  c_5 = 28
  c_7 = 17

  Conflict ratio comparison: actual vs hypergeometric model
    k  k2     actual   hypergeo      delta  k+k2  <=p?
    3   3   0.846154   0.885714  -0.039560     6   yes
    3   5   1.000000   1.000000   0.000000     8    no
    3   7   1.000000   1.000000   0.000000    10    no
    5   5   1.000000   1.000000   0.000000    10    no
    5   7   1.000000   1.000000   0.000000    12    no
    7   7   1.000000   1.000000   0.000000    14    no

============================================================
  Paley, p=11, S=[1, 3, 4, 5, 9]
============================================================
  c_3 = 55
  c_5 = 594
  c_7 = 3960
  c_9 = 11055
  c_11 = 5505

  Conflict ratio comparison: actual vs hypergeometric model
    k  k2     actual   hypergeo      delta  k+k2  <=p?
    3   3   0.666667   0.660606   0.006061     6   yes
    3   5   0.888889   0.878788   0.010101     8   yes
    3   7   0.977778   0.975758   0.002020    10   yes
    3   9   1.000000   1.000000   0.000000    12    no
    3  11   1.000000   1.000000   0.000000    14    no
    5   5   0.989132   0.987013   0.002119    10   yes
    5   7   1.000000   1.000000   0.000000    12    no
    5   9   1.000000   1.000000   0.000000    14    no
    5  11   1.000000   1.000000   0.000000    16    no
    7   7   1.000000   1.000000   0.000000    14    no
    7   9   1.000000   1.000000   0.000000    16    no
    7  11   1.000000   1.000000   0.000000    18    no
    9   9   1.000000   1.000000   0.000000    18    no
    9  11   1.000000   1.000000   0.000000    20    no
   11  11   1.000000   1.000000   0.000000    22    no

============================================================
  Interval, p=11, S=[1, 2, 3, 4, 5]
============================================================
  c_3 = 55
  c_5 = 484
  c_7 = 3399
  c_9 = 9350
  c_11 = 5109

  Conflict ratio comparison: actual vs hypergeometric model
    k  k2     actual   hypergeo      delta  k+k2  <=p?
    3   3   0.629630   0.660606  -0.030976     6   yes
    3   5   0.869421   0.878788  -0.009366     8   yes
    3   7   0.970933   0.975758  -0.004825    10   yes
    3   9   1.000000   1.000000   0.000000    12    no
    3  11   1.000000   1.000000   0.000000    14    no
    5   5   0.985884   0.987013  -0.001129    10   yes
    5   7   1.000000   1.000000   0.000000    12    no
    5   9   1.000000   1.000000   0.000000    14    no
    5  11   1.000000   1.000000   0.000000    16    no
    7   7   1.000000   1.000000   0.000000    14    no
    7   9   1.000000   1.000000   0.000000    16    no
    7  11   1.000000   1.000000   0.000000    18    no
    9   9   1.000000   1.000000   0.000000    18    no
    9  11   1.000000   1.000000   0.000000    20    no
   11  11   1.000000   1.000000   0.000000    22    no

============================================================
  RATIO STABILITY TEST at p=7
============================================================

     (k1,k2)        min        max      range  constant?
      (3, 3)   0.846154   0.923077   0.076923         NO
      (3, 5)   1.000000   1.000000   0.000000        YES
      (3, 7)   1.000000   1.000000   0.000000        YES
      (5, 5)   1.000000   1.000000   0.000000        YES
      (5, 7)   1.000000   1.000000   0.000000        YES
      (7, 7)   1.000000   1.000000   0.000000        YES

============================================================
  RATIO STABILITY TEST at p=11
============================================================

     (k1,k2)        min        max      range  constant?
      (3, 3)   0.629630   0.666667   0.037037         NO
      (3, 5)   0.869421   0.888889   0.019467         NO
      (3, 7)   0.970933   0.977778   0.006845         NO
      (3, 9)   1.000000   1.000000   0.000000        YES
     (3, 11)   1.000000   1.000000   0.000000        YES
      (5, 5)   0.985884   0.989132   0.003249         NO
      (5, 7)   1.000000   1.000000   0.000000        YES
      (5, 9)   1.000000   1.000000   0.000000        YES
     (5, 11)   1.000000   1.000000   0.000000        YES
      (7, 7)   1.000000   1.000000   0.000000        YES
      (7, 9)   1.000000   1.000000   0.000000        YES
     (7, 11)   1.000000   1.000000   0.000000        YES
      (9, 9)   1.000000   1.000000   0.000000        YES
     (9, 11)   1.000000   1.000000   0.000000        YES
    (11, 11)   1.000000   1.000000   0.000000        YES

DONE.
