======================================================================
CONSECUTIVE SEESAW VERIFICATION — MOD-P ARITHMETIC
HYP-394: beta_k * beta_{k+1} = 0 for all k >= 1, all tournaments
======================================================================

  n=6: EXHAUSTIVE verified (S54 + above), 0 violations

--- n=7: sampling 500 tournaments ---
  100/500, 3.5s, violations=0
  200/500, 6.7s, violations=0
  300/500, 10.7s, violations=0
  400/500, 14.3s, violations=0
  500/500, 18.3s, violations=0
  Total: 500 in 18.3s, violations=0
  Betti profiles (top 10):
    (1, 0, 0, 0, 0, 0, 0): 438
    (1, 0, 0, 1, 0, 0, 0): 33
    (1, 1, 0, 0, 0, 0, 0): 28
    (1, 0, 0, 0, 6, 0, 0): 1

--- n=8: sampling 2000 tournaments, max_p=7 ---
  200/2000 checked, 140.5s, violations=0
  400/2000 checked, 275.1s, violations=0
  VIOLATION #1: profile=(1, 0, 0, 1, 1, 0, 0, 0), violations=[(3, 1, 1)]
  600/2000 checked, 411.9s, violations=1
  800/2000 checked, 556.2s, violations=1
  1000/2000 checked, 698.5s, violations=1
  1200/2000 checked, 840.7s, violations=1
  1400/2000 checked, 969.4s, violations=1
  1600/2000 checked, 1118.8s, violations=1
  1800/2000 checked, 1263.7s, violations=1
  VIOLATION #2: profile=(1, 0, 0, 1, 1, 0, 0, 0), violations=[(3, 1, 1)]
  2000/2000 checked, 1400.8s, violations=2

  Total: 2000 checked in 1400.8s
  Consecutive seesaw violations: 2

  Betti profile distribution (top 20):
    (1, 0, 0, 0, 0, 0, 0, 0): 1598
    (1, 0, 0, 1, 0, 0, 0, 0): 354
    (1, 1, 0, 0, 0, 0, 0, 0): 25
    (1, 0, 0, 0, 1, 0, 0, 0): 16
    (1, 0, 0, 0, 2, 0, 0, 0): 3
    (1, 0, 0, 1, 1, 0, 0, 0): 2
    (1, 0, 0, 0, 5, 0, 0, 0): 1
    (1, 0, 0, 0, 4, 0, 0, 0): 1

  Adjacency product violations by (k, k+1):
    (3, 4): 2

--- n=9: sampling 50 tournaments (SLOW) ---
  10/50, 250.8s, violations=0
  20/50, 442.9s, violations=0
  30/50, 646.8s, violations=0
  40/50, 852.6s, violations=0
  50/50, 1104.5s, violations=0
  Total: 50 in 1104.5s, violations=0
  Betti profiles (top 10):
    (1, 0, 0, 0, 0, 0, 0, 0, 0): 37
    (1, 0, 0, 1, 0, 0, 0, 0, 0): 8
    (1, 0, 0, 0, 1, 0, 0, 0, 0): 3
    (1, 0, 0, 0, 2, 0, 0, 0, 0): 2

======================================================================
SUMMARY
======================================================================
  n=6 exhaustive: 0 violations
  n=7 (500 samples): 0 violations
  n=8 (2000 samples): 2 violations
  n=9 (50 samples): 0 violations

  *** VIOLATIONS FOUND — investigate! ***

DONE.
