======================================================================
EXACT |S|=2k CONTRIBUTIONS AND CLOSED FORMS
======================================================================

n=3:
  |S|=0: 1 = 1.000000000000
         × (n)_0/2 = 1/2
  |S|=2: 1/3 = 0.333333333333
         × (n)_2/2 = 1

n=4:
  |S|=0: 1 = 1.000000000000
         × (n)_0/2 = 1/2
  |S|=2: 1/3 = 0.333333333333
         × (n)_2/2 = 2

n=5:
  |S|=0: 1 = 1.000000000000
         × (n)_0/2 = 1/2
  |S|=2: 3/10 = 0.300000000000
         × (n)_2/2 = 3
  |S|=4: 1/60 = 0.016666666667
         × (n)_4/2 = 1

n=6:
  |S|=0: 1 = 1.000000000000
         × (n)_0/2 = 1/2
  |S|=2: 4/15 = 0.266666666667
         × (n)_2/2 = 4
  |S|=4: 1/45 = 0.022222222222
         × (n)_4/2 = 4

n=7:
  |S|=0: 1 = 1.000000000000
         × (n)_0/2 = 1/2
  |S|=2: 5/21 = 0.238095238095
         × (n)_2/2 = 5
  |S|=4: 3/140 = 0.021428571429
         × (n)_4/2 = 9
  |S|=6: 1/2520 = 0.000396825397
         × (n)_6/2 = 1

n=8:
  |S|=0: 1 = 1.000000000000
         × (n)_0/2 = 1/2
  |S|=2: 3/14 = 0.214285714286
         × (n)_2/2 = 6
  |S|=4: 2/105 = 0.019047619048
         × (n)_4/2 = 16
  |S|=6: 1/1680 = 0.000595238095
         × (n)_6/2 = 6

n=9:
  |S|=0: 1 = 1.000000000000
         × (n)_0/2 = 1/2
  |S|=2: 7/36 = 0.194444444444
         × (n)_2/2 = 7
  |S|=4: 25/1512 = 0.016534391534
         × (n)_4/2 = 25
  |S|=6: 19/30240 = 0.000628306878
         × (n)_6/2 = 19
  |S|=8: 1/181440 = 0.000005511464
         × (n)_8/2 = 1

n=10:
  |S|=0: 1 = 1.000000000000
         × (n)_0/2 = 1/2
  |S|=2: 8/45 = 0.177777777778
         × (n)_2/2 = 8
  |S|=4: 1/70 = 0.014285714286
         × (n)_4/2 = 36
  |S|=6: 11/18900 = 0.000582010582
         × (n)_6/2 = 44
  |S|=8: 1/113400 = 0.000008818342
         × (n)_8/2 = 8

======================================================================
SCALED CONTRIBUTIONS: g_k(n) = |S|=2k × (n)_{2k} / 2
======================================================================

k=1 (|S|=2):
  n=3, m=n-2=1: g = 1
  n=4, m=n-2=2: g = 2
  n=5, m=n-2=3: g = 3
  n=6, m=n-2=4: g = 4
  n=7, m=n-2=5: g = 5
  n=8, m=n-2=6: g = 6
  n=9, m=n-2=7: g = 7
  n=10, m=n-2=8: g = 8

  Pattern analysis for g_1(m):
    Degree 1 polynomial EXACT: g_1(m) = x

k=2 (|S|=4):
  n=5, m=n-4=1: g = 1
  n=6, m=n-4=2: g = 4
  n=7, m=n-4=3: g = 9
  n=8, m=n-4=4: g = 16
  n=9, m=n-4=5: g = 25
  n=10, m=n-4=6: g = 36

  Pattern analysis for g_2(m):
    Degree 2 polynomial EXACT: g_2(m) = x**2

k=3 (|S|=6):
  n=7, m=n-6=1: g = 1
  n=8, m=n-6=2: g = 6
  n=9, m=n-6=3: g = 19
  n=10, m=n-6=4: g = 44

  Pattern analysis for g_3(m):
    Degree 3 through all points: g_3(m) = x*(2*x**2 + 1)/3

k=4 (|S|=8):
  n=9, m=n-8=1: g = 1
  n=10, m=n-8=2: g = 8

======================================================================
SUMMARY TABLE
======================================================================

  n            |S|=2            |S|=4            |S|=6            |S|=8              Sum
  3     0.3333333333     0.0000000000     0.0000000000     0.0000000000     1.3333333333
  4     0.3333333333     0.0000000000     0.0000000000     0.0000000000     1.3333333333
  5     0.3000000000     0.0166666667     0.0000000000     0.0000000000     1.3166666667
  6     0.2666666667     0.0222222222     0.0000000000     0.0000000000     1.2888888889
  7     0.2380952381     0.0214285714     0.0003968254     0.0000000000     1.2599206349
  8     0.2142857143     0.0190476190     0.0005952381     0.0000000000     1.2339285714
  9     0.1944444444     0.0165343915     0.0006283069     0.0000055115     1.2116126543
 10     0.1777777778     0.0142857143     0.0005820106     0.0000088183     1.1926543210

Verification of closed forms:
  n=3: |S|=2: pred=1/3, actual=1/3, ✓
  n=4: |S|=2: pred=1/3, actual=1/3, ✓
  n=5: |S|=2: pred=3/10, actual=3/10, ✓
         |S|=4: pred=1/60, actual=1/60, ✓
  n=6: |S|=2: pred=4/15, actual=4/15, ✓
         |S|=4: pred=1/45, actual=1/45, ✓
  n=7: |S|=2: pred=5/21, actual=5/21, ✓
         |S|=4: pred=3/140, actual=3/140, ✓
  n=8: |S|=2: pred=3/14, actual=3/14, ✓
         |S|=4: pred=2/105, actual=2/105, ✓
  n=9: |S|=2: pred=7/36, actual=7/36, ✓
         |S|=4: pred=25/1512, actual=25/1512, ✓
  n=10: |S|=2: pred=8/45, actual=8/45, ✓
         |S|=4: pred=1/70, actual=1/70, ✓

Done!
