======================================================================
PART 1: DIRECTED 5-CYCLE DISTRIBUTION AT n=5 (all 1024 tournaments)
======================================================================
  Computed in 0.1s

  #(directed 5-cycles)  count  fraction
                     0    480  0.469
                     1    360  0.352
                     2    144  0.141
                     3     40  0.039

======================================================================
PART 2: FULL CYCLE STRUCTURE AT n=5
======================================================================

   dc3  dc5   α₁   α₂     H   cnt
     0    0    0    0     1   120
     1    0    1    0     3   120
     2    0    2    0     5   240
     3    1    4    0     9   240
     4    1    5    0    11   120
     4    2    6    0    13   120
     4    3    7    0    15    40
     5    2    7    0    15    24

======================================================================
PART 3: DIRECTED CYCLE STRUCTURE AT n=7 (200 samples)
======================================================================
  trial 0: 0.0s, H=157, dc3=13, dc5=26, dc7=15, α₁=54, α₂=12
  trial 50: 0.3s, H=111, dc3=11, dc5=23, dc7=9, α₁=43, α₂=6
  trial 100: 0.6s, H=111, dc3=11, dc5=19, dc7=9, α₁=39, α₂=8
  trial 150: 0.9s, H=137, dc3=12, dc5=29, dc7=13, α₁=54, α₂=7
  Done: 1.1s

  H = 1 + 2α₁ + 4α₂ verified: True

  Statistics at n=7:
     dc3: mean=     8.7, range=[    2,    13]
     dc5: mean=    15.6, range=[    0,    33]
     dc7: mean=     5.7, range=[    0,    15]
      a1: mean=    30.0, range=[    2,    60]
      a2: mean=     4.5, range=[    0,    12]
       H: mean=    79.0, range=[    5,   157]

======================================================================
PART 4: DIRECTED vs VERTEX-SET RATIO BY CYCLE LENGTH
======================================================================

  n=5: distribution of #(directed Ham cycles) on all 5 vertices:
    Total directed 5-cycles across all tournaments: 768
    Total vertex-sets with ≥1 5-cycle: 544
    Mean directed cycles per vertex-set (conditional): 1.41

  n=7: directed/vertex-set ratios from 200 samples:
    5-cycles: dc/vc ratio: mean=17.117, range=[0.0, 33.0]
    7-cycles: dc7 (when ≥1): mean=7.2, range=[1, 15]

======================================================================
PART 5: THE OCF WITH DIRECTED CYCLES
======================================================================

  H = I(Ω(T), 2) where Ω has vertices = directed odd cycles

  H = 1 + 2α₁ + 4α₂ + 8α₃ + ...

  where α₁ = total #(directed odd cycles)
        α₂ = #{vertex-disjoint pairs of directed odd cycles}
        α₃ = #{vertex-disjoint triples} (needs n≥9)

  The key point: α₁ is NOT c3 + c5_vsets + c7_vsets.
  It IS: α₁ = c3_directed + c5_directed + c7_directed
  where c_k_directed counts ALL distinct directed k-cycles.

  For 3-cycles: c3_directed = c3_vsets (always, in tournaments)
  For k≥5: c_k_directed ≥ c_k_vsets (can be much larger!)

  CONSEQUENCE: The 'Vandermonde extraction' with correct α₁ gives:
    α₂ = (H - 1 - 2α₁) / 4

  And I(Ω, 3) = 1 + 3α₁ + 9α₂ (at n≤8 where α₃=0)
    = 1 + 3α₁ + 9(H-1-2α₁)/4
    = 1 + 3α₁ + (9H-9-18α₁)/4
    = (4 + 12α₁ + 9H - 9 - 18α₁)/4
    = (9H - 5 - 6α₁)/4

  So I(Ω, 3) = (9H - 5 - 6α₁) / 4

  Verification of I₃ = (9H - 5 - 6α₁)/4:
  200/200 correct

  I₃/H = (9 - 5/H - 6α₁/H) / 4
  As H → ∞: I₃/H → 9/4 - 6α₁/(4H)
  If α₁ ~ cH for some constant c: I₃/H → (9 - 6c)/4
  For c=1/2 (α₁≈H/2): I₃/H → (9-3)/4 = 3/2 ← the '3/2 ratio'!

  α₁/H ratio at n=7: mean=0.3903
  (H-1)/(2H) for comparison: mean=0.4896

  INSIGHT: α₁ ≈ H/2 (since α₂ << H), so I₃/H ≈ 3/2
  The 3/2 ratio is a CONSEQUENCE of α₂ being small relative to H!

Done.
