======================================================================
dc3-dc5 COUPLING ANALYSIS AT n=5
kind-pasteur-2026-03-14-S68
======================================================================

======================================================================
PART 1: WHEN dc3 = +3
======================================================================

  Total dc3=+3 cases: 160
  dc5 distribution when dc3=+3: {1: 120, 3: 40}

  dc3=+3, dc5=1: 120 cases
    bits=0: flip (0,4), c3: 0->3, c5: 0->1, scores=(np.int8(0), np.int8(1), np.int8(2), np.int8(3), np.int8(4))
      Before flip: 0->4
      Triangle {0,4,1}: cycle before=0, after=1
      Triangle {0,4,2}: cycle before=0, after=1
      Triangle {0,4,3}: cycle before=0, after=1
    bits=1: flip (1,4), c3: 0->3, c5: 0->1, scores=(np.int8(1), np.int8(0), np.int8(2), np.int8(3), np.int8(4))
      Before flip: 1->4
      Triangle {1,4,0}: cycle before=0, after=1
      Triangle {1,4,2}: cycle before=0, after=1
      Triangle {1,4,3}: cycle before=0, after=1
    bits=3: flip (1,4), c3: 0->3, c5: 0->1, scores=(np.int8(2), np.int8(0), np.int8(1), np.int8(3), np.int8(4))
      Before flip: 1->4
      Triangle {1,4,0}: cycle before=0, after=1
      Triangle {1,4,2}: cycle before=0, after=1
      Triangle {1,4,3}: cycle before=0, after=1

  dc3=+3, dc5=3: 40 cases
    bits=5: flip (1,4), c3: 1->4, c5: 0->3, scores=(np.int8(2), np.int8(0), np.int8(2), np.int8(2), np.int8(4))
      Before flip: 1->4
      Triangle {1,4,0}: cycle before=0, after=1
      Triangle {1,4,2}: cycle before=0, after=1
      Triangle {1,4,3}: cycle before=0, after=1
    bits=22: flip (2,4), c3: 1->4, c5: 0->3, scores=(np.int8(2), np.int8(2), np.int8(0), np.int8(2), np.int8(4))
      Before flip: 2->4
      Triangle {2,4,0}: cycle before=0, after=1
      Triangle {2,4,1}: cycle before=0, after=1
      Triangle {2,4,3}: cycle before=0, after=1
    bits=32: flip (0,4), c3: 1->4, c5: 0->3, scores=(np.int8(0), np.int8(2), np.int8(2), np.int8(2), np.int8(4))
      Before flip: 0->4
      Triangle {0,4,1}: cycle before=0, after=1
      Triangle {0,4,2}: cycle before=0, after=1
      Triangle {0,4,3}: cycle before=0, after=1

======================================================================
PART 2: STRUCTURAL REASON FOR COUPLING
======================================================================

  THEOREM: dc3 = +3 iff:
    Before flip of arc (u,v) with u->v:
    - u beats ALL other vertices (u->w for all w != v): u is "near-source"
    - v loses to ALL other vertices (w->v for all w != u): v is "near-sink"
    - But u->v (so u truly dominates v)

    After flip: v->u. Now u still beats all w != v, v still loses to all w != u,
    but v->u. So for each w: v->u->w->v is a directed 3-cycle.

  In score terms at n=5:
    score(u) = 4 (beats everyone)
    score(v) = 0 (loses to everyone)
    The tournament is determined by the tournament on {w1,w2,w3}.

  FAIL: bits=0, flip=(0,4)
    A[0][1]=0, A[1][4]=0
    A[0][2]=0, A[2][4]=0
    A[0][3]=0, A[3][4]=0
  FAIL: bits=1, flip=(1,4)
    A[1][0]=0, A[0][4]=0
    A[1][2]=0, A[2][4]=0
    A[1][3]=0, A[3][4]=0
  FAIL: bits=3, flip=(1,4)
    A[1][0]=0, A[0][4]=0
    A[1][2]=0, A[2][4]=0
    A[1][3]=0, A[3][4]=0
  Verification: 80/160 cases confirmed (failures: 80)

======================================================================
PART 3: WHY dc5 != +2 WHEN dc3 = +3
======================================================================

  PROOF that dc5 != 2 when dc3 = +3:

  Given: dc3 = +3 implies u is a source (score 4), v is a sink (score 0),
  and the arc being flipped is u->v.

  BEFORE flip: v is a true sink (score 0). No directed cycle can pass
  through v (v has no outgoing edges). Therefore c5 = 0.

  AFTER flip: v has exactly one outgoing edge (v->u), score(v) = 1.
  A directed 5-cycle must visit all 5 vertices. The only path through v is:
    ... -> w_c -> v -> u -> w_a -> w_b -> ...
  where {w_a, w_b, w_c} are the 3 other vertices.

  Since u beats all w_i, and all w_i beat v, the 5-cycle reduces to:
    w_c -> v -> u -> w_a -> w_b -> w_c
  which exists iff w_a -> w_b -> w_c is a directed path
  (i.e., a Hamiltonian path in the sub-tournament on 3 vertices).

  By Redei's theorem, a tournament on 3 vertices has either 1 or 3
  Hamiltonian paths:
    - Star (non-cyclic): exactly 1 Hamiltonian path
    - Directed 3-cycle: exactly 3 Hamiltonian paths

  Therefore: c5_after in {1, 3}, so dc5 = c5_after - 0 in {1, 3}.
  dc5 = 2 is IMPOSSIBLE when dc3 = +3.

  QED.

  Corollary: da1 = dc3 + dc5 in {4, 6} when dc3 = +3.
  By symmetry: da1 in {-4, -6} when dc3 = -3.
  Therefore da1 = +/-5 is impossible at n=5.

  Verification of 5-cycle count via Hamiltonian paths:
    flip (0,4): sub on [1, 2, 3] is star, expected dc5=1, actual dc5=1, MATCH=True
    flip (1,4): sub on [0, 2, 3] is star, expected dc5=1, actual dc5=1, MATCH=True
    flip (1,4): sub on [0, 2, 3] is star, expected dc5=1, actual dc5=1, MATCH=True
    flip (1,4): sub on [0, 2, 3] is 3-cycle, expected dc5=3, actual dc5=3, MATCH=True
    flip (1,4): sub on [0, 2, 3] is star, expected dc5=1, actual dc5=1, MATCH=True
    flip (0,1): sub on [2, 3, 4] is star, expected dc5=1, actual dc5=1, MATCH=True
    flip (0,4): sub on [1, 2, 3] is star, expected dc5=1, actual dc5=1, MATCH=True
    flip (2,4): sub on [0, 1, 3] is star, expected dc5=1, actual dc5=1, MATCH=True
    flip (2,4): sub on [0, 1, 3] is star, expected dc5=1, actual dc5=1, MATCH=True
    flip (2,4): sub on [0, 1, 3] is 3-cycle, expected dc5=3, actual dc5=3, MATCH=True

======================================================================
PART 4: COMPLETE (dc3, dc5) COUPLING TABLE
======================================================================

  (dc3, dc5) coupling table at n=5 (count = flips/2):
  dc3\dc5 | -3 | -2 | -1 | +0 | +1 | +2 | +3 | da1
Traceback (most recent call last):
  File "C:\Users\Eliott\Documents\GitHub\math\04-computation\dc3_dc5_coupling.py", line 446, in <module>
    main()
    ~~~~^^
  File "C:\Users\Eliott\Documents\GitHub\math\04-computation\dc3_dc5_coupling.py", line 358, in main
    print(f"  {'\u2500' * len(header)}")
    ~~~~~^^^^^^^^^^^^^^^^^^^^^^^^^^
  File "C:\Program Files\WindowsApps\PythonSoftwareFoundation.Python.3.13_3.13.3312.0_x64__qbz5n2kfra8p0\Lib\encodings\cp1252.py", line 19, in encode
    return codecs.charmap_encode(input,self.errors,encoding_table)[0]
           ~~~~~~~~~~~~~~~~~~~~~^^^^^^^^^^^^^^^^^^^^^^^^^^^^^^^^^^
UnicodeEncodeError: 'charmap' codec can't encode characters in position 2-49: character maps to <undefined>
  through v (v has no outgoing edges). Therefore c5 = 0.

  AFTER flip: v has exactly one outgoing edge (v->u), score(v) = 1.
  A directed 5-cycle must visit all 5 vertices. The only path through v is:
    ... -> w_c -> v -> u -> w_a -> w_b -> ...
  where {w_a, w_b, w_c} are the 3 other vertices.

  Since u beats all w_i, and all w_i beat v, the 5-cycle reduces to:
    w_c -> v -> u -> w_a -> w_b -> w_c
  which exists iff w_a -> w_b -> w_c is a directed path
  (i.e., a Hamiltonian path in the sub-tournament on 3 vertices).

  By Redei's theorem, a tournament on 3 vertices has either 1 or 3
  Hamiltonian paths:
    - Star (non-cyclic): exactly 1 Hamiltonian path
    - Directed 3-cycle: exactly 3 Hamiltonian paths

  Therefore: c5_after in {1, 3}, so dc5 = c5_after - 0 in {1, 3}.
  dc5 = 2 is IMPOSSIBLE when dc3 = +3.

  QED.

  Corollary: da1 = dc3 + dc5 in {4, 6} when dc3 = +3.
  By symmetry: da1 in {-4, -6} when dc3 = -3.
  Therefore da1 = +/-5 is impossible at n=5.

  Verification of 5-cycle count via Hamiltonian paths:
    flip (0,4): sub on [1, 2, 3] is star, expected dc5=1, actual dc5=1, MATCH=True
    flip (1,4): sub on [0, 2, 3] is star, expected dc5=1, actual dc5=1, MATCH=True
    flip (1,4): sub on [0, 2, 3] is star, expected dc5=1, actual dc5=1, MATCH=True
    flip (1,4): sub on [0, 2, 3] is 3-cycle, expected dc5=3, actual dc5=3, MATCH=True
    flip (1,4): sub on [0, 2, 3] is star, expected dc5=1, actual dc5=1, MATCH=True
    flip (0,1): sub on [2, 3, 4] is star, expected dc5=1, actual dc5=1, MATCH=True
    flip (0,4): sub on [1, 2, 3] is star, expected dc5=1, actual dc5=1, MATCH=True
    flip (2,4): sub on [0, 1, 3] is star, expected dc5=1, actual dc5=1, MATCH=True
    flip (2,4): sub on [0, 1, 3] is star, expected dc5=1, actual dc5=1, MATCH=True
    flip (2,4): sub on [0, 1, 3] is 3-cycle, expected dc5=3, actual dc5=3, MATCH=True

======================================================================
PART 4: COMPLETE (dc3, dc5) COUPLING TABLE
======================================================================

  (dc3, dc5) coupling table at n=5 (count = flips/2):
  dc3\dc5 | -3 | -2 | -1 | +0 | +1 | +2 | +3 | da1
  ------------------------------------------------
  -3     |   20 |    . |   60 |    . |    . |    . |    . | [-6, -4]
  -2     |    . |  120 |  240 |  120 |    . |    . |    . | [-4, -3, -2]
  -1     |    . |   60 |  480 |  660 |    . |    . |    . | [-3, -2, -1]
  +0     |    . |    . |  240 | 1120 |  240 |    . |    . | [-1, 0, 1]
  +1     |    . |    . |    . |  660 |  480 |   60 |    . | [1, 2, 3]
  +2     |    . |    . |    . |  120 |  240 |  120 |    . | [2, 3, 4]
  +3     |    . |    . |    . |    . |   60 |    . |   20 | [4, 6]

======================================================================
PART 5: PARITY OF dc3 + dc5
======================================================================
  All da1 = dc3 + dc5 values: [-6, -4, -3, -2, -1, 0, 1, 2, 3, 4, 6]
  All even? False
  All odd? False

  Parity combinations (dc3 mod 2, dc5 mod 2):
    (0, 0): 1600 flips, da1 parity = 0
    (0, 1): 960 flips, da1 parity = 1
    (1, 0): 1440 flips, da1 parity = 1
    (1, 1): 1120 flips, da1 parity = 0

======================================================================
SYNTHESIS: THE dc3-dc5 COUPLING THEOREM
======================================================================

  THEOREM (dc3-dc5 Coupling at n=5):
  ===================================

  For any tournament T on 5 vertices and any arc flip:
    da1 = dc3 + dc5 is in {-6, -4, -3, -2, -1, 0, 1, 2, 3, 4, 6}.
    The value da1 = +/-5 is IMPOSSIBLE.

  PROOF:
    Case |dc3| = 3: The flipped arc has a source/sink endpoint pair.
    The 5-cycle count is determined by Hamiltonian paths in the
    3-vertex sub-tournament: dc5 in {+/-1, +/-3}.
    Therefore da1 in {+/-4, +/-6}, never +/-5.

    Case |dc3| <= 2: max|dc5| <= 3, but the specific coupling
    between dc3 and dc5 prevents |dc3 + dc5| from reaching 5.
    Specifically: when dc3 = +2 and dc5 = +3, da1 = +5 would be
    needed, but (dc3=2, dc5=3) is not achievable (verified exhaustively).

  COROLLARY:
    |delta_H| = 2|da1| cannot equal 10 at n=5.
    The value 10 = 2 * |Phi+(A_2)| = T(H_forb_2) is the fundamental
    forbidden delta, connecting to the six-way block structure.

  CONNECTION TO A_6:
    The missing da1 = +/-5 at n=5 prevents delta_H = +/-10.
    At n=6, da2 becomes nonzero (disjoint cycles exist),
    and delta_H = 10 becomes achievable via (da1=5, da2=0) or (da1=3, da2=1).
    The n=5 -> n=6 transition in delta_H = 10 mirrors the
    representation-theoretic jump from A_5 to A_6 in quiver theory.

