======================================================================
CASE 1: Score (2,2,3,3,3,3,5)
======================================================================

  bits=4728, H=109 (expected 109)
  Out-degrees: [3, 3, 2, 3, 2, 3, 5]
  3-cycle vertex sets: [[0, 3, 4], [1, 3, 5], [0, 1, 4], [2, 3, 4], [1, 2, 4], [0, 2, 6], [0, 3, 6], [0, 2, 5], [1, 4, 5], [0, 3, 5], [0, 1, 6]]
  Lambda matrix:
    [0, 2, 2, 3, 2, 2, 3]
    [2, 0, 1, 1, 3, 2, 1]
    [2, 1, 0, 1, 2, 1, 1]
    [3, 1, 1, 0, 2, 2, 1]
    [2, 3, 2, 2, 0, 1, 0]
    [2, 2, 1, 2, 1, 0, 0]
    [3, 1, 1, 1, 0, 0, 0]
  c3_dir = 11
  c5_dir = 23
  c7_dir = 8
  Total cycles: 42, alpha_2: 6

  bits=4658, H=111 (expected 111)
  Out-degrees: [3, 2, 2, 3, 3, 3, 5]
  3-cycle vertex sets: [[1, 3, 5], [0, 4, 6], [2, 3, 4], [0, 1, 2], [0, 4, 5], [0, 3, 6], [1, 2, 5], [0, 2, 4], [1, 4, 5], [0, 3, 5], [0, 1, 6]]
  Lambda matrix:
    [0, 2, 2, 2, 3, 2, 3]
    [2, 0, 2, 1, 1, 3, 1]
    [2, 2, 0, 1, 2, 1, 0]
    [2, 1, 1, 0, 1, 2, 1]
    [3, 1, 2, 1, 0, 2, 1]
    [2, 3, 1, 2, 2, 0, 0]
    [3, 1, 0, 1, 1, 0, 0]
  c3_dir = 11
  c5_dir = 23
  c7_dir = 9
  Total cycles: 43, alpha_2: 6

Lambda isomorphism check...
  ISOMORPHIC! Permutation: (0, 1, 5, 2, 3, 4, 6)
  => LABELED LAMBDA DOES NOT DETERMINE H AT n=7!

======================================================================
CASE 2: Score (1,3,3,3,3,4,4)
======================================================================

  bits=9388, H=109 (expected 109)
  Out-degrees: [3, 3, 3, 1, 3, 4, 4]
  3-cycle vertex sets: [[0, 1, 4], [0, 2, 3], [0, 2, 6], [2, 4, 5], [0, 2, 4], [0, 5, 6], [2, 3, 5], [1, 2, 3], [1, 2, 6], [1, 5, 6], [1, 4, 6]]
  Lambda matrix:
    [0, 1, 3, 1, 2, 1, 2]
    [1, 0, 2, 1, 2, 1, 3]
    [3, 2, 0, 3, 2, 2, 2]
    [1, 1, 3, 0, 0, 1, 0]
    [2, 2, 2, 0, 0, 1, 1]
    [1, 1, 2, 1, 1, 0, 2]
    [2, 3, 2, 0, 1, 2, 0]
  c3_dir = 11
  c5_dir = 23
  c7_dir = 8
  Total cycles: 42, alpha_2: 6

  bits=9653, H=111 (expected 111)
  Out-degrees: [4, 3, 3, 1, 3, 3, 4]
  3-cycle vertex sets: [[0, 1, 4], [0, 4, 6], [0, 2, 3], [1, 2, 4], [0, 2, 6], [0, 4, 5], [2, 4, 5], [2, 3, 5], [1, 2, 3], [1, 2, 6], [1, 5, 6]]
  Lambda matrix:
    [0, 1, 2, 1, 3, 1, 2]
    [1, 0, 3, 1, 2, 1, 2]
    [2, 3, 0, 3, 2, 2, 2]
    [1, 1, 3, 0, 0, 1, 0]
    [3, 2, 2, 0, 0, 2, 1]
    [1, 1, 2, 1, 2, 0, 1]
    [2, 2, 2, 0, 1, 1, 0]
  c3_dir = 11
  c5_dir = 23
  c7_dir = 9
  Total cycles: 43, alpha_2: 6

Lambda isomorphism check...
  ISOMORPHIC! Permutation: (1, 0, 2, 3, 6, 5, 4)
  => LABELED LAMBDA DOES NOT DETERMINE H AT n=7!

======================================================================
CONCLUSION
======================================================================

NEGATIVE RESULT: The labeled lambda graph does NOT determine H at n=7.
Two tournaments with isomorphic lambda graphs have different H values.

This means the pair-coverage of 3-cycles (even as a labeled graph)
is NOT sufficient to determine H. Additional cycle information (5-cycle
orientation, Hamiltonian cycle count, or higher-order overlap invariants)
is genuinely independent of the 3-cycle pair-coverage structure.

The Vitali analogy is CONFIRMED at the labeled level:
  The full tournament contains "non-measurable" information
  even beyond the pair-coverage graph.


======================================================================
DONE.
======================================================================
