
============================================================
P_7 (m=3): 12 coupling edges
  Plus 6 coupling edges from (1,2,3) columns
  Total coupling edges between B1 and B3: 18
  B1 rows involved: 12, B3 rows involved: 12

  TENSOR PRODUCT ANALYSIS:
  Each (r, r') ∈ NQR × NQR gives a sub-block:
    B1 rows: N(r') = (m+1)/2 = 2
    B3 rows: N(r) = (m+1)/2 = 2
    Columns: N(r)×N(r') = 4
    Rank of sub-block = N(r)+N(r')-1 = 3
    Nullity per sub-block = 1
    Number of sub-blocks: m² = 9
    TOTAL NULLITY = m² = 9  ✓

  Coupling matrix verification:
    Rows: 12 (B1) + 12 (B3) = 24
    Cols: 18
    Rank: 15
    Nullity: 9
    Expected nullity: m² = 9
    Match: True
    Sub-block (r=3, r'=3): |B1|=2, |B3|=2
    Sub-block (r=3, r'=5): |B1|=1, |B3|=1
    Sub-block (r=3, r'=6): |B1|=1, |B3|=1
    Sub-block (r=5, r'=3): |B1|=1, |B3|=1
    Sub-block (r=5, r'=5): |B1|=2, |B3|=2
    Sub-block (r=5, r'=6): |B1|=1, |B3|=1
    Sub-block (r=6, r'=3): |B1|=1, |B3|=1
    Sub-block (r=6, r'=5): |B1|=1, |B3|=1
    Sub-block (r=6, r'=6): |B1|=2, |B3|=2
    Total non-empty sub-blocks: 9
============================================================

============================================================
P_11 (m=5): 90 coupling edges
  Plus 60 coupling edges from (1,2,3) columns
  Total coupling edges between B1 and B3: 150
  B1 rows involved: 60, B3 rows involved: 60

  TENSOR PRODUCT ANALYSIS:
  Each (r, r') ∈ NQR × NQR gives a sub-block:
    B1 rows: N(r') = (m+1)/2 = 3
    B3 rows: N(r) = (m+1)/2 = 3
    Columns: N(r)×N(r') = 9
    Rank of sub-block = N(r)+N(r')-1 = 5
    Nullity per sub-block = 1
    Number of sub-blocks: m² = 25
    TOTAL NULLITY = m² = 25  ✓

  Coupling matrix verification:
    Rows: 60 (B1) + 60 (B3) = 120
    Cols: 150
    Rank: 95
    Nullity: 25
    Expected nullity: m² = 25
    Match: True
    Sub-block (r=2, r'=2): |B1|=2, |B3|=2
    Sub-block (r=2, r'=6): |B1|=3, |B3|=3
    Sub-block (r=2, r'=7): |B1|=2, |B3|=2
    Sub-block (r=6, r'=2): |B1|=3, |B3|=3
    Sub-block (r=6, r'=6): |B1|=2, |B3|=2
    Sub-block (r=6, r'=7): |B1|=3, |B3|=3
    Sub-block (r=7, r'=2): |B1|=2, |B3|=2
    Sub-block (r=7, r'=6): |B1|=3, |B3|=3
    Sub-block (r=7, r'=7): |B1|=2, |B3|=2
    Total non-empty sub-blocks: 25
============================================================
