======================================================================
ANALYSIS 1: det(I+xA) AS A FUNCTION OF x
======================================================================

  H=109, c7=8:
    H=109, c7=8
    det(I+-3A) = -26216
    det(I+-2A) = -2503
    det(I+-1A) = -68
    det(I+0A) = 1 = 1^2
    det(I+1A) = 8
    det(I+2A) = 169 = 13^2
    det(I+3A) = 3052
    det(I+4A) = 28097
    det(I+5A) = 156376
    det(I+6A) = 625753
    det(I+7A) = 1996604

  H=111, c7=9:
    H=111, c7=9
    det(I+-3A) = -27674
    det(I+-2A) = -2567
    det(I+-1A) = -68
    det(I+0A) = 1 = 1^2
    det(I+1A) = 10
    det(I+2A) = 361 = 19^2
    det(I+3A) = 5968
    det(I+4A) = 48577
    det(I+5A) = 250126
    det(I+6A) = 952345
    det(I+7A) = 2937796 = 1714^2


======================================================================
ANALYSIS 2: det(I+A) AND det(I+2A) AT n=5 (EXHAUSTIVE)
======================================================================
  H values: [1, 3, 5, 9, 11, 13, 15]
  H=1: det(I+A)=[1], det(I+2A)=[1], c5=[0]
  H=3: det(I+A)=[2], det(I+2A)=[9], c5=[0]
  H=5: det(I+A)=[2], det(I+2A)=[1], c5=[0]
  H=9: det(I+A)=[2, 3], det(I+2A)=[9, 25], c5=[1]
  H=11: det(I+A)=[2], det(I+2A)=[1], c5=[1]
  H=13: det(I+A)=[4], det(I+2A)=[49], c5=[2]
  H=15: det(I+A)=[3, 5], det(I+2A)=[25, 81], c5=[2, 3]


======================================================================
ANALYSIS 3: RELATIONSHIP det(I+2A) vs H AT n=5
======================================================================
  H=1, bits=0: det(I+A)=1, det(I+2A)=1, c5=0, d2-H=0
  H=1, bits=1: det(I+A)=1, det(I+2A)=1, c5=0, d2-H=0
  H=1, bits=3: det(I+A)=1, det(I+2A)=1, c5=0, d2-H=0
  H=3, bits=2: det(I+A)=2, det(I+2A)=9, c5=0, d2-H=6
  H=3, bits=5: det(I+A)=2, det(I+2A)=9, c5=0, d2-H=6
  H=3, bits=11: det(I+A)=2, det(I+2A)=9, c5=0, d2-H=6
  H=5, bits=4: det(I+A)=2, det(I+2A)=1, c5=0, d2-H=-4
  H=5, bits=6: det(I+A)=2, det(I+2A)=1, c5=0, d2-H=-4
  H=5, bits=9: det(I+A)=2, det(I+2A)=1, c5=0, d2-H=-4
  H=9, bits=8: det(I+A)=2, det(I+2A)=9, c5=1, d2-H=0
  H=9, bits=10: det(I+A)=3, det(I+2A)=25, c5=1, d2-H=16
  H=9, bits=14: det(I+A)=2, det(I+2A)=9, c5=1, d2-H=0
  H=11, bits=12: det(I+A)=2, det(I+2A)=1, c5=1, d2-H=-10
  H=11, bits=28: det(I+A)=2, det(I+2A)=1, c5=1, d2-H=-10
  H=11, bits=57: det(I+A)=2, det(I+2A)=1, c5=1, d2-H=-10
  H=13, bits=41: det(I+A)=4, det(I+2A)=49, c5=2, d2-H=36
  H=13, bits=42: det(I+A)=4, det(I+2A)=49, c5=2, d2-H=36
  H=13, bits=44: det(I+A)=4, det(I+2A)=49, c5=2, d2-H=36
  H=15, bits=40: det(I+A)=5, det(I+2A)=81, c5=3, d2-H=66
  H=15, bits=69: det(I+A)=5, det(I+2A)=81, c5=3, d2-H=66
  H=15, bits=76: det(I+A)=3, det(I+2A)=25, c5=2, d2-H=10


======================================================================
ANALYSIS 4: det(I+A) AND det(I+2A) AT n=6 (EXHAUSTIVE)
======================================================================
  H values: [1, 3, 5, 9, 11, 13, 15, 17, 19, 23, 25, 27, 29, 31, 33, 37, 41, 43, 45]
  det(I+2A) -> H ambiguities: 5 out of 5 det values
    det(I+2A)=1: H=[1, 5, 11, 15, 17, 23, 25, 29, 33, 37, 41, 43, 45]
    det(I+2A)=9: H=[3, 9, 19, 27, 33, 37]
    det(I+2A)=25: H=[9, 15, 23, 37]
    det(I+2A)=49: H=[13, 17, 31, 45]
    det(I+2A)=81: H=[9, 15, 29]


======================================================================
ANALYSIS 5: det(I+2A) AT n=7 FOR LAMBDA-AMBIGUOUS CLASS
======================================================================
  H=109, c7=8:
    det(I+2A) = 169
    det(I-A) = -68
    det(I-2A) = -2503
    det(I+1S) = 256
    det(I+2S) = 9541
    char_poly(A, 0) = det(0I - A) = -4
    char_poly(A, 1) = det(1I - A) = -68
    char_poly(A, 2) = det(2I - A) = -308
    char_poly(A, -1) = det(-1I - A) = -8
    char_poly(A, -2) = det(-2I - A) = -236
  H=111, c7=9:
    det(I+2A) = 361
    det(I-A) = -68
    det(I-2A) = -2567
    det(I+1S) = 320
    det(I+2S) = 13637
    char_poly(A, 0) = det(0I - A) = -5
    char_poly(A, 1) = det(1I - A) = -68
    char_poly(A, 2) = det(2I - A) = -307
    char_poly(A, -1) = det(-1I - A) = -10
    char_poly(A, -2) = det(-2I - A) = -239


======================================================================
ANALYSIS 6: FORMULA SEARCH det(I+2A) vs H AT n=5
======================================================================

  At n=5:
  H=1: det(I+2A)=1, det(I+A)=1, c5=[0]
  H=3: det(I+2A)=9, det(I+A)=2, c5=[0]
  H=5: det(I+2A)=1, det(I+A)=2, c5=[0]
  H=9: det(I+2A)=[9, 25] (MULTIPLE), det(I+A)=[2, 3]
  H=11: det(I+2A)=1, det(I+A)=2, c5=[1]
  H=13: det(I+2A)=49, det(I+A)=4, c5=[2]
  H=15: det(I+2A)=[25, 81] (MULTIPLE), det(I+A)=[3, 5]


======================================================================
ANALYSIS 7: PFAFFIAN PRINCIPAL MINORS
======================================================================

  H=109, c7=8:
    Pfaffian^2 per deleted vertex: [49, 1, 9, 49, 1, 9, 1]
    Sorted: [1, 1, 1, 9, 9, 49, 49]
    Sum: 119
    Product: 1
      del v=0: Pf^2=49, Pf=7
      del v=1: Pf^2=1, Pf=1
      del v=2: Pf^2=9, Pf=3
      del v=3: Pf^2=49, Pf=7
      del v=4: Pf^2=1, Pf=1
      del v=5: Pf^2=9, Pf=3
      del v=6: Pf^2=1, Pf=1
    Pfaffian values: [7, 1, 3, 7, 1, 3, 1]
    Sum of Pfaffians: 23

  H=111, c7=9:
    Pfaffian^2 per deleted vertex: [81, 1, 9, 9, 81, 1, 1]
    Sorted: [1, 1, 1, 9, 9, 81, 81]
    Sum: 183
    Product: 1
      del v=0: Pf^2=81, Pf=9
      del v=1: Pf^2=1, Pf=1
      del v=2: Pf^2=9, Pf=3
      del v=3: Pf^2=9, Pf=3
      del v=4: Pf^2=81, Pf=9
      del v=5: Pf^2=1, Pf=1
      del v=6: Pf^2=1, Pf=1
    Pfaffian values: [9, 1, 3, 3, 9, 1, 1]
    Sum of Pfaffians: 27


======================================================================
ANALYSIS 8: PERMANENT OF A
======================================================================

  H=109, c7=8:
    perm(A) = -12
    perm(I+A) = -90
    H = 109
    perm(I+A) - H = -199

  H=111, c7=9:
    perm(A) = -13
    perm(I+A) = -90
    H = 111
    perm(I+A) - H = -201


======================================================================
DONE.
======================================================================
