========================================================================
DIHEDRAL GROUP ACTION ON TOURNAMENT SPACE
========================================================================

--- p = 7, m = 3 ---
  |Aut(Paley)| = 21 = p * m
  |Aut(Interval)| = 7 = p
  Symmetry ratio: 3.0x
  |Affine orbit of QR| = 2 (Paley is fixed by QR multiplication)
  |Affine orbit of Int| = 6
  QR fixed under QR-multiplication: True
  Multipliers fixing Interval: 1 (only identity)

  H(Paley) = 189, H(Interval) = 175

--- p = 11, m = 5 ---
  |Aut(Paley)| = 55 = p * m
  |Aut(Interval)| = 11 = p
  Symmetry ratio: 5.0x
  |Affine orbit of QR| = 2 (Paley is fixed by QR multiplication)
  |Affine orbit of Int| = 10
  QR fixed under QR-multiplication: True
  Multipliers fixing Interval: 1 (only identity)

  H(Paley) = 95095, H(Interval) = 93027

--- p = 13, m = 6 ---
  |Aut(Paley)| = 78 = p * m
  |Aut(Interval)| = 13 = p
  Symmetry ratio: 6.0x
  |Affine orbit of QR| = 2 (Paley is fixed by QR multiplication)
  |Affine orbit of Int| = 12
  QR fixed under QR-multiplication: True
  Multipliers fixing Interval: 1 (only identity)

  H(Paley) = 1579968, H(Interval) = 3711175

--- p = 19, m = 9 ---
  |Aut(Paley)| = 171 = p * m
  |Aut(Interval)| = 19 = p
  Symmetry ratio: 9.0x
  |Affine orbit of QR| = 2 (Paley is fixed by QR multiplication)
  |Affine orbit of Int| = 18
  QR fixed under QR-multiplication: True
  Multipliers fixing Interval: 1 (only identity)


--- p = 23, m = 11 ---
  |Aut(Paley)| = 253 = p * m
  |Aut(Interval)| = 23 = p
  Symmetry ratio: 11.0x
  |Affine orbit of QR| = 2 (Paley is fixed by QR multiplication)
  |Affine orbit of Int| = 22
  QR fixed under QR-multiplication: True
  Multipliers fixing Interval: 1 (only identity)



========================================================================
REPRESENTATION THEORY: WHY SYMMETRY CONSTRAINS H
========================================================================


  The orientation space of a circulant tournament on Z_p is {±1}^m
  where m = (p-1)/2 and sigma_j = +1 if j is in S, -1 otherwise.

  H(sigma) is a function on this Boolean cube.

  GROUP ACTION: If the tournament has automorphism group G, then
  G acts on {±1}^m by permuting coordinates. H must be G-INVARIANT.

  WALSH-FOURIER: H = sum_S hat{H}(S) chi_S(sigma)
  G-invariance means: hat{H}(S) = hat{H}(g.S) for all g in G.

  This FORCES Walsh coefficients to be EQUAL on each G-orbit.
  The number of INDEPENDENT Walsh coefficients = number of G-orbits on subsets.

  PALEY: G contains QR-multiplication (m elements).
    - At degree 2: Walsh pairs {i,j} are orbited by (i,j) -> (ai, aj) for a in QR
    - MANY pairs are in the same orbit => few independent degree-2 coefficients
    - At degree 4: even more collapsing

  INTERVAL: G is trivial on coordinates (only translation, which doesn't permute S).
    - ALL Walsh coefficients can be independent
    - MORE degrees of freedom to optimize H

  ANALOGY: Paley is like a crystal (high symmetry, rigid),
           Interval is like a glass (low symmetry, flexible).
           H-maximization at large p rewards FLEXIBILITY over RIGIDITY.

========================================================================
DIHEDRAL GROUP D_p AND THE EIGENVALUE STRUCTURE
========================================================================


  D_p = <r, s | r^p = s^2 = 1, srs = r^{-1}> has order 2p.

  For p odd prime, irreducible representations of D_p:
  - Two 1-dimensional: trivial and sign
  - (p-1)/2 two-dimensional: rho_j for j = 1, ..., (p-1)/2

  The adjacency matrix A of a circulant tournament on Z_p decomposes:
  A = sum_j mu_j * P_j where P_j are projections onto D_p irreps.

  KEY: The eigenvalues mu_j correspond to D_p representations!
  - mu_j and mu_{p-j} form a CONJUGATE PAIR (same 2D irrep rho_j)
  - This is why eigenvalues come in conjugate pairs

  For Paley: the EXTRA QR symmetry forces |mu_j| = |mu_k| for all j,k.
  This is because QR permutes the irreps transitively.
  Result: FLAT spectrum, all |mu_j| = sqrt(p)/2.

  For Interval: NO such constraint. |mu_1| can be much larger.
  Result: PEAKED spectrum, |mu_1| ~ p/pi >> sqrt(p)/2.

  THE DIHEDRAL PERSPECTIVE ON THE PHASE TRANSITION:

  At small p: there are few D_p irreps ((p-1)/2 of them).
    - The QR symmetry constraint (flat spectrum) is mild.
    - Paley's eigenvector advantage (THM-137) dominates.

  At large p: there are many D_p irreps.
    - The QR constraint WASTES most of the spectral budget.
    - Parseval forces sum |mu_j|^2 = p*m, but QR spreads this evenly.
    - Interval CONCENTRATES the budget, getting more from less.
    - Like the uncertainty principle: QR is spread in frequency (low |mu_1|),
      Interval is localized in frequency (high |mu_1|).

========================================================================
WALSH COEFFICIENT FREEDOM (orbit counting)
========================================================================

  p=7, m=3:
    Singleton QR-orbits: 1 out of 3
    Pair QR-orbits: 1 out of 3
    Freedom ratio (pairs): 1/3 = 0.3333
    For Interval: ALL 3 pair coefficients independent
    Walsh freedom: Interval has 3.0x more degree-2 freedom

  p=11, m=5:
    Singleton QR-orbits: 1 out of 5
    Pair QR-orbits: 2 out of 10
    Freedom ratio (pairs): 2/10 = 0.2000
    For Interval: ALL 10 pair coefficients independent
    Walsh freedom: Interval has 5.0x more degree-2 freedom

  p=19, m=9:
    Singleton QR-orbits: 1 out of 9
    Pair QR-orbits: 4 out of 36
    Freedom ratio (pairs): 4/36 = 0.1111
    For Interval: ALL 36 pair coefficients independent
    Walsh freedom: Interval has 9.0x more degree-2 freedom

  p=23, m=11:
    Singleton QR-orbits: 1 out of 11
    Pair QR-orbits: 5 out of 55
    Freedom ratio (pairs): 5/55 = 0.0909
    For Interval: ALL 55 pair coefficients independent
    Walsh freedom: Interval has 11.0x more degree-2 freedom

========================================================================
MOLIEN FORMULA: COUNTING INVARIANT POLYNOMIALS
========================================================================


  MOLIEN'S THEOREM: Let G act on V = C^m. The number of linearly
  independent G-invariant homogeneous polynomials of degree d is:

    N_d(G) = (1/|G|) * sum_{g in G} 1/det(I - t*rho(g)) |_{coeff of t^d}

  For Paley's QR symmetry (G = QR acting on {1,...,m} coordinates):
    N_d(QR) counts independent degree-d Walsh coefficients

  For Interval (G = {1} trivially):
    N_d({1}) = C(m, d) — ALL coefficients are independent

  The RATIO N_d({1}) / N_d(QR) measures how much extra freedom
  the Interval has at each Walsh degree.

  p=7: m=3 < 4, no degree-4 terms

  p=11: degree-4 QR-orbits: 1 / 5 = 0.2000
    Interval degree-4 freedom: 5
    Freedom ratio: 5.0x

  p=19: degree-4 QR-orbits: 14 / 126 = 0.1111
    Interval degree-4 freedom: 126
    Freedom ratio: 9.0x

  p=23: degree-4 QR-orbits: 30 / 330 = 0.0909
    Interval degree-4 freedom: 330
    Freedom ratio: 11.0x


========================================================================
DIHEDRAL ↔ RAMANUJAN CONNECTION
========================================================================


  The connection between dihedral symmetry and the Ramanujan property:

  RAMANUJAN GRAPH: All nontrivial eigenvalues satisfy |λ| ≤ 2√(d-1).
  For tournaments: Paley achieves |λ| = √p/2, which is the "Ramanujan bound"
  for degree-m directed graphs.

  DIHEDRAL EXPLANATION:
  - D_p acts on the eigenvalues via its 2D irreps
  - QR multiplication PERMUTES the irreps transitively
  - This forces |μ_j| = |μ_k| for all j,k (flat spectrum)
  - The flat spectrum IS the Ramanujan property

  So: Paley is Ramanujan BECAUSE of its dihedral+QR symmetry.
  Interval is anti-Ramanujan BECAUSE it lacks this symmetry.

  The phase transition at p ≈ 13-19 is when the COST of Ramanujan
  (= rigid, symmetric, "average" behavior) exceeds its BENEFIT
  (= eigenvector optimality at degree 2).

  ANALOGY TO PHYSICS:
  - Ramanujan = thermal equilibrium (maximum entropy, flat distribution)
  - Anti-Ramanujan = spontaneous symmetry breaking (peaked distribution)
  - Phase transition = critical temperature where order emerges

  The tournament H-maximization problem undergoes spontaneous
  symmetry breaking at p ≈ 13: the maximizer transitions from
  the highly symmetric Paley to the less symmetric Interval.

========================================================================
EXPLICIT D_p DECOMPOSITION OF ADJACENCY MATRICES
========================================================================

p = 7:
  D_p has (p-1)/2 = 3 two-dimensional irreps rho_1, ..., rho_3

  Paley (S = [1, 2, 4]):
    rho_1: mu_1 = -0.5000+1.3229j, |mu_1| = 1.4142
    rho_2: mu_2 = -0.5000+1.3229j, |mu_2| = 1.4142
    rho_3: mu_3 = -0.5000-1.3229j, |mu_3| = 1.4142

  Interval (S = [1, 2, 3]):
    rho_1: mu_1 = -0.5000+2.1906j, |mu_1| = 2.2470
    rho_2: mu_2 = -0.5000-0.2408j, |mu_2| = 0.5550
    rho_3: mu_3 = -0.5000+0.6270j, |mu_3| = 0.8019

  Paley |mu| variance: 0.000000 (= 0 by QR symmetry)
  Interval |mu| variance: 0.556898
  Paley spectral entropy: 1.0986
  Spectral entropy (Paley): 1.0986 = log(3) = 1.0986 (MAXIMUM entropy)
  Spectral entropy (Interval): 0.5370
  Entropy deficit (Int vs max): 0.5616

p = 11:
  D_p has (p-1)/2 = 5 two-dimensional irreps rho_1, ..., rho_5

  Paley (S = [1, 3, 4, 5, 9]):
    rho_1: mu_1 = -0.5000+1.6583j, |mu_1| = 1.7321
    rho_2: mu_2 = -0.5000-1.6583j, |mu_2| = 1.7321
    rho_3: mu_3 = -0.5000+1.6583j, |mu_3| = 1.7321
    rho_4: mu_4 = -0.5000+1.6583j, |mu_4| = 1.7321
    rho_5: mu_5 = -0.5000+1.6583j, |mu_5| = 1.7321

  Interval (S = [1, 2, 3, 4, 5]):
    rho_1: mu_1 = -0.5000+3.4776j, |mu_1| = 3.5133
    rho_2: mu_2 = -0.5000-0.1468j, |mu_2| = 0.5211
    rho_3: mu_3 = -0.5000+1.0948j, |mu_3| = 1.2036
    rho_4: mu_4 = -0.5000-0.3213j, |mu_4| = 0.5944
    rho_5: mu_5 = -0.5000+0.5770j, |mu_5| = 0.7635

  Paley |mu| variance: 0.000000 (= 0 by QR symmetry)
  Interval |mu| variance: 1.259746
  Paley spectral entropy: 1.6094
  Spectral entropy (Paley): 1.6094 = log(5) = 1.6094 (MAXIMUM entropy)
  Spectral entropy (Interval): 0.6733
  Entropy deficit (Int vs max): 0.9362

p = 23:
  D_p has (p-1)/2 = 11 two-dimensional irreps rho_1, ..., rho_11

  Paley (S = [1, 2, 3, 4, 6, 8, 9, 12, 13, 16, 18]):
    rho_1: mu_1 = -0.5000+2.3979j, |mu_1| = 2.4495
    rho_2: mu_2 = -0.5000+2.3979j, |mu_2| = 2.4495
    rho_3: mu_3 = -0.5000+2.3979j, |mu_3| = 2.4495
    rho_4: mu_4 = -0.5000+2.3979j, |mu_4| = 2.4495
    rho_5: mu_5 = -0.5000-2.3979j, |mu_5| = 2.4495
    rho_6: mu_6 = -0.5000+2.3979j, |mu_6| = 2.4495
    rho_7: mu_7 = -0.5000-2.3979j, |mu_7| = 2.4495
    rho_8: mu_8 = -0.5000+2.3979j, |mu_8| = 2.4495
    rho_9: mu_9 = -0.5000+2.3979j, |mu_9| = 2.4495
    rho_10: mu_10 = -0.5000-2.3979j, |mu_10| = 2.4495
    rho_11: mu_11 = -0.5000-2.3979j, |mu_11| = 2.4495

  Interval (S = [1, 2, 3, 4, 5, 6, 7, 8, 9, 10, 11]):
    rho_1: mu_1 = -0.5000+7.3097j, |mu_1| = 7.3268
    rho_2: mu_2 = -0.5000-0.0687j, |mu_2| = 0.5047
    rho_3: mu_3 = -0.5000+2.4061j, |mu_3| = 2.4575
    rho_4: mu_4 = -0.5000-0.1401j, |mu_4| = 0.5193
    rho_5: mu_5 = -0.5000+1.4069j, |mu_5| = 1.4931
    rho_6: mu_6 = -0.5000-0.2172j, |mu_6| = 0.5451
    rho_7: mu_7 = -0.5000+0.9650j, |mu_7| = 1.0868
    rho_8: mu_8 = -0.5000-0.3041j, |mu_8| = 0.5852
    rho_9: mu_9 = -0.5000+0.7083j, |mu_9| = 0.8670
    rho_10: mu_10 = -0.5000-0.4068j, |mu_10| = 0.6446
    rho_11: mu_11 = -0.5000+0.5354j, |mu_11| = 0.7325

  Paley |mu| variance: 0.000000 (= 0 by QR symmetry)
  Interval |mu| variance: 3.677796
  Paley spectral entropy: 2.3979
  Spectral entropy (Paley): 2.3979 = log(11) = 2.3979 (MAXIMUM entropy)
  Spectral entropy (Interval): 0.7908
  Entropy deficit (Int vs max): 1.6071

========================================================================
SYMMETRY-BREAKING THEOREM (new)
========================================================================


  THEOREM (Symmetry-Breaking Principle for Tournament H-Maximization):

  Let T_p be a circulant tournament on Z_p with connection set S, |S| = m = (p-1)/2.
  Let Stab(S) = {a in (Z/pZ)* : aS = S} be the multiplicative stabilizer of S.

  Then:
  (i)  |Stab(S)| divides the number of independent Walsh coefficients of H
       at each even degree 2d: specifically, the number of degree-2d orbits
       under Stab(S) equals the number of independent coefficients.

  (ii) For Paley: Stab(QR) = QR, |Stab| = m.
       For Interval: Stab({1,...,m}) = {1}, |Stab| = 1.

  (iii) At degree 2d = 4 (the critical degree for the phase transition):
        - Paley has C(m,4)/m independent degree-4 coefficients (approx)
        - Interval has C(m,4) independent degree-4 coefficients
        - Ratio ≈ m, which GROWS with p.

  (iv) This means Interval can "tune" its degree-4 Walsh term
       with m times more precision than Paley.
       Since degree 4 dominates H at large p (Ising RG analysis),
       Interval's greater Walsh freedom leads to H(I) > H(P).

  PROOF SKETCH:
  - Burnside's lemma: number of Stab(S)-orbits on 2d-subsets of {1,...,m}
    equals (1/|Stab|) * sum_{a in Stab} Fix(a)
  - For QR: each a in QR\{1} has few fixed 4-subsets → orbit count ≈ C(m,4)/m
  - For {1}: only identity, so orbit count = C(m,4)
  - The degree-4 Walsh coefficient dominates H at large p (proved via RG flow)
  - More independent coefficients → larger optimization range → higher max

  This is the GROUP-THEORETIC EXPLANATION of the phase transition.

  COROLLARY: Among all circulant tournaments on Z_p (p ≡ 3 mod 4),
  the H-maximizer for large p should have MINIMAL multiplicative stabilizer.
  The interval set {1,...,m} achieves |Stab| = 1, which is optimal.

  NOTE: This doesn't prove Interval is THE maximizer — there could be
  other S with |Stab| = 1 and higher H. But it explains WHY highly
  symmetric tournaments (like Paley) lose: their symmetry constrains
  them to Walsh coefficient values that are suboptimal at large p.

========================================================================
DIHEDRAL ACTION ON THE CONFLICT GRAPH Ω(T)
========================================================================

  p = 7:
    Paley cycles: 80 total
    Interval cycles: 59 total
    Paley QR-orbits of cycles: 14
    Orbit sizes: Counter({6: 7, 3: 4, 1: 2, 24: 1})
    Interval cycle orbits (trivial Stab): 59 (each cycle is its own orbit)
    H(Paley) = 189, H(Interval) = 175
    Paley alpha_1 = 80, Interval alpha_1 = 59
    Paley alpha_2 = 7, Interval alpha_2 = 14
    Disjointness metric (alpha_2 / C(alpha_1, 2)):
      Paley: 7/3160 = 0.002215
      Interval: 14/1711 = 0.008182
      Interval's disjointness advantage: 3.69x

  p = 11:
    Paley cycles: 21169 total
    Interval cycles: 18397 total
    Paley QR-orbits of cycles: 161
    Orbit sizes: Counter({5: 44, 10: 26, 75: 22, 45: 22, 1005: 11, 65: 11, 55: 11, 15: 11, 2: 2, 5505: 1})
    Interval cycle orbits (trivial Stab): 18397 (each cycle is its own orbit)
    H(Paley) = 95095, H(Interval) = 93027
    Paley alpha_1 = 21169, Interval alpha_1 = 18397

========================================================================
SYNTHESIS: GROUP THEORY → PHASE TRANSITION → H-MAXIMIZATION
========================================================================


  THE COMPLETE PICTURE (via dihedral/group theory):

  1. STRUCTURE: Every circulant tournament on Z_p has connection set S ⊂ Z_p^*.
     The multiplicative stabilizer Stab(S) ≤ Z_p^* determines its symmetry.

  2. SPECTRUM: |Stab(S)| = k forces eigenvalue magnitudes to cluster into
     at most m/k distinct values. (Burnside on frequency domain.)
     - Paley: k = m, so ONE distinct |μ| value (flat spectrum)
     - Interval: k = 1, so m distinct |μ| values (can be peaked)

  3. WALSH FREEDOM: The number of independent even-degree Walsh coefficients
     of H is bounded by the number of Stab(S)-orbits on even-subsets.
     More freedom → larger achievable range for H.

  4. PHASE TRANSITION: At small p, degree-2 Walsh dominates. Paley MAXIMIZES
     degree-2 (THM-137: σ_P is eigenvector of J). So Paley wins.
     At large p, degree-4+ Walsh dominates. Interval has ~m times more
     degree-4 freedom, allowing it to achieve higher H. So Interval wins.

  5. THE DIHEDRAL GROUP D_p provides the natural framework:
     - Rotation = Z_p translation (all circulants are invariant)
     - Reflection = taking opposite tournament (H is invariant)
     - The nontrivial content is in the INTERNAL symmetry (Stab(S))
     - Paley's Stab = QR ≅ Z_m is the unique index-2 subgroup
     - This is MAXIMAL symmetry, which is SUBOPTIMAL for H at large p

  6. PREDICTION: The H-maximizing circulant tournament at large p has:
     - Connection set with |Stab| = 1 (minimal symmetry)
     - Eigenvalue distribution concentrated at |μ_1| (anti-Ramanujan)
     - S = {1,...,m} is a natural candidate (contiguous arc = max |μ_1|)
     - But there might be other S with |Stab| = 1 and even higher H

  This gives a CLEAN GROUP-THEORETIC PROOF of the phase transition:
  High symmetry (Paley) wins at degree-2, but rigidity kills at degree-4+.
  Low symmetry (Interval) has the Walsh freedom to optimize higher-degree terms.


DONE.
