======================================================================
Q-POLYNOMIAL DISCRIMINANT ANALYSIS
======================================================================

  p=5, m=2:
    disc = 5 = p^1 * 1
    m-1 = 1
    disc = p^(m-1)? YES
    e_j = [3, 1]
    prod Q_k = 1
    Binomial check: e_1=3 vs C(3,1)=3; e_2=1 vs C(3,2)=3; 
    e_j = C(m+1, j+1)? NO

  p=7, m=3:
    disc = 49 = p^2 * 1
    m-1 = 2
    disc = p^(m-1)? YES
    e_j = [6, 5, 1]
    prod Q_k = 1
    Binomial check: e_1=6 vs C(4,1)=4; e_2=5 vs C(4,2)=6; e_3=1 vs C(4,3)=4; 
    e_j = C(m+1, j+1)? NO

  p=11, m=5:
    disc = 14641 = p^4 * 1
    m-1 = 4
    disc = p^(m-1)? YES
    e_j = [15, 35, 28, 9, 1]
    prod Q_k = 1
    Binomial check: e_1=15 vs C(6,1)=6; e_2=35 vs C(6,2)=15; e_3=28 vs C(6,3)=20; e_4=9 vs C(6,4)=15; e_5=1 vs C(6,5)=6; 
    e_j = C(m+1, j+1)? NO

  p=13, m=6:
    disc = 371293 = p^5 * 1
    m-1 = 5
    disc = p^(m-1)? YES
    e_j = [21, 70, 84, 45, 11, 1]
    prod Q_k = 1
    Binomial check: e_1=21 vs C(7,1)=7; e_2=70 vs C(7,2)=21; e_3=84 vs C(7,3)=35; e_4=45 vs C(7,4)=35; e_5=11 vs C(7,5)=21; e_6=1 vs C(7,6)=7; 
    e_j = C(m+1, j+1)? NO

  p=17, m=8:
    disc = 410338673 = p^7 * 1
    m-1 = 7
    disc = p^(m-1)? YES
    e_j = [36, 210, 462, 495, 286, 91, 15, 1]
    prod Q_k = 1
    Binomial check: e_1=36 vs C(9,1)=9; e_2=210 vs C(9,2)=36; e_3=462 vs C(9,3)=84; e_4=495 vs C(9,4)=126; e_5=286 vs C(9,5)=126; e_6=91 vs C(9,6)=84; e_7=15 vs C(9,7)=36; e_8=1 vs C(9,8)=9; 
    e_j = C(m+1, j+1)? NO

  p=19, m=9:
    disc = 16983563041 = p^8 * 1
    m-1 = 8
    disc = p^(m-1)? YES
    e_j = [45, 330, 924, 1287, 1001, 455, 120, 17, 1]
    prod Q_k = 1
    Binomial check: e_1=45 vs C(10,1)=10; e_2=330 vs C(10,2)=45; e_3=924 vs C(10,3)=120; e_4=1287 vs C(10,4)=210; e_5=1001 vs C(10,5)=252; e_6=455 vs C(10,6)=210; e_7=120 vs C(10,7)=120; e_8=17 vs C(10,8)=45; e_9=1 vs C(10,9)=10; 
    e_j = C(m+1, j+1)? NO

  p=23, m=11:
    disc = 41426511213646 = p^0 * 41426511213646
    m-1 = 10
    disc = p^(m-1)? NO
    e_j = [66, 715, 3003, 6435, 8008, 6188, 3060, 969, 190, 21, 1]
    prod Q_k = 1
    Binomial check: e_1=66 vs C(12,1)=12; e_2=715 vs C(12,2)=66; e_3=3003 vs C(12,3)=220; e_4=6435 vs C(12,4)=495; e_5=8008 vs C(12,5)=792; e_6=6188 vs C(12,6)=924; e_7=3060 vs C(12,7)=792; e_8=969 vs C(12,8)=495; e_9=190 vs C(12,9)=220; e_10=21 vs C(12,10)=66; e_11=1 vs C(12,11)=12; 
    e_j = C(m+1, j+1)? NO

  p=29, m=14:
    disc = 10260628712944773120 = p^0 * 10260628712944773120
    m-1 = 13
    disc = p^(m-1)? NO
    e_j = [105, 1820, 12376, 43758, 92378, 125970, 116280, 74613, 33649, 10626, 2300, 325, 27, 1]
    prod Q_k = 1
    Binomial check: e_1=105 vs C(15,1)=15; e_2=1820 vs C(15,2)=105; e_3=12376 vs C(15,3)=455; e_4=43758 vs C(15,4)=1365; e_5=92378 vs C(15,5)=3003; e_6=125970 vs C(15,6)=5005; e_7=116280 vs C(15,7)=6435; e_8=74613 vs C(15,8)=6435; e_9=33649 vs C(15,9)=5005; e_10=10626 vs C(15,10)=3003; e_11=2300 vs C(15,11)=1365; e_12=325 vs C(15,12)=455; e_13=27 vs C(15,13)=105; e_14=1 vs C(15,14)=15; 
    e_j = C(m+1, j+1)? NO

  p=31, m=15:
    disc = 756943935221617262592 = p^0 * 756943935221617262592
    m-1 = 14
    disc = p^(m-1)? NO
    e_j = [120, 2380, 18564, 75582, 184756, 293930, 319770, 245157, 134596, 53130, 14950, 2925, 378, 29, 1]
    prod Q_k = 1
    Binomial check: e_1=120 vs C(16,1)=16; e_2=2380 vs C(16,2)=120; e_3=18564 vs C(16,3)=560; e_4=75582 vs C(16,4)=1820; e_5=184756 vs C(16,5)=4368; e_6=293930 vs C(16,6)=8008; e_7=319770 vs C(16,7)=11440; e_8=245157 vs C(16,8)=12870; e_9=134596 vs C(16,9)=11440; e_10=53130 vs C(16,10)=8008; e_11=14950 vs C(16,11)=4368; e_12=2925 vs C(16,12)=1820; e_13=378 vs C(16,13)=560; e_14=29 vs C(16,14)=120; e_15=1 vs C(16,15)=16; 
    e_j = C(m+1, j+1)? NO

======================================================================
PART 2: ANALYTICAL FORMULA FOR INTERVAL DISCRIMINANT
======================================================================

The Q-polynomial for Interval has roots Q_k = sin^2(k*(m+1)*pi/p) / sin^2(k*pi/p)
where k=1,...,m and m=(p-1)/2, m+1=(p+1)/2.

Since {k*(m+1) mod p} is a permutation of {1,...,m} (up to sign),
Q_k = sin^2(pi*sigma(k)/p) / sin^2(pi*k/p) for some permutation sigma.

disc = prod_{i<j} (Q_i - Q_j)^2

======================================================================
PART 3: DISCRIMINANT FOR OTHER ORIENTATIONS
======================================================================

  p=7, m=3:
    disc = 0, count = 2
    disc = 49 = p^2 * 1, count = 6

  p=11, m=5:
    disc = 0, count = 2
    disc = 14641 = p^4 * 1, count = 10
    disc = 7745089 = p^4 * 529, count = 10
    disc = 27071209 = p^4 * 1849, count = 10

  p=13, m=6:
    disc = 0, count = 4
    disc = 371293 = p^5 * 1, count = 12
    disc = 169170373125 = p^5 * 455625, count = 12
    disc = 760319324973 = p^5 * 2047761, count = 12
    disc = 2461904648125 = p^5 * 6630625, count = 12
    disc = 6509126072917 = p^5 * 17530969, count = 11
    disc = 6509126072918 = p^0 * 6509126072918, count = 1

======================================================================
PART 4: e_j = C(m+1, j+1) IDENTITY FOR INTERVAL
======================================================================

If the char poly of Q_1,...,Q_m is prod_{k=1}^m (t - Q_k),
and e_j = C(m+1, j+1), then the char poly is:
  t^m - C(m+1,2)*t^{m-1} + C(m+1,3)*t^{m-2} - ... + (-1)^m * C(m+1,m+1)
  = t^m - C(m+1,2)*t^{m-1} + ... + (-1)^m * 1

This is the Chebyshev-like polynomial arising from sin^2 ratios!

  p=5, m=2:
    e_j    = [3, 1]
    C(m+1) = [3, 3]
    Match: NO

  p=7, m=3:
    e_j    = [6, 5, 1]
    C(m+1) = [4, 6, 4]
    Match: NO

  p=11, m=5:
    e_j    = [15, 35, 28, 9, 1]
    C(m+1) = [6, 15, 20, 15, 6]
    Match: NO

  p=13, m=6:
    e_j    = [21, 70, 84, 45, 11, 1]
    C(m+1) = [7, 21, 35, 35, 21, 7]
    Match: NO

  p=17, m=8:
    e_j    = [36, 210, 462, 495, 286, 91, 15, 1]
    C(m+1) = [9, 36, 84, 126, 126, 84, 36, 9]
    Match: NO
