COMPUTING LEVEL-4 FOURIER COEFFICIENTS AT n=5
m = 10, N = 1024
Arcs: [(0, 1), (0, 2), (0, 3), (0, 4), (1, 2), (1, 3), (1, 4), (2, 3), (2, 4), (3, 4)]
Mean(H) = 7.5

Level 0: H_hat(empty) = 7.5, energy = 56.25

Level 2: 30 nonzero coefficients
  Energy = 16.875
  E_2/E_0 = 0.3
    S=(0, 1) = ((0, 1), (0, 2)), shared={0}, H_hat = -0.750000
    S=(0, 2) = ((0, 1), (0, 3)), shared={0}, H_hat = -0.750000
    S=(0, 3) = ((0, 1), (0, 4)), shared={0}, H_hat = -0.750000
    S=(0, 4) = ((0, 1), (1, 2)), shared={1}, H_hat = 0.750000
    S=(0, 5) = ((0, 1), (1, 3)), shared={1}, H_hat = 0.750000
    S=(0, 6) = ((0, 1), (1, 4)), shared={1}, H_hat = 0.750000
    S=(1, 2) = ((0, 2), (0, 3)), shared={0}, H_hat = -0.750000
    S=(1, 3) = ((0, 2), (0, 4)), shared={0}, H_hat = -0.750000
    S=(1, 4) = ((0, 2), (1, 2)), shared={2}, H_hat = -0.750000
    S=(1, 7) = ((0, 2), (2, 3)), shared={2}, H_hat = 0.750000

Level 4: 60 nonzero coefficients
  Energy = 0.9375
  E_4/E_0 = 0.016666666666666666

  ALL level-4 nonzero coefficients:
    S=(0, 1, 5, 8) arcs=((0, 1), (0, 2), (1, 3), (2, 4)) vertices={0, 1, 2, 3, 4} |V|=5 H_hat=0.125000
    S=(0, 1, 5, 9) arcs=((0, 1), (0, 2), (1, 3), (3, 4)) vertices={0, 1, 2, 3, 4} |V|=5 H_hat=-0.125000
    S=(0, 1, 6, 7) arcs=((0, 1), (0, 2), (1, 4), (2, 3)) vertices={0, 1, 2, 3, 4} |V|=5 H_hat=0.125000
    S=(0, 1, 6, 9) arcs=((0, 1), (0, 2), (1, 4), (3, 4)) vertices={0, 1, 2, 3, 4} |V|=5 H_hat=0.125000
    S=(0, 1, 7, 9) arcs=((0, 1), (0, 2), (2, 3), (3, 4)) vertices={0, 1, 2, 3, 4} |V|=5 H_hat=-0.125000
    S=(0, 1, 8, 9) arcs=((0, 1), (0, 2), (2, 4), (3, 4)) vertices={0, 1, 2, 3, 4} |V|=5 H_hat=0.125000
    S=(0, 2, 4, 8) arcs=((0, 1), (0, 3), (1, 2), (2, 4)) vertices={0, 1, 2, 3, 4} |V|=5 H_hat=-0.125000
    S=(0, 2, 4, 9) arcs=((0, 1), (0, 3), (1, 2), (3, 4)) vertices={0, 1, 2, 3, 4} |V|=5 H_hat=0.125000
    S=(0, 2, 6, 7) arcs=((0, 1), (0, 3), (1, 4), (2, 3)) vertices={0, 1, 2, 3, 4} |V|=5 H_hat=-0.125000
    S=(0, 2, 6, 8) arcs=((0, 1), (0, 3), (1, 4), (2, 4)) vertices={0, 1, 2, 3, 4} |V|=5 H_hat=0.125000
    S=(0, 2, 7, 8) arcs=((0, 1), (0, 3), (2, 3), (2, 4)) vertices={0, 1, 2, 3, 4} |V|=5 H_hat=0.125000
    S=(0, 2, 8, 9) arcs=((0, 1), (0, 3), (2, 4), (3, 4)) vertices={0, 1, 2, 3, 4} |V|=5 H_hat=0.125000
    S=(0, 3, 4, 7) arcs=((0, 1), (0, 4), (1, 2), (2, 3)) vertices={0, 1, 2, 3, 4} |V|=5 H_hat=-0.125000
    S=(0, 3, 4, 9) arcs=((0, 1), (0, 4), (1, 2), (3, 4)) vertices={0, 1, 2, 3, 4} |V|=5 H_hat=-0.125000
    S=(0, 3, 5, 7) arcs=((0, 1), (0, 4), (1, 3), (2, 3)) vertices={0, 1, 2, 3, 4} |V|=5 H_hat=0.125000
    S=(0, 3, 5, 8) arcs=((0, 1), (0, 4), (1, 3), (2, 4)) vertices={0, 1, 2, 3, 4} |V|=5 H_hat=-0.125000
    S=(0, 3, 7, 8) arcs=((0, 1), (0, 4), (2, 3), (2, 4)) vertices={0, 1, 2, 3, 4} |V|=5 H_hat=0.125000
    S=(0, 3, 7, 9) arcs=((0, 1), (0, 4), (2, 3), (3, 4)) vertices={0, 1, 2, 3, 4} |V|=5 H_hat=-0.125000
    S=(0, 4, 7, 9) arcs=((0, 1), (1, 2), (2, 3), (3, 4)) vertices={0, 1, 2, 3, 4} |V|=5 H_hat=0.125000
    S=(0, 4, 8, 9) arcs=((0, 1), (1, 2), (2, 4), (3, 4)) vertices={0, 1, 2, 3, 4} |V|=5 H_hat=-0.125000
    S=(0, 5, 7, 8) arcs=((0, 1), (1, 3), (2, 3), (2, 4)) vertices={0, 1, 2, 3, 4} |V|=5 H_hat=-0.125000
    S=(0, 5, 8, 9) arcs=((0, 1), (1, 3), (2, 4), (3, 4)) vertices={0, 1, 2, 3, 4} |V|=5 H_hat=-0.125000
    S=(0, 6, 7, 8) arcs=((0, 1), (1, 4), (2, 3), (2, 4)) vertices={0, 1, 2, 3, 4} |V|=5 H_hat=-0.125000
    S=(0, 6, 7, 9) arcs=((0, 1), (1, 4), (2, 3), (3, 4)) vertices={0, 1, 2, 3, 4} |V|=5 H_hat=0.125000
    S=(1, 2, 4, 6) arcs=((0, 2), (0, 3), (1, 2), (1, 4)) vertices={0, 1, 2, 3, 4} |V|=5 H_hat=0.125000
    S=(1, 2, 4, 9) arcs=((0, 2), (0, 3), (1, 2), (3, 4)) vertices={0, 1, 2, 3, 4} |V|=5 H_hat=-0.125000
    S=(1, 2, 5, 6) arcs=((0, 2), (0, 3), (1, 3), (1, 4)) vertices={0, 1, 2, 3, 4} |V|=5 H_hat=0.125000
    S=(1, 2, 5, 8) arcs=((0, 2), (0, 3), (1, 3), (2, 4)) vertices={0, 1, 2, 3, 4} |V|=5 H_hat=-0.125000
    S=(1, 2, 6, 8) arcs=((0, 2), (0, 3), (1, 4), (2, 4)) vertices={0, 1, 2, 3, 4} |V|=5 H_hat=0.125000
    S=(1, 2, 6, 9) arcs=((0, 2), (0, 3), (1, 4), (3, 4)) vertices={0, 1, 2, 3, 4} |V|=5 H_hat=0.125000
    S=(1, 3, 4, 5) arcs=((0, 2), (0, 4), (1, 2), (1, 3)) vertices={0, 1, 2, 3, 4} |V|=5 H_hat=0.125000
    S=(1, 3, 4, 9) arcs=((0, 2), (0, 4), (1, 2), (3, 4)) vertices={0, 1, 2, 3, 4} |V|=5 H_hat=0.125000
    S=(1, 3, 5, 6) arcs=((0, 2), (0, 4), (1, 3), (1, 4)) vertices={0, 1, 2, 3, 4} |V|=5 H_hat=0.125000
    S=(1, 3, 5, 7) arcs=((0, 2), (0, 4), (1, 3), (2, 3)) vertices={0, 1, 2, 3, 4} |V|=5 H_hat=0.125000
    S=(1, 3, 5, 9) arcs=((0, 2), (0, 4), (1, 3), (3, 4)) vertices={0, 1, 2, 3, 4} |V|=5 H_hat=-0.125000
    S=(1, 3, 6, 7) arcs=((0, 2), (0, 4), (1, 4), (2, 3)) vertices={0, 1, 2, 3, 4} |V|=5 H_hat=-0.125000
    S=(1, 4, 5, 9) arcs=((0, 2), (1, 2), (1, 3), (3, 4)) vertices={0, 1, 2, 3, 4} |V|=5 H_hat=-0.125000
    S=(1, 4, 6, 9) arcs=((0, 2), (1, 2), (1, 4), (3, 4)) vertices={0, 1, 2, 3, 4} |V|=5 H_hat=0.125000
    S=(1, 5, 6, 7) arcs=((0, 2), (1, 3), (1, 4), (2, 3)) vertices={0, 1, 2, 3, 4} |V|=5 H_hat=-0.125000
    S=(1, 5, 6, 8) arcs=((0, 2), (1, 3), (1, 4), (2, 4)) vertices={0, 1, 2, 3, 4} |V|=5 H_hat=-0.125000
    S=(1, 5, 8, 9) arcs=((0, 2), (1, 3), (2, 4), (3, 4)) vertices={0, 1, 2, 3, 4} |V|=5 H_hat=0.125000
    S=(1, 6, 7, 9) arcs=((0, 2), (1, 4), (2, 3), (3, 4)) vertices={0, 1, 2, 3, 4} |V|=5 H_hat=-0.125000
    S=(2, 3, 4, 5) arcs=((0, 3), (0, 4), (1, 2), (1, 3)) vertices={0, 1, 2, 3, 4} |V|=5 H_hat=0.125000
    S=(2, 3, 4, 6) arcs=((0, 3), (0, 4), (1, 2), (1, 4)) vertices={0, 1, 2, 3, 4} |V|=5 H_hat=0.125000
    S=(2, 3, 4, 7) arcs=((0, 3), (0, 4), (1, 2), (2, 3)) vertices={0, 1, 2, 3, 4} |V|=5 H_hat=-0.125000
    S=(2, 3, 4, 8) arcs=((0, 3), (0, 4), (1, 2), (2, 4)) vertices={0, 1, 2, 3, 4} |V|=5 H_hat=-0.125000
    S=(2, 3, 5, 8) arcs=((0, 3), (0, 4), (1, 3), (2, 4)) vertices={0, 1, 2, 3, 4} |V|=5 H_hat=0.125000
    S=(2, 3, 6, 7) arcs=((0, 3), (0, 4), (1, 4), (2, 3)) vertices={0, 1, 2, 3, 4} |V|=5 H_hat=0.125000
    S=(2, 4, 5, 8) arcs=((0, 3), (1, 2), (1, 3), (2, 4)) vertices={0, 1, 2, 3, 4} |V|=5 H_hat=-0.125000
    S=(2, 4, 6, 7) arcs=((0, 3), (1, 2), (1, 4), (2, 3)) vertices={0, 1, 2, 3, 4} |V|=5 H_hat=0.125000
    S=(2, 4, 6, 9) arcs=((0, 3), (1, 2), (1, 4), (3, 4)) vertices={0, 1, 2, 3, 4} |V|=5 H_hat=-0.125000
    S=(2, 4, 8, 9) arcs=((0, 3), (1, 2), (2, 4), (3, 4)) vertices={0, 1, 2, 3, 4} |V|=5 H_hat=0.125000
    S=(2, 5, 6, 8) arcs=((0, 3), (1, 3), (1, 4), (2, 4)) vertices={0, 1, 2, 3, 4} |V|=5 H_hat=0.125000
    S=(2, 6, 7, 8) arcs=((0, 3), (1, 4), (2, 3), (2, 4)) vertices={0, 1, 2, 3, 4} |V|=5 H_hat=0.125000
    S=(3, 4, 5, 8) arcs=((0, 4), (1, 2), (1, 3), (2, 4)) vertices={0, 1, 2, 3, 4} |V|=5 H_hat=0.125000
    S=(3, 4, 5, 9) arcs=((0, 4), (1, 2), (1, 3), (3, 4)) vertices={0, 1, 2, 3, 4} |V|=5 H_hat=0.125000
    S=(3, 4, 6, 7) arcs=((0, 4), (1, 2), (1, 4), (2, 3)) vertices={0, 1, 2, 3, 4} |V|=5 H_hat=-0.125000
    S=(3, 4, 7, 9) arcs=((0, 4), (1, 2), (2, 3), (3, 4)) vertices={0, 1, 2, 3, 4} |V|=5 H_hat=-0.125000
    S=(3, 5, 6, 7) arcs=((0, 4), (1, 3), (1, 4), (2, 3)) vertices={0, 1, 2, 3, 4} |V|=5 H_hat=0.125000
    S=(3, 5, 7, 8) arcs=((0, 4), (1, 3), (2, 3), (2, 4)) vertices={0, 1, 2, 3, 4} |V|=5 H_hat=0.125000

  Unique magnitudes: [np.float64(0.125)]
  Number of nonzero level-4 coefficients: 60
  E_4 = 0.9375
  E_4/E_0 = 211/225

  Expected E_4 = 15/16 = 0.9375
  Computed E_4 = 0.9375
  Match: True

  Each level-4 coefficient magnitude: 0.125
  Number of nonzero: 60
  Check: 60 * 0.125^2 = 0.9375
  = 0.9375

  STRUCTURE ANALYSIS of nonzero level-4 subsets:
    5 vertices covered: 60 subsets

  Checking level 6 (should be zero at n=5 by Degree Drop):
    First 100 level-6 coefficients: total energy = 0.0000000000
    (Should be 0 by Degree Drop)

======================================================================
SUMMARY
======================================================================
  Level 0: E_0 = 56.250000 (75.95%)
  Level 2: E_2 = 16.875000 (22.78%)
  Level 4: E_4 = 0.937500 (1.27%)
  Total: 74.062500 (= Mean(H^2))
