======================================================================
EIGENSPACE BETTI DECOMPOSITION — PALEY TOURNAMENTS
======================================================================

--- T_7 (Paley, p=7) ---
Total Omega dims: [1, 3, 6, 9, 9, 6, 3]
Betti: [1, 0, 0, 0, 6, 0, 0] [0.0s]

Per-eigenspace Omega_m^(k) dims [non-trivial k only, m=0..6]:
k   | m= 0 m= 1 m= 2 m= 3 m= 4 m= 5 m= 6
----------------------------------------
k= 0 |    1    3    6    9    9    6    3
k= 1 |    1    3    6    9    9    6    3
k= 2 |    1    3    6    9    9    6    3
k= 3 |    1    3    6    9    9    6    3
k= 4 |    1    3    6    9    9    6    3
k= 5 |    1    3    6    9    9    6    3
k= 6 |    1    3    6    9    9    6    3

Per-eigenspace beta_m^(k) contributions [m=0..6]:
k   | m= 0 m= 1 m= 2 m= 3 m= 4 m= 5 m= 6
----------------------------------------
k= 0 |    1    0    0    0    0    0    0
k= 1 |    0    0    0    0    1    0    0
k= 2 |    0    0    0    0    1    0    0
k= 3 |    0    0    0    0    1    0    0
k= 4 |    0    0    0    0    1    0    0
k= 5 |    0    0    0    0    1    0    0
k= 6 |    0    0    0    0    1    0    0
TOTAL|    1    0    0    0    6    0    0
Partial betti check (m=0..6): [1, 0, 0, 0, 6, 0, 0]

--- T_11 (Paley, p=11) ---
Total Omega dims: [1, 5, 20, 70, 205, 460, 700, 690, 450, 180, 30]
Betti: [1, 0, 0, 0, 0, 5, 15, 0, 0, 0, 0] [0.0s]

Per-eigenspace Omega_m^(k) dims [non-trivial k only, m=0..4]:
k   | m= 0 m= 1 m= 2 m= 3 m= 4
------------------------------
k= 0 |    1    5   20   70  205
k= 1 |    1    5   20   70  205
k= 2 |    1    5   20   70  205
k= 3 |    1    5   20   70  205
k= 4 |    1    5   20   70  205
k= 5 |    1    5   20   70  205
k= 6 |    1    5   20   70  205
k= 7 |    1    5   20   70  205
k= 8 |    1    5   20   70  205
k= 9 |    1    5   20   70  205
k=10 |    1    5   20   70  205

Per-eigenspace beta_m^(k) contributions [m=0..4]:
k   | m= 0 m= 1 m= 2 m= 3 m= 4
------------------------------
k= 0 |    1    0    0    0  150
k= 1 |    0    0    0    0  151
k= 2 |    0    0    0    0  151
k= 3 |    0    0    0    0  151
k= 4 |    0    0    0    0  151
k= 5 |    0    0    0    0  151
k= 6 |    0    0    0    0  151
k= 7 |    0    0    0    0  151
k= 8 |    0    0    0    0  151
k= 9 |    0    0    0    0  151
k=10 |    0    0    0    0  151
TOTAL|    1    0    0    0 1660
Partial betti check (m=0..4): [1, 0, 0, 0, 1660]


--- T_13 cyclic interval (maximizer) vs Satake ---
Using prime=53 for n=13
Traceback (most recent call last):
  File "C:\Users\Eliott\Documents\GitHub\math\04-computation\eigenspace_betti_pattern.py", line 167, in <module>
    main()
    ~~~~^^
  File "C:\Users\Eliott\Documents\GitHub\math\04-computation\eigenspace_betti_pattern.py", line 131, in main
    omega_dims = ch.omega_dims(max_deg_omega)
  File "C:\Users\Eliott\Documents\GitHub\math\04-computation\circulant_homology.py", line 350, in omega_dims
    self._ensure_enumerated(max_degree)
    ~~~~~~~~~~~~~~~~~~~~~~~^^^^^^^^^^^^
  File "C:\Users\Eliott\Documents\GitHub\math\04-computation\circulant_homology.py", line 333, in _ensure_enumerated
    self._diff_seqs = enumerate_diff_seqs(self.S, self.n, max_degree)
                      ~~~~~~~~~~~~~~~~~~~^^^^^^^^^^^^^^^^^^^^^^^^^^^^
  File "C:\Users\Eliott\Documents\GitHub\math\04-computation\circulant_homology.py", line 123, in enumerate_diff_seqs
    nl[ns] = nls
    ~~^^^^
MemoryError
