Using modular prime MODP = 100057 (≡ 1 mod 11)
P_11: m=5, QR=[1, 3, 4, 5, 9]
  d=1: A=5 (0.0s)
  d=2: A=25 (0.0s)
  d=3: A=110 (0.0s)
  d=4: A=430 (0.0s)
  d=5: A=1430 (0.0s)
  d=6: A=3970 (0.0s)
  d=7: A=8735 (0.0s)
  d=8: A=14395 (0.1s)
  d=9: A=15745 (0.1s)
  d=10: A=8645 (0.2s)

--- Eigenspace k=0 (omega^k = 1 mod 100057) ---
  d=1: Ω=5, rank(∂)=0 (0.2s)
  d=2: Ω=20, rank(∂)=5 (0.2s)
  d=3: Ω=70, rank(∂)=15 (0.2s)
  d=4: Ω=205, rank(∂)=55 (0.2s)
  d=5: Ω=460, rank(∂)=150 (0.6s)
  d=6: Ω=700, rank(∂)=305 (1.5s)
  d=7: Ω=690, rank(∂)=390 (2.4s)
  d=8: Ω=450, rank(∂)=300 (3.1s)
  d=9: Ω=180, rank(∂)=150 (4.0s)
  d=10: Ω=30, rank(∂)=30 (4.5s)
  β = [1, 0, 0, 0, 0, 5, 5, 0, 0, 0, 0]
  χ = 1

--- Eigenspace k=1 (omega^k = 80047 mod 100057) ---
  d=1: Ω=5, rank(∂)=1 (4.6s)
  d=2: Ω=20, rank(∂)=4 (4.6s)
  d=3: Ω=70, rank(∂)=16 (4.6s)
  d=4: Ω=205, rank(∂)=54 (4.6s)
  d=5: Ω=460, rank(∂)=151 (5.2s)
  d=6: Ω=700, rank(∂)=309 (6.8s)
  d=7: Ω=690, rank(∂)=390 (7.7s)
  d=8: Ω=450, rank(∂)=300 (8.5s)
  d=9: Ω=180, rank(∂)=150 (9.3s)
  d=10: Ω=30, rank(∂)=30 (9.8s)
  β = [0, 0, 0, 0, 0, 0, 1, 0, 0, 0, 0]
  χ = 1

--- Eigenspace k=3 (omega^k = 40826 mod 100057) ---
  d=1: Ω=5, rank(∂)=1 (9.8s)
  d=2: Ω=20, rank(∂)=4 (9.8s)
  d=3: Ω=70, rank(∂)=16 (9.9s)
  d=4: Ω=205, rank(∂)=54 (9.9s)
  d=5: Ω=460, rank(∂)=151 (10.5s)
  d=6: Ω=700, rank(∂)=309 (12.1s)
  d=7: Ω=690, rank(∂)=390 (13.0s)
  d=8: Ω=450, rank(∂)=300 (13.8s)
  d=9: Ω=180, rank(∂)=150 (14.7s)
  d=10: Ω=30, rank(∂)=30 (15.2s)
  β = [0, 0, 0, 0, 0, 0, 1, 0, 0, 0, 0]
  χ = 1

============================================================
SUMMARY:
  k=0: β = [1, 0, 0, 0, 0, 5, 5, 0, 0, 0, 0]
  k=1: β = [0, 0, 0, 0, 0, 0, 1, 0, 0, 0, 0]
  k=3: β = [0, 0, 0, 0, 0, 0, 1, 0, 0, 0, 0]

  k=0 (1 eigenspace): [1, 0, 0, 0, 0, 5, 5, 0, 0, 0, 0]
  k∈QR (5 eigenspaces, rep k=3): [0, 0, 0, 0, 0, 0, 1, 0, 0, 0, 0]
  k∈NQR (5 eigenspaces, rep k=1): [0, 0, 0, 0, 0, 0, 1, 0, 0, 0, 0]

  Total β = [1, 0, 0, 0, 0, 5, 15, 0, 0, 0, 0]
  Expected: [1, 0, 0, 0, 0, 5, 15, 0, 0, 0, 0]
============================================================
