======================================================================
ESF IDENTIFICATION FOR INTERVAL Q-POLYNOMIAL
======================================================================
  p=5, m=2: [3, 1]
  p=7, m=3: [6, 5, 1]
  p=11, m=5: [15, 35, 28, 9, 1]
  p=13, m=6: [21, 70, 84, 45, 11, 1]
  p=17, m=8: [36, 210, 462, 495, 286, 91, 15, 1]
  p=19, m=9: [45, 330, 924, 1287, 1001, 455, 120, 17, 1]
  p=23, m=11: [66, 715, 3003, 6435, 8008, 6188, 3060, 969, 190, 21, 1]
  p=29, m=14: [105, 1820, 12376, 43758, 92378, 125970, 116280, 74613, 33649, 10626, 2300, 325, 27, 1]
  p=31, m=15: [120, 2380, 18564, 75582, 184756, 293930, 319770, 245157, 134596, 53130, 14950, 2925, 378, 29, 1]

--- PART 1: REVERSED ESFs ---
  p=5: reversed = [1, 3]
  p=7: reversed = [1, 5, 6]
  p=11: reversed = [1, 9, 28, 35, 15]
  p=13: reversed = [1, 11, 45, 84, 70, 21]
  p=17: reversed = [1, 15, 91, 286, 495, 462, 210, 36]
  p=19: reversed = [1, 17, 120, 455, 1001, 1287, 924, 330, 45]
  p=23: reversed = [1, 21, 190, 969, 3060, 6188, 8008, 6435, 3003, 715, 66]
  p=29: reversed = [1, 27, 325, 2300, 10626, 33649, 74613, 116280, 125970, 92378, 43758, 12376, 1820, 105]
  p=31: reversed = [1, 29, 378, 2925, 14950, 53130, 134596, 245157, 319770, 293930, 184756, 75582, 18564, 2380, 120]

--- PART 2: FORMULA SEARCH ---
Trying: e_j * p = C(p, 2j) * ratio(j)

  p=5:
    e_1 * p / C(p,2) = 3 * 5 / 10 = 1.500000
    e_2 * p / C(p,4) = 1 * 5 / 5 = 1.000000

  p=7:
    e_1 * p / C(p,2) = 6 * 7 / 21 = 2.000000
    e_2 * p / C(p,4) = 5 * 7 / 35 = 1.000000
    e_3 * p / C(p,6) = 1 * 7 / 7 = 1.000000

  p=11:
    e_1 * p / C(p,2) = 15 * 11 / 55 = 3.000000
    e_2 * p / C(p,4) = 35 * 11 / 330 = 1.166667
    e_3 * p / C(p,6) = 28 * 11 / 462 = 0.666667
    e_4 * p / C(p,8) = 9 * 11 / 165 = 0.600000
    e_5 * p / C(p,10) = 1 * 11 / 11 = 1.000000

  p=13:
    e_1 * p / C(p,2) = 21 * 13 / 78 = 3.500000
    e_2 * p / C(p,4) = 70 * 13 / 715 = 1.272727
    e_3 * p / C(p,6) = 84 * 13 / 1716 = 0.636364
    e_4 * p / C(p,8) = 45 * 13 / 1287 = 0.454545
    e_5 * p / C(p,10) = 11 * 13 / 286 = 0.500000
    e_6 * p / C(p,12) = 1 * 13 / 13 = 1.000000

  p=17:
    e_1 * p / C(p,2) = 36 * 17 / 136 = 4.500000
    e_2 * p / C(p,4) = 210 * 17 / 2380 = 1.500000
    e_3 * p / C(p,6) = 462 * 17 / 12376 = 0.634615
    e_4 * p / C(p,8) = 495 * 17 / 24310 = 0.346154
    e_5 * p / C(p,10) = 286 * 17 / 19448 = 0.250000
    e_6 * p / C(p,12) = 91 * 17 / 6188 = 0.250000
    e_7 * p / C(p,14) = 15 * 17 / 680 = 0.375000
    e_8 * p / C(p,16) = 1 * 17 / 17 = 1.000000

  p=19:
    e_1 * p / C(p,2) = 45 * 19 / 171 = 5.000000
    e_2 * p / C(p,4) = 330 * 19 / 3876 = 1.617647
    e_3 * p / C(p,6) = 924 * 19 / 27132 = 0.647059
    e_4 * p / C(p,8) = 1287 * 19 / 75582 = 0.323529
    e_5 * p / C(p,10) = 1001 * 19 / 92378 = 0.205882
    e_6 * p / C(p,12) = 455 * 19 / 50388 = 0.171569
    e_7 * p / C(p,14) = 120 * 19 / 11628 = 0.196078
    e_8 * p / C(p,16) = 17 * 19 / 969 = 0.333333
    e_9 * p / C(p,18) = 1 * 19 / 19 = 1.000000

  p=23:
    e_1 * p / C(p,2) = 66 * 23 / 253 = 6.000000
    e_2 * p / C(p,4) = 715 * 23 / 8855 = 1.857143
    e_3 * p / C(p,6) = 3003 * 23 / 100947 = 0.684211
    e_4 * p / C(p,8) = 6435 * 23 / 490314 = 0.301858
    e_5 * p / C(p,10) = 8008 * 23 / 1144066 = 0.160991
    e_6 * p / C(p,12) = 6188 * 23 / 1352078 = 0.105263
    e_7 * p / C(p,14) = 3060 * 23 / 817190 = 0.086124
    e_8 * p / C(p,16) = 969 * 23 / 245157 = 0.090909
    e_9 * p / C(p,18) = 190 * 23 / 33649 = 0.129870
    e_10 * p / C(p,20) = 21 * 23 / 1771 = 0.272727
    e_11 * p / C(p,22) = 1 * 23 / 23 = 1.000000

  p=29:
    e_1 * p / C(p,2) = 105 * 29 / 406 = 7.500000
    e_2 * p / C(p,4) = 1820 * 29 / 23751 = 2.222222
    e_3 * p / C(p,6) = 12376 * 29 / 475020 = 0.755556
    e_4 * p / C(p,8) = 43758 * 29 / 4292145 = 0.295652
    e_5 * p / C(p,10) = 92378 * 29 / 20030010 = 0.133747
    e_6 * p / C(p,12) = 125970 * 29 / 51895935 = 0.070393
    e_7 * p / C(p,14) = 116280 * 29 / 77558760 = 0.043478
    e_8 * p / C(p,16) = 74613 * 29 / 67863915 = 0.031884
    e_9 * p / C(p,18) = 33649 * 29 / 34597290 = 0.028205
    e_10 * p / C(p,20) = 10626 * 29 / 10015005 = 0.030769
    e_11 * p / C(p,22) = 2300 * 29 / 1560780 = 0.042735
    e_12 * p / C(p,24) = 325 * 29 / 118755 = 0.079365
    e_13 * p / C(p,26) = 27 * 29 / 3654 = 0.214286
    e_14 * p / C(p,28) = 1 * 29 / 29 = 1.000000

  p=31:
    e_1 * p / C(p,2) = 120 * 31 / 465 = 8.000000
    e_2 * p / C(p,4) = 2380 * 31 / 31465 = 2.344828
    e_3 * p / C(p,6) = 18564 * 31 / 736281 = 0.781609
    e_4 * p / C(p,8) = 75582 * 31 / 7888725 = 0.297011
    e_5 * p / C(p,10) = 184756 * 31 / 44352165 = 0.129135
    e_6 * p / C(p,12) = 293930 * 31 / 141120525 = 0.064568
    e_7 * p / C(p,14) = 319770 * 31 / 265182525 = 0.037381
    e_8 * p / C(p,16) = 245157 * 31 / 300540195 = 0.025287
    e_9 * p / C(p,18) = 134596 * 31 / 206253075 = 0.020230
    e_10 * p / C(p,20) = 53130 * 31 / 84672315 = 0.019452
    e_11 * p / C(p,22) = 14950 * 31 / 20160075 = 0.022989
    e_12 * p / C(p,24) = 2925 * 31 / 2629575 = 0.034483
    e_13 * p / C(p,26) = 378 * 31 / 169911 = 0.068966
    e_14 * p / C(p,28) = 29 * 31 / 4495 = 0.200000
    e_15 * p / C(p,30) = 1 * 31 / 31 = 1.000000

--- PART 3: FORMULA CANDIDATES ---

  p=5, m=2:
    e_1 = 3 ~ C(2m,2j-1)/(2j-1)=4.0, C(2m+1,2j)/(2j)=5.0, C(2m+1,2j+1)/(2j+1)=3.3, C(p,2j)/p=2.0, C(p-2,2j-2)=1.0
    e_2 = 1 = C(p,2j)/p

  p=7, m=3:
    e_1 = 6 = C(2m,2j-1)/(2j-1)
    e_2 = 5 = C(p,2j)/p
    e_3 = 1 = C(p,2j)/p

  p=11, m=5:
    e_1 = 15 ~ C(2m,2j-1)/(2j-1)=10.0, C(2m+1,2j)/(2j)=27.5, C(2m+1,2j+1)/(2j+1)=55.0, C(p,2j)/p=5.0, C(p-2,2j-2)=1.0
    e_2 = 35 ~ C(2m,2j-1)/(2j-1)=40.0, C(2m+1,2j)/(2j)=82.5, C(2m+1,2j+1)/(2j+1)=92.4, C(p,2j)/p=30.0, C(p-2,2j-2)=36.0
    e_3 = 28 ~ C(2m,2j-1)/(2j-1)=50.4, C(2m+1,2j)/(2j)=77.0, C(2m+1,2j+1)/(2j+1)=47.1, C(p,2j)/p=42.0, C(p-2,2j-2)=126.0
    e_4 = 9 ~ C(2m,2j-1)/(2j-1)=17.1, C(2m+1,2j)/(2j)=20.6, C(2m+1,2j+1)/(2j+1)=6.1, C(p,2j)/p=15.0, C(p-2,2j-2)=84.0
    e_5 = 1 = C(p,2j)/p

  p=13, m=6:
    e_1 = 21 ~ C(2m,2j-1)/(2j-1)=12.0, C(2m+1,2j)/(2j)=39.0, C(2m+1,2j+1)/(2j+1)=95.3, C(p,2j)/p=6.0, C(p-2,2j-2)=1.0
    e_2 = 70 ~ C(2m,2j-1)/(2j-1)=73.3, C(2m+1,2j)/(2j)=178.8, C(2m+1,2j+1)/(2j+1)=257.4, C(p,2j)/p=55.0, C(p-2,2j-2)=55.0
    e_3 = 84 ~ C(2m,2j-1)/(2j-1)=158.4, C(2m+1,2j)/(2j)=286.0, C(2m+1,2j+1)/(2j+1)=245.1, C(p,2j)/p=132.0, C(p-2,2j-2)=330.0
    e_4 = 45 ~ C(2m,2j-1)/(2j-1)=113.1, C(2m+1,2j)/(2j)=160.9, C(2m+1,2j+1)/(2j+1)=79.4, C(p,2j)/p=99.0, C(p-2,2j-2)=462.0
    e_5 = 11 ~ C(2m,2j-1)/(2j-1)=24.4, C(2m+1,2j)/(2j)=28.6, C(2m+1,2j+1)/(2j+1)=7.1, C(p,2j)/p=22.0, C(p-2,2j-2)=165.0
    e_6 = 1 = C(p,2j)/p

  p=17, m=8:
    e_1 = 36 ~ C(2m,2j-1)/(2j-1)=16.0, C(2m+1,2j)/(2j)=68.0, C(2m+1,2j+1)/(2j+1)=226.7, C(p,2j)/p=8.0, C(p-2,2j-2)=1.0
    e_2 = 210 ~ C(2m,2j-1)/(2j-1)=186.7, C(2m+1,2j)/(2j)=595.0, C(2m+1,2j+1)/(2j+1)=1237.6, C(p,2j)/p=140.0, C(p-2,2j-2)=105.0
    e_3 = 462 ~ C(2m,2j-1)/(2j-1)=873.6, C(2m+1,2j)/(2j)=2062.7, C(2m+1,2j+1)/(2j+1)=2778.3, C(p,2j)/p=728.0, C(p-2,2j-2)=1365.0
    e_4 = 495 ~ C(2m,2j-1)/(2j-1)=1634.3, C(2m+1,2j)/(2j)=3038.8, C(2m+1,2j+1)/(2j+1)=2701.1, C(p,2j)/p=1430.0, C(p-2,2j-2)=5005.0
    e_5 = 286 ~ C(2m,2j-1)/(2j-1)=1271.1, C(2m+1,2j)/(2j)=1944.8, C(2m+1,2j+1)/(2j+1)=1125.1, C(p,2j)/p=1144.0, C(p-2,2j-2)=6435.0
    e_6 = 91 ~ C(2m,2j-1)/(2j-1)=397.1, C(2m+1,2j)/(2j)=515.7, C(2m+1,2j+1)/(2j+1)=183.1, C(p,2j)/p=364.0, C(p-2,2j-2)=3003.0
    e_7 = 15 ~ C(2m,2j-1)/(2j-1)=43.1, C(2m+1,2j)/(2j)=48.6, C(2m+1,2j+1)/(2j+1)=9.1, C(p,2j)/p=40.0, C(p-2,2j-2)=455.0
    e_8 = 1 = C(p,2j)/p

  p=19, m=9:
    e_1 = 45 ~ C(2m,2j-1)/(2j-1)=18.0, C(2m+1,2j)/(2j)=85.5, C(2m+1,2j+1)/(2j+1)=323.0, C(p,2j)/p=9.0, C(p-2,2j-2)=1.0
    e_2 = 330 ~ C(2m,2j-1)/(2j-1)=272.0, C(2m+1,2j)/(2j)=969.0, C(2m+1,2j+1)/(2j+1)=2325.6, C(p,2j)/p=204.0, C(p-2,2j-2)=136.0
    e_3 = 924 ~ C(2m,2j-1)/(2j-1)=1713.6, C(2m+1,2j)/(2j)=4522.0, C(2m+1,2j+1)/(2j+1)=7198.3, C(p,2j)/p=1428.0, C(p-2,2j-2)=2380.0
    e_4 = 1287 ~ C(2m,2j-1)/(2j-1)=4546.3, C(2m+1,2j)/(2j)=9447.8, C(2m+1,2j+1)/(2j+1)=10264.2, C(p,2j)/p=3978.0, C(p-2,2j-2)=12376.0
    e_5 = 1001 ~ C(2m,2j-1)/(2j-1)=5402.2, C(2m+1,2j)/(2j)=9237.8, C(2m+1,2j+1)/(2j+1)=6871.1, C(p,2j)/p=4862.0, C(p-2,2j-2)=24310.0
    e_6 = 455 ~ C(2m,2j-1)/(2j-1)=2893.1, C(2m+1,2j)/(2j)=4199.0, C(2m+1,2j+1)/(2j+1)=2087.1, C(p,2j)/p=2652.0, C(p-2,2j-2)=19448.0
    e_7 = 120 ~ C(2m,2j-1)/(2j-1)=659.1, C(2m+1,2j)/(2j)=830.6, C(2m+1,2j+1)/(2j+1)=258.4, C(p,2j)/p=612.0, C(p-2,2j-2)=6188.0
    e_8 = 17 ~ C(2m,2j-1)/(2j-1)=54.4, C(2m+1,2j)/(2j)=60.6, C(2m+1,2j+1)/(2j+1)=10.1, C(p,2j)/p=51.0, C(p-2,2j-2)=680.0
    e_9 = 1 = C(p,2j)/p

  p=23, m=11:
    e_1 = 66 ~ C(2m,2j-1)/(2j-1)=22.0, C(2m+1,2j)/(2j)=126.5, C(2m+1,2j+1)/(2j+1)=590.3, C(p,2j)/p=11.0, C(p-2,2j-2)=1.0
    e_2 = 715 ~ C(2m,2j-1)/(2j-1)=513.3, C(2m+1,2j)/(2j)=2213.8, C(2m+1,2j+1)/(2j+1)=6729.8, C(p,2j)/p=385.0, C(p-2,2j-2)=210.0
    e_3 = 3003 ~ C(2m,2j-1)/(2j-1)=5266.8, C(2m+1,2j)/(2j)=16824.5, C(2m+1,2j+1)/(2j+1)=35022.4, C(p,2j)/p=4389.0, C(p-2,2j-2)=5985.0
    e_4 = 6435 ~ C(2m,2j-1)/(2j-1)=24363.4, C(2m+1,2j)/(2j)=61289.2, C(2m+1,2j+1)/(2j+1)=90798.9, C(p,2j)/p=21318.0, C(p-2,2j-2)=54264.0
    e_5 = 8008 ~ C(2m,2j-1)/(2j-1)=55268.9, C(2m+1,2j)/(2j)=114406.6, C(2m+1,2j+1)/(2j+1)=122916.2, C(p,2j)/p=49742.0, C(p-2,2j-2)=203490.0
    e_6 = 6188 ~ C(2m,2j-1)/(2j-1)=64130.2, C(2m+1,2j)/(2j)=112673.2, C(2m+1,2j+1)/(2j+1)=88005.1, C(p,2j)/p=58786.0, C(p-2,2j-2)=352716.0
    e_7 = 3060 ~ C(2m,2j-1)/(2j-1)=38263.1, C(2m+1,2j)/(2j)=58370.7, C(2m+1,2j+1)/(2j+1)=32687.6, C(p,2j)/p=35530.0, C(p-2,2j-2)=293930.0
    e_8 = 969 ~ C(2m,2j-1)/(2j-1)=11369.6, C(2m+1,2j)/(2j)=15322.3, C(2m+1,2j+1)/(2j+1)=5938.1, C(p,2j)/p=10659.0, C(p-2,2j-2)=116280.0
    e_9 = 190 ~ C(2m,2j-1)/(2j-1)=1549.1, C(2m+1,2j)/(2j)=1869.4, C(2m+1,2j+1)/(2j+1)=466.1, C(p,2j)/p=1463.0, C(p-2,2j-2)=20349.0
    e_10 = 21 ~ C(2m,2j-1)/(2j-1)=81.1, C(2m+1,2j)/(2j)=88.5, C(2m+1,2j+1)/(2j+1)=12.0, C(p,2j)/p=77.0, C(p-2,2j-2)=1330.0
    e_11 = 1 = C(p,2j)/p

  p=29, m=14:
    e_1 = 105 ~ C(2m,2j-1)/(2j-1)=28.0, C(2m+1,2j)/(2j)=203.0, C(2m+1,2j+1)/(2j+1)=1218.0, C(p,2j)/p=14.0, C(p-2,2j-2)=1.0
    e_2 = 1820 ~ C(2m,2j-1)/(2j-1)=1092.0, C(2m+1,2j)/(2j)=5937.8, C(2m+1,2j+1)/(2j+1)=23751.0, C(p,2j)/p=819.0, C(p-2,2j-2)=351.0
    e_3 = 12376 ~ C(2m,2j-1)/(2j-1)=19656.0, C(2m+1,2j)/(2j)=79170.0, C(2m+1,2j+1)/(2j+1)=222968.6, C(p,2j)/p=16380.0, C(p-2,2j-2)=17550.0
    e_4 = 43758 ~ C(2m,2j-1)/(2j-1)=169148.6, C(2m+1,2j)/(2j)=536518.1, C(2m+1,2j+1)/(2j+1)=1112778.3, C(p,2j)/p=148005.0, C(p-2,2j-2)=296010.0
    e_5 = 92378 ~ C(2m,2j-1)/(2j-1)=767433.3, C(2m+1,2j)/(2j)=2003001.0, C(2m+1,2j+1)/(2j+1)=3145208.2, C(p,2j)/p=690690.0, C(p-2,2j-2)=2220075.0
    e_6 = 125970 ~ C(2m,2j-1)/(2j-1)=1952198.2, C(2m+1,2j)/(2j)=4324661.2, C(2m+1,2j+1)/(2j+1)=5220301.2, C(p,2j)/p=1789515.0, C(p-2,2j-2)=8436285.0
    e_7 = 116280 ~ C(2m,2j-1)/(2j-1)=2880166.2, C(2m+1,2j)/(2j)=5539911.4, C(2m+1,2j+1)/(2j+1)=5170584.0, C(p,2j)/p=2674440.0, C(p-2,2j-2)=17383860.0
    e_8 = 74613 ~ C(2m,2j-1)/(2j-1)=2496144.0, C(2m+1,2j)/(2j)=4241494.7, C(2m+1,2j+1)/(2j+1)=3052702.1, C(p,2j)/p=2340135.0, C(p-2,2j-2)=20058300.0
    e_9 = 33649 ~ C(2m,2j-1)/(2j-1)=1263187.1, C(2m+1,2j)/(2j)=1922071.7, C(2m+1,2j+1)/(2j+1)=1054211.1, C(p,2j)/p=1193010.0, C(p-2,2j-2)=13037895.0
    e_10 = 10626 ~ C(2m,2j-1)/(2j-1)=363521.1, C(2m+1,2j)/(2j)=500750.2, C(2m+1,2j+1)/(2j+1)=204387.9, C(p,2j)/p=345345.0, C(p-2,2j-2)=4686825.0
    e_11 = 2300 ~ C(2m,2j-1)/(2j-1)=56382.9, C(2m+1,2j)/(2j)=70944.5, C(2m+1,2j+1)/(2j+1)=20653.0, C(p,2j)/p=53820.0, C(p-2,2j-2)=888030.0
    e_12 = 325 ~ C(2m,2j-1)/(2j-1)=4273.0, C(2m+1,2j)/(2j)=4948.1, C(2m+1,2j+1)/(2j+1)=950.0, C(p,2j)/p=4095.0, C(p-2,2j-2)=80730.0
    e_13 = 27 ~ C(2m,2j-1)/(2j-1)=131.0, C(2m+1,2j)/(2j)=140.5, C(2m+1,2j+1)/(2j+1)=15.0, C(p,2j)/p=126.0, C(p-2,2j-2)=2925.0
    e_14 = 1 = C(p,2j)/p

  p=31, m=15:
    e_1 = 120 ~ C(2m,2j-1)/(2j-1)=30.0, C(2m+1,2j)/(2j)=232.5, C(2m+1,2j+1)/(2j+1)=1498.3, C(p,2j)/p=15.0, C(p-2,2j-2)=1.0
    e_2 = 2380 ~ C(2m,2j-1)/(2j-1)=1353.3, C(2m+1,2j)/(2j)=7866.2, C(2m+1,2j+1)/(2j+1)=33982.2, C(p,2j)/p=1015.0, C(p-2,2j-2)=406.0
    e_3 = 18564 ~ C(2m,2j-1)/(2j-1)=28501.2, C(2m+1,2j)/(2j)=122713.5, C(2m+1,2j+1)/(2j+1)=375653.6, C(p,2j)/p=23751.0, C(p-2,2j-2)=23751.0
    e_4 = 75582 ~ C(2m,2j-1)/(2j-1)=290828.6, C(2m+1,2j)/(2j)=986090.6, C(2m+1,2j+1)/(2j+1)=2240008.3, C(p,2j)/p=254475.0, C(p-2,2j-2)=475020.0
    e_5 = 184756 ~ C(2m,2j-1)/(2j-1)=1589683.3, C(2m+1,2j)/(2j)=4435216.5, C(2m+1,2j+1)/(2j+1)=7697483.2, C(p,2j)/p=1430715.0, C(p-2,2j-2)=4292145.0
    e_6 = 293930 ~ C(2m,2j-1)/(2j-1)=4966118.2, C(2m+1,2j)/(2j)=11760043.8, C(2m+1,2j+1)/(2j+1)=15865621.2, C(p,2j)/p=4552275.0, C(p-2,2j-2)=20030010.0
    e_7 = 319770 ~ C(2m,2j-1)/(2j-1)=9212296.2, C(2m+1,2j)/(2j)=18941608.9, C(2m+1,2j+1)/(2j+1)=20036013.0, C(p,2j)/p=8554275.0, C(p-2,2j-2)=51895935.0
    e_8 = 245157 ~ C(2m,2j-1)/(2j-1)=10341168.0, C(2m+1,2j)/(2j)=18783762.2, C(2m+1,2j+1)/(2j+1)=15598972.1, C(p,2j)/p=9694845.0, C(p-2,2j-2)=77558760.0
    e_9 = 134596 ~ C(2m,2j-1)/(2j-1)=7044697.1, C(2m+1,2j)/(2j)=11458504.2, C(2m+1,2j+1)/(2j+1)=7427396.1, C(p,2j)/p=6653325.0, C(p-2,2j-2)=67863915.0
    e_10 = 53130 ~ C(2m,2j-1)/(2j-1)=2875121.1, C(2m+1,2j)/(2j)=4233615.8, C(2m+1,2j+1)/(2j+1)=2112007.9, C(p,2j)/p=2731365.0, C(p-2,2j-2)=34597290.0
    e_11 = 14950 ~ C(2m,2j-1)/(2j-1)=681292.9, C(2m+1,2j)/(2j)=916367.0, C(2m+1,2j+1)/(2j+1)=342988.0, C(p,2j)/p=650325.0, C(p-2,2j-2)=10015005.0
    e_12 = 2925 ~ C(2m,2j-1)/(2j-1)=88513.0, C(2m+1,2j)/(2j)=109565.6, C(2m+1,2j+1)/(2j+1)=29451.2, C(p,2j)/p=84825.0, C(p-2,2j-2)=1560780.0
    e_13 = 378 ~ C(2m,2j-1)/(2j-1)=5700.2, C(2m+1,2j)/(2j)=6535.0, C(2m+1,2j+1)/(2j+1)=1165.4, C(p,2j)/p=5481.0, C(p-2,2j-2)=118755.0
    e_14 = 29 ~ C(2m,2j-1)/(2j-1)=150.4, C(2m+1,2j)/(2j)=160.5, C(2m+1,2j+1)/(2j+1)=16.0, C(p,2j)/p=145.0, C(p-2,2j-2)=3654.0
    e_15 = 1 = C(p,2j)/p

--- PART 4: TESTING C(2m, 2j-1)/(2j-1) ---
  p=5: C(2m,2j-1)/(2j-1) = NO
  p=7: C(2m,2j-1)/(2j-1) = NO
  p=11: C(2m,2j-1)/(2j-1) = NO
  p=13: C(2m,2j-1)/(2j-1) = NO
  p=17: C(2m,2j-1)/(2j-1) = NO
  p=19: C(2m,2j-1)/(2j-1) = NO
  p=23: C(2m,2j-1)/(2j-1) = NO
  p=29: C(2m,2j-1)/(2j-1) = NO
  p=31: C(2m,2j-1)/(2j-1) = NO

--- PART 5: NARAYANA / MOTZKIN CHECK ---

  p=5, m=2:
    e_1 = 3, Narayana(3,1) = 1
    e_2 = 1, Narayana(3,2) = 3

  p=7, m=3:
    e_1 = 6, Narayana(4,1) = 1
    e_2 = 5, Narayana(4,2) = 6
    e_3 = 1, Narayana(4,3) = 6

  p=11, m=5:
    e_1 = 15, Narayana(6,1) = 1
    e_2 = 35, Narayana(6,2) = 15
    e_3 = 28, Narayana(6,3) = 50
    e_4 = 9, Narayana(6,4) = 50
    e_5 = 1, Narayana(6,5) = 15

  p=13, m=6:
    e_1 = 21, Narayana(7,1) = 1
    e_2 = 70, Narayana(7,2) = 21
    e_3 = 84, Narayana(7,3) = 105
    e_4 = 45, Narayana(7,4) = 175
    e_5 = 11, Narayana(7,5) = 105
    e_6 = 1, Narayana(7,6) = 21

  p=17, m=8:
    e_1 = 36, Narayana(9,1) = 1
    e_2 = 210, Narayana(9,2) = 36
    e_3 = 462, Narayana(9,3) = 336
    e_4 = 495, Narayana(9,4) = 1176
    e_5 = 286, Narayana(9,5) = 1764
    e_6 = 91, Narayana(9,6) = 1176
    e_7 = 15, Narayana(9,7) = 336
    e_8 = 1, Narayana(9,8) = 36

  p=19, m=9:
    e_1 = 45, Narayana(10,1) = 1
    e_2 = 330, Narayana(10,2) = 45
    e_3 = 924, Narayana(10,3) = 540
    e_4 = 1287, Narayana(10,4) = 2520
    e_5 = 1001, Narayana(10,5) = 5292
    e_6 = 455, Narayana(10,6) = 5292
    e_7 = 120, Narayana(10,7) = 2520
    e_8 = 17, Narayana(10,8) = 540
    e_9 = 1, Narayana(10,9) = 45

  p=23, m=11:
    e_1 = 66, Narayana(12,1) = 1
    e_2 = 715, Narayana(12,2) = 66
    e_3 = 3003, Narayana(12,3) = 1210
    e_4 = 6435, Narayana(12,4) = 9075
    e_5 = 8008, Narayana(12,5) = 32670
    e_6 = 6188, Narayana(12,6) = 60984
    e_7 = 3060, Narayana(12,7) = 60984
    e_8 = 969, Narayana(12,8) = 32670
    e_9 = 190, Narayana(12,9) = 9075
    e_10 = 21, Narayana(12,10) = 1210
    e_11 = 1, Narayana(12,11) = 66

  p=29, m=14:
    e_1 = 105, Narayana(15,1) = 1
    e_2 = 1820, Narayana(15,2) = 105
    e_3 = 12376, Narayana(15,3) = 3185
    e_4 = 43758, Narayana(15,4) = 41405
    e_5 = 92378, Narayana(15,5) = 273273
    e_6 = 125970, Narayana(15,6) = 1002001
    e_7 = 116280, Narayana(15,7) = 2147145
    e_8 = 74613, Narayana(15,8) = 2760615
    e_9 = 33649, Narayana(15,9) = 2147145
    e_10 = 10626, Narayana(15,10) = 1002001
    e_11 = 2300, Narayana(15,11) = 273273
    e_12 = 325, Narayana(15,12) = 41405
    e_13 = 27, Narayana(15,13) = 3185
    e_14 = 1, Narayana(15,14) = 105

  p=31, m=15:
    e_1 = 120, Narayana(16,1) = 1
    e_2 = 2380, Narayana(16,2) = 120
    e_3 = 18564, Narayana(16,3) = 4200
    e_4 = 75582, Narayana(16,4) = 63700
    e_5 = 184756, Narayana(16,5) = 496860
    e_6 = 293930, Narayana(16,6) = 2186184
    e_7 = 319770, Narayana(16,7) = 5725720
    e_8 = 245157, Narayana(16,8) = 9202050
    e_9 = 134596, Narayana(16,9) = 9202050
    e_10 = 53130, Narayana(16,10) = 5725720
    e_11 = 14950, Narayana(16,11) = 2186184
    e_12 = 2925, Narayana(16,12) = 496860
    e_13 = 378, Narayana(16,13) = 63700
    e_14 = 29, Narayana(16,14) = 4200
    e_15 = 1, Narayana(16,15) = 120

--- PART 6: POWER SUM FORMULAS ---
p_n = sum_{k=1}^m Q_k^n
p_1 = m(m+1)/2 = e_1
p_2 = e_1^2 - 2*e_2 (Newton)

Testing: p_2 / m = (2p^2 - 6p + 1) / (3p) ?
  p=5: p_2 = 7, m*(4m^2-1)/3 = 10.0, match: False
  p=7: p_2 = 26, m*(4m^2-1)/3 = 35.0, match: False
  p=11: p_2 = 155, m*(4m^2-1)/3 = 165.0, match: False
  p=13: p_2 = 301, m*(4m^2-1)/3 = 286.0, match: False
  p=17: p_2 = 876, m*(4m^2-1)/3 = 680.0, match: False
  p=19: p_2 = 1365, m*(4m^2-1)/3 = 969.0, match: False
  p=23: p_2 = 2926, m*(4m^2-1)/3 = 1771.0, match: False
  p=29: p_2 = 7385, m*(4m^2-1)/3 = 3654.0, match: False
  p=31: p_2 = 9640, m*(4m^2-1)/3 = 4495.0, match: False

--- PART 7: EXACT ALGEBRAIC FORM ---
Q_k = sin^2(pi*pi_k/p) / sin^2(pi*k/p)
where pi is the permutation: pi_k = k*(m+1) mod p (reduced to {1,...,m})

  p=5, m=2: permutation = [2, 1]
    Q_sin    = ['2.618034', '0.381966']
    Q_fourier = ['2.618034', '0.381966']
    max_err = 5.55e-17

  p=7, m=3: permutation = [3, 1, 2]
    Q_sin    = ['5.048917', '0.307979', '0.643104']
    Q_fourier = ['5.048917', '0.307979', '0.643104']
    max_err = 1.78e-15

  p=11, m=5: permutation = [5, 1, 4, 2, 3]
    Q_sin    = ['12.343538', '0.271554', '1.448691', '0.353253', '0.582964']
    Q_fourier = ['12.343538', '0.271554', '1.448691', '0.353253', '0.582964']
    max_err = 5.55e-16

  p=13, m=6: permutation = [6, 1, 5, 2, 4, 3]
    Q_sin    = ['17.206857', '0.265188', '1.988157', '0.318864', '0.774719', '0.446215']
    Q_fourier = ['17.206857', '0.265188', '1.988157', '0.318864', '0.774719', '0.446215']
    max_err = 3.55e-15

  p=17, m=8: permutation = [8, 1, 7, 2, 6, 3, 5, 4]
    Q_sin    = ['29.365298', '0.258736', '3.338166', '0.287520', '1.258288', '0.345844', '0.688386', '0.457763']
    Q_fourier = ['29.365298', '0.258736', '3.338166', '0.287520', '1.258288', '0.345844', '0.688386', '0.457763']
    max_err = 7.11e-15

--- PART 8: GENERATING FUNCTION IDENTITY ---
prod_{k=1}^m (1 + t * Q_k) = 1 + sum e_j t^j

Take log: sum_{k=1}^m log(1 + t*Q_k) = sum_{n>=1} (-1)^{n+1}/n * t^n * p_n
where p_n = sum Q_k^n is the n-th power sum.

If p_n = m*(4m^2-1)*(16m^4-24m^2+9)*.../... then the gen function might factor.

  Chebyshev connection: Q_k = (1 - cos(2*pi*pi_k/p)) / (1 - cos(2*pi*k/p))
  p=7: max_err = 1.78e-15
  p=11: max_err = 5.55e-16
  p=13: max_err = 3.55e-15

--- PART 9: SPREAD POLYNOMIAL CONNECTION ---
The 'spread' s = sin^2(theta) satisfies the 'spread polynomial'
S_n(s) = sin^2(n*theta)/sin^2(theta) where s = sin^2(theta)
S_n is a degree n-1 polynomial in s with integer coefficients!

Q_k = S_r(s_k) where s_k = sin^2(pi*k/p), r = pi(k)
Actually Q_k = sin^2(pi*r/p)/sin^2(pi*k/p) = S_r(s_k)... NO,
S_n(s) = sin^2(n*arcsin(sqrt(s)))/s, which is different.

Better: let theta = pi*k/p. Then Q_k = sin^2(r*theta/k)/(sin^2(theta))...
This doesn't factor nicely since r/k is different for each k.

--- PART 10: SEARCH FOR SEQUENCE IN TABLES ---

  TESTING: e_j = C(m+j, 2j)
  p=5, m=2: e_j = C(m+j, 2j)? YES!!!
    Verified: [3, 1]
    Actual:   [3, 1]
  p=7, m=3: e_j = C(m+j, 2j)? YES!!!
    Verified: [6, 5, 1]
    Actual:   [6, 5, 1]
  p=11, m=5: e_j = C(m+j, 2j)? YES!!!
    Verified: [15, 35, 28, 9, 1]
    Actual:   [15, 35, 28, 9, 1]
  p=13, m=6: e_j = C(m+j, 2j)? YES!!!
    Verified: [21, 70, 84, 45, 11, 1]
    Actual:   [21, 70, 84, 45, 11, 1]
  p=17, m=8: e_j = C(m+j, 2j)? YES!!!
    Verified: [36, 210, 462, 495, 286, 91, 15, 1]
    Actual:   [36, 210, 462, 495, 286, 91, 15, 1]
  p=19, m=9: e_j = C(m+j, 2j)? YES!!!
    Verified: [45, 330, 924, 1287, 1001, 455, 120, 17, 1]
    Actual:   [45, 330, 924, 1287, 1001, 455, 120, 17, 1]
  p=23, m=11: e_j = C(m+j, 2j)? YES!!!
    Verified: [66, 715, 3003, 6435, 8008, 6188, 3060, 969, 190, 21, 1]
    Actual:   [66, 715, 3003, 6435, 8008, 6188, 3060, 969, 190, 21, 1]
  p=29, m=14: e_j = C(m+j, 2j)? YES!!!
    Verified: [105, 1820, 12376, 43758, 92378, 125970, 116280, 74613, 33649, 10626, 2300, 325, 27, 1]
    Actual:   [105, 1820, 12376, 43758, 92378, 125970, 116280, 74613, 33649, 10626, 2300, 325, 27, 1]
  p=31, m=15: e_j = C(m+j, 2j)? YES!!!
    Verified: [120, 2380, 18564, 75582, 184756, 293930, 319770, 245157, 134596, 53130, 14950, 2925, 378, 29, 1]
    Actual:   [120, 2380, 18564, 75582, 184756, 293930, 319770, 245157, 134596, 53130, 14950, 2925, 378, 29, 1]
