======================================================================
ESF COLLISION CHECK AT VARIOUS PRIMES
======================================================================

────────────────────────────────────────────────────────────
p = 5, m = 2, total orientations = 4
────────────────────────────────────────────────────────────
  Number of Z_p*-orbits: 1
  No ESF collisions — all 1 orbits have distinct e_j(Q)

  Orbit details:
    S=[3, 4]                         |orbit|= 4  e_1=  3.0000

────────────────────────────────────────────────────────────
p = 7, m = 3, total orientations = 8
────────────────────────────────────────────────────────────
  Number of Z_p*-orbits: 2
  No ESF collisions — all 2 orbits have distinct e_j(Q)

  Orbit details:
    S=[4, 5, 6]                      |orbit|= 6  e_1=  6.0000
    S=[1, 2, 4]                      |orbit|= 2  e_1=  6.0000

────────────────────────────────────────────────────────────
p = 11, m = 5, total orientations = 32
────────────────────────────────────────────────────────────
  Number of Z_p*-orbits: 4
  No ESF collisions — all 4 orbits have distinct e_j(Q)

  Orbit details:
    S=[6, 7, 8, 9, 10]               |orbit|=10  e_1= 15.0000
    S=[3, 6, 7, 9, 10]               |orbit|=10  e_1= 15.0000
    S=[1, 6, 7, 8, 9]                |orbit|=10  e_1= 15.0000
    S=[2, 6, 7, 8, 10]               |orbit|= 2  e_1= 15.0000

────────────────────────────────────────────────────────────
p = 13, m = 6, total orientations = 64
────────────────────────────────────────────────────────────
  Number of Z_p*-orbits: 6
  No ESF collisions — all 6 orbits have distinct e_j(Q)

  Orbit details:
    S=[7, 8, 9, 10, 11, 12]          |orbit|=12  e_1= 21.0000
    S=[1, 2, 7, 8, 9, 10]            |orbit|=12  e_1= 21.0000
    S=[1, 7, 8, 9, 10, 11]           |orbit|=12  e_1= 21.0000
    S=[1, 2, 4, 7, 8, 10]            |orbit|=12  e_1= 21.0000
    S=[2, 7, 8, 9, 10, 12]           |orbit|=12  e_1= 21.0000
    S=[1, 3, 7, 8, 9, 11]            |orbit|= 4  e_1= 21.0000

────────────────────────────────────────────────────────────
p = 17, m = 8, total orientations = 256
────────────────────────────────────────────────────────────
  Number of Z_p*-orbits: 16
  No ESF collisions — all 16 orbits have distinct e_j(Q)

======================================================================
DETAILED p=17 ANALYSIS
======================================================================
Number of orbits: 16
Orbit size distribution: {16: 16}
Sum of orbit sizes: 256 (should be 256)

ESF collisions: 0

  Orbits sorted by e_1 (total number of orbits: 16):
    |orbit|=16  e_1= 36.0000  S=[9, 10, 11, 12, 13, 14, 15, 16]
    |orbit|=16  e_1= 36.0000  S=[1, 9, 10, 11, 12, 13, 14, 15]
    |orbit|=16  e_1= 36.0000  S=[2, 9, 10, 11, 12, 13, 14, 16]
    |orbit|=16  e_1= 36.0000  S=[1, 2, 9, 10, 11, 12, 13, 14]
    |orbit|=16  e_1= 36.0000  S=[3, 9, 10, 11, 12, 13, 15, 16]
    |orbit|=16  e_1= 36.0000  S=[1, 3, 9, 10, 11, 12, 13, 15]
    |orbit|=16  e_1= 36.0000  S=[2, 3, 9, 10, 11, 12, 13, 16]
    |orbit|=16  e_1= 36.0000  S=[1, 2, 3, 9, 10, 11, 12, 13]
    |orbit|=16  e_1= 36.0000  S=[1, 4, 9, 10, 11, 12, 14, 15]
    |orbit|=16  e_1= 36.0000  S=[1, 2, 4, 9, 10, 11, 12, 14]
    |orbit|=16  e_1= 36.0000  S=[5, 9, 10, 11, 13, 14, 15, 16]
    |orbit|=16  e_1= 36.0000  S=[1, 5, 9, 10, 11, 13, 14, 15]
    |orbit|=16  e_1= 36.0000  S=[1, 2, 5, 9, 10, 11, 13, 14]
    |orbit|=16  e_1= 36.0000  S=[1, 4, 5, 9, 10, 11, 14, 15]
    |orbit|=16  e_1= 36.0000  S=[1, 2, 4, 5, 9, 10, 11, 14]
    |orbit|=16  e_1= 36.0000  S=[1, 4, 6, 9, 10, 12, 14, 15]

DONE.
