======================================================================
EULER CHARACTERISTIC UNIVERSALITY
======================================================================

  n=5: chi distribution: {0: 561, 1: 1439}
    (1, 0, 0, 0, 0): 1439 times, chi=1
    (1, 1, 0, 0, 0): 561 times, chi=0

  n=6: chi distribution: {0: 315, 1: 1685}
    (1, 0, 0, 0, 0, 0): 1685 times, chi=1
    (1, 1, 0, 0, 0, 0): 299 times, chi=0
    (1, 0, 0, 1, 0, 0): 16 times, chi=0

  n=7: chi distribution: {0: 255, 1: 1745}
    (1, 0, 0, 0, 0, 0, 0): 1745 times, chi=1
    (1, 0, 0, 1, 0, 0, 0): 151 times, chi=0
    (1, 1, 0, 0, 0, 0, 0): 104 times, chi=0

  n=8: chi distribution: {0: 167, 1: 825, 2: 7, 3: 1}
    (1, 0, 0, 0, 0, 0, 0, 0): 825 times, chi=1
    (1, 0, 0, 1, 0, 0, 0, 0): 162 times, chi=0
    (1, 0, 0, 0, 1, 0, 0, 0): 7 times, chi=2
    (1, 1, 0, 0, 0, 0, 0, 0): 5 times, chi=0
    (1, 0, 0, 0, 2, 0, 0, 0): 1 times, chi=3

DONE.
