EXACT CYCLE CENSUS FOR CIRCULANT TOURNAMENTS
===========================================================================

===========================================================================
p = 7 (p mod 4 = 3)
===========================================================================
  Computed in 0.00s

                          S    Label    C3    C5     C7      C9     C11    Total        Σy⁴
                  [1, 2, 4]    PALEY    14    42     24       0       0       80      18.38
                  [3, 5, 6]    PALEY    14    42     24       0       0       80      18.38
                  [4, 5, 6]    other    14    28     17       0       0       59      46.38
                  [1, 4, 5]    other    14    28     17       0       0       59      46.38
                  [2, 4, 6]    other    14    28     17       0       0       59      46.38
                  [1, 3, 5]    other    14    28     17       0       0       59      46.38
                  [2, 3, 6]    other    14    28     17       0       0       59      46.38
                  [1, 2, 3]    other    14    28     17       0       0       59      46.38

  Paley total odd cycles: 80
  Max total odd cycles: 80
  Paley is max: True

  Independence polynomial (top 2 and bottom 2):
    S=[1, 2, 4] [PALEY]: α=[1, 80, 7, 0, 0] → H = 189
    S=[3, 5, 6] [PALEY]: α=[1, 80, 7, 0, 0] → H = 189
    S=[2, 3, 6] [other]: α=[1, 59, 14, 0, 0] → H = 175
    S=[1, 2, 3] [other]: α=[1, 59, 14, 0, 0] → H = 175

===========================================================================
p = 11 (p mod 4 = 3)
===========================================================================
  Computed in 1.02s

                          S    Label    C3    C5     C7      C9     C11    Total        Σy⁴
           [2, 6, 7, 8, 10]    PALEY    55   594   3960   11055    5505    21169      75.63
            [1, 3, 4, 5, 9]    PALEY    55   594   3960   11055    5505    21169      75.63
            [1, 6, 7, 8, 9]    other    55   572   3729   10274    4999    19629     119.63
           [4, 6, 8, 9, 10]    other    55   572   3729   10274    4999    19629     119.63
            [1, 4, 6, 8, 9]    other    55   572   3729   10274    4999    19629     119.63
           [3, 4, 6, 9, 10]    other    55   572   3729   10274    4999    19629     119.63
           [2, 3, 4, 6, 10]    other    55   572   3729   10274    4999    19629     119.63
            [1, 5, 7, 8, 9]    other    55   572   3729   10274    4999    19629     119.63
            [1, 2, 5, 7, 8]    other    55   572   3729   10274    4999    19629     119.63
           [2, 3, 5, 7, 10]    other    55   572   3729   10274    4999    19629     119.63
            [1, 2, 3, 5, 7]    other    55   572   3729   10274    4999    19629     119.63
           [2, 3, 4, 5, 10]    other    55   572   3729   10274    4999    19629     119.62
           [3, 6, 7, 9, 10]    other    55   550   3586   10197    5153    19541     163.63
            [1, 3, 6, 7, 9]    other    55   550   3586   10197    5153    19541     163.63
            [1, 2, 3, 6, 7]    other    55   550   3586   10197    5153    19541     163.63
            [1, 2, 4, 6, 8]    other    55   550   3586   10197    5153    19541     163.63
            [1, 2, 3, 4, 6]    other    55   550   3586   10197    5153    19541     163.62
           [5, 7, 8, 9, 10]    other    55   550   3586   10197    5153    19541     163.63
           [3, 5, 7, 9, 10]    other    55   550   3586   10197    5153    19541     163.63
           [4, 5, 8, 9, 10]    other    55   550   3586   10197    5153    19541     163.63
           [2, 4, 5, 8, 10]    other    55   550   3586   10197    5153    19541     163.63
            [1, 2, 4, 5, 8]    other    55   550   3586   10197    5153    19541     163.63
           [6, 7, 8, 9, 10]    other    55   484   3399    9350    5109    18397     295.63
            [1, 2, 6, 7, 8]    other    55   484   3399    9350    5109    18397     295.63
           [2, 3, 6, 7, 10]    other    55   484   3399    9350    5109    18397     295.63
           [2, 4, 6, 8, 10]    other    55   484   3399    9350    5109    18397     295.63
            [1, 3, 4, 6, 9]    other    55   484   3399    9350    5109    18397     295.63
           [2, 5, 7, 8, 10]    other    55   484   3399    9350    5109    18397     295.63
            [1, 3, 5, 7, 9]    other    55   484   3399    9350    5109    18397     295.63
            [1, 4, 5, 8, 9]    other    55   484   3399    9350    5109    18397     295.63
           [3, 4, 5, 9, 10]    other    55   484   3399    9350    5109    18397     295.63
            [1, 2, 3, 4, 5]    other    55   484   3399    9350    5109    18397     295.62

  Paley total odd cycles: 21169
  Max total odd cycles: 21169
  Paley is max: True

  Independence polynomial (top 2 and bottom 2):
    S=[2, 6, 7, 8, 10] [PALEY]: α=[1, 21169, 10879, 0, 0] → H = 85855
    S=[1, 3, 4, 5, 9] [PALEY]: α=[1, 21169, 10879, 0, 0] → H = 85855
    S=[3, 4, 5, 9, 10] [other]: α=[1, 18397, 11110, 0, 0] → H = 81235
    S=[1, 2, 3, 4, 5] [other]: α=[1, 18397, 11110, 0, 0] → H = 81235

DONE.
