======================================================================
PART 1: F(T,x) POLYNOMIALS
======================================================================

n=4: 18 distinct F(T,x) polynomials
  F=(1, 0, 0, 0) (H=1): 1 tournaments
  F=(0, 1, 0, 0) (H=1): 11 tournaments
  F=(0, 0, 1, 0) (H=1): 11 tournaments
  F=(0, 0, 0, 1) (H=1): 1 tournaments
  F=(1, 2, 0, 0) (H=3): 2 tournaments
  F=(0, 3, 0, 0) (H=3): 2 tournaments
  F=(0, 2, 1, 0) (H=3): 4 tournaments
  F=(0, 1, 2, 0) (H=3): 4 tournaments
  F=(0, 0, 3, 0) (H=3): 2 tournaments
  F=(0, 0, 2, 1) (H=3): 2 tournaments
  F=(1, 4, 0, 0) (H=5): 3 tournaments
  F=(0, 3, 2, 0) (H=5): 7 tournaments
  F=(1, 2, 2, 0) (H=5): 1 tournaments
  F=(0, 2, 3, 0) (H=5): 7 tournaments
  F=(1, 3, 1, 0) (H=5): 1 tournaments
  F=(0, 1, 3, 1) (H=5): 1 tournaments
  F=(0, 0, 4, 1) (H=5): 3 tournaments
  F=(0, 2, 2, 1) (H=5): 1 tournaments

n=5: 144 distinct F(T,x) polynomials
  F=(1, 0, 0, 0, 0) (H=1): 1 tournaments
  F=(0, 1, 0, 0, 0) (H=1): 26 tournaments
  F=(0, 0, 1, 0, 0) (H=1): 66 tournaments
  F=(0, 0, 0, 1, 0) (H=1): 26 tournaments
  F=(0, 0, 0, 0, 1) (H=1): 1 tournaments
  F=(1, 2, 0, 0, 0) (H=3): 3 tournaments
  F=(0, 3, 0, 0, 0) (H=3): 6 tournaments
  F=(0, 2, 1, 0, 0) (H=3): 12 tournaments
  F=(0, 0, 3, 0, 0) (H=3): 18 tournaments
  F=(0, 1, 2, 0, 0) (H=3): 30 tournaments
  F=(0, 0, 2, 1, 0) (H=3): 30 tournaments
  F=(0, 0, 0, 3, 0) (H=3): 6 tournaments
  F=(0, 0, 1, 2, 0) (H=3): 12 tournaments
  F=(0, 0, 0, 2, 1) (H=3): 3 tournaments
  F=(1, 4, 0, 0, 0) (H=5): 6 tournaments
  F=(0, 5, 0, 0, 0) (H=5): 4 tournaments
  F=(0, 3, 2, 0, 0) (H=5): 20 tournaments
  F=(0, 4, 1, 0, 0) (H=5): 6 tournaments
  F=(1, 2, 2, 0, 0) (H=5): 2 tournaments
  F=(0, 2, 3, 0, 0) (H=5): 34 tournaments
  F=(1, 3, 1, 0, 0) (H=5): 2 tournaments
  F=(0, 1, 4, 0, 0) (H=5): 26 tournaments
  F=(0, 0, 5, 0, 0) (H=5): 16 tournaments
  F=(0, 1, 3, 1, 0) (H=5): 16 tournaments
  F=(0, 0, 4, 1, 0) (H=5): 26 tournaments
  F=(0, 2, 2, 1, 0) (H=5): 4 tournaments
  F=(0, 0, 3, 2, 0) (H=5): 34 tournaments
  F=(0, 1, 2, 2, 0) (H=5): 4 tournaments
  F=(0, 0, 2, 3, 0) (H=5): 20 tournaments
  F=(0, 0, 1, 4, 0) (H=5): 6 tournaments
  F=(0, 0, 0, 5, 0) (H=5): 4 tournaments
  F=(0, 0, 1, 3, 1) (H=5): 2 tournaments
  F=(0, 0, 0, 4, 1) (H=5): 6 tournaments
  F=(0, 0, 2, 2, 1) (H=5): 2 tournaments
  F=(1, 8, 0, 0, 0) (H=9): 5 tournaments
  F=(0, 5, 4, 0, 0) (H=9): 10 tournaments
  F=(0, 4, 5, 0, 0) (H=9): 19 tournaments
  F=(1, 6, 2, 0, 0) (H=9): 2 tournaments
  F=(0, 3, 6, 0, 0) (H=9): 14 tournaments
  F=(1, 4, 4, 0, 0) (H=9): 7 tournaments
  F=(0, 2, 7, 0, 0) (H=9): 18 tournaments
  F=(0, 6, 3, 0, 0) (H=9): 2 tournaments
  F=(1, 3, 5, 0, 0) (H=9): 2 tournaments
  F=(1, 5, 3, 0, 0) (H=9): 2 tournaments
  F=(0, 0, 7, 2, 0) (H=9): 18 tournaments
  F=(0, 3, 5, 1, 0) (H=9): 16 tournaments
  F=(0, 2, 5, 2, 0) (H=9): 30 tournaments
  F=(0, 2, 6, 1, 0) (H=9): 4 tournaments
  F=(0, 0, 6, 3, 0) (H=9): 14 tournaments
  F=(0, 0, 5, 4, 0) (H=9): 19 tournaments
  F=(0, 3, 4, 2, 0) (H=9): 2 tournaments
  F=(0, 1, 5, 3, 0) (H=9): 16 tournaments
  F=(0, 4, 4, 1, 0) (H=9): 2 tournaments
  F=(0, 1, 6, 2, 0) (H=9): 4 tournaments
  F=(0, 0, 4, 5, 0) (H=9): 10 tournaments
  F=(0, 1, 4, 4, 0) (H=9): 2 tournaments
  F=(0, 2, 4, 3, 0) (H=9): 2 tournaments
  F=(0, 0, 4, 4, 1) (H=9): 7 tournaments
  F=(0, 0, 3, 5, 1) (H=9): 2 tournaments
  F=(0, 0, 2, 6, 1) (H=9): 2 tournaments
  F=(0, 0, 5, 3, 1) (H=9): 2 tournaments
  F=(0, 0, 0, 8, 1) (H=9): 5 tournaments
  F=(0, 0, 3, 6, 0) (H=9): 2 tournaments
  F=(1, 10, 0, 0, 0) (H=11): 2 tournaments
  F=(0, 7, 4, 0, 0) (H=11): 4 tournaments
  F=(0, 3, 8, 0, 0) (H=11): 6 tournaments
  F=(1, 4, 6, 0, 0) (H=11): 2 tournaments
  F=(1, 7, 3, 0, 0) (H=11): 2 tournaments
  F=(0, 5, 6, 0, 0) (H=11): 2 tournaments
  F=(0, 4, 7, 0, 0) (H=11): 6 tournaments
  F=(1, 6, 4, 0, 0) (H=11): 1 tournaments
  F=(0, 2, 9, 0, 0) (H=11): 5 tournaments
  F=(0, 6, 5, 0, 0) (H=11): 2 tournaments
  F=(0, 0, 9, 2, 0) (H=11): 5 tournaments
  F=(0, 3, 6, 2, 0) (H=11): 10 tournaments
  F=(0, 4, 5, 2, 0) (H=11): 4 tournaments
  F=(0, 5, 5, 1, 0) (H=11): 2 tournaments
  F=(0, 2, 6, 3, 0) (H=11): 10 tournaments
  F=(0, 0, 7, 4, 0) (H=11): 6 tournaments
  F=(0, 0, 8, 3, 0) (H=11): 6 tournaments
  F=(1, 2, 6, 2, 0) (H=11): 1 tournaments
  F=(1, 3, 6, 1, 0) (H=11): 2 tournaments
  F=(0, 4, 6, 1, 0) (H=11): 4 tournaments
  F=(0, 2, 5, 4, 0) (H=11): 4 tournaments
  F=(0, 2, 7, 2, 0) (H=11): 8 tournaments
  F=(1, 2, 8, 0, 0) (H=11): 1 tournaments
  F=(0, 1, 6, 4, 0) (H=11): 4 tournaments
  F=(0, 0, 6, 5, 0) (H=11): 2 tournaments
  F=(0, 0, 4, 7, 0) (H=11): 4 tournaments
  F=(0, 0, 8, 2, 1) (H=11): 1 tournaments
  F=(0, 1, 6, 3, 1) (H=11): 2 tournaments
  F=(0, 1, 5, 5, 0) (H=11): 2 tournaments
  F=(0, 0, 3, 7, 1) (H=11): 2 tournaments
  F=(0, 0, 6, 4, 1) (H=11): 2 tournaments
  F=(0, 2, 6, 2, 1) (H=11): 1 tournaments
  F=(0, 0, 5, 6, 0) (H=11): 2 tournaments
  F=(0, 0, 4, 6, 1) (H=11): 1 tournaments
  F=(0, 0, 0, 10, 1) (H=11): 2 tournaments
  F=(0, 6, 7, 0, 0) (H=13): 4 tournaments
  F=(1, 7, 5, 0, 0) (H=13): 2 tournaments
  F=(1, 8, 4, 0, 0) (H=13): 3 tournaments
  F=(1, 6, 6, 0, 0) (H=13): 2 tournaments
  F=(1, 9, 3, 0, 0) (H=13): 2 tournaments
  F=(0, 5, 8, 0, 0) (H=13): 8 tournaments
  F=(0, 7, 6, 0, 0) (H=13): 2 tournaments
  F=(0, 4, 9, 0, 0) (H=13): 5 tournaments
  F=(0, 2, 9, 2, 0) (H=13): 12 tournaments
  F=(0, 3, 8, 2, 0) (H=13): 6 tournaments
  F=(0, 5, 7, 1, 0) (H=13): 4 tournaments
  F=(0, 4, 7, 2, 0) (H=13): 8 tournaments
  F=(0, 3, 7, 3, 0) (H=13): 4 tournaments
  F=(0, 0, 8, 5, 0) (H=13): 8 tournaments
  F=(0, 4, 8, 1, 0) (H=13): 2 tournaments
  F=(1, 5, 7, 0, 0) (H=13): 2 tournaments
  F=(0, 1, 8, 4, 0) (H=13): 2 tournaments
  F=(1, 6, 5, 1, 0) (H=13): 2 tournaments
  F=(0, 2, 7, 4, 0) (H=13): 8 tournaments
  F=(0, 2, 8, 3, 0) (H=13): 6 tournaments
  F=(0, 0, 9, 4, 0) (H=13): 5 tournaments
  F=(0, 0, 7, 6, 0) (H=13): 4 tournaments
  F=(0, 1, 7, 5, 0) (H=13): 4 tournaments
  F=(0, 1, 5, 6, 1) (H=13): 2 tournaments
  F=(0, 0, 6, 6, 1) (H=13): 2 tournaments
  F=(0, 0, 7, 5, 1) (H=13): 2 tournaments
  F=(0, 0, 5, 7, 1) (H=13): 2 tournaments
  F=(0, 0, 3, 9, 1) (H=13): 2 tournaments
  F=(0, 0, 4, 8, 1) (H=13): 3 tournaments
  F=(0, 0, 6, 7, 0) (H=13): 2 tournaments
  F=(1, 8, 6, 0, 0) (H=15): 5 tournaments
  F=(0, 6, 9, 0, 0) (H=15): 7 tournaments
  F=(1, 10, 4, 0, 0) (H=15): 1 tournaments
  F=(0, 4, 9, 2, 0) (H=15): 10 tournaments
  F=(0, 2, 9, 4, 0) (H=15): 10 tournaments
  F=(0, 7, 7, 1, 0) (H=15): 2 tournaments
  F=(0, 3, 9, 3, 0) (H=15): 8 tournaments
  F=(1, 6, 6, 2, 0) (H=15): 1 tournaments
  F=(0, 0, 9, 6, 0) (H=15): 7 tournaments
  F=(1, 4, 10, 0, 0) (H=15): 1 tournaments
  F=(0, 2, 11, 2, 0) (H=15): 2 tournaments
  F=(0, 0, 6, 8, 1) (H=15): 5 tournaments
  F=(0, 0, 10, 4, 1) (H=15): 1 tournaments
  F=(0, 2, 6, 6, 1) (H=15): 1 tournaments
  F=(0, 1, 7, 7, 0) (H=15): 2 tournaments
  F=(0, 0, 4, 10, 1) (H=15): 1 tournaments

======================================================================
PART 2: F(T,0) = # DESCENDING HPs
======================================================================

n=4: F(T,0) distribution:
  F(T,0)=0: 56 tournaments (87.5%)
  F(T,0)=1: 8 tournaments (12.5%)
  F(T,0)=0: 56 tours (87.5%)
  F(T,0)=1: 8 tours (12.5%)

n=5: F(T,0) distribution:
  F(T,0)=0: 960 tournaments (93.8%)
  F(T,0)=1: 64 tournaments (6.2%)
  F(T,0)=0: 960 tours (93.8%)
  F(T,0)=1: 64 tours (6.2%)

======================================================================
PART 3: F(T,-1) = ALTERNATING SUM
======================================================================

n=4: F(T,-1) distribution:
  F(T,-1)=-3: 5 tournaments
  F(T,-1)=-1: 27 tournaments
  F(T,-1)=1: 27 tournaments
  F(T,-1)=3: 5 tournaments
  Σ F(T,-1) = 0

n=5: F(T,-1) distribution:
  F(T,-1)=-9: 4 tournaments
  F(T,-1)=-7: 10 tournaments
  F(T,-1)=-5: 14 tournaments
  F(T,-1)=-3: 62 tournaments
  F(T,-1)=-1: 212 tournaments
  F(T,-1)=1: 402 tournaments
  F(T,-1)=3: 218 tournaments
  F(T,-1)=5: 86 tournaments
  F(T,-1)=7: 16 tournaments
  Σ F(T,-1) = 1024

======================================================================
PART 4: F(T,2) = DOUBLE-WEIGHT ASCENTS
======================================================================

n=4: F(T,2) distribution:
  F(T,2)=1: 1 tournaments
  F(T,2)=2: 11 tournaments
  F(T,2)=4: 11 tournaments
  F(T,2)=5: 2 tournaments
  F(T,2)=6: 2 tournaments
  F(T,2)=8: 5 tournaments
  F(T,2)=9: 3 tournaments
  F(T,2)=10: 4 tournaments
  F(T,2)=11: 1 tournaments
  F(T,2)=12: 2 tournaments
  F(T,2)=13: 1 tournaments
  F(T,2)=14: 7 tournaments
  F(T,2)=16: 9 tournaments
  F(T,2)=20: 1 tournaments
  F(T,2)=22: 1 tournaments
  F(T,2)=24: 3 tournaments

n=5: F(T,2) distribution:
  F(T,2)=1: 1 tournaments
  F(T,2)=2: 26 tournaments
  F(T,2)=4: 66 tournaments
  F(T,2)=5: 3 tournaments
  F(T,2)=6: 6 tournaments
  F(T,2)=8: 38 tournaments
  F(T,2)=9: 6 tournaments
  F(T,2)=10: 34 tournaments
  F(T,2)=11: 2 tournaments
  F(T,2)=12: 24 tournaments
  F(T,2)=13: 2 tournaments
  F(T,2)=14: 20 tournaments
  F(T,2)=16: 65 tournaments
  F(T,2)=17: 5 tournaments
  F(T,2)=18: 26 tournaments
  F(T,2)=20: 32 tournaments
  F(T,2)=21: 4 tournaments
  F(T,2)=22: 16 tournaments
  F(T,2)=23: 2 tournaments
  F(T,2)=24: 34 tournaments
  F(T,2)=25: 7 tournaments
  F(T,2)=26: 14 tournaments
  F(T,2)=27: 4 tournaments
  F(T,2)=28: 53 tournaments
  F(T,2)=29: 1 tournaments
  F(T,2)=30: 18 tournaments
  F(T,2)=31: 2 tournaments
  F(T,2)=32: 45 tournaments
  F(T,2)=33: 5 tournaments
  F(T,2)=34: 18 tournaments
  F(T,2)=35: 2 tournaments
  F(T,2)=36: 16 tournaments
  F(T,2)=37: 4 tournaments
  F(T,2)=38: 12 tournaments
  F(T,2)=39: 4 tournaments
  F(T,2)=40: 49 tournaments
  F(T,2)=41: 7 tournaments
  F(T,2)=42: 12 tournaments
  F(T,2)=44: 31 tournaments
  F(T,2)=45: 1 tournaments
  F(T,2)=46: 30 tournaments
  F(T,2)=48: 37 tournaments
  F(T,2)=49: 1 tournaments
  F(T,2)=50: 4 tournaments
  F(T,2)=52: 42 tournaments
  F(T,2)=53: 1 tournaments
  F(T,2)=54: 6 tournaments
  F(T,2)=56: 32 tournaments
  F(T,2)=58: 8 tournaments
  F(T,2)=60: 27 tournaments
  F(T,2)=62: 2 tournaments
  F(T,2)=64: 20 tournaments
  F(T,2)=66: 12 tournaments
  F(T,2)=68: 9 tournaments
  F(T,2)=70: 4 tournaments
  F(T,2)=72: 26 tournaments
  F(T,2)=76: 4 tournaments
  F(T,2)=80: 8 tournaments
  F(T,2)=84: 11 tournaments
  F(T,2)=86: 4 tournaments
  F(T,2)=88: 3 tournaments
  F(T,2)=92: 3 tournaments
  F(T,2)=96: 5 tournaments
  F(T,2)=100: 2 tournaments
  F(T,2)=104: 5 tournaments
  F(T,2)=112: 1 tournaments

======================================================================
PART 5: ROOTS OF F(T,x)
======================================================================

n=4: Roots of distinct F polynomials:
  F=(0, 0, 0, 1) (H=1): roots=[0.0000, 0.0000, 0.0000] real=True neg=False
  F=(0, 0, 1, 0) (H=1): roots=[0.0000, 0.0000] real=True neg=False
  F=(0, 1, 0, 0) (H=1): roots=[0.0000] real=True neg=False
  F=(1, 0, 0, 0) (H=1): degree 0, no roots
  F=(0, 0, 2, 1) (H=3): roots=[-2.0000, 0.0000, 0.0000] real=True neg=False
  F=(0, 0, 3, 0) (H=3): roots=[0.0000, 0.0000] real=True neg=False
  F=(0, 2, 1, 0) (H=3): roots=[-2.0000, 0.0000] real=True neg=False
  F=(0, 1, 2, 0) (H=3): roots=[-0.5000, 0.0000] real=True neg=False
  F=(1, 2, 0, 0) (H=3): roots=[-0.5000] real=True neg=True
  F=(0, 3, 0, 0) (H=3): roots=[0.0000] real=True neg=False
  F=(0, 3, 2, 0) (H=5): roots=[-1.5000, 0.0000] real=True neg=False
  F=(1, 4, 0, 0) (H=5): roots=[-0.2500] real=True neg=True
  F=(0, 0, 4, 1) (H=5): roots=[-4.0000, 0.0000, 0.0000] real=True neg=False
  F=(1, 2, 2, 0) (H=5): roots=[-0.500+0.500i, -0.500-0.500i] real=False neg=True
  F=(1, 3, 1, 0) (H=5): roots=[-2.6180, -0.3820] real=True neg=True
  F=(0, 2, 2, 1) (H=5): roots=[-1.000+1.000i, -1.000-1.000i, 0.0000] real=False neg=False
  F=(0, 2, 3, 0) (H=5): roots=[-0.6667, 0.0000] real=True neg=False
  F=(0, 1, 3, 1) (H=5): roots=[-2.6180, -0.3820, 0.0000] real=True neg=False

n=5: Roots of distinct F polynomials:
  F=(0, 0, 1, 0, 0) (H=1): roots=[0.0000, 0.0000] real=True neg=False
  F=(0, 0, 0, 0, 1) (H=1): roots=[0.0000, 0.0000, 0.0000, 0.0000] real=True neg=False
  F=(0, 0, 0, 1, 0) (H=1): roots=[0.0000, 0.0000, 0.0000] real=True neg=False
  F=(1, 0, 0, 0, 0) (H=1): degree 0, no roots
  F=(0, 1, 0, 0, 0) (H=1): roots=[0.0000] real=True neg=False
  F=(0, 0, 2, 1, 0) (H=3): roots=[-2.0000, 0.0000, 0.0000] real=True neg=False
  F=(0, 0, 1, 2, 0) (H=3): roots=[-0.5000, 0.0000, 0.0000] real=True neg=False
  F=(0, 0, 3, 0, 0) (H=3): roots=[0.0000, 0.0000] real=True neg=False
  F=(0, 0, 0, 3, 0) (H=3): roots=[0.0000, 0.0000, 0.0000] real=True neg=False
  F=(1, 2, 0, 0, 0) (H=3): roots=[-0.5000] real=True neg=True
  F=(0, 3, 0, 0, 0) (H=3): roots=[0.0000] real=True neg=False
  F=(0, 1, 2, 0, 0) (H=3): roots=[-0.5000, 0.0000] real=True neg=False
  F=(0, 2, 1, 0, 0) (H=3): roots=[-2.0000, 0.0000] real=True neg=False
  F=(0, 0, 0, 2, 1) (H=3): roots=[-2.0000, 0.0000, 0.0000, 0.0000] real=True neg=False
  F=(0, 0, 0, 4, 1) (H=5): roots=[-4.0000, 0.0000, 0.0000, 0.0000] real=True neg=False
  F=(1, 4, 0, 0, 0) (H=5): roots=[-0.2500] real=True neg=True
  F=(0, 0, 1, 4, 0) (H=5): roots=[-0.2500, 0.0000, 0.0000] real=True neg=False
  F=(0, 0, 4, 1, 0) (H=5): roots=[-4.0000, 0.0000, 0.0000] real=True neg=False
  F=(0, 1, 2, 2, 0) (H=5): roots=[-0.500+0.500i, -0.500-0.500i, 0.0000] real=False neg=False
  F=(0, 3, 2, 0, 0) (H=5): roots=[-1.5000, 0.0000] real=True neg=False
  F=(0, 0, 2, 3, 0) (H=5): roots=[-0.6667, 0.0000, 0.0000] real=True neg=False
  F=(0, 1, 3, 1, 0) (H=5): roots=[-2.6180, -0.3820, 0.0000] real=True neg=False
  F=(1, 3, 1, 0, 0) (H=5): roots=[-2.6180, -0.3820] real=True neg=True
  F=(0, 5, 0, 0, 0) (H=5): roots=[0.0000] real=True neg=False
  F=(0, 0, 1, 3, 1) (H=5): roots=[-2.6180, -0.3820, 0.0000, 0.0000] real=True neg=False
  F=(0, 1, 4, 0, 0) (H=5): roots=[-0.2500, 0.0000] real=True neg=False
  F=(0, 0, 5, 0, 0) (H=5): roots=[0.0000, 0.0000] real=True neg=False
  F=(0, 2, 2, 1, 0) (H=5): roots=[-1.000+1.000i, -1.000-1.000i, 0.0000] real=False neg=False
  F=(0, 0, 2, 2, 1) (H=5): roots=[-1.000+1.000i, -1.000-1.000i, 0.0000, 0.0000] real=False neg=False
  F=(0, 0, 3, 2, 0) (H=5): roots=[-1.5000, 0.0000, 0.0000] real=True neg=False
  F=(0, 0, 0, 5, 0) (H=5): roots=[0.0000, 0.0000, 0.0000] real=True neg=False
  F=(1, 2, 2, 0, 0) (H=5): roots=[-0.500+0.500i, -0.500-0.500i] real=False neg=True
  F=(0, 2, 3, 0, 0) (H=5): roots=[-0.6667, 0.0000] real=True neg=False
  F=(0, 4, 1, 0, 0) (H=5): roots=[-4.0000, 0.0000] real=True neg=False
  F=(1, 3, 5, 0, 0) (H=9): roots=[-0.300+0.332i, -0.300-0.332i] real=False neg=True
  F=(0, 4, 4, 1, 0) (H=9): roots=[-2.0000, -2.0000, 0.0000] real=True neg=False
  F=(1, 6, 2, 0, 0) (H=9): roots=[-2.8229, -0.1771] real=True neg=True
  F=(0, 3, 5, 1, 0) (H=9): roots=[-4.3028, -0.6972, 0.0000] real=True neg=False
  F=(0, 0, 4, 5, 0) (H=9): roots=[-0.8000, 0.0000, 0.0000] real=True neg=False
  F=(0, 2, 4, 3, 0) (H=9): roots=[-0.667+0.471i, -0.667-0.471i, 0.0000] real=False neg=False
  F=(0, 1, 4, 4, 0) (H=9): roots=[-0.5000, -0.5000, 0.0000] real=True neg=False
  F=(0, 0, 7, 2, 0) (H=9): roots=[-3.5000, 0.0000, 0.0000] real=True neg=False
  F=(0, 0, 5, 3, 1) (H=9): roots=[-1.500+1.658i, -1.500-1.658i, 0.0000, 0.0000] real=False neg=False
  F=(0, 0, 5, 4, 0) (H=9): roots=[-1.2500, 0.0000, 0.0000] real=True neg=False
  F=(0, 2, 7, 0, 0) (H=9): roots=[-0.2857, 0.0000] real=True neg=False
  F=(0, 0, 2, 6, 1) (H=9): roots=[-5.6458, -0.3542, 0.0000, 0.0000] real=True neg=False
  F=(0, 1, 6, 2, 0) (H=9): roots=[-2.8229, -0.1771, 0.0000] real=True neg=False
  F=(0, 3, 6, 0, 0) (H=9): roots=[-0.5000, 0.0000] real=True neg=False
  F=(1, 8, 0, 0, 0) (H=9): roots=[-0.1250] real=True neg=True
  F=(0, 0, 3, 6, 0) (H=9): roots=[-0.5000, 0.0000, 0.0000] real=True neg=False
  F=(0, 4, 5, 0, 0) (H=9): roots=[-0.8000, 0.0000] real=True neg=False
  F=(0, 2, 5, 2, 0) (H=9): roots=[-2.0000, -0.5000, 0.0000] real=True neg=False
  F=(1, 4, 4, 0, 0) (H=9): roots=[-0.5000, -0.5000] real=True neg=True
  F=(0, 1, 5, 3, 0) (H=9): roots=[-1.4343, -0.2324, 0.0000] real=True neg=False
  F=(1, 5, 3, 0, 0) (H=9): roots=[-1.4343, -0.2324] real=True neg=True
  F=(0, 6, 3, 0, 0) (H=9): roots=[-2.0000, 0.0000] real=True neg=False
  F=(0, 0, 3, 5, 1) (H=9): roots=[-4.3028, -0.6972, 0.0000, 0.0000] real=True neg=False
  F=(0, 0, 6, 3, 0) (H=9): roots=[-2.0000, 0.0000, 0.0000] real=True neg=False
  F=(0, 3, 4, 2, 0) (H=9): roots=[-1.000+0.707i, -1.000-0.707i, 0.0000] real=False neg=False
  F=(0, 0, 0, 8, 1) (H=9): roots=[-8.0000, 0.0000, 0.0000, 0.0000] real=True neg=False
  F=(0, 5, 4, 0, 0) (H=9): roots=[-1.2500, 0.0000] real=True neg=False
  F=(0, 0, 4, 4, 1) (H=9): roots=[-2.0000, -2.0000, 0.0000, 0.0000] real=True neg=False
  F=(0, 2, 6, 1, 0) (H=9): roots=[-5.6458, -0.3542, 0.0000] real=True neg=False
  F=(0, 5, 6, 0, 0) (H=11): roots=[-0.8333, 0.0000] real=True neg=False
  F=(0, 2, 7, 2, 0) (H=11): roots=[-3.1861, -0.3139, 0.0000] real=True neg=False
  F=(0, 7, 4, 0, 0) (H=11): roots=[-1.7500, 0.0000] real=True neg=False
  F=(0, 1, 6, 4, 0) (H=11): roots=[-1.3090, -0.1910, 0.0000] real=True neg=False
  F=(0, 0, 9, 2, 0) (H=11): roots=[-4.5000, 0.0000, 0.0000] real=True neg=False
  F=(1, 3, 6, 1, 0) (H=11): roots=[-5.4864, -0.257+0.341i, -0.257-0.341i] real=False neg=True
  F=(0, 4, 5, 2, 0) (H=11): roots=[-1.250+0.661i, -1.250-0.661i, 0.0000] real=False neg=False
  F=(1, 4, 6, 0, 0) (H=11): roots=[-0.333+0.236i, -0.333-0.236i] real=False neg=True
  F=(0, 6, 5, 0, 0) (H=11): roots=[-1.2000, 0.0000] real=True neg=False
  F=(0, 0, 4, 7, 0) (H=11): roots=[-0.5714, 0.0000, 0.0000] real=True neg=False
  F=(1, 2, 6, 2, 0) (H=11): roots=[-2.6980, -0.151+0.403i, -0.151-0.403i] real=False neg=True
  F=(0, 5, 5, 1, 0) (H=11): roots=[-3.6180, -1.3820, 0.0000] real=True neg=False
  F=(0, 0, 7, 4, 0) (H=11): roots=[-1.7500, 0.0000, 0.0000] real=True neg=False
  F=(0, 0, 5, 6, 0) (H=11): roots=[-0.8333, 0.0000, 0.0000] real=True neg=False
  F=(0, 4, 7, 0, 0) (H=11): roots=[-0.5714, 0.0000] real=True neg=False
  F=(0, 2, 9, 0, 0) (H=11): roots=[-0.2222, 0.0000] real=True neg=False
  F=(0, 0, 6, 5, 0) (H=11): roots=[-1.2000, 0.0000, 0.0000] real=True neg=False
  F=(0, 0, 3, 7, 1) (H=11): roots=[-6.5414, -0.4586, 0.0000, 0.0000] real=True neg=False
  F=(0, 1, 6, 3, 1) (H=11): roots=[-1.409+1.871i, -1.409-1.871i, -0.1823, 0.0000] real=False neg=False
  F=(0, 0, 6, 4, 1) (H=11): roots=[-2.000+1.414i, -2.000-1.414i, 0.0000, 0.0000] real=False neg=False
  F=(1, 10, 0, 0, 0) (H=11): roots=[-0.1000] real=True neg=True
  F=(1, 7, 3, 0, 0) (H=11): roots=[-2.1805, -0.1529] real=True neg=True
  F=(0, 2, 5, 4, 0) (H=11): roots=[-0.625+0.331i, -0.625-0.331i, 0.0000] real=False neg=False
  F=(0, 0, 8, 3, 0) (H=11): roots=[-2.6667, 0.0000, 0.0000] real=True neg=False
  F=(0, 0, 8, 2, 1) (H=11): roots=[-1.000+2.646i, -1.000-2.646i, 0.0000, 0.0000] real=False neg=False
  F=(0, 1, 5, 5, 0) (H=11): roots=[-0.7236, -0.2764, 0.0000] real=True neg=False
  F=(1, 6, 4, 0, 0) (H=11): roots=[-1.3090, -0.1910] real=True neg=True
  F=(0, 3, 6, 2, 0) (H=11): roots=[-2.3660, -0.6340, 0.0000] real=True neg=False
  F=(0, 2, 6, 3, 0) (H=11): roots=[-1.5774, -0.4226, 0.0000] real=True neg=False
  F=(0, 4, 6, 1, 0) (H=11): roots=[-5.2361, -0.7639, 0.0000] real=True neg=False
  F=(0, 0, 0, 10, 1) (H=11): roots=[-10.0000, 0.0000, 0.0000, 0.0000] real=True neg=False
  F=(1, 2, 8, 0, 0) (H=11): roots=[-0.125+0.331i, -0.125-0.331i] real=False neg=True
  F=(0, 3, 8, 0, 0) (H=11): roots=[-0.3750, 0.0000] real=True neg=False
  F=(0, 0, 4, 6, 1) (H=11): roots=[-5.2361, -0.7639, 0.0000, 0.0000] real=True neg=False
  F=(0, 2, 6, 2, 1) (H=11): roots=[-0.815+2.175i, -0.815-2.175i, -0.3706, 0.0000] real=False neg=False
  F=(0, 0, 7, 6, 0) (H=13): roots=[-1.1667, 0.0000, 0.0000] real=True neg=False
  F=(0, 5, 8, 0, 0) (H=13): roots=[-0.6250, 0.0000] real=True neg=False
  F=(0, 7, 6, 0, 0) (H=13): roots=[-1.1667, 0.0000] real=True neg=False
  F=(1, 5, 7, 0, 0) (H=13): roots=[-0.357+0.124i, -0.357-0.124i] real=False neg=True
  F=(0, 6, 7, 0, 0) (H=13): roots=[-0.8571, 0.0000] real=True neg=False
  F=(0, 2, 7, 4, 0) (H=13): roots=[-1.3904, -0.3596, 0.0000] real=True neg=False
  F=(0, 0, 9, 4, 0) (H=13): roots=[-2.2500, 0.0000, 0.0000] real=True neg=False
  F=(1, 6, 5, 1, 0) (H=13): roots=[-3.2470, -1.5550, -0.1981] real=True neg=True
  F=(1, 9, 3, 0, 0) (H=13): roots=[-2.8844, -0.1156] real=True neg=True
  F=(0, 0, 4, 8, 1) (H=13): roots=[-7.4641, -0.5359, 0.0000, 0.0000] real=True neg=False
  F=(0, 0, 8, 5, 0) (H=13): roots=[-1.6000, 0.0000, 0.0000] real=True neg=False
  F=(0, 2, 8, 3, 0) (H=13): roots=[-2.3874, -0.2792, 0.0000] real=True neg=False
  F=(0, 2, 9, 2, 0) (H=13): roots=[-4.2656, -0.2344, 0.0000] real=True neg=False
  F=(0, 3, 7, 3, 0) (H=13): roots=[-1.7676, -0.5657, 0.0000] real=True neg=False
  F=(1, 7, 5, 0, 0) (H=13): roots=[-1.2385, -0.1615] real=True neg=True
  F=(0, 0, 3, 9, 1) (H=13): roots=[-8.6533, -0.3467, 0.0000, 0.0000] real=True neg=False
  F=(0, 0, 6, 6, 1) (H=13): roots=[-4.7321, -1.2679, 0.0000, 0.0000] real=True neg=False
  F=(1, 8, 4, 0, 0) (H=13): roots=[-1.8660, -0.1340] real=True neg=True
  F=(0, 0, 5, 7, 1) (H=13): roots=[-6.1926, -0.8074, 0.0000, 0.0000] real=True neg=False
  F=(0, 4, 8, 1, 0) (H=13): roots=[-7.4641, -0.5359, 0.0000] real=True neg=False
  F=(0, 1, 8, 4, 0) (H=13): roots=[-1.8660, -0.1340, 0.0000] real=True neg=False
  F=(0, 3, 8, 2, 0) (H=13): roots=[-3.5811, -0.4189, 0.0000] real=True neg=False
  F=(0, 5, 7, 1, 0) (H=13): roots=[-6.1926, -0.8074, 0.0000] real=True neg=False
  F=(0, 1, 5, 6, 1) (H=13): roots=[-5.0489, -0.6431, -0.3080, 0.0000] real=True neg=False
  F=(0, 0, 6, 7, 0) (H=13): roots=[-0.8571, 0.0000, 0.0000] real=True neg=False
  F=(0, 4, 9, 0, 0) (H=13): roots=[-0.4444, 0.0000] real=True neg=False
  F=(0, 4, 7, 2, 0) (H=13): roots=[-2.7808, -0.7192, 0.0000] real=True neg=False
  F=(0, 1, 7, 5, 0) (H=13): roots=[-1.2385, -0.1615, 0.0000] real=True neg=False
  F=(1, 6, 6, 0, 0) (H=13): roots=[-0.7887, -0.2113] real=True neg=True
  F=(0, 0, 7, 5, 1) (H=13): roots=[-2.500+0.866i, -2.500-0.866i, 0.0000, 0.0000] real=False neg=False
  F=(0, 2, 9, 4, 0) (H=15): roots=[-2.0000, -0.2500, 0.0000] real=True neg=False
  F=(0, 0, 6, 8, 1) (H=15): roots=[-7.1623, -0.8377, 0.0000, 0.0000] real=True neg=False
  F=(0, 6, 9, 0, 0) (H=15): roots=[-0.6667, 0.0000] real=True neg=False
  F=(0, 7, 7, 1, 0) (H=15): roots=[-5.7913, -1.2087, 0.0000] real=True neg=False
  F=(0, 1, 7, 7, 0) (H=15): roots=[-0.8273, -0.1727, 0.0000] real=True neg=False
  F=(1, 6, 6, 2, 0) (H=15): roots=[-1.397+0.687i, -1.397-0.687i, -0.2063] real=False neg=True
  F=(0, 3, 9, 3, 0) (H=15): roots=[-2.6180, -0.3820, 0.0000] real=True neg=False
  F=(1, 4, 10, 0, 0) (H=15): roots=[-0.200+0.245i, -0.200-0.245i] real=False neg=True
  F=(0, 4, 9, 2, 0) (H=15): roots=[-4.0000, -0.5000, 0.0000] real=True neg=False
  F=(0, 2, 6, 6, 1) (H=15): roots=[-4.8473, -0.576+0.284i, -0.576-0.284i, 0.0000] real=False neg=False
  F=(1, 8, 6, 0, 0) (H=15): roots=[-1.1937, -0.1396] real=True neg=True
  F=(0, 0, 9, 6, 0) (H=15): roots=[-1.5000, 0.0000, 0.0000] real=True neg=False
  F=(0, 0, 10, 4, 1) (H=15): roots=[-2.000+2.449i, -2.000-2.449i, 0.0000, 0.0000] real=False neg=False
  F=(0, 2, 11, 2, 0) (H=15): roots=[-5.3117, -0.1883, 0.0000] real=True neg=False
  F=(1, 10, 4, 0, 0) (H=15): roots=[-2.3956, -0.1044] real=True neg=True
  F=(0, 0, 4, 10, 1) (H=15): roots=[-9.5826, -0.4174, 0.0000, 0.0000] real=True neg=False

======================================================================
PART 6: F(T,x) REVERSAL SYMMETRY
======================================================================
n=5: Reversal symmetry F_k(T^op) = F_{n-1-k}(T): 1024/1024 verified

======================================================================
PART 7: EULERIAN SUM Σ_T F(T,x)
======================================================================

n=4: Σ_T F_k(T) = [8, 88, 88, 8]
  Sum = 192 (should be 64 * mean_H = 192)
  Eulerian numbers A(4,k) = [1, 11, 11, 1]
  Expected: Σ_T F_k = A(n,k) * 2^3
  Expected: [8, 88, 88, 8]
  Actual:   [8, 88, 88, 8]
  Match: True

n=5: Σ_T F_k(T) = [64, 1664, 4224, 1664, 64]
  Sum = 7680 (should be 1024 * mean_H = 7680)
  Eulerian numbers A(5,k) = [1, 26, 66, 26, 1]
  Expected: Σ_T F_k = A(n,k) * 2^6
  Expected: [64, 1664, 4224, 1664, 64]
  Actual:   [64, 1664, 4224, 1664, 64]
  Match: True

======================================================================
PART 8: DOES F(T,x) DETERMINE T?
======================================================================

n=4: 18 distinct F polynomials
  F polys with >1 score sequence: 6/18
  Average tournaments per F: 3.6
  F classes containing complement pair: 0/18

n=5: 144 distinct F polynomials
  F polys with >1 score sequence: 31/144
  Average tournaments per F: 7.1
  F classes containing complement pair: 10/144

======================================================================
PART 9: F(T, φ) WHERE φ = GOLDEN RATIO
======================================================================

n=4: F(T,φ) statistics:
  mean = 6.479102
  min = 1.000000, max = 14.708204
  #distinct = 16
  mean(F(φ)/H) = 2.159701
  F=(1, 0, 0, 0) (H=1): F(T,φ) = 1.000000
  F=(0, 1, 0, 0) (H=1): F(T,φ) = 1.618034
  F=(1, 2, 0, 0) (H=3): F(T,φ) = 4.236068
  F=(0, 1, 0, 0) (H=1): F(T,φ) = 1.618034
  F=(1, 4, 0, 0) (H=5): F(T,φ) = 7.472136

n=5: F(T,φ) statistics:
  mean = 20.803187
  min = 1.000000, max = 59.686918
  #distinct = 92
  mean(F(φ)/H) = 2.773758
  F=(1, 0, 0, 0, 0) (H=1): F(T,φ) = 1.000000
  F=(0, 1, 0, 0, 0) (H=1): F(T,φ) = 1.618034
  F=(1, 2, 0, 0, 0) (H=3): F(T,φ) = 4.236068
  F=(0, 1, 0, 0, 0) (H=1): F(T,φ) = 1.618034
  F=(1, 4, 0, 0, 0) (H=5): F(T,φ) = 7.472136

======================================================================
SYNTHESIS — F(T,x) SPECIAL VALUES
======================================================================

KEY FINDINGS:
1. Σ_T F_k(T) = A(n,k) * 2^{m-(n-1)} — EXACT Eulerian-tournament identity!
   Each permutation with k ascents appears as HP of 2^{free arcs} tournaments.

2. F_k(T^op) = F_{n-1-k}(T) — perfect reversal symmetry (verified n=5).
   Ascents of T become descents of T^op.

3. F(T,-1) alternating sum values — connected to signed permutation statistics.

4. F(T,x) roots: at n=4, roots are always real and negative for H=5 (max H).
   This connects to the real-rootedness conjecture for Eulerian-type polynomials.

5. F polynomial is MORE refined than H alone — distinguishes tournaments
   that H cannot (different ascent distributions, same total).

