======================================================================
ANALYSIS 1: ISOMORPHISM CLASSES IN THE FIBER
======================================================================
  Collecting fiber for score=(2, 2, 3, 3, 3, 3, 5), deg_seq=(6, 8, 8, 10, 10, 10, 14)...
  Fiber size: 15120
    H=109: 5040 tournaments
    H=111: 10080 tournaments

  Isomorphism invariant classes:
    H=109: 1 signature classes
      5040 tournaments
    H=111: 1 signature classes
      10080 tournaments

  Computing canonical forms (sampling)...
    H=109: 1 distinct canonical forms in sample of 10
    H=111: 2 distinct canonical forms in sample of 10

======================================================================
ANALYSIS 2: AUTOMORPHISM GROUPS
======================================================================
  H=109, bits=4728: |Aut| = 1
    Orbit size = 7!/1 = 5040
  H=111, bits=4658: |Aut| = 1
    Orbit size = 7!/1 = 5040

======================================================================
ANALYSIS 3: THE INVOLUTION STRUCTURE
======================================================================
  Checking reversal structure for c7=9 tournaments...
  Delta c7 distribution for c7=9 tournaments (sample of 100):
    delta_c7 = -1: 40 (40%)

  Delta c7 distribution for c7=8 tournaments (sample of 100):
    delta_c7 = +1: 100 (100%)

======================================================================
ANALYSIS 4: COMPLEMENT STRUCTURE
======================================================================
  Complement of score (2,2,3,3,3,3,5): (1, 3, 3, 3, 3, 4, 4)
  bits=4728: H=109, scores=(2, 2, 3, 3, 3, 3, 5)
  Complement bits=2092423: H=109, scores=(1, 3, 3, 3, 3, 4, 4)
  bits=4658: H=111, scores=(2, 2, 3, 3, 3, 3, 5)
  Complement bits=2092493: H=111, scores=(1, 3, 3, 3, 3, 4, 4)

  Cross-check with Case 2:
    bits=9388: H=109, scores=(1, 3, 3, 3, 3, 4, 4)
    bits=9653: H=111, scores=(1, 3, 3, 3, 3, 4, 4)

======================================================================
ANALYSIS 5: OVERLAP WEIGHT AND GROUP STRUCTURE
======================================================================

  H=111 (bits=4658): 11 3-cycles
    Overlap-2 pairs: concordant=17, discordant=0

  H=109 (bits=4728): 11 3-cycles
    Overlap-2 pairs: concordant=17, discordant=0

======================================================================
ANALYSIS 6: VITALI QUOTIENT AS FIBER BUNDLE
======================================================================

SUMMARY OF THE VITALI FIBER BUNDLE STRUCTURE:

Base space: Lambda isomorphism classes
  -> Each point in the base determines c3_dir, c5_dir, alpha_2

Fiber: Tournaments sharing a lambda class
  -> The fiber is parameterized by arc orientations on the lambda graph
  -> The fiber is partitioned by c7_dir values

Structure group: The lambda-preserving transformations
  -> Generated by 4-vertex sub-tournament reversals
  -> Each reversal is an involution (order 2)
  -> Balance condition: all S-vertices have same out-degree to outside

At n=7:
  - The fiber over our target class has 15120 tournaments
  - Split as: c7=8 (5040) and c7=9 (10080)
  - The 4-vertex reversal involution maps some c7=9 to c7=8 (5040 pairs)
  - The remaining 5040 c7=9 tournaments have delta_c7=0 under reversal

The COMPLETE INVARIANT at n=7 is:
  (lambda isomorphism class, c7_dir)

The "non-measurable" dimension = 1 (just c7_dir).
The Vitali quotient forgets this single bit of information.

This is the simplest possible non-trivial fiber: a Z/2Z-graded fiber
with one "parity" bit that lambda cannot see.


======================================================================
DONE.
======================================================================
