======================================================================
FUNDAMENTALITY — WHAT NECESSITATES WHAT?
kind-pasteur-2026-03-14-S84
======================================================================

======================================================================
PART 1: WHAT IMPLIES WHAT?
======================================================================

  THE DEPENDENCY GRAPH OF OUR THEOREMS:

  LEVEL 0 (Axioms — take as given):
    A0: The definition of tournament (complete directed graph)
    A1: The definition of H (count of Hamiltonian paths)
    A2: The definition of Omega (odd-cycle conflict graph)

  LEVEL 1 (Direct consequences):
    A0 => Completeness: every pair has an arc
    A1 => H is a multilinear polynomial of degree n-1 in arc variables
    A1 + A0 => H(T) = H(T^op) [path reversal: reverse all arcs, reverse path]

  LEVEL 2 (Deeper consequences):
    A0 + A2 => Omega structure constrained (no K_3 for 3 pairwise-sharing cycles)
    H = I(Omega, 2) [OCF, Grinberg-Stanley — requires PROOF, not just definitions]
    H(T^op) = H(T) => odd Fourier levels vanish
    H multilinear degree n-1 + path reversal => Degree Drop at even n

  LEVEL 3 (Structural consequences):
    OCF + Omega structure => H != 7 [THM-200]
    Fourier structure => 75/25 energy split => Var/Mean^2 ~ 1/3
    Degree Drop => Vassiliev type = 2*floor((n-1)/2)
    OCF => H = 1 + 2*alpha_1 + 4*alpha_2 + ... => H always odd [Redei!]

  LEVEL 4 (Phenomenological):
    Fourier energy split => landscape smoothness => unimodality at n<=5
    OCF decomposition => H-landscape structure => phase transition at n=6
    Lex product formula => blow-up construction of maximizers

  THE KEY INSIGHT:
  OCF (Level 2) is the MOST FUNDAMENTAL non-trivial fact.
  It connects:
    H (counting) <-> I(Omega, 2) (algebra) <-> cycle structure (combinatorics)
  Everything above Level 2 follows from OCF + basic properties.
  OCF itself requires a PROOF (Grinberg-Stanley or our Fourier verification).


======================================================================
PART 2: UNCONSTRAINED SIMILARITY — WHAT ELSE LOOKS LIKE THIS?
======================================================================

  PATTERN: "A multilinear polynomial on {0,1}^m with:
    - even-level Fourier spectrum
    - degree d < m
    - image always odd
    - specific forbidden values"

  WHAT OTHER OBJECTS HAVE THIS PATTERN?

  1. GRAPH COLORING:
     chi(G, k) = number of proper k-colorings of graph G
     chi is a polynomial in k, always integer, with forbidden values.
     chi(G, 0) = 0, chi(G, 1) = 0 for non-empty graphs.
     H(T) is "tournament coloring" at "2 colors" (= 2 orientations).
     chi has deletion-contraction. H has deletion-contraction.
     chi has a Khovanov categorification. H should too (via GLMY).

  2. JONES POLYNOMIAL:
     V(K, t) = knot invariant satisfying skein relation.
     H(T) satisfies H(T) - H(T') = H(T/e) - H(T'/e') [skein!]
     V evaluated at roots of unity gives quantum invariants.
     H evaluated at roots of unity gives modular constraints.
     V has Khovanov homology. H has GLMY path homology.

  3. PARTITION FUNCTION OF HARD-CORE MODEL:
     Z(G, lambda) = I(G, lambda) = sum of lambda^|S| over independent sets S.
     H(T) = Z(Omega(T), 2).
     Z at integer lambda counts weighted independent sets.
     Z has Lee-Yang zeros on the unit circle (for certain graphs).
     H's generating polynomial Q_n has zeros approaching unit circle.

  4. PERMANENT OF {0,1} MATRIX:
     perm(A) counts perfect matchings or cycle covers.
     H counts Hamiltonian paths (a different "covering" notion).
     Both are #P-hard to compute.
     Both satisfy deletion-contraction-like recursions.
     perm has a Fourier theory (Barvinok's approximation).
     H has our Fourier theory.

  THE META-SIMILARITY:
  All four objects (chi, V, Z, perm) share the SAME SKELETON:
    - Evaluation of a polynomial at a specific integer
    - Deletion-contraction recursion
    - Homological categorification
    - Forbidden values from structural constraints
    - Connections to statistical mechanics
  H(T) is the FIFTH member of this family.


======================================================================
PART 3: THE ONE FACT
======================================================================

  If you could know EXACTLY ONE FACT about tournaments, what would
  give you the most power to derive everything else?

  CANDIDATE 1: H(T) = I(Omega(T), 2) [OCF]
    From this you get: Redei (H odd), forbidden values,
    H = 1 + 2*alpha_1 + 4*alpha_2 + ..., the hard-core connection.
    But NOT: Degree Drop, Fourier structure, landscape properties.

  CANDIDATE 2: The path reversal involution H(T) = H(T^op)
    From this: odd Fourier vanishing, the 75/25 split,
    Var/Mean^2 ≈ 1/3, and combined with multilinearity: Degree Drop.
    But NOT: OCF, forbidden values, cycle structure.

  CANDIDATE 3: The deletion-contraction H(D) = H(D\e) + H(D/e)
    From this: the skein relation, inductive structure,
    connection to Tutte polynomial, Vassiliev-type theory.
    But NOT: OCF directly, path reversal, Fourier.

  NONE of these alone generates everything.
  But CANDIDATES 1+2 together generate almost everything:
    OCF + path reversal => Redei + forbidden values + Fourier +
    Degree Drop + landscape structure + information rate.

  THE MINIMAL GENERATING SET:
    {OCF, path reversal} generates most of the theory.
    Adding {DC} gives the rest (skein, Vassiliev, landscape dynamics).

  So the FUNDAMENTAL PAIR is:
    H = I(Omega, 2) + H(T) = H(T^op)


======================================================================
PART 4: DERIVING DEGREE DROP FROM OCF + PATH REVERSAL
======================================================================

  OCF: H = I(Omega, 2) = sum_k 2^k * alpha_k
  Path reversal: H(T) = H(complement(T))

  Does this imply deg(H) = 2*floor((n-1)/2)?

  Step 1: H is a multilinear polynomial of degree ≤ n-1 in arc variables.
          (Each Hamiltonian path uses n-1 arcs.)

  Step 2: Path reversal means H(x) = H(1-x) where (1-x) complements all bits.
          In Fourier: H_hat(S) = (-1)^|S| * H_hat(S) for all S.
          This forces H_hat(S) = 0 for odd |S|.
          So degree is at most n-1, and only EVEN levels have nonzero coefficients.

  Step 3: The actual degree is max even level with nonzero coefficients.
          Is this always 2*floor((n-1)/2) = n-1 (odd n) or n-2 (even n)?

  For ODD n: n-1 is even, so level n-1 CAN be nonzero. From the proof:
    the top coefficients are ±2 (from the path reversal pairing).
    So degree = n-1.

  For EVEN n: n-1 is odd, so level n-1 is FORCED to be 0 (odd level).
    The next even level is n-2. Do the level-(n-2) coefficients survive?
    YES — verified computationally at n=4,6.

  CONCLUSION: Path reversal (Step 2) implies the top odd level vanishes.
  Combined with multilinearity degree n-1, this gives:
    deg = n-1 for odd n (top level is even)
    deg = n-2 for even n (top level is odd, forced to 0)

  This is EXACTLY the Degree Drop Theorem!
  And we DON'T NEED OCF for this — only path reversal + multilinearity.


======================================================================
PART 5: WHAT NECESSITATES OCF?
  OCF is the deepest fact. What FORCES it to be true?
======================================================================

  OCF: H(T) = I(Omega(T), 2)

  This says: counting Hamiltonian paths = counting independent sets
  in the odd-cycle conflict graph, weighted by 2^|S|.

  WHY? The deep reason (from Grinberg-Stanley):
  - Expand the Hamiltonian polynomial ham(D) using permutation cycles
  - Each permutation sigma decomposes into cycles
  - ham(D) counts permutations where ALL cycles are odd AND directed
  - Each such permutation contributes 2^{# independent cycles}
  - This is exactly I(Omega, 2)

  The "2" comes from: each odd cycle can be traversed in 2 ways
  (forward or backward), and the independence polynomial counts
  the number of ways to choose a subset of non-conflicting cycles.

  FUNDAMENTAL NECESSITY: OCF is forced by the structure of
  permutation cycle decomposition + the completeness of tournaments.
  It's not a coincidence — it's a CONSEQUENCE of how permutations
  decompose into disjoint cycles on a complete directed graph.

  THE DEEPEST FACT: Hamiltonian paths on complete graphs decompose
  into independent odd cycles, each contributing a factor of 2.
  This is what H = I(Omega, 2) MEANS.


======================================================================
PART 6: THE FUNDAMENTAL TRIPLE (H, alpha_1, alpha_2)
  At n<=7: H = 1 + 2*alpha_1 + 4*alpha_2 (alpha_3+ rare)
  This triple captures almost ALL tournament information.
======================================================================

  n=5: (alpha_1, alpha_2) distribution:
    alpha_1=  0, alpha_2= 0 -> H=  1: 120 tournaments
    alpha_1=  1, alpha_2= 0 -> H=  3: 120 tournaments
    alpha_1=  2, alpha_2= 0 -> H=  5: 240 tournaments
    alpha_1=  4, alpha_2= 0 -> H=  9: 240 tournaments
    alpha_1=  5, alpha_2= 0 -> H= 11: 120 tournaments
    alpha_1=  6, alpha_2= 0 -> H= 13: 120 tournaments
    alpha_1=  7, alpha_2= 0 -> H= 15: 64 tournaments

  n=6: (alpha_1, alpha_2) distribution:
    alpha_1=  0, alpha_2= 0 -> H=  1: 456 tournaments
    alpha_1=  1, alpha_2= 0 -> H=  3: 604 tournaments
    alpha_1=  2, alpha_2= 0 -> H=  5: 1350 tournaments
    alpha_1=  2, alpha_2= 1 -> H=  9: 50 tournaments
    alpha_1=  4, alpha_2= 0 -> H=  9: 1786 tournaments
    alpha_1=  5, alpha_2= 0 -> H= 11: 886 tournaments
    alpha_1=  6, alpha_2= 0 -> H= 13: 888 tournaments
    alpha_1=  6, alpha_2= 1 -> H= 17: 444 tournaments
    alpha_1=  7, alpha_2= 0 -> H= 15: 1358 tournaments
    alpha_1=  8, alpha_2= 0 -> H= 17: 440 tournaments
    alpha_1=  9, alpha_2= 0 -> H= 19: 878 tournaments
    alpha_1=  9, alpha_2= 1 -> H= 23: 880 tournaments
    alpha_1= 10, alpha_2= 2 -> H= 29: 436 tournaments
    alpha_1= 11, alpha_2= 0 -> H= 23: 866 tournaments
    alpha_1= 11, alpha_2= 1 -> H= 27: 292 tournaments
    alpha_1= 12, alpha_2= 0 -> H= 25: 872 tournaments
    alpha_1= 12, alpha_2= 1 -> H= 29: 1310 tournaments
    alpha_1= 12, alpha_2= 2 -> H= 33: 436 tournaments
    alpha_1= 13, alpha_2= 1 -> H= 31: 876 tournaments
    alpha_1= 14, alpha_2= 1 -> H= 33: 864 tournaments
    alpha_1= 14, alpha_2= 2 -> H= 37: 1300 tournaments
    alpha_1= 14, alpha_2= 4 -> H= 45: 142 tournaments
    alpha_1= 16, alpha_2= 0 -> H= 33: 288 tournaments
    alpha_1= 16, alpha_2= 1 -> H= 37: 868 tournaments
    alpha_1= 16, alpha_2= 2 -> H= 41: 426 tournaments
    alpha_1= 19, alpha_2= 1 -> H= 43: 860 tournaments
    alpha_1= 20, alpha_2= 1 -> H= 45: 144 tournaments

======================================================================
PART 7: THE SIMILARITY WEB
  Connections between the 5 'sibling' theories:
======================================================================

  H(T) ~ chi(G,k):
    - Both satisfy deletion-contraction
    - Both have homological categorification
    - Both have forbidden evaluations

  H(T) ~ V(K,t):
    - Both satisfy skein relation
    - Both have Vassiliev/finite-type structure
    - Both connect to statistical mechanics

  H(T) ~ Z(G,lambda):
    - H = Z(Omega, 2) directly!
    - Both are partition functions
    - Both have Lee-Yang zeros

  H(T) ~ perm(A):
    - Both count 'coverings' of a structure
    - Both are #P-complete to compute
    - Both have Fourier approximation theory

  chi ~ V:
    - Both categorified (Khovanov)
    - Both detect knottedness/colorability
    - Both have skein/deletion-contraction

  THE WEB HAS A CENTER: H(T) = Z(Omega, 2).
  This is the bridge between counting (H) and algebra (Z).
  Every other connection flows through this bridge.

======================================================================
DONE — FUNDAMENTALITY EXPLORED
======================================================================
