======================================================================
GAUSS SUM DERIVATION OF WALSH MAGNITUDES at p=11
======================================================================

DEGREE-2 WALSH OF tr(A^k)/k vs EXACT c_k:
(If these match, the trace formula captures the Walsh structure)

  c_3:

  c_5:
    (0,2) q=3: trace=   -5.5000, exact=   -5.5000, diff=    0.0000 MATCH
    (0,3) q=3: trace=   -5.5000, exact=   -5.5000, diff=    0.0000 MATCH
    (1,2) q=3: trace=    5.5000, exact=    5.5000, diff=    0.0000 MATCH
    (1,4) q=3: trace=    5.5000, exact=    5.5000, diff=    0.0000 MATCH
    (3,4) q=3: trace=   -5.5000, exact=   -5.5000, diff=    0.0000 MATCH

  c_7:
    (0,1) q=5: trace=  -16.5000, exact=  -20.6250, diff=    4.1250 DIFFERS
    (0,2) q=3: trace=   96.2500, exact=  -15.1250, diff=  111.3750 DIFFERS
    (0,3) q=3: trace=   96.2500, exact=  -15.1250, diff=  111.3750 DIFFERS
    (0,4) q=5: trace=   16.5000, exact=   20.6250, diff=   -4.1250 DIFFERS
    (1,2) q=3: trace=  -96.2500, exact=   15.1250, diff= -111.3750 DIFFERS
    (1,3) q=5: trace=  -16.5000, exact=  -20.6250, diff=    4.1250 DIFFERS
    (1,4) q=3: trace=  -96.2500, exact=   15.1250, diff= -111.3750 DIFFERS
    (2,3) q=5: trace=   16.5000, exact=   20.6250, diff=   -4.1250 DIFFERS
    (2,4) q=5: trace=   16.5000, exact=   20.6250, diff=   -4.1250 DIFFERS
    (3,4) q=3: trace=   96.2500, exact=  -15.1250, diff=  111.3750 DIFFERS

  c_9:
    (0,1) q=5: trace=  423.5000, exact=   -5.5000, diff=  429.0000 DIFFERS
    (0,2) q=3: trace=-1177.0000, exact=  -13.7500, diff=-1163.2500 DIFFERS
    (0,3) q=3: trace=-1177.0000, exact=  -13.7500, diff=-1163.2500 DIFFERS
    (0,4) q=5: trace= -423.5000, exact=    5.5000, diff= -429.0000 DIFFERS
    (1,2) q=3: trace= 1177.0000, exact=   13.7500, diff= 1163.2500 DIFFERS
    (1,3) q=5: trace=  423.5000, exact=   -5.5000, diff=  429.0000 DIFFERS
    (1,4) q=3: trace= 1177.0000, exact=   13.7500, diff= 1163.2500 DIFFERS
    (2,3) q=5: trace= -423.5000, exact=    5.5000, diff= -429.0000 DIFFERS
    (2,4) q=5: trace= -423.5000, exact=    5.5000, diff= -429.0000 DIFFERS
    (3,4) q=3: trace=-1177.0000, exact=  -13.7500, diff=-1163.2500 DIFFERS

  c_11:
    (0,1) q=5: trace=-6701.7500, exact=   -9.6250, diff=-6692.1250 DIFFERS
    (0,2) q=3: trace=12540.0000, exact=   48.1250, diff=12491.8750 DIFFERS
    (0,3) q=3: trace=12540.0000, exact=   48.1250, diff=12491.8750 DIFFERS
    (0,4) q=5: trace= 6701.7500, exact=    9.6250, diff= 6692.1250 DIFFERS
    (1,2) q=3: trace=-12540.0000, exact=  -48.1250, diff=-12491.8750 DIFFERS
    (1,3) q=5: trace=-6701.7500, exact=   -9.6250, diff=-6692.1250 DIFFERS
    (1,4) q=3: trace=-12540.0000, exact=  -48.1250, diff=-12491.8750 DIFFERS
    (2,3) q=5: trace= 6701.7500, exact=    9.6250, diff= 6692.1250 DIFFERS
    (2,4) q=5: trace= 6701.7500, exact=    9.6250, diff= 6692.1250 DIFFERS
    (3,4) q=3: trace=12540.0000, exact=   48.1250, diff=12491.8750 DIFFERS


======================================================================
ANALYTICAL WALSH FORMULA FROM EIGENVALUE PERTURBATION
======================================================================

  C(t) = sum_j cos(2pi jt/p) for t=0..10:
    C(0) = 5.000000
    C(1) = -0.500000
    C(2) = -0.500000
    C(3) = -0.500000
    C(4) = -0.500000
    C(5) = -0.500000
    C(6) = -0.500000
    C(7) = -0.500000
    C(8) = -0.500000
    C(9) = -0.500000
    C(10) = -0.500000

  Eigenvalues at base sigma_0 = {1,...,5}:
    t=0: lambda=  5.0000+  0.0000i, chi(t)=+0, pred=  5.0000+  0.0000i, MATCH  |lam|^2=25.0000
    t=1: lambda= -0.5000+  3.4776i, chi(t)=+1, pred= -0.5000+  1.6583i, NO  |lam|^2=12.3435
    t=2: lambda= -0.5000+ -0.1468i, chi(t)=-1, pred= -0.5000+ -1.6583i, NO  |lam|^2=0.2716
    t=3: lambda= -0.5000+  1.0948i, chi(t)=+1, pred= -0.5000+  1.6583i, NO  |lam|^2=1.4487
    t=4: lambda= -0.5000+ -0.3213i, chi(t)=+1, pred= -0.5000+  1.6583i, NO  |lam|^2=0.3533
    t=5: lambda= -0.5000+  0.5770i, chi(t)=+1, pred= -0.5000+  1.6583i, NO  |lam|^2=0.5830
    t=6: lambda= -0.5000+ -0.5770i, chi(t)=-1, pred= -0.5000+ -1.6583i, NO  |lam|^2=0.5830
    t=7: lambda= -0.5000+  0.3213i, chi(t)=-1, pred= -0.5000+ -1.6583i, NO  |lam|^2=0.3533
    t=8: lambda= -0.5000+ -1.0948i, chi(t)=-1, pred= -0.5000+ -1.6583i, NO  |lam|^2=1.4487
    t=9: lambda= -0.5000+  0.1468i, chi(t)=+1, pred= -0.5000+  1.6583i, NO  |lam|^2=0.2716
    t=10: lambda= -0.5000+ -3.4776i, chi(t)=-1, pred= -0.5000+ -1.6583i, NO  |lam|^2=12.3435


======================================================================
WALSH OF EIGENVALUE POWERS: Walsh[lambda_t^k][{{a,b}}]
======================================================================

  k=3:
    (0,2) q=3: sum_t Walsh[lam_t^3] / 3 = -0.0000
      QR contrib: 0.0000, QNR contrib: -0.0000, t=0: 0.0000
      t=1: chi(t)=+1, walsh_contrib=1.6054
      t=2: chi(t)=-1, walsh_contrib=-0.7688
      t=3: chi(t)=+1, walsh_contrib=-2.7011
      t=4: chi(t)=+1, walsh_contrib=1.2258
      t=5: chi(t)=+1, walsh_contrib=0.6388
      t=6: chi(t)=-1, walsh_contrib=0.6388
    (0,1) q=5: sum_t Walsh[lam_t^3] / 3 = -0.0000
      QR contrib: -0.0000, QNR contrib: -0.0000, t=0: 0.0000
      t=1: chi(t)=+1, walsh_contrib=1.4754
      t=2: chi(t)=-1, walsh_contrib=2.0624
      t=3: chi(t)=+1, walsh_contrib=-0.8366
      t=4: chi(t)=+1, walsh_contrib=-2.2442
      t=5: chi(t)=+1, walsh_contrib=-0.4569
      t=6: chi(t)=-1, walsh_contrib=-0.4569

  k=5:
    (0,2) q=3: sum_t Walsh[lam_t^5] / 5 = -5.5000
      QR contrib: -2.7500, QNR contrib: -2.7500, t=0: 0.0000
      t=1: chi(t)=+1, walsh_contrib=-29.1967
      t=2: chi(t)=-1, walsh_contrib=15.8541
      t=3: chi(t)=+1, walsh_contrib=39.4872
      t=4: chi(t)=+1, walsh_contrib=-25.6312
      t=5: chi(t)=+1, walsh_contrib=-14.2633
      t=6: chi(t)=-1, walsh_contrib=-14.2633
    (0,1) q=5: sum_t Walsh[lam_t^5] / 5 = 0.0000
      QR contrib: -0.0000, QNR contrib: 0.0000, t=0: 0.0000
      t=1: chi(t)=+1, walsh_contrib=-28.3295
      t=2: chi(t)=-1, walsh_contrib=-35.7670
      t=3: chi(t)=+1, walsh_contrib=16.4022
      t=4: chi(t)=+1, walsh_contrib=36.6413
      t=5: chi(t)=+1, walsh_contrib=11.0531
      t=6: chi(t)=-1, walsh_contrib=11.0531

  k=7:
    (0,2) q=3: sum_t Walsh[lam_t^7] / 7 = 96.2500
      QR contrib: 48.1250, QNR contrib: 48.1250, t=0: 0.0000
      t=1: chi(t)=+1, walsh_contrib=434.9249
      t=2: chi(t)=-1, walsh_contrib=-266.7610
      t=3: chi(t)=+1, walsh_contrib=-505.5748
      t=4: chi(t)=+1, walsh_contrib=418.3940
      t=5: chi(t)=+1, walsh_contrib=255.8920
      t=6: chi(t)=-1, walsh_contrib=255.8920
    (0,1) q=5: sum_t Walsh[lam_t^7] / 7 = -16.5000
      QR contrib: -8.2500, QNR contrib: -8.2500, t=0: 0.0000
      t=1: chi(t)=+1, walsh_contrib=431.9706
      t=2: chi(t)=-1, walsh_contrib=489.1629
      t=3: chi(t)=+1, walsh_contrib=-269.4406
      t=4: chi(t)=+1, walsh_contrib=-492.0797
      t=5: chi(t)=+1, walsh_contrib=-217.3632
      t=6: chi(t)=-1, walsh_contrib=-217.3632

  k=9:
    (0,2) q=3: sum_t Walsh[lam_t^9] / 9 = -1177.0000
      QR contrib: -588.5000, QNR contrib: -588.5000, t=0: 0.0000
      t=1: chi(t)=+1, walsh_contrib=-5798.1141
      t=2: chi(t)=-1, walsh_contrib=4013.3937
      t=3: chi(t)=+1, walsh_contrib=6196.3014
      t=4: chi(t)=+1, walsh_contrib=-5742.3336
      t=5: chi(t)=+1, walsh_contrib=-3965.7474
      t=6: chi(t)=-1, walsh_contrib=-3965.7474
    (0,1) q=5: sum_t Walsh[lam_t^9] / 9 = 423.5000
      QR contrib: 211.7500, QNR contrib: 211.7500, t=0: 0.0000
      t=1: chi(t)=+1, walsh_contrib=-5791.6760
      t=2: chi(t)=-1, walsh_contrib=-6140.8128
      t=3: chi(t)=+1, walsh_contrib=4020.2936
      t=4: chi(t)=+1, walsh_contrib=6147.2499
      t=5: chi(t)=+1, walsh_contrib=3670.6952
      t=6: chi(t)=-1, walsh_contrib=3670.6952

  k=11:
    (0,2) q=3: sum_t Walsh[lam_t^11] / 11 = 12540.0000
      QR contrib: 6270.0000, QNR contrib: 6270.0000, t=0: 0.0000
      t=1: chi(t)=+1, walsh_contrib=71071.1960
      t=2: chi(t)=-1, walsh_contrib=-54857.3031
      t=3: chi(t)=+1, walsh_contrib=-72927.1518
      t=4: chi(t)=+1, walsh_contrib=70952.1198
      t=5: chi(t)=+1, walsh_contrib=54731.1391
      t=6: chi(t)=-1, walsh_contrib=54731.1391
    (0,1) q=5: sum_t Walsh[lam_t^11] / 11 = -6701.7500
      QR contrib: -3350.8750, QNR contrib: -3350.8750, t=0: 0.0000
      t=1: chi(t)=+1, walsh_contrib=71068.7145
      t=2: chi(t)=-1, walsh_contrib=72808.2510
      t=3: chi(t)=+1, walsh_contrib=-54861.3532
      t=4: chi(t)=+1, walsh_contrib=-72810.7455
      t=5: chi(t)=+1, walsh_contrib=-53064.4918
      t=6: chi(t)=-1, walsh_contrib=-53064.4918


======================================================================
ANALYTICAL FORMULA FOR c_3 WALSH
======================================================================
  (0,1) q=5: analytical = 0.000000 (expected 0 since c_3 is constant)
  (0,2) q=3: analytical = 0.000000 (expected 0 since c_3 is constant)
  (0,3) q=3: analytical = -0.000000 (expected 0 since c_3 is constant)
  (0,4) q=5: analytical = 0.000000 (expected 0 since c_3 is constant)
  (1,2) q=3: analytical = 0.000000 (expected 0 since c_3 is constant)
  (1,3) q=5: analytical = 0.000000 (expected 0 since c_3 is constant)
  (1,4) q=3: analytical = 0.000000 (expected 0 since c_3 is constant)
  (2,3) q=5: analytical = 0.000000 (expected 0 since c_3 is constant)
  (2,4) q=5: analytical = 0.000000 (expected 0 since c_3 is constant)
  (3,4) q=3: analytical = -0.000000 (expected 0 since c_3 is constant)

  Result: sum_t C(t) sin(ga*t) sin(gb*t) = 0 for all (ga,gb)
  This is EXPECTED: c_3 = p*(p-1)*(p-2)/6 is orientation-independent


======================================================================
VERIFYING ANALYTICAL WALSH FORMULA FOR tr(A^k)/k
======================================================================
  (0,2) q=3: numerical=-5.5000, analytical=-5.5000, match=True
  (0,1) q=5: numerical=0.0000, analytical=-0.0000, match=True
  k=3: (0,2) q=3: numerical=-0.000000, analytical=0.000000
  k=3: (0,1) q=5: numerical=-0.000000, analytical=0.000000


======================================================================
SIN PRODUCT STRUCTURE: s_a(t) * s_b(t) BY CHI(t)
======================================================================
  (0,1) q=5, chi(ab)=-1: QR_sum=0.000000, QNR_sum=0.000000, diff=-0.000000, ratio=N/A
  (0,2) q=3, chi(ab)=+1: QR_sum=-0.000000, QNR_sum=-0.000000, diff=-0.000000, ratio=N/A
  (0,3) q=3, chi(ab)=+1: QR_sum=-0.000000, QNR_sum=0.000000, diff=-0.000000, ratio=N/A
  (0,4) q=5, chi(ab)=+1: QR_sum=0.000000, QNR_sum=0.000000, diff=0.000000, ratio=N/A
  (1,2) q=3, chi(ab)=-1: QR_sum=-0.000000, QNR_sum=0.000000, diff=-0.000000, ratio=N/A
  (1,3) q=5, chi(ab)=-1: QR_sum=0.000000, QNR_sum=0.000000, diff=0.000000, ratio=N/A
  (1,4) q=3, chi(ab)=-1: QR_sum=0.000000, QNR_sum=0.000000, diff=0.000000, ratio=N/A
  (2,3) q=5, chi(ab)=+1: QR_sum=-0.000000, QNR_sum=0.000000, diff=-0.000000, ratio=N/A
  (2,4) q=5, chi(ab)=+1: QR_sum=0.000000, QNR_sum=-0.000000, diff=0.000000, ratio=N/A
  (3,4) q=3, chi(ab)=+1: QR_sum=-0.000000, QNR_sum=0.000000, diff=-0.000000, ratio=N/A

  C(t) * s_a(t) * s_b(t) by chi(t):
  (0,2) q=3: QR=-0.000000, QNR=-0.000000, diff=0.000000
  (0,1) q=5: QR=0.000000, QNR=-0.000000, diff=0.000000
  (3,4) q=3: QR=0.000000, QNR=0.000000, diff=-0.000000

DONE.
