Computing W(n)...
  W(3) = 8  (0.0s)
  W(4) = 32  (0.0s)
  W(5) = 158  (0.0s)
  W(6) = 928  (0.0s)
  W(7) = 6350  (0.0s)
  W(8) = 49752  (0.0s)
  W(9) = 439670  (0.0s)
  W(10) = 4327904  (0.0s)
  W(11) = 46963358  (0.0s)
  W(12) = 556953448  (0.0s)
  W(13) = 7166360054  (0.1s)
  W(14) = 99428495088  (0.2s)
  W(15) = 1479600188798  (0.5s)
  W(16) = 23506712352248  (1.2s)
  W(17) = 397095175477430  (2.7s)
  W(18) = 7107209383674112  (6.3s)
  W(19) = 134345623603516190  (14.2s)
  W(20) = 2674426516381764744  (32.5s)
  W(21) = 55925062706620208438  (73.8s)
  W(22) = 1225582324497129993488  (175.6s)
  W(23) = 28088043261491650347134  (865.2s)

======================================================================
CASCADING EXTRACTION
======================================================================

Iteration 1: polynomials known for k=1..4

Iteration 2: polynomials known for k=1..4
  No new data extracted, stopping.

======================================================================
ALL g_k POLYNOMIALS (degree 3 for k≥3)
======================================================================
  g_3(m) = (2m³ + (0)m² + (1)m + (0)) / 3
        = x*(2*x**2 + 1)/3
  g_4(m) = (10m³ + (-33)m² + (50)m + (-24)) / 3
        = (5*x - 4)*(2*x**2 - 5*x + 6)/3

======================================================================
COEFFICIENT SEQUENCES
======================================================================

  k             a_k             b_k             c_k             d_k
-----------------------------------------------------------------
  3               2               0               1               0
  4              10             -33              50             -24

Verification: a_k + b_k + c_k + d_k = 3 (from g_k(1) = 1):
  k=3: 2 + 0 + 1 + 0 = 3 ✓
  k=4: 10 + -33 + 50 + -24 = 3 ✓

Verification: 8a + 4b + 2c + d = 6k (from g_k(2) = 2k):
  k=3: 18, expected 18 ✓
  k=4: 24, expected 24 ✓

Leading coefficient a_k ratios:
  a_4/a_3 = 10/2 = 5.000000

======================================================================
RECURRENCE SEARCH FOR a_k
======================================================================
a_k = [2, 10]
Linear recurrence a_k = (αk+β)·a_{k-1}:

Normalized by factorials:
  k=3: a_k/k! = 0.333333, a_k/(2k)! = 0.0027777778, a_k/(2k-2)! = 0.083333
  k=4: a_k/k! = 0.416667, a_k/(2k)! = 0.0002480159, a_k/(2k-2)! = 0.013889

======================================================================
g_k(0) VALUES (= d_k/3)
======================================================================
  g_3(0) = 0/3 = 0
  g_4(0) = -24/3 = -8

-d_k sequence:
  k=3: -d_k = 0
  k=4: -d_k = 24

======================================================================
g_k(3) SEQUENCE
======================================================================
  g_3(3) = 19
  g_4(3) = 33

Done!
