======================================================================
W(n) AND g_k EXTRACTION
======================================================================

n=3: W=8, time=0.0s
  CV² = 0.33333333333333

n=4: W=32, time=0.0s
  CV² = 0.33333333333333

n=5: W=158, time=0.0s
  CV² = 0.31666666666667

n=6: W=928, time=0.0s
  CV² = 0.28888888888889

n=7: W=6350, time=0.0s
  CV² = 0.25992063492063

n=8: W=49752, time=0.0s
  CV² = 0.23392857142857

n=9: W=439670, time=0.0s
  CV² = 0.21161265432099

n=10: W=4327904, time=0.0s
  CV² = 0.19265432098765

n=11: W=46963358, time=0.0s
  CV² = 0.17653113476030
  g_5(1) ≈ 1 = 1.000000 (remaining=5.01e-08)

n=12: W=556953448, time=0.0s
  CV² = 0.16273817874512
  g_5(2) ≈ 10 = 10.000000 (remaining=8.35e-08)

n=13: W=7166360054, time=0.1s
  CV² = 0.15084890257633
  g_5(3) ≈ 1267/6 = 211.166667 (remaining=4.07e-07)

n=14: W=99428495088, time=0.2s
  CV² = 0.14051897231957
  g_5(4) ≈ 1381 = 1381.000000 (remaining=7.60e-07)

n=15: W=1479600188798, time=0.5s
  CV² = 0.13147449013698
  g_5(5) ≈ 665359/120 = 5544.658333 (remaining=1.02e-06)

n=16: W=23506712352248, time=1.2s
  CV² = 0.12349798846520
  g_5(6) ≈ 3036991/180 = 16872.172222 (remaining=1.16e-06)

======================================================================
g_5 AND g_6 ANALYSIS
======================================================================

g_5:
  m=1: g ≈ 1.000000 (nearest int: 1, diff=0.00e+00)
  m=2: g ≈ 10.000000 (nearest int: 10, diff=0.00e+00)
  m=3: g ≈ 211.166667 (nearest int: 211, diff=1.67e-01)
  m=4: g ≈ 1381.000000 (nearest int: 1381, diff=0.00e+00)
  m=5: g ≈ 5544.658333 (nearest int: 5545, diff=3.42e-01)
  m=6: g ≈ 16872.172222 (nearest int: 16872, diff=1.72e-01)
  Interpolation: g_5(m) = (451*x**2 - 1335*x + 886)/2 = 451*x**2/2 - 1335*x/2 + 443

======================================================================
g_4 VERIFICATION
======================================================================

======================================================================
SUMMARY OF g_k POLYNOMIALS
======================================================================
g_1(m) = m
g_2(m) = m²
g_3(m) = m(2m²+1)/3
g_4(m) = (5m-4)(2m²-5m+6)/3 = (10m³-33m²+50m-24)/3

======================================================================
FULL ASYMPTOTIC ANALYSIS
======================================================================
  n=5: CV²(approx) = 0.316666666667, 2/n = 0.400000000000, diff = -8.33e-02
  n=6: CV²(approx) = 0.288888888889, 2/n = 0.333333333333, diff = -4.44e-02
  n=7: CV²(approx) = 0.259920634921, 2/n = 0.285714285714, diff = -2.58e-02
  n=8: CV²(approx) = 0.233928571429, 2/n = 0.250000000000, diff = -1.61e-02
  n=9: CV²(approx) = 0.211612654321, 2/n = 0.222222222222, diff = -1.06e-02
  n=10: CV²(approx) = 0.192654320988, 2/n = 0.200000000000, diff = -7.35e-03
  n=11: CV²(approx) = 0.176531084656, 2/n = 0.181818181818, diff = -5.29e-03
  n=12: CV²(approx) = 0.162738095238, 2/n = 0.166666666667, diff = -3.93e-03
  n=13: CV²(approx) = 0.150848495640, 2/n = 0.153846153846, diff = -3.00e-03
  n=14: CV²(approx) = 0.140518211947, 2/n = 0.142857142857, diff = -2.34e-03
  n=15: CV²(approx) = 0.131473472515, 2/n = 0.133333333333, diff = -1.86e-03
  n=16: CV²(approx) = 0.123496827247, 2/n = 0.125000000000, diff = -1.50e-03
  n=17: CV²(approx) = 0.116414898419, 2/n = 0.117647058824, diff = -1.23e-03
  n=18: CV²(approx) = 0.110088540726, 2/n = 0.111111111111, diff = -1.02e-03
  n=19: CV²(approx) = 0.104405215659, 2/n = 0.105263157895, diff = -8.58e-04
  n=20: CV²(approx) = 0.099273162481, 2/n = 0.100000000000, diff = -7.27e-04
  n=21: CV²(approx) = 0.094616955700, 2/n = 0.095238095238, diff = -6.21e-04
  n=22: CV²(approx) = 0.090374110658, 2/n = 0.090909090909, diff = -5.35e-04
  n=23: CV²(approx) = 0.086492475995, 2/n = 0.086956521739, diff = -4.64e-04
  n=24: CV²(approx) = 0.082928216899, 2/n = 0.083333333333, diff = -4.05e-04
  n=25: CV²(approx) = 0.079644243596, 2/n = 0.080000000000, diff = -3.56e-04
  n=26: CV²(approx) = 0.076608977344, 2/n = 0.076923076923, diff = -3.14e-04
  n=27: CV²(approx) = 0.073795373999, 2/n = 0.074074074074, diff = -2.79e-04
  n=28: CV²(approx) = 0.071180145609, 2/n = 0.071428571429, diff = -2.48e-04
  n=29: CV²(approx) = 0.068743135358, 2/n = 0.068965517241, diff = -2.22e-04

Done!
