  ... processed 1000/1024
  ... processed 1000/32768
  ... processed 2000/32768
  ... processed 3000/32768
  ... processed 4000/32768
  ... processed 5000/32768
  ... processed 6000/32768
  ... processed 7000/32768
  ... processed 8000/32768
  ... processed 9000/32768
  ... processed 10000/32768
  ... processed 11000/32768
  ... processed 12000/32768
  ... processed 13000/32768
  ... processed 14000/32768
  ... processed 15000/32768
  ... processed 16000/32768
  ... processed 17000/32768
  ... processed 18000/32768
  ... processed 19000/32768
  ... processed 20000/32768
  ... processed 21000/32768
  ... processed 22000/32768
  ... processed 23000/32768
  ... processed 24000/32768
  ... processed 25000/32768
  ... processed 26000/32768
  ... processed 27000/32768
  ... processed 28000/32768
  ... processed 29000/32768
  ... processed 30000/32768
  ... processed 31000/32768
  ... processed 32000/32768
======================================================================
  GLMY PATH HOMOLOGY ↔ WALSH-FOURIER BRIDGE
  Investigating connections between Betti numbers and Walsh invariants
======================================================================

======================================================================
  ANALYSIS: n = 5  (all 1024 tournaments)
======================================================================

──────────────────────────────────────────────────────────────────────
  1. BETTI DISTRIBUTION (n=5)
──────────────────────────────────────────────────────────────────────
  β = [1, 0, 0, 0, 0]: 720 tournaments
  β = [1, 1, 0, 0, 0]: 304 tournaments

──────────────────────────────────────────────────────────────────────
  2. DETAILED TABLE BY ISOMORPHISM TYPE (n=5)
──────────────────────────────────────────────────────────────────────
  Score                  t3   t5    H      S                    β    χ  count
  ──────────────────── ──── ──── ──── ────── ──────────────────── ────  ─────
  (0, 1, 2, 3, 4)         0    0    1     16 [1, 0, 0, 0, 0]         1  ×120
  (0, 1, 3, 3, 3)         1    0    3      0 [1, 0, 0, 0, 0]         1  ×40
  (0, 2, 2, 2, 4)         1    0    3      0 [1, 0, 0, 0, 0]         1  ×40
  (0, 2, 2, 3, 3)         2    0    5    -16 [1, 0, 0, 0, 0]         1  ×120
  (1, 1, 1, 3, 4)         1    0    3      0 [1, 0, 0, 0, 0]         1  ×40
  (1, 1, 2, 2, 4)         2    0    5    -16 [1, 0, 0, 0, 0]         1  ×120
  (1, 1, 2, 3, 3)         3    1    9      0 [1, 0, 0, 0, 0]         1  ×120
  (1, 1, 2, 3, 3)         3    1    9      0 [1, 1, 0, 0, 0]         0  ×120
  (1, 2, 2, 2, 3)         4    2   13     16 [1, 0, 0, 0, 0]         1  ×120
  (1, 2, 2, 2, 3)         4    1   11    -16 [1, 1, 0, 0, 0]         0  ×160
  (2, 2, 2, 2, 2)         5    2   15      0 [1, 1, 0, 0, 0]         0  ×24

──────────────────────────────────────────────────────────────────────
  3. β_1 vs (t3, H, score, S) CORRELATION (n=5)
──────────────────────────────────────────────────────────────────────

  β_1 = 0: 720 tournaments
    t3 range: 0 to 4, values: [0, 1, 2, 3, 4]
    H range:  1 to 13, values: [1, 3, 5, 9, 13]
    S range:  -16 to 16, values: [-16, 0, 16]
    scores: {(0, 1, 2, 3, 4): 120, (1, 1, 1, 3, 4): 40, (1, 1, 2, 2, 4): 120, (0, 2, 2, 2, 4): 40, (0, 2, 2, 3, 3): 120, (1, 1, 2, 3, 3): 120, (0, 1, 3, 3, 3): 40, (1, 2, 2, 2, 3): 120}

  β_1 = 1: 304 tournaments
    t3 range: 3 to 5, values: [3, 4, 5]
    H range:  9 to 15, values: [9, 11, 15]
    S range:  -16 to 48, values: [-16, 0, 48]
    scores: {(1, 1, 2, 3, 3): 120, (1, 2, 2, 2, 3): 160, (2, 2, 2, 2, 2): 24}

  Score sequence determines β_1? NO
    Ambiguous scores: {(1, 1, 2, 3, 3): {0, 1}, (1, 2, 2, 2, 3): {0, 1}}
  t3 determines β_1? NO
    Ambiguous t3 values: {3: {0, 1}, 4: {0, 1}}
  (score, t3) determines β_1? NO
  S (signed HP) determines β_1? NO

──────────────────────────────────────────────────────────────────────
  4. TESTING FORMULAS FOR β_1 (n=5)
──────────────────────────────────────────────────────────────────────
  β_1 = [t3 == 0]?  False
  β_1 = [score == (0,1,2,3,4)]?  False
  β_1 = [H == 15]?  False

──────────────────────────────────────────────────────────────────────
  5. EULER CHARACTERISTIC (n=5)
──────────────────────────────────────────────────────────────────────
  chi = Σ (-1)^m β_m
    χ = 0: 304 tournaments
    χ = 1: 720 tournaments

  χ by t3:
    t3=0: χ ∈ {1}
    t3=1: χ ∈ {1}
    t3=2: χ ∈ {1}
    t3=3: χ ∈ {0, 1}
    t3=4: χ ∈ {0, 1}
    t3=5: χ ∈ {0}

  χ = 1 - β_1?  True  (expected: β_0=1, β_2=β_3=β_4=0)

──────────────────────────────────────────────────────────────────────
  6. COMPLEMENT DUALITY β(T) = β(T^op) (n=5)
──────────────────────────────────────────────────────────────────────
  β(T) = β(T^op) for ALL n=5 tournaments?  True


======================================================================
  NOW ANALYZING n = 6  (32768 tournaments, may take a few minutes)
======================================================================

======================================================================
  ANALYSIS: n = 6  (all 32768 tournaments)
======================================================================

──────────────────────────────────────────────────────────────────────
  7. BETTI DISTRIBUTION (n=6)
──────────────────────────────────────────────────────────────────────
  β = [1, 0, 0, 0, 0, 0]: 27648 tournaments
  β = [1, 0, 0, 1, 0, 0]: 320 tournaments
  β = [1, 1, 0, 0, 0, 0]: 4800 tournaments

──────────────────────────────────────────────────────────────────────
  8. β_1 ANALYSIS (n=6)
──────────────────────────────────────────────────────────────────────

  β_1 = 0: 27968 tournaments
    t3 values: [0, 1, 2, 3, 4, 5, 6, 7, 8]
    H values: [1, 3, 5, 9, 11, 13, 15, 17, 19, 23, 25, 29, 31, 33, 37, 43, 45]
    S values: [0]

  β_1 = 1: 4800 tournaments
    t3 values: [4, 5, 6, 7, 8]
    H values: [17, 23, 27, 33, 37, 41, 45]
    S values: [0]

  Score determines β_1? NO
  t3 determines β_1? NO
  (score, t3) determines β_1? NO
  S determines β_1? NO

──────────────────────────────────────────────────────────────────────
  9. β_3 ANALYSIS (n=6)
──────────────────────────────────────────────────────────────────────

  β_3 = 0: 32448 tournaments

  β_3 = 1: 320 tournaments

  S determines β_3? NO
  t3 determines β_3? NO
/home/e/.local/lib/python3.10/site-packages/numpy/lib/function_base.py:2897: RuntimeWarning: invalid value encountered in divide
  c /= stddev[:, None]
/home/e/.local/lib/python3.10/site-packages/numpy/lib/function_base.py:2898: RuntimeWarning: invalid value encountered in divide
  c /= stddev[None, :]

──────────────────────────────────────────────────────────────────────
  10. β_1 AND β_3 MUTUAL EXCLUSIVITY (n=6)
──────────────────────────────────────────────────────────────────────
  Tournaments with β_1 > 0 AND β_3 > 0: 0
  Mutual exclusivity holds? YES

──────────────────────────────────────────────────────────────────────
  11. EULER CHARACTERISTIC (n=6)
──────────────────────────────────────────────────────────────────────
    χ = 0: 5120 tournaments
    χ = 1: 27648 tournaments

  χ = Σ(-1)^m β_m? True (tautology check)

  χ vs invariants:
    χ=0: H ∈ [9, 17, 23, 27, 33, 37, 41, 45], t3 ∈ [2, 4, 5, 6, 7, 8]
    χ=1: H ∈ [1, 3, 5, 9, 11, 13, 15, 17, 19, 23, 25, 29, 31, 33, 37, 43], t3 ∈ [0, 1, 2, 3, 4, 5, 6, 7, 8]

──────────────────────────────────────────────────────────────────────
  12. COMPLEMENT DUALITY β(T) = β(T^op) (n=6)
──────────────────────────────────────────────────────────────────────
  β(T) = β(T^op) for ALL n=6 tournaments?  True

──────────────────────────────────────────────────────────────────────
  13. FORMULA SEARCH: β_1 = f(score, t3, t5, H, S)
──────────────────────────────────────────────────────────────────────

  n=5:
    β_1 = [t3==0]?  False
    β_1 = [all scores distinct]?  False

  n=6:
    β_1 = [t3==0]?  False

    n=5 t3=0 scores: {(0, 1, 2, 3, 4)}
    n=6 t3=0 scores: {(0, 1, 2, 3, 4, 5)}

    n=6 β_1 values: [0, 1]

──────────────────────────────────────────────────────────────────────
  14. WALSH SPECTRAL CHARACTERIZATION ATTEMPT
──────────────────────────────────────────────────────────────────────
  Testing if S (signed HP count) separates Betti classes...

  n=5: S → β distribution:
    S= -16: {(1, 0, 0, 0, 0): 240, (1, 1, 0, 0, 0): 120}
    S=   0: {(1, 0, 0, 0, 0): 240, (1, 1, 0, 0, 0): 144}
    S=  16: {(1, 0, 0, 0, 0): 240}
    S=  48: {(1, 1, 0, 0, 0): 40}

  n=6: S → β distribution:
    S=   0: {(1, 0, 0, 0, 0, 0): 27648, (1, 1, 0, 0, 0, 0): 4800, (1, 0, 0, 1, 0, 0): 320}

──────────────────────────────────────────────────────────────────────
  15. 5-CYCLE (t5) ANALYSIS
──────────────────────────────────────────────────────────────────────

  n=5:
    t5=0: {(1, 0, 0, 0, 0): 480}
    t5=1: {(1, 1, 0, 0, 0): 240, (1, 0, 0, 0, 0): 120}
    t5=2: {(1, 0, 0, 0, 0): 120, (1, 1, 0, 0, 0): 24}
    t5=3: {(1, 1, 0, 0, 0): 40}

  n=6:
    t5=0: {(1, 0, 0, 0, 0, 0): 3840, (1, 0, 0, 1, 0, 0): 80}
    t5=1: {(1, 0, 0, 0, 0, 0): 4320}
    t5=2: {(1, 0, 0, 0, 0, 0): 2448}
    t5=3: {(1, 0, 0, 0, 0, 0): 1920}
    t5=4: {(1, 1, 0, 0, 0, 0): 720, (1, 0, 0, 0, 0, 0): 3600}
    t5=5: {(1, 1, 0, 0, 0, 0): 1440}
    t5=6: {(1, 1, 0, 0, 0, 0): 720, (1, 0, 0, 0, 0, 0): 4320}
    t5=7: {(1, 0, 0, 0, 0, 0): 4320}
    t5=8: {(1, 1, 0, 0, 0, 0): 1440}
    t5=9: {(1, 1, 0, 0, 0, 0): 480, (1, 0, 0, 0, 0, 0): 1440}
    t5=11: {(1, 0, 0, 0, 0, 0): 1440}
    t5=12: {(1, 0, 0, 1, 0, 0): 240}

──────────────────────────────────────────────────────────────────────
  16. COMBINED FORMULA SEARCH
──────────────────────────────────────────────────────────────────────

  n=6 correlations with β_1:
    corr(β_1, t3) = 0.235324
    corr(β_1, H)  = 0.236369
    corr(β_1, S)  = nan

  n=6 correlations with β_3:
    corr(β_3, t3) = 0.076923
    corr(β_3, H)  = 0.110858
    corr(β_3, S)  = nan
    corr(β_3, t5) = 0.142434

──────────────────────────────────────────────────────────────────────
  SUMMARY OF FINDINGS
──────────────────────────────────────────────────────────────────────

  Key questions answered:
  1. Does score sequence determine β_1? (checked n=5, n=6)
  2. Does t3 determine β_1? (checked n=5, n=6)
  3. Does signed HP count S determine β? (checked n=5, n=6)
  4. β_1 and β_3 mutual exclusivity (checked n=6)
  5. Complement duality β(T) = β(T^op) (checked n=5, n=6)
  6. Euler characteristic vs tournament invariants
  7. Correlations between Betti numbers and Walsh invariants
    

Done.
