======================================================================
GLMY vs TRH FOR KEY CIRCULANT TOURNAMENTS
======================================================================

  C3 cyclic (n=3, t3=1):
    GLMY directed: A=[3, 3, 3]
    GLMY Ω:        [3, 3, 0]
    GLMY β:        [1, 1, 0], chi=0
    TRH  regular:  [3, 3, 0]
    TRH  β:        [3, 3, 0], chi=0
    TRH  β/n: [1, 1, 0]

  C5 regular (n=5, t3=5):
    GLMY directed: A=[5, 10, 20, 25, 15]
    GLMY Ω:        [5, 10, 10, 10, 5]
    GLMY β:        [1, 1, 0, 0, 0], chi=0
    TRH  regular:  [5, 10, 5, 5, 5]
    TRH  β:        [5, 5, 0, 5, 5], chi=0
    TRH  β/n: [1, 1, 0, 1, 1]

  C5 interval (n=5, t3=5):
    GLMY directed: A=[5, 10, 20, 25, 15]
    GLMY Ω:        [5, 10, 10, 10, 5]
    GLMY β:        [1, 1, 0, 0, 0], chi=0
    TRH  regular:  [5, 10, 5, 5, 5]
    TRH  β:        [5, 5, 0, 5, 5], chi=0
    TRH  β/n: [1, 1, 0, 1, 1]

  C7 Paley (n=7, t3=14):
    GLMY directed: A=[7, 21, 63, 147, 273, 315, 189]
    GLMY Ω:        [7, 21, 42, 63, 63, 42, 21]
    GLMY β:        [1, 0, 0, 0, 6, 0, 0], chi=7
    TRH  regular:  [7, 21, 21, 21, 21, 21, 21]
    TRH  β:        [7, 0, 0, 21, 21, 21, 21], chi=7
    TRH  β/n: [1, 0, 0, 3, 3, 3, 3]

  C7 interval {1,2,3} (n=7, t3=14):
    GLMY directed: A=[7, 21, 63, 147, 245, 287, 175]
    GLMY Ω:        [7, 21, 42, 77, 98, 63, 14]
    GLMY β:        [1, 1, 0, 0, 0, 0, 0], chi=0
    TRH  regular:  [7, 21, 21, 35, 56, 49, 14]
    TRH  β:        [7, 7, 0, 14, 14, 7, 0], chi=-7
    TRH  β/n: [1, 1, 0, 2, 2, 1, 0]

  C7 {1,3,5} (n=7, t3=14):
    GLMY directed: A=[7, 21, 63, 147, 245, 287, 175]
    GLMY Ω:        [7, 21, 42, 77, 98, 63, 14]
    GLMY β:        [1, 1, 0, 0, 0, 0, 0], chi=0
    TRH  regular:  [7, 21, 21, 35, 56, 49, 14]
    TRH  β:        [7, 7, 0, 14, 14, 7, 0], chi=-7
    TRH  β/n: [1, 1, 0, 2, 2, 1, 0]

======================================================================
DIRECTED vs REGULAR PATH COUNTS AT n=7
======================================================================

  C7 Paley:
    m=0: directed=     7, regular=    7, ratio=1.00
    m=1: directed=    21, regular=   21, ratio=1.00
    m=2: directed=    63, regular=   21, ratio=3.00
    m=3: directed=   147, regular=   21, ratio=7.00
    m=4: directed=   273, regular=   21, ratio=13.00
    m=5: directed=   315, regular=   21, ratio=15.00
    m=6: directed=   189, regular=   21, ratio=9.00

  C7 interval:
    m=0: directed=     7, regular=    7, ratio=1.00
    m=1: directed=    21, regular=   21, ratio=1.00
    m=2: directed=    63, regular=   21, ratio=3.00
    m=3: directed=   147, regular=   35, ratio=4.20
    m=4: directed=   245, regular=   56, ratio=4.38
    m=5: directed=   287, regular=   49, ratio=5.86
    m=6: directed=   175, regular=   14, ratio=12.50

======================================================================
GLMY Ω STRUCTURE FOR n=7 CIRCULANTS — DETAILED
======================================================================

  C7 Paley:
    A_m:  [7, 21, 63, 147, 273, 315, 189]
    Ω_m:  [7, 21, 42, 63, 63, 42, 21]
    β_m:  [1, 0, 0, 0, 6, 0, 0]
    Gap:  [0, 0, 21, 84, 210, 273, 168]
    ALL Ω divisible by 7: [1, 3, 6, 9, 9, 6, 3]

  C7 interval:
    A_m:  [7, 21, 63, 147, 245, 287, 175]
    Ω_m:  [7, 21, 42, 77, 98, 63, 14]
    β_m:  [1, 1, 0, 0, 0, 0, 0]
    Gap:  [0, 0, 21, 70, 147, 224, 161]
    ALL Ω divisible by 7: [1, 3, 6, 11, 14, 9, 2]

  C7 {1,3,5}:
    A_m:  [7, 21, 63, 147, 245, 287, 175]
    Ω_m:  [7, 21, 42, 77, 98, 63, 14]
    β_m:  [1, 1, 0, 0, 0, 0, 0]
    Gap:  [0, 0, 21, 70, 147, 224, 161]
    ALL Ω divisible by 7: [1, 3, 6, 11, 14, 9, 2]

======================================================================
GLMY FOR TRANSITIVE TOURNAMENTS T_n
======================================================================
  T_3: β=[1, 0, 0], Ω=[3, 3, 1], A=[3, 3, 1]
        Ω = C(n,m+1) ✓
  T_4: β=[1, 0, 0, 0], Ω=[4, 6, 4, 1], A=[4, 6, 4, 1]
        Ω = C(n,m+1) ✓
  T_5: β=[1, 0, 0, 0, 0], Ω=[5, 10, 10, 5, 1], A=[5, 10, 10, 5, 1]
        Ω = C(n,m+1) ✓
  T_6: β=[1, 0, 0, 0, 0, 0], Ω=[6, 15, 20, 15, 6, 1], A=[6, 15, 20, 15, 6, 1]
        Ω = C(n,m+1) ✓
  T_7: β=[1, 0, 0, 0, 0, 0, 0], Ω=[7, 21, 35, 35, 21, 7, 1], A=[7, 21, 35, 35, 21, 7, 1]
        Ω = C(n,m+1) ✓

======================================================================
GLMY vs TRH — WHERE DO THEY AGREE/DIFFER?
======================================================================
  DIFFER: score=(0, 1, 2, 3, 4)
    GLMY β=[1, 0, 0, 0, 0]
    TRH  β=[5, 4, 0, 0, 0]
  DIFFER: score=(0, 1, 3, 3, 3)
    GLMY β=[1, 0, 0, 0, 0]
    TRH  β=[5, 4, 0, 0, 0]
  DIFFER: score=(0, 2, 2, 3, 3)
    GLMY β=[1, 0, 0, 0, 0]
    TRH  β=[5, 4, 0, 0, 0]
  DIFFER: score=(0, 2, 2, 2, 4)
    GLMY β=[1, 0, 0, 0, 0]
    TRH  β=[5, 3, 0, 1, 0]
  DIFFER: score=(1, 1, 2, 3, 3)
    GLMY β=[1, 1, 0, 0, 0]
    TRH  β=[5, 5, 0, 2, 0]
  DIFFER: score=(1, 1, 2, 2, 4)
    GLMY β=[1, 0, 0, 0, 0]
    TRH  β=[5, 4, 0, 0, 0]
  DIFFER: score=(1, 1, 2, 3, 3)
    GLMY β=[1, 0, 0, 0, 0]
    TRH  β=[5, 4, 0, 2, 0]
  DIFFER: score=(1, 1, 1, 3, 4)
    GLMY β=[1, 0, 0, 0, 0]
    TRH  β=[5, 4, 0, 0, 0]
  DIFFER: score=(1, 2, 2, 2, 3)
    GLMY β=[1, 1, 0, 0, 0]
    TRH  β=[5, 5, 0, 2, 0]
  DIFFER: score=(1, 2, 2, 2, 3)
    GLMY β=[1, 1, 0, 0, 0]
    TRH  β=[5, 4, 0, 3, 0]
  DIFFER: score=(1, 2, 2, 2, 3)
    GLMY β=[1, 0, 0, 0, 0]
    TRH  β=[5, 4, 0, 3, 1]
  DIFFER: score=(2, 2, 2, 2, 2)
    GLMY β=[1, 1, 0, 0, 0]
    TRH  β=[5, 5, 0, 5, 5]

  n=5: 0 agree (β_1..β_4), 12 differ

DONE.
