======================================================================
TEST 1: 3-cycle tournament (a->b->c->a)
======================================================================
3-cycle: betti = [np.int64(1), np.int64(1), 0]
Transitive: betti = [np.int64(1), np.int64(0), np.int64(0)]

======================================================================
TEST 2: n=5 exhaustive
======================================================================
n=5: 1024 tournaments
  [np.int64(1), np.int64(0), np.int64(0), np.int64(0), np.int64(0)]: 720 (70.3%)
  [np.int64(1), np.int64(1), np.int64(0), np.int64(0), np.int64(0)]: 304 (29.7%)

======================================================================
TEST 3: Paley T_7
======================================================================
Paley T_7: betti = [np.int64(1), np.int64(0), np.int64(0), np.int64(0), np.int64(6), np.int64(0), np.int64(0)]
  p=0: |A_p|=7, dim(Omega_p)=7, beta_p=1
  p=1: |A_p|=21, dim(Omega_p)=21, beta_p=0
  p=2: |A_p|=63, dim(Omega_p)=42, beta_p=0
  p=3: |A_p|=147, dim(Omega_p)=63, beta_p=0
  p=4: |A_p|=273, dim(Omega_p)=63, beta_p=6
  p=5: |A_p|=315, dim(Omega_p)=42, beta_p=0
  p=6: |A_p|=189, dim(Omega_p)=21, beta_p=0

======================================================================
TEST 4: n=7 random sampling — even Betti check
======================================================================
  0/300...
  50/300...
  100/300...
  150/300...
  200/300...
  250/300...

n=7 (300 random):
  beta_2 distribution: {np.int64(0): 300}
  beta_4 distribution: {np.int64(0): 300}
  beta_6 distribution: {0: 300}

  beta_2 != 0: 0/300
  beta_4 != 0: 0/300
  beta_6 != 0: 0/300
