======================================================================
CO-OCCURRENCE GRADIENT TO ALPHA ADVANTAGE
======================================================================

1. ALPHA_MAX AND H TRUNCATION
======================================================================
  p=  5: alpha_max=1, 2 terms, leading weight=2^1=         2
  p=  7: alpha_max=2, 3 terms, leading weight=2^2=         4
  p= 11: alpha_max=3, 4 terms, leading weight=2^3=         8
  p= 13: alpha_max=4, 5 terms, leading weight=2^4=        16
  p= 17: alpha_max=5, 6 terms, leading weight=2^5=        32
  p= 19: alpha_max=6, 7 terms, leading weight=2^6=        64
  p= 23: alpha_max=7, 8 terms, leading weight=2^7=       128
  p= 29: alpha_max=9, 10 terms, leading weight=2^9=       512
  p= 31: alpha_max=10, 11 terms, leading weight=2^10=      1024

2. GRADIENT STRENGTH AT EACH LEVEL
======================================================================

  p=7, m=3, alpha_max=2:
       k      b_k    mean_co       var_co         CV
       3        1        2.0          0.7     0.4082
       5        0       10.0          0.0     0.0000
       7        0        1.0          0.0     0.0000

  p=11, m=5, alpha_max=3:
       k      b_k    mean_co       var_co         CV
       3        1        3.0          2.0     0.4714
       5        3       74.0         18.0     0.0573
       7        0      126.0          0.0     0.0000
       9        0       36.0          0.0     0.0000
      11        0        1.0          0.0     0.0000

  p=13, m=6, alpha_max=4:
       k      b_k    mean_co       var_co         CV
       3        1        3.5          2.9     0.4880
       5        6      140.0        105.0     0.0732
       7        1      458.5          2.9     0.0037
       9        0      330.0          0.0     0.0000
      11        0       55.0          0.0     0.0000
      13        0        1.0          0.0     0.0000

  p=17, m=8, alpha_max=5:
       k      b_k    mean_co       var_co         CV
       3        1        4.5          5.2     0.5092
       5       15      367.5       1181.2     0.0935
       7       15     2929.5       1181.2     0.0117
       9        1     6430.5          5.2     0.0004
      11        0     5005.0          0.0     0.0000
      13        0     1365.0          0.0     0.0000
      15        0      105.0          0.0     0.0000
      17        0        1.0          0.0     0.0000

  p=19, m=9, alpha_max=6:
       k      b_k    mean_co       var_co         CV
       3        1        5.0          6.7     0.5164
       5       21      540.0       2940.0     0.1004
       7       35     5992.0       8166.7     0.0151
       9        7    19412.0        326.7     0.0009
      11        0    24310.0          0.0     0.0000
      13        0    12376.0          0.0     0.0000
      15        0     2380.0          0.0     0.0000
      17        0      136.0          0.0     0.0000

  p=23, m=11, alpha_max=7:
       k      b_k    mean_co       var_co         CV
       3        1        6.0         10.0     0.5270
       5       36     1030.0      12960.0     0.1105
       7      126    19467.0     158760.0     0.0205
       9       84   115740.0      70560.0     0.0023
      11        9   293875.0        810.0     0.0001
      13        0   352716.0          0.0     0.0000
      15        0   203490.0          0.0     0.0000
      17        0    54264.0          0.0     0.0000

3. SCALING LAW: ADVANTAGE AT EACH LEVEL vs p
======================================================================

  The disjointness excess at (k,k) pairs scales as:
  excess ~ p * b_k^2 * (m^2-1)/12
  where b_k = C(m-2, k-3) and m = (p-1)/2


  k=3:
     p    m      b_k        b_k^2     p*b_k^2*m^2/12   weight 2^j
     7    3        1            1                  5            4
    11    5        1            1                 22            4
    13    6        1            1                 38            4
    17    8        1            1                 89            4
    19    9        1            1                127            4
    23   11        1            1                230            4
    29   14        1            1                471            4
    31   15        1            1                579            4

  k=5:
     p    m      b_k        b_k^2     p*b_k^2*m^2/12   weight 2^j
     7    3        0            0                  0            4
    11    5        3            9                198            4
    13    6        6           36               1365            4
    17    8       15          225              20081            4
    19    9       21          441              55860            4
    23   11       36         1296             298080            4
    29   14       66         4356            2052765            4
    31   15       78         6084            3520608            4

  k=7:
     p    m      b_k        b_k^2     p*b_k^2*m^2/12   weight 2^j
     7    3        0            0                  0            4
    11    5        0            0                  0            4
    13    6        1            1                 38            4
    17    8       15          225              20081            4
    19    9       35         1225             155167            4
    23   11      126        15876            3651480            4
    29   14      495       245025          115468031            4
    31   15      715       511225          295828867            4

4. LEVEL-j ADVANTAGE SCALING
======================================================================

  At level j (alpha_j), the advantage of Interval over Paley
  comes from the co-occurrence gradient at k=3 cycles primarily.

  The variance mechanism at level j:
  - alpha_j counts j-tuples of mutually disjoint cycles
  - Interval's gradient creates more j-tuples via bimodal overlap
  - The advantage at level j grows roughly as:
    delta_alpha_j ~ C(alpha_2_excess, j-1) * (correction)

  This gives POLYNOMIAL growth in j, combined with
  EXPONENTIAL weight 2^j, creating a crossover at some j_c.

  p=11 actual alpha data:
    Paley:    a1=21169, a2=10879, a3=1155
    Interval: a1=18397, a2=11110, a3=1474
    Delta:     -2772,    +231,    +319
    Effect:   -5544,    +924,   +2552
    Net: +2068 for Paley (alpha_1 dominates)

    But the RATIO of advantages:
    Level 2/1 effect ratio: 924/5544 = 0.167
    Level 3/2 effect ratio: 2552/924 = 2.76
    Level 3 is ALREADY larger than level 2!
    If the pattern continues, level 4 would be even larger.

    At p=11: level 3 (alpha_3) is Interval's STRONGEST advantage,
    but it's not enough to overcome alpha_1.
    At p=13: with 5 levels (alpha_0..alpha_4), the high levels win.

5. THM-143 PREDICTS THE TRANSITION
======================================================================

  THM-143 gives b_k = C(m-2, k-3) for Interval co-occurrence slope.
  At k=3: b_3 = 1 (constant, independent of p)
  At k=5: b_5 = C(m-2, 2) = (m-2)(m-3)/2 (grows as m^2)
  At k=7: b_7 = C(m-2, 4) (grows as m^4)

  The TOTAL gradient effect on alpha_2 sums over all (k1,k2) pairs:
  delta_alpha_2 ~ sum_{k1<=k2} b_{k1} * b_{k2} * p^? * correction

  For CROSS-LENGTH (3,5) pairs:
  The gradient is b_3 * b_5 = C(m-2,2) ~ m^2
  And there are O(p * m^2) such pairs, so contribution ~ m^4 ~ p^4

  For (5,5) pairs:
  The gradient is b_5^2 = C(m-2,2)^2 ~ m^4
  Contribution ~ m^6 ~ p^6

  As p grows, (5,5) dominates (3,3), and (7,7) dominates all.
  This is the MECHANISM behind the Walsh degree-4 dominance (HYP-529)!
