============================================================
GRAPHS WITH I(G, 2) = 21
============================================================

  n_vertices=4: 16 graphs with I(G,2)=21
    edges=[(0, 1), (0, 2), (1, 2)], α=[1, 4, 3]
    edges=[(0, 1), (0, 3), (1, 2)], α=[1, 4, 3]
    edges=[(0, 2), (0, 3), (1, 2)], α=[1, 4, 3]
    edges=[(0, 1), (0, 2), (1, 3)], α=[1, 4, 3]
    edges=[(0, 1), (0, 3), (1, 3)], α=[1, 4, 3]
    edges=[(0, 2), (0, 3), (1, 3)], α=[1, 4, 3]
    edges=[(0, 2), (1, 2), (1, 3)], α=[1, 4, 3]
    edges=[(0, 3), (1, 2), (1, 3)], α=[1, 4, 3]
    edges=[(0, 1), (0, 2), (2, 3)], α=[1, 4, 3]
    edges=[(0, 1), (0, 3), (2, 3)], α=[1, 4, 3]
    edges=[(0, 2), (0, 3), (2, 3)], α=[1, 4, 3]
    edges=[(0, 1), (1, 2), (2, 3)], α=[1, 4, 3]
    edges=[(0, 3), (1, 2), (2, 3)], α=[1, 4, 3]
    edges=[(0, 1), (1, 3), (2, 3)], α=[1, 4, 3]
    edges=[(0, 2), (1, 3), (2, 3)], α=[1, 4, 3]
    edges=[(1, 2), (1, 3), (2, 3)], α=[1, 4, 3]

  n_vertices=6: 105 graphs with I(G,2)=21
    edges=[(0, 1), (0, 2), (0, 3), (0, 4), (0, 5), (1, 2), (1, 3), (1, 4), (1, 5), (2, 3), (2, 4), (2, 5), (3, 4)], α=[1, 6, 2]
    edges=[(0, 1), (0, 2), (0, 3), (0, 4), (0, 5), (1, 2), (1, 3), (1, 4), (1, 5), (2, 3), (2, 4), (2, 5), (3, 5)], α=[1, 6, 2]
    edges=[(0, 1), (0, 2), (0, 3), (0, 4), (0, 5), (1, 2), (1, 3), (1, 4), (1, 5), (2, 3), (2, 4), (3, 4), (3, 5)], α=[1, 6, 2]
    edges=[(0, 1), (0, 2), (0, 3), (0, 4), (0, 5), (1, 2), (1, 3), (1, 4), (1, 5), (2, 3), (2, 5), (3, 4), (3, 5)], α=[1, 6, 2]
    edges=[(0, 1), (0, 2), (0, 3), (0, 4), (0, 5), (1, 2), (1, 3), (1, 4), (1, 5), (2, 4), (2, 5), (3, 4), (3, 5)], α=[1, 6, 2]
    edges=[(0, 1), (0, 2), (0, 3), (0, 4), (0, 5), (1, 2), (1, 3), (1, 4), (2, 3), (2, 4), (2, 5), (3, 4), (3, 5)], α=[1, 6, 2]
    edges=[(0, 1), (0, 2), (0, 3), (0, 4), (0, 5), (1, 2), (1, 3), (1, 5), (2, 3), (2, 4), (2, 5), (3, 4), (3, 5)], α=[1, 6, 2]
    edges=[(0, 1), (0, 2), (0, 3), (0, 4), (0, 5), (1, 2), (1, 4), (1, 5), (2, 3), (2, 4), (2, 5), (3, 4), (3, 5)], α=[1, 6, 2]
    edges=[(0, 1), (0, 2), (0, 3), (0, 4), (0, 5), (1, 3), (1, 4), (1, 5), (2, 3), (2, 4), (2, 5), (3, 4), (3, 5)], α=[1, 6, 2]
    edges=[(0, 1), (0, 2), (0, 3), (0, 4), (1, 2), (1, 3), (1, 4), (1, 5), (2, 3), (2, 4), (2, 5), (3, 4), (3, 5)], α=[1, 6, 2]
    edges=[(0, 1), (0, 2), (0, 3), (0, 5), (1, 2), (1, 3), (1, 4), (1, 5), (2, 3), (2, 4), (2, 5), (3, 4), (3, 5)], α=[1, 6, 2]
    edges=[(0, 1), (0, 2), (0, 4), (0, 5), (1, 2), (1, 3), (1, 4), (1, 5), (2, 3), (2, 4), (2, 5), (3, 4), (3, 5)], α=[1, 6, 2]
    edges=[(0, 1), (0, 3), (0, 4), (0, 5), (1, 2), (1, 3), (1, 4), (1, 5), (2, 3), (2, 4), (2, 5), (3, 4), (3, 5)], α=[1, 6, 2]
    edges=[(0, 2), (0, 3), (0, 4), (0, 5), (1, 2), (1, 3), (1, 4), (1, 5), (2, 3), (2, 4), (2, 5), (3, 4), (3, 5)], α=[1, 6, 2]
    edges=[(0, 1), (0, 2), (0, 3), (0, 4), (0, 5), (1, 2), (1, 3), (1, 4), (1, 5), (2, 3), (2, 4), (2, 5), (4, 5)], α=[1, 6, 2]
    edges=[(0, 1), (0, 2), (0, 3), (0, 4), (0, 5), (1, 2), (1, 3), (1, 4), (1, 5), (2, 3), (2, 4), (3, 4), (4, 5)], α=[1, 6, 2]
    edges=[(0, 1), (0, 2), (0, 3), (0, 4), (0, 5), (1, 2), (1, 3), (1, 4), (1, 5), (2, 3), (2, 5), (3, 4), (4, 5)], α=[1, 6, 2]
    edges=[(0, 1), (0, 2), (0, 3), (0, 4), (0, 5), (1, 2), (1, 3), (1, 4), (1, 5), (2, 4), (2, 5), (3, 4), (4, 5)], α=[1, 6, 2]
    edges=[(0, 1), (0, 2), (0, 3), (0, 4), (0, 5), (1, 2), (1, 3), (1, 4), (2, 3), (2, 4), (2, 5), (3, 4), (4, 5)], α=[1, 6, 2]
    edges=[(0, 1), (0, 2), (0, 3), (0, 4), (0, 5), (1, 2), (1, 3), (1, 5), (2, 3), (2, 4), (2, 5), (3, 4), (4, 5)], α=[1, 6, 2]

============================================================
I(G,2) = 21 DECOMPOSITION
============================================================

  Decomposing 21 = 1 + 2·a₁ + 4·a₂ + 8·a₃ + ...
  Possible (a1,a2,a3,...) with I=21:
    α = (1, 0, 1, 2): INFEASIBLE
    α = (1, 0, 3, 1): INFEASIBLE
    α = (1, 0, 5, 0): INFEASIBLE
    α = (1, 2, 0, 2): INFEASIBLE
    α = (1, 2, 2, 1): INFEASIBLE
    α = (1, 2, 4, 0): INFEASIBLE
    α = (1, 4, 1, 1): feasible vertices=4, edges=5
    α = (1, 4, 3, 0): feasible vertices=4, edges=3
    α = (1, 6, 0, 1): feasible vertices=6, edges=15
    α = (1, 6, 2, 0): feasible vertices=6, edges=13
    α = (1, 8, 1, 0): feasible vertices=8, edges=27
    α = (1, 10, 0, 0): feasible vertices=10, edges=45

============================================================
H=21 AND THE SCC PRODUCT FORMULA
============================================================

  H=21: If T is non-SC, H = ∏ H(SCCᵢ).
  Factorizations of 21:
    21 = 21 (SC prime)
    21 = 3 × 7 (needs H=7 component — IMPOSSIBLE)
    21 = 7 × 3 (same)

  So H=21 is only possible for strongly connected tournaments.

  Similarly, H=7 × 3^k = 7·3^k requires an SC component with H=7.
  Since H=7 is impossible for ANY tournament (SC or not),
  the ENTIRE family {7·3^k : k ≥ 0} is forbidden!

  This gives: {7, 21, 63, 189, ...} all forbidden.


============================================================
EXHAUSTIVE CHECK: H=21 AT n=5,6,7
============================================================
  n=5: H=21 found 0/1024 (exhaustive)
  n=6: H=21 found 0/32768 (exhaustive)
  n=7: H=21 found 0/2097152 (exhaustive)

============================================================
THE H=21 PROOF STRATEGY
============================================================

  THEOREM: H=21 is impossible for all tournaments.

  PROOF SKETCH:
  1. By SCC product formula, if T is non-SC:
     H(T) = ∏ H(SCCᵢ)
     21 = 3 × 7 is the only non-trivial factorization.
     But H=7 is impossible, so no non-SC tournament has H=21.

  2. For SC tournaments: need to show I(Ω,2) ≠ 21 directly.
     The feasible Ω structures for I=21 are highly constrained.
     Key: if Ω = P₄ (path on 4 vertices), need 4 odd cycles
     with specific overlap pattern. Tournament completeness
     forces too many additional cycles.

  3. ALTERNATIVELY: H=21 = 3·7.
     By the Fourier analysis (kind-pasteur S73):
     Ĥ[S] = 2·α̂₁[S] for S ≠ ∅.
     If H=21, then Ĥ[∅] = 21/2^{n-1}.
     The level-2 Fourier coefficient is (n-2)!/2^{n-2}.
     These constrain Ω in ways incompatible with I(Ω,2)=21.

  The cleanest proof may be: H=21 = 3·7, and the "7 factor"
  is the fundamental obstruction. Via the semigroup structure
  of achievable H values, anything divisible by 7 but not by 9
  is forbidden (because 7 itself is forbidden and 3-blocks
  can only contribute factors of 3).

