============================================================
Exhaustive search n=3..6
============================================================
n=3 (8 tours, 0.0s): H values = [1, 3]
  Missing odd <= 3: []
  Near 21: 
n=4 (64 tours, 0.0s): H values = [1, 3, 5]
  Missing odd <= 5: []
  Near 21: 
n=5 (1024 tours, 0.1s): H values = [1, 3, 5, 9, 11, 13, 15]
  Missing odd <= 15: [7]
  Near 21: 
n=6 (32768 tours, 7.0s): H values = [1, 3, 5, 9, 11, 13, 15, 17, 19, 23, 25, 27, 29, 31, 33, 37, 41, 43, 45]
  Missing odd <= 45: [7, 21, 35, 39]
  Near 21: H=17:1440 H=19:1440 H=23:2880 H=25:1440 

============================================================
Exhaustive search n=7 (2,097,152 tournaments)
============================================================
  200000/2097152 (100s, 1992/s, ETA 953s)
  400000/2097152 (202s, 1985/s, ETA 855s)
  600000/2097152 (305s, 1966/s, ETA 762s)
  800000/2097152 (411s, 1947/s, ETA 666s)
  1000000/2097152 (515s, 1943/s, ETA 565s)
  1200000/2097152 (617s, 1945/s, ETA 461s)
  1400000/2097152 (722s, 1940/s, ETA 359s)
  1600000/2097152 (830s, 1927/s, ETA 258s)
  1800000/2097152 (934s, 1926/s, ETA 154s)
  2000000/2097152 (1038s, 1928/s, ETA 50s)
n=7 (2097152 tours, 1083.6s): all odd H = [1, 3, 5, 9, 11, 13, 15, 17, 19, 23, 25, 27, 29, 31, 33, 35, 37, 39, 41, 43, 45, 47, 49, 51, 53, 55, 57, 59, 61, 65, 67, 69, 71, 73, 75, 77, 79, 81, 83, 85, 87, 89, 91, 93, 95, 97, 99, 101, 103, 105, 109, 111, 113, 115, 117, 121, 123, 125, 127, 129, 131, 133, 135, 137, 139, 141, 143, 145, 147, 151, 153, 155, 157, 159, 171, 175, 189]
  Missing odd <= 51: [7, 21]
  Near 21: H=15:31584 H=17:20160 H=19:20160 H=23:40320 H=25:25200 H=27:21840 

============================================================
Random search n=8: 200000 samples
============================================================
  50000/200000 (66s)
  100000/200000 (130s)
  150000/200000 (197s)
  200000/200000 (265s)
  Time: 264.6s
  Near 21: H=15:314 H=17:204 H=19:175 H=23:356 H=25:257 H=27:265 
  Missing odd <= 51: [7, 21]
  H=21 NOT found

============================================================
Random search n=9: 100000 samples
============================================================
  50000/100000 (176s)
  100000/100000 (353s)
  Time: 353.4s
  Near 21: H=15:12 H=17:3 H=19:3 H=23:6 H=25:7 H=27:8 
  Missing odd <= 51: [3, 7, 21]
  H=21 NOT found

============================================================
Random search n=10: 20000 samples
============================================================
  Time: 197.2s
  Near 21: 
  Missing odd <= 51: [1, 3, 5, 7, 9, 11, 13, 15, 17, 19, 21, 23, 25, 27, 29, 31, 33, 35, 37, 39, 41, 43, 45, 47, 49, 51]
  H=21 NOT found

============================================================
FINAL SUMMARY
============================================================
Missing odd H values <= 51 across all searches: [7, 21]
CONCLUSION: H=21 NOT found. Evidence strongly suggests it is impossible.
