
======================================================================
H_3 GENERATOR SUPPORT ANALYSIS AT n=5
======================================================================
  0 tournaments with b3=1, 31.4s
  No b3=1 tournaments found

======================================================================
H_3 GENERATOR SUPPORT ANALYSIS AT n=6
======================================================================
  485 tournaments with b3=1, 126.8s

  Generator has vertex cover (some v in ALL support paths): 0/485
  min_old_support (min over v of #support not through v):
    min=3, max=7, mean=4.6
    distribution: {3: 147, 4: 59, 5: 171, 6: 75, 7: 33}

  Support size: min=9, max=24, mean=17.3
  Total 3-paths: mean=52.1
  Support fraction: mean=0.332

  Max through-v fraction: min=0.667, max=0.800, mean=0.724

======================================================================
H_3 GENERATOR SUPPORT ANALYSIS AT n=7
======================================================================
  500 tournaments with b3=1, 95.1s

  Generator has vertex cover (some v in ALL support paths): 0/500
  min_old_support (min over v of #support not through v):
    min=3, max=14, mean=5.8
    distribution: {3: 74, 4: 51, 5: 133, 6: 70, 7: 77, 8: 45, 9: 28, 10: 15, 11: 4, 12: 2, 14: 1}

  Support size: min=9, max=42, mean=21.1
  Total 3-paths: mean=115.5
  Support fraction: mean=0.181

  Max through-v fraction: min=0.615, max=0.857, mean=0.725

======================================================================
H_3 GENERATOR SUPPORT ANALYSIS AT n=8
======================================================================
  200 tournaments with b3=1, 136.2s

  Generator has vertex cover (some v in ALL support paths): 0/200
  min_old_support (min over v of #support not through v):
    min=3, max=19, mean=7.8
    distribution: {3: 7, 4: 12, 5: 33, 6: 23, 7: 30, 8: 25, 9: 17, 10: 19, 11: 9, 12: 11, 13: 4, 14: 5, 15: 1, 17: 1, 18: 2, 19: 1}

  Support size: min=12, max=49, mean=25.9
  Total 3-paths: mean=226.2
  Support fraction: mean=0.114

  Max through-v fraction: min=0.571, max=0.833, mean=0.702

DONE.
