======================================================================
H_3 GENERATOR ANALYSIS
======================================================================

--- Part 1: n=6 exhaustive ---
  Found 320 tournaments with beta_3 > 0

  Number of nonzero 3-paths in generator:
    9 paths: 80 tournaments
    36 paths: 240 tournaments

  Number of vertex sets in generator:
    9 sets: 80 tournaments
    15 sets: 240 tournaments

  Score sequences:
    (2, 2, 2, 3, 3, 3): 240
    (1, 1, 1, 4, 4, 4): 80

  Detailed generators (first 5):

    bits=87, scores=(1, 1, 1, 4, 4, 4), 9 paths, 9 vertex sets
      (0, 5, 3, 2): coeff=0.3333, vertices=[0, 2, 3, 5]
      (0, 5, 2, 1): coeff=0.3333, vertices=[0, 1, 2, 5]
      (0, 5, 1, 3): coeff=0.3333, vertices=[0, 1, 3, 5]
      (4, 0, 3, 2): coeff=0.3333, vertices=[0, 2, 3, 4]
      (4, 0, 2, 1): coeff=0.3333, vertices=[0, 1, 2, 4]
      (4, 0, 1, 3): coeff=0.3333, vertices=[0, 1, 3, 4]
      (5, 4, 3, 2): coeff=0.3333, vertices=[2, 3, 4, 5]
      (5, 4, 2, 1): coeff=0.3333, vertices=[1, 2, 4, 5]
      (5, 4, 1, 3): coeff=0.3333, vertices=[1, 3, 4, 5]

    bits=356, scores=(1, 1, 1, 4, 4, 4), 9 paths, 9 vertex sets
      (1, 5, 3, 2): coeff=-0.3333, vertices=[1, 2, 3, 5]
      (1, 5, 2, 0): coeff=-0.3333, vertices=[0, 1, 2, 5]
      (1, 5, 0, 3): coeff=-0.3333, vertices=[0, 1, 3, 5]
      (4, 1, 3, 2): coeff=-0.3333, vertices=[1, 2, 3, 4]
      (4, 1, 2, 0): coeff=-0.3333, vertices=[0, 1, 2, 4]
      (4, 1, 0, 3): coeff=-0.3333, vertices=[0, 1, 3, 4]
      (5, 4, 3, 2): coeff=-0.3333, vertices=[2, 3, 4, 5]
      (5, 4, 2, 0): coeff=-0.3333, vertices=[0, 2, 4, 5]
      (5, 4, 0, 3): coeff=-0.3333, vertices=[0, 3, 4, 5]

    bits=567, scores=(1, 1, 1, 4, 4, 4), 9 paths, 9 vertex sets
      (0, 5, 3, 1): coeff=-0.3333, vertices=[0, 1, 3, 5]
      (0, 5, 2, 3): coeff=-0.3333, vertices=[0, 2, 3, 5]
      (0, 5, 1, 2): coeff=-0.3333, vertices=[0, 1, 2, 5]
      (4, 0, 3, 1): coeff=-0.3333, vertices=[0, 1, 3, 4]
      (4, 0, 2, 3): coeff=-0.3333, vertices=[0, 2, 3, 4]
      (4, 0, 1, 2): coeff=-0.3333, vertices=[0, 1, 2, 4]
      (5, 4, 3, 1): coeff=-0.3333, vertices=[1, 3, 4, 5]
      (5, 4, 2, 3): coeff=-0.3333, vertices=[2, 3, 4, 5]
      (5, 4, 1, 2): coeff=-0.3333, vertices=[1, 2, 4, 5]

    bits=866, scores=(1, 1, 1, 4, 4, 4), 9 paths, 9 vertex sets
      (1, 5, 3, 0): coeff=-0.3333, vertices=[0, 1, 3, 5]
      (1, 5, 2, 3): coeff=-0.3333, vertices=[1, 2, 3, 5]
      (1, 5, 0, 2): coeff=-0.3333, vertices=[0, 1, 2, 5]
      (4, 1, 3, 0): coeff=-0.3333, vertices=[0, 1, 3, 4]
      (4, 1, 2, 3): coeff=-0.3333, vertices=[1, 2, 3, 4]
      (4, 1, 0, 2): coeff=-0.3333, vertices=[0, 1, 2, 4]
      (5, 4, 3, 0): coeff=-0.3333, vertices=[0, 3, 4, 5]
      (5, 4, 2, 3): coeff=-0.3333, vertices=[2, 3, 4, 5]
      (5, 4, 0, 2): coeff=-0.3333, vertices=[0, 2, 4, 5]

    bits=1278, scores=(1, 1, 1, 4, 4, 4), 9 paths, 9 vertex sets
      (0, 5, 4, 3): coeff=0.3333, vertices=[0, 3, 4, 5]
      (0, 5, 3, 2): coeff=0.3333, vertices=[0, 2, 3, 5]
      (0, 5, 2, 4): coeff=0.3333, vertices=[0, 2, 4, 5]
      (1, 0, 4, 3): coeff=0.3333, vertices=[0, 1, 3, 4]
      (1, 0, 3, 2): coeff=0.3333, vertices=[0, 1, 2, 3]
      (1, 0, 2, 4): coeff=0.3333, vertices=[0, 1, 2, 4]
      (5, 1, 4, 3): coeff=0.3333, vertices=[1, 3, 4, 5]
      (5, 1, 3, 2): coeff=0.3333, vertices=[1, 2, 3, 5]
      (5, 1, 2, 4): coeff=0.3333, vertices=[1, 2, 4, 5]

--- Part 2: Vertex set structure of generators ---
  Vertex set sizes in generators:
    size 4: 4320 occurrences

--- Part 3: n=7 sampled ---
  100/500: 10 beta_3>0 found
  200/500: 15 beta_3>0 found
  300/500: 21 beta_3>0 found
  400/500: 27 beta_3>0 found
  500/500: 34 beta_3>0 found

  n=7: 34 generators found
  Nonzero path counts: {15: 1, 41: 2, 54: 2, 56: 2, 60: 6, 65: 3, 67: 2, 74: 5, 77: 1, 85: 4, 88: 2, 94: 2, 102: 2}
  Vertex set counts: {15: 1, 25: 6, 34: 6, 35: 21}

DONE.
