======================================================================
H_4(T,T\v) = 0 MECHANISM ANALYSIS
Why is relative H_4 always zero for beta_3=1 tournaments?
======================================================================

--- Part 1: Relative complex analysis, n=7 ---
  20/100 beta_3=1 found, 11.3s
  40/100 beta_3=1 found, 23.9s
  60/100 beta_3=1 found, 36.5s
  80/100 beta_3=1 found, 48.5s
  100/100 beta_3=1 found, 62.6s
  Done: 100 tournaments, 627 good verts, 73 bad verts, 62.6s

  H_4^rel = 0 violations: 700

  GOOD vertex R_dim profiles (top 10):
    (1, 6, 25, 74, 159, 210, 135): 25
    (1, 6, 25, 72, 141, 190, 129): 20
    (1, 6, 27, 80, 167, 218, 135): 18
    (1, 6, 27, 80, 167, 222, 135): 16
    (1, 6, 25, 70, 137, 164, 93): 14
    (1, 6, 23, 64, 127, 158, 93): 14
    (1, 6, 23, 60, 107, 122, 69): 12
    (1, 6, 25, 76, 167, 232, 153): 12
    (1, 6, 25, 76, 167, 232, 151): 12
    (1, 6, 19, 48, 85, 106, 67): 12

  BAD vertex R_dim profiles (top 10):
    (1, 6, 23, 68, 143, 202, 135): 25
    (1, 6, 23, 68, 143, 198, 129): 9
    (1, 6, 19, 52, 103, 142, 93): 7
    (1, 6, 21, 60, 125, 178, 123): 6
    (1, 6, 23, 68, 143, 206, 141): 6
    (1, 6, 25, 76, 165, 230, 153): 4
    (1, 6, 21, 48, 69, 62, 31): 4
    (1, 6, 25, 76, 165, 234, 159): 4
    (1, 6, 23, 56, 87, 82, 41): 3
    (1, 6, 27, 72, 123, 122, 61): 3

  GOOD vertex rank profiles d_1..d_6 (top 10):
    (1, 6, 25, 72, 141, 128): 20
    (1, 6, 25, 74, 158, 134): 18
    (1, 6, 25, 68, 122, 81): 14
    (1, 6, 23, 64, 124, 93): 14
    (1, 6, 25, 72, 148, 123): 12
    (1, 6, 25, 74, 158, 140): 12
    (1, 6, 25, 74, 154, 140): 12
    (1, 6, 27, 80, 165, 140): 12
    (1, 6, 23, 66, 133, 128): 10
    (1, 6, 23, 68, 144, 134): 9

  BAD vertex rank profiles d_1..d_6 (top 10):
    (1, 6, 23, 68, 143, 135): 16
    (1, 6, 23, 68, 143, 134): 9
    (1, 6, 23, 68, 143, 129): 9
    (1, 6, 19, 52, 103, 93): 7
    (1, 6, 21, 60, 125, 123): 6
    (1, 6, 23, 68, 143, 140): 6
    (1, 6, 25, 76, 165, 153): 4
    (1, 6, 21, 47, 60, 31): 4
    (1, 6, 25, 76, 165, 158): 4
    (1, 6, 23, 56, 77, 41): 3

--- Part 2: H_4=0 mechanism analysis, n=7 ---
  Done: 50 tournaments, 350 vertex records, 35.0s

  GOOD vertices (317):
    rank(d5) = ker(d4): 0/317
    avg rank(d4)/dim(R4) = 0.525
    avg rank(d5)/dim(R4) = 0.975
    avg (rank_d4 + rank_d5)/dim(R4) = 1.500
    (dim_R4, rank_d4, rank_d5) distribution (top 10):
      (149, 72, 148): 14  (h4=-71)
      (133, 66, 133): 12  (h4=-66)
      (167, 76, 166): 10  (h4=-75)
      (87, 56, 78): 8  (h4=-47)
      (71, 44, 69): 8  (h4=-42)
      (61, 38, 60): 8  (h4=-37)
      (69, 44, 67): 8  (h4=-42)
      (71, 44, 65): 8  (h4=-38)
      (79, 50, 73): 8  (h4=-44)
      (167, 80, 165): 8  (h4=-78)

  BAD vertices (33):
    rank(d5) = ker(d4): 0/33
    avg rank(d4)/dim(R4) = 0.543
    avg rank(d5)/dim(R4) = 0.943
    avg (rank_d4 + rank_d5)/dim(R4) = 1.486
    (dim_R4, rank_d4, rank_d5) distribution (top 10):
      (143, 68, 143): 9  (h4=-68)
      (87, 56, 77): 8  (h4=-46)
      (165, 76, 165): 5  (h4=-76)
      (123, 72, 111): 4  (h4=-60)
      (125, 60, 125): 3  (h4=-60)
      (103, 52, 103): 2  (h4=-52)
      (39, 27, 28): 2  (h4=-16)

--- Part 3: Vertex position analysis in new paths ---
  Done: 30 tournaments, 12.2s

  Degree 2: 710 new paths, 0 DON'T contain v (0.0%)
    position 0: 236 (33.2%)
    position 1: 238 (33.5%)
    position 2: 236 (33.2%)

  Degree 3: 1998 new paths, 0 DON'T contain v (0.0%)
    position 0: 502 (25.1%)
    position 1: 496 (24.8%)
    position 2: 500 (25.0%)
    position 3: 500 (25.0%)

  Degree 4: 3988 new paths, 0 DON'T contain v (0.0%)
    position 0: 806 (20.2%)
    position 1: 792 (19.9%)
    position 2: 792 (19.9%)
    position 3: 798 (20.0%)
    position 4: 800 (20.1%)

  Degree 5: 5130 new paths, 0 DON'T contain v (0.0%)
    position 0: 869 (16.9%)
    position 1: 853 (16.6%)
    position 2: 846 (16.5%)
    position 3: 850 (16.6%)
    position 4: 853 (16.6%)
    position 5: 859 (16.7%)

  Degree 6: 3184 new paths, 0 DON'T contain v (0.0%)
    position 0: 459 (14.4%)
    position 1: 457 (14.4%)
    position 2: 454 (14.3%)
    position 3: 448 (14.1%)
    position 4: 453 (14.2%)
    position 5: 457 (14.4%)
    position 6: 456 (14.3%)

DONE.
