======================================================================
H=63 AND MOAT STRUCTURE — FAST VERSION
======================================================================

--- EXHAUSTIVE n=6 ---
  0%...
  25%...
  50%...
  75%...

Total tournaments: 32768
Distinct H values: 19
Min H: 1, Max H: 45

All H values at n=6:
  H=   1:    720
  H=   3:    960
  H=   5:   2160
  H=   9:   2960
  H=  11:   1440
  H=  13:   1440
  H=  15:   2208
  H=  17:   1440
  H=  19:   1440
  H=  23:   2880
  H=  25:   1440
  H=  27:    480
  H=  29:   2880
  H=  31:   1440
  H=  33:   2640
  H=  37:   3600
  H=  41:    720
  H=  43:   1440
  H=  45:    480

GAPS (odd values NOT achieved, up to 45):
  [7, 21, 35, 39]

--- SAMPLING n=7 (200k) ---
  50000/200000...
  100000/200000...
  150000/200000...
  200000/200000...
Distinct H values: 77

Key H values at n=7:
  H=7: NOT FOUND (0 times)
  H=21: NOT FOUND (0 times)
  H=63: NOT FOUND (0 times)
  H=73: FOUND (3804 times)

All ABSENT odd H values <= 100 at n=7:
  H=7 = Phi3(2)
  H=21 = Phi3(4)
  H=63 = 7*3^2

======================================================================
MOAT STRUCTURE SUMMARY
======================================================================

H values present at n=6: [1, 3, 5, 9, 11, 13, 15, 17, 19, 23, 25, 27, 29, 31, 33, 37, 41, 43, 45]

PERMANENT GAPS (absent at both n=6 and n=7, H <= 100):
  H=7 = Phi3(KEY1) = I(K3,2)
  H=21 = Phi3(KEY1^2) = I(K3+K1,2)
  H=63
