======================================================================
CONFLICT STRUCTURE ANALYSIS
======================================================================

======================================================================
p = 7
======================================================================

  Paley, S=[1, 2, 4]
  Total cycles: 80
    c_3 = 14, through vertex 0: 6 (expected k*c_k/p = 6.0)
    c_5 = 42, through vertex 0: 30 (expected k*c_k/p = 30.0)
    c_7 = 24, through vertex 0: 24 (expected k*c_k/p = 24.0)

  Conflict structure f(k,k'):
    (3,3): 84 conflicts / 91 pairs, disjoint=7, avg_conf/cycle=12.00
    (3,5): 588 conflicts / 588 pairs, disjoint=0, f(3,5)=42.00, f(5,3)=14.00
    (3,7): 336 conflicts / 336 pairs, disjoint=0, f(3,7)=24.00, f(7,3)=14.00
    (5,5): 861 conflicts / 861 pairs, disjoint=0, avg_conf/cycle=41.00
    (5,7): 1008 conflicts / 1008 pairs, disjoint=0, f(5,7)=24.00, f(7,5)=42.00
    (7,7): 276 conflicts / 276 pairs, disjoint=0, avg_conf/cycle=23.00

  Conflict ratio f(k,k')/c_k':
    k=3: f/c3=0.923077, f/c5=1.000000, f/c7=1.000000
    k=5: f/c3=1.000000, f/c5=1.000000, f/c7=1.000000
    k=7: f/c3=1.000000, f/c5=1.000000, f/c7=1.000000

  Interval, S=[1, 2, 3]
  Total cycles: 59
    c_3 = 14, through vertex 0: 6 (expected k*c_k/p = 6.0)
    c_5 = 28, through vertex 0: 20 (expected k*c_k/p = 20.0)
    c_7 = 17, through vertex 0: 17 (expected k*c_k/p = 17.0)

  Conflict structure f(k,k'):
    (3,3): 77 conflicts / 91 pairs, disjoint=14, avg_conf/cycle=11.00
    (3,5): 392 conflicts / 392 pairs, disjoint=0, f(3,5)=28.00, f(5,3)=14.00
    (3,7): 238 conflicts / 238 pairs, disjoint=0, f(3,7)=17.00, f(7,3)=14.00
    (5,5): 378 conflicts / 378 pairs, disjoint=0, avg_conf/cycle=27.00
    (5,7): 476 conflicts / 476 pairs, disjoint=0, f(5,7)=17.00, f(7,5)=28.00
    (7,7): 136 conflicts / 136 pairs, disjoint=0, avg_conf/cycle=16.00

  Conflict ratio f(k,k')/c_k':
    k=3: f/c3=0.846154, f/c5=1.000000, f/c7=1.000000
    k=5: f/c3=1.000000, f/c5=1.000000, f/c7=1.000000
    k=7: f/c3=1.000000, f/c5=1.000000, f/c7=1.000000

======================================================================
p = 11
======================================================================

  Paley, S=[1, 3, 4, 5, 9]
  Total cycles: 21169
    c_3 = 55, through vertex 0: 15 (expected k*c_k/p = 15.0)
    c_5 = 594, through vertex 0: 270 (expected k*c_k/p = 270.0)
    c_7 = 3960, through vertex 0: 2520 (expected k*c_k/p = 2520.0)
    c_9 = 11055, through vertex 0: 9045 (expected k*c_k/p = 9045.0)
    c_11 = 5505, through vertex 0: 5505 (expected k*c_k/p = 5505.0)

  Conflict structure f(k,k'):
    (3,3): 990 conflicts / 1485 pairs, disjoint=495, avg_conf/cycle=36.00
    (3,5): 29040 conflicts / 32670 pairs, disjoint=3630, f(3,5)=528.00, f(5,3)=48.89
    (3,7): 212960 conflicts / 217800 pairs, disjoint=4840, f(3,7)=3872.00, f(7,3)=53.78
    (3,9): 608025 conflicts / 608025 pairs, disjoint=0, f(3,9)=11055.00, f(9,3)=55.00
    (3,11): 302775 conflicts / 302775 pairs, disjoint=0, f(3,11)=5505.00, f(11,3)=55.00
    (5,5): 174207 conflicts / 176121 pairs, disjoint=1914, avg_conf/cycle=586.56
    (5,7): 2352240 conflicts / 2352240 pairs, disjoint=0, f(5,7)=3960.00, f(7,5)=594.00
    (5,9): 6566670 conflicts / 6566670 pairs, disjoint=0, f(5,9)=11055.00, f(9,5)=594.00
    (5,11): 3269970 conflicts / 3269970 pairs, disjoint=0, f(5,11)=5505.00, f(11,5)=594.00
    (7,7): 7838820 conflicts / 7838820 pairs, disjoint=0, avg_conf/cycle=3959.00
    (7,9): 43777800 conflicts / 43777800 pairs, disjoint=0, f(7,9)=11055.00, f(9,7)=3960.00
    (7,11): 21799800 conflicts / 21799800 pairs, disjoint=0, f(7,11)=5505.00, f(11,7)=3960.00
    (9,9): 61100985 conflicts / 61100985 pairs, disjoint=0, avg_conf/cycle=11054.00
    (9,11): 60857775 conflicts / 60857775 pairs, disjoint=0, f(9,11)=5505.00, f(11,9)=11055.00
    (11,11): 15149760 conflicts / 15149760 pairs, disjoint=0, avg_conf/cycle=5504.00

  Conflict ratio f(k,k')/c_k':
    k=3: f/c3=0.666667, f/c5=0.888889, f/c7=0.977778, f/c9=1.000000, f/c11=1.000000
    k=5: f/c3=0.888889, f/c5=0.989132, f/c7=1.000000, f/c9=1.000000, f/c11=1.000000
    k=7: f/c3=0.977778, f/c5=1.000000, f/c7=1.000000, f/c9=1.000000, f/c11=1.000000
    k=9: f/c3=1.000000, f/c5=1.000000, f/c7=1.000000, f/c9=1.000000, f/c11=1.000000
    k=11: f/c3=1.000000, f/c5=1.000000, f/c7=1.000000, f/c9=1.000000, f/c11=1.000000

  Interval, S=[1, 2, 3, 4, 5]
  Total cycles: 18397
    c_3 = 55, through vertex 0: 15 (expected k*c_k/p = 15.0)
    c_5 = 484, through vertex 0: 220 (expected k*c_k/p = 220.0)
    c_7 = 3399, through vertex 0: 2163 (expected k*c_k/p = 2163.0)
    c_9 = 9350, through vertex 0: 7650 (expected k*c_k/p = 7650.0)
    c_11 = 5109, through vertex 0: 5109 (expected k*c_k/p = 5109.0)

  Conflict structure f(k,k'):
    (3,3): 935 conflicts / 1485 pairs, disjoint=550, avg_conf/cycle=34.00
    (3,5): 23144 conflicts / 26620 pairs, disjoint=3476, f(3,5)=420.80, f(5,3)=47.82
    (3,7): 181511 conflicts / 186945 pairs, disjoint=5434, f(3,7)=3300.20, f(7,3)=53.40
    (3,9): 514250 conflicts / 514250 pairs, disjoint=0, f(3,9)=9350.00, f(9,3)=55.00
    (3,11): 280995 conflicts / 280995 pairs, disjoint=0, f(3,11)=5109.00, f(11,3)=55.00
    (5,5): 115236 conflicts / 116886 pairs, disjoint=1650, avg_conf/cycle=476.18
    (5,7): 1645116 conflicts / 1645116 pairs, disjoint=0, f(5,7)=3399.00, f(7,5)=484.00
    (5,9): 4525400 conflicts / 4525400 pairs, disjoint=0, f(5,9)=9350.00, f(9,5)=484.00
    (5,11): 2472756 conflicts / 2472756 pairs, disjoint=0, f(5,11)=5109.00, f(11,5)=484.00
    (7,7): 5774901 conflicts / 5774901 pairs, disjoint=0, avg_conf/cycle=3398.00
    (7,9): 31780650 conflicts / 31780650 pairs, disjoint=0, f(7,9)=9350.00, f(9,7)=3399.00
    (7,11): 17365491 conflicts / 17365491 pairs, disjoint=0, f(7,11)=5109.00, f(11,7)=3399.00
    (9,9): 43706575 conflicts / 43706575 pairs, disjoint=0, avg_conf/cycle=9349.00
    (9,11): 47769150 conflicts / 47769150 pairs, disjoint=0, f(9,11)=5109.00, f(11,9)=9350.00
    (11,11): 13048386 conflicts / 13048386 pairs, disjoint=0, avg_conf/cycle=5108.00

  Conflict ratio f(k,k')/c_k':
    k=3: f/c3=0.629630, f/c5=0.869421, f/c7=0.970933, f/c9=1.000000, f/c11=1.000000
    k=5: f/c3=0.869421, f/c5=0.985884, f/c7=1.000000, f/c9=1.000000, f/c11=1.000000
    k=7: f/c3=0.970933, f/c5=1.000000, f/c7=1.000000, f/c9=1.000000, f/c11=1.000000
    k=9: f/c3=1.000000, f/c5=1.000000, f/c7=1.000000, f/c9=1.000000, f/c11=1.000000
    k=11: f/c3=1.000000, f/c5=1.000000, f/c7=1.000000, f/c9=1.000000, f/c11=1.000000

DONE.
