======================================================================
H FOURIER STRUCTURE: EVEN DEGREE VANISHING
======================================================================

--- Verification: H(T) = H(T^op) ---
  n=3: 0/8 mismatches (H(T) != H(T^op))
  n=4: 0/64 mismatches (H(T) != H(T^op))
  n=5: 0/1024 mismatches (H(T) != H(T^op))
  n=6: 0/32768 mismatches (H(T) != H(T^op))

PROOF SKETCH for H(T) = H(T^op):
  H(T) counts Hamiltonian paths a_1 -> a_2 -> ... -> a_n.
  H(T^op) counts paths where all edges are reversed.
  Reading a path backward: a_n -> a_{n-1} -> ... -> a_1 is a path in T^op.
  This gives a BIJECTION: paths in T <-> paths in T^op (reversed).
  Therefore H(T) = H(T^op) for ALL tournaments.
  (This is THM-030: transfer matrix symmetry.)

CONSEQUENCE for Fourier analysis:
  T^op corresponds to sigma -> -sigma (flip all signs).
  The Fourier coefficient hat(H)(S) transforms as:
    hat(H)(S) -> (-1)^{|S|} * hat(H)(S)
  Invariance: hat(H)(S) = (-1)^{|S|} * hat(H)(S)
  => hat(H)(S) = 0 for |S| odd.

This is an EXACT structural result. H is an EVEN function on {-1,+1}^m.


======================================================================
  FOURIER ANALYSIS AT n=3 (m=3, |space|=8)
======================================================================

  Degree | #coeffs | Energy    | % of total
  -------+---------+-----------+-----------
      0  |       1 |    2.2500 |    75.00%
      2  |       3 |    0.7500 |    25.00%

  Non-zero Fourier coefficients (degree <= 4):
                                 1: hat(H) = 1.500000 = 3/2
                 e_{0,1} * e_{0,2}: hat(H) = -0.500000 = -1/2
                 e_{0,1} * e_{1,2}: hat(H) = 0.500000 = 1/2
                 e_{0,2} * e_{1,2}: hat(H) = -0.500000 = -1/2

  QUADRATIC FORM STRUCTURE:
    Constant term: 1.5
    tr(Q) = 0.0000
    tr(Q^2) = 1.5000 => ||Q||_F = 1.2247
    Q energy = 1.5000
    Degree-2 fraction: 25.00%

    Edge-pair interaction matrix (non-zero entries of Q):
    3 non-zero entries out of 3

    Q entries by vertex overlap of the two edges:
      overlap=1: 3 pairs, coefficients = [-0.5, 0.5]

======================================================================
  FOURIER ANALYSIS AT n=4 (m=6, |space|=64)
======================================================================

  Degree | #coeffs | Energy    | % of total
  -------+---------+-----------+-----------
      0  |       1 |    9.0000 |    75.00%
      2  |      12 |    3.0000 |    25.00%

  Non-zero Fourier coefficients (degree <= 4):
                                 1: hat(H) = 3.000000 = 3
                 e_{0,1} * e_{0,2}: hat(H) = -0.500000 = -1/2
                 e_{0,1} * e_{0,3}: hat(H) = -0.500000 = -1/2
                 e_{0,1} * e_{1,2}: hat(H) = 0.500000 = 1/2
                 e_{0,1} * e_{1,3}: hat(H) = 0.500000 = 1/2
                 e_{0,2} * e_{0,3}: hat(H) = -0.500000 = -1/2
                 e_{0,2} * e_{1,2}: hat(H) = -0.500000 = -1/2
                 e_{0,2} * e_{2,3}: hat(H) = 0.500000 = 1/2
                 e_{0,3} * e_{1,3}: hat(H) = -0.500000 = -1/2
                 e_{0,3} * e_{2,3}: hat(H) = -0.500000 = -1/2
                 e_{1,2} * e_{1,3}: hat(H) = -0.500000 = -1/2
                 e_{1,2} * e_{2,3}: hat(H) = 0.500000 = 1/2
                 e_{1,3} * e_{2,3}: hat(H) = -0.500000 = -1/2

  QUADRATIC FORM STRUCTURE:
    Constant term: 3.0
    tr(Q) = 0.0000
    tr(Q^2) = 6.0000 => ||Q||_F = 2.4495
    Q energy = 6.0000
    Degree-2 fraction: 25.00%

    Edge-pair interaction matrix (non-zero entries of Q):
    12 non-zero entries out of 15

    Q entries by vertex overlap of the two edges:
      overlap=1: 12 pairs, coefficients = [-0.5, 0.5]

======================================================================
  FOURIER ANALYSIS AT n=5 (m=10, |space|=1024)
======================================================================

  Degree | #coeffs | Energy    | % of total
  -------+---------+-----------+-----------
      0  |       1 |   56.2500 |    75.95%
      2  |      30 |   16.8750 |    22.78%
      4  |      60 |    0.9375 |     1.27%

  Non-zero Fourier coefficients (degree <= 4):
                                 1: hat(H) = 7.500000 = 15/2
                 e_{0,1} * e_{0,2}: hat(H) = -0.750000 = -3/4
                 e_{0,1} * e_{0,3}: hat(H) = -0.750000 = -3/4
                 e_{0,1} * e_{0,4}: hat(H) = -0.750000 = -3/4
                 e_{0,1} * e_{1,2}: hat(H) = 0.750000 = 3/4
                 e_{0,1} * e_{1,3}: hat(H) = 0.750000 = 3/4
                 e_{0,1} * e_{1,4}: hat(H) = 0.750000 = 3/4
                 e_{0,2} * e_{0,3}: hat(H) = -0.750000 = -3/4
                 e_{0,2} * e_{0,4}: hat(H) = -0.750000 = -3/4
                 e_{0,2} * e_{1,2}: hat(H) = -0.750000 = -3/4
                 e_{0,2} * e_{2,3}: hat(H) = 0.750000 = 3/4
                 e_{0,2} * e_{2,4}: hat(H) = 0.750000 = 3/4
                 e_{0,3} * e_{0,4}: hat(H) = -0.750000 = -3/4
                 e_{0,3} * e_{1,3}: hat(H) = -0.750000 = -3/4
                 e_{0,3} * e_{2,3}: hat(H) = -0.750000 = -3/4
                 e_{0,3} * e_{3,4}: hat(H) = 0.750000 = 3/4
                 e_{0,4} * e_{1,4}: hat(H) = -0.750000 = -3/4
                 e_{0,4} * e_{2,4}: hat(H) = -0.750000 = -3/4
                 e_{0,4} * e_{3,4}: hat(H) = -0.750000 = -3/4
                 e_{1,2} * e_{1,3}: hat(H) = -0.750000 = -3/4
                 e_{1,2} * e_{1,4}: hat(H) = -0.750000 = -3/4
                 e_{1,2} * e_{2,3}: hat(H) = 0.750000 = 3/4
                 e_{1,2} * e_{2,4}: hat(H) = 0.750000 = 3/4
                 e_{1,3} * e_{1,4}: hat(H) = -0.750000 = -3/4
                 e_{1,3} * e_{2,3}: hat(H) = -0.750000 = -3/4
                 e_{1,3} * e_{3,4}: hat(H) = 0.750000 = 3/4
                 e_{1,4} * e_{2,4}: hat(H) = -0.750000 = -3/4
                 e_{1,4} * e_{3,4}: hat(H) = -0.750000 = -3/4
                 e_{2,3} * e_{2,4}: hat(H) = -0.750000 = -3/4
                 e_{2,3} * e_{3,4}: hat(H) = 0.750000 = 3/4
                 e_{2,4} * e_{3,4}: hat(H) = -0.750000 = -3/4
    e_{0,1} * e_{0,2} * e_{1,3} * e_{2,4}: hat(H) = 0.125000 = 1/8
    e_{0,1} * e_{0,2} * e_{1,3} * e_{3,4}: hat(H) = -0.125000 = -1/8
    e_{0,1} * e_{0,2} * e_{1,4} * e_{2,3}: hat(H) = 0.125000 = 1/8
    e_{0,1} * e_{0,2} * e_{1,4} * e_{3,4}: hat(H) = 0.125000 = 1/8
    e_{0,1} * e_{0,2} * e_{2,3} * e_{3,4}: hat(H) = -0.125000 = -1/8
    e_{0,1} * e_{0,2} * e_{2,4} * e_{3,4}: hat(H) = 0.125000 = 1/8
    e_{0,1} * e_{0,3} * e_{1,2} * e_{2,4}: hat(H) = -0.125000 = -1/8
    e_{0,1} * e_{0,3} * e_{1,2} * e_{3,4}: hat(H) = 0.125000 = 1/8
    e_{0,1} * e_{0,3} * e_{1,4} * e_{2,3}: hat(H) = -0.125000 = -1/8
    e_{0,1} * e_{0,3} * e_{1,4} * e_{2,4}: hat(H) = 0.125000 = 1/8
    e_{0,1} * e_{0,3} * e_{2,3} * e_{2,4}: hat(H) = 0.125000 = 1/8
    e_{0,1} * e_{0,3} * e_{2,4} * e_{3,4}: hat(H) = 0.125000 = 1/8
    e_{0,1} * e_{0,4} * e_{1,2} * e_{2,3}: hat(H) = -0.125000 = -1/8
    e_{0,1} * e_{0,4} * e_{1,2} * e_{3,4}: hat(H) = -0.125000 = -1/8
    e_{0,1} * e_{0,4} * e_{1,3} * e_{2,3}: hat(H) = 0.125000 = 1/8
    e_{0,1} * e_{0,4} * e_{1,3} * e_{2,4}: hat(H) = -0.125000 = -1/8
    e_{0,1} * e_{0,4} * e_{2,3} * e_{2,4}: hat(H) = 0.125000 = 1/8
    e_{0,1} * e_{0,4} * e_{2,3} * e_{3,4}: hat(H) = -0.125000 = -1/8
    e_{0,1} * e_{1,2} * e_{2,3} * e_{3,4}: hat(H) = 0.125000 = 1/8
    e_{0,1} * e_{1,2} * e_{2,4} * e_{3,4}: hat(H) = -0.125000 = -1/8
    e_{0,1} * e_{1,3} * e_{2,3} * e_{2,4}: hat(H) = -0.125000 = -1/8
    e_{0,1} * e_{1,3} * e_{2,4} * e_{3,4}: hat(H) = -0.125000 = -1/8
    e_{0,1} * e_{1,4} * e_{2,3} * e_{2,4}: hat(H) = -0.125000 = -1/8
    e_{0,1} * e_{1,4} * e_{2,3} * e_{3,4}: hat(H) = 0.125000 = 1/8
    e_{0,2} * e_{0,3} * e_{1,2} * e_{1,4}: hat(H) = 0.125000 = 1/8
    e_{0,2} * e_{0,3} * e_{1,2} * e_{3,4}: hat(H) = -0.125000 = -1/8
    e_{0,2} * e_{0,3} * e_{1,3} * e_{1,4}: hat(H) = 0.125000 = 1/8
    e_{0,2} * e_{0,3} * e_{1,3} * e_{2,4}: hat(H) = -0.125000 = -1/8
    e_{0,2} * e_{0,3} * e_{1,4} * e_{2,4}: hat(H) = 0.125000 = 1/8
    e_{0,2} * e_{0,3} * e_{1,4} * e_{3,4}: hat(H) = 0.125000 = 1/8
    e_{0,2} * e_{0,4} * e_{1,2} * e_{1,3}: hat(H) = 0.125000 = 1/8
    e_{0,2} * e_{0,4} * e_{1,2} * e_{3,4}: hat(H) = 0.125000 = 1/8
    e_{0,2} * e_{0,4} * e_{1,3} * e_{1,4}: hat(H) = 0.125000 = 1/8
    e_{0,2} * e_{0,4} * e_{1,3} * e_{2,3}: hat(H) = 0.125000 = 1/8
    e_{0,2} * e_{0,4} * e_{1,3} * e_{3,4}: hat(H) = -0.125000 = -1/8
    e_{0,2} * e_{0,4} * e_{1,4} * e_{2,3}: hat(H) = -0.125000 = -1/8
    e_{0,2} * e_{1,2} * e_{1,3} * e_{3,4}: hat(H) = -0.125000 = -1/8
    e_{0,2} * e_{1,2} * e_{1,4} * e_{3,4}: hat(H) = 0.125000 = 1/8
    e_{0,2} * e_{1,3} * e_{1,4} * e_{2,3}: hat(H) = -0.125000 = -1/8
    e_{0,2} * e_{1,3} * e_{1,4} * e_{2,4}: hat(H) = -0.125000 = -1/8
    e_{0,2} * e_{1,3} * e_{2,4} * e_{3,4}: hat(H) = 0.125000 = 1/8
    e_{0,2} * e_{1,4} * e_{2,3} * e_{3,4}: hat(H) = -0.125000 = -1/8
    e_{0,3} * e_{0,4} * e_{1,2} * e_{1,3}: hat(H) = 0.125000 = 1/8
    e_{0,3} * e_{0,4} * e_{1,2} * e_{1,4}: hat(H) = 0.125000 = 1/8
    e_{0,3} * e_{0,4} * e_{1,2} * e_{2,3}: hat(H) = -0.125000 = -1/8
    e_{0,3} * e_{0,4} * e_{1,2} * e_{2,4}: hat(H) = -0.125000 = -1/8
    e_{0,3} * e_{0,4} * e_{1,3} * e_{2,4}: hat(H) = 0.125000 = 1/8
    e_{0,3} * e_{0,4} * e_{1,4} * e_{2,3}: hat(H) = 0.125000 = 1/8
    e_{0,3} * e_{1,2} * e_{1,3} * e_{2,4}: hat(H) = -0.125000 = -1/8
    e_{0,3} * e_{1,2} * e_{1,4} * e_{2,3}: hat(H) = 0.125000 = 1/8
    e_{0,3} * e_{1,2} * e_{1,4} * e_{3,4}: hat(H) = -0.125000 = -1/8
    e_{0,3} * e_{1,2} * e_{2,4} * e_{3,4}: hat(H) = 0.125000 = 1/8
    e_{0,3} * e_{1,3} * e_{1,4} * e_{2,4}: hat(H) = 0.125000 = 1/8
    e_{0,3} * e_{1,4} * e_{2,3} * e_{2,4}: hat(H) = 0.125000 = 1/8
    e_{0,4} * e_{1,2} * e_{1,3} * e_{2,4}: hat(H) = 0.125000 = 1/8
    e_{0,4} * e_{1,2} * e_{1,3} * e_{3,4}: hat(H) = 0.125000 = 1/8
    e_{0,4} * e_{1,2} * e_{1,4} * e_{2,3}: hat(H) = -0.125000 = -1/8
    e_{0,4} * e_{1,2} * e_{2,3} * e_{3,4}: hat(H) = -0.125000 = -1/8
    e_{0,4} * e_{1,3} * e_{1,4} * e_{2,3}: hat(H) = 0.125000 = 1/8
    e_{0,4} * e_{1,3} * e_{2,3} * e_{2,4}: hat(H) = 0.125000 = 1/8

  QUADRATIC FORM STRUCTURE:
    Constant term: 7.5
    tr(Q) = 0.0000
    tr(Q^2) = 33.7500 => ||Q||_F = 5.8095
    Q energy = 33.7500
    Degree-2 fraction: 22.78%

    Edge-pair interaction matrix (non-zero entries of Q):
    30 non-zero entries out of 45

    Q entries by vertex overlap of the two edges:
      overlap=1: 30 pairs, coefficients = [-0.75, 0.75]

======================================================================
CONNECTION TO OVERLAP WEIGHT ANALYSIS
======================================================================
Traceback (most recent call last):
  File "C:\Users\Eliott\Documents\GitHub\math\04-computation\H_fourier_structure.py", line 268, in <module>
    print("""
    ~~~~~^^^^
    The Fourier structure reveals WHY overlap weight matters:
    ^^^^^^^^^^^^^^^^^^^^^^^^^^^^^^^^^^^^^^^^^^^^^^^^^^^^^^^^^
    ...<24 lines>...
    DETERMINE the cycle-level conflicts in Omega(T).
    ^^^^^^^^^^^^^^^^^^^^^^^^^^^^^^^^^^^^^^^^^^^^^^^^
    """)
    ^^^^
  File "C:\Program Files\WindowsApps\PythonSoftwareFoundation.Python.3.13_3.13.3312.0_x64__qbz5n2kfra8p0\Lib\encodings\cp1252.py", line 19, in encode
    return codecs.charmap_encode(input,self.errors,encoding_table)[0]
           ~~~~~~~~~~~~~~~~~~~~~^^^^^^^^^^^^^^^^^^^^^^^^^^^^^^^^^^
UnicodeEncodeError: 'charmap' codec can't encode character '\u2229' in position 919: character maps to <undefined>
