======================================================================
H vs EIGENVALUE MOMENTS: Testing at p=7,11,13
======================================================================

======================================================================
H vs MOMENTS at p=7, m=3, N=8
======================================================================
  Computed 8 orientations in 0.0s
  2 unique energy levels

      E          H         S4           S6             S8            S10  count
     15        189       9.19        16.08          28.14           0.00      2
     19        175      23.19       110.58         530.39           0.00      6

  E determines H: True
  H = f(S4): max_err = 0.0000 *** EXACT ***
  H = f(S4,S6): max_err = 0.0000 *** EXACT ***

  H = f(E): max_err = 0.0000
  H = f(E,S6): max_err = 0.0000
  H = f(E,S6,S8): max_err = 0.0000

======================================================================
H vs MOMENTS at p=11, m=5, N=32
======================================================================
  Computed 32 orientations in 0.4s
  4 unique energy levels

      E          H         S4           S6             S8            S10  count
     65      95095      37.81       103.98         285.96         786.38      2
     69      92411      59.81       285.48        1438.21        7534.19     10
     73      93467      81.81       631.98        5241.46       44250.13     10
     85      93027     147.81      1770.48       21392.21      258684.82     10

  E determines H: True
  H = f(S4): max_err = 1911.2500 
  H = f(S4,S6): max_err = 647.0962 
  H = f(S4,S6,S8): max_err = 0.0000 *** EXACT ***
  H = f(S4,S6,S8,S10): max_err = 0.0000 *** EXACT ***

  H = f(E): max_err = 1911.2500
  H = f(E,S6): max_err = 647.0962
  H = f(E,S6,S8): max_err = 0.0000
  H = f(E,S6,S8,S10): max_err = 0.0000

======================================================================
H vs MOMENTS at p=13, m=6, N=64
======================================================================
  Computed 64 orientations in 4.8s
  5 unique energy levels

      E          H         S4           S6             S8            S10  count
    114    3703011      82.88       396.09        1968.59        9899.37      4
    118    3683797     108.87       688.59        4552.34       30857.81     24  *** MULTIPLE H VALUES: {3704857, 3683797} ***
    122    3669497     134.88      1176.09       11205.09      110828.12     12
    130    3707483     186.88      2346.09       30815.59      407585.62     12
    146    3711175     290.88      4881.09       82685.59     1401947.50     12

  E determines H: False
  H = f(S4): max_err = 23354.9276 
  H = f(S4,S6): max_err = 18335.8036 
  H = f(S4,S6,S8): max_err = 17625.7410 
  H = f(S4,S6,S8,S10): max_err = 403.3914 
  H = f(S4,S6,S8,S10,S12): max_err = 0.0000 *** EXACT ***

  H = f(E): max_err = 23354.9276
  H = f(E,S6): max_err = 18335.8036
  H = f(E,S6,S8): max_err = 17625.7410
  H = f(E,S6,S8,S10): max_err = 403.3914

DONE.
