======================================================================
HARD-CORE MODEL: SPECTRAL GAP → INDEPENDENCE POLYNOMIAL
======================================================================

==================================================
p=7
==================================================

  Interval: 36 odd cycles
    |E(Ω)| = 616, density = 0.9778
    Degree: min=33, max=35
    α₀ = 1
    α₁ = 36
    α₂ = 14
    α₃ = 0
    α₄ = 0
    Z(Ω, 2) ≈ 129
    α₂/C(N,2) = 0.022222
    Spectral: λ_max=34.25, λ_min=-3.00
    Hoffman bound: α(Ω) ≥ 2.90
    Spectral gap λ₁-λ₂ = 33.45

  Paley: 36 odd cycles
    |E(Ω)| = 623, density = 0.9889
    Degree: min=34, max=35
    α₀ = 1
    α₁ = 36
    α₂ = 7
    α₃ = 0
    α₄ = 0
    Z(Ω, 2) ≈ 101
    α₂/C(N,2) = 0.011111
    Spectral: λ_max=34.62, λ_min=-2.00
    Hoffman bound: α(Ω) ≥ 1.97
    Spectral gap λ₁-λ₂ = 34.62

==================================================
p=11
==================================================

  Interval: 792 odd cycles
    |E(Ω)| = 308264, density = 0.9841
    Degree: min=711, max=791
    α₀ = 1
    α₁ = 792
    α₂ = 4972
    α₃ = 1298
    α₄ = 0
    Z(Ω, 2) ≈ 31857
    α₂/C(N,2) = 0.015873
    Spectral: λ_max=778.91, λ_min=-18.82
    Hoffman bound: α(Ω) ≥ 18.69
    Spectral gap λ₁-λ₂ = 760.83

  Paley: 737 odd cycles
    |E(Ω)| = 267355, density = 0.9858
    Degree: min=670, max=736
    α₀ = 1
    α₁ = 737
    α₂ = 3861
    α₃ = 935
    α₄ = 0
    Z(Ω, 2) ≈ 24399
    α₂/C(N,2) = 0.014236
    Spectral: λ_max=725.89, λ_min=-16.08
    Hoffman bound: α(Ω) ≥ 15.97
    Spectral gap λ₁-λ₂ = 711.63

======================================================================
CYCLE LENGTH AND DISJOINTNESS
======================================================================

At p=7: only 3-cycle pairs can be disjoint (need 6 vertices for two 3-cycles,
have 7 vertices, so barely possible). 5-cycles are too long (10 > 7).

At p=11: both 3-3 pairs and potentially 3-5 pairs can be disjoint
(3+3=6 ≤ 11, 3+5=8 ≤ 11, 5+5=10 ≤ 11). All possible!

So as p grows:
  - More cycle length combinations can be disjoint
  - The disjointness rate INCREASES
  - The α₂+ terms grow FASTER than α₁
  - OCF weighting 2^k amplifies this exponentially


p=7 Interval: Disjoint pairs by cycle lengths
  (3,3): [1, 3, 5] ⊔ [0, 2, 4]
  (3,3): [1, 3, 5] ⊔ [2, 4, 6]
  (3,3): [0, 2, 5] ⊔ [1, 4, 6]
  (3,3): [0, 2, 5] ⊔ [1, 3, 6]
  (3,3): [0, 2, 4] ⊔ [1, 3, 6]
  (3,3): [0, 3, 5] ⊔ [1, 4, 6]
  (3,3): [0, 3, 5] ⊔ [2, 4, 6]
  (3,3): [0, 3, 6] ⊔ [1, 2, 5]
  (3,3): [0, 3, 6] ⊔ [1, 4, 5]
  (3,3): [2, 5, 6] ⊔ [0, 3, 4]
  (3,3): [2, 5, 6] ⊔ [0, 1, 4]
  (3,3): [0, 3, 4] ⊔ [1, 2, 5]
  (3,3): [2, 3, 6] ⊔ [1, 4, 5]
  (3,3): [2, 3, 6] ⊔ [0, 1, 4]

======================================================================
VERTEX TRANSITIVITY AND LOCAL STRUCTURE
======================================================================

  Interval:
    Cycles per vertex: [22, 22, 22, 22, 22, 22, 22]
    Cycles through vertex 0: 22
    Pairs through v=0 sharing ONLY v=0: 13/231

  Paley:
    Cycles per vertex: [22, 22, 22, 22, 22, 22, 22]
    Cycles through vertex 0: 22
    Pairs through v=0 sharing ONLY v=0: 15/231

======================================================================
SYNTHESIS: THE MECHANISM
======================================================================

The complete mechanism explaining Interval > Paley at large p:

1. SPECTRAL CONCENTRATION (Fejér kernel):
   Interval eigenvalues are concentrated: |μ₁| ≈ m·2/π, others small.
   Paley eigenvalues are FLAT: all |λ_j| = √((p+1)/4).

2. TRACE FORMULA DOMINANCE:
   c_k(Int) ≈ |μ₁|^k/p (one dominant term)
   c_k(Pal) ≈ Σ |λ_j|^k/p = (p-1)·((p+1)/4)^{k/2}/p (many equal terms)

   For short k: (p-1)·((p+1)/4)^{k/2} > |μ₁|^k → Paley has more short cycles
   For k=p: reversal → Interval has more Hamiltonian cycles!

3. DISJOINTNESS STRUCTURE:
   Interval cycles "align" along the dominant spectral channel → cluster
   → those in DIFFERENT channels are highly disjoint
   Paley cycles spread across all channels → random overlap

4. OCF AMPLIFICATION:
   H = Σ 2^k α_k exponentially amplifies disjointness (α_2, α_3, ...)
   At large p: α₂+ terms dominate → Interval wins

5. WALSH DIFFERENCE FORMULA:
   H(Int) - H(Pal) = 2·Σ_{NQR products} Ĥ[S]
   At small p: NQR sum < 0 (structured cancellation favors Paley)
   At large p: NQR sum > 0 (destructive interference dominates)

DONE.
