  0/32768 (0.0%)
  5000/32768 (15.3%)
  10000/32768 (30.5%)
  15000/32768 (45.8%)
  20000/32768 (61.0%)
  25000/32768 (76.3%)
  30000/32768 (91.6%)
  0/32768
  5000/32768
  10000/32768
  15000/32768
  20000/32768
  25000/32768
  30000/32768
Computing all n=6 tournaments...

======================================================================
PART 1: HAMILTONIAN CYCLE EXISTENCE BY H VALUE
======================================================================

   H  with_HC    no_HC      %HC        SC   not_SC      %SC
   1        0      720     0.0%       120      600    16.7%
   3        0      960     0.0%       240      720    25.0%
   5        0     2160     0.0%       720     1440    33.3%
   9        0     2960     0.0%      1480     1480    50.0%
  11        0     1440     0.0%       720      720    50.0%
  13        0     1440     0.0%       720      720    50.0%
  15     1440      768    65.2%      1824      384    82.6%
  17     1440        0   100.0%      1440        0   100.0%
  19     1440        0   100.0%      1440        0   100.0%
  23     2880        0   100.0%      2880        0   100.0%
  25     1440        0   100.0%      1440        0   100.0%
  27      480        0   100.0%       480        0   100.0%
  29     2880        0   100.0%      2880        0   100.0%
  31     1440        0   100.0%      1440        0   100.0%
  33     2640        0   100.0%      2640        0   100.0%
  37     3600        0   100.0%      3600        0   100.0%
  41      720        0   100.0%       720        0   100.0%
  43     1440        0   100.0%      1440        0   100.0%
  45      480        0   100.0%       480        0   100.0%

======================================================================
PART 2: THRESHOLD ANALYSIS
======================================================================
Lowest H where ALL tournaments have HC: 17
Lowest H where HC exists: 15
Lowest H where ALL are strongly connected: 17

======================================================================
PART 3: NUMBER OF HAMILTONIAN CYCLES BY H
======================================================================

Re-computing with HC counts...

   H  mean_HC  min_HC  max_HC   HC=0  total
   1     0.00       0       0    720    720
   3     0.00       0       0    960    960
   5     0.00       0       0   2160   2160
   9     0.00       0       0   2960   2960
  11     0.00       0       0   1440   1440
  13     0.00       0       0   1440   1440
  15     0.65       0       1    768   2208
  17     1.00       1       1      0   1440
  19     1.00       1       1      0   1440
  23     1.50       1       2      0   2880
  25     2.00       2       2      0   1440
  27     3.00       3       3      0    480
  29     2.75       2       3      0   2880
  31     3.00       3       3      0   1440
  33     3.27       3       4      0   2640
  37     4.20       4       5      0   3600
  41     4.00       4       4      0    720
  43     5.00       5       5      0   1440
  45     5.00       5       5      0    480

======================================================================
PART 4: HC/HP RATIO = PROBABILITY OF CLOSING THE PATH
======================================================================
  H= 1: mean(C*n/H) = 0.0000 (0.0%)
  H= 3: mean(C*n/H) = 0.0000 (0.0%)
  H= 5: mean(C*n/H) = 0.0000 (0.0%)
  H= 9: mean(C*n/H) = 0.0000 (0.0%)
  H=11: mean(C*n/H) = 0.0000 (0.0%)
  H=13: mean(C*n/H) = 0.0000 (0.0%)
  H=15: mean(C*n/H) = 0.2609 (26.1%)
  H=17: mean(C*n/H) = 0.3529 (35.3%)
  H=19: mean(C*n/H) = 0.3158 (31.6%)
  H=23: mean(C*n/H) = 0.3913 (39.1%)
  H=25: mean(C*n/H) = 0.4800 (48.0%)
  H=27: mean(C*n/H) = 0.6667 (66.7%)
  H=29: mean(C*n/H) = 0.5690 (56.9%)
  H=31: mean(C*n/H) = 0.5806 (58.1%)
  H=33: mean(C*n/H) = 0.5950 (59.5%)
  H=37: mean(C*n/H) = 0.6811 (68.1%)
  H=41: mean(C*n/H) = 0.5854 (58.5%)
  H=43: mean(C*n/H) = 0.6977 (69.8%)
  H=45: mean(C*n/H) = 0.6667 (66.7%)

======================================================================
SYNTHESIS — HC THRESHOLD
======================================================================

At n=5: HC threshold = H=9 = 3² (SHARP: all H≥9 have HC, all H<9 don't)
At n=6: Threshold behavior analyzed above.

Key questions answered:
1. Is there a sharp threshold at n=6?
2. How does the number of HCs scale with H?
3. What fraction of HPs can be closed to cycles?

