======================================================================
I(Ω, -1) ≤ 0: EXHAUSTIVE CHECK
======================================================================

  n=3: 8 tournaments
    I(-1) range: [0, 1]
    I(-1) > 0: 6 (violations)
    I(-1) = 0: 2
    I(-1) < 0: 0

  n=4: 64 tournaments
    I(-1) range: [-1, 1]
    I(-1) > 0: 24 (violations)
    I(-1) = 0: 16
    I(-1) < 0: 24

  n=5: 1024 tournaments
    I(-1) range: [-6, 1]
    I(-1) > 0: 120 (violations)
    I(-1) = 0: 120
    I(-1) < 0: 784

  n=6: 32768 tournaments
    I(-1) range: [-18, 1]
    I(-1) > 0: 720 (violations)
    I(-1) = 0: 1040
    I(-1) < 0: 31008

======================================================================
I(Ω, -1) ≤ 0: SAMPLE CHECK AT n=7,8
======================================================================

  n=7: 2000 samples
    I(-1) range: [-57, 1]
    I(-1) > 0: 5 (violations)
    I(-1) = 0: 9
    I(-1) < 0: 1986

  n=8: 500 samples
    I(-1) range: [-158, -6]
    I(-1) > 0: 0 (violations)
    I(-1) = 0: 0
    I(-1) < 0: 500

======================================================================
WHEN IS I(-1) = 0?
======================================================================
  n=5, bits=2: I(-1)=0, dc3=1, dc5=0, α₁=1, α₂=0, H=3, score=(1, 1, 1, 3, 4)
  n=5, bits=5: I(-1)=0, dc3=1, dc5=0, α₁=1, α₂=0, H=3, score=(0, 2, 2, 2, 4)
  n=5, bits=11: I(-1)=0, dc3=1, dc5=0, α₁=1, α₂=0, H=3, score=(0, 1, 3, 3, 3)
  n=5, bits=17: I(-1)=0, dc3=1, dc5=0, α₁=1, α₂=0, H=3, score=(1, 1, 1, 3, 4)
  n=5, bits=22: I(-1)=0, dc3=1, dc5=0, α₁=1, α₂=0, H=3, score=(0, 2, 2, 2, 4)
  n=5, bits=27: I(-1)=0, dc3=1, dc5=0, α₁=1, α₂=0, H=3, score=(0, 1, 3, 3, 3)
  n=5, bits=32: I(-1)=0, dc3=1, dc5=0, α₁=1, α₂=0, H=3, score=(0, 2, 2, 2, 4)
  n=5, bits=39: I(-1)=0, dc3=1, dc5=0, α₁=1, α₂=0, H=3, score=(1, 1, 1, 3, 4)
  n=5, bits=47: I(-1)=0, dc3=1, dc5=0, α₁=1, α₂=0, H=3, score=(1, 1, 1, 3, 4)
  n=5, bits=51: I(-1)=0, dc3=1, dc5=0, α₁=1, α₂=0, H=3, score=(0, 2, 2, 2, 4)
  n=5, bits=52: I(-1)=0, dc3=1, dc5=0, α₁=1, α₂=0, H=3, score=(1, 1, 1, 3, 4)
  n=5, bits=62: I(-1)=0, dc3=1, dc5=0, α₁=1, α₂=0, H=3, score=(0, 1, 3, 3, 3)
  n=5, bits=80: I(-1)=0, dc3=1, dc5=0, α₁=1, α₂=0, H=3, score=(0, 1, 3, 3, 3)
  n=5, bits=82: I(-1)=0, dc3=1, dc5=0, α₁=1, α₂=0, H=3, score=(0, 1, 3, 3, 3)
  n=5, bits=95: I(-1)=0, dc3=1, dc5=0, α₁=1, α₂=0, H=3, score=(0, 2, 2, 2, 4)
  n=5, bits=116: I(-1)=0, dc3=1, dc5=0, α₁=1, α₂=0, H=3, score=(1, 1, 1, 3, 4)
  n=5, bits=119: I(-1)=0, dc3=1, dc5=0, α₁=1, α₂=0, H=3, score=(0, 1, 3, 3, 3)
  n=5, bits=122: I(-1)=0, dc3=1, dc5=0, α₁=1, α₂=0, H=3, score=(0, 2, 2, 2, 4)
  n=5, bits=131: I(-1)=0, dc3=1, dc5=0, α₁=1, α₂=0, H=3, score=(0, 2, 2, 2, 4)
  n=5, bits=132: I(-1)=0, dc3=1, dc5=0, α₁=1, α₂=0, H=3, score=(1, 1, 1, 3, 4)
  n=5, bits=141: I(-1)=0, dc3=1, dc5=0, α₁=1, α₂=0, H=3, score=(0, 1, 3, 3, 3)
  n=5, bits=144: I(-1)=0, dc3=1, dc5=0, α₁=1, α₂=0, H=3, score=(0, 2, 2, 2, 4)
  n=5, bits=151: I(-1)=0, dc3=1, dc5=0, α₁=1, α₂=0, H=3, score=(1, 1, 1, 3, 4)
  n=5, bits=159: I(-1)=0, dc3=1, dc5=0, α₁=1, α₂=0, H=3, score=(1, 1, 1, 3, 4)
  n=5, bits=161: I(-1)=0, dc3=1, dc5=0, α₁=1, α₂=0, H=3, score=(1, 1, 1, 3, 4)
  n=5, bits=166: I(-1)=0, dc3=1, dc5=0, α₁=1, α₂=0, H=3, score=(0, 2, 2, 2, 4)
  n=5, bits=173: I(-1)=0, dc3=1, dc5=0, α₁=1, α₂=0, H=3, score=(0, 1, 3, 3, 3)
  n=5, bits=178: I(-1)=0, dc3=1, dc5=0, α₁=1, α₂=0, H=3, score=(1, 1, 1, 3, 4)
  n=5, bits=181: I(-1)=0, dc3=1, dc5=0, α₁=1, α₂=0, H=3, score=(0, 2, 2, 2, 4)
  n=5, bits=190: I(-1)=0, dc3=1, dc5=0, α₁=1, α₂=0, H=3, score=(0, 1, 3, 3, 3)
  n=5, bits=224: I(-1)=0, dc3=1, dc5=0, α₁=1, α₂=0, H=3, score=(0, 1, 3, 3, 3)
  n=5, bits=228: I(-1)=0, dc3=1, dc5=0, α₁=1, α₂=0, H=3, score=(0, 1, 3, 3, 3)
  n=5, bits=239: I(-1)=0, dc3=1, dc5=0, α₁=1, α₂=0, H=3, score=(0, 2, 2, 2, 4)
  n=5, bits=242: I(-1)=0, dc3=1, dc5=0, α₁=1, α₂=0, H=3, score=(1, 1, 1, 3, 4)
  n=5, bits=247: I(-1)=0, dc3=1, dc5=0, α₁=1, α₂=0, H=3, score=(0, 1, 3, 3, 3)
  n=5, bits=252: I(-1)=0, dc3=1, dc5=0, α₁=1, α₂=0, H=3, score=(0, 2, 2, 2, 4)
  n=5, bits=256: I(-1)=0, dc3=1, dc5=0, α₁=1, α₂=0, H=3, score=(0, 1, 3, 3, 3)
  n=5, bits=257: I(-1)=0, dc3=1, dc5=0, α₁=1, α₂=0, H=3, score=(0, 1, 3, 3, 3)
  n=5, bits=271: I(-1)=0, dc3=1, dc5=0, α₁=1, α₂=0, H=3, score=(0, 2, 2, 2, 4)
  n=5, bits=368: I(-1)=0, dc3=1, dc5=0, α₁=1, α₂=0, H=3, score=(0, 2, 2, 2, 4)
  n=5, bits=382: I(-1)=0, dc3=1, dc5=0, α₁=1, α₂=0, H=3, score=(1, 1, 1, 3, 4)
  n=5, bits=383: I(-1)=0, dc3=1, dc5=0, α₁=1, α₂=0, H=3, score=(1, 1, 1, 3, 4)
  n=5, bits=388: I(-1)=0, dc3=1, dc5=0, α₁=1, α₂=0, H=3, score=(1, 1, 1, 3, 4)
  n=5, bits=391: I(-1)=0, dc3=1, dc5=0, α₁=1, α₂=0, H=3, score=(0, 1, 3, 3, 3)
  n=5, bits=393: I(-1)=0, dc3=1, dc5=0, α₁=1, α₂=0, H=3, score=(0, 2, 2, 2, 4)
  n=5, bits=417: I(-1)=0, dc3=1, dc5=0, α₁=1, α₂=0, H=3, score=(1, 1, 1, 3, 4)
  n=5, bits=423: I(-1)=0, dc3=1, dc5=0, α₁=1, α₂=0, H=3, score=(0, 1, 3, 3, 3)
  n=5, bits=428: I(-1)=0, dc3=1, dc5=0, α₁=1, α₂=0, H=3, score=(0, 2, 2, 2, 4)
  n=5, bits=432: I(-1)=0, dc3=1, dc5=0, α₁=1, α₂=0, H=3, score=(0, 1, 3, 3, 3)
  n=5, bits=436: I(-1)=0, dc3=1, dc5=0, α₁=1, α₂=0, H=3, score=(0, 1, 3, 3, 3)
  n=5, bits=447: I(-1)=0, dc3=1, dc5=0, α₁=1, α₂=0, H=3, score=(0, 2, 2, 2, 4)
  n=5, bits=448: I(-1)=0, dc3=1, dc5=0, α₁=1, α₂=0, H=3, score=(0, 2, 2, 2, 4)
  n=5, bits=461: I(-1)=0, dc3=1, dc5=0, α₁=1, α₂=0, H=3, score=(1, 1, 1, 3, 4)
  n=5, bits=463: I(-1)=0, dc3=1, dc5=0, α₁=1, α₂=0, H=3, score=(1, 1, 1, 3, 4)
  n=5, bits=485: I(-1)=0, dc3=1, dc5=0, α₁=1, α₂=0, H=3, score=(0, 2, 2, 2, 4)
  n=5, bits=488: I(-1)=0, dc3=1, dc5=0, α₁=1, α₂=0, H=3, score=(1, 1, 1, 3, 4)
  n=5, bits=494: I(-1)=0, dc3=1, dc5=0, α₁=1, α₂=0, H=3, score=(0, 1, 3, 3, 3)
  n=5, bits=502: I(-1)=0, dc3=1, dc5=0, α₁=1, α₂=0, H=3, score=(0, 2, 2, 2, 4)
  n=5, bits=504: I(-1)=0, dc3=1, dc5=0, α₁=1, α₂=0, H=3, score=(1, 1, 1, 3, 4)
  n=5, bits=509: I(-1)=0, dc3=1, dc5=0, α₁=1, α₂=0, H=3, score=(0, 1, 3, 3, 3)
  n=5, bits=514: I(-1)=0, dc3=1, dc5=0, α₁=1, α₂=0, H=3, score=(1, 1, 1, 3, 4)
  n=5, bits=519: I(-1)=0, dc3=1, dc5=0, α₁=1, α₂=0, H=3, score=(0, 1, 3, 3, 3)
  n=5, bits=521: I(-1)=0, dc3=1, dc5=0, α₁=1, α₂=0, H=3, score=(0, 2, 2, 2, 4)
  n=5, bits=529: I(-1)=0, dc3=1, dc5=0, α₁=1, α₂=0, H=3, score=(1, 1, 1, 3, 4)
  n=5, bits=535: I(-1)=0, dc3=1, dc5=0, α₁=1, α₂=0, H=3, score=(0, 1, 3, 3, 3)
  n=5, bits=538: I(-1)=0, dc3=1, dc5=0, α₁=1, α₂=0, H=3, score=(0, 2, 2, 2, 4)
  n=5, bits=560: I(-1)=0, dc3=1, dc5=0, α₁=1, α₂=0, H=3, score=(0, 1, 3, 3, 3)
  n=5, bits=562: I(-1)=0, dc3=1, dc5=0, α₁=1, α₂=0, H=3, score=(0, 1, 3, 3, 3)
  n=5, bits=575: I(-1)=0, dc3=1, dc5=0, α₁=1, α₂=0, H=3, score=(0, 2, 2, 2, 4)
  n=5, bits=576: I(-1)=0, dc3=1, dc5=0, α₁=1, α₂=0, H=3, score=(0, 2, 2, 2, 4)
  n=5, bits=587: I(-1)=0, dc3=1, dc5=0, α₁=1, α₂=0, H=3, score=(1, 1, 1, 3, 4)
  n=5, bits=591: I(-1)=0, dc3=1, dc5=0, α₁=1, α₂=0, H=3, score=(1, 1, 1, 3, 4)
  n=5, bits=595: I(-1)=0, dc3=1, dc5=0, α₁=1, α₂=0, H=3, score=(0, 2, 2, 2, 4)
  n=5, bits=600: I(-1)=0, dc3=1, dc5=0, α₁=1, α₂=0, H=3, score=(1, 1, 1, 3, 4)
  n=5, bits=606: I(-1)=0, dc3=1, dc5=0, α₁=1, α₂=0, H=3, score=(0, 1, 3, 3, 3)
  n=5, bits=630: I(-1)=0, dc3=1, dc5=0, α₁=1, α₂=0, H=3, score=(0, 2, 2, 2, 4)
  n=5, bits=632: I(-1)=0, dc3=1, dc5=0, α₁=1, α₂=0, H=3, score=(1, 1, 1, 3, 4)
  n=5, bits=635: I(-1)=0, dc3=1, dc5=0, α₁=1, α₂=0, H=3, score=(0, 1, 3, 3, 3)
  n=5, bits=640: I(-1)=0, dc3=1, dc5=0, α₁=1, α₂=0, H=3, score=(0, 1, 3, 3, 3)
  n=5, bits=641: I(-1)=0, dc3=1, dc5=0, α₁=1, α₂=0, H=3, score=(0, 1, 3, 3, 3)
  n=5, bits=655: I(-1)=0, dc3=1, dc5=0, α₁=1, α₂=0, H=3, score=(0, 2, 2, 2, 4)
  n=5, bits=752: I(-1)=0, dc3=1, dc5=0, α₁=1, α₂=0, H=3, score=(0, 2, 2, 2, 4)
  n=5, bits=766: I(-1)=0, dc3=1, dc5=0, α₁=1, α₂=0, H=3, score=(1, 1, 1, 3, 4)
  n=5, bits=767: I(-1)=0, dc3=1, dc5=0, α₁=1, α₂=0, H=3, score=(1, 1, 1, 3, 4)
  n=5, bits=771: I(-1)=0, dc3=1, dc5=0, α₁=1, α₂=0, H=3, score=(0, 2, 2, 2, 4)
  n=5, bits=776: I(-1)=0, dc3=1, dc5=0, α₁=1, α₂=0, H=3, score=(1, 1, 1, 3, 4)
  n=5, bits=781: I(-1)=0, dc3=1, dc5=0, α₁=1, α₂=0, H=3, score=(0, 1, 3, 3, 3)
  n=5, bits=784: I(-1)=0, dc3=1, dc5=0, α₁=1, α₂=0, H=3, score=(0, 2, 2, 2, 4)
  n=5, bits=795: I(-1)=0, dc3=1, dc5=0, α₁=1, α₂=0, H=3, score=(1, 1, 1, 3, 4)
  n=5, bits=799: I(-1)=0, dc3=1, dc5=0, α₁=1, α₂=0, H=3, score=(1, 1, 1, 3, 4)
  n=5, bits=833: I(-1)=0, dc3=1, dc5=0, α₁=1, α₂=0, H=3, score=(1, 1, 1, 3, 4)
  n=5, bits=842: I(-1)=0, dc3=1, dc5=0, α₁=1, α₂=0, H=3, score=(0, 2, 2, 2, 4)
  n=5, bits=845: I(-1)=0, dc3=1, dc5=0, α₁=1, α₂=0, H=3, score=(0, 1, 3, 3, 3)
  n=5, bits=850: I(-1)=0, dc3=1, dc5=0, α₁=1, α₂=0, H=3, score=(1, 1, 1, 3, 4)
  n=5, bits=857: I(-1)=0, dc3=1, dc5=0, α₁=1, α₂=0, H=3, score=(0, 2, 2, 2, 4)
  n=5, bits=862: I(-1)=0, dc3=1, dc5=0, α₁=1, α₂=0, H=3, score=(0, 1, 3, 3, 3)
  n=5, bits=864: I(-1)=0, dc3=1, dc5=0, α₁=1, α₂=0, H=3, score=(0, 1, 3, 3, 3)
  n=5, bits=872: I(-1)=0, dc3=1, dc5=0, α₁=1, α₂=0, H=3, score=(0, 1, 3, 3, 3)
  n=5, bits=879: I(-1)=0, dc3=1, dc5=0, α₁=1, α₂=0, H=3, score=(0, 2, 2, 2, 4)
  n=5, bits=882: I(-1)=0, dc3=1, dc5=0, α₁=1, α₂=0, H=3, score=(1, 1, 1, 3, 4)
  n=5, bits=891: I(-1)=0, dc3=1, dc5=0, α₁=1, α₂=0, H=3, score=(0, 1, 3, 3, 3)
  n=5, bits=892: I(-1)=0, dc3=1, dc5=0, α₁=1, α₂=0, H=3, score=(0, 2, 2, 2, 4)
  n=5, bits=901: I(-1)=0, dc3=1, dc5=0, α₁=1, α₂=0, H=3, score=(0, 2, 2, 2, 4)
  n=5, bits=904: I(-1)=0, dc3=1, dc5=0, α₁=1, α₂=0, H=3, score=(1, 1, 1, 3, 4)
  n=5, bits=907: I(-1)=0, dc3=1, dc5=0, α₁=1, α₂=0, H=3, score=(0, 1, 3, 3, 3)
  n=5, bits=928: I(-1)=0, dc3=1, dc5=0, α₁=1, α₂=0, H=3, score=(0, 2, 2, 2, 4)
  n=5, bits=941: I(-1)=0, dc3=1, dc5=0, α₁=1, α₂=0, H=3, score=(1, 1, 1, 3, 4)
  n=5, bits=943: I(-1)=0, dc3=1, dc5=0, α₁=1, α₂=0, H=3, score=(1, 1, 1, 3, 4)
  n=5, bits=961: I(-1)=0, dc3=1, dc5=0, α₁=1, α₂=0, H=3, score=(1, 1, 1, 3, 4)
  n=5, bits=971: I(-1)=0, dc3=1, dc5=0, α₁=1, α₂=0, H=3, score=(0, 1, 3, 3, 3)
  n=5, bits=972: I(-1)=0, dc3=1, dc5=0, α₁=1, α₂=0, H=3, score=(0, 2, 2, 2, 4)
  n=5, bits=976: I(-1)=0, dc3=1, dc5=0, α₁=1, α₂=0, H=3, score=(0, 1, 3, 3, 3)
  n=5, bits=984: I(-1)=0, dc3=1, dc5=0, α₁=1, α₂=0, H=3, score=(0, 1, 3, 3, 3)
  n=5, bits=991: I(-1)=0, dc3=1, dc5=0, α₁=1, α₂=0, H=3, score=(0, 2, 2, 2, 4)
  n=5, bits=996: I(-1)=0, dc3=1, dc5=0, α₁=1, α₂=0, H=3, score=(1, 1, 1, 3, 4)
  n=5, bits=1001: I(-1)=0, dc3=1, dc5=0, α₁=1, α₂=0, H=3, score=(0, 2, 2, 2, 4)
  n=5, bits=1006: I(-1)=0, dc3=1, dc5=0, α₁=1, α₂=0, H=3, score=(0, 1, 3, 3, 3)
  n=5, bits=1012: I(-1)=0, dc3=1, dc5=0, α₁=1, α₂=0, H=3, score=(1, 1, 1, 3, 4)
  n=5, bits=1018: I(-1)=0, dc3=1, dc5=0, α₁=1, α₂=0, H=3, score=(0, 2, 2, 2, 4)
  n=5, bits=1021: I(-1)=0, dc3=1, dc5=0, α₁=1, α₂=0, H=3, score=(0, 1, 3, 3, 3)
  n=6, bits=2: I(-1)=0, α₁=1, α₂=0, H=3, score=(1, 1, 1, 3, 4, 5)
  n=6, bits=5: I(-1)=0, α₁=1, α₂=0, H=3, score=(0, 2, 2, 2, 4, 5)
  n=6, bits=11: I(-1)=0, α₁=1, α₂=0, H=3, score=(0, 1, 3, 3, 3, 5)
  n=6, bits=23: I(-1)=0, α₁=1, α₂=0, H=3, score=(0, 1, 2, 4, 4, 4)
  n=6, bits=33: I(-1)=0, α₁=1, α₂=0, H=3, score=(1, 1, 1, 3, 4, 5)
  n=6: 1040 total with I(-1)=0

======================================================================
PROOF SKETCH: I(Ω, -1) ≤ 0
======================================================================

  CLAIM: For any tournament T on n vertices, I(Ω(T), -1) ≤ 0.

  Equivalent to: α₁ ≥ α₂ + 1 when α₃ = 0.
  Or: #(directed odd cycles) > #(vertex-disjoint cycle pairs).

  PROOF IDEA (for n ≤ 8 where α₃ = 0):

  α₁ = total number of directed odd cycles.
  α₂ = number of vertex-disjoint pairs of directed odd cycles.

  Each disjoint pair {C, C'} uses two distinct cycles C and C'.
  The number of pairs is at most C(α₁, 2) = α₁(α₁-1)/2.
  But we need the STRONGER bound: α₂ ≤ α₁ - 1.

  This would follow if we could show that the "disjointness graph"
  (where vertices = directed cycles, edges = disjoint pairs)
  has at most |V|-1 = α₁-1 edges.

  But this is NOT always true! At n=7 with α₁=80 and α₂=14,
  we have α₂ << α₁ - 1 = 79.

  Actually, the bound α₂ ≤ α₁ - 1 IS true (from exhaustive data):
  - n=5: α₂=0, α₁≥0. Need α₁≥1 when α₂=0: TRUE except transitive
    (transitive: α₁=0, I(-1)=1 > 0!) Wait — let me recheck.

  WAIT: The transitive tournament at n=3 has dc3=0, α₁=0, α₂=0.
  I(-1) = 1 - 0 + 0 = 1 > 0!

  So I(-1) CAN be positive (=1) when the tournament is transitive!
  Let me re-verify...

  RECHECK n=3:
    bits=0: dc3=0, α₁=0, I(-1)=1, H=1, score=(0, 1, 2)
    bits=1: dc3=0, α₁=0, I(-1)=1, H=1, score=(0, 1, 2)
    bits=2: dc3=1, α₁=1, I(-1)=0, H=3, score=(1, 1, 1)
    bits=3: dc3=0, α₁=0, I(-1)=1, H=1, score=(0, 1, 2)
    bits=4: dc3=0, α₁=0, I(-1)=1, H=1, score=(0, 1, 2)
    bits=5: dc3=1, α₁=1, I(-1)=0, H=3, score=(1, 1, 1)
    bits=6: dc3=0, α₁=0, I(-1)=1, H=1, score=(0, 1, 2)
    bits=7: dc3=0, α₁=0, I(-1)=1, H=1, score=(0, 1, 2)

  Hmm, at n=3: transitive (dc3=0) has I(-1)=1 > 0!
  At n=3: cyclic (dc3=1) has I(-1)=0.
  So I(-1) > 0 IS possible — for transitive tournaments!
  The claim I(-1) ≤ 0 is FALSE at n=3 and n=4.

  Let's check: at what n does I(-1) become ≤ 0 for ALL tournaments?

Done.
