======================================================================
I(Ω, k) HIERARCHY AT k = 2, 3, 5
======================================================================

--- n=5: I(Ω, k) for k=2,3,5 ---
  I(Ω,2) values (= H): [1, 3, 5, 9, 11, 13, 15]
  I(Ω,3) values: [1, 4, 7, 13, 16, 19, 22]
  I(Ω,5) values: [1, 6, 11, 21, 26, 31, 36]

  I(Ω,3) gaps (missing integers): [2, 3, 5, 6, 8, 9, 10, 11, 12, 14, 15, 17, 18, 20, 21]
  I(Ω,5) gaps (first 20): [2, 3, 4, 5, 7, 8, 9, 10, 12, 13, 14, 15, 16, 17, 18, 19, 20, 22, 23, 24]

  I(Ω,3) = 10: MISSING
  I(Ω,3) = 28: MISSING

  (H, I(Ω,3)) pairs:
    H=  1: I(Ω,3) ∈ [1]
    H=  3: I(Ω,3) ∈ [4]
    H=  5: I(Ω,3) ∈ [7]
    H=  9: I(Ω,3) ∈ [13]
    H= 11: I(Ω,3) ∈ [16]
    H= 13: I(Ω,3) ∈ [19]
    H= 15: I(Ω,3) ∈ [22]

--- n=6: I(Ω, k) for k=2,3 ---
  I(Ω,2) achievable: [1, 3, 5, 9, 11, 13, 15, 17, 19, 23, 25, 27, 29, 31, 33, 37, 41, 43, 45]
  I(Ω,3) achievable: [1, 4, 7, 13, 16, 19, 22, 25, 28, 34, 37, 43, 46, 49, 52, 55, 58, 61, 67, 70, 79]

  I(Ω,3) gaps at n=6: [2, 3, 5, 6, 8, 9, 10, 11, 12, 14, 15, 17, 18, 20, 21, 23, 24, 26, 27, 29]

  I(Ω,3) = 10 at n=6: NO
  I(Ω,3) = 31 at n=6: NO
