  0/5000...
  500/5000...
  1000/5000...
  1500/5000...
  2000/5000...
  2500/5000...
  3000/5000...
  3500/5000...
  4000/5000...
  4500/5000...
  0/100...
  10/100...
  20/100...
  30/100...
  40/100...
  50/100...
  60/100...
  70/100...
  80/100...
  90/100...
============================================================
N=9 LARGE SAMPLE: 5000 tournaments
============================================================

n=9: 0/5000 mismatches (62.5s)
*** ALL MATCH at n=9! ***

============================================================
N=10 SMALL SAMPLE: 100 tournaments
Testing H = 1 + 2*Σt + 4*(d33+d35+d37+d55) + 8*d333
============================================================
  MISMATCH #1: H=5333, pred=5537, diff=-204, t3=28 t5=173 t7=566 t9=575 d33=106 d35=359 d37=98 d55=102 d333=24
  MISMATCH #2: H=2901, pred=2969, diff=-68, t3=24 t5=124 t7=334 t9=260 d33=74 d35=195 d37=42 d55=34 d333=13
  MISMATCH #3: H=3573, pred=3705, diff=-132, t3=25 t5=143 t7=434 t9=366 d33=81 d35=237 d37=42 d55=66 d333=8
  MISMATCH #4: H=8629, pred=8981, diff=-352, t3=33 t5=216 t7=805 t9=966 d33=157 d35=580 d37=212 d55=176 d333=55
  MISMATCH #5: H=5485, pred=5661, diff=-176, t3=28 t5=165 t7=551 t9=572 d33=112 d35=361 d37=124 d55=88 d333=36

n=10: 97/100 mismatches (8.4s)
Collecting residuals...
