P_19: m=9, QR=[1, 4, 5, 6, 7, 9, 11, 16, 17]
  d=1: A=9 (0.0s)
  d=2: A=81 (0.0s)
  d=3: A=684 (0.0s)
  d=4: A=5436 (0.0s)
  d=5: A=40284 (0.2s)
  d=6: A=277236 (1.4s)
  d=7: A=1759914 (11.7s)
  d=1: constraint rank (A=9, junk=0)...
    Ω_1 = 9
    combined rank (0+1 rows)...
    rank(∂_1) = 0 (12.2s)
  d=2: constraint rank (A=81, junk=9)...
    Ω_2 = 72
    combined rank (9+9 rows)...
    rank(∂_2) = 9 (12.6s)
  d=3: constraint rank (A=684, junk=144)...
    Ω_3 = 540
    combined rank (144+81 rows)...
    rank(∂_3) = 63 (13.1s)
  d=4: constraint rank (A=5436, junk=1764)...
    Ω_4 = 3753
    combined rank (1764+684 rows)...
    rank(∂_4) = 477 (34.4s)
  d=5: constraint rank (A=40284, junk=18216)...
    Ω_5 = 23832
    combined rank (18216+5436 rows)...
