  n=3: E[H] = 3!/2^2 = 1.50
         max H = 3
         ratio max/mean = 2.000
  n=4: E[H] = 4!/2^3 = 3.00
         max H = 5
         ratio max/mean = 1.667
  n=5: E[H] = 5!/2^4 = 7.50
         max H = 15
         ratio max/mean = 2.000
  n=6: E[H] = 6!/2^5 = 22.50
         max H = 45
         ratio max/mean = 2.000
  n=7: E[H] = 7!/2^6 = 78.75
         max H = 189
         ratio max/mean = 2.400
  n=8: E[H] = 8!/2^7 = 315.00
  n=9: E[H] = 9!/2^8 = 1417.50

SUMMARY OF CONNECTIONS:

1. k-nacci -> 2 (digraph limit, binary per arc)
   Weighted k-nacci (w=2) -> 3 (tournament limit, ternary per ind. cycle)

2. Simplex (x+1)^m at x=2 = 3^m = Cuboid (x+2)^m at x=1
   This is NOT a coincidence: the OCF evaluates at x=2,
   mapping the independence simplex to a cuboid count.

3. H = I(Omega,2) packs an m-simplex (m cycles) into constraints.
   Edgeless Omega: H = 3^m (full cuboid, block-transitive tournaments)
   Complete Omega: H = 1+2m (squeezed to linear)
   General Omega: between these extremes.

4. Powers of 3 are cuboid H values: H = 3^k for k disjoint 3-cycles.
   The missing values {7, 21, 63} = 7*{1, 3, 9} = 7*3^k
   are the ANTI-CUBOID values: they require K3 in Omega,
   which is structurally impossible.

5. Tournament constraint (x_ij + x_ji = 1) converts simplex to cuboid.
   The odd-cycle structure of Omega encodes HOW the simplex is packed.
   I(Omega,2) = size of the packed structure = H(T).
