======================================================================
KNOT-TOURNAMENT BRIDGE v2 — kind-pasteur-2026-03-14-S69
======================================================================
======================================================================
PART 1: DELETION-CONTRACTION (SKEIN RELATION) VERIFICATION
  THM-082: H(T) = H(T\e) + H(T/e)
======================================================================

--- n = 3 ---
  FAIL: arc (0,2), H=1, H_del=1, H_con=2
  FAIL: arc (1,2), H=1, H_del=1, H_con=2
  FAIL: arc (0,1), H=3, H_del=1, H_con=0
  FAIL: arc (1,2), H=3, H_del=1, H_con=0
  FAIL: arc (2,0), H=3, H_del=1, H_con=0
  Total checks: 24, failures: 12

--- n = 4 ---
  FAIL: arc (0,2), H=1, H_del=1, H_con=2
  FAIL: arc (0,3), H=1, H_del=1, H_con=4
  FAIL: arc (1,3), H=1, H_del=1, H_con=2
  FAIL: arc (0,3), H=1, H_del=1, H_con=2
  FAIL: arc (1,2), H=1, H_del=1, H_con=2
  Total checks: 384, failures: 240

--- n = 5 ---
  FAIL: arc (0,2), H=1, H_del=1, H_con=2
  FAIL: arc (0,3), H=1, H_del=1, H_con=4
  FAIL: arc (0,4), H=1, H_del=1, H_con=8
  FAIL: arc (1,3), H=1, H_del=1, H_con=2
  FAIL: arc (1,4), H=1, H_del=1, H_con=4
  Total checks: 10240, failures: 8000

======================================================================
PART 2: ARC-FLIP SKEIN RELATION
  F(T+,x) - F(T-,x) = (x-1) * D(x)
  where D(x) = F(T+/e, x) - F(T-/e', x)
======================================================================

--- n = 3 ---
  arc (0,1): diff={1: -1, 2: 1}, D={}
    skein match: False, D anti-palindrome: True
  arc (0,2): diff={1: -2}, D={0: 1, 1: 1}
    skein match: False, D anti-palindrome: False
  arc (1,2): diff={1: -1, 2: 1}, D={}
    skein match: False, D anti-palindrome: True
  arc (0,1): diff={1: 1, 2: -1}, D={}
    skein match: False, D anti-palindrome: True
  arc (0,2): diff={}, D={}
    skein match: True, D anti-palindrome: True
  Total flips: 24
  D anti-palindromic: 12/24

--- n = 4 ---
  arc (0,1): diff={2: -1, 3: 1}, D={}
    skein match: False, D anti-palindrome: True
  arc (0,2): diff={2: -2}, D={1: 1, 2: 1}
    skein match: False, D anti-palindrome: False
  arc (0,3): diff={2: -4}, D={1: 3, 2: 1}
    skein match: False, D anti-palindrome: False
  arc (1,2): diff={2: -1, 3: 1}, D={}
    skein match: False, D anti-palindrome: True
  arc (1,3): diff={2: -2}, D={1: 2}
    skein match: False, D anti-palindrome: False
  Total flips: 306
  D anti-palindromic: 72/306

--- n = 5 ---
  arc (0,1): diff={3: -1, 4: 1}, D={}
    skein match: False, D anti-palindrome: True
  arc (0,2): diff={3: -2}, D={2: 1, 3: 1}
    skein match: False, D anti-palindrome: False
  arc (0,3): diff={3: -4}, D={2: 3, 3: 1}
    skein match: False, D anti-palindrome: False
  arc (0,4): diff={3: -8}, D={2: 7, 3: 1}
    skein match: False, D anti-palindrome: False
  arc (1,2): diff={3: -1, 4: 1}, D={}
    skein match: False, D anti-palindrome: True
  Total flips: 510
  D anti-palindromic: 106/510

======================================================================
PART 3: TRANSFER MATRIX EIGENVALUE STRUCTURE
  M = transfer matrix, eigenvalues, det, trace
======================================================================

--- n = 3 ---
  H=  1: det(M) in [0], tr(M) in [0], sym={False}, top_eig in [np.float64(0.0)], count=6
  H=  3: det(M) in [1], tr(M) in [0], sym={False}, top_eig in [np.float64(-0.5)], count=2

--- n = 4 ---
  H=  1: det(M) in [0], tr(M) in [0], sym={False}, top_eig in [np.float64(0.0)], count=24
  H=  3: det(M) in [0], tr(M) in [0], sym={False}, top_eig in [np.float64(0.0)], count=16
  H=  5: det(M) in [-1], tr(M) in [0], sym={False}, top_eig in [np.float64(1.272)], count=24

--- n = 5 ---
  H=  1: det(M) in [0], tr(M) in [0], sym={False}, top_eig in [np.float64(0.0)], count=120
  H=  3: det(M) in [0], tr(M) in [0], sym={False}, top_eig in [np.float64(0.0)], count=120
  H=  5: det(M) in [0], tr(M) in [0], sym={False}, top_eig in [np.float64(0.0)], count=240
  H=  9: det(M) in [1], tr(M) in [0], sym={False}, top_eig in [np.float64(1.666), np.float64(1.809)], count=240
  H= 11: det(M) in [1], tr(M) in [0], sym={False}, top_eig in [np.float64(2.027)], count=120
  H= 13: det(M) in [8], tr(M) in [0], sym={False}, top_eig in [np.float64(2.518)], count=120
  H= 15: det(M) in [3, 36], tr(M) in [0], sym={False}, top_eig in [np.float64(3.0)], count=64

======================================================================
PART 4: TOURNAMENT ALEXANDER POLYNOMIAL det(t*M - M^T)
  Deeper analysis: palindrome, roots, relation to H
======================================================================

--- n = 3 ---
  H=  1: 1 distinct Alex polys
      [0, 0, 0, 0, 0] [PALINDROME] a(1)=0, a(-1)=0
  H=  3: 1 distinct Alex polys
      [-1, 0, 0, 1, 0] [neither] a(1)=0, a(-1)=-2

--- n = 4 ---
  H=  1: 1 distinct Alex polys
      [0, 0, 0, 0, 0, 0] [PALINDROME] a(1)=0, a(-1)=0
  H=  3: 1 distinct Alex polys
      [0, 0, 0, 0, 0, 0] [PALINDROME] a(1)=0, a(-1)=0
  H=  5: 1 distinct Alex polys
      [-1, 0, 3, 0, -1, 0] [neither] a(1)=1, a(-1)=1

--- n = 5 ---
  H=  1: 1 distinct Alex polys
      [0, 0, 0, 0, 0, 0, 0] [PALINDROME] a(1)=0, a(-1)=0
  H=  3: 1 distinct Alex polys
      [0, 0, 0, 0, 0, 0, 0] [PALINDROME] a(1)=0, a(-1)=0
  H=  5: 1 distinct Alex polys
      [0, 0, 0, 0, 0, 0, 0] [PALINDROME] a(1)=0, a(-1)=0
  H=  9: 2 distinct Alex polys
      [-1, -2, 3, -3, 2, 1, 0] [neither] a(1)=0, a(-1)=8
      [-1, 0, 5, -5, 0, 1, 0] [neither] a(1)=0, a(-1)=8
  H= 11: 1 distinct Alex polys
      [-1, 0, 3, -3, 0, 1, 0] [neither] a(1)=0, a(-1)=4
  H= 13: 1 distinct Alex polys
      [-8, -13, -8, 8, 13, 8, 0] [neither] a(1)=0, a(-1)=-6
  H= 15: 2 distinct Alex polys
      [-36, -108, -36, 36, 108, 36, 0] [neither] a(1)=0, a(-1)=72
      [-3, 0, 0, 0, 0, 3, 0] [neither] a(1)=0, a(-1)=-6

======================================================================
PART 5: TOURNAMENT JONES POLYNOMIAL
  J_T(q) = det(q*M + M^T) / det(M+M^T)
  Analogy: Jones poly = det(t*V - V^T) / det(V - V^T)
======================================================================

--- n = 3 ---
  H=  1: 1 distinct spectra
      q->det: {-2: 0, -1: 0, 0: 0, 1: 0, 2: 0, 3: 0}
  H=  3: 1 distinct spectra
      q->det: {-2: -7, -1: 0, 0: 1, 1: 2, 2: 9, 3: 28}

--- n = 4 ---
  H=  1: 1 distinct spectra
      q->det: {-2: 0, -1: 0, 0: 0, 1: 0, 2: 0, 3: 0}
  H=  3: 1 distinct spectra
      q->det: {-2: 0, -1: 0, 0: 0, 1: 0, 2: 0, 3: 0}
  H=  5: 1 distinct spectra
      q->det: {-2: -5, -1: 1, 0: -1, 1: 1, 2: -5, 3: -55}

--- n = 5 ---
  H=  1: 1 distinct spectra
      q->det: {-2: 0, -1: 0, 0: 0, 1: 0, 2: 0, 3: 0}
  H=  3: 1 distinct spectra
      q->det: {-2: 0, -1: 0, 0: 0, 1: 0, 2: 0, 3: 0}
  H=  5: 1 distinct spectra
      q->det: {-2: 0, -1: 0, 0: 0, 1: 0, 2: 0, 3: 0}
  H=  9: 2 distinct spectra
      q->det: {-2: -47, -1: 0, 0: 1, 1: -8, 2: -39, 3: -32}
      q->det: {-2: -11, -1: 0, 0: 1, 1: -8, 2: -27, 3: 64}
  H= 11: 1 distinct spectra
      q->det: {-2: -19, -1: 0, 0: 1, 1: -4, 2: -3, 3: 136}
  H= 13: 1 distinct spectra
      q->det: {-2: -462, -1: 0, 0: 8, 1: 6, 2: 126, 3: 1148}
  H= 15: 2 distinct spectra
      q->det: {-2: -2772, -1: 0, 0: 36, 1: -72, 2: -324, 3: 1008}
      q->det: {-2: -93, -1: 0, 0: 3, 1: 6, 2: 99, 3: 732}

======================================================================
PART 6: TOURNAMENT -> BRAID WORD ANALYSIS
======================================================================

--- n = 3 ---
  H -> writhe distribution:
    H=  1: writhe values = {np.int64(-3): 1, np.int64(-1): 2, np.int64(1): 2, np.int64(3): 1}
    H=  3: writhe values = {np.int64(-1): 1, np.int64(1): 1}

  |writhe| -> H statistics:
    |w|= 1: H_mean=  1.67, H_range=[1,3], count=6
    |w|= 3: H_mean=  1.00, H_range=[1,1], count=2

--- n = 4 ---
  H -> writhe distribution:
    H=  1: writhe values = {np.int64(-6): 1, np.int64(-4): 3, np.int64(-2): 5, np.int64(0): 6, np.int64(2): 5, np.int64(4): 3, np.int64(6): 1}
    H=  3: writhe values = {np.int64(-4): 2, np.int64(-2): 4, np.int64(0): 4, np.int64(2): 4, np.int64(4): 2}
    H=  5: writhe values = {np.int64(-4): 1, np.int64(-2): 6, np.int64(0): 10, np.int64(2): 6, np.int64(4): 1}

  |writhe| -> H statistics:
    |w|= 0: H_mean=  3.40, H_range=[1,5], count=20
    |w|= 2: H_mean=  3.13, H_range=[1,5], count=30
    |w|= 4: H_mean=  2.33, H_range=[1,5], count=12
    |w|= 6: H_mean=  1.00, H_range=[1,1], count=2

--- n = 5 ---
  H -> writhe distribution:
    H=  1: writhe values = {np.int64(-10): 1, np.int64(-8): 4, np.int64(-6): 9, np.int64(-4): 15, np.int64(-2): 20, np.int64(0): 22, np.int64(2): 20, np.int64(4): 15, np.int64(6): 9, np.int64(8): 4, np.int64(10): 1}
    H=  3: writhe values = {np.int64(-8): 3, np.int64(-6): 9, np.int64(-4): 15, np.int64(-2): 21, np.int64(0): 24, np.int64(2): 21, np.int64(4): 15, np.int64(6): 9, np.int64(8): 3}
    H=  5: writhe values = {np.int64(-8): 2, np.int64(-6): 14, np.int64(-4): 34, np.int64(-2): 46, np.int64(0): 48, np.int64(2): 46, np.int64(4): 34, np.int64(6): 14, np.int64(8): 2}
    H=  9: writhe values = {np.int64(-8): 1, np.int64(-6): 9, np.int64(-4): 28, np.int64(-2): 51, np.int64(0): 62, np.int64(2): 51, np.int64(4): 28, np.int64(6): 9, np.int64(8): 1}
    H= 11: writhe values = {np.int64(-6): 2, np.int64(-4): 11, np.int64(-2): 28, np.int64(0): 38, np.int64(2): 28, np.int64(4): 11, np.int64(6): 2}
    H= 13: writhe values = {np.int64(-6): 1, np.int64(-4): 13, np.int64(-2): 29, np.int64(0): 34, np.int64(2): 29, np.int64(4): 13, np.int64(6): 1}
    H= 15: writhe values = {np.int64(-6): 1, np.int64(-4): 4, np.int64(-2): 15, np.int64(0): 24, np.int64(2): 15, np.int64(4): 4, np.int64(6): 1}

  |writhe| -> H statistics:
    |w|= 0: H_mean=  8.38, H_range=[1,15], count=252
    |w|= 2: H_mean=  8.01, H_range=[1,15], count=420
    |w|= 4: H_mean=  6.93, H_range=[1,15], count=240
    |w|= 6: H_mean=  5.27, H_range=[1,15], count=90
    |w|= 8: H_mean=  3.20, H_range=[1,9], count=20
    |w|=10: H_mean=  1.00, H_range=[1,1], count=2

======================================================================
PART 7: F(T, roots of unity)
  Jones poly at specific roots gives linking/coloring info
  What does F(T, omega_k) tell us about tournaments?
======================================================================

--- n = 4 ---
  H -> |F(w_k)| and F(-1):
    H=  1: F(-1) in [-1, 1], |F(w3)| in [np.float64(1.0)], |F(w4)| in [np.float64(1.0)]
    H=  3: F(-1) in [-3, -1, 1, 3], |F(w3)| in [np.float64(1.73), np.float64(3.0)], |F(w4)| in [np.float64(2.24), np.float64(3.0)]
    H=  5: F(-1) in [-3, -1, 1, 3], |F(w3)| in [np.float64(1.0), np.float64(2.0), np.float64(2.65), np.float64(3.61)], |F(w4)| in [np.float64(2.24), np.float64(3.0), np.float64(3.61), np.float64(4.12)]

  F(-1) distribution:
    F(-1)=  -3: 5 tournaments
    F(-1)=  -1: 27 tournaments
    F(-1)=   1: 27 tournaments
    F(-1)=   3: 5 tournaments

--- n = 5 ---
  H -> |F(w_k)| and F(-1):
    H=  1: F(-1) in [-1, 1], |F(w3)| in [np.float64(1.0)], |F(w4)| in [np.float64(1.0)]
    H=  3: F(-1) in [-3, -1, 1, 3], |F(w3)| in [np.float64(1.73), np.float64(3.0)], |F(w4)| in [np.float64(2.24), np.float64(3.0)]
    H=  5: F(-1) in [-5, -3, -1, 1, 3, 5], |F(w3)| in [np.float64(1.0), np.float64(2.0), np.float64(2.65), np.float64(3.61), np.float64(5.0)], |F(w4)| in [np.float64(2.24), np.float64(3.0), np.float64(3.61), np.float64(4.12), np.float64(5.0)]
    H=  9: F(-1) in [-7, -3, -1, 1, 3, 5], |F(w3)| in [np.float64(1.73), np.float64(3.0), np.float64(3.46), np.float64(4.58), np.float64(5.2)], |F(w4)| in [np.float64(4.12), np.float64(5.0), np.float64(5.39), np.float64(6.08), np.float64(6.4)]
    H= 11: F(-1) in [-9, -3, -1, 1, 3, 5, 7], |F(w3)| in [np.float64(2.65), np.float64(3.61), np.float64(4.0), np.float64(4.36), np.float64(5.0)], |F(w4)| in [np.float64(5.0), np.float64(5.39), np.float64(6.08), np.float64(6.4), np.float64(6.71)]
    H= 13: F(-1) in [-5, -3, -1, 1, 3, 5], |F(w3)| in [np.float64(3.61), np.float64(4.0), np.float64(4.36), np.float64(5.0), np.float64(5.29)], |F(w4)| in [np.float64(6.4), np.float64(7.0), np.float64(7.28), np.float64(7.81), np.float64(8.06)]
    H= 15: F(-1) in [-5, -1, 3, 7], |F(w3)| in [np.float64(3.0), np.float64(6.0), np.float64(6.24), np.float64(7.94), np.float64(9.0)], |F(w4)| in [np.float64(6.4), np.float64(9.0), np.float64(9.22), np.float64(9.43), np.float64(9.85)]

  F(-1) distribution:
    F(-1)=  -9: 4 tournaments
    F(-1)=  -7: 10 tournaments
    F(-1)=  -5: 14 tournaments
    F(-1)=  -3: 62 tournaments
    F(-1)=  -1: 212 tournaments
    F(-1)=   1: 402 tournaments
    F(-1)=   3: 218 tournaments
    F(-1)=   5: 86 tournaments
    F(-1)=   7: 16 tournaments

======================================================================
PART 8: KAUFFMAN STATE SUM (H-GENERATING FUNCTION)
  K_n(A) = sum over all 2^C(n,2) tournaments: A^H(T)
======================================================================

--- n = 3 ---
  H distribution (n=3):
    H=  1:      6 (75.00%)
    H=  3:      2 (25.00%)

  K_n(1) = 8
  K_n(-1) = -8
  All H odd: True
  Mean H = 1.5000
Traceback (most recent call last):
  File "C:\Users\Eliott\Documents\GitHub\math\04-computation\knot_tournament_bridge_v2.py", line 723, in <module>
    main()
    ~~~~^^
  File "C:\Users\Eliott\Documents\GitHub\math\04-computation\knot_tournament_bridge_v2.py", line 713, in main
    part8_kauffman()
    ~~~~~~~~~~~~~~^^
  File "C:\Users\Eliott\Documents\GitHub\math\04-computation\knot_tournament_bridge_v2.py", line 528, in part8_kauffman
    print(f"  n! / 2^(n-1) = {np.math.factorial(n) / 2**(n-1):.4f}")
                              ^^^^^^^
  File "C:\Users\Eliott\AppData\Local\Packages\PythonSoftwareFoundation.Python.3.13_qbz5n2kfra8p0\LocalCache\local-packages\Python313\site-packages\numpy\__init__.py", line 808, in __getattr__
    raise AttributeError(f"module {__name__!r} has no attribute {attr!r}")
AttributeError: module 'numpy' has no attribute 'math'. Did you mean: 'emath'?
