======================================================================
ANALYSIS 1: EXHAUSTIVE n=5 — DOES LAMBDA DETERMINE H?
======================================================================
Total tournaments: 1024
Distinct (score, lambda) classes: 12
  Lambda DETERMINES H within each score class at n=5!
  Lambda ALONE (without score) determines H at n=5!

======================================================================
ANALYSIS 2: EXHAUSTIVE n=6 — DOES LAMBDA DETERMINE H?
======================================================================
Total tournaments: 32768
Distinct (score, lambda) classes: 47
  AMBIGUOUS: score=(1, 2, 2, 3, 3, 4), lambda=(0, 0, 0, 1, 1, 1, 1, 1, 1, 1, 2, 2, 2, 2, 3): H = [25, 29] (2880 tours)
  AMBIGUOUS: score=(1, 2, 3, 3, 3, 3), lambda=(0, 0, 1, 1, 1, 1, 1, 1, 2, 2, 2, 2, 2, 2, 3): H = [33, 37] (1440 tours)
  AMBIGUOUS: score=(2, 2, 2, 2, 3, 4), lambda=(0, 0, 1, 1, 1, 1, 1, 1, 2, 2, 2, 2, 2, 2, 3): H = [33, 37] (1440 tours)

  3 ambiguous (score, lambda) classes at n=6
  5760/32768 tournaments in ambiguous classes (17.6%)
  3 ambiguous lambda-only classes at n=6

======================================================================
ANALYSIS 3: n=7 — LAMBDA COMPLETENESS BY SCORE CLASS
======================================================================
  Processed 500000/2097152...
  Processed 1000000/2097152...
  Processed 1500000/2097152...
  Processed 2000000/2097152...

Total tournaments: 2097152
Distinct (score, lambda) classes: 288

Complete (lambda determines H): 233
Ambiguous (lambda does NOT determine H): 55

Ambiguous score classes:

  Score (0, 2, 3, 3, 4, 4, 5):
    lambda=(0, 0, 0, 0, 0, 0, 0, 0, 0, 1, 1, 1, 1, 1, 1, 1, 2, 2, 2, 2, 3): H = [25, 29] (20160 tours)

  Score (0, 2, 3, 4, 4, 4, 4):
    lambda=(0, 0, 0, 0, 0, 0, 0, 0, 1, 1, 1, 1, 1, 1, 2, 2, 2, 2, 2, 2, 3): H = [33, 37] (10080 tours)

  Score (0, 3, 3, 3, 3, 4, 5):
    lambda=(0, 0, 0, 0, 0, 0, 0, 0, 1, 1, 1, 1, 1, 1, 2, 2, 2, 2, 2, 2, 3): H = [33, 37] (10080 tours)

  Score (1, 1, 2, 3, 4, 5, 5):
    lambda=(0, 0, 0, 0, 0, 0, 0, 0, 0, 0, 1, 1, 1, 1, 1, 1, 1, 1, 2, 2, 3): H = [27, 29] (15120 tours)

  Score (1, 1, 3, 3, 4, 4, 5):
    lambda=(0, 0, 0, 0, 0, 0, 0, 1, 1, 1, 1, 1, 1, 1, 1, 1, 2, 2, 2, 3, 3): H = [43, 45, 49] (15120 tours)

  Score (1, 2, 2, 3, 3, 4, 6):
    lambda=(0, 0, 0, 0, 0, 0, 0, 0, 0, 1, 1, 1, 1, 1, 1, 1, 2, 2, 2, 2, 3): H = [25, 29] (20160 tours)

  Score (1, 2, 2, 3, 3, 5, 5):
    lambda=(0, 0, 0, 0, 0, 0, 0, 1, 1, 1, 1, 1, 1, 1, 1, 1, 2, 2, 2, 3, 3): H = [43, 45, 49] (15120 tours)

  Score (1, 2, 2, 3, 4, 4, 5):
    lambda=(0, 0, 0, 0, 0, 0, 1, 1, 1, 1, 1, 1, 1, 1, 2, 2, 2, 2, 2, 3, 3): H = [55, 65, 69] (25200 tours)
    lambda=(0, 0, 0, 0, 0, 1, 1, 1, 1, 1, 1, 1, 1, 1, 1, 2, 2, 2, 2, 3, 3): H = [61, 65, 71] (20160 tours)
    lambda=(0, 0, 0, 0, 0, 0, 1, 1, 1, 1, 1, 1, 1, 1, 1, 2, 2, 2, 2, 3, 4): H = [49, 59] (20160 tours)
    lambda=(0, 0, 0, 0, 0, 1, 1, 1, 1, 1, 1, 1, 1, 1, 1, 1, 2, 2, 3, 3, 3): H = [59, 69] (15120 tours)
    lambda=(0, 0, 0, 0, 1, 1, 1, 1, 1, 1, 1, 1, 1, 1, 1, 1, 1, 2, 2, 3, 4): H = [73, 77] (20160 tours)

  Score (1, 2, 2, 4, 4, 4, 4):
    lambda=(0, 0, 0, 1, 1, 1, 1, 1, 1, 1, 1, 1, 1, 1, 1, 2, 2, 2, 2, 3, 4): H = [75, 89] (6720 tours)

  Score (1, 2, 3, 3, 3, 3, 6):
    lambda=(0, 0, 0, 0, 0, 0, 0, 0, 1, 1, 1, 1, 1, 1, 2, 2, 2, 2, 2, 2, 3): H = [33, 37] (10080 tours)

  Score (1, 2, 3, 3, 3, 4, 5):
    lambda=(0, 0, 0, 0, 1, 1, 1, 1, 1, 1, 1, 1, 1, 1, 2, 2, 2, 2, 3, 3, 3): H = [67, 73, 77, 79] (30240 tours)
    lambda=(0, 0, 0, 0, 0, 1, 1, 1, 1, 1, 1, 1, 2, 2, 2, 2, 2, 2, 2, 3, 3): H = [71, 73, 75, 77] (35280 tours)
    lambda=(0, 0, 0, 0, 0, 1, 1, 1, 1, 1, 1, 1, 1, 2, 2, 2, 2, 2, 3, 3, 3): H = [67, 75, 81] (25200 tours)
    lambda=(0, 0, 0, 0, 1, 1, 1, 1, 1, 1, 1, 1, 1, 2, 2, 2, 2, 2, 2, 3, 3): H = [75, 81] (30240 tours)

  Score (1, 2, 3, 3, 4, 4, 4):
    lambda=(0, 0, 0, 1, 1, 1, 1, 1, 1, 1, 1, 1, 2, 2, 2, 2, 2, 2, 3, 3, 3): H = [89, 91, 95, 97, 103] (40320 tours)
    lambda=(0, 0, 1, 1, 1, 1, 1, 1, 1, 1, 1, 1, 1, 2, 2, 2, 2, 2, 2, 3, 4): H = [101, 103, 109, 115] (20160 tours)
    lambda=(0, 0, 0, 1, 1, 1, 1, 1, 1, 1, 1, 2, 2, 2, 2, 2, 2, 2, 2, 3, 3): H = [91, 93, 103] (15120 tours)
    lambda=(0, 0, 0, 0, 1, 1, 1, 1, 1, 1, 1, 1, 2, 2, 2, 2, 2, 2, 3, 3, 4): H = [83, 97] (10080 tours)
    lambda=(0, 0, 0, 1, 1, 1, 1, 1, 1, 1, 1, 1, 1, 2, 2, 2, 2, 3, 3, 3, 3): H = [79, 89] (10080 tours)
    lambda=(0, 0, 0, 0, 1, 1, 1, 1, 1, 1, 1, 2, 2, 2, 2, 2, 2, 2, 3, 3, 3): H = [89, 93] (15120 tours)
    lambda=(0, 0, 0, 1, 1, 1, 1, 1, 1, 1, 1, 1, 2, 2, 2, 2, 2, 2, 2, 3, 4): H = [89, 101] (10080 tours)
    lambda=(0, 0, 0, 1, 1, 1, 1, 1, 1, 1, 1, 2, 2, 2, 2, 2, 2, 2, 2, 2, 4): H = [91, 109] (10080 tours)

  Score (1, 3, 3, 3, 3, 3, 5):
    lambda=(0, 0, 0, 1, 1, 1, 1, 1, 1, 1, 1, 1, 2, 2, 2, 2, 2, 2, 3, 3, 3): H = [95, 99] (6720 tours)

  Score (1, 3, 3, 3, 3, 4, 4):
    lambda=(0, 0, 1, 1, 1, 1, 1, 1, 1, 1, 2, 2, 2, 2, 2, 2, 2, 2, 3, 3, 3): H = [105, 109, 111] (20160 tours)
    lambda=(0, 0, 1, 1, 1, 1, 1, 1, 1, 1, 1, 2, 2, 2, 2, 2, 2, 3, 3, 3, 3): H = [101, 113] (10080 tours)
    lambda=(0, 1, 1, 1, 1, 1, 1, 1, 1, 1, 1, 2, 2, 2, 2, 2, 2, 2, 2, 3, 4): H = [123, 129] (10080 tours)
    lambda=(0, 0, 1, 1, 1, 1, 1, 1, 1, 2, 2, 2, 2, 2, 2, 2, 2, 2, 2, 3, 3): H = [111, 115] (10080 tours)

  Score (2, 2, 2, 2, 3, 4, 6):
    lambda=(0, 0, 0, 0, 0, 0, 0, 0, 1, 1, 1, 1, 1, 1, 2, 2, 2, 2, 2, 2, 3): H = [33, 37] (10080 tours)

  Score (2, 2, 2, 2, 4, 4, 5):
    lambda=(0, 0, 0, 1, 1, 1, 1, 1, 1, 1, 1, 1, 1, 1, 1, 2, 2, 2, 2, 3, 4): H = [75, 89] (6720 tours)

  Score (2, 2, 2, 3, 3, 4, 5):
    lambda=(0, 0, 0, 1, 1, 1, 1, 1, 1, 1, 1, 1, 2, 2, 2, 2, 2, 2, 3, 3, 3): H = [89, 91, 95, 97, 103] (40320 tours)
    lambda=(0, 0, 1, 1, 1, 1, 1, 1, 1, 1, 1, 1, 1, 2, 2, 2, 2, 2, 2, 3, 4): H = [101, 103, 109, 115] (20160 tours)
    lambda=(0, 0, 0, 1, 1, 1, 1, 1, 1, 1, 1, 2, 2, 2, 2, 2, 2, 2, 2, 3, 3): H = [91, 93, 103] (15120 tours)
    lambda=(0, 0, 0, 1, 1, 1, 1, 1, 1, 1, 1, 1, 1, 2, 2, 2, 2, 3, 3, 3, 3): H = [79, 89] (10080 tours)
    lambda=(0, 0, 0, 0, 1, 1, 1, 1, 1, 1, 1, 1, 2, 2, 2, 2, 2, 2, 3, 3, 4): H = [83, 97] (10080 tours)
    lambda=(0, 0, 0, 0, 1, 1, 1, 1, 1, 1, 1, 2, 2, 2, 2, 2, 2, 2, 3, 3, 3): H = [89, 93] (15120 tours)
    lambda=(0, 0, 0, 1, 1, 1, 1, 1, 1, 1, 1, 1, 2, 2, 2, 2, 2, 2, 2, 3, 4): H = [89, 101] (10080 tours)
    lambda=(0, 0, 0, 1, 1, 1, 1, 1, 1, 1, 1, 2, 2, 2, 2, 2, 2, 2, 2, 2, 4): H = [91, 109] (10080 tours)

  Score (2, 2, 3, 3, 3, 3, 5):
    lambda=(0, 0, 1, 1, 1, 1, 1, 1, 1, 1, 2, 2, 2, 2, 2, 2, 2, 2, 3, 3, 3): H = [105, 109, 111] (20160 tours)
    lambda=(0, 0, 1, 1, 1, 1, 1, 1, 1, 1, 1, 2, 2, 2, 2, 2, 2, 3, 3, 3, 3): H = [101, 113] (10080 tours)
    lambda=(0, 1, 1, 1, 1, 1, 1, 1, 1, 1, 1, 2, 2, 2, 2, 2, 2, 2, 2, 3, 4): H = [123, 129] (10080 tours)
    lambda=(0, 0, 1, 1, 1, 1, 1, 1, 1, 2, 2, 2, 2, 2, 2, 2, 2, 2, 2, 3, 3): H = [111, 115] (10080 tours)

  Score (2, 2, 3, 3, 3, 4, 4):
    lambda=(0, 1, 1, 1, 1, 1, 1, 1, 2, 2, 2, 2, 2, 2, 2, 2, 2, 2, 3, 3, 3): H = [129, 133, 135, 137, 139] (50400 tours)
    lambda=(1, 1, 1, 1, 1, 1, 1, 1, 1, 1, 2, 2, 2, 2, 2, 2, 2, 3, 3, 3, 3): H = [129, 137, 139, 141] (25200 tours)
    lambda=(0, 1, 1, 1, 1, 1, 1, 1, 1, 2, 2, 2, 2, 2, 2, 2, 2, 3, 3, 3, 3): H = [125, 131, 133] (20160 tours)
    lambda=(0, 1, 1, 1, 1, 1, 1, 1, 1, 1, 2, 2, 2, 2, 2, 2, 3, 3, 3, 3, 3): H = [121, 131] (20160 tours)
    lambda=(0, 1, 1, 1, 1, 1, 1, 1, 1, 2, 2, 2, 2, 2, 2, 2, 2, 2, 3, 3, 4): H = [131, 133] (20160 tours)
    lambda=(0, 0, 0, 1, 1, 1, 1, 2, 2, 2, 2, 2, 2, 2, 2, 2, 2, 3, 3, 3, 3): H = [131, 145] (15120 tours)
    lambda=(0, 0, 1, 1, 1, 1, 1, 2, 2, 2, 2, 2, 2, 2, 2, 2, 2, 2, 3, 3, 3): H = [139, 145] (20160 tours)
    lambda=(1, 1, 1, 1, 1, 1, 1, 1, 1, 2, 2, 2, 2, 2, 2, 2, 2, 2, 3, 3, 3): H = [141, 143] (15120 tours)

  Score (2, 3, 3, 3, 3, 3, 4):
    lambda=(1, 1, 1, 1, 1, 1, 2, 2, 2, 2, 2, 2, 2, 2, 2, 2, 2, 2, 3, 3, 3): H = [151, 153, 159] (20160 tours)
    lambda=(1, 1, 1, 1, 1, 1, 1, 2, 2, 2, 2, 2, 2, 2, 2, 2, 2, 3, 3, 3, 3): H = [147, 159] (10080 tours)

  Score classes where lambda is complete: 39/59
  Score classes where lambda is incomplete: 20/59

  Complete score classes:
    (0, 1, 2, 3, 4, 5, 6): H in [1]
    (0, 1, 2, 3, 5, 5, 5): H in [3]
    (0, 1, 2, 4, 4, 4, 6): H in [3]
    (0, 1, 2, 4, 4, 5, 5): H in [5]
    (0, 1, 3, 3, 3, 5, 6): H in [3]
    (0, 1, 3, 3, 4, 4, 6): H in [5]
    (0, 1, 3, 3, 4, 5, 5): H in [9]
    (0, 1, 3, 4, 4, 4, 5): H in [11, 13, 15]
    (0, 1, 4, 4, 4, 4, 4): H in [15]
    (0, 2, 2, 2, 4, 5, 6): H in [3]
    (0, 2, 2, 2, 5, 5, 5): H in [9]
    (0, 2, 2, 3, 3, 5, 6): H in [5]
    (0, 2, 2, 3, 4, 4, 6): H in [9]
    (0, 2, 2, 3, 4, 5, 5): H in [15, 17]
    (0, 2, 2, 4, 4, 4, 5): H in [19, 23, 27]
    (0, 2, 3, 3, 3, 4, 6): H in [11, 13, 15]
    (0, 2, 3, 3, 3, 5, 5): H in [19, 23, 27]
    (0, 3, 3, 3, 3, 3, 6): H in [15]
    (0, 3, 3, 3, 4, 4, 4): H in [41, 43, 45]
    (1, 1, 1, 3, 4, 5, 6): H in [3]
    (1, 1, 1, 3, 5, 5, 5): H in [9]
    (1, 1, 1, 4, 4, 4, 6): H in [9]
    (1, 1, 1, 4, 4, 5, 5): H in [15]
    (1, 1, 2, 2, 4, 5, 6): H in [5]
    (1, 1, 2, 2, 5, 5, 5): H in [15]
    (1, 1, 2, 3, 3, 5, 6): H in [9]
    (1, 1, 2, 3, 4, 4, 6): H in [15, 17]
    (1, 1, 2, 4, 4, 4, 5): H in [33, 35, 41, 45, 51]
    (1, 1, 3, 3, 3, 4, 6): H in [19, 23, 27]
    (1, 1, 3, 3, 3, 5, 5): H in [31, 41, 51]
    (1, 1, 3, 4, 4, 4, 4): H in [57, 65]
    (1, 2, 2, 2, 3, 5, 6): H in [11, 13, 15]
    (1, 2, 2, 2, 4, 4, 6): H in [19, 23, 27]
    (1, 2, 2, 2, 4, 5, 5): H in [33, 35, 41, 45, 51]
    (2, 2, 2, 2, 2, 5, 6): H in [15]
    (2, 2, 2, 2, 3, 5, 5): H in [57, 65]
    (2, 2, 2, 3, 3, 3, 6): H in [41, 43, 45]
    (2, 2, 2, 3, 4, 4, 4): H in [99, 105, 109, 115, 117, 123, 127, 129, 135]
    (3, 3, 3, 3, 3, 3, 3): H in [171, 175, 189]

======================================================================
ANALYSIS 4: EXTENDED LAMBDA WITH 5-CYCLE COVERAGE (n=6)
======================================================================
  STILL AMBIGUOUS: score=(2, 2, 2, 2, 3, 4), lam3=(0, 0, 1, 1, 1, 1, 1, 1, 2, 2, 2, 2, 2, 2, 3), lam5=(3, 3, 3, 3, 3, 3, 3, 3, 3, 3, 4, 4, 4, 4, 4): H=[33, 37]
  STILL AMBIGUOUS: score=(1, 2, 3, 3, 3, 3), lam3=(0, 0, 1, 1, 1, 1, 1, 1, 2, 2, 2, 2, 2, 2, 3), lam5=(3, 3, 3, 3, 3, 3, 3, 3, 3, 3, 4, 4, 4, 4, 4): H=[33, 37]
  2 still ambiguous with extended lambda at n=6

======================================================================
ANALYSIS 5: WHAT ADDITIONAL INVARIANT IS NEEDED AT n=7?
======================================================================

Studying ambiguous score class (0, 2, 3, 3, 4, 4, 5):
  lambda=(0, 0, 0, 0, 0, 0, 0, 0, 0, 1, 1, 1, 1, 1, 1, 1, 2, 2, 2, 2, 3): H=[25, 29], c5 does NOT resolve
    c5=6: H=[25, 29]


======================================================================
DONE.
======================================================================
