======================================================================
N=8 MOAT ANALYSIS — FORBIDDEN 7*3^k SEQUENCE
======================================================================
  10000/100000 (362/sec)...
  20000/100000 (361/sec)...
  30000/100000 (351/sec)...
  40000/100000 (352/sec)...
  50000/100000 (352/sec)...
  60000/100000 (354/sec)...
  70000/100000 (355/sec)...
  80000/100000 (355/sec)...
  90000/100000 (354/sec)...
  100000/100000 (354/sec)...

Completed 100000 samples in 282.3s
Distinct H values: 320
Min H: 1, Max H: 661

======================================================================
FORBIDDEN SEQUENCE 7*3^k CHECK
======================================================================
  7*3^0 =     7: NOT FOUND (0 hits)
  7*3^1 =    21: NOT FOUND (0 hits)
  7*3^2 =    63: FOUND (22 hits)
  7*3^3 =   189: FOUND (255 hits)
  7*3^4 =   567: FOUND (84 hits)

======================================================================
GAP ANALYSIS (odd H values NOT achieved)
======================================================================
Total gaps (odd, <= 600): 2

Gaps <= 200:
    H=7 = 7*3^0 = Phi3(2)
    H=21 = 7*3^1 = Phi3(4)

Gaps 200-600:

======================================================================
7*3^k MOAT BOUNDARY
======================================================================
  7*3^0 = 7: FORBIDDEN
  7*3^1 = 21: FORBIDDEN
  7*3^2 = 63: ACHIEVABLE
  7*3^3 = 189: ACHIEVABLE
  7*3^4 = 567: ACHIEVABLE
  7*3^5 = 1701: beyond max H=661 (cannot test)

======================================================================
DISTRIBUTION NEAR FORBIDDEN VALUES
======================================================================

  Near H=7:
    H=   1:     18 
    H=   3:     21 
    H=   5:     66 
    H=   7:      0  <<<
    H=   9:    140 #
    H=  11:     67 
    H=  13:     57 

  Near H=21:
    H=  15:    158 #
    H=  17:     85 
    H=  19:     99 
    H=  21:      0  <<<
    H=  23:    184 #
    H=  25:    131 #
    H=  27:    137 #

  Near H=63:
    H=  57:    119 #
    H=  59:    314 ###
    H=  61:    110 #
    H=  63:     22  <<<
    H=  65:    379 ###
    H=  67:    181 #
    H=  69:    312 ###

  Near H=189:
    H= 183:    197 #
    H= 185:    262 ##
    H= 187:    340 ###
    H= 189:    255 ## <<<
    H= 191:    320 ###
    H= 193:    284 ##
    H= 195:    191 #

======================================================================
H mod 7 DISTRIBUTION
======================================================================
  H ≡ 0 mod 7:  13720 (13.7%)
  H ≡ 1 mod 7:  15716 (15.7%)
  H ≡ 2 mod 7:  15015 (15.0%)
  H ≡ 3 mod 7:  13404 (13.4%)
  H ≡ 4 mod 7:  14276 (14.3%)
  H ≡ 5 mod 7:  14684 (14.7%)
  H ≡ 6 mod 7:  13185 (13.2%)

  H mod 21 for multiples of 7:
    H ≡ 0 mod 21:   4100
    H ≡ 7 mod 21:   4897
    H ≡ 14 mod 21:   4723
