======================================================================
MOD-4 DICHOTOMY MECHANISM
======================================================================

======================================================================
p=7, m=3, p mod 4 = 3
======================================================================

H range: 175 to 189 (gap = 14)
Relative gap: 7.407%

                        S            H      E      IPR   Var(|l|^2)  L4/L2^2
---------------------------------------------------------------------------
                [1, 2, 4]          189     15   0.2381         0.00   0.2381 PAL
                [3, 5, 6]          189     15   0.2381         0.00   0.2381
                [4, 5, 6]          175     19   0.3016         4.67   0.3016
                [1, 4, 5]          175     19   0.3016         4.67   0.3016
                [2, 4, 6]          175     19   0.3016         4.67   0.3016
                [1, 3, 5]          175     19   0.3016         4.67   0.3016
                [2, 3, 6]          175     19   0.3016         4.67   0.3016
                [1, 2, 3]          175     19   0.3016         4.67   0.3016 INT

Correlation analysis:
  H vs E (additive energy): r = -0.1429
  H vs IPR:                 r = -0.2381
  H vs Var(|lambda|^2):     r = -0.6190

  Maximizer properties:
    E = 15 (range 19-19)
    IPR = 0.2381 (range 0.3016-0.2381)

  Paley vs Interval:
    Paley:    H=189, E=15, IPR=0.2381
    Interval: H=175, E=19, IPR=0.3016

======================================================================
p=11, m=5, p mod 4 = 3
======================================================================

H range: 92411 to 95095 (gap = 2684)
Relative gap: 2.822%

                        S            H      E      IPR   Var(|l|^2)  L4/L2^2
---------------------------------------------------------------------------
         [2, 6, 7, 8, 10]        95095     65   0.2364         0.00   0.2364
          [1, 3, 4, 5, 9]        95095     65   0.2364         0.00   0.2364 PAL
         [3, 6, 7, 9, 10]        93467     73   0.2655         8.80   0.2655
          [1, 3, 6, 7, 9]        93467     73   0.2655         8.80   0.2655
          [1, 2, 3, 6, 7]        93467     73   0.2655         8.80   0.2655
  ...
         [2, 3, 5, 7, 10]        92411     69   0.2509         4.40   0.2509
          [1, 2, 3, 5, 7]        92411     69   0.2509         4.40   0.2509
         [2, 3, 4, 5, 10]        92411     69   0.2509         4.40   0.2509

Correlation analysis:
  H vs E (additive energy): r = 0.2815
  H vs IPR:                 r = 0.2430
  H vs Var(|lambda|^2):     r = 0.1782

  Maximizer properties:
    E = 65 (range 69-69)
    IPR = 0.2364 (range 0.2509-0.2364)

  Paley vs Interval:
    Paley:    H=95095, E=65, IPR=0.2364
    Interval: H=93027, E=85, IPR=0.3091

======================================================================
p=13, m=6, p mod 4 = 1
======================================================================

H range: 3669497 to 3711175 (gap = 41678)
Relative gap: 1.123%

                        S            H      E      IPR   Var(|l|^2)  L4/L2^2
---------------------------------------------------------------------------
    [7, 8, 9, 10, 11, 12]      3711175    146   0.3120        37.92   0.3120
       [1, 2, 3, 7, 8, 9]      3711175    146   0.3120        37.92   0.3120
     [1, 4, 7, 8, 10, 11]      3711175    146   0.3120        37.92   0.3120
     [3, 4, 7, 8, 11, 12]      3711175    146   0.3120        37.92   0.3120
      [1, 3, 5, 7, 9, 11]      3711175    146   0.3120        37.92   0.3120
  ...
      [1, 3, 5, 6, 9, 11]      3669497    122   0.2607        11.92   0.2607
      [1, 2, 4, 5, 6, 10]      3669497    122   0.2607        11.92   0.2607
      [2, 3, 4, 5, 6, 12]      3669497    122   0.2607        11.92   0.2607

Correlation analysis:
  H vs E (additive energy): r = 0.5692
  H vs IPR:                 r = 0.6238
  H vs Var(|lambda|^2):     r = 0.5693

  Maximizer properties:
    E = 146 (range 122-122)
    IPR = 0.3120 (range 0.2607-0.3120)

======================================================================
p=17, m=8, p mod 4 = 1
======================================================================

H range: 13478929757 to 13689269499 (gap = 210339742)
Relative gap: 1.537%

                        S            H      E      IPR   Var(|l|^2)  L4/L2^2
---------------------------------------------------------------------------
[9, 10, 11, 12, 13, 14, 15, 16]  13689269499    344   0.3162        89.25   0.3162
[1, 2, 3, 4, 9, 10, 11, 12]  13689269499    344   0.3162        89.25   0.3162
[3, 4, 5, 9, 10, 11, 15, 16]  13689269499    344   0.3162        89.25   0.3162
[2, 3, 6, 9, 10, 12, 13, 16]  13689269499    344   0.3162        89.25   0.3162
[1, 2, 5, 6, 9, 10, 13, 14]  13689269499    344   0.3162        89.25   0.3162
  ...
[2, 5, 6, 7, 8, 13, 14, 16]  13478929757    284   0.2610        25.50   0.2610
[1, 2, 3, 5, 6, 7, 8, 13]  13478929757    284   0.2610        25.50   0.2610
[1, 4, 5, 6, 7, 8, 14, 15]  13478929757    284   0.2610        25.50   0.2610

Correlation analysis:
  H vs E (additive energy): r = 0.0244
  H vs IPR:                 r = 0.0719
  H vs Var(|lambda|^2):     r = 0.0862

  Maximizer properties:
    E = 344 (range 284-284)
    IPR = 0.3162 (range 0.2610-0.3162)

======================================================================
H VALUE DISTRIBUTION BY PRIME
======================================================================

  p=7: 2 distinct H values out of 8 tournaments
    H=            189: 2 tournaments (25.0%)
    H=            175: 6 tournaments (75.0%)

  p=11: 4 distinct H values out of 32 tournaments
    H=          95095: 2 tournaments (6.2%)
    H=          93467: 10 tournaments (31.2%)
    H=          93027: 10 tournaments (31.2%)
    H=          92411: 10 tournaments (31.2%)

  p=13: 6 distinct H values out of 64 tournaments
    H=        3711175: 12 tournaments (18.8%)
    H=        3707483: 12 tournaments (18.8%)
    H=        3704857: 12 tournaments (18.8%)
    H=        3703011: 4 tournaments (6.2%)
    H=        3683797: 12 tournaments (18.8%)
    H=        3669497: 12 tournaments (18.8%)

  p=17: 16 distinct H values out of 256 tournaments
    H=    13689269499: 16 tournaments (6.2%)
    H=    13627838945: 16 tournaments (6.2%)
    H=    13560055389: 16 tournaments (6.2%)
    H=    13551813041: 16 tournaments (6.2%)
    H=    13551423911: 16 tournaments (6.2%)
    H=    13544403013: 16 tournaments (6.2%)
    H=    13540194969: 16 tournaments (6.2%)
    H=    13526567225: 16 tournaments (6.2%)
    H=    13519308361: 16 tournaments (6.2%)
    H=    13507244311: 16 tournaments (6.2%)
    H=    13506158929: 16 tournaments (6.2%)
    H=    13496380733: 16 tournaments (6.2%)
    H=    13492503135: 16 tournaments (6.2%)
    H=    13491417243: 16 tournaments (6.2%)
    H=    13486964977: 16 tournaments (6.2%)
    H=    13478929757: 16 tournaments (6.2%)
