======================================================================
MOD 7 MOAT ANALYSIS AT n=7 (SAMPLING)
======================================================================
  50000/300000 (1130/sec)...
  100000/300000 (1117/sec)...
  150000/300000 (1122/sec)...
  200000/300000 (1124/sec)...
  250000/300000 (1127/sec)...
  300000/300000 (1126/sec)...

Completed 300000 samples in 266.4s
Distinct H values: 77

======================================================================
H mod 7 DISTRIBUTION AT n=7
======================================================================
  H mod 7 = 0:   32392 (10.80%)
  H mod 7 = 1:   32975 (10.99%)
  H mod 7 = 2:   46939 (15.65%)
  H mod 7 = 3:   44270 (14.76%)
  H mod 7 = 4:   49437 (16.48%)
  H mod 7 = 5:   51223 (17.07%)
  H mod 7 = 6:   42764 (14.25%)

======================================================================
ACHIEVABLE MULTIPLES OF 7 AT n=7
======================================================================
  H=  35 = 7*  5:   1422 hits  (e.g. a1=13, a2=2)
  H=  49 = 7*  7:   4975 hits  (e.g. a1=24, a2=0)
  H=  77 = 7* 11:   6940 hits  (e.g. a1=30, a2=4)
  H=  91 = 7* 13:  10846 hits  (e.g. a1=37, a2=4)
  H= 105 = 7* 15:   2833 hits  (e.g. a1=40, a2=6)
  H= 133 = 7* 19:   4523 hits  (e.g. a1=50, a2=8)
  H= 147 = 7* 21:    713 hits  (e.g. a1=57, a2=8)
  H= 175 = 7* 25:     93 hits  (e.g. a1=59, a2=14)
  H= 189 = 7* 27:     47 hits  (e.g. a1=80, a2=7)

  Missing odd multiples of 7 (up to 189):
    H=7 = 7*1 = Phi3(2)
    H=21 = 7*3 = Phi3(4)
    H=63 = 7*9 = 7*9
    H=119 = 7*17
    H=161 = 7*23

======================================================================
(alpha_1 + 2*alpha_2) mod 7 DISTRIBUTION
======================================================================
  a1 + 2*a2 mod 7 = 0:   32975 (10.99%)
  a1 + 2*a2 mod 7 = 1:   44270 (14.76%)
  a1 + 2*a2 mod 7 = 2:   51223 (17.07%)
  a1 + 2*a2 mod 7 = 3:   32392 (10.80%) <-- needed for H=0 mod 7
  a1 + 2*a2 mod 7 = 4:   46939 (15.65%)
  a1 + 2*a2 mod 7 = 5:   49437 (16.48%)
  a1 + 2*a2 mod 7 = 6:   42764 (14.25%)

======================================================================
(alpha_1 mod 7, alpha_2 mod 7) DISTRIBUTION
======================================================================
  (a1 mod 7, a2 mod 7) = (0,0):   8426 (2.8%)  sum mod 7 = 0
  (a1 mod 7, a2 mod 7) = (0,1):   9239 (3.1%)  sum mod 7 = 2
  (a1 mod 7, a2 mod 7) = (0,2):  11037 (3.7%)  sum mod 7 = 4
  (a1 mod 7, a2 mod 7) = (0,3):   6585 (2.2%)  sum mod 7 = 6
  (a1 mod 7, a2 mod 7) = (0,4):   9112 (3.0%)  sum mod 7 = 1
  (a1 mod 7, a2 mod 7) = (0,5):   9703 (3.2%)  sum mod 7 = 3
  (a1 mod 7, a2 mod 7) = (0,6):   7179 (2.4%)  sum mod 7 = 5
  (a1 mod 7, a2 mod 7) = (1,0):   9113 (3.0%)  sum mod 7 = 1
  (a1 mod 7, a2 mod 7) = (1,1):   5236 (1.7%)  sum mod 7 = 3
  (a1 mod 7, a2 mod 7) = (1,2):   3534 (1.2%)  sum mod 7 = 5
  (a1 mod 7, a2 mod 7) = (1,3):   2162 (0.7%)  sum mod 7 = 0
  (a1 mod 7, a2 mod 7) = (1,4):   7912 (2.6%)  sum mod 7 = 2
  (a1 mod 7, a2 mod 7) = (1,5):   2848 (0.9%)  sum mod 7 = 4
  (a1 mod 7, a2 mod 7) = (1,6):   9492 (3.2%)  sum mod 7 = 6
  (a1 mod 7, a2 mod 7) = (2,0):  15508 (5.2%)  sum mod 7 = 2
  (a1 mod 7, a2 mod 7) = (2,1):  10548 (3.5%)  sum mod 7 = 4
  (a1 mod 7, a2 mod 7) = (2,2):   6798 (2.3%)  sum mod 7 = 6
  (a1 mod 7, a2 mod 7) = (2,3):   3413 (1.1%)  sum mod 7 = 1
  (a1 mod 7, a2 mod 7) = (2,4):   5811 (1.9%)  sum mod 7 = 3
  (a1 mod 7, a2 mod 7) = (2,5):   8645 (2.9%)  sum mod 7 = 5
  (a1 mod 7, a2 mod 7) = (2,6):    863 (0.3%)  sum mod 7 = 0
  (a1 mod 7, a2 mod 7) = (3,0):   3078 (1.0%)  sum mod 7 = 3
  (a1 mod 7, a2 mod 7) = (3,1):   9434 (3.1%)  sum mod 7 = 5
  (a1 mod 7, a2 mod 7) = (3,2):   4787 (1.6%)  sum mod 7 = 0
  (a1 mod 7, a2 mod 7) = (3,3):   4287 (1.4%)  sum mod 7 = 2
  (a1 mod 7, a2 mod 7) = (3,4):   5746 (1.9%)  sum mod 7 = 4
  (a1 mod 7, a2 mod 7) = (3,5):   3650 (1.2%)  sum mod 7 = 6
  (a1 mod 7, a2 mod 7) = (3,6):   4408 (1.5%)  sum mod 7 = 1
  (a1 mod 7, a2 mod 7) = (4,0):   9460 (3.2%)  sum mod 7 = 4
  (a1 mod 7, a2 mod 7) = (4,1):   6338 (2.1%)  sum mod 7 = 6
  (a1 mod 7, a2 mod 7) = (4,2):   6170 (2.1%)  sum mod 7 = 1
  (a1 mod 7, a2 mod 7) = (4,3):   1394 (0.5%)  sum mod 7 = 3
  (a1 mod 7, a2 mod 7) = (4,4):   1438 (0.5%)  sum mod 7 = 5
  (a1 mod 7, a2 mod 7) = (4,5):   1404 (0.5%)  sum mod 7 = 0
  (a1 mod 7, a2 mod 7) = (4,6):   7038 (2.3%)  sum mod 7 = 2
  (a1 mod 7, a2 mod 7) = (5,0):  13323 (4.4%)  sum mod 7 = 5
  (a1 mod 7, a2 mod 7) = (5,1):  11704 (3.9%)  sum mod 7 = 0
  (a1 mod 7, a2 mod 7) = (5,2):   2718 (0.9%)  sum mod 7 = 2
  (a1 mod 7, a2 mod 7) = (5,3):   2993 (1.0%)  sum mod 7 = 4
  (a1 mod 7, a2 mod 7) = (5,4):   5870 (2.0%)  sum mod 7 = 6
  (a1 mod 7, a2 mod 7) = (5,5):   5113 (1.7%)  sum mod 7 = 1
  (a1 mod 7, a2 mod 7) = (5,6):   4334 (1.4%)  sum mod 7 = 3
  (a1 mod 7, a2 mod 7) = (6,0):   4031 (1.3%)  sum mod 7 = 6
  (a1 mod 7, a2 mod 7) = (6,1):   6941 (2.3%)  sum mod 7 = 1
  (a1 mod 7, a2 mod 7) = (6,2):   2836 (0.9%)  sum mod 7 = 3
  (a1 mod 7, a2 mod 7) = (6,3):   5884 (2.0%)  sum mod 7 = 5
  (a1 mod 7, a2 mod 7) = (6,4):   3629 (1.2%)  sum mod 7 = 0
  (a1 mod 7, a2 mod 7) = (6,5):   4521 (1.5%)  sum mod 7 = 2
  (a1 mod 7, a2 mod 7) = (6,6):   4307 (1.4%)  sum mod 7 = 4

======================================================================
ALL ODD GAPS AT n=7 (up to 200)
======================================================================
    H=7 = 7*3^0
    H=21 = 7*3^1
    H=63 = 7*3^2
    H=107
    H=119 = 7*17
    H=149
    H=161 = 7*23
    H=163
    H=165
    H=167
    H=169
    H=173
    H=177
    H=179
    H=181
    H=183
    H=185
    H=187

======================================================================
MOST COMMON (alpha_1, alpha_2) PAIRS
======================================================================
  (a1= 36, a2=  4) -> H=  89  count=  928  H mod 7 = 5
  (a1= 36, a2=  6) -> H=  97  count=  775  H mod 7 = 6
  (a1= 28, a2=  4) -> H=  73  count=  770  H mod 7 = 3
  (a1= 35, a2=  5) -> H=  91  count=  761  H mod 7 = 0
  (a1= 14, a2=  2) -> H=  37  count=  736  H mod 7 = 2
  (a1=  4, a2=  0) -> H=   9  count=  727  H mod 7 = 2
  (a1= 28, a2=  5) -> H=  77  count=  725  H mod 7 = 0
  (a1= 50, a2=  8) -> H= 133  count=  723  H mod 7 = 0
  (a1= 42, a2=  6) -> H= 109  count=  723  H mod 7 = 4
  (a1= 12, a2=  1) -> H=  29  count=  716  H mod 7 = 1
  (a1=  7, a2=  0) -> H=  15  count=  714  H mod 7 = 1
  (a1= 30, a2=  5) -> H=  81  count=  705  H mod 7 = 4
  (a1= 49, a2=  8) -> H= 131  count=  697  H mod 7 = 5
  (a1= 19, a2=  1) -> H=  43  count=  683  H mod 7 = 1
  (a1= 38, a2=  8) -> H= 109  count=  682  H mod 7 = 4
  (a1= 33, a2=  4) -> H=  83  count=  647  H mod 7 = 6
  (a1= 27, a2=  4) -> H=  71  count=  619  H mod 7 = 1
  (a1= 12, a2=  0) -> H=  25  count=  590  H mod 7 = 4
  (a1= 47, a2=  7) -> H= 123  count=  546  H mod 7 = 4
  (a1= 28, a2=  2) -> H=  65  count=  545  H mod 7 = 2
  (a1= 38, a2=  6) -> H= 101  count=  521  H mod 7 = 3
  (a1= 37, a2=  7) -> H= 103  count=  507  H mod 7 = 5
  (a1= 13, a2=  1) -> H=  31  count=  507  H mod 7 = 3
  (a1=  2, a2=  0) -> H=   5  count=  506  H mod 7 = 5
  (a1= 14, a2=  1) -> H=  33  count=  501  H mod 7 = 5
  (a1= 51, a2=  8) -> H= 135  count=  498  H mod 7 = 2
  (a1=  9, a2=  1) -> H=  23  count=  495  H mod 7 = 2
  (a1= 11, a2=  0) -> H=  23  count=  494  H mod 7 = 2
  (a1= 33, a2=  6) -> H=  91  count=  492  H mod 7 = 0
  (a1= 16, a2=  0) -> H=  33  count=  486  H mod 7 = 5
