======================================================================
MODULAR RANK LIBRARY — Documentation and Examples
======================================================================
Memory comparison: int64 vs uint8 storage for constraint matrices

         Matrix size   int64 (MB)   uint8 (MB)    Ratio
------------------------------------------------------------
  1220×1430 (T_11 deg5):       14.0 /      1.7 /      8×
  4890×3970 (T_11 deg6):      155.3 /     19.4 /      8×
  15230×8735 (T_11 deg7 (OOM with int64):     1064.3 (OOM!) /    133.0 /      8×
  35145×14395 (T_11 deg8 (OOM with int64):     4047.3 (OOM!) /    505.9 /      8×
  52550×15745 (T_11 deg9 (OOM with int64):     6619.2 (OOM!) /    827.4 /      8×

Key insight: Using prime=89 (< 256) allows uint8 storage,
reducing memory by 64× with no loss of rank information.

WHY RANK IS PRESERVED:
  Rank_F_p(C) = Rank_Z(C mod p) for all p > max_elementary_divisor(C).
  For constraint matrices arising from Paley tournaments:
  - Entries are in {0, ±1} initially (before mod p)
  - Column sums are at most m+1 (degree + 1 faces)
  - Max elementary divisor bounded by determinant of any maximal minor
  - Empirically: rank stable at all primes >= 7
  - VERIFIED: rank at prime=89 matches rank at prime=2147483647 for all T_11 computations

======================================================================
API REFERENCE
======================================================================

Functions:
  find_prime_for_roots_of_unity(n) -> q
    Find small prime q with n | (q-1) for circulant eigenspace computations.

  find_nth_root_of_unity(n, prime) -> omega
    Find primitive n-th root of unity mod prime.

  gauss_rank_uint8(C, prime) -> rank
    Fast Gaussian elimination for small prime, int16 arithmetic.
    Input C: numpy array with values in [0, prime-1].

  gauss_rank_nullbasis_uint8(C, prime) -> (rank, basis)
    Same but also returns null space basis.

  matmul_mod(A, B, prime) -> result
    Memory-efficient matrix multiply mod prime.

  certified_rank(C_int, n_for_roots) -> (rank, details)
    Compute rank at two primes and certify agreement.

  betti_number_from_boundary_ranks(omega_hi, omega_lo, rk_d_hi, rk_d_lo_next) -> (beta, ker)
    Compute Betti number from chain complex data.

USAGE PATTERN for GLMY path homology of circulant digraph:
  q = find_prime_for_roots_of_unity(n)          # e.g., q=89 for n=11
  omega = find_nth_root_of_unity(n, q)           # primitive n-th root

  for k in range(n):                             # iterate eigenspaces
      omega_k = pow(omega, k, q)
      C = build_constraint_matrix(seqs, omega_k, q)  # build in [0,q-1]
      rank, basis = gauss_rank_nullbasis_uint8(C, q)
      omega_dim = len(seqs) - rank               # dimension of Omega_m^(k)


Test: rank computation for a small matrix mod 89
  Test matrix (3×4 mod 89): rank = 2
  Nullity = 2
  Null basis:
[[87 88  1  0]
 [ 1  0  0  1]]

Prime table for circulant digraph eigenspace computation:
     n       min prime q with n|(q-1)
  n=  3: q=61 (q-1=60 = 20×3)
  n=  5: q=61 (q-1=60 = 12×5)
  n=  7: q=71 (q-1=70 = 10×7)
  n= 11: q=67 (q-1=66 = 6×11)
  n= 13: q=53 (q-1=52 = 4×13)
  n= 17: q=103 (q-1=102 = 6×17)
  n= 19: q=191 (q-1=190 = 10×19)
  n= 23: q=139 (q-1=138 = 6×23)
  n= 29: q=59 (q-1=58 = 2×29)
  n= 31: q=311 (q-1=310 = 10×31)

DONE.
