======================================================================
MOMENT COEFFICIENT ANALYSIS: TRACKING THE PHASE TRANSITION
======================================================================

======================================================================
p = 7, m = 3, 2^m = 8
======================================================================

  Distinct moment profiles: 2
  Distinct H values: 2
  Moment profile uniquely determines H? True

  <H> = 178.50

  Walsh variance decomposition:
    Degree 2: Σ H_hat²  =           36.75 (100.0%)

  Degree-by-degree: Interval vs Paley
    Degree 2: Int =        -3.50, Pal =        10.50, Δ(P-I) =        14.00

  Walsh spectrum of Σy⁴:
    S=(): coeff = 19.687500
    S=(1, 2): coeff = -3.500000
    S=(1, 3): coeff = 3.500000
    S=(2, 3): coeff = 3.500000

  Degree-2 comparison: H_hat vs (Σy⁴)_hat
    S=(1, 2): H_hat=      3.5000, (Σy⁴)_hat=     -3.5000, ratio=   -1.0000
    S=(1, 3): H_hat=     -3.5000, (Σy⁴)_hat=      3.5000, ratio=   -1.0000
    S=(2, 3): H_hat=     -3.5000, (Σy⁴)_hat=      3.5000, ratio=   -1.0000

======================================================================
p = 11, m = 5, 2^m = 32
======================================================================

  Distinct moment profiles: 4
  Distinct H values: 4
  Moment profile uniquely determines H? True

  <H> = 93101.25

  Walsh variance decomposition:
    Degree 2: Σ H_hat²  =       370940.62 ( 84.1%)
    Degree 4: Σ H_hat²  =        69915.31 ( 15.9%)

  Degree-by-degree: Interval vs Paley
    Degree 2: Int =       280.50, Pal =      1402.50, Δ(P-I) =      1122.00
    Degree 4: Int =      -354.75, Pal =       591.25, Δ(P-I) =       946.00

  Walsh spectrum of Σy⁴:
    S=(): coeff = 92.812500
    S=(1, 3): coeff = 5.500000
    S=(1, 4): coeff = 5.500000
    S=(2, 3): coeff = -5.500000
    S=(2, 5): coeff = -5.500000
    S=(4, 5): coeff = 5.500000
    S=(1, 2, 3, 4): coeff = 16.500000
    S=(1, 2, 3, 5): coeff = 16.500000
    S=(1, 2, 4, 5): coeff = 16.500000
    S=(1, 3, 4, 5): coeff = -16.500000
    S=(2, 3, 4, 5): coeff = 16.500000

  Degree-2 comparison: H_hat vs (Σy⁴)_hat
    S=(1, 2): H_hat=     -8.2500, (Σy⁴)_hat=      0.0000, ratio=       nan
    S=(1, 3): H_hat=    272.2500, (Σy⁴)_hat=      5.5000, ratio=   49.5000
    S=(1, 4): H_hat=    272.2500, (Σy⁴)_hat=      5.5000, ratio=   49.5000
    S=(1, 5): H_hat=      8.2500, (Σy⁴)_hat=      0.0000, ratio=       nan
    S=(2, 3): H_hat=   -272.2500, (Σy⁴)_hat=     -5.5000, ratio=   49.5000
    S=(2, 4): H_hat=     -8.2500, (Σy⁴)_hat=      0.0000, ratio=       nan
    S=(2, 5): H_hat=   -272.2500, (Σy⁴)_hat=     -5.5000, ratio=   49.5000
    S=(3, 4): H_hat=      8.2500, (Σy⁴)_hat=      0.0000, ratio=       nan
    S=(3, 5): H_hat=      8.2500, (Σy⁴)_hat=      0.0000, ratio=       nan
    S=(4, 5): H_hat=    272.2500, (Σy⁴)_hat=      5.5000, ratio=   49.5000

======================================================================
p = 13, m = 6, 2^m = 64
======================================================================

  Distinct moment profiles: 11
  Distinct H values: 6
  Moment profile uniquely determines H? True

  <H> = 3695839.88

  Walsh variance decomposition:
    Degree 2: Σ H_hat²  =     45215543.34 ( 18.4%)
    Degree 4: Σ H_hat²  =    200063808.14 ( 81.6%)

  Degree-by-degree: Interval vs H-min
    Degree 2: Int =     -1556.75, Min =     -1556.75, Δ(Int-Min) =         0.00
    Degree 4: Int =     16891.88, Min =    -24786.12, Δ(Int-Min) =     41678.00

  Walsh spectrum of Σy⁴:
    S=(): coeff = 160.875000
    S=(1, 3): coeff = 6.500000
    S=(1, 4): coeff = -6.500000
    S=(2, 5): coeff = 6.500000
    S=(2, 6): coeff = 6.500000
    S=(3, 4): coeff = -6.500000
    S=(5, 6): coeff = 6.500000
    S=(1, 2, 3, 4): coeff = 19.500000
    S=(1, 2, 3, 6): coeff = -19.500000
    S=(1, 2, 4, 5): coeff = 19.500000
    S=(1, 2, 4, 6): coeff = 19.500000
    S=(1, 2, 5, 6): coeff = 19.500000
    S=(1, 3, 4, 5): coeff = 19.500000
    S=(1, 3, 4, 6): coeff = 19.500000
    S=(1, 3, 5, 6): coeff = -19.500000
    S=(2, 3, 4, 5): coeff = 19.500000
    S=(2, 3, 5, 6): coeff = 19.500000
    S=(2, 4, 5, 6): coeff = -19.500000
    S=(3, 4, 5, 6): coeff = 19.500000

  Degree-2 comparison: H_hat vs (Σy⁴)_hat
    S=(1, 2): H_hat=   2632.5000, (Σy⁴)_hat=      0.0000, ratio=       nan
    S=(1, 3): H_hat=   -778.3750, (Σy⁴)_hat=      6.5000, ratio= -119.7500
    S=(1, 4): H_hat=    778.3750, (Σy⁴)_hat=     -6.5000, ratio= -119.7500
    S=(1, 6): H_hat=  -2632.5000, (Σy⁴)_hat=      0.0000, ratio=       nan
    S=(2, 4): H_hat=   2632.5000, (Σy⁴)_hat=      0.0000, ratio=       nan
    S=(2, 5): H_hat=   -778.3750, (Σy⁴)_hat=      6.5000, ratio= -119.7500
    S=(2, 6): H_hat=   -778.3750, (Σy⁴)_hat=      6.5000, ratio= -119.7500
    S=(3, 4): H_hat=    778.3750, (Σy⁴)_hat=     -6.5000, ratio= -119.7500
    S=(3, 5): H_hat=  -2632.5000, (Σy⁴)_hat=      0.0000, ratio=       nan
    S=(3, 6): H_hat=   2632.5000, (Σy⁴)_hat=      0.0000, ratio=       nan
    S=(4, 5): H_hat=  -2632.5000, (Σy⁴)_hat=      0.0000, ratio=       nan
    S=(5, 6): H_hat=   -778.3750, (Σy⁴)_hat=      6.5000, ratio= -119.7500

======================================================================
SYNTHESIS: THE SIGN FLIP MECHANISM
======================================================================

The phase transition in the H-maximizer occurs because:

1. H decomposes into Walsh degrees: H = H₀ + H₂(σ) + H₄(σ) + ...
2. Each Walsh degree picks up contributions from cycle counts of
   increasing length: degree 2k ←→ cycles up to length 2k+1.
3. Σy⁴ (spectral 4th moment) also decomposes into Walsh degrees 0, 2, 4.
4. The DEGREE-2 Walsh sector determines the J-matrix interaction.
5. The SIGN of degree-2 Walsh coefficients determines:
   - Positive → peaked spectrum (Interval) wins
   - Negative → flat spectrum (Paley) wins

The sign flip occurs between p=11 and p=13 because:
- At p=7,11: short odd cycles dominate H, and Paley has MORE short cycles
  (from flat spectrum → more 3-cycles and 5-cycles)
- At p=13+: disjoint cycle pairs dominate H, and Interval has MORE disjoint
  pairs (from peaked spectrum → bimodal overlap distribution, THM-142)

The crossover is sharp: no prime between 11 and 13 to test.
For p ≡ 3 mod 4: Paley wins at p=7,11, Interval wins at p=19+ (p=13 is 1 mod 4).

DONE.
