======================================================================
REGULAR n=7 TOURNAMENT CYCLE SPECTRUM
======================================================================
m = 21, total = 2097152
E[H] = 78.7500
H_2(regular) = 78.7500
H_0 + H_2 = 157.5000

Found 2640 regular tournaments

======================================================================
CLASS SUMMARY
======================================================================
    H |   cnt |  c3_dir |  c3_vs |  c5_dir |  c5_vs |  c7_dir |  disj33 |  disj35 |  disj55 |   AA^T var
------+-------+---------+--------+---------+--------+---------+---------+---------+---------+-----------
  171 |  1680 |      14 |     14 |      36 |     21 |      15 |      10 |       0 |       0 |   0.285714
  175 |   720 |      14 |     14 |      28 |     21 |      17 |      14 |       0 |       0 |   0.666667
  189 |   240 |      14 |     14 |      42 |     21 |      24 |       7 |       0 |       0 |        0.0

======================================================================
FOURIER-CYCLE BRIDGE: SEPARATING H_4 AND H_6
======================================================================

H_0 + H_2 = 157.5000
So H_4 + H_6 = H - 157.5000

  H=171: H_4+H_6 = 13.5000
    c5_dir = [36], c7_dir = [15], disj_33 = [10]

  H=175: H_4+H_6 = 17.5000
    c5_dir = [28], c7_dir = [17], disj_33 = [14]

  H=189: H_4+H_6 = 31.5000
    c5_dir = [42], c7_dir = [24], disj_33 = [7]

  System of equations (3 unknowns: a, b, c):
  H_4+H_6 = a*c5_dir + b*c7_dir + c
    13.5000 = a*36 + b*15 + c
    17.5000 = a*28 + b*17 + c
    31.5000 = a*42 + b*24 + c

  Solution:
    a (c5 coeff) = -0.00000000
    b (c7 coeff) = 2.00000000
    c (constant) = -16.50000000

  Verification:
    H_4+H_6 predicted=13.50000000, actual=13.50000000, diff=0.0000000000
    H_4+H_6 predicted=17.50000000, actual=17.50000000, diff=0.0000000000
    H_4+H_6 predicted=31.50000000, actual=31.50000000, diff=0.0000000000

  Checking if coefficients are recognizable:
    a = -0.00000000
    b = 2.00000000
    c2 = (n-2)!/2^(n-2) = 3.75000000
    c4 = (n-4)!/2^(n-4) = 0.75000000
    a/c4 = -0.00000000
    a * 5 = -0.00000000
    a * 10 = -0.00000000
    b * 7 = 14.00000000
    b * 14 = 28.00000000
    b * 42 = 84.00000000

  Alternative model: H_4+H_6 = a'*disj_33 + b'*c7_dir + c'
    a' (disj_33) = 0.00000000
    b' (c7_dir)  = 2.00000000
    c' (constant) = -16.50000000

======================================================================
OCF ALPHA DECOMPOSITION
======================================================================

  H=171 (alpha_1=36):
    alpha_0 = 1
    alpha_1 = 36
    alpha_2 = 10
    I(Omega, 2) = 113 (should be 171): MISMATCH!
    Omega vertices: 14 from c3 + 21 from c5 + 1 from c7 = 36

  H=175 (alpha_1=36):
    alpha_0 = 1
    alpha_1 = 36
    alpha_2 = 14
    I(Omega, 2) = 129 (should be 175): MISMATCH!
    Omega vertices: 14 from c3 + 21 from c5 + 1 from c7 = 36

  H=189 (alpha_1=36):
    alpha_0 = 1
    alpha_1 = 36
    alpha_2 = 7
    I(Omega, 2) = 101 (should be 189): MISMATCH!
    Omega vertices: 14 from c3 + 21 from c5 + 1 from c7 = 36

======================================================================
DONE.
