======================================================================
FINDING H=661 MAXIMIZERS AT n=8
======================================================================
  100000/500000 (85.3s), found 104 with H=661
  200000/500000 (162.8s), found 189 with H=661
  300000/500000 (255.1s), found 271 with H=661
  400000/500000 (348.8s), found 341 with H=661
  500000/500000 (445.2s), found 425 with H=661

Found 425 H=661 maximizers in 500000 samples
Max H seen: 661

======================================================================
SPECTRAL ANALYSIS OF MAXIMIZERS
======================================================================

Spectral types by gap:
  gap=3.1900: 61 tournaments, |Pf|=17
  gap=3.2420: 150 tournaments, |Pf|=9
  gap=3.6550: 157 tournaments, |Pf|=9
  gap=4.6000: 57 tournaments, |Pf|=1

======================================================================
BETTI NUMBERS BY SPECTRAL TYPE
======================================================================

  gap=3.1900, |Pf|=17:
    eigenvalues: [0.7809, 1.9713, 2.7809, 3.9713]
    β = [1, 0, 0, 0, 1, 0, 0]
    c3=20, c5=48
    I(Ω₃, x) = [1, 20, 34]

  gap=3.2420, |Pf|=9:
    eigenvalues: [0.3565, 2.2175, 3.1633, 3.5984]
    β = [1, 0, 0, 0, 1, 0, 0]
    c3=20, c5=48
    I(Ω₃, x) = [1, 20, 32]

  gap=3.6550, |Pf|=9:
    eigenvalues: [0.4489, 1.7321, 2.8207, 4.1039]
    β = [1, 0, 0, 0, 0, 0, 0]
    c3=20, c5=48
    I(Ω₃, x) = [1, 20, 35]

  gap=4.6000, |Pf|=1:
    eigenvalues: [0.1051, 0.9004, 2.2460, 4.7046]
    β = [1, 0, 0, 0, 0, 0, 0]
    c3=20, c5=50
    I(Ω₃, x) = [1, 20, 40]

======================================================================
VERTEX-DELETION TOPOLOGY (hereditary check)
======================================================================

  Parent gap=3.1900, β=[1, 0, 0, 0, 1, 0, 0]:
    β(T-v) = [1, 0, 0, 1, 0, 0]: 4 vertex deletions
    β(T-v) = [1, 0, 0, 0, 0, 0]: 4 vertex deletions

  Parent gap=3.2420, β=[1, 0, 0, 0, 1, 0, 0]:
    β(T-v) = [1, 0, 0, 1, 0, 0]: 4 vertex deletions
    β(T-v) = [1, 0, 0, 0, 0, 0]: 4 vertex deletions

  Parent gap=3.6550, β=[1, 0, 0, 0, 0, 0, 0]:
    β(T-v) = [1, 0, 0, 0, 0, 0]: 5 vertex deletions
    β(T-v) = [1, 0, 0, 1, 0, 0]: 3 vertex deletions

  Parent gap=4.6000, β=[1, 0, 0, 0, 0, 0, 0]:
    β(T-v) = [1, 0, 0, 0, 0, 0]: 6 vertex deletions
    β(T-v) = [1, 1, 0, 0, 0, 0]: 2 vertex deletions

======================================================================
COMPLEMENT ANALYSIS
======================================================================
  gap=3.1900: complement has H=661, gap=3.1904, β=[1, 0, 0, 0, 1, 0, 0]
  gap=3.2420: complement has H=661, gap=3.2419, β=[1, 0, 0, 0, 1, 0, 0]
  gap=3.6550: complement has H=661, gap=3.6550, β=[1, 0, 0, 0, 0, 0, 0]
  gap=4.6000: complement has H=661, gap=4.5995, β=[1, 0, 0, 0, 0, 0, 0]

Total time: 560.1s
