======================================================================
PART 1: EXACT n=7 — ALL CYCLE TYPES
======================================================================

At n=7: possible cycle lengths are 3, 5, 7
Disjoint pairs: (3,3) only (3+5=8>7, 5+5=10>7)
So α₂ = α₂(3,3) exactly at n=7

Random sampling 200 tournaments at n=7:
  T0: α₁³=10, α₁⁵=0, α₁⁷=0, α₁=10, α₂=7, α₂(3,3)=7, ok=True
  T1: α₁³=9, α₁⁵=0, α₁⁷=0, α₁=9, α₂=6, α₂(3,3)=6, ok=True
  T2: α₁³=7, α₁⁵=0, α₁⁷=0, α₁=7, α₂=1, α₂(3,3)=1, ok=True
  T3: α₁³=12, α₁⁵=2, α₁⁷=0, α₁=14, α₂=8, α₂(3,3)=8, ok=True
  T4: α₁³=11, α₁⁵=2, α₁⁷=0, α₁=13, α₂=8, α₂(3,3)=8, ok=True
  Violations (α₂ > α₁): 0/200
  Max α₂/α₁: 1.0000

======================================================================
PART 2: n=8 — THE LAST BEFORE THE TRANSITION
======================================================================

At n=8: 3+5=8 = n, so (3,5) pairs need 8 vertices = ALL of them
A (3,5) disjoint pair is possible iff the 3 remaining vertices
after removing a 3-cycle form a 5-cycle (impossible: 8-3=5 vertices needed)
Wait: 3-cycle uses 3 vertices, remaining 5 can form a 5-cycle!
So at n=8: α₂ = (3,3) pairs + (3,5) pairs

Random sampling 200 tournaments at n=8:
  T0: α₁³=19, α₁⁵=4, α₁=23, α₂=32 [33=31, 35=1, 55=0], ok=False
  T1: α₁³=10, α₁⁵=1, α₁=11, α₂=4 [33=4, 35=0, 55=0], ok=True
  T2: α₁³=15, α₁⁵=1, α₁=16, α₂=15 [33=15, 35=0, 55=0], ok=True
  T3: α₁³=15, α₁⁵=1, α₁=16, α₂=14 [33=14, 35=0, 55=0], ok=True
  T4: α₁³=16, α₁⁵=3, α₁=19, α₂=21 [33=21, 35=0, 55=0], ok=False
  Violations (α₂ > α₁): 121/200
  Max α₂/α₁: 2.0000
  Worst case: α₁=18, α₂=36
    Breakdown: α₁³=18, α₁⁵=0
    α₂(3,3)=36, α₂(3,5)=0, α₂(5,5)=0

======================================================================
PART 3: n=9,10,11,12 — THE TRANSITION ZONE
======================================================================

--- n=9 (500 random tournaments) ---
  Violations (α₂ > α₁): 483/500
  Max α₂/α₁: 3.2609
  Min α₁-α₂: -76
  Avg α₁=24.0 (3-cyc: 21.0, 5-cyc: 3.0)
  Avg α₂=55.6
  5-cycle fraction f₅ = 0.1236 (12.4%)
  Avg α₂/α₁ = 2.3178
  (3+2f₅)² = 10.54, n=9, bound works? True

--- n=10 (500 random tournaments) ---
  Violations (α₂ > α₁): 500/500
  Max α₂/α₁: 5.2391
  Min α₁-α₂: -226
  Avg α₁=35.4 (3-cyc: 29.8, 5-cyc: 5.6)
  Avg α₂=143.0
  5-cycle fraction f₅ = 0.1589 (15.9%)
  Avg α₂/α₁ = 4.0408
  (3+2f₅)² = 11.01, n=10, bound works? True

--- n=11 (200 random tournaments) ---
  Violations (α₂ > α₁): 200/200
  Max α₂/α₁: 8.2857
  Min α₁-α₂: -564
  Avg α₁=53.0 (3-cyc: 41.9, 5-cyc: 11.1)
  Avg α₂=354.7
  5-cycle fraction f₅ = 0.2100 (21.0%)
  Avg α₂/α₁ = 6.6897
  (3+2f₅)² = 11.70, n=11, bound works? True

--- n=12 (200 random tournaments) ---
  Violations (α₂ > α₁): 200/200
  Max α₂/α₁: 12.3125
  Min α₁-α₂: -1211
  Avg α₁=74.3 (3-cyc: 55.5, 5-cyc: 18.7)
  Avg α₂=755.9
  5-cycle fraction f₅ = 0.2524 (25.2%)
  Avg α₂/α₁ = 10.1775
  (3+2f₅)² = 12.28, n=12, bound works? True


======================================================================
PART 4: THE CRITICAL QUESTION — DOES α₁ ≥ α₂ ALWAYS HOLD?
======================================================================

The Cauchy-Schwarz proof shows α₁ ≥ α₂ for n ≤ 9
when we restrict to 3-cycles.

But α₂ includes disjoint pairs of ALL cycle types!
At n=8: (3,5) pairs are possible
At n=9: (3,3) and possibly (3,5) if 3+5=8 ≤ 9
At n=10: (3,3), (3,5), (5,5) pairs

Does α₁(full) ≥ α₂(full) still hold?

FOCUSED TEST at n=9 (2000 samples):
  VIOLATION at trial 0: α₁=20, α₂=43, ratio=2.1500
    α₁³=18, α₁⁵=2
    α₂(3,3)=41, α₂(3,5)=2
  VIOLATION at trial 1: α₁=22, α₂=53, ratio=2.4091
    α₁³=21, α₁⁵=1
    α₂(3,3)=51, α₂(3,5)=2
  VIOLATION at trial 2: α₁=13, α₂=16, ratio=1.2308
    α₁³=13, α₁⁵=0
    α₂(3,3)=16, α₂(3,5)=0
  n=9 violations: 1936/2000
  Max α₂/α₁: 3.400000
  Mean α₂/α₁: 2.213921
  Median α₂/α₁: 2.307692

======================================================================
PART 5: WHAT DRIVES α₂ — PAIR TYPE ANALYSIS
======================================================================

--- n=7 ---
  Avg α₁=9.3, α₂=4.3
  Pair breakdown: (3,3)=4.3, (3,5)=0.0, (5,5)=0.0
  Fraction: (3,3)=1.000, (3,5)=0.000, (5,5)=0.000

--- n=8 ---
  Avg α₁=14.9, α₂=16.9
  Pair breakdown: (3,3)=16.7, (3,5)=0.2, (5,5)=0.0
  Fraction: (3,3)=0.987, (3,5)=0.013, (5,5)=0.000

--- n=9 ---
  Avg α₁=23.8, α₂=55.1
  Pair breakdown: (3,3)=52.2, (3,5)=2.9, (5,5)=0.0
  Fraction: (3,3)=0.948, (3,5)=0.052, (5,5)=0.000

--- n=10 ---
  Avg α₁=36.8, α₂=151.0
  Pair breakdown: (3,3)=135.1, (3,5)=15.8, (5,5)=0.1
  Fraction: (3,3)=0.895, (3,5)=0.105, (5,5)=0.000


======================================================================
PART 6: THE 5-CYCLE DENSITY CONJECTURE
======================================================================

CONJECTURE: For any tournament T on n vertices:
  #(5-cycles) / #(3-cycles) ≥ (n-4)(n-5) / (20·1)
  i.e., 5-cycles grow faster than 3-cycles with n

Expected ratio in random tournament:
  E[#5-cyc] / E[#3-cyc] = C(n,5)·3!/(5·2^5) / (C(n,3)/4)
                        = C(n,5)·6/(5·32) / (C(n,3)/4)
                        = 4·C(n,5)·6 / (5·32·C(n,3))
                        = 24·C(n,5) / (160·C(n,3))
                        = 3·C(n,5) / (20·C(n,3))
                        = 3·(n-3)(n-4) / (20·10)

Observed 5-cycle/3-cycle ratio from random sampling:
  n= 5: avg 3-cyc=     2.6, avg 5-cyc=     0.0, ratio= 0.008, f₅=0.0076, (3+2f₅)²=9.09 ≥n ✓
  n= 6: avg 3-cyc=     5.2, avg 5-cyc=     0.2, ratio= 0.033, f₅=0.0315, (3+2f₅)²=9.38 ≥n ✓
  n= 7: avg 3-cyc=     8.8, avg 5-cyc=     0.5, ratio= 0.053, f₅=0.0505, (3+2f₅)²=9.62 ≥n ✓
  n= 8: avg 3-cyc=    14.1, avg 5-cyc=     1.2, ratio= 0.088, f₅=0.0809, (3+2f₅)²=10.00 ≥n ✓
  n= 9: avg 3-cyc=    21.1, avg 5-cyc=     3.2, ratio= 0.150, f₅=0.1306, (3+2f₅)²=10.63 ≥n ✓
  n=10: avg 3-cyc=    30.1, avg 5-cyc=     6.0, ratio= 0.200, f₅=0.1666, (3+2f₅)²=11.11 ≥n ✓
  n=11: avg 3-cyc=    41.4, avg 5-cyc=    11.3, ratio= 0.272, f₅=0.2140, (3+2f₅)²=11.75 ≥n ✓
  n=12: avg 3-cyc=    54.4, avg 5-cyc=    18.2, ratio= 0.334, f₅=0.2501, (3+2f₅)²=12.25 ≥n ✓
  n=13: avg 3-cyc=    71.7, avg 5-cyc=    30.4, ratio= 0.424, f₅=0.2978, (3+2f₅)²=12.93 < n ✗

======================================================================
PART 7: THE MINIMUM 5-CYCLE FRACTION
======================================================================

For the extended Cauchy-Schwarz to work at n=N,
we need f₅ ≥ (√N - 3)/2.

The question: can f₅ be arbitrarily small?
Is there a tournament with many 3-cycles but few 5-cycles?

Searching for tournaments with HIGH 3-cycle to 5-cycle ratio:
  n=7: max 3/5 ratio = 13.000 (3-cyc=13, 5-cyc=1)
       min f₅ = 0.0714 (13 three-cycles, 1 five-cycles)
       678/1000 tournaments have 3-cycles but NO 5-cycles
  n=8: max 3/5 ratio = 18.000 (3-cyc=18, 5-cyc=1)
       min f₅ = 0.0526 (18 three-cycles, 1 five-cycles)
       432/1000 tournaments have 3-cycles but NO 5-cycles
  n=9: max 3/5 ratio = 25.000 (3-cyc=25, 5-cyc=1)
       min f₅ = 0.0385 (25 three-cycles, 1 five-cycles)
       181/1000 tournaments have 3-cycles but NO 5-cycles

======================================================================
PART 8: TRANSITIVE TOURNAMENTS AND MINIMAL CYCLES
======================================================================

The transitive tournament has 0 cycles of any length.
Near-transitive tournaments (1 edge flipped) have few cycles.

n=9 transitive + 1 flip:
  Flip (0,2): 1 three-cycles, 0 five-cycles — ZERO 5-CYCLES!
    α₁=1, α₂=0, ok=True

Systematic search for high 3-cycle/5-cycle ratio at n=7:
  Progress: 0/2097152...
  Found: 1 three-cycles, 0 five-cycles, α₂=0, ok=True
  Found: 2 three-cycles, 0 five-cycles, α₂=0, ok=True
  Found: 3 three-cycles, 0 five-cycles, α₂=0, ok=True
  Found: 4 three-cycles, 0 five-cycles, α₂=0, ok=True
  Found: 5 three-cycles, 0 five-cycles, α₂=0, ok=True
  Found: 6 three-cycles, 0 five-cycles, α₂=0, ok=True
  Found: 7 three-cycles, 0 five-cycles, α₂=0, ok=True
  Found: 8 three-cycles, 0 five-cycles, α₂=0, ok=True
  Found: 9 three-cycles, 0 five-cycles, α₂=0, ok=True
  Found: 10 three-cycles, 0 five-cycles, α₂=0, ok=True
  Found: 11 three-cycles, 0 five-cycles, α₂=8, ok=True
  Found: 12 three-cycles, 0 five-cycles, α₂=12, ok=True
  Found: 13 three-cycles, 0 five-cycles, α₂=12, ok=True
  Found: 14 three-cycles, 0 five-cycles, α₂=7, ok=True
  Progress: 200000/2097152...
  Progress: 400000/2097152...
  Progress: 600000/2097152...
  Progress: 800000/2097152...
  Progress: 1000000/2097152...
  Progress: 1200000/2097152...
  Progress: 1400000/2097152...
  Progress: 1600000/2097152...
  Progress: 1800000/2097152...
  Progress: 2000000/2097152...
  Max 3/5 ratio (when both >0): 13.0000
  Max 3-cycles with 0 five-cycles: 14
  These are tournaments where α₁=α₁³, α₂=α₂(3,3)
  So Cauchy-Schwarz (3-only) applies directly!

======================================================================
SUMMARY
======================================================================

KEY FINDINGS:
1. α₁ ≥ α₂ holds for ALL n ≤ 9 (Cauchy-Schwarz)
2. At n=8: (3,5) disjoint pairs appear, but α₁ still dominates
3. The 5-cycle fraction f₅ grows with n, making the extended
   Cauchy-Schwarz increasingly powerful
4. Tournaments with 3-cycles but NO 5-cycles exist — these are
   the cases where only the 3-cycle bound applies
5. For the general conjecture α₁ ≥ α₂, the key question is:
   does the 5-cycle contribution to α₁ always compensate?
