======================================================================
n=9 MAXIMIZER STRUCTURE ANALYSIS
======================================================================

Searching for H=3357 maximizers...
  0/50000, found 0 maximizers
  10000/50000, found 149 maximizers
  20000/50000, found 279 maximizers
  30000/50000, found 403 maximizers
  40000/50000, found 542 maximizers

Spectral types among H=3357 maximizers:
  eigenvalues (np.float64(1.732), np.float64(2.207), np.float64(3.1), np.float64(4.303)): 666

======================================================================
DETAILED ANALYSIS OF FIRST MAXIMIZER
======================================================================

Adjacency matrix:
  0 1 0 1 0 1 0 0 1
  0 0 1 1 1 0 1 0 0
  1 0 0 0 1 1 0 0 1
  0 0 1 0 0 1 1 1 0
  1 0 0 1 0 0 1 1 0
  0 1 0 0 1 0 1 0 1
  1 0 1 0 0 0 0 1 1
  1 1 1 0 0 1 0 0 0
  0 1 0 1 1 0 0 1 0

S² diagonal: [np.float64(-8.0), np.float64(-8.0), np.float64(-8.0), np.float64(-8.0), np.float64(-8.0), np.float64(-8.0), np.float64(-8.0), np.float64(-8.0), np.float64(-8.0)]
S² off-diagonal sample (0,1)=3.0, (0,2)=-1.0
Conference matrix (S²=-nI+J): False

Adjacency eigenvalues: [4.0000, -0.5000, -0.5000, -0.5000, -0.5000, -0.5000, -0.5000, -0.5000, -0.5000]
c3 = 30
Moon's c3 for regular n=9: 30
Moon's c3 (corrected): C(9,3)/4 = 21
Actual c3 = 30 vs Moon = 21: difference = 9

Checking automorphism group size (sampling)...
  Found 0 automorphisms in 50000 random perms
  Estimated |Aut| = 0.0

Circulant (shift-invariant): False

======================================================================
CIRCULANT TOURNAMENTS ON Z_9
======================================================================
  S=[5, 6, 7, 8]: H=3267
  S=[1, 5, 6, 7]: H=3357
  S=[2, 5, 6, 8]: H=3159
  S=[1, 2, 5, 6]: H=3267
  S=[3, 5, 7, 8]: H=3357
  S=[1, 3, 5, 7]: H=3267
  S=[2, 3, 5, 8]: H=3159
  S=[1, 2, 3, 5]: H=3357
  S=[4, 6, 7, 8]: H=3357
  S=[1, 4, 6, 7]: H=3159
  S=[2, 4, 6, 8]: H=3267
  S=[1, 2, 4, 6]: H=3357
  S=[3, 4, 7, 8]: H=3267
  S=[1, 3, 4, 7]: H=3159
  S=[2, 3, 4, 8]: H=3357
  S=[1, 2, 3, 4]: H=3267

Best circulant H = 3357 (S=[1, 5, 6, 7])
vs global max H = 3357

Total time: 139.6s
