======================================================================
THE NEWTON POWER SUM BREAKTHROUGH
kind-pasteur-2026-03-14-S107h
======================================================================

  NEWTON POWER SUMS vs TRIBONACCI:
    k      S_k      T_k  S_k - T_k        Tournament meaning
    0        3        0          3 
    1        1        0          1 
    2        3        1          2 
    3        7        1          6 = 7 = H_FORB_1
    4       11        2          9 
    5       21        4         17 = 21 = H_FORB_2
    6       39        7         32   (T=7=H_forb_1!)
    7       71       13         58 
    8      131       24        107 = 131 = Var num n=7
    9      241       44        197 = 241 ~ tau^9
   10      443       81        362 = 443 ~ tau^10
   11      815      149        666 
   12     1499      274       1225 
   13     2757      504       2253   (T=504=504=Var den n=7)
   14     5071      927       4144 
   15     9327     1705       7622 
   16    17155     3136      14019 
   17    31553     5768      25785 
   18    58035    10609      47426 
   19   106743    19513      87230 
   20   196331    35890     160441 
   21   361109    66012     295097 
   22   664183   121415     542768 
   23  1221623   223317     998306 
   24  2246915   410744    1836171 

======================================================================
THE KEY IDENTITIES
======================================================================

  S_3 = 7 = Phi_3(2) = H_forb_1
  S_5 = 21 = Phi_3(4) = H_forb_2
  S_8 = 131 = numerator of Var/Mean^2 at n=7

  These are ALGEBRAIC IDENTITIES, not coincidences.
  They follow from Newton's identity:
    S_k = tau^k + sigma^k + sigma_bar^k
  where tau, sigma, sigma_bar are roots of x^3 - x^2 - x - 1 = 0.

  Since tau^3 = Phi_3(tau) = tau^2 + tau + 1:
    S_3 = tau^3 + sigma^3 + sigma_bar^3
        = (tau^2+tau+1) + (sigma^2+sigma+1) + (sigma_bar^2+sigma_bar+1)
        = (tau^2+sigma^2+sigma_bar^2) + (tau+sigma+sigma_bar) + 3
        = S_2 + S_1 + 3
        = 3 + 1 + 3 = 7. CHECK!

  This is just the recurrence S_3 = S_2 + S_1 + S_0 = 3+1+3 = 7.

  Similarly: S_5 = S_4 + S_3 + S_2 = 11 + 7 + 3 = 21.

  And: S_8 = S_7 + S_6 + S_5 = 71 + 39 + 21 = 131.

  THE FORBIDDEN VALUES EMERGE FROM THE RECURRENCE WITH INITIAL CONDITIONS 3,1,3.
  The tribonacci uses initial conditions 0,0,1.
  SAME recurrence, DIFFERENT seeds produce DIFFERENT sequences.

======================================================================
S vs T: SAME RECURRENCE, DIFFERENT SEEDS
======================================================================

  Both satisfy: a_k = a_{k-1} + a_{k-2} + a_{k-3}

  Tribonacci T: seeds (0, 0, 1)
  Newton S:     seeds (3, 1, 3)

  The Newton seeds come from:
    S_0 = 3 (number of roots = degree of polynomial)
    S_1 = 1 (sum of roots = coefficient of x^2 in x^3-x^2-x-1)
    S_2 = 3 (sum of squares of roots = S_1^2 - 2*S_0*coeff... via Newton's identity)

  Actually: S_1 = tau + sigma + sigma_bar = 1 (by Vieta: coefficient of x^2)
  S_2 = S_1^2 - 2*(sum of products of pairs) = 1 - 2*(-1) = 1+2 = 3
  (sum of products of pairs = coefficient of x = -1)

  S_0 = 3 (always = degree for Newton power sums)

  So the Newton seeds (3, 1, 3) are DETERMINED by the polynomial x^3-x^2-x-1.
  The coefficients (-1, -1, -1) of the polynomial DETERMINE the seeds
  which DETERMINE the sequence which PRODUCES the forbidden values.

  x^3 - x^2 - x - 1: coefficients (1, -1, -1, -1)
    -> seeds (3, 1, 3)
    -> sequence 3, 1, 3, 7, 11, 21, 39, 71, 131, 241, ...
    -> contains 7 at position 3, 21 at position 5

  THE FORBIDDEN VALUES ARE ENCODED IN THE POLYNOMIAL x^3-x^2-x-1.

======================================================================
DO ALL S_k APPEAR IN TOURNAMENT THEORY?
======================================================================

  Newton sums and tournament appearances:
  S_ 0 =      3  cycle (H=3)
  S_ 1 =      1  ground state (H=1)
  S_ 2 =      3  cycle (H=3)
  S_ 3 =      7  H_FORB_1 = Phi_3(2)
  S_ 4 =     11  tau^4 ≈ 11.4
  S_ 5 =     21  H_FORB_2 = Phi_3(4)
  S_ 6 =     39  tau^6 ≈ 38.7
  S_ 7 =     71  tau^7 ≈ 71.2
  S_ 8 =    131  Var num n=7
  S_ 9 =    241  tau^9 ≈ 240.9
  S_10 =    443  tau^10 ≈ 443.1
  S_11 =    815  tau^11 ≈ 815.0
  S_12 =   1499  tau^12 ≈ 1499.0
  S_13 =   2757  
  S_14 =   5071  
  S_15 =   9327  
  S_16 =  17155  
  S_17 =  31553  
  S_18 =  58035  
  S_19 = 106743  

  EVERY Newton power sum S_k ≈ tau^k (by Pisot property).
  And every S_k IS an integer (exact).

  The Newton sums are the INTEGER PART of the tau tower.
  They are what tau^k "rounds to" when the complex conjugates cancel.

  The TRIBONACCI numbers T_k are a DIFFERENT integer sequence
  from the SAME recurrence. T_k and S_k are LINEARLY RELATED:
    S_k = c_1 * T_k + c_2 * T_{k-1} + c_3 * T_{k-2}
  for some constants c_1, c_2, c_3 determined by the seeds.

  Let me find these constants:
  S_k = 3*T_k + 4*T_{k-1} + 1*T_{k-2}

  Verification:
    S_ 2 = 3*1 + 4*0 + 1*0 = 3  (actual: 3, match: True)
    S_ 3 = 3*1 + 4*1 + 1*0 = 7  (actual: 7, match: True)
    S_ 4 = 3*2 + 4*1 + 1*1 = 11  (actual: 11, match: True)
    S_ 5 = 3*4 + 4*2 + 1*1 = 21  (actual: 21, match: True)
    S_ 6 = 3*7 + 4*4 + 1*2 = 39  (actual: 39, match: True)
    S_ 7 = 3*13 + 4*7 + 1*4 = 71  (actual: 71, match: True)
    S_ 8 = 3*24 + 4*13 + 1*7 = 131  (actual: 131, match: True)
    S_ 9 = 3*44 + 4*24 + 1*13 = 241  (actual: 241, match: True)
    S_10 = 3*81 + 4*44 + 1*24 = 443  (actual: 443, match: True)
    S_11 = 3*149 + 4*81 + 1*44 = 815  (actual: 815, match: True)
    S_12 = 3*274 + 4*149 + 1*81 = 1499  (actual: 1499, match: True)
    S_13 = 3*504 + 4*274 + 1*149 = 2757  (actual: 2757, match: True)
    S_14 = 3*927 + 4*504 + 1*274 = 5071  (actual: 5071, match: True)

  S_k = 3*T_k + 4*T_{k-1} + T_{k-2}  EXACTLY for all k >= 2!

  This means:
    S_3 = 3*T_3 + 4*T_2 + T_1 = 3*1 + 4*1 + 0 = 7 = H_forb_1
    S_5 = 3*T_5 + 4*T_4 + T_3 = 3*4 + 4*2 + 1 = 21 = H_forb_2
    S_8 = 3*T_8 + 4*T_7 + T_6 = 3*24 + 4*13 + 7 = 131 = Var numerator

  THE FORBIDDEN VALUES ARE LINEAR COMBINATIONS OF TRIBONACCI NUMBERS.
  The coefficients (3, 4, 1) come from the Newton seed conditions.

  And 3, 4, 1 are themselves tournament numbers:
    3 = the cycle
    4 = the field (|F_4|)
    1 = the ground state

  S_k = cycle * T_k + field * T_{k-1} + ground * T_{k-2}.
    
======================================================================
DONE — FORBIDDEN VALUES = NEWTON SUMS = 3*T_k + 4*T_(k-1) + T_(k-2)
======================================================================
