======================================================================
NON-SIMPLE 7-WALK CORRECTION
======================================================================

============================================================
p=7, m=3
============================================================
  c3 = 14 (constant)
  c4 values: [21, 28]
  c5 values: [28, 42]
  c7 values: [17, 24]
  N7 values: [2058, 2646]

  Fit N7 = 84.0000*c4 + 294.0000, max_residual=0.0000
    a / c3 = 6.000000
    12/p = 1.714286
    12*c3/p = 24.0000 (actual a = 84.0000)

  Bivariate fit: N7 = 71.1905*c4 + -6.4048*c5 + 832.0000
    max_residual = 0.0000
    *** EXACT FIT! N7 is a LINEAR function of c4 and c5 ***
    a = 1495/21
    c = 832/1

  Degree-2 Walsh coefficients:
      pair   q       h_c4       h_c5       h_c7     h_N7/7     h_tr/7
  (0,1) q=  3:    -1.7500     3.5000     1.7500   -21.0000   -19.2500
  (0,2) q=  3:     1.7500    -3.5000    -1.7500    21.0000    19.2500
  (1,2) q=  3:     1.7500    -3.5000    -1.7500    21.0000    19.2500

  Predicted Walsh from bivariate fit:
    (0,1) q=3: h_N7=-147.0000, pred=-147.0000, match=True
    (0,2) q=3: h_N7=147.0000, pred=147.0000, match=True
    (1,2) q=3: h_N7=147.0000, pred=147.0000, match=True

============================================================
p=11, m=5
============================================================
  c3 = 55 (constant)
  c4 values: [165, 176, 187, 220]
  c5 values: [484, 550, 572, 594]
  c7 values: [3399, 3586, 3729, 3960]
  N7 values: [50820, 53515, 56749, 65450]

  Fit N7 = 268.8000*c4 + 6342.8750, max_residual=140.5250
    a / c3 = 4.887273
    12/p = 1.090909
    12*c3/p = 60.0000 (actual a = 268.8000)
  Singular matrix in bivariate fit

  Degree-2 Walsh coefficients:
      pair   q       h_c4       h_c5       h_c7     h_N7/7     h_tr/7
  (0,1) q=  5:     0.0000     0.0000   -20.6250     4.1250   -16.5000
  (0,2) q=  3:     2.7500    -5.5000   -15.1250   111.3750    96.2500
  (0,3) q=  3:     2.7500    -5.5000   -15.1250   111.3750    96.2500
  (0,4) q=  5:     0.0000     0.0000    20.6250    -4.1250    16.5000
  (1,2) q=  3:    -2.7500     5.5000    15.1250  -111.3750   -96.2500
  (1,3) q=  5:     0.0000     0.0000   -20.6250     4.1250   -16.5000
  (1,4) q=  3:    -2.7500     5.5000    15.1250  -111.3750   -96.2500
  (2,3) q=  5:     0.0000     0.0000    20.6250    -4.1250    16.5000
  (2,4) q=  5:     0.0000     0.0000    20.6250    -4.1250    16.5000
  (3,4) q=  3:     2.7500    -5.5000   -15.1250   111.3750    96.2500

  Predicted Walsh from bivariate fit:
    (0,1) q=5: h_N7=28.8750, pred=0.0000, match=False
    (0,2) q=3: h_N7=779.6250, pred=231.0000, match=False
    (0,3) q=3: h_N7=779.6250, pred=231.0000, match=False
    (0,4) q=5: h_N7=-28.8750, pred=0.0000, match=False
    (1,2) q=3: h_N7=-779.6250, pred=-231.0000, match=False
    (1,3) q=5: h_N7=28.8750, pred=0.0000, match=False
    (1,4) q=3: h_N7=-779.6250, pred=-231.0000, match=False
    (2,3) q=5: h_N7=-28.8750, pred=0.0000, match=False
    (2,4) q=5: h_N7=-28.8750, pred=0.0000, match=False
    (3,4) q=3: h_N7=779.6250, pred=231.0000, match=False

DONE.
