P_7 (m=3):
  d    |A_d|     junk     rank  nullity    Omega
  0        1        0        0        0        1
  1        3        0        0        0        3
  2        9        3        3        0        6
  3       21       12       12        0        9
  4       39       39       30        9        9
  5       45       72       39       33        6
  6       27       66       24       42        3

P_11 (m=5):
  d    |A_d|     junk     rank  nullity    Omega
  d=0: |A_d| = 1
  0        1        0        0        0        1
  d=1: |A_d| = 5
  1        5        0        0        0        5
  d=2: |A_d| = 25
  2       25        5        5        0       20
  d=3: |A_d| = 110
  3      110       40       40        0       70
  d=4: |A_d| = 430
  4      430      250      225       25      205
  d=5: |A_d| = 1430
  5     1430     1220      970      250      460
  d=6: |A_d| = 3970
  6     3970     4890     3270     1620      700
  d=7: |A_d| = 8735
