======================================================================
OBLONG SIMPLEX VALUES = m²+m+1
======================================================================

m²+m+1 sequence (cyclotomic Φ₃(m)):
  m=0: m²+m+1 =     1,  x=m(m+1)=  0,  (x+1)=1
  m=1: m²+m+1 =     3,  x=m(m+1)=  2,  (x+1)=3
  m=2: m²+m+1 =     7,  x=m(m+1)=  6,  (x+1)=7
  m=3: m²+m+1 =    13,  x=m(m+1)= 12,  (x+1)=13
  m=4: m²+m+1 =    21,  x=m(m+1)= 20,  (x+1)=21
  m=5: m²+m+1 =    31,  x=m(m+1)= 30,  (x+1)=31
  m=6: m²+m+1 =    43,  x=m(m+1)= 42,  (x+1)=43
  m=7: m²+m+1 =    57,  x=m(m+1)= 56,  (x+1)=57
  m=8: m²+m+1 =    73,  x=m(m+1)= 72,  (x+1)=73
  m=9: m²+m+1 =    91,  x=m(m+1)= 90,  (x+1)=91

So the 'simplex at oblong' is just m²+m+1.
This is the CYCLOTOMIC POLYNOMIAL Φ₃(m) = (m³-1)/(m-1) = m²+m+1

======================================================================
WHICH Φ₃(m) VALUES ARE ACHIEVABLE AS H?
======================================================================

  Φ₃( 0) =    1  achievable
  Φ₃( 1) =    3  achievable
  Φ₃( 2) =    7  PERMANENTLY FORBIDDEN
  Φ₃( 3) =   13  achievable
  Φ₃( 4) =   21  PERMANENTLY FORBIDDEN
  Φ₃( 5) =   31  achievable
  Φ₃( 6) =   43  achievable
  Φ₃( 7) =   57  achievable
  Φ₃( 8) =   73  achievable
  Φ₃( 9) =   91  achievable
  Φ₃(10) =  111  achievable
  Φ₃(11) =  133  achievable
  Φ₃(12) =  157  achievable
  Φ₃(13) =  183  gap at n=7 (fills later)
  Φ₃(14) =  211  achievable
  Φ₃(15) =  241  achievable
  Φ₃(16) =  273  achievable
  Φ₃(17) =  307  achievable
  Φ₃(18) =  343  achievable
  Φ₃(19) =  381  achievable

REMARKABLE: The ONLY permanently forbidden Φ₃ values are m=2 and m=4!

======================================================================
STRUCTURAL ANALYSIS: WHY m=2 AND m=4?
======================================================================

Searching for graphs G with I(G,2) = Φ₃(m)...

  I(G,2) = 3 = Φ₃(1): n=1, edges=0, graph=[]
  I(G,2) = 7 = Φ₃(2): n=3, edges=3, graph=[(0, 1), (0, 2), (1, 2)]
  I(G,2) = 21 = Φ₃(4): n=4, edges=3, graph=[(0, 1), (0, 2), (1, 2)]
  I(G,2) = 21 = Φ₃(4): n=4, edges=3, graph=[(0, 1), (0, 2), (1, 3)]
  I(G,2) = 21 = Φ₃(4): n=4, edges=3, graph=[(0, 1), (0, 2), (2, 3)]
  I(G,2) = 21 = Φ₃(4): n=4, edges=3, graph=[(0, 1), (0, 3), (1, 2)]
  I(G,2) = 21 = Φ₃(4): n=4, edges=3, graph=[(0, 1), (0, 3), (1, 3)]
  I(G,2) = 21 = Φ₃(4): n=4, edges=3, graph=[(0, 1), (0, 3), (2, 3)]
  I(G,2) = 21 = Φ₃(4): n=4, edges=3, graph=[(0, 1), (1, 2), (2, 3)]
  I(G,2) = 21 = Φ₃(4): n=4, edges=3, graph=[(0, 1), (1, 3), (2, 3)]
  I(G,2) = 21 = Φ₃(4): n=4, edges=3, graph=[(0, 2), (0, 3), (1, 2)]
  I(G,2) = 21 = Φ₃(4): n=4, edges=3, graph=[(0, 2), (0, 3), (1, 3)]
  I(G,2) = 21 = Φ₃(4): n=4, edges=3, graph=[(0, 2), (0, 3), (2, 3)]
  I(G,2) = 21 = Φ₃(4): n=4, edges=3, graph=[(0, 2), (1, 2), (1, 3)]
  I(G,2) = 21 = Φ₃(4): n=4, edges=3, graph=[(0, 2), (1, 3), (2, 3)]
  I(G,2) = 21 = Φ₃(4): n=4, edges=3, graph=[(0, 3), (1, 2), (1, 3)]
  I(G,2) = 21 = Φ₃(4): n=4, edges=3, graph=[(0, 3), (1, 2), (2, 3)]
  I(G,2) = 21 = Φ₃(4): n=4, edges=3, graph=[(1, 2), (1, 3), (2, 3)]
  I(G,2) = 13 = Φ₃(3): n=4, edges=5, graph=[(0, 1), (0, 2), (0, 3), (1, 2), (1, 3)]
  I(G,2) = 13 = Φ₃(3): n=4, edges=5, graph=[(0, 1), (0, 2), (0, 3), (1, 2), (2, 3)]
  I(G,2) = 13 = Φ₃(3): n=4, edges=5, graph=[(0, 1), (0, 2), (0, 3), (1, 3), (2, 3)]
  I(G,2) = 13 = Φ₃(3): n=4, edges=5, graph=[(0, 1), (0, 2), (1, 2), (1, 3), (2, 3)]
  I(G,2) = 13 = Φ₃(3): n=4, edges=5, graph=[(0, 1), (0, 3), (1, 2), (1, 3), (2, 3)]
  I(G,2) = 13 = Φ₃(3): n=4, edges=5, graph=[(0, 2), (0, 3), (1, 2), (1, 3), (2, 3)]
  I(G,2) = 43 = Φ₃(6): n=5, edges=4, graph=[(0, 1), (0, 2), (1, 3), (2, 4)]
  I(G,2) = 43 = Φ₃(6): n=5, edges=4, graph=[(0, 1), (0, 2), (1, 3), (3, 4)]
  I(G,2) = 43 = Φ₃(6): n=5, edges=4, graph=[(0, 1), (0, 2), (1, 4), (2, 3)]
  I(G,2) = 43 = Φ₃(6): n=5, edges=4, graph=[(0, 1), (0, 2), (1, 4), (3, 4)]
  I(G,2) = 43 = Φ₃(6): n=5, edges=4, graph=[(0, 1), (0, 2), (2, 3), (3, 4)]
  I(G,2) = 43 = Φ₃(6): n=5, edges=4, graph=[(0, 1), (0, 2), (2, 4), (3, 4)]
  I(G,2) = 43 = Φ₃(6): n=5, edges=4, graph=[(0, 1), (0, 3), (1, 2), (2, 4)]
  I(G,2) = 43 = Φ₃(6): n=5, edges=4, graph=[(0, 1), (0, 3), (1, 2), (3, 4)]
  I(G,2) = 43 = Φ₃(6): n=5, edges=4, graph=[(0, 1), (0, 3), (1, 4), (2, 3)]
  I(G,2) = 43 = Φ₃(6): n=5, edges=4, graph=[(0, 1), (0, 3), (1, 4), (2, 4)]
  I(G,2) = 43 = Φ₃(6): n=5, edges=4, graph=[(0, 1), (0, 3), (2, 3), (2, 4)]
  I(G,2) = 43 = Φ₃(6): n=5, edges=4, graph=[(0, 1), (0, 3), (2, 4), (3, 4)]
  I(G,2) = 43 = Φ₃(6): n=5, edges=4, graph=[(0, 1), (0, 4), (1, 2), (2, 3)]
  I(G,2) = 43 = Φ₃(6): n=5, edges=4, graph=[(0, 1), (0, 4), (1, 2), (3, 4)]
  I(G,2) = 43 = Φ₃(6): n=5, edges=4, graph=[(0, 1), (0, 4), (1, 3), (2, 3)]
  I(G,2) = 43 = Φ₃(6): n=5, edges=4, graph=[(0, 1), (0, 4), (1, 3), (2, 4)]
  I(G,2) = 43 = Φ₃(6): n=5, edges=4, graph=[(0, 1), (0, 4), (2, 3), (2, 4)]
  I(G,2) = 43 = Φ₃(6): n=5, edges=4, graph=[(0, 1), (0, 4), (2, 3), (3, 4)]
  I(G,2) = 43 = Φ₃(6): n=5, edges=4, graph=[(0, 1), (1, 2), (2, 3), (3, 4)]
  I(G,2) = 43 = Φ₃(6): n=5, edges=4, graph=[(0, 1), (1, 2), (2, 4), (3, 4)]
  I(G,2) = 43 = Φ₃(6): n=5, edges=4, graph=[(0, 1), (1, 3), (2, 3), (2, 4)]
  I(G,2) = 43 = Φ₃(6): n=5, edges=4, graph=[(0, 1), (1, 3), (2, 4), (3, 4)]
  I(G,2) = 43 = Φ₃(6): n=5, edges=4, graph=[(0, 1), (1, 4), (2, 3), (2, 4)]
  I(G,2) = 43 = Φ₃(6): n=5, edges=4, graph=[(0, 1), (1, 4), (2, 3), (3, 4)]
  I(G,2) = 43 = Φ₃(6): n=5, edges=4, graph=[(0, 2), (0, 3), (1, 2), (1, 4)]
  I(G,2) = 43 = Φ₃(6): n=5, edges=4, graph=[(0, 2), (0, 3), (1, 2), (3, 4)]
  I(G,2) = 43 = Φ₃(6): n=5, edges=4, graph=[(0, 2), (0, 3), (1, 3), (1, 4)]
  I(G,2) = 43 = Φ₃(6): n=5, edges=4, graph=[(0, 2), (0, 3), (1, 3), (2, 4)]
  I(G,2) = 43 = Φ₃(6): n=5, edges=4, graph=[(0, 2), (0, 3), (1, 4), (2, 4)]
  I(G,2) = 43 = Φ₃(6): n=5, edges=4, graph=[(0, 2), (0, 3), (1, 4), (3, 4)]
  I(G,2) = 43 = Φ₃(6): n=5, edges=4, graph=[(0, 2), (0, 4), (1, 2), (1, 3)]
  I(G,2) = 43 = Φ₃(6): n=5, edges=4, graph=[(0, 2), (0, 4), (1, 2), (3, 4)]
  I(G,2) = 43 = Φ₃(6): n=5, edges=4, graph=[(0, 2), (0, 4), (1, 3), (1, 4)]
  I(G,2) = 43 = Φ₃(6): n=5, edges=4, graph=[(0, 2), (0, 4), (1, 3), (2, 3)]
  I(G,2) = 43 = Φ₃(6): n=5, edges=4, graph=[(0, 2), (0, 4), (1, 3), (3, 4)]
  I(G,2) = 43 = Φ₃(6): n=5, edges=4, graph=[(0, 2), (0, 4), (1, 4), (2, 3)]
  I(G,2) = 43 = Φ₃(6): n=5, edges=4, graph=[(0, 2), (1, 2), (1, 3), (3, 4)]
  I(G,2) = 43 = Φ₃(6): n=5, edges=4, graph=[(0, 2), (1, 2), (1, 4), (3, 4)]
  I(G,2) = 43 = Φ₃(6): n=5, edges=4, graph=[(0, 2), (1, 3), (1, 4), (2, 3)]
  I(G,2) = 43 = Φ₃(6): n=5, edges=4, graph=[(0, 2), (1, 3), (1, 4), (2, 4)]
  I(G,2) = 43 = Φ₃(6): n=5, edges=4, graph=[(0, 2), (1, 3), (2, 4), (3, 4)]
  I(G,2) = 43 = Φ₃(6): n=5, edges=4, graph=[(0, 2), (1, 4), (2, 3), (3, 4)]
  I(G,2) = 43 = Φ₃(6): n=5, edges=4, graph=[(0, 3), (0, 4), (1, 2), (1, 3)]
  I(G,2) = 43 = Φ₃(6): n=5, edges=4, graph=[(0, 3), (0, 4), (1, 2), (1, 4)]
  I(G,2) = 43 = Φ₃(6): n=5, edges=4, graph=[(0, 3), (0, 4), (1, 2), (2, 3)]
  I(G,2) = 43 = Φ₃(6): n=5, edges=4, graph=[(0, 3), (0, 4), (1, 2), (2, 4)]
  I(G,2) = 43 = Φ₃(6): n=5, edges=4, graph=[(0, 3), (0, 4), (1, 3), (2, 4)]
  I(G,2) = 43 = Φ₃(6): n=5, edges=4, graph=[(0, 3), (0, 4), (1, 4), (2, 3)]
  I(G,2) = 43 = Φ₃(6): n=5, edges=4, graph=[(0, 3), (1, 2), (1, 3), (2, 4)]
  I(G,2) = 43 = Φ₃(6): n=5, edges=4, graph=[(0, 3), (1, 2), (1, 4), (2, 3)]
  I(G,2) = 43 = Φ₃(6): n=5, edges=4, graph=[(0, 3), (1, 2), (1, 4), (3, 4)]
  I(G,2) = 43 = Φ₃(6): n=5, edges=4, graph=[(0, 3), (1, 2), (2, 4), (3, 4)]
  I(G,2) = 43 = Φ₃(6): n=5, edges=4, graph=[(0, 3), (1, 3), (1, 4), (2, 4)]
  I(G,2) = 43 = Φ₃(6): n=5, edges=4, graph=[(0, 3), (1, 4), (2, 3), (2, 4)]
  I(G,2) = 43 = Φ₃(6): n=5, edges=4, graph=[(0, 4), (1, 2), (1, 3), (2, 4)]
  I(G,2) = 43 = Φ₃(6): n=5, edges=4, graph=[(0, 4), (1, 2), (1, 3), (3, 4)]
  I(G,2) = 43 = Φ₃(6): n=5, edges=4, graph=[(0, 4), (1, 2), (1, 4), (2, 3)]
  I(G,2) = 43 = Φ₃(6): n=5, edges=4, graph=[(0, 4), (1, 2), (2, 3), (3, 4)]
  I(G,2) = 43 = Φ₃(6): n=5, edges=4, graph=[(0, 4), (1, 3), (1, 4), (2, 3)]
  I(G,2) = 43 = Φ₃(6): n=5, edges=4, graph=[(0, 4), (1, 3), (2, 3), (2, 4)]
  I(G,2) = 31 = Φ₃(5): n=5, edges=5, graph=[(0, 1), (0, 2), (0, 3), (1, 2), (3, 4)]
  I(G,2) = 31 = Φ₃(5): n=5, edges=5, graph=[(0, 1), (0, 2), (0, 3), (1, 3), (2, 4)]
  I(G,2) = 31 = Φ₃(5): n=5, edges=5, graph=[(0, 1), (0, 2), (0, 3), (1, 4), (2, 3)]
  I(G,2) = 31 = Φ₃(5): n=5, edges=5, graph=[(0, 1), (0, 2), (0, 4), (1, 2), (3, 4)]
  I(G,2) = 31 = Φ₃(5): n=5, edges=5, graph=[(0, 1), (0, 2), (0, 4), (1, 3), (2, 4)]
  I(G,2) = 31 = Φ₃(5): n=5, edges=5, graph=[(0, 1), (0, 2), (0, 4), (1, 4), (2, 3)]
  I(G,2) = 31 = Φ₃(5): n=5, edges=5, graph=[(0, 1), (0, 2), (1, 2), (1, 3), (3, 4)]
  I(G,2) = 31 = Φ₃(5): n=5, edges=5, graph=[(0, 1), (0, 2), (1, 2), (1, 4), (3, 4)]
  I(G,2) = 31 = Φ₃(5): n=5, edges=5, graph=[(0, 1), (0, 2), (1, 2), (2, 3), (3, 4)]
  I(G,2) = 31 = Φ₃(5): n=5, edges=5, graph=[(0, 1), (0, 2), (1, 2), (2, 4), (3, 4)]
  I(G,2) = 31 = Φ₃(5): n=5, edges=5, graph=[(0, 1), (0, 2), (1, 3), (1, 4), (3, 4)]
  I(G,2) = 31 = Φ₃(5): n=5, edges=5, graph=[(0, 1), (0, 2), (1, 3), (2, 4), (3, 4)]
  I(G,2) = 31 = Φ₃(5): n=5, edges=5, graph=[(0, 1), (0, 2), (1, 4), (2, 3), (3, 4)]
  I(G,2) = 31 = Φ₃(5): n=5, edges=5, graph=[(0, 1), (0, 2), (2, 3), (2, 4), (3, 4)]
  I(G,2) = 31 = Φ₃(5): n=5, edges=5, graph=[(0, 1), (0, 3), (0, 4), (1, 2), (3, 4)]
  I(G,2) = 31 = Φ₃(5): n=5, edges=5, graph=[(0, 1), (0, 3), (0, 4), (1, 3), (2, 4)]
  I(G,2) = 31 = Φ₃(5): n=5, edges=5, graph=[(0, 1), (0, 3), (0, 4), (1, 4), (2, 3)]
  I(G,2) = 31 = Φ₃(5): n=5, edges=5, graph=[(0, 1), (0, 3), (1, 2), (1, 3), (2, 4)]
  I(G,2) = 31 = Φ₃(5): n=5, edges=5, graph=[(0, 1), (0, 3), (1, 2), (1, 4), (2, 4)]
  I(G,2) = 31 = Φ₃(5): n=5, edges=5, graph=[(0, 1), (0, 3), (1, 2), (2, 4), (3, 4)]
  I(G,2) = 31 = Φ₃(5): n=5, edges=5, graph=[(0, 1), (0, 3), (1, 3), (1, 4), (2, 4)]
  I(G,2) = 31 = Φ₃(5): n=5, edges=5, graph=[(0, 1), (0, 3), (1, 3), (2, 3), (2, 4)]
  I(G,2) = 31 = Φ₃(5): n=5, edges=5, graph=[(0, 1), (0, 3), (1, 3), (2, 4), (3, 4)]
  I(G,2) = 31 = Φ₃(5): n=5, edges=5, graph=[(0, 1), (0, 3), (1, 4), (2, 3), (2, 4)]
  I(G,2) = 31 = Φ₃(5): n=5, edges=5, graph=[(0, 1), (0, 3), (2, 3), (2, 4), (3, 4)]
  I(G,2) = 31 = Φ₃(5): n=5, edges=5, graph=[(0, 1), (0, 4), (1, 2), (1, 3), (2, 3)]
  I(G,2) = 31 = Φ₃(5): n=5, edges=5, graph=[(0, 1), (0, 4), (1, 2), (1, 4), (2, 3)]
  I(G,2) = 31 = Φ₃(5): n=5, edges=5, graph=[(0, 1), (0, 4), (1, 2), (2, 3), (3, 4)]
  I(G,2) = 31 = Φ₃(5): n=5, edges=5, graph=[(0, 1), (0, 4), (1, 3), (1, 4), (2, 3)]
  I(G,2) = 31 = Φ₃(5): n=5, edges=5, graph=[(0, 1), (0, 4), (1, 3), (2, 3), (2, 4)]
  I(G,2) = 31 = Φ₃(5): n=5, edges=5, graph=[(0, 1), (0, 4), (1, 4), (2, 3), (2, 4)]
  I(G,2) = 31 = Φ₃(5): n=5, edges=5, graph=[(0, 1), (0, 4), (1, 4), (2, 3), (3, 4)]
  I(G,2) = 31 = Φ₃(5): n=5, edges=5, graph=[(0, 1), (0, 4), (2, 3), (2, 4), (3, 4)]
  I(G,2) = 31 = Φ₃(5): n=5, edges=5, graph=[(0, 1), (1, 2), (2, 3), (2, 4), (3, 4)]
  I(G,2) = 31 = Φ₃(5): n=5, edges=5, graph=[(0, 1), (1, 3), (2, 3), (2, 4), (3, 4)]
  I(G,2) = 31 = Φ₃(5): n=5, edges=5, graph=[(0, 1), (1, 4), (2, 3), (2, 4), (3, 4)]
  I(G,2) = 31 = Φ₃(5): n=5, edges=5, graph=[(0, 2), (0, 3), (0, 4), (1, 2), (3, 4)]
  I(G,2) = 31 = Φ₃(5): n=5, edges=5, graph=[(0, 2), (0, 3), (0, 4), (1, 3), (2, 4)]
  I(G,2) = 31 = Φ₃(5): n=5, edges=5, graph=[(0, 2), (0, 3), (0, 4), (1, 4), (2, 3)]
  I(G,2) = 31 = Φ₃(5): n=5, edges=5, graph=[(0, 2), (0, 3), (1, 2), (1, 4), (2, 3)]
  I(G,2) = 31 = Φ₃(5): n=5, edges=5, graph=[(0, 2), (0, 3), (1, 2), (1, 4), (2, 4)]
  I(G,2) = 31 = Φ₃(5): n=5, edges=5, graph=[(0, 2), (0, 3), (1, 2), (1, 4), (3, 4)]
  I(G,2) = 31 = Φ₃(5): n=5, edges=5, graph=[(0, 2), (0, 3), (1, 3), (1, 4), (2, 3)]
  I(G,2) = 31 = Φ₃(5): n=5, edges=5, graph=[(0, 2), (0, 3), (1, 3), (1, 4), (2, 4)]
  I(G,2) = 31 = Φ₃(5): n=5, edges=5, graph=[(0, 2), (0, 3), (1, 3), (1, 4), (3, 4)]
  I(G,2) = 31 = Φ₃(5): n=5, edges=5, graph=[(0, 2), (0, 3), (1, 4), (2, 3), (2, 4)]
  I(G,2) = 31 = Φ₃(5): n=5, edges=5, graph=[(0, 2), (0, 3), (1, 4), (2, 3), (3, 4)]
  I(G,2) = 31 = Φ₃(5): n=5, edges=5, graph=[(0, 2), (0, 4), (1, 2), (1, 3), (2, 3)]
  I(G,2) = 31 = Φ₃(5): n=5, edges=5, graph=[(0, 2), (0, 4), (1, 2), (1, 3), (2, 4)]
  I(G,2) = 31 = Φ₃(5): n=5, edges=5, graph=[(0, 2), (0, 4), (1, 2), (1, 3), (3, 4)]
  I(G,2) = 31 = Φ₃(5): n=5, edges=5, graph=[(0, 2), (0, 4), (1, 3), (1, 4), (2, 3)]
  I(G,2) = 31 = Φ₃(5): n=5, edges=5, graph=[(0, 2), (0, 4), (1, 3), (1, 4), (2, 4)]
  I(G,2) = 31 = Φ₃(5): n=5, edges=5, graph=[(0, 2), (0, 4), (1, 3), (1, 4), (3, 4)]
  I(G,2) = 31 = Φ₃(5): n=5, edges=5, graph=[(0, 2), (0, 4), (1, 3), (2, 3), (2, 4)]
  I(G,2) = 31 = Φ₃(5): n=5, edges=5, graph=[(0, 2), (0, 4), (1, 3), (2, 4), (3, 4)]
  I(G,2) = 31 = Φ₃(5): n=5, edges=5, graph=[(0, 2), (1, 2), (1, 3), (1, 4), (3, 4)]
  I(G,2) = 31 = Φ₃(5): n=5, edges=5, graph=[(0, 2), (1, 3), (1, 4), (2, 3), (3, 4)]
  I(G,2) = 31 = Φ₃(5): n=5, edges=5, graph=[(0, 2), (1, 3), (1, 4), (2, 4), (3, 4)]
  I(G,2) = 31 = Φ₃(5): n=5, edges=5, graph=[(0, 3), (0, 4), (1, 2), (1, 3), (2, 3)]
  I(G,2) = 31 = Φ₃(5): n=5, edges=5, graph=[(0, 3), (0, 4), (1, 2), (1, 3), (2, 4)]
  I(G,2) = 31 = Φ₃(5): n=5, edges=5, graph=[(0, 3), (0, 4), (1, 2), (1, 3), (3, 4)]
  I(G,2) = 31 = Φ₃(5): n=5, edges=5, graph=[(0, 3), (0, 4), (1, 2), (1, 4), (2, 3)]
  I(G,2) = 31 = Φ₃(5): n=5, edges=5, graph=[(0, 3), (0, 4), (1, 2), (1, 4), (2, 4)]
  I(G,2) = 31 = Φ₃(5): n=5, edges=5, graph=[(0, 3), (0, 4), (1, 2), (1, 4), (3, 4)]
  I(G,2) = 31 = Φ₃(5): n=5, edges=5, graph=[(0, 3), (0, 4), (1, 2), (2, 3), (3, 4)]
  I(G,2) = 31 = Φ₃(5): n=5, edges=5, graph=[(0, 3), (0, 4), (1, 2), (2, 4), (3, 4)]
  I(G,2) = 31 = Φ₃(5): n=5, edges=5, graph=[(0, 3), (1, 2), (1, 3), (1, 4), (2, 4)]
  I(G,2) = 31 = Φ₃(5): n=5, edges=5, graph=[(0, 3), (1, 2), (1, 4), (2, 3), (2, 4)]
  I(G,2) = 31 = Φ₃(5): n=5, edges=5, graph=[(0, 3), (1, 2), (1, 4), (2, 4), (3, 4)]
  I(G,2) = 31 = Φ₃(5): n=5, edges=5, graph=[(0, 4), (1, 2), (1, 3), (1, 4), (2, 3)]
  I(G,2) = 31 = Φ₃(5): n=5, edges=5, graph=[(0, 4), (1, 2), (1, 3), (2, 3), (2, 4)]
  I(G,2) = 31 = Φ₃(5): n=5, edges=5, graph=[(0, 4), (1, 2), (1, 3), (2, 3), (3, 4)]
  I(G,2) = 31 = Φ₃(5): n=5, edges=7, graph=[(0, 1), (0, 2), (0, 3), (0, 4), (1, 2), (1, 3), (1, 4)]
  I(G,2) = 31 = Φ₃(5): n=5, edges=7, graph=[(0, 1), (0, 2), (0, 3), (0, 4), (1, 2), (2, 3), (2, 4)]
  I(G,2) = 31 = Φ₃(5): n=5, edges=7, graph=[(0, 1), (0, 2), (0, 3), (0, 4), (1, 3), (2, 3), (3, 4)]
  I(G,2) = 31 = Φ₃(5): n=5, edges=7, graph=[(0, 1), (0, 2), (0, 3), (0, 4), (1, 4), (2, 4), (3, 4)]
  I(G,2) = 31 = Φ₃(5): n=5, edges=7, graph=[(0, 1), (0, 2), (1, 2), (1, 3), (1, 4), (2, 3), (2, 4)]
  I(G,2) = 31 = Φ₃(5): n=5, edges=7, graph=[(0, 1), (0, 3), (1, 2), (1, 3), (1, 4), (2, 3), (3, 4)]
  I(G,2) = 31 = Φ₃(5): n=5, edges=7, graph=[(0, 1), (0, 4), (1, 2), (1, 3), (1, 4), (2, 4), (3, 4)]
  I(G,2) = 31 = Φ₃(5): n=5, edges=7, graph=[(0, 2), (0, 3), (1, 2), (1, 3), (2, 3), (2, 4), (3, 4)]
  I(G,2) = 31 = Φ₃(5): n=5, edges=7, graph=[(0, 2), (0, 4), (1, 2), (1, 4), (2, 3), (2, 4), (3, 4)]
  I(G,2) = 31 = Φ₃(5): n=5, edges=7, graph=[(0, 3), (0, 4), (1, 3), (1, 4), (2, 3), (2, 4), (3, 4)]
  n=7: skipping (too many graphs)

======================================================================
ALTERNATIVE PATTERN: JACOBSTHAL/JACOBSTHAL-LUCAS
======================================================================

Jacobsthal numbers J(n) = (2ⁿ-(-1)ⁿ)/3:
  J( 0) = 0
  J( 1) = 1
  J( 2) = 1
  J( 3) = 3
  J( 4) = 5
  J( 5) = 11
  J( 6) = 21
  J( 7) = 43
  J( 8) = 85
  J( 9) = 171
  J(10) = 341
  J(11) = 683

Jacobsthal-Lucas numbers JL(n) = 2ⁿ+(-1)ⁿ:
  JL( 0) = 2
  JL( 1) = 1
  JL( 2) = 5
  JL( 3) = 7
  JL( 4) = 17
  JL( 5) = 31
  JL( 6) = 65
  JL( 7) = 127
  JL( 8) = 257
  JL( 9) = 511
  JL(10) = 1025
  JL(11) = 2047

Independence polynomial values:
  I(C_k, 2) = JL(k) = 2^k + (-1)^k
  I(P_k, 2) = J(k+2)

Jacobsthal values in forbidden set:
  J( 1) =    1  achievable
  J( 2) =    1  achievable
  J( 3) =    3  achievable
  J( 4) =    5  achievable
  J( 5) =   11  achievable
  J( 6) =   21  FORBIDDEN
  J( 7) =   43  achievable
  J( 8) =   85  achievable
  J( 9) =  171  achievable
  J(10) =  341  achievable

Jacobsthal-Lucas values in forbidden set:
  JL( 1) =    1  achievable
  JL( 2) =    5  achievable
  JL( 3) =    7  FORBIDDEN
  JL( 4) =   17  achievable
  JL( 5) =   31  achievable
  JL( 6) =   65  achievable
  JL( 7) =  127  achievable
  JL( 8) =  257  achievable

======================================================================
KEY DISCOVERY: 21 = 3 × 7 = (x+1) × I(K₃, x) at x=2
======================================================================

  I(K₃, 2) = 7
  I(P₄, 2) = 21 = 3 × 7

  Is 21 = (x+1) · I(K₃, x) at x=2? Let's check:
  (2+1) · I(K₃, 2) = 3 · 7 = 21 ✓

  But this could be a coincidence. Let's check the general formula:
  I(K₃, x) = 1 + 3x (triangle = three vertices, any one is independent)
  (x+1) · I(K₃, x) = (x+1)(1+3x) = 1 + 4x + 3x²
  I(P₄, x) = 1 + 4x + 3x² (path on 5 vertices)

  VERIFIED: I(P₄, x) = (x+1) · I(K₃, x) for ALL x!
  I(P₄, x) = 1 + 4x + 3x²
  (x+1)(1+3x) = 1 + 4x + 3x²  ✓

======================================================================
EUREKA: P₄ AND K₁⊔K₃ ARE I-EQUIVALENT!
======================================================================

  P₄ (path on 4 vertices): 1-2-3-4, connected
  K₁⊔K₃ (vertex + triangle): disconnected

  BOTH have I(G,x) = 1 + 4x + 3x²

  This means: H=21 is forbidden for the SAME reason as H=7!
  I(G,2)=21 requires a graph with independence poly 1+4x+3x²,
  which is I-equivalent to K₁⊔K₃.
  Since K₃ cannot be a component of Ω(T) (THM-201),
  and P₄ cannot be Ω(T) (THM-202),
  BOTH realizations of the polynomial 1+4x+3x² are blocked!

Checking: are P₄ and K₁⊔K₃ the only graphs with I(G,x)=1+4x+3x²?

4-vertex graphs with 3 edges and I(G,x) = 1+4x+3x²:
  Edges: [(0, 1), (0, 2), (1, 2)], I(G,x) = 1 + 4x + 3x²  ✓
  Edges: [(0, 1), (0, 2), (1, 3)], I(G,x) = 1 + 4x + 3x²  ✓
  Edges: [(0, 1), (0, 2), (2, 3)], I(G,x) = 1 + 4x + 3x²  ✓
  Edges: [(0, 1), (0, 3), (1, 2)], I(G,x) = 1 + 4x + 3x²  ✓
  Edges: [(0, 1), (0, 3), (1, 3)], I(G,x) = 1 + 4x + 3x²  ✓
  Edges: [(0, 1), (0, 3), (2, 3)], I(G,x) = 1 + 4x + 3x²  ✓
  Edges: [(0, 1), (1, 2), (2, 3)], I(G,x) = 1 + 4x + 3x²  ✓
  Edges: [(0, 1), (1, 3), (2, 3)], I(G,x) = 1 + 4x + 3x²  ✓
  Edges: [(0, 2), (0, 3), (1, 2)], I(G,x) = 1 + 4x + 3x²  ✓
  Edges: [(0, 2), (0, 3), (1, 3)], I(G,x) = 1 + 4x + 3x²  ✓
  Edges: [(0, 2), (0, 3), (2, 3)], I(G,x) = 1 + 4x + 3x²  ✓
  Edges: [(0, 2), (1, 2), (1, 3)], I(G,x) = 1 + 4x + 3x²  ✓
  Edges: [(0, 2), (1, 3), (2, 3)], I(G,x) = 1 + 4x + 3x²  ✓
  Edges: [(0, 3), (1, 2), (1, 3)], I(G,x) = 1 + 4x + 3x²  ✓
  Edges: [(0, 3), (1, 2), (2, 3)], I(G,x) = 1 + 4x + 3x²  ✓
  Edges: [(1, 2), (1, 3), (2, 3)], I(G,x) = 1 + 4x + 3x²  ✓

5-vertex graphs with I(G,2) = 21:
  NONE FOUND!
  Total: 0

======================================================================
CONCLUSION
======================================================================


THE TWO FORBIDDEN VALUES HAVE A UNIFIED EXPLANATION:

1. H = 7 = I(K₃, 2): forbidden because K₃ cannot be Ω-component (THM-201)
   K₃ is the ONLY graph with I(G,2) = 7.

2. H = 21 = I(P₄, 2) = I(K₁⊔K₃, 2): BOTH realizations are forbidden.
   - P₄ forbidden by THM-202
   - K₁⊔K₃ forbidden because K₃ component forbidden by THM-201
   I(G,x) = 1+4x+3x² = (1+x)(1+3x) = I(K₁,x)·I(K₃,x)
   The polynomial FACTORS through K₃!

THE PATTERN: Both forbidden values have independence polynomials
that FACTOR through (1+3x) = I(K₃, x). Specifically:
  7 = I(K₃, 2): polynomial is (1+3x)
  21 = I(K₁⊔K₃, 2) = I(P₄, 2): polynomial is (1+x)(1+3x)

The K₃ factor is the "poison" — any H value whose independence
polynomial necessarily factors through I(K₃, x) = 1+3x is forbidden,
because Ω(T) cannot contain K₃ as a substructure.

CYCLOTOMIC CONNECTION:
  7 = Φ₃(2) = 2²+2+1 (third cyclotomic polynomial at m=2)
  21 = Φ₃(4) = 4²+4+1 (third cyclotomic polynomial at m=4)
  Both live on the curve m²+m+1 at EVEN m values.

  But Φ₃(6) = 43 IS achievable, so the cyclotomic pattern alone
  doesn't determine forbiddenness — it's the I-polynomial factorization
  through (1+3x) that matters.

