======================================================================
PART 1: VERIFY I(Ω, 2) = H WITH DIRECTED CYCLES (n=5 exhaustive)
======================================================================
  n=5: mismatches = 0/1024, time = 0.6s

======================================================================
PART 2: CORRECTED VANDERMONDE EXTRACTION (n=5)
======================================================================

     (α₁,α₂) |  cnt |     H  I(2)  I(3)  I(6) | H=I(2)
  -----------+------+-------------------------+-------
  ( 0, 0)    |  120 |     1     1     1     1 |      ✓  (1+2·0+4·0=1)
  ( 1, 0)    |  120 |     3     3     4     7 |      ✓  (1+2·1+4·0=3)
  ( 2, 0)    |  240 |     5     5     7    13 |      ✓  (1+2·2+4·0=5)
  ( 4, 0)    |  240 |     9     9    13    25 |      ✓  (1+2·4+4·0=9)
  ( 5, 0)    |  120 |    11    11    16    31 |      ✓  (1+2·5+4·0=11)
  ( 6, 0)    |  120 |    13    13    19    37 |      ✓  (1+2·6+4·0=13)
  ( 7, 0)    |   64 |    15    15    22    43 |      ✓  (1+2·7+4·0=15)

  Vandermonde extraction: I(2)=1+2α₁+4α₂, I(3)=1+3α₁+9α₂
  α₂ = (2·I(3) - 3·I(2) + 1) / 6
  α₁ = (I(2) - 1 - 4α₂) / 2
  Vandermonde: 1024/1024 correct

======================================================================
PART 3: n=7 DIRECTED CYCLE SPECTRUM (100 samples)
======================================================================
