======================================================================
OMEGA FORMULA VERIFICATION
======================================================================

P_7 (m=3, p=7):
  Omega = [1, 3, 6, 9, 9, 6, 3]
  d=0: ╬ę=       1, formula=                   1 =        1 Ôťô
  d=1: ╬ę=       3, formula=                   m =        3 Ôťô
  d=2: ╬ę=       6, formula=              m(m-1) =        6 Ôťô
  d=3: ╬ę=       9, formula=      m(m-1)(2m-3)/2 =        9 Ôťô
  d=4: ╬ę=       9, formula=                   ? =     None ?
  d=5: ╬ę=       6, formula=                   ? =     None ?
  d=6: ╬ę=       3, formula=                   ? =     None ?

P_11 (m=5, p=11):
  Omega = [1, 5, 20, 70, 205, 460, 700, 690, 450, 180, 30]
  d=0: ╬ę=       1, formula=                   1 =        1 Ôťô
  d=1: ╬ę=       5, formula=                   m =        5 Ôťô
  d=2: ╬ę=      20, formula=              m(m-1) =       20 Ôťô
  d=3: ╬ę=      70, formula=      m(m-1)(2m-3)/2 =       70 Ôťô
  d=4: ╬ę=     205, formula=                   ? =     None ?
  d=5: ╬ę=     460, formula=                   ? =     None ?
  d=6: ╬ę=     700, formula=                   ? =     None ?
  d=7: ╬ę=     690, formula=                   ? =     None ?
  d=8: ╬ę=     450, formula=                   ? =     None ?
  d=9: ╬ę=     180, formula=                   ? =     None ?
  d=10: ╬ę=      30, formula=                   ? =     None ?

P_19 (m=9, p=19):
  Omega = [1, 9, 72, 540, 3753]
  d=0: ╬ę=       1, formula=                   1 =        1 Ôťô
  d=1: ╬ę=       9, formula=                   m =        9 Ôťô
  d=2: ╬ę=      72, formula=              m(m-1) =       72 Ôťô
  d=3: ╬ę=     540, formula=      m(m-1)(2m-3)/2 =      540 Ôťô
  d=4: ╬ę=    3753, formula=                   ? =     None ?

======================================================================
N_3(0) = #{(s1,s2,s3) Ôłł QR┬│ : s1+s2+s3 Ôëí 0 mod p}
======================================================================

PROOF (via Gauss sums):

Let ¤ç = Legendre symbol mod p, G = Gauss sum = ╬ú_{aÔëá0} ¤ç(a) ╬Â^a.
For p Ôëí 3 mod 4: G┬▓ = -p.

╬ú_{sÔłłQR} ╬Â^{ts} = (¤ç(t)┬ĚG - 1) / 2

N_3(0) = (1/p) ╬ú_t (╬ú_{sÔłłQR} ╬Â^{ts})┬│
       = m┬│/p + (1/8p) ╬ú_{tÔëá0} (¤ç(t)G - 1)┬│

Expanding:
  (¤ç(t)G - 1)┬│ = ¤ç(t)┬│G┬│ - 3¤ç(t)┬▓G┬▓ + 3¤ç(t)G - 1

Summing over t Ôëá 0:
  ╬ú ¤ç(t)┬│ = ╬ú ¤ç(t) = 0     (since ¤ç┬│ = ¤ç)
  ╬ú ¤ç(t)┬▓ = ╬ú 1 = p-1       (since ¤ç┬▓ = 1)
  ╬ú ¤ç(t) = 0

So ╬ú_{tÔëá0} (¤ç(t)G-1)┬│ = -3G┬▓(p-1) - (p-1) = (p-1)(3p-1)

N_3(0) = m┬│/p + (p-1)(3p-1)/(8p)
       = [(p-1)┬│ + (p-1)(3p-1)] / (8p)
       = (p-1)(p┬▓+p) / (8p)
       = (p┬▓-1)/8
       = m(m+1)/2  Ôťô  (since m = (p-1)/2)

Computational verification of N_3(0):
  P_7 (m=3): N_3(0) = 6, m(m+1)/2 = 6, match = True
  P_11 (m=5): N_3(0) = 15, m(m+1)/2 = 15, match = True
  P_19 (m=9): N_3(0) = 45, m(m+1)/2 = 45, match = True
  P_23 (m=11): N_3(0) = 66, m(m+1)/2 = 66, match = True
  P_31 (m=15): N_3(0) = 120, m(m+1)/2 = 120, match = True
  P_43 (m=21): N_3(0) = 231, m(m+1)/2 = 231, match = True

======================================================================
OMEGA_4 ANALYSIS
======================================================================

A_4 = #{(s1,s2,s3,s4) Ôłł QRÔü┤ : all partial sums distinct}

Automatic conditions (from -1 Ôłë QR for p Ôëí 3 mod 4):
  s1 Ôëá 0, s1+s2 Ôëá 0, s2 Ôëá 0, s3 Ôëá 0, s4 Ôëá 0, s3+s4 Ôëá 0

Non-automatic conditions:
  (i)   s1+s2+s3 Ôëá 0
  (ii)  s1+s2+s3+s4 Ôëá 0
  (iii) s2+s3+s4 Ôëá 0

By PIE: A_4 = mÔü┤ - |S_i Ôł¬ S_ii Ôł¬ S_iii| where S_x = violations of condition x.


P_7 (m=3):
  mÔü┤ = 81
  |S_i| = 18 = N_3(0)┬Ěm = 6┬Ě3 = 18 Ôťô
  |S_ii| = 12
  |S_iii| = 18 = m┬ĚN_3(0) = 18 Ôťô
  |S_iÔłęS_ii| = 0
  |S_iÔłęS_iii| = 6
  |S_iiÔłęS_iii| = 0
  |S_iÔłęS_iiÔłęS_iii| = 0
  A_4 = 39, by PIE = 39 Ôťô
  A_4/m = 13.0
  N_4(0) = 12
  N_4(0) formula = 12 Ôťô

P_11 (m=5):
  mÔü┤ = 625
  |S_i| = 75 = N_3(0)┬Ěm = 15┬Ě5 = 75 Ôťô
  |S_ii| = 60
  |S_iii| = 75 = m┬ĚN_3(0) = 75 Ôťô
  |S_iÔłęS_ii| = 0
  |S_iÔłęS_iii| = 15
  |S_iiÔłęS_iii| = 0
  |S_iÔłęS_iiÔłęS_iii| = 0
  A_4 = 430, by PIE = 430 Ôťô
  A_4/m = 86.0
  N_4(0) = 60
  N_4(0) formula = 60 Ôťô

P_19 (m=9):
  mÔü┤ = 6561
  |S_i| = 405 = N_3(0)┬Ěm = 45┬Ě9 = 405 Ôťô
  |S_ii| = 360
  |S_iii| = 405 = m┬ĚN_3(0) = 405 Ôťô
  |S_iÔłęS_ii| = 0
  |S_iÔłęS_iii| = 45
  |S_iiÔłęS_iii| = 0
  |S_iÔłęS_iiÔłęS_iii| = 0
  A_4 = 5436, by PIE = 5436 Ôťô
  A_4/m = 604.0
  N_4(0) = 360
  N_4(0) formula = 360 Ôťô

P_23 (m=11):
  mÔü┤ = 14641
  |S_i| = 726 = N_3(0)┬Ěm = 66┬Ě11 = 726 Ôťô
  |S_ii| = 660
  |S_iii| = 726 = m┬ĚN_3(0) = 726 Ôťô
  |S_iÔłęS_ii| = 0
  |S_iÔłęS_iii| = 66
  |S_iiÔłęS_iii| = 0
  |S_iÔłęS_iiÔłęS_iii| = 0
  A_4 = 12595, by PIE = 12595 Ôťô
  A_4/m = 1145.0
  N_4(0) = 660
  N_4(0) formula = 660 Ôťô

P_31 (m=15):
  mÔü┤ = 50625
  |S_i| = 1800 = N_3(0)┬Ěm = 120┬Ě15 = 1800 Ôťô
  |S_ii| = 1680
  |S_iii| = 1800 = m┬ĚN_3(0) = 1800 Ôťô
  |S_iÔłęS_ii| = 0
  |S_iÔłęS_iii| = 120
  |S_iiÔłęS_iii| = 0
  |S_iÔłęS_iiÔłęS_iii| = 0
  A_4 = 45465, by PIE = 45465 Ôťô
  A_4/m = 3031.0
  N_4(0) = 1680
  N_4(0) formula = 1680 Ôťô
