======================================================================
OMEGA GROWTH RATE ANALYSIS
======================================================================

  Paley p=7 (n=7, S=[1, 2, 4]):
    Q_k values: ['2.0000', '2.0000', '2.0000', '2.0000', '2.0000', '2.0000']
    Distinct Q: [2.0]
    Geometric mean of (Q_k-1): 1.0000
    Omega_0 =          7
    Omega_1 =         21, ratio=    1.0000, geo_pred=    1.0000, actual/pred=1.0000
    Omega_2 =         21, ratio=    1.0000, geo_pred=    1.0000, actual/pred=1.0000
    Omega_3 =         21, ratio=    1.0000, geo_pred=    1.0000, actual/pred=1.0000
    Omega_4 =         21, ratio=    1.0000, geo_pred=    1.0000, actual/pred=1.0000
    Omega_5 =         21, ratio=    1.0000, geo_pred=    1.0000, actual/pred=1.0000
    Omega_6 =         21, ratio=    1.0000, geo_pred=    1.0000, actual/pred=1.0000
    Successive ratios:
      Omega_2/Omega_1 = 1.0000
      Omega_3/Omega_2 = 1.0000
      Omega_4/Omega_3 = 1.0000
      Omega_5/Omega_4 = 1.0000
      Omega_6/Omega_5 = 1.0000

  Paley p=11 (n=11, S=[1, 3, 4, 5, 9]):
    Q_k values: ['3.0000', '3.0000', '3.0000', '3.0000', '3.0000', '3.0000', '3.0000', '3.0000', '3.0000', '3.0000']
    Distinct Q: [3.0]
    Geometric mean of (Q_k-1): 2.0000
    Omega_0 =         11
    Omega_1 =         55, ratio=    1.0000, geo_pred=    1.0000, actual/pred=1.0000
    Omega_2 =        110, ratio=    2.0000, geo_pred=    2.0000, actual/pred=1.0000
    Omega_3 =        220, ratio=    4.0000, geo_pred=    4.0000, actual/pred=1.0000
    Omega_4 =        440, ratio=    8.0000, geo_pred=    8.0000, actual/pred=1.0000
    Omega_5 =        715, ratio=   13.0000, geo_pred=   16.0000, actual/pred=0.8125
    Omega_6 =       1100, ratio=   20.0000, geo_pred=   32.0000, actual/pred=0.6250
    Omega_7 =       1485, ratio=   27.0000, geo_pred=   64.0000, actual/pred=0.4219
    Omega_8 =       1210, ratio=   22.0000, geo_pred=  128.0000, actual/pred=0.1719
    Omega_9 =        990, ratio=   18.0000, geo_pred=  256.0000, actual/pred=0.0703
    Successive ratios:
      Omega_2/Omega_1 = 2.0000
      Omega_3/Omega_2 = 2.0000
      Omega_4/Omega_3 = 2.0000
      Omega_5/Omega_4 = 1.6250
      Omega_6/Omega_5 = 1.5385
      Omega_7/Omega_6 = 1.3500
      Omega_8/Omega_7 = 0.8148
      Omega_9/Omega_8 = 0.8182

  Interval n=7 (n=7, S=[1, 2, 3]):
    Q_k values: ['5.0489', '0.3080', '0.6431', '0.6431', '0.3080', '5.0489']
    Distinct Q: [0.307979, 0.643104, 5.048917]
    Geometric mean of (Q_k-1): 0.0159
    Omega_0 =          7
    Omega_1 =         21, ratio=    1.0000, geo_pred=    1.0000, actual/pred=1.0000
    Omega_2 =         21, ratio=    1.0000, geo_pred=    0.0159, actual/pred=62.7413
    Omega_3 =         35, ratio=    1.6667, geo_pred=    0.0003, actual/pred=6560.7901
    Omega_4 =         56, ratio=    2.6667, geo_pred=    0.0000, actual/pred=658612.2766
    Omega_5 =         49, ratio=    2.3333, geo_pred=    0.0000, actual/pred=36156931.8979
    Omega_6 =         14, ratio=    0.6667, geo_pred=    0.0000, actual/pred=648152534.1492
    Successive ratios:
      Omega_2/Omega_1 = 1.0000
      Omega_3/Omega_2 = 1.6667
      Omega_4/Omega_3 = 1.6000
      Omega_5/Omega_4 = 0.8750
      Omega_6/Omega_5 = 0.2857

  Interval n=9 (n=9, S=[1, 2, 3, 4]):
    Q_k values: ['8.2909', '0.2831', '1.0000', '0.4260', '0.4260', '1.0000', '0.2831', '8.2909']
    Distinct Q: [0.283119, 0.426022, 1.0, 8.290859]
    Geometric mean of (Q_k-1): 0.0092
    Omega_0 =          9
    Omega_1 =         36, ratio=    1.0000, geo_pred=    1.0000, actual/pred=1.0000
    Omega_2 =         54, ratio=    1.5000, geo_pred=    0.0092, actual/pred=162.3292
    Omega_3 =        126, ratio=    3.5000, geo_pred=    0.0001, actual/pred=40990.0722
    Omega_4 =        279, ratio=    7.7500, geo_pred=    0.0000, actual/pred=9822401.0277
    Omega_5 =        450, ratio=   12.5000, geo_pred=    0.0000, actual/pred=1714475532.5407
    Omega_6 =        468, ratio=   13.0000, geo_pred=    0.0000, actual/pred=192961181916.7819
    Omega_7 =        288, ratio=    8.0000, geo_pred=    0.0000, actual/pred=12850555597755.6113
    Omega_8 =         99, ratio=    2.7500, geo_pred=    0.0000, actual/pred=478046267253055.1250
    Successive ratios:
      Omega_2/Omega_1 = 1.5000
      Omega_3/Omega_2 = 2.3333
      Omega_4/Omega_3 = 2.2143
      Omega_5/Omega_4 = 1.6129
      Omega_6/Omega_5 = 1.0400
      Omega_7/Omega_6 = 0.6154
      Omega_8/Omega_7 = 0.3438

  Interval n=11 (n=11, S=[1, 2, 3, 4, 5]):
    Q_k values: ['12.3435', '0.2716', '1.4487', '0.3533', '0.5830', '0.5830', '0.3533', '1.4487', '0.2716', '12.3435']
    Distinct Q: [0.271554, 0.353253, 0.582964, 1.448691, 12.343538]
    Geometric mean of (Q_k-1): 0.0219
    Omega_0 =         11
    Omega_1 =         55, ratio=    1.0000, geo_pred=    1.0000, actual/pred=1.0000
    Omega_2 =        110, ratio=    2.0000, geo_pred=    0.0219, actual/pred=91.1362
    Omega_3 =        330, ratio=    6.0000, geo_pred=    0.0005, actual/pred=12458.7098
    Omega_4 =        935, ratio=   17.0000, geo_pred=    0.0000, actual/pred=1608539.1999
    Omega_5 =       2156, ratio=   39.2000, geo_pred=    0.0000, actual/pred=169016733.4554
    Omega_6 =       3762, ratio=   68.4000, geo_pred=    0.0000, actual/pred=13438804863.9802
    Omega_7 =       4829, ratio=   87.8000, geo_pred=    0.0000, actual/pred=786067736345.1433
    Omega_8 =       4774, ratio=   86.8000, geo_pred=    0.0000, actual/pred=35411644022520.9688
    Omega_9 =       3674, ratio=   66.8000, geo_pred=    0.0000, actual/pred=1241834543780059.2500
    Successive ratios:
      Omega_2/Omega_1 = 2.0000
      Omega_3/Omega_2 = 3.0000
      Omega_4/Omega_3 = 2.8333
      Omega_5/Omega_4 = 2.3059
      Omega_6/Omega_5 = 1.7449
      Omega_7/Omega_6 = 1.2836
      Omega_8/Omega_7 = 0.9886
      Omega_9/Omega_8 = 0.7696

======================================================================
Omega_2 vs sum/mean of (Q_k - 1)
======================================================================

  n=5: Omega_2=5, t3=5
    C(n,2)=10, C(n,3)=10
    mean(Q_k) = 1.5000
    mean(Q_k-1) = 0.5000
    Omega_2/C(n,2) = 0.5000
    sum(Q_k-1) = 2.0000
    Omega_2/C(n,3) = 0.5000
    t3*24/(n*(n-1)) = 6.0000

  n=7: Omega_2=21, t3=14
    C(n,2)=21, C(n,3)=35
    mean(Q_k) = 2.0000
    mean(Q_k-1) = 1.0000
    Omega_2/C(n,2) = 1.0000
    sum(Q_k-1) = 6.0000
    Omega_2/C(n,3) = 0.6000
    t3*24/(n*(n-1)) = 8.0000

  n=9: Omega_2=54, t3=30
    C(n,2)=36, C(n,3)=84
    mean(Q_k) = 2.5000
    mean(Q_k-1) = 1.5000
    Omega_2/C(n,2) = 1.5000
    sum(Q_k-1) = 12.0000
    Omega_2/C(n,3) = 0.6429
    t3*24/(n*(n-1)) = 10.0000

  n=11: Omega_2=110, t3=55
    C(n,2)=55, C(n,3)=165
    mean(Q_k) = 3.0000
    mean(Q_k-1) = 2.0000
    Omega_2/C(n,2) = 2.0000
    sum(Q_k-1) = 20.0000
    Omega_2/C(n,3) = 0.6667
    t3*24/(n*(n-1)) = 12.0000

  n=13: Omega_2=195, t3=91
    C(n,2)=78, C(n,3)=286
    mean(Q_k) = 3.5000
    mean(Q_k-1) = 2.5000
    Omega_2/C(n,2) = 2.5000
    sum(Q_k-1) = 30.0000
    Omega_2/C(n,3) = 0.6818
    t3*24/(n*(n-1)) = 14.0000

======================================================================
Omega_m vs moments of (Q_k - 1)
======================================================================

  Interval n=7:
    Q values: ['5.05', '0.31', '0.64', '0.64', '0.31', '5.05']
    Omega_1=      21, C(n,2)*E[(Q-1)^0]=     21.00, ✓ ratio=1.000000
    Omega_2=      21, C(n,2)*E[(Q-1)^1]=     21.00, ✓ ratio=1.000000
    Omega_3=      35, C(n,2)*E[(Q-1)^2]=    119.00, ✗ ratio=0.294118
    Omega_4=      56, C(n,2)*E[(Q-1)^3]=    462.00, ✗ ratio=0.121212
    Omega_5=      49, C(n,2)*E[(Q-1)^4]=   1883.00, ✗ ratio=0.026022
    Omega_6=      14, C(n,2)*E[(Q-1)^5]=   7616.00, ✗ ratio=0.001838

  Paley n=7:
    Q values: ['2.00', '2.00', '2.00', '2.00', '2.00', '2.00']
    Omega_1=      21, C(n,2)*E[(Q-1)^0]=     21.00, ✓ ratio=1.000000
    Omega_2=      21, C(n,2)*E[(Q-1)^1]=     21.00, ✓ ratio=1.000000
    Omega_3=      21, C(n,2)*E[(Q-1)^2]=     21.00, ✓ ratio=1.000000
    Omega_4=      21, C(n,2)*E[(Q-1)^3]=     21.00, ✓ ratio=1.000000
    Omega_5=      21, C(n,2)*E[(Q-1)^4]=     21.00, ✓ ratio=1.000000
    Omega_6=      21, C(n,2)*E[(Q-1)^5]=     21.00, ✓ ratio=1.000000

  Interval n=11:
    Q values: ['12.34', '0.27', '1.45', '0.35', '0.58', '0.58', '0.35', '1.45', '0.27', '12.34']
    Omega_1=      55, C(n,2)*E[(Q-1)^0]=     55.00, ✓ ratio=1.000000
    Omega_2=     110, C(n,2)*E[(Q-1)^1]=    110.00, ✓ ratio=1.000000
    Omega_3=     330, C(n,2)*E[(Q-1)^2]=   1430.00, ✗ ratio=0.230769
    Omega_4=     935, C(n,2)*E[(Q-1)^3]=  16049.00, ✗ ratio=0.058259
    Omega_5=    2156, C(n,2)*E[(Q-1)^4]= 182138.00, ✗ ratio=0.011837
    Omega_6=    3762, C(n,2)*E[(Q-1)^5]=2066020.00, ✗ ratio=0.001821
    Omega_7=    4829, C(n,2)*E[(Q-1)^6]=23436017.00, ✗ ratio=0.000206

  Paley n=11:
    Q values: ['3.00', '3.00', '3.00', '3.00', '3.00', '3.00', '3.00', '3.00', '3.00', '3.00']
    Omega_1=      55, C(n,2)*E[(Q-1)^0]=     55.00, ✓ ratio=1.000000
    Omega_2=     110, C(n,2)*E[(Q-1)^1]=    110.00, ✓ ratio=1.000000
    Omega_3=     220, C(n,2)*E[(Q-1)^2]=    220.00, ✓ ratio=1.000000
    Omega_4=     440, C(n,2)*E[(Q-1)^3]=    440.00, ✓ ratio=1.000000
    Omega_5=     715, C(n,2)*E[(Q-1)^4]=    880.00, ✗ ratio=0.812500
    Omega_6=    1100, C(n,2)*E[(Q-1)^5]=   1760.00, ✗ ratio=0.625000
    Omega_7=    1485, C(n,2)*E[(Q-1)^6]=   3520.00, ✗ ratio=0.421875

DONE.
