======================================================================
p = 7, m = 3: Fitting Ω_m = f(e_j)
======================================================================

  S               | Ω                                   | e_j                      
  [4, 5, 6]       | [1, 3, 6, 11, 14, 9, 2]             | [1, 6, 5, 1]             
  [1, 4, 5]       | [1, 3, 6, 11, 14, 9, 2]             | [1, 6, 5, 1]             
  [2, 4, 6]       | [1, 3, 6, 11, 14, 9, 2]             | [1, 6, 5, 1]             
  [1, 2, 4]       | [1, 3, 6, 9, 9, 6, 3]               | [1, 6, 12, 8]            
  [3, 5, 6]       | [1, 3, 6, 9, 9, 6, 3]               | [1, 6, 12, 8]            
  [1, 3, 5]       | [1, 3, 6, 11, 14, 9, 2]             | [1, 6, 5, 1]             
  [2, 3, 6]       | [1, 3, 6, 11, 14, 9, 2]             | [1, 6, 5, 1]             
  [1, 2, 3]       | [1, 3, 6, 11, 14, 9, 2]             | [1, 6, 5, 1]             

  Degree-by-degree Q-dependence:
  m=0: Ω values = [1], by (e2,e3): {(5, 1): 1, (12, 8): 1}, Q-determined: YES
  m=1: Ω values = [3], by (e2,e3): {(5, 1): 3, (12, 8): 3}, Q-determined: YES
  m=2: Ω values = [6], by (e2,e3): {(5, 1): 6, (12, 8): 6}, Q-determined: YES
  m=3: Ω values = [9, 11], by (e2,e3): {(5, 1): 11, (12, 8): 9}, Q-determined: YES
  m=4: Ω values = [9, 14], by (e2,e3): {(5, 1): 14, (12, 8): 9}, Q-determined: YES
  m=5: Ω values = [6, 9], by (e2,e3): {(5, 1): 9, (12, 8): 6}, Q-determined: YES
  m=6: Ω values = [2, 3], by (e2,e3): {(5, 1): 2, (12, 8): 3}, Q-determined: YES

======================================================================
p = 11, m = 5: Fitting Ω_m = f(e_j)
======================================================================

  Number of distinct e_j patterns: 4
  e_j = [35, 28, 9, 1]: 10 orientations, 1 distinct Ω profiles
    Ω = [1, 5, 20, 74, 224, 522, 926, 1222, 1115, 611, 148], chi_per = 0
  e_j = [68, 127, 97, 23]: 10 orientations, 1 distinct Ω profiles
    Ω = [1, 5, 20, 70, 200, 439, 711, 827, 648, 301, 64], chi_per = 2
  e_j = [79, 171, 130, 23]: 10 orientations, 1 distinct Ω profiles
    Ω = [1, 5, 20, 70, 201, 430, 620, 596, 384, 151, 26], chi_per = 0
  e_j = [90, 270, 405, 243]: 2 orientations, 1 distinct Ω profiles
    Ω = [1, 5, 20, 70, 205, 460, 700, 690, 450, 180, 30], chi_per = 1

  DOES e_j DETERMINE Ω?
  YES at e_j = [35, 28, 9, 1]
  YES at e_j = [68, 127, 97, 23]
  YES at e_j = [79, 171, 130, 23]
  YES at e_j = [90, 270, 405, 243]

  DOES e_j DETERMINE chi_per?
  YES at e_j = [35, 28, 9, 1]: chi_per = 0
  YES at e_j = [68, 127, 97, 23]: chi_per = 2
  YES at e_j = [79, 171, 130, 23]: chi_per = 0
  YES at e_j = [90, 270, 405, 243]: chi_per = 1

======================================================================
DIRECT TEST: Does SORTED Q determine chi_per?
======================================================================

  p = 7:
    Q=[2.0, 2.0, 2.0]: chi_per = UNIQUE
    Q=[5.0489, 0.6431, 0.308]: chi_per = UNIQUE

  p = 11:
    Q=[3.0, 3.0, 3.0, 3.0, 3.0]: chi_per = UNIQUE
    Q=[5.9922, 4.1155, 3.6093, 1.0329, 0.2502]: chi_per = UNIQUE
    Q=[8.742, 2.4938, 2.2173, 1.1232, 0.4236]: chi_per = UNIQUE
    Q=[12.3435, 1.4487, 0.583, 0.3533, 0.2716]: chi_per = UNIQUE

DONE.
