============================================================
P_7 (m=3), QR = [1, 2, 4], working mod 997
============================================================

d=0: |A|=1, orbits=1
d=1: |A|=3, orbits=1
d=2: |A|=9, orbits=3
d=3: |A|=21, orbits=7
d=4: |A|=39, orbits=13
d=5: |A|=45, orbits=15
d=6: |A|=27, orbits=9

Total orbit cells: 49
Diff-seqs built in 0.0s

Omega_orb = [1, 1, 2, 3, 3, 2, 1]
chi_orb = 1

  d=1: R_orb=0 (0.0s)
  d=2: R_orb=1 (0.0s)
  d=3: R_orb=1 (0.0s)
  d=4: R_orb=2 (0.0s)
  d=5: R_orb=1 (0.0s)
  d=6: R_orb=1 (0.0s)

R_orb = [0, 0, 1, 1, 2, 1, 1, 0]
β_orb = [1, 0, 0, 0, 0, 0, 0]
chi_orb = 1

Expected β_m^orb = (m-3)/2 = 0
  β_3^orb = 0 ✓
  β_4^orb = 0 ✓

Full k=0 Betti: β_m = m*(m-3)/2 = 0
Total β_m = m*(m-3)/2 = 0
Total β_{m+1} = m*(m-3)/2 + (p-1)*1 = 6 = C(m+1,2) = 6

============================================================

============================================================
P_11 (m=5), QR = [1, 3, 4, 5, 9], working mod 997
============================================================

d=0: |A|=1, orbits=1
d=1: |A|=5, orbits=1
d=2: |A|=25, orbits=5
d=3: |A|=110, orbits=22
d=4: |A|=430, orbits=86
d=5: |A|=1430, orbits=286
d=6: |A|=3970, orbits=794
d=7: |A|=8735, orbits=1747
d=8: |A|=14395, orbits=2879
d=9: |A|=15745, orbits=3149
d=10: |A|=8645, orbits=1729

Total orbit cells: 10699
Diff-seqs built in 0.6s

Omega_orb = [1, 1, 4, 14, 41, 92, 140, 138, 90, 36, 6]
chi_orb = 1

  d=1: R_orb=0 (0.0s)
  d=2: R_orb=1 (0.0s)
  d=3: R_orb=3 (0.0s)
  d=4: R_orb=11 (0.0s)
  d=5: R_orb=30 (0.0s)
  d=6: R_orb=61 (0.1s)
  d=7: R_orb=78 (0.2s)
  d=8: R_orb=60 (0.3s)
  d=9: R_orb=30 (0.3s)
  d=10: R_orb=6 (0.2s)

R_orb = [0, 0, 1, 3, 11, 30, 61, 78, 60, 30, 6, 0]
β_orb = [1, 0, 0, 0, 0, 1, 1, 0, 0, 0, 0]
chi_orb = 1

Expected β_m^orb = (m-3)/2 = 1
  β_5^orb = 1 ✓
  β_6^orb = 1 ✓

Full k=0 Betti: β_m = m*(m-3)/2 = 5
Total β_m = m*(m-3)/2 = 5
Total β_{m+1} = m*(m-3)/2 + (p-1)*1 = 15 = C(m+1,2) = 15

============================================================

============================================================
P_19 (m=9), QR = [1, 4, 5, 6, 7, 9, 11, 16, 17], working mod 997
============================================================

d=0: |A|=1, orbits=1
d=1: |A|=9, orbits=1
d=2: |A|=81, orbits=9
d=3: |A|=684, orbits=76
d=4: |A|=5436, orbits=604
d=5: |A|=40284, orbits=4476
d=6: |A|=277236, orbits=30804 (3.4s)
d=7: |A|=1759914, orbits=195546 (23.5s)
d=8: |A|=10236186, orbits=1137354 (151.3s)
