======================================================================
ORIENTATION CUBE AT p=13
======================================================================
m = 6
QR = [1, 3, 4, 9, 10, 12]
Int = [1, 2, 3, 4, 5, 6]

Additive energy: E(QR)=114, E(Int)=146, ratio=1.2807

--- Cycle counts for Paley ---
  c_ 3 =           52 (0.0s)
  c_ 5 =          702 (0.0s)
  c_ 7 =        6,552 (0.0s)
  c_ 9 =       42,484 (0.1s)
  c_11 =      120,744 (0.1s)
  c_13 =       62,016 (0.0s)
  alpha_1 = 232,550

--- Cycle counts for Interval ---
  c_ 3 =           91 (0.0s)
  c_ 5 =        1,274 (0.0s)
  c_ 7 =       15,847 (0.0s)
  c_ 9 =      104,676 (0.2s)
  c_11 =      317,577 (0.1s)
  c_13 =      166,562 (0.0s)
  alpha_1 = 606,027

======================================================================
COMPUTING H FOR ALL 64 CIRCULANT TOURNAMENTS
======================================================================
  Total computation time: 0.9s

  ALL 64 H VALUES (sorted):
  #  1: H=   3,711,175  S=[1, 2, 3, 4, 5, 6] <-- INTERVAL
  #  2: H=   3,711,175  S=[4, 5, 6, 10, 11, 12]
  #  3: H=   3,711,175  S=[2, 3, 5, 6, 9, 12]
  #  4: H=   3,711,175  S=[1, 2, 5, 6, 9, 10]
  #  5: H=   3,711,175  S=[2, 4, 6, 8, 10, 12]
  #  6: H=   3,711,175  S=[1, 3, 6, 8, 9, 11]
  #  7: H=   3,711,175  S=[2, 4, 5, 7, 10, 12]
  #  8: H=   3,711,175  S=[1, 3, 5, 7, 9, 11]
  #  9: H=   3,711,175  S=[3, 4, 7, 8, 11, 12]
  # 10: H=   3,711,175  S=[1, 4, 7, 8, 10, 11]
  # 11: H=   3,711,175  S=[1, 2, 3, 7, 8, 9]
  # 12: H=   3,711,175  S=[7, 8, 9, 10, 11, 12]
  # 13: H=   3,707,483  S=[3, 4, 5, 6, 11, 12]
  # 14: H=   3,707,483  S=[1, 5, 6, 9, 10, 11]
  # 15: H=   3,707,483  S=[1, 3, 4, 6, 8, 11]
  # 16: H=   3,707,483  S=[1, 2, 4, 6, 8, 10]
  # 17: H=   3,707,483  S=[2, 3, 6, 8, 9, 12]
  # 18: H=   3,707,483  S=[6, 8, 9, 10, 11, 12]
  # 19: H=   3,707,483  S=[1, 2, 3, 4, 5, 7]
  # 20: H=   3,707,483  S=[1, 4, 5, 7, 10, 11]
  # 21: H=   3,707,483  S=[3, 5, 7, 9, 11, 12]
  # 22: H=   3,707,483  S=[2, 5, 7, 9, 10, 12]
  # 23: H=   3,707,483  S=[2, 3, 4, 7, 8, 12]
  # 24: H=   3,707,483  S=[1, 2, 7, 8, 9, 10]
  # 25: H=   3,704,857  S=[3, 5, 6, 9, 11, 12]
  # 26: H=   3,704,857  S=[5, 6, 9, 10, 11, 12]
  # 27: H=   3,704,857  S=[1, 2, 3, 4, 6, 8]
  # 28: H=   3,704,857  S=[2, 3, 4, 6, 8, 12]
  # 29: H=   3,704,857  S=[3, 4, 6, 8, 11, 12]
  # 30: H=   3,704,857  S=[3, 6, 8, 9, 11, 12]
  # 31: H=   3,704,857  S=[1, 2, 4, 5, 7, 10]
  # 32: H=   3,704,857  S=[1, 2, 5, 7, 9, 10]
  # 33: H=   3,704,857  S=[1, 5, 7, 9, 10, 11]
  # 34: H=   3,704,857  S=[5, 7, 9, 10, 11, 12]
  # 35: H=   3,704,857  S=[1, 2, 3, 4, 7, 8]
  # 36: H=   3,704,857  S=[1, 2, 4, 7, 8, 10]
  # 37: H=   3,703,011  S=[2, 4, 5, 6, 10, 12]
  # 38: H=   3,703,011  S=[1, 2, 3, 5, 6, 9]
  # 39: H=   3,703,011  S=[4, 7, 8, 10, 11, 12]
  # 40: H=   3,703,011  S=[1, 3, 7, 8, 9, 11]
  # 41: H=   3,683,797  S=[1, 3, 4, 5, 6, 11]
  # 42: H=   3,683,797  S=[1, 4, 5, 6, 10, 11]
  # 43: H=   3,683,797  S=[1, 4, 6, 8, 10, 11]
  # 44: H=   3,683,797  S=[1, 2, 6, 8, 9, 10]
  # 45: H=   3,683,797  S=[2, 6, 8, 9, 10, 12]
  # 46: H=   3,683,797  S=[1, 6, 8, 9, 10, 11]
  # 47: H=   3,683,797  S=[2, 3, 4, 5, 7, 12]
  # 48: H=   3,683,797  S=[1, 3, 4, 5, 7, 11]
  # 49: H=   3,683,797  S=[3, 4, 5, 7, 11, 12]
  # 50: H=   3,683,797  S=[2, 3, 5, 7, 9, 12]
  # 51: H=   3,683,797  S=[2, 3, 7, 8, 9, 12]
  # 52: H=   3,683,797  S=[2, 7, 8, 9, 10, 12]
  # 53: H=   3,669,497  S=[2, 3, 4, 5, 6, 12]
  # 54: H=   3,669,497  S=[1, 2, 4, 5, 6, 10]
  # 55: H=   3,669,497  S=[1, 3, 5, 6, 9, 11]
  # 56: H=   3,669,497  S=[2, 5, 6, 9, 10, 12]
  # 57: H=   3,669,497  S=[4, 6, 8, 10, 11, 12]
  # 58: H=   3,669,497  S=[1, 2, 3, 6, 8, 9]
  # 59: H=   3,669,497  S=[4, 5, 7, 10, 11, 12]
  # 60: H=   3,669,497  S=[1, 2, 3, 5, 7, 9]
  # 61: H=   3,669,497  S=[1, 3, 4, 7, 8, 11]
  # 62: H=   3,669,497  S=[2, 4, 7, 8, 10, 12]
  # 63: H=   3,669,497  S=[3, 7, 8, 9, 11, 12]
  # 64: H=   3,669,497  S=[1, 7, 8, 9, 10, 11]

  Max H = 3,711,175
  Min H = 3,669,497
  Mean H = 3,695,839.9
  Max/Min = 1.0114

  HYP-480 VERIFICATION:
  p = 1 mod 4 => Paley DOES NOT EXIST
  Maximizer S = [1, 2, 3, 4, 5, 6]
  Is interval: True
  H(Interval) = 3,711,175
  # beating Interval: 0
  # tying Interval: 12

  ORBIT ANALYSIS:
  Maximizers all have H = 3,711,175
  # maximizers = 12
  # in orbit of Interval under Z_13^* = 12
  ALL maximizers are in the orbit of Interval!

  Distinct H values: 6
    H =    3,711,175  (12 tournaments)
    H =    3,707,483  (12 tournaments)
    H =    3,704,857  (12 tournaments)
    H =    3,703,011  (4 tournaments)
    H =    3,683,797  (12 tournaments)
    H =    3,669,497  (12 tournaments)

  --- p=5 (5≡1 mod 4), 4 tournaments ---
  Top 5:
    #1: H=          15  S=[1, 2] <-- INTERVAL
    #2: H=          15  S=[2, 4]
    #3: H=          15  S=[1, 3]
    #4: H=          15  S=[3, 4]
  H(Int) = 15, Paley N/A (p ≡ 1 mod 4)
  Maximizer = [1, 2], is interval: True

  --- p=7 (7≡3 mod 4), 8 tournaments ---
  Top 5:
    #1: H=         189  S=[3, 5, 6]
    #2: H=         189  S=[1, 2, 4] <-- PALEY
    #3: H=         175  S=[1, 2, 3] <-- INTERVAL
    #4: H=         175  S=[2, 3, 6]
    #5: H=         175  S=[1, 3, 5]
  H(Int) = 175, H(Paley) = 189, diff = -14
  Maximizer = [3, 5, 6], is interval: False

  --- p=11 (11≡3 mod 4), 32 tournaments ---
  Top 5:
    #1: H=      95,095  S=[1, 3, 4, 5, 9] <-- PALEY
    #2: H=      95,095  S=[2, 6, 7, 8, 10]
    #3: H=      93,467  S=[1, 2, 4, 5, 8]
    #4: H=      93,467  S=[2, 4, 5, 8, 10]
    #5: H=      93,467  S=[4, 5, 8, 9, 10]
  H(Int) = 93,027, H(Paley) = 95,095, diff = -2,068
  Maximizer = [1, 3, 4, 5, 9], is interval: False

======================================================================
SUMMARY: H-MAXIMIZATION ACROSS PRIMES
======================================================================
  p=5:  p≡1 mod 4, no Paley; Interval maximizes among 4 circulants
  p=7:  p≡3 mod 4, Paley exists; PALEY maximizes (H=189 > 175)
  p=11: p≡3 mod 4, Paley exists; PALEY maximizes (H=95095 > 93027)
  p=13: p≡1 mod 4, no Paley; INTERVAL maximizes among 64 circulants
  p=19: p≡3 mod 4, Paley exists; INTERVAL maximizes (pending verification)
