
======================================================================
p=7
======================================================================

--- Paley S=[1, 2, 4] ---

  k=3: 14 active sets, c_3=14
   n(V)  count   conf_vsets   conf_cycles   w_per_cycle
      1     14           12            12            12  CONSTANT

  k=5: 21 active sets, c_5=42
   n(V)  count   conf_vsets   conf_cycles   w_per_cycle
      2     21           20            40            41  CONSTANT

  k=7: 1 active sets, c_7=24
   n(V)  count   conf_vsets   conf_cycles   w_per_cycle
     24      1            0             0            23  CONSTANT

--- Interval S=[1, 2, 3] ---

  k=3: 14 active sets, c_3=14
   n(V)  count   conf_vsets   conf_cycles   w_per_cycle
      1     14           11            11            11  CONSTANT

  k=5: 21 active sets, c_5=28
   n(V)  count   conf_vsets   conf_cycles   w_per_cycle
      1     14           20            27            27  CONSTANT
      2      7           20            26            27  CONSTANT

  k=7: 1 active sets, c_7=17
   n(V)  count   conf_vsets   conf_cycles   w_per_cycle
     17      1            0             0            16  CONSTANT

======================================================================
p=11
======================================================================

--- Paley S=[1, 3, 4, 5, 9] ---

  k=3: 55 active sets, c_3=55
   n(V)  count   conf_vsets   conf_cycles   w_per_cycle
      1     55           36            36            36  CONSTANT

  k=5: 352 active sets, c_5=594
   n(V)  count   conf_vsets   conf_cycles   w_per_cycle
      1    165    [346-347]     [584-589]     [584-589]  VARIES
      2    132    [347-350]     [585-590]     [586-591]  VARIES
      3     55          347           585           587  CONSTANT

  k=7: 330 active sets, c_7=3960
   n(V)  count   conf_vsets   conf_cycles   w_per_cycle
      9    110          329          3951          3959  CONSTANT
     11     55          329          3949          3959  CONSTANT
     13     55          329          3947          3959  CONSTANT
     15    110          329          3945          3959  CONSTANT

  k=9: 55 active sets, c_9=11055
   n(V)  count   conf_vsets   conf_cycles   w_per_cycle
    201     55           54         10854         11054  CONSTANT

  k=11: 1 active sets, c_11=5505
   n(V)  count   conf_vsets   conf_cycles   w_per_cycle
   5505      1            0             0          5504  CONSTANT

--- Interval S=[1, 2, 3, 4, 5] ---

  k=3: 55 active sets, c_3=55
   n(V)  count   conf_vsets   conf_cycles   w_per_cycle
      1     55           34            34            34  CONSTANT

  k=5: 407 active sets, c_5=484
   n(V)  count   conf_vsets   conf_cycles   w_per_cycle
      1    330    [400-402]     [475-479]     [475-479]  VARIES
      2     77    [400-400]     [474-476]     [475-477]  VARIES

  k=7: 330 active sets, c_7=3399
   n(V)  count   conf_vsets   conf_cycles   w_per_cycle
      1     44          329          3398          3398  CONSTANT
      8     77          329          3391          3398  CONSTANT
     10     77          329          3389          3398  CONSTANT
     13     11          329          3386          3398  CONSTANT
     14     77          329          3385          3398  CONSTANT
     17     44          329          3382          3398  CONSTANT

  k=9: 55 active sets, c_9=9350
   n(V)  count   conf_vsets   conf_cycles   w_per_cycle
    125     11           54          9225          9349  CONSTANT
    141     11           54          9209          9349  CONSTANT
    165     11           54          9185          9349  CONSTANT
    197     11           54          9153          9349  CONSTANT
    222     11           54          9128          9349  CONSTANT

  k=11: 1 active sets, c_11=5109
   n(V)  count   conf_vsets   conf_cycles   w_per_cycle
   5109      1            0             0          5108  CONSTANT

DONE.
