
============================================================
  ORBIT-BASED ALPHA: Paley p=7, H=189
============================================================
  36 active vertex sets, N_total = 80
  alpha_1 = 80
  alpha_2 = 7
  H(j<=2) = 1 + 2*80 + 4*7 = 189
  Disjoint pairs: 7
  alpha_3 = 0
  H(j<=3) = 189
  EXACT MATCH at j=3!
  H from Held-Karp: 189
  Match: True

============================================================
  ORBIT-BASED ALPHA: Paley p=11, H=95095
============================================================
  793 active vertex sets, N_total = 21169
  alpha_1 = 21169
  alpha_2 = 10879
  H(j<=2) = 1 + 2*21169 + 4*10879 = 85855
  Disjoint pairs: 3861
  alpha_3 = 1155
  H(j<=3) = 95095
  EXACT MATCH at j=3!
  H from Held-Karp: 95095
  Match: True


============================================================
  ALL ORIENTATIONS at p=7
============================================================
  bits=0: S=[6, 5, 4], H=175, N=59, a2=14, c_k={3: 14, 5: 28, 7: 17}, H_check=175, OK
  bits=1: S=[1, 5, 4], H=175, N=59, a2=14, c_k={3: 14, 5: 28, 7: 17}, H_check=175, OK
  bits=2: S=[6, 2, 4], H=175, N=59, a2=14, c_k={3: 14, 5: 28, 7: 17}, H_check=175, OK
  bits=3: S=[1, 2, 4], H=189, N=80, a2=7, c_k={3: 14, 5: 42, 7: 24}, H_check=189, OK
  bits=4: S=[6, 5, 3], H=189, N=80, a2=7, c_k={3: 14, 5: 42, 7: 24}, H_check=189, OK
  bits=5: S=[1, 5, 3], H=175, N=59, a2=14, c_k={3: 14, 5: 28, 7: 17}, H_check=175, OK
  bits=6: S=[6, 2, 3], H=175, N=59, a2=14, c_k={3: 14, 5: 28, 7: 17}, H_check=175, OK
  bits=7: S=[1, 2, 3], H=175, N=59, a2=14, c_k={3: 14, 5: 28, 7: 17}, H_check=175, OK

DONE.
