======================================================================
OVERLAP-GAUSS BRIDGE: Connecting overlap weights to Walsh layers
======================================================================

============================================================
PART 1: alpha_2 = -c_5/2 + const test
============================================================

  p=7, m=3, 2^m=8 orientations
  c3 values: [14]
  c5 directed values: [28, 42]
  disj3 is a function of c5_dir: True
  LINEAR FIT: disj3 = -0.500000 * c5_dir + 28.00
  Max error = 0.000000
  *** CONFIRMED: disj3 = -c5_dir/2 + 28 ***

  p=11, m=5, 2^m=32 orientations
  c3 values: [55]
  c5 directed values: [484, 550, 572, 594]
  disj3 is a function of c5_dir: True
  LINEAR FIT: disj3 = -0.500000 * c5_dir + 792.00
  Max error = 0.000000
  *** CONFIRMED: disj3 = -c5_dir/2 + 792 ***

  p=13, m=6, 2^m=64 orientations
  c3 values: [91]
  c5 directed values: [1274, 1378, 1430, 1456, 1482]
  disj3 is a function of c5_dir: True
  LINEAR FIT: disj3 = -0.500000 * c5_dir + 2457.00
  Max error = 0.000000
  *** CONFIRMED: disj3 = -c5_dir/2 + 2457 ***

============================================================
PART 2: Full alpha_2 with 5-cycles (p=7)
============================================================
  bits=000 S=[6, 5, 4]: c3=14 c5=28 c7=17 alpha_2=14 H=161
  bits=001 S=[1, 5, 4]: c3=14 c5=28 c7=17 alpha_2=14 H=161
  bits=010 S=[6, 2, 4]: c3=14 c5=28 c7=17 alpha_2=14 H=161
  bits=011 S=[1, 2, 4]: c3=14 c5=42 c7=24 alpha_2=7 H=183
  bits=100 S=[6, 5, 3]: c3=14 c5=42 c7=24 alpha_2=7 H=183
  bits=101 S=[1, 5, 3]: c3=14 c5=28 c7=17 alpha_2=14 H=161
  bits=110 S=[6, 2, 3]: c3=14 c5=28 c7=17 alpha_2=14 H=161
  bits=111 S=[1, 2, 3]: c3=14 c5=28 c7=17 alpha_2=14 H=161

============================================================
PART 3: Walsh degree-2 of alpha_2 and c5
============================================================

  p=7, m=3

  Walsh degree-2 coefficients:
      pair   h2[alpha2]       h2[c5]     h2[c3]      ratio
  (0,1)       -1.7500       3.5000     0.0000    -0.5000
  (0,2)        1.7500      -3.5000     0.0000    -0.5000
  (1,2)        1.7500      -3.5000     0.0000    -0.5000

  p=11, m=5

  Walsh degree-2 coefficients:
      pair   h2[alpha2]       h2[c5]     h2[c3]      ratio
  (0,2)        2.7500      -5.5000     0.0000    -0.5000
  (0,3)        2.7500      -5.5000     0.0000    -0.5000
  (1,2)       -2.7500       5.5000     0.0000    -0.5000
  (1,4)       -2.7500       5.5000     0.0000    -0.5000
  (3,4)        2.7500      -5.5000     0.0000    -0.5000

  p=13, m=6

  Walsh degree-2 coefficients:
      pair   h2[alpha2]       h2[c5]     h2[c3]      ratio
  (0,2)        3.2500      -6.5000     0.0000    -0.5000
  (0,3)       -3.2500       6.5000     0.0000    -0.5000
  (1,4)        3.2500      -6.5000     0.0000    -0.5000
  (1,5)        3.2500      -6.5000     0.0000    -0.5000
  (2,3)       -3.2500       6.5000     0.0000    -0.5000
  (4,5)        3.2500      -6.5000     0.0000    -0.5000

============================================================
PART 4: Co-occurrence and disjointness formula
============================================================

  p=7, Paley: c3=14, disj_3=7, overlap=84
    deg_per_vertex = 6
    co-occur by gap: [14, 14, 14, 14]
    ov=0: 7, ov=1: 63, ov=2: 21
    Disjointness ratio = 0.076923
    Random disjointness (hypergeo) = 0.114286
    Excess disjointness = -0.037363

  p=7, Interval: c3=14, disj_3=14, overlap=77
    deg_per_vertex = 6
    co-occur by gap: [7, 14, 21, 21]
    ov=0: 14, ov=1: 49, ov=2: 28
    Disjointness ratio = 0.153846
    Random disjointness (hypergeo) = 0.114286
    Excess disjointness = 0.039560

  p=11, Paley: c3=55, disj_3=495, overlap=990
    deg_per_vertex = 15
    co-occur by gap: [33, 33, 33, 33, 33, 33]
    ov=0: 495, ov=1: 825, ov=2: 165
    Disjointness ratio = 0.333333
    Random disjointness (hypergeo) = 0.339394
    Excess disjointness = -0.006061

  p=11, Interval: c3=55, disj_3=550, overlap=935
    deg_per_vertex = 15
    co-occur by gap: [11, 22, 33, 44, 55, 55]
    ov=0: 550, ov=1: 715, ov=2: 220
    Disjointness ratio = 0.370370
    Random disjointness (hypergeo) = 0.339394
    Excess disjointness = 0.030976

  p=13, Paley: c3=26, disj_3=169, overlap=156
    deg_per_vertex = 6
    co-occur by gap: [26, 0, 26, 26, 0, 0, 0]
    ov=0: 169, ov=1: 117, ov=2: 39
    Disjointness ratio = 0.520000
    Random disjointness (hypergeo) = 0.419580
    Excess disjointness = 0.100420

  p=13, Interval: c3=91, disj_3=1820, overlap=2275
    deg_per_vertex = 21
    co-occur by gap: [13, 26, 39, 52, 65, 78, 78]
    ov=0: 1820, ov=1: 1820, ov=2: 455
    Disjointness ratio = 0.444444
    Random disjointness (hypergeo) = 0.419580
    Excess disjointness = 0.024864

============================================================
PART 5: Degree-4 Walsh of H and 4-fold Gauss sums
============================================================

  p=7, m=3

  Degree-4 Walsh of H:
     (a,b,c,d)      h4[H]         G4      h4/G4

  Zero-sum analysis for 4-fold Gauss sums:

  p=11, m=5

  Degree-4 Walsh of H:
     (a,b,c,d)      h4[H]         G4      h4/G4
  (0,1,2,3)  -210.5000     1.3750  -153.0909
  (0,1,2,4)  -182.5000     1.3750  -132.7273
  (0,1,3,4)  -155.5000     1.3750  -113.0909
  (0,2,3,4)   109.0000    -1.3750   -79.2727
  (1,2,3,4)  -111.0000     1.3750   -80.7273

  Zero-sum analysis for 4-fold Gauss sums:
  (0,1,2,3): g=(1,2,3,4), h4=-210.5000, zero-sums: [(-1, 1, 1, -1), (1, -1, -1, 1)]
  (0,1,2,4): g=(1,2,3,5), h4=-182.5000, zero-sums: [(1, 1, 1, 1), (-1, -1, -1, -1)]
  (0,1,3,4): g=(1,2,4,5), h4=-155.5000, zero-sums: [(-1, 1, 1, -1), (1, -1, -1, 1)]
  (0,2,3,4): g=(1,3,4,5), h4=109.0000, zero-sums: [(-1, 1, 1, 1), (1, -1, -1, -1)]
  (1,2,3,4): g=(2,3,4,5), h4=-111.0000, zero-sums: [(-1, 1, 1, -1), (1, -1, -1, 1)]

============================================================
PART 6: Disjointness ratio vs additive energy across all orientations
============================================================

  p=7:
  Corr(disj3, energy) = 1.0000
  Corr(disj3, L4/L2^2) = 1.0000
  c3=14: 8 orient, disj3 in [7,14], energy in [15,19]

  p=11:
  Corr(disj3, energy) = 1.0000
  Corr(disj3, L4/L2^2) = 1.0000
  c3=55: 32 orient, disj3 in [495,550], energy in [65,85]

DONE.
  Available vertices: [1, 2, 5, 6]

  p=11, Paley:
    |gap_triples| = 5
    ordered_zst = 15
    c3_vsets (actual) = 55
    c3_directed (actual) = 55
    Prediction c3_vsets = p * |gap_triples| = 55 (ratio: 1.0)
    disj3 = 495
    D (disjoint from fixed cycle) = 18
    n3 * D / 2 = 495 (should = 495)
    Forbidden vertices: [1, 3, 5]
    Available vertices: [0, 2, 4, 6, 7, 8, 9, 10]

  p=11, Interval:
    |gap_triples| = 4
    ordered_zst = 15
    c3_vsets (actual) = 55
    c3_directed (actual) = 55
    Prediction c3_vsets = p * |gap_triples| = 44 (ratio: 1.25)
    disj3 = 550
    D (disjoint from fixed cycle) = 20
    n3 * D / 2 = 550 (should = 550)
    Forbidden vertices: [1, 5, 8]
    Available vertices: [0, 2, 3, 4, 6, 7, 9, 10]

  p=13, Paley:
    |gap_triples| = 2
    ordered_zst = 12
    c3_vsets (actual) = 26
    c3_directed (actual) = 52
    Prediction c3_vsets = p * |gap_triples| = 26 (ratio: 1.0)
    disj3 = 169
    D (disjoint from fixed cycle) = 13
    n3 * D / 2 = 169 (should = 169)
    Forbidden vertices: [7, 10, 11]
    Available vertices: [0, 1, 2, 3, 4, 5, 6, 8, 9, 12]

  p=13, Interval:
    |gap_triples| = 5
    ordered_zst = 21
    c3_vsets (actual) = 91
    c3_directed (actual) = 91
    Prediction c3_vsets = p * |gap_triples| = 65 (ratio: 1.4)
    disj3 = 1820
    D (disjoint from fixed cycle) = 40
    n3 * D / 2 = 1820 (should = 1820)
    Forbidden vertices: [1, 6, 12]
    Available vertices: [0, 2, 3, 4, 5, 7, 8, 9, 10, 11]

DONE.
