======================================================================
ANALYSIS 1: LINEAR MODEL FOR H FROM OVERLAP WEIGHTS
======================================================================
Regular tournaments: 2640
  bits=17976: ov0=14, ov1=49, ov2=28, sum=91, H=175
  bits=18225: ov0=14, ov1=49, ov2=28, sum=91, H=175
  bits=22066: ov0=10, ov1=57, ov2=24, sum=91, H=171
  bits=22129: ov0=10, ov1=57, ov2=24, sum=91, H=171
  bits=25720: ov0=14, ov1=49, ov2=28, sum=91, H=175

Linear fit attempt:
  Eq2-Eq1: 3a - 6b = -18 => a - 2b = -6
  Eq3-Eq2: 4a - 8b = 4 => a - 2b = 1
  CONTRADICTION: H is NOT linear in (ov0, ov1)

Quadratic fit: H = 1*ov0^2 + (-23)*ov0 + 301
  ov0=14: H_pred=175, H_actual=175, match=YES
  ov0=14: H_pred=175, H_actual=175, match=YES
  ov0=10: H_pred=171, H_actual=171, match=YES
  ov0=10: H_pred=171, H_actual=171, match=YES
  ov0=14: H_pred=175, H_actual=175, match=YES
  ov0=10: H_pred=171, H_actual=171, match=YES
  ov0=10: H_pred=171, H_actual=171, match=YES
  ov0=10: H_pred=171, H_actual=171, match=YES
  ov0=10: H_pred=171, H_actual=171, match=YES
  ov0=14: H_pred=175, H_actual=175, match=YES

  H = ov0^2 - 23*ov0 + 301 for ALL 2640 regular n=7 tournaments: True

  THEOREM: For regular n=7 tournaments:
  H = disj_33^2 - 23*disj_33 + 301
  where disj_33 = number of vertex-disjoint 3-cycle pairs

======================================================================
ANALYSIS 2: WHY QUADRATIC? CONNECTING TO OCF DECOMPOSITION
======================================================================
Deriving: c7_dir = (disj_33^2 - 23*disj_33 + 160) / 2
  disj_33=14: c7_pred=17, c7_actual=17, match=YES
  disj_33=14: c7_pred=17, c7_actual=17, match=YES
  disj_33=10: c7_pred=15, c7_actual=15, match=YES
  disj_33=10: c7_pred=15, c7_actual=15, match=YES
  disj_33=14: c7_pred=17, c7_actual=17, match=YES
  disj_33=10: c7_pred=15, c7_actual=15, match=YES
  disj_33=10: c7_pred=15, c7_actual=15, match=YES
  disj_33=10: c7_pred=15, c7_actual=15, match=YES
  disj_33=10: c7_pred=15, c7_actual=15, match=YES
  disj_33=14: c7_pred=17, c7_actual=17, match=YES

  c7_dir = (disj_33^2 - 23*disj_33 + 160)/2 for ALL: True

  disj_33=7: c7=24 (Paley)
  disj_33=10: c7=15
  disj_33=14: c7=17

======================================================================
ANALYSIS 3: MECHANISM — WHY c7 DEPENDS ON disj_33
======================================================================

  H=189 (disj_33=7, c7=24):
    c5 per 5-subset grouped by #disjoint 3-pairs in that subset:
      disj_pairs_in_5set=0: count=21, avg_c5=2.00, total_c5=42, distribution=[2]

  H=171 (disj_33=10, c7=15):
    c5 per 5-subset grouped by #disjoint 3-pairs in that subset:
      disj_pairs_in_5set=0: count=21, avg_c5=1.71, total_c5=36, distribution=[1, 2, 3]

  H=175 (disj_33=14, c7=17):
    c5 per 5-subset grouped by #disjoint 3-pairs in that subset:
      disj_pairs_in_5set=0: count=21, avg_c5=1.33, total_c5=28, distribution=[1, 2]

======================================================================
ANALYSIS 4: n=6 — OVERLAP WEIGHT vs H
======================================================================
Score classes at n=6: 22

  Score (0, 2, 3, 3, 3, 4): H in [11, 13, 15], 2 overlap histograms, 1 AMBIGUOUS
    {1: 3, 2: 3}: H = [13, 15]
  Score (1, 1, 3, 3, 3, 4): H in [19, 23, 27], overlap histogram DETERMINES H

  Score (1, 2, 2, 2, 3, 5): H in [11, 13, 15], 2 overlap histograms, 1 AMBIGUOUS
    {1: 3, 2: 3}: H = [13, 15]
  Score (1, 2, 2, 2, 4, 4): H in [19, 23, 27], overlap histogram DETERMINES H

  Score (1, 2, 2, 3, 3, 4): H in [23, 25, 29, 31, 33, 37], 5 overlap histograms, 2 AMBIGUOUS
    {0: 1, 1: 8, 2: 6}: H = [29, 31]
    {0: 2, 1: 6, 2: 7}: H = [29, 33, 37]
  Score (2, 2, 2, 3, 3, 3): H in [41, 43, 45], overlap histogram DETERMINES H

======================================================================
ANALYSIS 5: TRANSFER MECHANISM — 3-OVERLAP -> 5-CYCLES AT n=6
======================================================================
Score (2, 2, 2, 3, 3, 3):
  Total: 2640
  Distinct (c3, disj) classes: 3
  c3=8, disj_33=1: count=1680, H=[43, 45], c5_dir=[11, 12], ov1=[17, 18]
    c5+2*disj = [13, 14]
  c3=8, disj_33=2: count=720, H=[41], c5_dir=[8], ov1=[14]
    c5+2*disj = [12]
  c3=8, disj_33=4: count=240, H=[45], c5_dir=[6], ov1=[12]
    c5+2*disj = [14]

======================================================================
ANALYSIS 6: QUADRATIC H(disj_33) AT n=6?
======================================================================
  Score (0, 2, 3, 3, 3, 4): disj does NOT determine H: [(0, [11, 13, 15])]...
  Score (1, 1, 2, 3, 4, 4): disj does NOT determine H: [(0, [15, 17])]...
  Score (1, 1, 3, 3, 3, 4): disj does NOT determine H: [(1, [23, 27])]...
  Score (1, 2, 2, 2, 3, 5): disj does NOT determine H: [(0, [11, 13, 15])]...
  Score (1, 2, 2, 2, 4, 4): disj does NOT determine H: [(1, [23, 27])]...
  Score (1, 2, 2, 3, 3, 4): disj does NOT determine H: [(0, [23, 25]), (2, [29, 33, 37]), (1, [29, 31])]...
  Score (1, 2, 3, 3, 3, 3): disj does NOT determine H: [(1, [33, 37])]...
  Score (2, 2, 2, 2, 3, 4): disj does NOT determine H: [(1, [33, 37])]...
  Score (2, 2, 2, 3, 3, 3): disj does NOT determine H: [(1, [43, 45])]...

======================================================================
ANALYSIS 7: COUNTING ARGUMENT FOR 3 H-CLASSES AT n=7 REGULAR
======================================================================
At n=7 regular:

  H=189: per-vertex 3-cycle count = [6, 6, 6, 6, 6, 6, 6]
    Sum = 42 (should be 3*14=42)
    Per-vertex overlap-1 count = [9, 9, 9, 9, 9, 9, 9]
    Sum = 63 (should be ov1=63)
    Distinct overlap-2 vertex pairs: 21
    Overlap-2 multiplicity distribution: [1, 1, 1, 1, 1, 1, 1, 1, 1, 1, 1, 1, 1, 1, 1, 1, 1, 1, 1, 1, 1]

  H=171: per-vertex 3-cycle count = [6, 6, 6, 6, 6, 6, 6]
    Sum = 42 (should be 3*14=42)
    Per-vertex overlap-1 count = [8, 8, 9, 8, 8, 8, 8]
    Sum = 57 (should be ov1=57)
    Distinct overlap-2 vertex pairs: 18
    Overlap-2 multiplicity distribution: [1, 1, 1, 1, 1, 1, 1, 1, 1, 1, 1, 1, 1, 1, 1, 3, 3, 3]

  H=175: per-vertex 3-cycle count = [6, 6, 6, 6, 6, 6, 6]
    Sum = 42 (should be 3*14=42)
    Per-vertex overlap-1 count = [7, 7, 7, 7, 7, 7, 7]
    Sum = 49 (should be ov1=49)
    Distinct overlap-2 vertex pairs: 14
    Overlap-2 multiplicity distribution: [1, 1, 1, 1, 1, 1, 1, 3, 3, 3, 3, 3, 3, 3]


======================================================================
DONE.
======================================================================
