OCF verification passed for all orbits.

======================================================================
WALSH DECOMPOSITION AT p=11 (from orbit structure)
======================================================================

  H:
    Mean: 93101.2500
    Values unique: [92411, 93027, 93467, 95095]
    Degree-2:
      h_hat[{0,1}] =      -8.2500, gaps=(1,2), chi(ab)=-1, OK
      h_hat[{0,2}] =     272.2500, gaps=(1,3), chi(ab)=+1, OK
      h_hat[{0,3}] =     272.2500, gaps=(1,4), chi(ab)=+1, OK
      h_hat[{0,4}] =       8.2500, gaps=(1,5), chi(ab)=+1, OK
      h_hat[{1,2}] =    -272.2500, gaps=(2,3), chi(ab)=-1, OK
      h_hat[{1,3}] =      -8.2500, gaps=(2,4), chi(ab)=-1, OK
      h_hat[{1,4}] =    -272.2500, gaps=(2,5), chi(ab)=-1, OK
      h_hat[{2,3}] =       8.2500, gaps=(3,4), chi(ab)=+1, OK
      h_hat[{2,4}] =       8.2500, gaps=(3,5), chi(ab)=+1, OK
      h_hat[{3,4}] =     272.2500, gaps=(4,5), chi(ab)=+1, OK
    Degree-4:
      h_hat[{0, 1, 2, 3}] =    -118.2500, gaps=(1, 2, 3, 4), chi(prod)=-1, OK
      h_hat[{0, 1, 2, 4}] =    -118.2500, gaps=(1, 2, 3, 5), chi(prod)=-1, OK
      h_hat[{0, 1, 3, 4}] =    -118.2500, gaps=(1, 2, 4, 5), chi(prod)=-1, OK
      h_hat[{0, 2, 3, 4}] =     118.2500, gaps=(1, 3, 4, 5), chi(prod)=+1, OK
      h_hat[{1, 2, 3, 4}] =    -118.2500, gaps=(2, 3, 4, 5), chi(prod)=-1, OK

  alpha_1:
    Mean: 19312.7500
    Values unique: [18397, 19541, 19629, 21169]
    Degree-2:
      h_hat[{0,1}] =     -35.7500, gaps=(1,2), chi(ab)=-1, OK
      h_hat[{0,2}] =      13.7500, gaps=(1,3), chi(ab)=+1, OK
      h_hat[{0,3}] =      13.7500, gaps=(1,4), chi(ab)=+1, OK
      h_hat[{0,4}] =      35.7500, gaps=(1,5), chi(ab)=+1, OK
      h_hat[{1,2}] =     -13.7500, gaps=(2,3), chi(ab)=-1, OK
      h_hat[{1,3}] =     -35.7500, gaps=(2,4), chi(ab)=-1, OK
      h_hat[{1,4}] =     -13.7500, gaps=(2,5), chi(ab)=-1, OK
      h_hat[{2,3}] =      35.7500, gaps=(3,4), chi(ab)=+1, OK
      h_hat[{2,4}] =      35.7500, gaps=(3,5), chi(ab)=+1, OK
      h_hat[{3,4}] =      13.7500, gaps=(4,5), chi(ab)=+1, OK
    Degree-4:
      h_hat[{0, 1, 2, 3}] =    -321.7500, gaps=(1, 2, 3, 4), chi(prod)=-1, OK
      h_hat[{0, 1, 2, 4}] =    -321.7500, gaps=(1, 2, 3, 5), chi(prod)=-1, OK
      h_hat[{0, 1, 3, 4}] =    -321.7500, gaps=(1, 2, 4, 5), chi(prod)=-1, OK
      h_hat[{0, 2, 3, 4}] =     321.7500, gaps=(1, 3, 4, 5), chi(prod)=+1, OK
      h_hat[{1, 2, 3, 4}] =    -321.7500, gaps=(2, 3, 4, 5), chi(prod)=-1, OK

  alpha_2:
    Mean: 11068.0625
    Values unique: [10879, 10912, 11110, 11220]
    Degree-2:
      h_hat[{0,1}] =      47.4375, gaps=(1,2), chi(ab)=-1, FAIL
      h_hat[{0,2}] =      29.5625, gaps=(1,3), chi(ab)=+1, OK
      h_hat[{0,3}] =      29.5625, gaps=(1,4), chi(ab)=+1, OK
      h_hat[{0,4}] =     -47.4375, gaps=(1,5), chi(ab)=+1, FAIL
      h_hat[{1,2}] =     -29.5625, gaps=(2,3), chi(ab)=-1, OK
      h_hat[{1,3}] =      47.4375, gaps=(2,4), chi(ab)=-1, FAIL
      h_hat[{1,4}] =     -29.5625, gaps=(2,5), chi(ab)=-1, OK
      h_hat[{2,3}] =     -47.4375, gaps=(3,4), chi(ab)=+1, FAIL
      h_hat[{2,4}] =     -47.4375, gaps=(3,5), chi(ab)=+1, FAIL
      h_hat[{3,4}] =      29.5625, gaps=(4,5), chi(ab)=+1, OK
    Degree-4:
      h_hat[{0, 1, 2, 3}] =      19.9375, gaps=(1, 2, 3, 4), chi(prod)=-1, FAIL
      h_hat[{0, 1, 2, 4}] =      19.9375, gaps=(1, 2, 3, 5), chi(prod)=-1, FAIL
      h_hat[{0, 1, 3, 4}] =      19.9375, gaps=(1, 2, 4, 5), chi(prod)=-1, FAIL
      h_hat[{0, 2, 3, 4}] =     -19.9375, gaps=(1, 3, 4, 5), chi(prod)=+1, FAIL
      h_hat[{1, 2, 3, 4}] =      19.9375, gaps=(2, 3, 4, 5), chi(prod)=-1, FAIL

  alpha_3:
    Mean: 1275.3125
    Values unique: [1155, 1188, 1474]
    Degree-2:
      h_hat[{0,1}] =     -15.8125, gaps=(1,2), chi(ab)=-1, OK
      h_hat[{0,2}] =      15.8125, gaps=(1,3), chi(ab)=+1, OK
      h_hat[{0,3}] =      15.8125, gaps=(1,4), chi(ab)=+1, OK
      h_hat[{0,4}] =      15.8125, gaps=(1,5), chi(ab)=+1, OK
      h_hat[{1,2}] =     -15.8125, gaps=(2,3), chi(ab)=-1, OK
      h_hat[{1,3}] =     -15.8125, gaps=(2,4), chi(ab)=-1, OK
      h_hat[{1,4}] =     -15.8125, gaps=(2,5), chi(ab)=-1, OK
      h_hat[{2,3}] =      15.8125, gaps=(3,4), chi(ab)=+1, OK
      h_hat[{2,4}] =      15.8125, gaps=(3,5), chi(ab)=+1, OK
      h_hat[{3,4}] =      15.8125, gaps=(4,5), chi(ab)=+1, OK
    Degree-4:
      h_hat[{0, 1, 2, 3}] =      55.6875, gaps=(1, 2, 3, 4), chi(prod)=-1, FAIL
      h_hat[{0, 1, 2, 4}] =      55.6875, gaps=(1, 2, 3, 5), chi(prod)=-1, FAIL
      h_hat[{0, 1, 3, 4}] =      55.6875, gaps=(1, 2, 4, 5), chi(prod)=-1, FAIL
      h_hat[{0, 2, 3, 4}] =     -55.6875, gaps=(1, 3, 4, 5), chi(prod)=+1, FAIL
      h_hat[{1, 2, 3, 4}] =      55.6875, gaps=(2, 3, 4, 5), chi(prod)=-1, FAIL

  c5:
    Mean: 539.0000
    Values unique: [484, 550, 572, 594]
    Degree-2:
      h_hat[{0,2}] =      -5.5000, gaps=(1,3), chi(ab)=+1, FAIL
      h_hat[{0,3}] =      -5.5000, gaps=(1,4), chi(ab)=+1, FAIL
      h_hat[{1,2}] =       5.5000, gaps=(2,3), chi(ab)=-1, FAIL
      h_hat[{1,4}] =       5.5000, gaps=(2,5), chi(ab)=-1, FAIL
      h_hat[{3,4}] =      -5.5000, gaps=(4,5), chi(ab)=+1, FAIL
    Degree-4:
      h_hat[{0, 1, 2, 3}] =     -16.5000, gaps=(1, 2, 3, 4), chi(prod)=-1, OK
      h_hat[{0, 1, 2, 4}] =     -16.5000, gaps=(1, 2, 3, 5), chi(prod)=-1, OK
      h_hat[{0, 1, 3, 4}] =     -16.5000, gaps=(1, 2, 4, 5), chi(prod)=-1, OK
      h_hat[{0, 2, 3, 4}] =      16.5000, gaps=(1, 3, 4, 5), chi(prod)=+1, OK
      h_hat[{1, 2, 3, 4}] =     -16.5000, gaps=(2, 3, 4, 5), chi(prod)=-1, OK

  c7:
    Mean: 3595.6250
    Values unique: [3399, 3586, 3729, 3960]
    Degree-2:
      h_hat[{0,1}] =     -20.6250, gaps=(1,2), chi(ab)=-1, OK
      h_hat[{0,2}] =     -15.1250, gaps=(1,3), chi(ab)=+1, FAIL
      h_hat[{0,3}] =     -15.1250, gaps=(1,4), chi(ab)=+1, FAIL
      h_hat[{0,4}] =      20.6250, gaps=(1,5), chi(ab)=+1, OK
      h_hat[{1,2}] =      15.1250, gaps=(2,3), chi(ab)=-1, FAIL
      h_hat[{1,3}] =     -20.6250, gaps=(2,4), chi(ab)=-1, OK
      h_hat[{1,4}] =      15.1250, gaps=(2,5), chi(ab)=-1, FAIL
      h_hat[{2,3}] =      20.6250, gaps=(3,4), chi(ab)=+1, OK
      h_hat[{2,4}] =      20.6250, gaps=(3,5), chi(ab)=+1, OK
      h_hat[{3,4}] =     -15.1250, gaps=(4,5), chi(ab)=+1, FAIL
    Degree-4:
      h_hat[{0, 1, 2, 3}] =     -67.3750, gaps=(1, 2, 3, 4), chi(prod)=-1, OK
      h_hat[{0, 1, 2, 4}] =     -67.3750, gaps=(1, 2, 3, 5), chi(prod)=-1, OK
      h_hat[{0, 1, 3, 4}] =     -67.3750, gaps=(1, 2, 4, 5), chi(prod)=-1, OK
      h_hat[{0, 2, 3, 4}] =      67.3750, gaps=(1, 3, 4, 5), chi(prod)=+1, OK
      h_hat[{1, 2, 3, 4}] =     -67.3750, gaps=(2, 3, 4, 5), chi(prod)=-1, OK

  c9:
    Mean: 10010.0000
    Values unique: [9350, 10197, 10274, 11055]
    Degree-2:
      h_hat[{0,1}] =      -5.5000, gaps=(1,2), chi(ab)=-1, OK
      h_hat[{0,2}] =     -13.7500, gaps=(1,3), chi(ab)=+1, FAIL
      h_hat[{0,3}] =     -13.7500, gaps=(1,4), chi(ab)=+1, FAIL
      h_hat[{0,4}] =       5.5000, gaps=(1,5), chi(ab)=+1, OK
      h_hat[{1,2}] =      13.7500, gaps=(2,3), chi(ab)=-1, FAIL
      h_hat[{1,3}] =      -5.5000, gaps=(2,4), chi(ab)=-1, OK
      h_hat[{1,4}] =      13.7500, gaps=(2,5), chi(ab)=-1, FAIL
      h_hat[{2,3}] =       5.5000, gaps=(3,4), chi(ab)=+1, OK
      h_hat[{2,4}] =       5.5000, gaps=(3,5), chi(ab)=+1, OK
      h_hat[{3,4}] =     -13.7500, gaps=(4,5), chi(ab)=+1, FAIL
    Degree-4:
      h_hat[{0, 1, 2, 3}] =    -217.2500, gaps=(1, 2, 3, 4), chi(prod)=-1, OK
      h_hat[{0, 1, 2, 4}] =    -217.2500, gaps=(1, 2, 3, 5), chi(prod)=-1, OK
      h_hat[{0, 1, 3, 4}] =    -217.2500, gaps=(1, 2, 4, 5), chi(prod)=-1, OK
      h_hat[{0, 2, 3, 4}] =     217.2500, gaps=(1, 3, 4, 5), chi(prod)=+1, OK
      h_hat[{1, 2, 3, 4}] =    -217.2500, gaps=(2, 3, 4, 5), chi(prod)=-1, OK

  c11:
    Mean: 5113.1250
    Values unique: [4999, 5109, 5153, 5505]
    Degree-2:
      h_hat[{0,1}] =      -9.6250, gaps=(1,2), chi(ab)=-1, OK
      h_hat[{0,2}] =      48.1250, gaps=(1,3), chi(ab)=+1, OK
      h_hat[{0,3}] =      48.1250, gaps=(1,4), chi(ab)=+1, OK
      h_hat[{0,4}] =       9.6250, gaps=(1,5), chi(ab)=+1, OK
      h_hat[{1,2}] =     -48.1250, gaps=(2,3), chi(ab)=-1, OK
      h_hat[{1,3}] =      -9.6250, gaps=(2,4), chi(ab)=-1, OK
      h_hat[{1,4}] =     -48.1250, gaps=(2,5), chi(ab)=-1, OK
      h_hat[{2,3}] =       9.6250, gaps=(3,4), chi(ab)=+1, OK
      h_hat[{2,4}] =       9.6250, gaps=(3,5), chi(ab)=+1, OK
      h_hat[{3,4}] =      48.1250, gaps=(4,5), chi(ab)=+1, OK
    Degree-4:
      h_hat[{0, 1, 2, 3}] =     -20.6250, gaps=(1, 2, 3, 4), chi(prod)=-1, OK
      h_hat[{0, 1, 2, 4}] =     -20.6250, gaps=(1, 2, 3, 5), chi(prod)=-1, OK
      h_hat[{0, 1, 3, 4}] =     -20.6250, gaps=(1, 2, 4, 5), chi(prod)=-1, OK
      h_hat[{0, 2, 3, 4}] =      20.6250, gaps=(1, 3, 4, 5), chi(prod)=+1, OK
      h_hat[{1, 2, 3, 4}] =     -20.6250, gaps=(2, 3, 4, 5), chi(prod)=-1, OK


======================================================================
OCF DECOMPOSITION: h_hat_H = 2*h_a1 + 4*h_a2 + 8*h_a3
======================================================================

  Pair (0,1), gaps=(1,2), chi(ab)=-1:
    h_hat_a1 =     -35.7500 (sign -)
    h_hat_a2 =      47.4375 (sign +)
    h_hat_a3 =     -15.8125 (sign -)
    2*h_a1   =     -71.5000
    4*h_a2   =     189.7500
    8*h_a3   =    -126.5000
    h_hat_H  =      -8.2500 (recon=     -8.2500)
    Contribution: a1=18.4% a2=48.9% a3=32.6%

  Pair (0,2), gaps=(1,3), chi(ab)=+1:
    h_hat_a1 =      13.7500 (sign +)
    h_hat_a2 =      29.5625 (sign +)
    h_hat_a3 =      15.8125 (sign +)
    2*h_a1   =      27.5000
    4*h_a2   =     118.2500
    8*h_a3   =     126.5000
    h_hat_H  =     272.2500 (recon=    272.2500)
    Contribution: a1=10.1% a2=43.4% a3=46.5%

  Pair (0,3), gaps=(1,4), chi(ab)=+1:
    h_hat_a1 =      13.7500 (sign +)
    h_hat_a2 =      29.5625 (sign +)
    h_hat_a3 =      15.8125 (sign +)
    2*h_a1   =      27.5000
    4*h_a2   =     118.2500
    8*h_a3   =     126.5000
    h_hat_H  =     272.2500 (recon=    272.2500)
    Contribution: a1=10.1% a2=43.4% a3=46.5%

  Pair (0,4), gaps=(1,5), chi(ab)=+1:
    h_hat_a1 =      35.7500 (sign +)
    h_hat_a2 =     -47.4375 (sign -)
    h_hat_a3 =      15.8125 (sign +)
    2*h_a1   =      71.5000
    4*h_a2   =    -189.7500
    8*h_a3   =     126.5000
    h_hat_H  =       8.2500 (recon=      8.2500)
    Contribution: a1=18.4% a2=48.9% a3=32.6%

  Pair (1,2), gaps=(2,3), chi(ab)=-1:
    h_hat_a1 =     -13.7500 (sign -)
    h_hat_a2 =     -29.5625 (sign -)
    h_hat_a3 =     -15.8125 (sign -)
    2*h_a1   =     -27.5000
    4*h_a2   =    -118.2500
    8*h_a3   =    -126.5000
    h_hat_H  =    -272.2500 (recon=   -272.2500)
    Contribution: a1=10.1% a2=43.4% a3=46.5%

  Pair (1,3), gaps=(2,4), chi(ab)=-1:
    h_hat_a1 =     -35.7500 (sign -)
    h_hat_a2 =      47.4375 (sign +)
    h_hat_a3 =     -15.8125 (sign -)
    2*h_a1   =     -71.5000
    4*h_a2   =     189.7500
    8*h_a3   =    -126.5000
    h_hat_H  =      -8.2500 (recon=     -8.2500)
    Contribution: a1=18.4% a2=48.9% a3=32.6%

  Pair (1,4), gaps=(2,5), chi(ab)=-1:
    h_hat_a1 =     -13.7500 (sign -)
    h_hat_a2 =     -29.5625 (sign -)
    h_hat_a3 =     -15.8125 (sign -)
    2*h_a1   =     -27.5000
    4*h_a2   =    -118.2500
    8*h_a3   =    -126.5000
    h_hat_H  =    -272.2500 (recon=   -272.2500)
    Contribution: a1=10.1% a2=43.4% a3=46.5%

  Pair (2,3), gaps=(3,4), chi(ab)=+1:
    h_hat_a1 =      35.7500 (sign +)
    h_hat_a2 =     -47.4375 (sign -)
    h_hat_a3 =      15.8125 (sign +)
    2*h_a1   =      71.5000
    4*h_a2   =    -189.7500
    8*h_a3   =     126.5000
    h_hat_H  =       8.2500 (recon=      8.2500)
    Contribution: a1=18.4% a2=48.9% a3=32.6%

  Pair (2,4), gaps=(3,5), chi(ab)=+1:
    h_hat_a1 =      35.7500 (sign +)
    h_hat_a2 =     -47.4375 (sign -)
    h_hat_a3 =      15.8125 (sign +)
    2*h_a1   =      71.5000
    4*h_a2   =    -189.7500
    8*h_a3   =     126.5000
    h_hat_H  =       8.2500 (recon=      8.2500)
    Contribution: a1=18.4% a2=48.9% a3=32.6%

  Pair (3,4), gaps=(4,5), chi(ab)=+1:
    h_hat_a1 =      13.7500 (sign +)
    h_hat_a2 =      29.5625 (sign +)
    h_hat_a3 =      15.8125 (sign +)
    2*h_a1   =      27.5000
    4*h_a2   =     118.2500
    8*h_a3   =     126.5000
    h_hat_H  =     272.2500 (recon=    272.2500)
    Contribution: a1=10.1% a2=43.4% a3=46.5%


======================================================================
VARIANCE DECOMPOSITION
======================================================================
  Degree-1 variance:          0.0000 (0.00%)
  Degree-2 variance:     370940.6250 (84.14%)
  Degree-3 variance:          0.0000 (0.00%)
  Degree-4 variance:      69915.3125 (15.86%)
  Degree-5 variance:          0.0000 (0.00%)
  Total Walsh variance:     440855.9375
  Direct variance:          440855.9375
  Match: True

DONE.
