================================================================================
p = 13 TOPOLOGICAL LANDSCAPE — DEEP ANALYSIS
================================================================================

────────────────────────────────────────────────────────────
  Interval: S = [1, 2, 3, 4, 5, 6], chi_per = 1
  S-S = [1, 2, 3, 4, 5, 8, 9, 10, 11, 12] (missing 2)
  Q = [17.207, 1.988, 0.775, 0.446, 0.319, 0.265]
  prod Q = 1.0, sum Q² = 301.0
  QR content: [1, 3, 4] (3 QR, 3 NQR)
  Representation r_S(d) histogram: {0: 2, 1: 2, 2: 2, 3: 2, 4: 2, 5: 2}
  r_S values: [0, 1, 2, 3, 4, 5], mean = 2.500 (should be 2.500)
  Perfect difference set: NO
  Additive energy E = 146
  S not closed under any non-trivial multiplication
  |S+S| = 11 (of 13), 0∈S+S: no

────────────────────────────────────────────────────────────
  Orbit-0: S = [1, 2, 3, 4, 5, 7], chi_per = -3
  S-S = [1, 2, 3, 4, 5, 6, 7, 8, 9, 10, 11, 12] (FULL)
  Q = [13.494, 2.629, 2.164, 1.563, 0.900, 0.250]
  prod Q = 27.0, sum Q² = 197.0
  QR content: [1, 3, 4] (3 QR, 3 NQR)
  Representation r_S(d) histogram: {1: 4, 2: 2, 3: 2, 4: 4}
  r_S values: [1, 2, 3, 4], mean = 2.500 (should be 2.500)
  Perfect difference set: NO
  Additive energy E = 130
  S not closed under any non-trivial multiplication
  |S+S| = 12 (of 13), 0∈S+S: no

────────────────────────────────────────────────────────────
  Orbit-1: S = [1, 2, 3, 4, 6, 8], chi_per = 4
  S-S = [1, 2, 3, 4, 5, 6, 7, 8, 9, 10, 11, 12] (FULL)
  Q = [8.043, 5.600, 3.718, 2.985, 0.357, 0.297]
  prod Q = 53.0, sum Q² = 119.0
  QR content: [1, 3, 4] (3 QR, 3 NQR)
  Representation r_S(d) histogram: {2: 8, 3: 2, 4: 2}
  r_S values: [2, 3, 4], mean = 2.500 (should be 2.500)
  Perfect difference set: NO
  Additive energy E = 118
  S not closed under any non-trivial multiplication
  |S+S| = 12 (of 13), 0∈S+S: no

────────────────────────────────────────────────────────────
  Orbit-2: S = [1, 2, 3, 5, 6, 9], chi_per = -17
  S-S = [1, 2, 3, 4, 5, 6, 7, 8, 9, 10, 11, 12] (FULL)
  Q = [5.303, 5.303, 5.303, 1.697, 1.697, 1.697]
  prod Q = 729.0, sum Q² = 93.0
  QR content: [1, 3, 9] (3 QR, 3 NQR)
  Representation r_S(d) histogram: {2: 6, 3: 6}
  r_S values: [2, 3], mean = 2.500 (should be 2.500)
  Perfect difference set: NO
  Additive energy E = 114
  S closed under multiplication by: [3, 9]
  |S+S| = 12 (of 13), 0∈S+S: no

────────────────────────────────────────────────────────────
  Orbit-3: S = [1, 2, 3, 5, 7, 9], chi_per = -8
  S-S = [1, 2, 3, 4, 5, 6, 7, 8, 9, 10, 11, 12] (FULL)
  Q = [10.416, 4.797, 3.380, 1.099, 0.695, 0.612]
  prod Q = 79.0, sum Q² = 145.0
  QR content: [1, 3, 9] (3 QR, 3 NQR)
  Representation r_S(d) histogram: {1: 2, 2: 4, 3: 4, 4: 2}
  r_S values: [1, 2, 3, 4], mean = 2.500 (should be 2.500)
  Perfect difference set: NO
  Additive energy E = 122
  S not closed under any non-trivial multiplication
  |S+S| = 12 (of 13), 0∈S+S: no

────────────────────────────────────────────────────────────
  Orbit-4: S = [1, 2, 6, 8, 9, 10], chi_per = 1
  S-S = [1, 2, 3, 4, 5, 6, 7, 8, 9, 10, 11, 12] (FULL)
  Q = [7.593, 6.360, 4.223, 1.382, 0.955, 0.487]
  prod Q = 131.0, sum Q² = 119.0
  QR content: [1, 9, 10] (3 QR, 3 NQR)
  Representation r_S(d) histogram: {1: 2, 2: 2, 3: 8}
  r_S values: [1, 2, 3], mean = 2.500 (should be 2.500)
  Perfect difference set: NO
  Additive energy E = 118
  S not closed under any non-trivial multiplication
  |S+S| = 12 (of 13), 0∈S+S: no

================================================================================
COMPARISON: chi_per = 1 (Interval vs Orbit-4)
================================================================================

  Interval: S = [1, 2, 3, 4, 5, 6]
  Q = [17.2069, 1.9882, 0.7747, 0.4462, 0.3189, 0.2652]
  e_j: [1, 21, 70, 84, 45, 11, 1]

  Orbit-4: S = [1, 2, 6, 8, 9, 10]
  Q = [7.5930, 6.3603, 4.2231, 1.3817, 0.9552, 0.4867]
  e_j: [1, 21, 161, 552, 851, 570, 131]

================================================================================
WHAT MAKES chi_per = -17? (Orbit-2: S={1,2,3,5,6,9})
================================================================================
  Q = [5.302776, 1.697224, 5.302776, 5.302776, 1.697224, 1.697224]
  TWO-VALUED Q: three copies of 5.302776 and three copies of 5.302776
  These equal (p ± √p)/4:
  (p+√p)/4 = 4.151388, (p-√p)/4 = 2.348612
  Actual Q values: [1.6972, 5.3028]
  QR_13 = [1, 3, 4, 9, 10, 12]
  NQR_13 = [2, 5, 6, 7, 8, 11]
  S = [1, 2, 3, 5, 6, 9]
  S ∩ QR = [1, 3, 9] (size 3)
  S ∩ NQR = [2, 5, 6] (size 3)
  r_S distribution: [2, 3] with counts {2: 6, 3: 6}

  At p=13 ≡ 1 mod 4, Paley construction:
  Paley graph (undirected): edges where a-b ∈ QR
  Conference graph: 13 vertices, regular degree 6
  This orbit has Q two-valued → CONFERENCE matrix eigenvalues!

  Computing Ω for Orbit-2...
  Ω = [1, 6, 30, 135, 528, 1707, 4245, 7503, 9177, 7770, 4374, 1488, 237]
  chi = Σ(-1)^m Ω_m = -17 (expected -17)

  Interval Ω = [1, 6, 30, 140, 556, 1823, 4983, 11241, 19730, 24780, 20344, 9642, 1989]
  Orbit-2 Ω  = [1, 6, 30, 135, 528, 1707, 4245, 7503, 9177, 7770, 4374, 1488, 237]

  Ω differences (Orbit-2 - Interval):
    m=3: Δ = -5
    m=4: Δ = -28
    m=5: Δ = -116
    m=6: Δ = -738
    m=7: Δ = -3738
    m=8: Δ = -10553
    m=9: Δ = -17010
    m=10: Δ = -15970
    m=11: Δ = -8154
    m=12: Δ = -1752

  Per-eigenspace Ω for Orbit-2:
  Ω/p = ['1/13', '6/13', '30/13', '135/13', '528/13', '1707/13', '4245/13', '7503/13', '9177/13', '7770/13', '4374/13', '1488/13', '237/13']
  chi_per = -17

  Since chi_per = -17, odd-degree Betti sum exceeds
  even-degree Betti sum by 17 per eigenspace

DONE.
