p = 19, Paley QR = [1, 4, 5, 6, 7, 9, 11, 16, 17]

Testing 42 connection sets...
Name                                                   H     vs Paley
----------------------------------------------------------------------
  Cyclic interval {1,...,9}                  1184212824763 +11517077848 ***
  Cyclic interval {10,...,18}                1184212824763 +11517077848 ***
  Even {2,4,...,18}                          1184212824763 +11517077848 ***
  Odd {1,3,...,17}                           1184212824763 +11517077848 ***
  Paley QR                                   1172695746915           +0 
  Paley complement                           1172695746915           +0 
  Step3 {1,4,7,10,13,16,2,5,8}               1166614794027  -6080952888 
  k*Paley k=10                               1172695746915           +0 
  k*Paley k=11                               1172695746915           +0 
  k*Paley k=12                               1172695746915           +0 
  k*Paley k=13                               1172695746915           +0 
  k*Paley k=14                               1172695746915           +0 
  k*Paley k=15                               1172695746915           +0 
  k*Paley k=16                               1172695746915           +0 
  k*Paley k=17                               1172695746915           +0 
  k*Paley k=18                               1172695746915           +0 
  k*Paley k=2                                1172695746915           +0 
  k*Paley k=3                                1172695746915           +0 
  k*Paley k=4                                1172695746915           +0 
  k*Paley k=5                                1172695746915           +0 
  k*Paley k=6                                1172695746915           +0 
  k*Paley k=7                                1172695746915           +0 
  k*Paley k=8                                1172695746915           +0 
  k*Paley k=9                                1172695746915           +0 
  k*{1,...,9} k=1                            1184212824763 +11517077848 ***
  k*{1,...,9} k=10                           1184212824763 +11517077848 ***
  k*{1,...,9} k=11                           1184212824763 +11517077848 ***
  k*{1,...,9} k=12                           1184212824763 +11517077848 ***
  k*{1,...,9} k=13                           1184212824763 +11517077848 ***
  k*{1,...,9} k=14                           1184212824763 +11517077848 ***
  k*{1,...,9} k=15                           1184212824763 +11517077848 ***
  k*{1,...,9} k=16                           1184212824763 +11517077848 ***
  k*{1,...,9} k=17                           1184212824763 +11517077848 ***
  k*{1,...,9} k=18                           1184212824763 +11517077848 ***
  k*{1,...,9} k=2                            1184212824763 +11517077848 ***
  k*{1,...,9} k=3                            1184212824763 +11517077848 ***
  k*{1,...,9} k=4                            1184212824763 +11517077848 ***
  k*{1,...,9} k=5                            1184212824763 +11517077848 ***
  k*{1,...,9} k=6                            1184212824763 +11517077848 ***
  k*{1,...,9} k=7                            1184212824763 +11517077848 ***
  k*{1,...,9} k=8                            1184212824763 +11517077848 ***
  k*{1,...,9} k=9                            1184212824763 +11517077848 ***

============================================================
DISTINCT H VALUES (3 total)
============================================================

  H = 1184212824763:
    Cyclic interval {1,...,9}: S = [1, 2, 3, 4, 5, 6, 7, 8, 9]
    Cyclic interval {10,...,18}: S = [10, 11, 12, 13, 14, 15, 16, 17, 18]
    Even {2,4,...,18}: S = [2, 4, 6, 8, 10, 12, 14, 16, 18]
    Odd {1,3,...,17}: S = [1, 3, 5, 7, 9, 11, 13, 15, 17]
    k*{1,...,9} k=1: S = [1, 2, 3, 4, 5, 6, 7, 8, 9]
    k*{1,...,9} k=10: S = [1, 2, 3, 4, 10, 11, 12, 13, 14]
    k*{1,...,9} k=11: S = [1, 3, 4, 6, 9, 11, 12, 14, 17]
    k*{1,...,9} k=12: S = [1, 3, 5, 8, 10, 12, 13, 15, 17]
    k*{1,...,9} k=13: S = [1, 2, 3, 7, 8, 9, 13, 14, 15]
    k*{1,...,9} k=14: S = [3, 4, 8, 9, 12, 13, 14, 17, 18]
    k*{1,...,9} k=15: S = [2, 3, 6, 7, 10, 11, 14, 15, 18]
    k*{1,...,9} k=16: S = [1, 4, 7, 10, 11, 13, 14, 16, 17]
    k*{1,...,9} k=17: S = [1, 3, 5, 7, 9, 11, 13, 15, 17]
    k*{1,...,9} k=18: S = [10, 11, 12, 13, 14, 15, 16, 17, 18]
    k*{1,...,9} k=2: S = [2, 4, 6, 8, 10, 12, 14, 16, 18]
    k*{1,...,9} k=3: S = [2, 3, 5, 6, 8, 9, 12, 15, 18]
    k*{1,...,9} k=4: S = [1, 4, 5, 8, 9, 12, 13, 16, 17]
    k*{1,...,9} k=5: S = [1, 2, 5, 6, 7, 10, 11, 15, 16]
    k*{1,...,9} k=6: S = [4, 5, 6, 10, 11, 12, 16, 17, 18]
    k*{1,...,9} k=7: S = [2, 4, 6, 7, 9, 11, 14, 16, 18]
    k*{1,...,9} k=8: S = [2, 5, 7, 8, 10, 13, 15, 16, 18]
    k*{1,...,9} k=9: S = [5, 6, 7, 8, 9, 15, 16, 17, 18]

  H = 1172695746915:
    Paley QR: S = [1, 4, 5, 6, 7, 9, 11, 16, 17]
    Paley complement: S = [2, 3, 8, 10, 12, 13, 14, 15, 18]
    k*Paley k=10: S = [2, 3, 8, 10, 12, 13, 14, 15, 18]
    k*Paley k=11: S = [1, 4, 5, 6, 7, 9, 11, 16, 17]
    k*Paley k=12: S = [2, 3, 8, 10, 12, 13, 14, 15, 18]
    k*Paley k=13: S = [2, 3, 8, 10, 12, 13, 14, 15, 18]
    k*Paley k=14: S = [2, 3, 8, 10, 12, 13, 14, 15, 18]
    k*Paley k=15: S = [2, 3, 8, 10, 12, 13, 14, 15, 18]
    k*Paley k=16: S = [1, 4, 5, 6, 7, 9, 11, 16, 17]
    k*Paley k=17: S = [1, 4, 5, 6, 7, 9, 11, 16, 17]
    k*Paley k=18: S = [2, 3, 8, 10, 12, 13, 14, 15, 18]
    k*Paley k=2: S = [2, 3, 8, 10, 12, 13, 14, 15, 18]
    k*Paley k=3: S = [2, 3, 8, 10, 12, 13, 14, 15, 18]
    k*Paley k=4: S = [1, 4, 5, 6, 7, 9, 11, 16, 17]
    k*Paley k=5: S = [1, 4, 5, 6, 7, 9, 11, 16, 17]
    k*Paley k=6: S = [1, 4, 5, 6, 7, 9, 11, 16, 17]
    k*Paley k=7: S = [1, 4, 5, 6, 7, 9, 11, 16, 17]
    k*Paley k=8: S = [2, 3, 8, 10, 12, 13, 14, 15, 18]
    k*Paley k=9: S = [1, 4, 5, 6, 7, 9, 11, 16, 17]

  H = 1166614794027:
    Step3 {1,4,7,10,13,16,2,5,8}: S = [1, 2, 4, 5, 7, 8, 10, 13, 16]

============================================================
ORBIT STRUCTURE
============================================================

Multiplicative orbits of {1,...,9}:
  k=1: S=[1, 2, 3, 4, 5, 6, 7, 8, 9], H=1184212824763
  k=2: S=[2, 4, 6, 8, 10, 12, 14, 16, 18], H=1184212824763
  k=3: S=[2, 3, 5, 6, 8, 9, 12, 15, 18], H=1184212824763
  k=4: S=[1, 4, 5, 8, 9, 12, 13, 16, 17], H=1184212824763
  k=5: S=[1, 2, 5, 6, 7, 10, 11, 15, 16], H=1184212824763
  k=6: S=[4, 5, 6, 10, 11, 12, 16, 17, 18], H=1184212824763
  k=7: S=[2, 4, 6, 7, 9, 11, 14, 16, 18], H=1184212824763
  k=8: S=[2, 5, 7, 8, 10, 13, 15, 16, 18], H=1184212824763
  k=9: S=[5, 6, 7, 8, 9, 15, 16, 17, 18], H=1184212824763
  k=10: S=[1, 2, 3, 4, 10, 11, 12, 13, 14], H=1184212824763
  k=11: S=[1, 3, 4, 6, 9, 11, 12, 14, 17], H=1184212824763
  k=12: S=[1, 3, 5, 8, 10, 12, 13, 15, 17], H=1184212824763
  k=13: S=[1, 2, 3, 7, 8, 9, 13, 14, 15], H=1184212824763
  k=14: S=[3, 4, 8, 9, 12, 13, 14, 17, 18], H=1184212824763
  k=15: S=[2, 3, 6, 7, 10, 11, 14, 15, 18], H=1184212824763
  k=16: S=[1, 4, 7, 10, 11, 13, 14, 16, 17], H=1184212824763
  k=17: S=[1, 3, 5, 7, 9, 11, 13, 15, 17], H=1184212824763
  k=18: S=[10, 11, 12, 13, 14, 15, 16, 17, 18], H=1184212824763

Multiplicative orbits of Paley QR:
  k=2: S=[2, 3, 8, 10, 12, 13, 14, 15, 18], H=1172695746915
  k=3: S=[2, 3, 8, 10, 12, 13, 14, 15, 18], H=1172695746915
  k=4: S=[1, 4, 5, 6, 7, 9, 11, 16, 17], H=1172695746915
  k=5: S=[1, 4, 5, 6, 7, 9, 11, 16, 17], H=1172695746915
  k=6: S=[1, 4, 5, 6, 7, 9, 11, 16, 17], H=1172695746915
  k=7: S=[1, 4, 5, 6, 7, 9, 11, 16, 17], H=1172695746915
  k=8: S=[2, 3, 8, 10, 12, 13, 14, 15, 18], H=1172695746915
  k=9: S=[1, 4, 5, 6, 7, 9, 11, 16, 17], H=1172695746915
  k=10: S=[2, 3, 8, 10, 12, 13, 14, 15, 18], H=1172695746915
  k=11: S=[1, 4, 5, 6, 7, 9, 11, 16, 17], H=1172695746915
  k=12: S=[2, 3, 8, 10, 12, 13, 14, 15, 18], H=1172695746915
  k=13: S=[2, 3, 8, 10, 12, 13, 14, 15, 18], H=1172695746915
  k=14: S=[2, 3, 8, 10, 12, 13, 14, 15, 18], H=1172695746915
  k=15: S=[2, 3, 8, 10, 12, 13, 14, 15, 18], H=1172695746915
  k=16: S=[1, 4, 5, 6, 7, 9, 11, 16, 17], H=1172695746915
  k=17: S=[1, 4, 5, 6, 7, 9, 11, 16, 17], H=1172695746915
  k=18: S=[2, 3, 8, 10, 12, 13, 14, 15, 18], H=1172695746915

============================================================
EIGENVALUE COMPARISON: Interval vs Paley
============================================================

Paley eigenvalues (|lambda_k|):
  ['2.2361', '2.2361', '2.2361', '2.2361', '2.2361', '2.2361', '2.2361', '2.2361', '2.2361']
  All equal? True
  |lambda| = sqrt((p+1)/4) = 2.2361

Interval eigenvalues (|lambda_k|):
  ['6.0548', '0.5069', '2.0368', '0.5286', '1.2447', '0.5685', '0.9142', '0.6336', '0.7382']
  Range: [0.5069, 6.0548]
  Var: 2.8403

Interval eigenvalues (analytic):
  k=1: |lambda| = 6.054783, phase/pi = 0.526316
  k=2: |lambda| = 0.506914, phase/pi = -0.947368
  k=3: |lambda| = 2.036780, phase/pi = 0.578947
  k=4: |lambda| = 0.528643, phase/pi = -0.894737
  k=5: |lambda| = 1.244724, phase/pi = 0.631579
  k=6: |lambda| = 0.568522, phase/pi = -0.842105
  k=7: |lambda| = 0.914163, phase/pi = 0.684211
  k=8: |lambda| = 0.633601, phase/pi = -0.789474
  k=9: |lambda| = 0.738245, phase/pi = 0.736842

Paley eigenvalues (analytic):
  k=1: |lambda| = 2.236068, phase/pi = 0.571783
  k=2: |lambda| = 2.236068, phase/pi = -0.571783
  k=3: |lambda| = 2.236068, phase/pi = -0.571783
  k=4: |lambda| = 2.236068, phase/pi = 0.571783
  k=5: |lambda| = 2.236068, phase/pi = 0.571783
  k=6: |lambda| = 2.236068, phase/pi = 0.571783
  k=7: |lambda| = 2.236068, phase/pi = 0.571783
  k=8: |lambda| = 2.236068, phase/pi = -0.571783
  k=9: |lambda| = 2.236068, phase/pi = 0.571783

Power sums p_j = sum |lambda_k|^j:
  j=2: Paley=90.00, Interval=90.00, diff=+0.00
  j=3: Paley=201.25, Interval=468.46, diff=+267.22
  j=4: Paley=450.00, Interval=2730.00, diff=+2280.00
  j=5: Paley=1006.23, Interval=16353.34, diff=+15347.11
  j=6: Paley=2250.00, Interval=98694.00, diff=+96444.00
  j=7: Paley=5031.15, Interval=596952.00, diff=+591920.85
