P_23: m=11, QR=[1, 2, 3, 4, 6, 8, 9, 12, 13, 16, 18]
  d=1: A=11 (0.0s)
  d=2: A=121 (0.0s)
  d=3: A=1265 (0.0s)
  d=4: A=12595 (0.0s)
  d=5: A=118745 (0.5s)

  Building constraint matrix for d=5: 118745 columns
  Junk rows: 43670 (1.7s)
    col 10000/118745, rank=6998 (1.8s)
    col 20000/118745, rank=13820 (1.9s)
    col 30000/118745, rank=19737 (1.9s)
    col 40000/118745, rank=25258 (2.0s)
    col 50000/118745, rank=31536 (2.1s)
    col 60000/118745, rank=36807 (2.2s)
    col 70000/118745, rank=42368 (2.3s)
    col 80000/118745, rank=47470 (2.4s)
    col 90000/118745, rank=52945 (2.4s)
    col 100000/118745, rank=58222 (2.5s)
    col 110000/118745, rank=63511 (2.6s)

  rank=68030, Omega_5=50715 (2.7s)
  P_23 k=0 Omega = [1, 11, 110, 1045, 9361, 50715]
  Omega_5 mod 11 = 5

  P_7 Omega_5 = 6 (known), mod 3 = 0
  P_11 Omega_5 = 460 (known), mod 5 = 0
  P_19 Omega_5 = 12602, mod 9 = 2
