P_31: m=15, QR=[1, 2, 4, 5, 7, 8, 9, 10, 14, 16, 18, 19, 20, 25, 28]
  d=1: A=15 (0.0s)
  d=2: A=225 (0.0s)
  d=3: A=3255 (0.0s)
  d=4: A=45465 (0.1s)
  d=5: A=611415 (3.2s)
  Junk rows: 164010 (9.2s)
    col 50000/611415, rank=37415 (10.0s)
    col 100000/611415, rank=71822 (10.5s)
    col 150000/611415, rank=102806 (11.0s)
    col 200000/611415, rank=133160 (11.5s)
    col 250000/611415, rank=161064 (11.9s)
    col 300000/611415, rank=187762 (12.4s)
    col 350000/611415, rank=213692 (12.9s)
    col 400000/611415, rank=241398 (13.4s)
    col 450000/611415, rank=268925 (13.8s)
    col 500000/611415, rank=297410 (14.4s)
    col 550000/611415, rank=324754 (14.9s)
    col 600000/611415, rank=353002 (15.3s)

  rank=359350, Omega_5=252065 (15.5s)
  P_31 k=0 Omega = [1, 15, 210, 2835, 36765, 252065]
  Omega_5 mod 15 = 5
