======================================================================
PALEY TOURNAMENT VERIFICATION
======================================================================
  p= 3: p mod 4 = 3, QR=[1], -QR=[2], tournament? True, QR=-QR? False
  p= 5: p mod 4 = 1, QR=[1, 4], -QR=[1, 4], tournament? False, QR=-QR? True
  p= 7: p mod 4 = 3, QR=[1, 2, 4], -QR=[3, 5, 6], tournament? True, QR=-QR? False
  p=11: p mod 4 = 3, QR=[1, 3, 4, 5, 9], -QR=[2, 6, 7, 8, 10], tournament? True, QR=-QR? False
  p=13: p mod 4 = 1, QR=[1, 3, 4, 9, 10, 12], -QR=[1, 3, 4, 9, 10, 12], tournament? False, QR=-QR? True
  p=19: p mod 4 = 3, QR=[1, 4, 5, 6, 7, 9, 11, 16, 17], -QR=[2, 3, 8, 10, 12, 13, 14, 15, 18], tournament? True, QR=-QR? False
  p=23: p mod 4 = 3, QR=[1, 2, 3, 4, 6, 8, 9, 12, 13, 16, 18], -QR=[5, 7, 10, 11, 14, 15, 17, 19, 20, 21, 22], tournament? True, QR=-QR? False

======================================================================
CORRECT PALEY TOURNAMENT GLMY BETTI
======================================================================

  Paley P_3: QR=[1]
    A_m:  [3, 3, 3]
    Ω_m:  [3, 3, 0]
    β_m:  [1, 1, 0]
    chi = 0
    Ω/p:  [1, 1, 0]

  Paley P_7: QR=[1, 2, 4]
    A_m:  [7, 21, 63, 147, 273, 315, 189]
    Ω_m:  [7, 21, 42, 63, 63, 42, 21]
    β_m:  [1, 0, 0, 0, 6, 0, 0]
    chi = 7
    Ω/p:  [1, 3, 6, 9, 9, 6, 3]

======================================================================
ALL n=5 CIRCULANT TOURNAMENT TYPES
======================================================================

  Valid orientation sets S for n=5 (S ∩ -S = ∅, S ∪ -S = {1..4}):
    S=[1, 2]: β=[1, 1, 0, 0, 0], Ω=[5, 10, 10, 10, 5], chi=0
    S=[1, 3]: β=[1, 1, 0, 0, 0], Ω=[5, 10, 10, 10, 5], chi=0
    S=[2, 4]: β=[1, 1, 0, 0, 0], Ω=[5, 10, 10, 10, 5], chi=0
    S=[3, 4]: β=[1, 1, 0, 0, 0], Ω=[5, 10, 10, 10, 5], chi=0

======================================================================
ALL n=7 CIRCULANT TOURNAMENT TYPES
======================================================================
  8 valid orientation sets, 2 isomorphism types

  Type (represented by S=[1, 2, 3]):
    All S in this class: [[1, 2, 3], [1, 3, 5], [1, 4, 5], [2, 3, 6], [2, 4, 6], [4, 5, 6]]
    β = [1, 1, 0, 0, 0, 0, 0], chi = 0
    Ω = [7, 21, 42, 77, 98, 63, 14]
    Ω/n = [1, 3, 6, 11, 14, 9, 2]

  Type (represented by S=[1, 2, 4]):
    All S in this class: [[1, 2, 4], [3, 5, 6]]
    β = [1, 0, 0, 0, 6, 0, 0], chi = 7
    Ω = [7, 21, 42, 63, 63, 42, 21]
    Ω/n = [1, 3, 6, 9, 9, 6, 3]

======================================================================
PATTERN ANALYSIS: PALEY vs NON-PALEY CIRCULANTS
======================================================================

  Name                 β                                        chi   Ω/n                           
  -------------------- ---------------------------------------- ----- ------------------------------
  C3 (Paley)           [1, 1, 0]                                    0 [1, 1, 0]                     
  C5_{1,2}             [1, 1, 0, 0, 0]                              0 [1, 2, 2, 2, 1]               
  C7 Paley {1,2,4}     [1, 0, 0, 0, 6, 0, 0]                        7 [1, 3, 6, 9, 9, 6, 3]         
  C7 Interval {1,2,3}  [1, 1, 0, 0, 0, 0, 0]                        0 [1, 3, 6, 11, 14, 9, 2]       

DONE.
