P_11: QR = [1, 3, 4, 5, 9]

Enumerating and computing Ω dimensions:
  m=0: |A_0|=11, Ω_0=11

  m=1: |A_m|=55 (enum 0.0s)
         Ω_1=55

  m=2: |A_m|=275 (enum 0.0s)
         junk_faces=55, nnz=165 (0.0s)
         Computing rank via JJ^T (55x55)...
         rank(J)=55 (0.0s)
         Ω_2=220 (=20×11)

  m=3: |A_m|=1210 (enum 0.0s)
         junk_faces=440, nnz=1320 (0.0s)
         Computing rank via JJ^T (440x440)...
         rank(J)=440 (0.2s)
         Ω_3=770 (=70×11)

  m=4: |A_m|=4730 (enum 0.0s)
         junk_faces=2750, nnz=7590 (0.1s)
         Computing rank via JJ^T (2750x2750)...
         rank(J)=2475 (50.3s)
         Ω_4=2255 (=205×11)

  m=5: |A_m|=15730 (enum 0.0s)
         junk_faces=13420, nnz=32670 (0.1s)
         Computing rank via JJ^T (13420x13420)...
         TOO LARGE, using sparse approach
         SKIPPING (both JJ^T and J^TJ too large)

======================================================================
SUMMARY
======================================================================
  Ω = [11, 55, 220, 770, 2255]
  Ω/11 = [1, 5, 20, 70, 205]

  P_7 Ω/7 = [1, 3, 6, 9, 9, 6, 3]
  P_11 Ω/11 (so far) = [1, 5, 20, 70, 205]

DONE.
