======================================================================
DEEP ANALYSIS OF H(P_p) FORMULA
======================================================================

--- Various formula candidates ---

p=3, m=1, H=3:
  (2m)!! = 2
  H/(2m)!! = 1.500000
  p·C(2m,m) = 6, ratio = 0.500000
  p·(2m)!/(m!)² = 6, ratio = 0.500000
  p!/H = 2.000000
  (p-1)!/H = 0.666667
  2^m·(p-1)!/(p·H) = 0.444444
  H·2^m / p! = 1.000000
  (2m+1)!/2^m/m! = 3.00, H/this = 1.000000

p=7, m=3, H=189:
  (2m)!! = 48
  H/(2m)!! = 3.937500
  p·C(2m,m) = 140, ratio = 1.350000
  p·(2m)!/(m!)² = 140, ratio = 1.350000
  p!/H = 26.666667
  (p-1)!/H = 3.809524
  2^m·(p-1)!/(p·H) = 4.353741
  H·2^m / p! = 0.300000
  (2m+1)!/2^m/m! = 105.00, H/this = 1.800000

p=11, m=5, H=95095:
  (2m)!! = 3840
  H/(2m)!! = 24.764323
  p·C(2m,m) = 2772, ratio = 34.305556
  p·(2m)!/(m!)² = 2772, ratio = 34.305556
  p!/H = 419.757085
  (p-1)!/H = 38.159735
  2^m·(p-1)!/(p·H) = 111.010138
  H·2^m / p! = 0.076235
  (2m+1)!/2^m/m! = 10395.00, H/this = 9.148148

p=19, m=9, H=1172695746915:
  (2m)!! = 185794560
  H/(2m)!! = 6311.787315
  p·C(2m,m) = 923780, ratio = 1269453.492081
  p·(2m)!/(m!)² = 923780, ratio = 1269453.492081
  p!/H = 103731.168744
  (p-1)!/H = 5459.535197
  2^m·(p-1)!/(p·H) = 147120.106363
  H·2^m / p! = 0.004936
  (2m+1)!/2^m/m! = 654729075.00, H/this = 1791.116038

--- H · 2^{p-1} / p! = H / E[H] pattern ---

p=3: H/E[H] = 2.000000, ln = 0.693147, /ln(p) = 1.820478
p=7: H/E[H] = 2.400000, ln = 0.875469, /ln(p) = 1.233356
p=11: H/E[H] = 2.439506, ln = 0.891796, /ln(p) = 1.017353
p=19: H/E[H] = 2.527148, ln = 0.927091, /ln(p) = 0.858278

--- Checking if H relates to C(p-1, m) ---

p=3: C(2,1) = 2, H/C = 1.500000
  H / (p · C(2m,m)) = 0.500000
p=7: C(6,3) = 20, H/C = 9.450000
  H / (p · C(2m,m)) = 1.350000
p=11: C(10,5) = 252, H/C = 377.361111
  H / (p · C(2m,m)) = 34.305556
p=19: C(18,9) = 48620, H/C = 24119616.349548
  H / (p · C(2m,m)) = 1269453.492081

--- Checking product formulas ---

p=3: p!! = 3, H/p!! = 1.000000
  (2m+1)!! = 3, H/(2m+1)!! = 1.000000
p=7: p!! = 105, H/p!! = 1.800000
  (2m+1)!! = 105, H/(2m+1)!! = 1.800000
p=11: p!! = 10395, H/p!! = 9.148148
  (2m+1)!! = 10395, H/(2m+1)!! = 9.148148
p=19: p!! = 654729075, H/p!! = 1791.116038
  (2m+1)!! = 654729075, H/(2m+1)!! = 1791.116038

--- RATIO: H / prod(2k+1, k=0..m) = H/(2m+1)!! ---

p=3, m=1: (2m+1)!! = 3, H/(2m+1)!! = 1.000000
p=7, m=3: (2m+1)!! = 105, H/(2m+1)!! = 1.800000
p=11, m=5: (2m+1)!! = 10395, H/(2m+1)!! = 9.148148
p=19, m=9: (2m+1)!! = 654729075, H/(2m+1)!! = 1791.116038

--- Permanent analysis ---

P_3: perm(A) = 1, H = 3
  H/perm = 3.000000
  perm(I+A) = 2
  H/perm(I+A) = 1.500000
  det(I+A) = 2

P_7: perm(A) = 24, H = 189
  H/perm = 7.875000
  perm(I+A) = 144
  H/perm(I+A) = 1.312500
  det(I+A) = 32

P_11: perm(A) = 12105, H = 95095
  H/perm = 7.855845
  perm(I+A) = 75510
  H/perm(I+A) = 1.259370
  det(I+A) = 1458

--- OCF verification ---

Traceback (most recent call last):
  File "/Users/e/Documents/GitHub/math/04-computation/paley_H_deep_formula.py", line 222, in <module>
    for perm in combinations(range(n), 5):
NameError: name 'combinations' is not defined
