/usr/lib/python3/dist-packages/scipy/__init__.py:146: UserWarning: A NumPy version >=1.17.3 and <1.25.0 is required for this version of SciPy (detected version 1.26.4
  warnings.warn(f"A NumPy version >={np_minversion} and <{np_maxversion}"
P_11: QR = [1, 3, 4, 5, 9]

============================================================
DIM 9
============================================================
  A_9: 15745 sequences (0.2s)
  A_8: 14395 sequences
  Junk: 52550 types, 62550 nonzeros (0.4s)
  J^T J: (15745, 15745), 1.8GB (0.1s)
  180 zero eigenvalues among smallest 1000 (993.0s)
  Ω_9 = 180
  Smallest nonzero eigenvalue: 3.819660e-01

============================================================
DIM 10
============================================================
  A_10: 8645 sequences (0.3s)
  A_9: 15745 sequences
  Junk: 38675 types, 38675 nonzeros (0.3s)
  J^T J: (8645, 8645), 0.6GB (0.0s)
  30 zero eigenvalues among smallest 1000 (189.6s)
  Ω_10 = 30
  Smallest nonzero eigenvalue: 1.000000e+00

============================================================
SUMMARY: P_11 k≠0 eigenspace Ω dims
============================================================
  Ω_0-8 = [1, 5, 20, 70, 205, 460, 700, 690, 450]
  (dims 9, 10 computed above)
Done.
