======================================================================
PALEY P_7 GLMY DETAILED ANALYSIS
======================================================================

  Betti:   [1, 0, 0, 0, 6, 0, 0]
  |A_m|:   [7, 21, 63, 147, 273, 315, 189]
  dim(Ω):  [7, 21, 42, 63, 63, 42, 21]
  #junk:   [0, 0, 21, 84, 273, 504, 462, 0]
  rk(∂):   [6, 15, 27, 36, 21, 21]
  ker(∂):  [15, 27, 36, 27, 21, 0]
  im(∂):   [6, 15, 27, 36, 21, 21]

  Chain: Ω_6→Ω_5→Ω_4→Ω_3→Ω_2→Ω_1→Ω_0
  Ω_0=  7  rk(∂_0)=  6  ker(∂_0)=  7  im(∂_1)= 15  β_0=1
  Ω_1= 21  rk(∂_1)= 15  ker(∂_1)=  6  im(∂_2)= 27  β_1=0
  Ω_2= 42  rk(∂_2)= 27  ker(∂_2)= 15  im(∂_3)= 36  β_2=0
  Ω_3= 63  rk(∂_3)= 36  ker(∂_3)= 27  im(∂_4)= 21  β_3=0
  Ω_4= 63  rk(∂_4)= 21  ker(∂_4)= 42  im(∂_5)= 21  β_4=6
  Ω_5= 42  rk(∂_5)= 21  ker(∂_5)= 21  im(∂_6)=  0  β_5=0
  Ω_6= 21  rk(∂_6)=  0  ker(∂_6)= 21  im(∂_7)=  0  β_6=0

======================================================================
EULER CHARACTERISTIC AND PALEY PATTERN
======================================================================
  Paley P_3: β=[1, 1, 0], chi=0
  Paley P_5: β=[1, 1, 0, 0, 0], chi=0
  Paley P_7: β=[1, 0, 0, 0, 6, 0, 0], chi=7
    chi/p = 1.0

  Pattern check: β_{p-3}(P_p) = p-1?
    P_3: β_0 = 1, p-1 = 2
    P_5: β_2 = 0, p-1 = 4
    P_7: β_4 = 6, p-1 = 6

======================================================================
C7 INTERVAL vs PALEY: WHY DIFFERENT β?
======================================================================

  Paley {1,2,4}:
    m=0: |A|=   7, Ω=  7, junk_faces=   0, gap=   0
    m=1: |A|=  21, Ω= 21, junk_faces=   0, gap=   0
    m=2: |A|=  63, Ω= 42, junk_faces=  21, gap=  21
    m=3: |A|= 147, Ω= 63, junk_faces=  84, gap=  84
    m=4: |A|= 273, Ω= 63, junk_faces= 273, gap= 210
    m=5: |A|= 315, Ω= 42, junk_faces= 504, gap= 273
    m=6: |A|= 189, Ω= 21, junk_faces= 462, gap= 168

  Interval {1,2,3}:
    m=0: |A|=   7, Ω=  7, junk_faces=   0, gap=   0
    m=1: |A|=  21, Ω= 21, junk_faces=   0, gap=   0
    m=2: |A|=  63, Ω= 42, junk_faces=  21, gap=  21
    m=3: |A|= 147, Ω= 77, junk_faces=  84, gap=  70
    m=4: |A|= 245, Ω= 98, junk_faces= 245, gap= 147
    m=5: |A|= 287, Ω= 63, junk_faces= 504, gap= 224
    m=6: |A|= 175, Ω= 14, junk_faces= 497, gap= 161

  Balanced {1,3,5}:
    m=0: |A|=   7, Ω=  7, junk_faces=   0, gap=   0
    m=1: |A|=  21, Ω= 21, junk_faces=   0, gap=   0
    m=2: |A|=  63, Ω= 42, junk_faces=  21, gap=  21
    m=3: |A|= 147, Ω= 77, junk_faces=  84, gap=  70
    m=4: |A|= 245, Ω= 98, junk_faces= 245, gap= 147
    m=5: |A|= 287, Ω= 63, junk_faces= 504, gap= 224
    m=6: |A|= 175, Ω= 14, junk_faces= 497, gap= 161

======================================================================
GLMY Ω/n SEQUENCES FOR CIRCULANTS
======================================================================
  Hypothesis: Ω_m/n for circulant on Z_n always integer

  C3: Ω/n = [1, 1, 0]
  C5: Ω/n = [1, 2, 2, 2, 1]
  P7: Ω/n = [1, 3, 6, 9, 9, 6, 3]
  I7: Ω/n = [1, 3, 6, 11, 14, 9, 2]
  B7: Ω/n = [1, 3, 6, 11, 14, 9, 2]

  Paley P_7 Ω/n: [1,3,6,9,9,6,3]
  Binomial C(6,m): [1,6,15,20,15,6,1]
  C(5,m):          [1,5,10,10,5,1]
  Note: sum(Ω/n) = 37
  sum(C(6,m))     = 64
  Differences: [2, 3, 3, 0, -3, -3]
  Second diff: [1, 0, -3, -3, 0]
  C(m+1,2): [0, 1, 3, 6, 10, 15, 21]
  C(m+2,3): [0, 1, 4, 10, 20, 35, 56]

======================================================================
DIRECTED PATH COUNTS / OMEGA STRUCTURE
======================================================================
  For P_7:
    Regular paths use: v_i→v_{i+1} AND v_{i-1}→v_{i+1}
    Directed paths use: v_i→v_{i+1} only
    Regular ⊂ Directed always

  m=0: directed=   7, regular_in_directed=   7
  m=1: directed=  21, regular_in_directed=  21
  m=2: directed=  63, regular_in_directed=  21
  m=3: directed= 147, regular_in_directed=  21
  m=4: directed= 273, regular_in_directed=  21
  m=5: directed= 315, regular_in_directed=  21
  m=6: directed= 189, regular_in_directed=  21

DONE.
