======================================================================
GLMY PATH HOMOLOGY v2 — VALIDATION
======================================================================

--- Directed 3-cycle C_3 ---
  Expected: β = [1, 1, 0] (1 component, 1 directed hole)
  Got: β = [1, 1, 0]

--- Directed path P_3 ---
  Expected: β = [1, 0, 0] (connected, contractible)
  Got: β = [1, 0, 0]

--- Transitive tournament T_3: 0->1, 0->2, 1->2 ---
  This is an acyclic tournament. Expected: β_1 = 0 (no directed holes)
  Got: β = [1, 0, 0]

--- 3-cycle tournament: 0->1, 1->2, 2->0 ---
  Got: β = [1, 1, 0]

--- Directed 4-cycle C_4 ---
  Expected: β = [1, 1, 0, 0]
  Got: β = [1, 1, 0, 0]

--- Complete bidirected K_3 ---
  Got: β = [1, 0, 2]

--- 0->1, vertex 2 isolated ---
  Got: β = [2, 0, 0]
  Expected: β_0 = 3 or 2 (depends on convention)


======================================================================
CIRCULANT DIGRAPHS C_n^S
======================================================================
  C_3^{1} (directed cycle): β = [1, 1, 0]
  C_4^{1} (directed cycle): β = [1, 1, 0, 0]
  C_5^{1} (directed cycle): β = [1, 1, 0, 0, 0]
  C_6^{1} (directed cycle): β = [1, 1, 0, 0, 0]
  C_7^{1} (directed cycle): β = [1, 1, 0, 0, 0]

  C_4^{1,2}: β = [1, 1, 0, 0]
  C_5^{1,2}: β = [1, 1, 0, 0, 0]
  C_6^{1,2}: β = [1, 1, 0, 0, 0]
  C_7^{1,2}: β = [1, 1, 0, 0, 0]

  C_5^{1,2,3}: β = [1, 0, 0, 1, 0]
  C_6^{1,2,3}: β = [1, 1, 0, 0, 0]
  C_7^{1,2,3}: β = [1, 1, 0, 0, 0]


======================================================================
ALL TOURNAMENTS — PATH HOMOLOGY
======================================================================

--- All tournaments n=3 ---
  Betti distribution:
    β=[1, 0, 0]: 6 tournaments
    β=[1, 1, 0]: 2 tournaments
  By t3:
    t3=0: {(1, 0, 0): 6}
    t3=1: {(1, 1, 0): 2}

--- All tournaments n=4 ---
  Betti distribution:
    β=[1, 0, 0, 0]: 40 tournaments
    β=[1, 1, 0, 0]: 24 tournaments
  By t3:
    t3=0: {(1, 0, 0, 0): 24}
    t3=1: {(1, 0, 0, 0): 16}
    t3=2: {(1, 1, 0, 0): 24}

--- All tournaments n=5 ---
  t3=0, H=1: β=[1, 0, 0, 0, 0]
  t3=0, H=1: β=[1, 0, 0, 0, 0]
  t3=1, H=3: β=[1, 0, 0, 0, 0]
  t3=0, H=1: β=[1, 0, 0, 0, 0]
  t3=2, H=5: β=[1, 0, 0, 0, 0]

  Betti distribution (n=5, 1024 tournaments):
    β=[1, 0, 0, 0, 0]: 720
    β=[1, 1, 0, 0, 0]: 304

  By t3:
    t3=0: {(1, 0, 0, 0, 0): 120}
    t3=1: {(1, 0, 0, 0, 0): 120}
    t3=2: {(1, 0, 0, 0, 0): 240}
    t3=3: {(1, 1, 0, 0, 0): 120, (1, 0, 0, 0, 0): 120}
    t3=4: {(1, 1, 0, 0, 0): 160, (1, 0, 0, 0, 0): 120}
    t3=5: {(1, 1, 0, 0, 0): 24}


======================================================================
GEOMETRIC INTERPRETATION
======================================================================

The GLMY path Betti numbers measure "directed topological features":

β_0 = # connected components (in path homology sense)
β_1 = # independent directed 1-holes (directed cycles not bounding anything)
β_2 = # independent directed 2-holes (directed "cavities")

For TOURNAMENTS:
- β_0 = 1 always (tournament is connected)
- β_1 depends on the 3-cycle structure
- β_2 and higher: potential higher-dimensional directed cavities

TOPOLOGICAL SPACES ANALOGY:
- β = (1,0,...) : contractible → like a point
- β = (1,1,0,...) : one 1-hole → like a circle S^1
- β = (1,2,1,...) : like a torus T^2
- β = (1,0,1,...) : one 2-hole → like a sphere S^2

SUMMARY: Which topological space does each tournament resemble?

n=3:
  β=[1, 0, 0, 0]: 40 tournaments → point
  β=[1, 1, 0, 0]: 24 tournaments → circle S^1

n=4:

n=5:
  β=[1, 0, 0, 0, 0]: 720 tournaments → point
  β=[1, 1, 0, 0, 0]: 304 tournaments → circle S^1


Done.
======================================================================
SECTION A: HUNTING β_3>0 TOURNAMENTS AT n=7
======================================================================

  β_3>0 tournament #1:
    β = [1, 0, 0, 1, 0, 0, 0], t3=12, H=129
    scores = (2, 2, 3, 3, 3, 4, 4)
    0: → [3, 4, 5]
    1: → [0, 6]
    2: → [0, 1, 3, 4]
    3: → [1, 6]
    4: → [1, 3, 5, 6]
    5: → [1, 2, 3]
    6: → [0, 2, 5]

  β_3>0 tournament #2:
    β = [1, 0, 0, 1, 0, 0, 0], t3=10, H=93
    scores = (1, 2, 3, 3, 4, 4, 4)
    0: → [1, 2, 3, 4]
    1: → [2, 3, 6]
    2: → [6]
    3: → [2, 4, 5, 6]
    4: → [1, 2, 5]
    5: → [0, 1, 2, 6]
    6: → [0, 4]

  β_3>0 tournament #3:
    β = [1, 0, 0, 1, 0, 0, 0], t3=11, H=127
    scores = (2, 2, 2, 3, 4, 4, 4)
    0: → [1, 3, 5, 6]
    1: → [3, 6]
    2: → [0, 1, 3, 4]
    3: → [4, 5]
    4: → [0, 1, 5]
    5: → [1, 2]
    6: → [2, 3, 4, 5]

  β_3>0 tournament #4:
    β = [1, 0, 0, 1, 0, 0, 0], t3=13, H=153
    scores = (2, 3, 3, 3, 3, 3, 4)
    0: → [1, 2, 4, 5]
    1: → [2, 5, 6]
    2: → [4, 6]
    3: → [0, 1, 2]
    4: → [1, 3, 5]
    5: → [2, 3, 6]
    6: → [0, 3, 4]

  β_3>0 tournament #5:
    β = [1, 0, 0, 1, 0, 0, 0], t3=11, H=127
    scores = (2, 2, 2, 3, 4, 4, 4)
    0: → [3, 4, 5, 6]
    1: → [0, 2, 3, 5]
    2: → [0, 5]
    3: → [2, 4]
    4: → [1, 2, 5, 6]
    5: → [3, 6]
    6: → [1, 2, 3]

  Summary after 500 trials at n=7:
    β_3>0: 42 (8.4%)
    β_2>0: 0 (0.0%)

  β_3 values: Counter({1: 42})
  t3 range: 6 to 13
  H range: 41 to 159
  Score sequences: Counter({(2, 2, 3, 3, 3, 4, 4): 14, (2, 2, 2, 3, 4, 4, 4): 8, (1, 2, 3, 3, 4, 4, 4): 6, (2, 2, 2, 3, 3, 4, 5): 5, (2, 3, 3, 3, 3, 3, 4): 4, (1, 2, 2, 3, 4, 4, 5): 4, (1, 2, 2, 2, 4, 5, 5): 1})


======================================================================
SECTION B: EULER CHARACTERISTIC χ = Σ(-1)^p β_p
======================================================================

n=4:
  Euler char distribution: {0: 24, 1: 40}

n=5:
  Euler char distribution: {0: 304, 1: 720}

Circulant Euler characteristics:

  n=5:
    C_5^{1}: β=[1, 1, 0, 0, 0], χ=0
    C_5^{2}: β=[1, 1, 0, 0, 0], χ=0
    C_5^{3}: β=[1, 1, 0, 0, 0], χ=0
    C_5^{4}: β=[1, 1, 0, 0, 0], χ=0
    C_5^{1, 2}: β=[1, 1, 0, 0, 0], χ=0
    C_5^{1, 3}: β=[1, 1, 0, 0, 0], χ=0
    C_5^{1, 4}: β=[1, 6, 0, 0, 0], χ=-5
    C_5^{2, 3}: β=[1, 6, 0, 0, 0], χ=-5
    C_5^{2, 4}: β=[1, 1, 0, 0, 0], χ=0
    C_5^{3, 4}: β=[1, 1, 0, 0, 0], χ=0
    C_5^{1, 2, 3}: β=[1, 0, 0, 1, 0], χ=0
    C_5^{1, 2, 4}: β=[1, 0, 0, 1, 0], χ=0
    C_5^{1, 3, 4}: β=[1, 0, 0, 1, 0], χ=0
    C_5^{2, 3, 4}: β=[1, 0, 0, 1, 0], χ=0
    C_5^{1, 2, 3, 4}: β=[1, 0, 0, 0, 44], χ=45

  n=6:
    C_6^{1}: β=[1, 1, 0, 0, 0, 0], χ=0
    C_6^{2}: β=[2, 2, 0, 0, 0, 0], χ=0
    C_6^{3}: β=[3, 3, 0, 0, 0, 0], χ=0
    C_6^{4}: β=[2, 2, 0, 0, 0, 0], χ=0
    C_6^{5}: β=[1, 1, 0, 0, 0, 0], χ=0
    C_6^{1, 2}: β=[1, 1, 0, 0, 0, 0], χ=0
    C_6^{1, 3}: β=[1, 2, 1, 0, 0, 0], χ=0
    C_6^{1, 4}: β=[1, 1, 0, 0, 0, 0], χ=0
    C_6^{1, 5}: β=[1, 7, 0, 0, 0, 0], χ=-6
    C_6^{2, 3}: β=[1, 2, 1, 0, 0, 0], χ=0
    C_6^{2, 4}: β=[2, 0, 4, 0, 0, 0], χ=6
    C_6^{2, 5}: β=[1, 1, 0, 0, 0, 0], χ=0
    C_6^{3, 4}: β=[1, 2, 1, 0, 0, 0], χ=0
    C_6^{3, 5}: β=[1, 2, 1, 0, 0, 0], χ=0
    C_6^{4, 5}: β=[1, 1, 0, 0, 0, 0], χ=0
    C_6^{1, 2, 3}: β=[1, 1, 0, 0, 0, 0], χ=0
    C_6^{1, 2, 4}: β=[1, 0, 0, 1, 0, 0], χ=0
    C_6^{1, 2, 5}: β=[1, 0, 0, 1, 0, 0], χ=0
    C_6^{1, 3, 4}: β=[1, 1, 0, 0, 0, 6], χ=-6
    C_6^{1, 3, 5}: β=[1, 1, 0, 6, 0, 0], χ=-6
    C_6^{1, 4, 5}: β=[1, 0, 0, 1, 0, 0], χ=0
    C_6^{2, 3, 4}: β=[1, 1, 2, 2, 0, 0], χ=0
    C_6^{2, 3, 5}: β=[1, 1, 0, 0, 0, 6], χ=-6
    C_6^{2, 4, 5}: β=[1, 0, 0, 1, 0, 0], χ=0
    C_6^{3, 4, 5}: β=[1, 1, 0, 0, 0, 0], χ=0
    C_6^{1, 2, 3, 4}: β=[1, 0, 0, 0, 5, 6], χ=0
    C_6^{1, 2, 3, 5}: β=[1, 0, 0, 0, 5, 18], χ=-12
    C_6^{1, 2, 4, 5}: β=[1, 0, 0, 13, 12, 0], χ=0
    C_6^{1, 3, 4, 5}: β=[1, 0, 0, 0, 5, 18], χ=-12
    C_6^{2, 3, 4, 5}: β=[1, 0, 0, 0, 5, 6], χ=0
    C_6^{1, 2, 3, 4, 5}: β=[1, 0, 0, 0, 0, 265], χ=-264

  n=7:
    C_7^{1}: β=[1, 1, 0, 0, 0, 0, 0], χ=0
    C_7^{2}: β=[1, 1, 0, 0, 0, 0, 0], χ=0
    C_7^{3}: β=[1, 1, 0, 0, 0, 0, 0], χ=0
    C_7^{4}: β=[1, 1, 0, 0, 0, 0, 0], χ=0
    C_7^{5}: β=[1, 1, 0, 0, 0, 0, 0], χ=0
