======================================================================
THE 10 PARTITIONS AND THEIR STRUCTURE
======================================================================

Partition intersection patterns:
Overlap types (|A_i ∩ A_j|) distribution:
  |A_i ∩ A_j| = 1: 15 pairs
  |A_i ∩ A_j| = 2: 30 pairs

======================================================================
THE 15 α₂=4 PATTERNS
======================================================================

15 distinct α₂=4 patterns:
  [0, 1, 5, 7]: triples = [[0, 1, 2], [0, 1, 3], [0, 2, 4], [0, 3, 4], [1, 2, 5], [1, 3, 5], [2, 4, 5], [3, 4, 5]]
  [0, 1, 6, 8]: triples = [[0, 1, 2], [0, 1, 3], [0, 2, 5], [0, 3, 5], [1, 2, 4], [1, 3, 4], [2, 4, 5], [3, 4, 5]]
  [0, 2, 4, 7]: triples = [[0, 1, 2], [0, 1, 4], [0, 2, 3], [0, 3, 4], [1, 2, 5], [1, 4, 5], [2, 3, 5], [3, 4, 5]]
  [0, 2, 6, 9]: triples = [[0, 1, 2], [0, 1, 4], [0, 2, 5], [0, 4, 5], [1, 2, 3], [1, 3, 4], [2, 3, 5], [3, 4, 5]]
  [0, 3, 4, 8]: triples = [[0, 1, 2], [0, 1, 5], [0, 2, 3], [0, 3, 5], [1, 2, 4], [1, 4, 5], [2, 3, 4], [3, 4, 5]]
  [0, 3, 5, 9]: triples = [[0, 1, 2], [0, 1, 5], [0, 2, 4], [0, 4, 5], [1, 2, 3], [1, 3, 5], [2, 3, 4], [3, 4, 5]]
  [1, 2, 4, 5]: triples = [[0, 1, 3], [0, 1, 4], [0, 2, 3], [0, 2, 4], [1, 3, 5], [1, 4, 5], [2, 3, 5], [2, 4, 5]]
  [1, 2, 8, 9]: triples = [[0, 1, 3], [0, 1, 4], [0, 3, 5], [0, 4, 5], [1, 2, 3], [1, 2, 4], [2, 3, 5], [2, 4, 5]]
  [1, 3, 4, 6]: triples = [[0, 1, 3], [0, 1, 5], [0, 2, 3], [0, 2, 5], [1, 3, 4], [1, 4, 5], [2, 3, 4], [2, 4, 5]]
  [1, 3, 7, 9]: triples = [[0, 1, 3], [0, 1, 5], [0, 3, 4], [0, 4, 5], [1, 2, 3], [1, 2, 5], [2, 3, 4], [2, 4, 5]]
  [2, 3, 5, 6]: triples = [[0, 1, 4], [0, 1, 5], [0, 2, 4], [0, 2, 5], [1, 3, 4], [1, 3, 5], [2, 3, 4], [2, 3, 5]]
  [2, 3, 7, 8]: triples = [[0, 1, 4], [0, 1, 5], [0, 3, 4], [0, 3, 5], [1, 2, 4], [1, 2, 5], [2, 3, 4], [2, 3, 5]]
  [4, 5, 8, 9]: triples = [[0, 2, 3], [0, 2, 4], [0, 3, 5], [0, 4, 5], [1, 2, 3], [1, 2, 4], [1, 3, 5], [1, 4, 5]]
  [4, 6, 7, 9]: triples = [[0, 2, 3], [0, 2, 5], [0, 3, 4], [0, 4, 5], [1, 2, 3], [1, 2, 5], [1, 3, 4], [1, 4, 5]]
  [5, 6, 7, 8]: triples = [[0, 2, 4], [0, 2, 5], [0, 3, 4], [0, 3, 5], [1, 2, 4], [1, 2, 5], [1, 3, 4], [1, 3, 5]]

======================================================================
THE PARTITION COMPLEMENT GRAPH
======================================================================

Two partitions are COMPLEMENT-ADJACENT if they can be simultaneously
both-cyclic in some tournament (compatible forcing).

Co-occurrence matrix (# tournaments where both P_i and P_j are both-cyclic):
  P_0: [0, 128, 128, 128, 128, 128, 128, 128, 128, 128]
  P_1: [128, 0, 128, 128, 128, 128, 128, 128, 128, 128]
  P_2: [128, 128, 0, 128, 128, 128, 128, 128, 128, 128]
  P_3: [128, 128, 128, 0, 128, 128, 128, 128, 128, 128]
  P_4: [128, 128, 128, 128, 0, 128, 128, 128, 128, 128]
  P_5: [128, 128, 128, 128, 128, 0, 128, 128, 128, 128]
  P_6: [128, 128, 128, 128, 128, 128, 0, 128, 128, 128]
  P_7: [128, 128, 128, 128, 128, 128, 128, 0, 128, 128]
  P_8: [128, 128, 128, 128, 128, 128, 128, 128, 0, 128]
  P_9: [128, 128, 128, 128, 128, 128, 128, 128, 128, 0]

Coexistence graph: 45 edges out of C(10,2) = 45
Degree sequence: [9, 9, 9, 9, 9, 9, 9, 9, 9, 9]

======================================================================
THE FORCING PROOF: WHY 3 BOTH-CYCLIC → 4
======================================================================

Triples that force a 4th (out of C(10,3) = 120):
  Triples that ALWAYS force at least one extra: 60
  Triples that appear but force 0 extras: 0
  [0, 1, 5] → forces [7]
  [0, 1, 6] → forces [8]
  [0, 1, 7] → forces [5]
  [0, 1, 8] → forces [6]
  [0, 2, 4] → forces [7]
  [0, 2, 6] → forces [9]
  [0, 2, 7] → forces [4]
  [0, 2, 9] → forces [6]
  [0, 3, 4] → forces [8]
  [0, 3, 5] → forces [9]
  [0, 3, 8] → forces [4]
  [0, 3, 9] → forces [5]
  [0, 4, 7] → forces [2]
  [0, 4, 8] → forces [3]
  [0, 5, 7] → forces [1]
  [0, 5, 9] → forces [3]
  [0, 6, 8] → forces [1]
  [0, 6, 9] → forces [2]
  [1, 2, 4] → forces [5]
  [1, 2, 5] → forces [4]
  [1, 2, 8] → forces [9]
  [1, 2, 9] → forces [8]
  [1, 3, 4] → forces [6]
  [1, 3, 6] → forces [4]
  [1, 3, 7] → forces [9]
  [1, 3, 9] → forces [7]
  [1, 4, 5] → forces [2]
  [1, 4, 6] → forces [3]
  [1, 5, 7] → forces [0]
  [1, 6, 8] → forces [0]
  [1, 7, 9] → forces [3]
  [1, 8, 9] → forces [2]
  [2, 3, 5] → forces [6]
  [2, 3, 6] → forces [5]
  [2, 3, 7] → forces [8]
  [2, 3, 8] → forces [7]
  [2, 4, 5] → forces [1]
  [2, 4, 7] → forces [0]
  [2, 5, 6] → forces [3]
  [2, 6, 9] → forces [0]
  [2, 7, 8] → forces [3]
  [2, 8, 9] → forces [1]
  [3, 4, 6] → forces [1]
  [3, 4, 8] → forces [0]
  [3, 5, 6] → forces [2]
  [3, 5, 9] → forces [0]
  [3, 7, 8] → forces [2]
  [3, 7, 9] → forces [1]
  [4, 5, 8] → forces [9]
  [4, 5, 9] → forces [8]
  [4, 6, 7] → forces [9]
  [4, 6, 9] → forces [7]
  [4, 7, 9] → forces [6]
  [4, 8, 9] → forces [5]
  [5, 6, 7] → forces [8]
  [5, 6, 8] → forces [7]
  [5, 7, 8] → forces [6]
  [5, 8, 9] → forces [4]
  [6, 7, 8] → forces [5]
  [6, 7, 9] → forces [4]

  Force exactly 1 extra: 60
  Force 2+ extras: 0

======================================================================
PETERSEN GRAPH AND S₆ SYMMETRY
======================================================================

The 10 partitions of {0,...,5} into {3,3} are the vertices of
the Petersen graph's complement! Two partitions are Petersen-adjacent
iff they have NO common triple (i.e., |A_i ∩ A_j| ∈ {1,2}).

Actually, the PETERSEN GRAPH has 10 vertices and 15 edges.
It's the Kneser graph K(5,2) — but our 10 partitions are different.

Our 10 partitions form the vertices of the COMPLETE MULTIPARTITE
graph K_{1,1,...,1} = K₁₀... let me think about this differently.

Intersection types among 10 partitions:
  |A_i ∩ A_j| = 1: 15 pairs
  |A_i ∩ A_j| = 2: 30 pairs
  Total: 45 = C(10,2) = 45

The 15 α₂=4 patterns as 4-subsets of 10 partitions:
  Pattern 0: [0, 1, 5, 7]
  Pattern 1: [0, 1, 6, 8]
  Pattern 2: [0, 2, 4, 7]
  Pattern 3: [0, 2, 6, 9]
  Pattern 4: [0, 3, 4, 8]
  Pattern 5: [0, 3, 5, 9]
  Pattern 6: [1, 2, 4, 5]
  Pattern 7: [1, 2, 8, 9]
  Pattern 8: [1, 3, 4, 6]
  Pattern 9: [1, 3, 7, 9]
  Pattern 10: [2, 3, 5, 6]
  Pattern 11: [2, 3, 7, 8]
  Pattern 12: [4, 5, 8, 9]
  Pattern 13: [4, 6, 7, 9]
  Pattern 14: [5, 6, 7, 8]

Partition appearance counts in α₂=4 patterns:
  P_0: appears in 6 patterns
  P_1: appears in 6 patterns
  P_2: appears in 6 patterns
  P_3: appears in 6 patterns
  P_4: appears in 6 patterns
  P_5: appears in 6 patterns
  P_6: appears in 6 patterns
  P_7: appears in 6 patterns
  P_8: appears in 6 patterns
  P_9: appears in 6 patterns

Pairwise disjoint pattern pairs: 0

Intersection size distribution between α₂=4 patterns:
  |P_i ∩ P_j| = 1: 60 pairs
  |P_i ∩ P_j| = 2: 45 pairs

======================================================================
SYNTHESIS
======================================================================

The 15 α₂=4 patterns form a (10, 4, 6)-design:
  10 points (partitions), 15 blocks of size 4, each point in 6 blocks.
  This is a 2-design (BIBD) if every pair appears in λ blocks.

  Pair appearances λ: {2}
  ✓ It's a 2-(10, 4, 2) design!
  Fisher's inequality: b ≥ v: 15 ≥ 10 ✓
