======================================================================
n=6 EXHAUSTIVE: Eigenvalue triples by topological phase
======================================================================
Done in 85.8s

======================================================================
UNIQUE EIGENVALUE TRIPLES PER PHASE
======================================================================

P (27648 tournaments, 6 unique triples):
  (0.146, 2.103, 3.249): cnt=10800, |Pf|=1.0, gap=3.103, ratio=0.045
  (0.505, 1.732, 3.427): cnt=6720, |Pf|=3.0, gap=2.922, ratio=0.147
  (0.727, 2.236, 3.078): cnt=4608, |Pf|=5.0, gap=2.351, ratio=0.236
  (1.000, 2.646, 2.646): cnt=3600, |Pf|=7.0, gap=1.646, ratio=0.378
  (1.732, 1.732, 3.000): cnt=1200, |Pf|=9.0, gap=1.268, ratio=0.577
  (0.268, 1.000, 3.732): cnt=720, |Pf|=1.0, gap=3.464, ratio=0.072

C (4800 tournaments, 3 unique triples):
  (0.268, 1.000, 3.732): cnt=3120, |Pf|=1.0, gap=3.464, ratio=0.072
  (0.505, 1.732, 3.427): cnt=960, |Pf|=3.0, gap=2.922, ratio=0.147
  (0.146, 2.103, 3.249): cnt=720, |Pf|=1.0, gap=3.103, ratio=0.045

S (320 tournaments, 2 unique triples):
  (1.000, 2.646, 2.646): cnt=240, |Pf|=7.0, gap=1.646, ratio=0.378
  (1.732, 1.732, 3.000): cnt=80, |Pf|=9.0, gap=1.268, ratio=0.577

======================================================================
EIGENVALUE PRODUCT (= |Pf|) BY PHASE
======================================================================

P: |Pf| = {1: 11520, 3: 6720, 5: 4608, 7: 3600, 9: 1200}

C: |Pf| = {1: 3840, 3: 960}

S: |Pf| = {7: 240, 9: 80}

======================================================================
EIGENVALUE RATIO (min/max) BY PHASE
======================================================================

P: ratio mean=0.1689, min=0.0450, max=0.5774

C: ratio mean=0.0829, min=0.0450, max=0.1475

S: ratio mean=0.4278, min=0.3780, max=0.5774

======================================================================
EIGENVALUE CONSTRAINTS FOR EACH PHASE
======================================================================

C-phase: min_eig in [np.float64(0.146), np.float64(0.268), np.float64(0.505)]
C-phase: max_eig in [np.float64(3.249), np.float64(3.427), np.float64(3.732)]

S-phase: all unique triples:
  (np.float64(1.0), np.float64(2.645751), np.float64(2.645751))
  (np.float64(1.732051), np.float64(1.732051), np.float64(3.0))

======================================================================
c3 DISTRIBUTION BY PHASE
======================================================================

P: c3 = {0: 720, 1: 960, 2: 2160, 3: 2880, 4: 5520, 5: 3168, 6: 6480, 7: 4320, 8: 1440}

C: c3 = {4: 720, 5: 480, 6: 2160, 7: 480, 8: 960}

S: c3 = {2: 80, 8: 240}

======================================================================
tr(S^2) BY PHASE (= -2 * sum_ij S[i][j]^2 / 2 = -n(n-1))
======================================================================

P:
  a^2+b^2+c^2: [np.float64(15.0)]
  a^4+b^4+c^4: [np.float64(99.0), np.float64(115.0), np.float64(131.0), np.float64(147.0), np.float64(195.0)]

C:
  a^2+b^2+c^2: [np.float64(15.0)]
  a^4+b^4+c^4: [np.float64(131.0), np.float64(147.0), np.float64(195.0)]

S:
  a^2+b^2+c^2: [np.float64(15.0)]
  a^4+b^4+c^4: [np.float64(99.0)]

======================================================================
ALGEBRAIC EXPLANATION
======================================================================

For n=6 tournament with skew eigenvalues +-ia, +-ib, +-ic (a<=b<=c):
  CONSTRAINT: a^2 + b^2 + c^2 = C(n,2) = 15 (from tr(S^2) = -2*C(6,2) = -30)

  |Pf(S)| = a*b*c (integer, from Pfaffian of integer matrix)
  spectral gap = c - a

  AM-GM: abc <= (a^2+b^2+c^2)/3)^{3/2}/sqrt(27) = 5^{3/2}/sqrt(27) = 11.18/5.20 ≈ 2.15
  Wait, AM-GM gives abc <= ((a^2+b^2+c^2)/3)^{3/2} = 5*sqrt(5) ≈ 11.18 when a=b=c=sqrt(5)
  But Pfaffian must be ODD integer. Achievable: 1,3,5,7,9.

  C-phase (beta_1>0): |Pf| in {1,3} => abc small => ONE eigenvalue near 0 or very spread
  S-phase (beta_3>0): |Pf| in {7,9} => abc large => eigenvalues near-degenerate

  The topology "sees" the eigenvalue distribution shape on the constraint sphere!

