Computing E[H²] at n=7 using compatible pair formula
n! = 5040, n!² = 25401600
m = 21 undirected edges
Pre-computing path edge sets...
Pre-computed 5040 permutations
Computing compatible pairs...
  1000/5040 (19.8%), 3s elapsed, ETA 10s
  2000/5040 (39.7%), 5s elapsed, ETA 8s
  3000/5040 (59.5%), 8s elapsed, ETA 5s
  4000/5040 (79.4%), 10s elapsed, ETA 3s
  5000/5040 (99.2%), 13s elapsed, ETA 0s

Done in 12.8s
Total compatible pairs: 10679760 / 25401600
Compatibility rate: 0.420437

Common edge distribution:
  k=0: 3255840 pairs
  k=1: 3981600 pairs
  k=2: 2353680 pairs
  k=3: 846720 pairs
  k=4: 206640 pairs
  k=5: 30240 pairs
  k=6: 5040 pairs

Results for n=7:
  E[H] = 315/4 = 78.7500
  E[H²] = 1000125/128 = 7813.4766
  E[H²]/E[H]² = 635/504 = 1.2599206349
  CV² = 131/504 = 0.2599206349

CV² sequence so far:
  n=3: 1/3 = 0.3333333333
  n=4: 1/3 = 0.3333333333
  n=5: 19/60 = 0.3166666667
  n=6: 13/45 = 0.2888888889
  n=7: 131/504 = 0.2599206349
  Δ(n=3→4) = 0.0000000000
  Δ(n=4→5) = -0.0166666667
  Δ(n=5→6) = -0.0277777778
  Δ(n=6→7) = -0.0289682540

  E[H²]/E[H]² sequence: 4/3, 4/3, 79/60, 58/45, 635/504
  Denominators: 3, 3, 60, 45, 504

Done!
