======================================================================
H(P_p) mod p² — Extended Analysis
======================================================================

  p=3:
    H(P_p) = 3
    H mod p = 0
    H/p = 1
    H/p mod p = 1
    p-1 = 2, p-2 = 1
    H mod p² = 3
    H mod p² vs p(p-2) = 3: ✓
    H mod p² vs p(p-1) = 6: ✗
    (p-1)! = 2
    H / ((p-1)!/2^1) = 3
    H mod 2p = 3
    H mod 4p = 3

  p=7:
    H(P_p) = 189
    H mod p = 0
    H/p = 27
    H/p mod p = 6
    p-1 = 6, p-2 = 5
    H mod p² = 42
    H mod p² vs p(p-2) = 35: ✗
    H mod p² vs p(p-1) = 42: ✓
    (p-1)! = 720
    H / ((p-1)!/2^3) = 21/10
    H mod 2p = 7
    H mod 4p = 21

  p=11:
    H(P_p) = 95095
    H mod p = 0
    H/p = 8645
    H/p mod p = 10
    p-1 = 10, p-2 = 9
    H mod p² = 110
    H mod p² vs p(p-2) = 99: ✗
    H mod p² vs p(p-1) = 110: ✓
    (p-1)! = 3628800
    H / ((p-1)!/2^5) = 2717/3240
    H mod 2p = 11
    H mod 4p = 11

  p=19:
    H(P_p) = 1172695746915
    H mod p = 0
    H/p = 61720828785
    H/p mod p = 17
    p-1 = 18, p-2 = 17
    H mod p² = 323
    H mod p² vs p(p-2) = 323: ✓
    H mod p² vs p(p-1) = 342: ✗
    (p-1)! = 6402373705728000
    H / ((p-1)!/2^9) = 338440331/3608841600
    H mod 2p = 19
    H mod 4p = 19

  p=23: SKIPPING (bitmask DP needs 2^23 states)

======================================================================
Deeper: H(P_p) ≡ ? (mod p²)
======================================================================
  p=3: H = 3, H mod p² = 3
    r/p = 1 (should be H/p mod p = 1)
    p*(p-2) = 3, match: True
    (p-1)! mod p² = 2
    ((p-1)! + 1) / p mod p = 1
  p=7: H = 189, H mod p² = 42
    r/p = 6 (should be H/p mod p = 6)
    p*(p-2) = 35, match: False
    (p-1)! mod p² = 34
    ((p-1)! + 1) / p mod p = 5
  p=11: H = 95095, H mod p² = 110
    r/p = 10 (should be H/p mod p = 10)
    p*(p-2) = 99, match: False
    (p-1)! mod p² = 10
    ((p-1)! + 1) / p mod p = 1
  p=19: H = 1172695746915, H mod p² = 323
    r/p = 17 (should be H/p mod p = 17)
    p*(p-2) = 323, match: True
    (p-1)! mod p² = 37
    ((p-1)! + 1) / p mod p = 2

======================================================================
The REAL pattern: H(P_p) as fraction of (p-1)!
======================================================================
  p=3: H/(p-1)! = 3/2 = 1.5000000000
    H/mean = 2 = 2.000000
  p=7: H/(p-1)! = 21/80 = 0.2625000000
    H/mean = 12/5 = 2.400000
  p=11: H/(p-1)! = 2717/103680 = 0.0262056327
    H/mean = 988/405 = 2.439506
  p=19: H/(p-1)! = 338440331/1847726899200 = 0.0001831658
    H/mean = 71250596/28194075 = 2.527148

======================================================================
H/p mod p: looking for the REAL pattern
======================================================================
  p=3: H/p mod p = 1
  p=7: H/p mod p = 6
  p=11: H/p mod p = 10
  p=19: H/p mod p = 17

  Values: [1, 6, 10, 17]
  p-1:    [2, 6, 10, 18]
  p-2:    [1, 5, 9, 17]

  p mod 12: [(3, 3), (7, 7), (11, 11), (19, 7)]

  (-1)^((p-3)/4):
    p=3: exp=0, sign=1, r mod p = 1, -1-sign = -2
    p=7: exp=1, sign=-1, r mod p = 6, -1-sign = 0
    p=11: exp=2, sign=1, r mod p = 10, -1-sign = -2
    p=19: exp=4, sign=1, r mod p = 17, -1-sign = -2

  Class numbers h(-p):

  Legendre symbol (2/p):
    p=3: (2/p) = -1, H/p mod p = 1
    p=7: (2/p) = 1, H/p mod p = 6
    p=11: (2/p) = -1, H/p mod p = 10
    p=19: (2/p) = -1, H/p mod p = 17

  Test: H/p ≡ -1 - (2/p) mod p?
    p=3: -1-(2/p) = -1-(-1) = 0 ≡ 0 mod p, actual = 1 ✗
    p=7: -1-(2/p) = -1-(1) = -2 ≡ 5 mod p, actual = 6 ✗
    p=11: -1-(2/p) = -1-(-1) = 0 ≡ 0 mod p, actual = 10 ✗
    p=19: -1-(2/p) = -1-(-1) = 0 ≡ 0 mod p, actual = 17 ✗

  Test: H/p ≡ (2/p) - 2 mod p?
    p=3: (2/p)-2 = -1-2 = -3 ≡ 0 mod p, actual = 1 ✗
    p=7: (2/p)-2 = 1-2 = -1 ≡ 6 mod p, actual = 6 ✓
    p=11: (2/p)-2 = -1-2 = -3 ≡ 8 mod p, actual = 10 ✗
    p=19: (2/p)-2 = -1-2 = -3 ≡ 16 mod p, actual = 17 ✗

======================================================================
Cycle counts mod p for Paley
======================================================================

  P_3:
    t_3 = 1, mod p = 1

  P_7:
    t_3 = 14, mod p = 0
    t_5 = 42, mod p = 0
    t_7 = 24, mod p = 3

  P_11:
    t_3 = 55, mod p = 0
    t_5 = 594, mod p = 0
    t_7 = 3960, mod p = 0
    t_9 = 11055, mod p = 0
    t_11 = 5505, mod p = 5

======================================================================
ALL Hamiltonian path orbits under Z/pZ
======================================================================

  P_3: H = 3, orbits = 1
    Orbit sizes: [3]
    Orbit 0: representative = (0, 1, 2), size = 3

  P_7: H = 189, orbits = 27
    Orbit sizes: [7, 7, 7, 7, 7, 7, 7, 7, 7, 7, 7, 7, 7, 7, 7, 7, 7, 7, 7, 7, 7, 7, 7, 7, 7, 7, 7]
    Orbit 0: representative = (0, 1, 2, 3, 4, 5, 6), size = 7
    Orbit 1: representative = (0, 1, 2, 4, 5, 6, 3), size = 7
    Orbit 2: representative = (0, 1, 2, 4, 6, 3, 5), size = 7
    Orbit 3: representative = (0, 1, 2, 6, 3, 4, 5), size = 7
    Orbit 4: representative = (0, 1, 3, 4, 5, 2, 6), size = 7

======================================================================
CONGRUENCE EXPLORATION: H mod small primes
======================================================================

  P_3: H = 3
    H mod  2 = 1
    H mod  3 = 0
    H mod  5 = 3
    H mod  7 = 3
    H mod 11 = 3
    H mod 13 = 3
    H mod 17 = 3
    H mod 19 = 3
    H mod 23 = 3

  P_7: H = 189
    H mod  2 = 1
    H mod  3 = 0
    H mod  5 = 4
    H mod  7 = 0
    H mod 11 = 2
    H mod 13 = 7
    H mod 17 = 2
    H mod 19 = 18
    H mod 23 = 5

  P_11: H = 95095
    H mod  2 = 1
    H mod  3 = 1
    H mod  5 = 0
    H mod  7 = 0
    H mod 11 = 0
    H mod 13 = 0
    H mod 17 = 14
    H mod 19 = 0
    H mod 23 = 13

  P_19: H = 1172695746915
    H mod  2 = 1
    H mod  3 = 0
    H mod  5 = 0
    H mod  7 = 0
    H mod 11 = 0
    H mod 13 = 4
    H mod 17 = 12
    H mod 19 = 0
    H mod 23 = 0


Done!
