======================================================================
Verification on known cases
======================================================================
  Starting DP for n=7...
    Step 1/6: 21 masks, 21 entries, 0.0s
    Step 2/6: 35 masks, 63 entries, 0.0s
    Step 3/6: 35 masks, 112 entries, 0.0s
    Step 4/6: 21 masks, 105 entries, 0.0s
    Step 5/6: 7 masks, 42 entries, 0.0s
    Step 6/6: 1 masks, 7 entries, 0.0s
  Total time: 0.0s
  H(P_7) = 189
  Starting DP for n=11...
    Step 1/10: 55 masks, 55 entries, 0.0s
    Step 2/10: 165 masks, 275 entries, 0.0s
    Step 3/10: 330 masks, 935 entries, 0.0s
    Step 4/10: 462 masks, 2035 entries, 0.0s
    Step 5/10: 462 masks, 2706 entries, 0.0s
    Step 6/10: 330 masks, 2310 entries, 0.0s
    Step 7/10: 165 masks, 1320 entries, 0.0s
    Step 8/10: 55 masks, 495 entries, 0.0s
    Step 9/10: 11 masks, 110 entries, 0.0s
    Step 10/10: 1 masks, 11 entries, 0.0s
  Total time: 0.0s
  H(P_11) = 95095

======================================================================
Computing H(P_19)
======================================================================
  Starting DP for n=19...
    Step 1/18: 171 masks, 171 entries, 0.0s
    Step 2/18: 969 masks, 1539 entries, 0.0s
    Step 3/18: 3876 masks, 10146 entries, 0.0s
    Step 4/18: 11628 masks, 46512 entries, 0.0s
    Step 5/18: 27132 masks, 148257 entries, 0.1s
    Step 6/18: 50388 masks, 341544 entries, 0.2s
    Step 7/18: 75582 masks, 599184 entries, 0.5s
    Step 8/18: 92378 masks, 829863 entries, 0.8s
    Step 9/18: 92378 masks, 923590 entries, 1.0s
    Step 10/18: 75582 masks, 831402 entries, 1.1s
    Step 11/18: 50388 masks, 604656 entries, 0.9s
    Step 12/18: 27132 masks, 352716 entries, 0.6s
    Step 13/18: 11628 masks, 162792 entries, 0.3s
    Step 14/18: 3876 masks, 58140 entries, 0.1s
    Step 15/18: 969 masks, 15504 entries, 0.0s
    Step 16/18: 171 masks, 2907 entries, 0.0s
    Step 17/18: 19 masks, 342 entries, 0.0s
    Step 18/18: 1 masks, 19 entries, 0.0s
  Total time: 5.8s

  H(P_19) = 1172695746915
  Expected: 1172695746915
  Match: ✓

======================================================================
Computing H(P_23) — this is the big one
======================================================================
  QR mod 23: [1, 2, 3, 4, 6, 8, 9, 12, 13, 16, 18]
  Number of QR: 11 (should be 11)
  Starting DP for n=23...
    Step 1/22: 253 masks, 253 entries, 0.0s
    Step 2/22: 1771 masks, 2783 entries, 0.0s
    Step 3/22: 8855 masks, 22770 entries, 0.0s
    Step 4/22: 33649 masks, 131813 entries, 0.0s
    Step 5/22: 100947 masks, 541926 entries, 0.3s
    Step 6/22: 245157 masks, 1641717 entries, 1.1s
    Step 7/22: 490314 masks, 3861792 entries, 3.0s
    Step 8/22: 817190 masks, 7320555 entries, 6.8s
    Step 9/22: 1144066 masks, 11428010 entries, 12.5s
    Step 10/22: 1352078 masks, 14870075 entries, 19.0s
    Step 11/22: 1352078 masks, 16224660 entries, 24.5s
    Step 12/22: 1144066 masks, 14872858 entries, 24.9s
    Step 13/22: 817190 masks, 11440660 entries, 20.9s
    Step 14/22: 490314 masks, 7354710 entries, 14.9s
    Step 15/22: 245157 masks, 3922512 entries, 8.8s
    Step 16/22: 100947 masks, 1716099 entries, 4.3s
    Step 17/22: 33649 masks, 605682 entries, 1.8s
    Step 18/22: 8855 masks, 168245 entries, 0.6s
    Step 19/22: 1771 masks, 35420 entries, 0.1s
    Step 20/22: 253 masks, 5313 entries, 0.0s
    Step 21/22: 23 masks, 506 entries, 0.0s
    Step 22/22: 1 masks, 23 entries, 0.0s
  Total time: 147.5s

  H(P_23) = 15760206976379349
  H mod 23 = 0
  H/23 = 685226390277363
  H/23 mod 23 = 16
  Factorization: {3: 1, 11: 1, 23: 1, 167: 1, 4567: 1, 27225299: 1}

  Computing directed Hamiltonian cycles for P_23...
    Cycle step 5/22: 23562 masks
    Cycle step 10/22: 646525 masks
    Cycle step 15/22: 170544 masks
    Cycle step 20/22: 231 masks

  Directed Ham cycles in P_23: 374127973957716
  hc mod 23 = 11
  Expected: (p-1)/2 = 11
  Match: ✓
  Cycle computation time: 96.4s

Done!
