======================================================================
PRODUCT IDENTITY: prod(1+Q_k) = F_p for Interval
======================================================================
  p= 5, m= 2: prod(1+Q)=            5.000000, F_p=              5, ratio=1.000000000000
  p= 7, m= 3: prod(1+Q)=           13.000000, F_p=             13, ratio=1.000000000000
  p=11, m= 5: prod(1+Q)=           89.000000, F_p=             89, ratio=1.000000000000
  p=13, m= 6: prod(1+Q)=          233.000000, F_p=            233, ratio=1.000000000000
  p=17, m= 8: prod(1+Q)=         1597.000000, F_p=           1597, ratio=1.000000000000
  p=19, m= 9: prod(1+Q)=         4181.000000, F_p=           4181, ratio=1.000000000000
  p=23, m=11: prod(1+Q)=        28657.000000, F_p=          28657, ratio=1.000000000000
  p=29, m=14: prod(1+Q)=       514229.000000, F_p=         514229, ratio=1.000000000000
  p=31, m=15: prod(1+Q)=      1346269.000000, F_p=        1346269, ratio=1.000000000000
  p=37, m=18: prod(1+Q)=     24157817.000000, F_p=       24157817, ratio=1.000000000000
  p=41, m=20: prod(1+Q)=    165580141.000002, F_p=      165580141, ratio=1.000000000000
  p=43, m=21: prod(1+Q)=    433494437.000003, F_p=      433494437, ratio=1.000000000000

======================================================================
DENOMINATOR: prod sin^2(πk/p)
======================================================================
  p= 5: prod sin^2 = 3.125000000000e-01, p/2^(p-1) = 3.125000000000e-01, ratio = 1.0000000000
  p= 7: prod sin^2 = 1.093750000000e-01, p/2^(p-1) = 1.093750000000e-01, ratio = 1.0000000000
  p=11: prod sin^2 = 1.074218750000e-02, p/2^(p-1) = 1.074218750000e-02, ratio = 1.0000000000
  p=13: prod sin^2 = 3.173828125000e-03, p/2^(p-1) = 3.173828125000e-03, ratio = 1.0000000000
  p=17: prod sin^2 = 2.593994140625e-04, p/2^(p-1) = 2.593994140625e-04, ratio = 1.0000000000
  p=19: prod sin^2 = 7.247924804687e-05, p/2^(p-1) = 7.247924804688e-05, ratio = 1.0000000000
  p=23: prod sin^2 = 5.483627319336e-06, p/2^(p-1) = 5.483627319336e-06, ratio = 1.0000000000
  p=29: prod sin^2 = 1.080334186554e-07, p/2^(p-1) = 1.080334186554e-07, ratio = 1.0000000000

======================================================================
NUMERATOR: prod (sin^2(θ) + sin^2(mθ))
======================================================================
  p= 5: prod(s² + s²m) = 1.5625000000e+00, F_p*p/2^(p-1) = 1.5625000000e+00, ratio = 1.0000000000
  p= 7: prod(s² + s²m) = 1.4218750000e+00, F_p*p/2^(p-1) = 1.4218750000e+00, ratio = 1.0000000000
  p=11: prod(s² + s²m) = 9.5605468750e-01, F_p*p/2^(p-1) = 9.5605468750e-01, ratio = 1.0000000000
  p=13: prod(s² + s²m) = 7.3950195313e-01, F_p*p/2^(p-1) = 7.3950195312e-01, ratio = 1.0000000000
  p=17: prod(s² + s²m) = 4.1426086426e-01, F_p*p/2^(p-1) = 4.1426086426e-01, ratio = 1.0000000000
  p=19: prod(s² + s²m) = 3.0303573608e-01, F_p*p/2^(p-1) = 3.0303573608e-01, ratio = 1.0000000000
  p=23: prod(s² + s²m) = 1.5714430809e-01, F_p*p/2^(p-1) = 1.5714430809e-01, ratio = 1.0000000000
  p=29: prod(s² + s²m) = 5.5553916842e-02, F_p*p/2^(p-1) = 5.5553916842e-02, ratio = 1.0000000000

======================================================================
CHEBYSHEV CONNECTION: Q_k = U_{m-1}(x_k)^2
======================================================================

  p=7, m=3:
    k=1: x_k=0.900969, U_2(x)=2.246980, U^2=5.048917, Q_k=5.048917
    k=2: x_k=0.623490, U_2(x)=0.554958, U^2=0.307979, Q_k=0.307979
    k=3: x_k=0.222521, U_2(x)=-0.801938, U^2=0.643104, Q_k=0.643104

  p=11, m=5:
    k=1: x_k=0.959493, U_4(x)=3.513337, U^2=12.343538, Q_k=12.343538
    k=2: x_k=0.841254, U_4(x)=0.521109, U^2=0.271554, Q_k=0.271554
    k=3: x_k=0.654861, U_4(x)=-1.203616, U^2=1.448691, Q_k=1.448691
    k=4: x_k=0.415415, U_4(x)=-0.594351, U^2=0.353253, Q_k=0.353253
    k=5: x_k=0.142315, U_4(x)=0.763521, U^2=0.582964, Q_k=0.582964

  p=13, m=6:
    k=1: x_k=0.970942, U_5(x)=4.148115, U^2=17.206857, Q_k=17.206857
    k=2: x_k=0.885456, U_5(x)=0.514964, U^2=0.265188, Q_k=0.265188
    k=3: x_k=0.748511, U_5(x)=-1.410020, U^2=1.988157, Q_k=1.988157
    k=4: x_k=0.568065, U_5(x)=-0.564681, U^2=0.318864, Q_k=0.318864
    k=5: x_k=0.354605, U_5(x)=0.880181, U^2=0.774719, Q_k=0.774719
    k=6: x_k=0.120537, U_5(x)=0.667993, U^2=0.446215, Q_k=0.446215

======================================================================
KEY FACTORIZATION: sin²θ + sin²(mθ) = 1 - cos((m+1)θ)cos((m-1)θ)
======================================================================

  p=7, m=3:
    k=1: sin²θ+sin²mθ = 1.1387395330, 1-cos(m+1)θ·cos(m-1)θ = 1.1387395330, match: True
    k=2: sin²θ+sin²mθ = 0.7995155660, 1-cos(m+1)θ·cos(m-1)θ = 0.7995155660, match: True
    k=3: sin²θ+sin²mθ = 1.5617449009, 1-cos(m+1)θ·cos(m-1)θ = 1.5617449009, match: True

  p=11, m=5:
    k=1: sin²θ+sin²mθ = 1.0591197204, 1-cos(m+1)θ·cos(m-1)θ = 1.0591197204, match: True
    k=2: sin²θ+sin²mθ = 0.3716657271, 1-cos(m+1)θ·cos(m-1)θ = 0.3716657271, match: True
    k=3: sin²θ+sin²mθ = 1.3985877861, 1-cos(m+1)θ·cos(m-1)θ = 1.3985877861, match: True
    k=4: sin²θ+sin²mθ = 1.1197228605, 1-cos(m+1)θ·cos(m-1)θ = 1.1197228605, match: True
    k=5: sin²θ+sin²mθ = 1.5509039059, 1-cos(m+1)θ·cos(m-1)θ = 1.5509039059, match: True

  p=13, m=6:
    k=1: sin²θ+sin²mθ = 1.0427428959, 1-cos(m+1)θ·cos(m-1)θ = 1.0427428959, match: True
    k=2: sin²θ+sin²mθ = 0.2732396138, 1-cos(m+1)θ·cos(m-1)θ = 0.2732396138, match: True
    k=3: sin²θ+sin²mθ = 1.3139870340, 1-cos(m+1)θ·cos(m-1)θ = 1.3139870340, match: True
    k=4: sin²θ+sin²mθ = 0.8932700702, 1-cos(m+1)θ·cos(m-1)θ = 0.8932700702, match: True
    k=5: sin²θ+sin²mθ = 1.5515578176, 1-cos(m+1)θ·cos(m-1)θ = 1.5515578176, match: True
    k=6: sin²θ+sin²mθ = 1.4252025686, 1-cos(m+1)θ·cos(m-1)θ = 1.4252025686, match: True

======================================================================
PRODUCT OVER (1 - cos(α)cos(β)) for various p
======================================================================
  p= 5: prod = 1.5625000000e+00, F_p*p/2^(p-1) = 1.5625000000e+00, ratio = 1.0000000000
  p= 7: prod = 1.4218750000e+00, F_p*p/2^(p-1) = 1.4218750000e+00, ratio = 1.0000000000
  p=11: prod = 9.5605468750e-01, F_p*p/2^(p-1) = 9.5605468750e-01, ratio = 1.0000000000
  p=13: prod = 7.3950195313e-01, F_p*p/2^(p-1) = 7.3950195312e-01, ratio = 1.0000000000
  p=17: prod = 4.1426086426e-01, F_p*p/2^(p-1) = 4.1426086426e-01, ratio = 1.0000000000
  p=19: prod = 3.0303573608e-01, F_p*p/2^(p-1) = 3.0303573608e-01, ratio = 1.0000000000
  p=23: prod = 1.5714430809e-01, F_p*p/2^(p-1) = 1.5714430809e-01, ratio = 1.0000000000
  p=29: prod = 5.5553916842e-02, F_p*p/2^(p-1) = 5.5553916842e-02, ratio = 1.0000000000
  p=31: prod = 3.8868132047e-02, F_p*p/2^(p-1) = 3.8868132047e-02, ratio = 1.0000000000
  p=37: prod = 1.3007072688e-02, F_p*p/2^(p-1) = 1.3007072688e-02, ratio = 1.0000000000

======================================================================
CHEBYSHEV POLYNOMIAL APPROACH
======================================================================
f(x) = 1 - T_{m+1}(x) * T_{m-1}(x)
Product over positive roots of U_{p-1}

  p=7, m=3:
    k=1: f_direct=1.1387395330, 3/2-x²-(-1)^k*x/2 = 1.1387395330, match: True
    k=2: f_direct=0.7995155660, 3/2-x²-(-1)^k*x/2 = 0.7995155660, match: True
    k=3: f_direct=1.5617449009, 3/2-x²-(-1)^k*x/2 = 1.5617449009, match: True

  p=11, m=5:
    k=1: f_direct=1.0591197204, 3/2-x²-(-1)^k*x/2 = 1.0591197204, match: True
    k=2: f_direct=0.3716657271, 3/2-x²-(-1)^k*x/2 = 0.3716657271, match: True
    k=3: f_direct=1.3985877861, 3/2-x²-(-1)^k*x/2 = 1.3985877861, match: True
    k=4: f_direct=1.1197228605, 3/2-x²-(-1)^k*x/2 = 1.1197228605, match: True
    k=5: f_direct=1.5509039059, 3/2-x²-(-1)^k*x/2 = 1.5509039059, match: True

  p=13, m=6:
    k=1: f_direct=1.0427428959, 3/2-x²-(-1)^k*x/2 = 1.0427428959, match: True
    k=2: f_direct=0.2732396138, 3/2-x²-(-1)^k*x/2 = 0.2732396138, match: True
    k=3: f_direct=1.3139870340, 3/2-x²-(-1)^k*x/2 = 1.3139870340, match: True
    k=4: f_direct=0.8932700702, 3/2-x²-(-1)^k*x/2 = 0.8932700702, match: True
    k=5: f_direct=1.5515578176, 3/2-x²-(-1)^k*x/2 = 1.5515578176, match: True
    k=6: f_direct=1.4252025686, 3/2-x²-(-1)^k*x/2 = 1.4252025686, match: True

======================================================================
SPLIT BY k PARITY
======================================================================
  p= 7: prod_odd = 1.7784206592, prod_even = 0.7995155660, total = 1.4218750000e+00
  p=11: prod_odd = 2.2973103832, prod_even = 0.4161626111, total = 9.5605468750e-01
  p=13: prod_odd = 2.1258679445, prod_even = 0.3478588381, total = 7.3950195312e-01
  p=17: prod_odd = 2.7687841936, prod_even = 0.1496183289, total = 4.1426086426e-01
  p=19: prod_odd = 3.8788639442, prod_even = 0.0781248686, total = 3.0303573608e-01
  p=23: prod_odd = 5.0454689107, prod_even = 0.0311456300, total = 1.5714430809e-01
  p=29: prod_odd = 6.1073819266, prod_even = 0.0090961917, total = 5.5553916842e-02

======================================================================
FACTORED FORM VERIFICATION
======================================================================

  p=7, m=3:
    k=1: f = 1.1387395330, factored = 1.1387395330, match: True
    k=2: f = 0.7995155660, factored = 0.7995155660, match: True
    k=3: f = 1.5617449009, factored = 1.5617449009, match: True

  p=11, m=5:
    k=1: f = 1.0591197204, factored = 1.0591197204, match: True
    k=2: f = 0.3716657271, factored = 0.3716657271, match: True
    k=3: f = 1.3985877861, factored = 1.3985877861, match: True
    k=4: f = 1.1197228605, factored = 1.1197228605, match: True
    k=5: f = 1.5509039059, factored = 1.5509039059, match: True

  p=13, m=6:
    k=1: f = 1.0427428959, factored = 1.0427428959, match: True
    k=2: f = 0.2732396138, factored = 0.2732396138, match: True
    k=3: f = 1.3139870340, factored = 1.3139870340, match: True
    k=4: f = 0.8932700702, factored = 0.8932700702, match: True
    k=5: f = 1.5515578176, factored = 1.5515578176, match: True
    k=6: f = 1.4252025686, factored = 1.4252025686, match: True

======================================================================
SUMS OF cos²(πk/p)
======================================================================
  p=5: sum cos = 1.1180339887, sum cos² = 0.7500000000 = (p-1)/4 = 1.0?, sum cos³ = 0.5590169944
  p=7: sum cos = 1.7469796037, sum cos² = 1.2500000000 = (p-1)/4 = 1.5?, sum cos³ = 0.9847502688
  p=11: sum cos = 3.0133370917, sum cos² = 2.2500000000 = (p-1)/4 = 2.5?, sum cos³ = 1.8340989128
  p=13: sum cos = 3.6481149053, sum cos² = 2.7500000000 = (p-1)/4 = 3.0?, sum cos³ = 2.2585811669
  p=17: sum cos = 4.9189757237, sum cos² = 3.7500000000 = (p-1)/4 = 4.0?, sum cos³ = 3.1074656076
  p=19: sum cos = 5.5547827927, sum cos² = 4.2500000000 = (p-1)/4 = 4.5?, sum cos³ = 3.5318920238

  Expected: sum cos² = (p-2)/4:
    p=5: 0.7500000000 vs 0.7500000000, match: True
    p=7: 1.2500000000 vs 1.2500000000, match: True
    p=11: 2.2500000000 vs 2.2500000000, match: True
    p=13: 2.7500000000 vs 2.7500000000, match: True
    p=17: 3.7500000000 vs 3.7500000000, match: True
    p=19: 4.2500000000 vs 4.2500000000, match: True

DONE.
