C:\Users\Eliott\Documents\GitHub\math\04-computation\rational_irrational_symbiosis.py:6: SyntaxWarning: invalid escape sequence '\Q'
  Q is countable, R\Q is uncountable. They seem opposed.
======================================================================
THE SYMBIOSIS OF RATIONAL AND IRRATIONAL
kind-pasteur-2026-03-14-S106h
======================================================================

======================================================================
CHAPTER 1: THE DANCE ŌĆö EVERY RATIONAL HAS AN IRRATIONAL SHADOW
======================================================================

  Consider the key rational numbers of tournament theory.
  Each one has an irrational partner ŌĆö its "shadow" in the
  continuous world. They come in PAIRS.

  PAIR 1: 6 and tau^3
    6 = LCM(2,3) = the discrete period (rational, exact)
    tau^3 = 6.2223... = the continuous period (irrational, approximate)
    The rational 6 is the INTEGER PART of the irrational tau^3.
    tau^3 = 6 + (tau^2 + tau - 5) = 6 + 0.2223...
    The irrational EXCEEDS the rational by a controlled amount.

  PAIR 2: 7 and tau^3
    7 = Phi_3(2) = the first forbidden (rational, exact)
    tau^3 = 6.2223... = the heartbeat (irrational)
    7 = tau^3 * (9/8) approximately
    The rational forbidden value is the irrational heartbeat
    SCALED by the rational 9/8 (reflection/threshold).
    Irrational * rational = rational. The irrational disappears!

  PAIR 3: 21 and tau^5
    21 = Phi_3(4) = the second forbidden (rational)
    tau^5 = 21.0498... = the fifth floor (irrational)
    21/tau^5 = 0.99764... Ōēł 1
    The rational is the irrational rounded to the nearest integer.
    tau^5 is 21's irrational AVATAR.

  PAIR 4: 1/3 and ln(4/3)
    1/3 = Var/Mean^2 at n=3,4 (rational, exact)
    ln(4/3) = 0.2877... (irrational, transcendental)
    ln(1 + 1/3) = ln(4/3) = the log-variance
    The rational variance ratio GENERATES a transcendental
    through the logarithm.

  PAIR 5: 360 and tau^9
    360 = 2^3 * 3^2 * 5 (rational)
    tau^9 = 240.90... (irrational)
    360/tau^9 = 1.4944... Ōēł 3/2 (irrational ŌåÆ rational!)
    The ratio of a rational to an irrational is ALMOST rational.

  PAIR 6: n!/2^(n-1) and e
    n!/2^(n-1) = Mean(H) (rational for each n)
    max_H / Mean ŌåÆ e as n ŌåÆ Ōł× (irrational, transcendental)
    A sequence of rationals whose LIMIT is transcendental.
    Stirling: n! ~ sqrt(2*pi*n) * (n/e)^n
    The rational factorial is APPROXIMATED by the transcendental e and pi.

  THE PATTERN: Rationals are the NOTES. Irrationals are the MELODY.
  You can hear individual notes (7, 21, 360) but the melody
  (tau^3, tau^5, tau^9) connects them into a coherent piece.

======================================================================
CHAPTER 2: THE CONTINUED FRACTION ŌĆö WHERE THEY MEET
======================================================================

  The continued fraction is where rational and irrational MERGE.
  Every irrational number is an INFINITE continued fraction.
  Every TRUNCATION of that fraction is a rational APPROXIMATION.

  The continued fraction is the MEETING POINT:
  it is simultaneously a rational sequence AND an irrational limit.

  TAU (tribonacci constant):
  tau   = [1; 1, 5, 4, 2, 305, 1, 8, 2, 1, 4, 6, 17, 5, 1, 5, 4, 6, 3, 7]
  phi   = [1; 1, 1, 1, 1, 1, 1, 1, 1, 1, 1, 1, 1, 1, 1, 1, 1, 1, 1, 1]
  sqrt2 = [1; 2, 2, 2, 2, 2, 2, 2, 2, 2, 2, 2, 2, 2, 2, 2, 2, 2, 2, 2]
  e     = [2; 1, 2, 1, 1, 4, 1, 1, 6, 1, 1, 8, 1, 1, 10, 1, 1, 12, 1, 1]
  pi    = [3; 7, 15, 1, 292, 1, 1, 1, 2, 1, 3, 1, 14, 3, 3, 23, 1, 1, 7, 4]

  OBSERVATIONS:
  - phi = [1; 1, 1, 1, 1, ...]: ALL ONES. The simplest irrational.
    The golden ratio is the LEAST well-approximated by rationals.
    Its continued fraction converges the SLOWEST of any number.
    phi is the MOST IRRATIONAL number.

  - tau = [1; 1, 5, 4, 2, 305, 1, 8...]: More complex than phi.
    The large coefficient 305 means tau has a GOOD rational
    approximation at that point. Tau is "more rational" than phi.

  - sqrt(2) = [1; 2, 2, 2, ...]: ALL TWOS. The simplest quadratic irrational
    after phi. Its rational approximants converge steadily.

  - e = [2; 1, 2, 1, 1, 4, 1, 1, 6, ...]: The pattern 1, 2k, 1, 1, 2k+2, ...
    e has a STRUCTURED continued fraction. The transcendental e
    has RATIONAL structure in its irrational expansion!

  - pi = [3; 7, 15, 1, 292, ...]: IRREGULAR. No pattern.
    pi is "more random" than e. Its continued fraction has
    occasional LARGE coefficients (292) that make it
    well-approximated by 355/113 = 3.14159292...

  THE SYMBIOSIS IN CONTINUED FRACTIONS:
  Each coefficient a_k is a NATURAL number (rational).
  The sequence [a_0; a_1, a_2, ...] encodes an IRRATIONAL number.
  The rational coefficients CONSTRUCT the irrational.
  The irrational ORGANIZES the rational coefficients.
  Neither exists without the other.

  RATIONAL CONVERGENTS OF TAU:
    1/1 = 1.0000000000  (error: 8.39e-01)
    2/1 = 2.0000000000  (error: 1.61e-01)
    11/6 = 1.8333333333  (error: 5.95e-03)
    46/25 = 1.8400000000  (error: 7.13e-04)
    103/56 = 1.8392857143  (error: 1.04e-06)
    31461/17105 = 1.8392867583  (error: 3.04e-09)
    31564/17161 = 1.8392867549  (error: 3.63e-10)
    283973/154393 = 1.8392867552  (error: 1.44e-11)

======================================================================
CHAPTER 3: THE BOOKEND THEOREM ŌĆö RATIONAL ENDPOINTS, IRRATIONAL GAP
======================================================================

  The BOOKEND THEOREM (from S106g):
  log_tau(21) - log_tau(7) = log_tau(3) Ōēł 1.803

  The forbidden values 7 and 21 are RATIONAL.
  Their SEPARATION in the tau tower is IRRATIONAL (log_tau(3)).
  But their RATIO is RATIONAL: 21/7 = 3.

  This is the essence of the symbiosis:
    RATIONAL endpoints ŌåÆ 7 and 21 (exact, computable)
    IRRATIONAL gap ŌåÆ log_tau(3) (continuous, structural)
    RATIONAL ratio ŌåÆ 3 (the cycle generator)

  The irrational gap ENCODES the rational ratio:
    log_tau(3) = ln(3)/ln(tau).
  The transcendental logarithm CONVERTS the rational 3 into
  an irrational distance. But the 3 is still "in there" ŌĆö
  you can recover it by exponentiating: tau^(log_tau(3)) = 3.

  THE ROUND-TRIP:
    3 (rational) ŌåÆ log_tau(3) (irrational) ŌåÆ tau^(log_tau(3)) = 3 (rational)

  Going through the irrational doesn't CHANGE the rational.
  It ENRICHES it with context (position in the tau tower)
  and then returns it exactly.

  This is like a PRISM: white light (rational) ŌåÆ spectrum (irrational) ŌåÆ white light.
  The prism REVEALS structure but doesn't alter content.

======================================================================
CHAPTER 4: HOW IRRATIONALS MAKE RATIONALS POSSIBLE
======================================================================

  Without irrationals, the rational structure of tournaments would be
  UNEXPLAINED. Consider:

  Q: Why is Var/Mean^2 = 1/3 at n=3,4?
  A: Because H is a degree-2 quadratic on the hypercube, and the
     integral of x^2 on [0,1] = 1/3. But this integral involves the
     CONTINUOUS real line (irrationals!) to evaluate.

  Q: Why are 7 and 21 forbidden?
  A: Because Phi_3(2) = 7 and Phi_3(4) = 21, and the cycle structure
     prevents certain independent set counts. But the PROOF uses
     properties of Phi_3 as a polynomial ŌĆö which exists over ALL of R
     (including irrationals), not just Z.

  Q: Why does max_H / mean_H ŌåÆ e?
  A: Because e = lim (1 + 1/n)^n. This limit exists ONLY in R (irrationals).
     The rational sequence (1+1/n)^n never reaches e, but it converges
     to it through R.

  Q: Why is tau^5 Ōēł 21?
  A: Because tau satisfies tau^3 = tau^2 + tau + 1, so
     tau^5 = tau^2 * (tau^2 + tau + 1) = tau^4 + tau^3 + tau^2.
     The near-integer property tau^5 Ōēł 21 is because tau is the
     real root of x^3 - x^2 - x - 1 = 0, and this polynomial
     has INTEGER coefficients that conspire to make powers of tau
     close to integers.

  THE MECHANISM: Integer coefficients in the minimal polynomial
  FORCE the irrational to stay close to integers.
  The rational world CONSTRAINS the irrational,
  and the irrational EXPLAINS the rational.

  HOW CLOSE tau powers are to integers:
  (The PV property ŌĆö Pisot-Vijayaraghavan)
    tau^ 1 =     1.839287  nearest int:     2  frac part:  -0.160713
    tau^ 2 =     3.382976  nearest int:     3  frac part:  +0.382976
    tau^ 3 =     6.222263  nearest int:     6  frac part:  +0.222263
    tau^ 4 =    11.444525  nearest int:    11  frac part:  +0.444525
    tau^ 5 =    21.049763  nearest int:    21  frac part:  +0.049763
    tau^ 6 =    38.716551  nearest int:    39  frac part:  -0.283449
    tau^ 7 =    71.210839  nearest int:    71  frac part:  +0.210839
    tau^ 8 =   130.977154  nearest int:   131  frac part:  -0.022846
    tau^ 9 =   240.904544  nearest int:   241  frac part:  -0.095456
    tau^10 =   443.092537  nearest int:   443  frac part:  +0.092537
    tau^11 =   814.974234  nearest int:   815  frac part:  -0.025766
    tau^12 =  1498.971314  nearest int:  1499  frac part:  -0.028686
    tau^13 =  2757.038084  nearest int:  2757  frac part:  +0.038084
    tau^14 =  5070.983632  nearest int:  5071  frac part:  -0.016368
    tau^15 =  9326.993031  nearest int:  9327  frac part:  -0.006969

  THE PV PROPERTY: The fractional parts of tau^k get SMALL!
  Not monotonically, but they oscillate and shrink.
  This is because tau is a PISOT NUMBER: an algebraic integer > 1
  whose conjugates (the other roots of x^3-x^2-x-1=0) have
  absolute value < 1.

  The conjugate roots: sigma Ōēł -0.420 ┬▒ 0.606i, |sigma| Ōēł 0.737.
  Since |sigma| < 1: sigma^k ŌåÆ 0 as k ŌåÆ inf.
  And tau^k + sigma^k + sigma_bar^k = integer (by Newton's identities).
  So tau^k = integer - sigma^k - sigma_bar^k Ōēł integer.

  THE SYMBIOSIS: The rational integers PULL the irrational tau^k
  toward them. The closer tau is to a Pisot number (it IS one!),
  the more strongly the integers attract its powers.
  The irrational dances AROUND the integers, pulled by them
  but never landing exactly.

======================================================================
CHAPTER 5: THE TAU-INTEGER NEAR-MISSES AS INFORMATION
======================================================================
  The signed fractional parts of tau^k carry INFORMATION:
  (positive = above integer, negative = below)
    tau^ 1: frac = -0.160713 (-)  ŌåÉ near 2
    tau^ 2: frac = +0.382976 (+)  ŌåÉ near 3
    tau^ 3: frac = +0.222263 (+)  ŌåÉ near 6
    tau^ 4: frac = +0.444525 (+)  ŌåÉ near 11
    tau^ 5: frac = +0.049763 (+)  ŌåÉ near 21
    tau^ 6: frac = -0.283449 (-)
    tau^ 7: frac = +0.210839 (+)
    tau^ 8: frac = -0.022846 (-)  ŌåÉ near 131
    tau^ 9: frac = -0.095456 (-)  ŌåÉ near 241
    tau^10: frac = +0.092537 (+)  ŌåÉ near 443
    tau^11: frac = -0.025766 (-)  ŌåÉ near 815
    tau^12: frac = -0.028686 (-)  ŌåÉ near 1499
    tau^13: frac = +0.038084 (+)
    tau^14: frac = -0.016368 (-)
    tau^15: frac = -0.006969 (-)
    tau^16: frac = +0.014748 (+)
    tau^17: frac = -0.008589 (-)
    tau^18: frac = -0.000810 (-)
    tau^19: frac = +0.005349 (+)

  Sign sequence: -++++-+--+--+--+--+
  Pattern: -++++-+--+--

  The sign sequence tells us whether tau^k OVERSHOOTS or UNDERSHOOTS
  the nearest integer. This sequence is NOT random ŌĆö it has structure
  determined by the continued fraction of tau.

  When the fractional part is SMALL (close to 0):
    tau^k Ōēł integer very precisely ŌåÆ the integer is "attracted"
    Examples: tau^5 Ōēł 21 (frac = +0.05), tau^8 Ōēł 131 (frac = -0.02)

  When the fractional part is LARGE (close to ┬▒0.5):
    tau^k is between integers ŌåÆ the number is "repelled"
    Examples: tau^4 Ōēł 11.44 (frac = +0.44)

  THE ATTRACTED integers are TOURNAMENT-SIGNIFICANT:
    21 (attracted by tau^5) = second forbidden
    131 (attracted by tau^8) = numerator of Var/Mean^2 at n=7!
    241 (attracted by tau^9) = near tau^9, the heartbeat boundary

  The REPELLED integers are TOURNAMENT-INVISIBLE:
    11-12 (repelled by tau^4) = neither is a key tournament number

  THE SYMBIOSIS: The irrational tau SELECTS which rational integers
  are "important" by attracting some and repelling others.
  The attracted integers become the LANDMARKS of tournament theory.

  CHECK: Var/Mean^2 at n=7 = 131/504
  131 = round(tau^8) = round(130.9772) = 131
  504 = T(12) (tribonacci number)
  BOTH the numerator AND denominator of the n=7 variance ratio
  are tau-attracted integers!
  131 Ōēł tau^8, 504 = T(12) = tau^12 - ...
  504/tau^12 = 0.336231 (close to 1/3 = 0.333333!)
  WOW: 504 Ōēł tau^12 / 3! The tribonacci number is tau^12 / Phi_3(1)!
  tau^12 = 1498.9713
  tau^12 / 3 = 499.6571
  Actual T(12) = 504
  tau^12/3 = 499.6571, difference from 504: -4.3429

======================================================================
CHAPTER 6: THE DEEPEST SYMBIOSIS ŌĆö ALGEBRAIC + TRANSCENDENTAL
======================================================================

  The deepest symbiosis is between ALGEBRAIC irrationals (tau, phi, sqrt(p))
  and TRANSCENDENTAL numbers (e, pi, ln 2).

  ALGEBRAIC irrationals solve polynomial equations with rational coefficients.
  They are "constructible" from the rationals by a finite process.
  tau satisfies x^3 - x^2 - x - 1 = 0 (a FINITE equation).

  TRANSCENDENTAL numbers solve NO polynomial equation.
  They require INFINITE processes (limits, series, integrals).
  e = lim (1+1/n)^n (an INFINITE limit).
  pi = 4*(1 - 1/3 + 1/5 - ...) (an INFINITE series).

  HOW THEY WORK TOGETHER:

  1. STIRLING'S FORMULA: n! ~ sqrt(2*pi*n) * (n/e)^n
     The factorial (rational) is approximated by a product of
     pi (transcendental) and e (transcendental).
     Mean(H) = n!/2^(n-1) involves the SAME approximation.
     So the RATIONAL mean of H is the RATIO of two TRANSCENDENTALS.

  2. THE SZELE LIMIT: max_H/mean_H ŌåÆ e
     A sequence of RATIONALS (max_H(n)/mean_H(n)) converges to
     the TRANSCENDENTAL e. The algebraic tau controls the RATE
     of convergence (through the tribonacci growth rate).
     Algebraic rate, transcendental limit, rational values.

  3. THE FOURIER ENERGY: E_2/E_0 = 2(n-2)/(n(n-1))
     This RATIONAL formula comes from summing SQUARED Fourier
     coefficients. The Fourier transform uses e^(2*pi*i*k/N)
     (TRANSCENDENTAL basis), but the sum comes out RATIONAL.
     The transcendental basis CONSPIRES to produce rational sums.

  4. THE INFORMATION RATE: I(T;H)/m Ōēł 0.27
     This involves entropy: H_info = -sum p*log(p) (TRANSCENDENTAL).
     The mutual information uses LOG (transcendental function).
     But the result Ōēł 0.27 is approximately RATIONAL.
     ln(4/3) = 0.2877... (close to the info rate!).
     And 4/3 = 1 + 1/3 = 1 + the cone ratio.

  THE GRAND SYMBIOSIS:
    RATIONAL numbers provide the DISCRETE VALUES (H, n, alpha_k).
    ALGEBRAIC irrationals provide the GROWTH RATES (tau, phi, sqrt(p)).
    TRANSCENDENTAL numbers provide the LIMITS (e, pi, ln 2).

  Each type serves a DIFFERENT FUNCTION:
    Rationals = the SKELETON (the bones, the exact measurements).
    Algebraics = the MUSCLES (the dynamics, the growth).
    Transcendentals = the NERVOUS SYSTEM (the limits, the optimization).

  A body needs all three. Remove any one and the organism dies.
  Without rationals: no exact H values, no counting.
  Without algebraics: no growth rate, no tribonacci heartbeat.
  Without transcendentals: no efficiency limit, no optimization.
  

======================================================================
CHAPTER 7: THE EQUATION THAT UNITES THEM ALL
======================================================================

  Is there ONE equation that expresses the symbiosis?

  CANDIDATE: tau^3 = Phi_3(tau) = tau^2 + tau + 1

  This equation involves:
    tau (IRRATIONAL, algebraic) ŌĆö the growth rate
    3 (RATIONAL, natural) ŌĆö the exponent, the cycle
    Phi_3 (a polynomial with RATIONAL coefficients) ŌĆö the structure
    1 (RATIONAL) ŌĆö the ground state, the identity

  The equation SAYS: the irrational tau, when cubed (rational operation),
  equals a polynomial with rational coefficients evaluated at itself.
  The rational and irrational are SELF-CONSISTENT.
  tau is defined BY the rationals (the polynomial coefficients),
  and the rationals are ORGANIZED BY tau (the heartbeat).

  ANOTHER CANDIDATE: 360 = (5/3) * 6^3

  This is PURELY rational. But it encodes the irrational:
    360 Ōēł (3/2) * tau^9
  The same number has a rational form AND an irrational form,
  and the TWO FORMS are connected by:
    (5/3) * 6^3 Ōēł (3/2) * tau^9
    (5/3) * 6^3 / ((3/2) * tau^9) = 1.00377...
    The error is 0.377% ŌĆö close but not exact.

  THE BEST CANDIDATE: Var/Mean^2 at n=7 = 131/504

  131 Ōēł tau^8 (algebraic irrational proximity)
  504 = T(12) (tribonacci, defined by tau)
  131/504 (rational)
  Ōēł tau^8 / T(12) (irrational / irrational)
  Ōēł tau^8 / (tau^12/3) (using T(12) Ōēł tau^12/3)
  Ōēł 3/tau^4 (simplification!)
  Ōēł 3/11.44 = 0.2623 (vs actual 0.2599)

  Close but not exact. The symbiosis is approximate, not algebraic.

  FINAL ANSWER: The symbiosis has no single equation.
  It is a RELATIONSHIP, not a formula.
  Rational and irrational numbers are like FIGURE and GROUND
  in a Gestalt image: each defines the other's boundary,
  and the meaning lives in their interaction, not in either alone.

  In tournament theory:
    The rationals provide the WHAT (H = 7 is forbidden).
    The irrationals provide the WHY (7 Ōēł tau^3 is the heartbeat boundary).
    Together they provide the UNDERSTANDING (Phi_3(2) = 7 because
    tau^3 = Phi_3(tau) and 2 > tau, pushing past the heartbeat).

  2 > tau. That's the key inequality. The rational generator (2)
  EXCEEDS the irrational growth rate (tau). This is why tournaments
  are "too rich" for simple description: binary choices grow FASTER
  than the tribonacci can organize them. The excess creates structure
  (cycles, forbidden values, Fourier energy) ŌĆö and that structure
  is where the mathematics lives.
  

======================================================================
DONE ŌĆö RATIONAL AND IRRATIONAL ARE FIGURE AND GROUND
======================================================================
