
======================================================================
RELATIVE BETTI ANALYSIS AT n=7
======================================================================
  100 (T,v) pairs, 70.0s
  dim(C_2^rel): min=15, max=19, mean=17.1
  dim(C_3^rel): min=19, max=37, mean=27.7
  dim(C_4^rel): min=12, max=40, mean=25.0
  dim(C_5^rel): min=3, max=25, mean=12.1
  dim(C_6^rel): min=0, max=8, mean=2.7
  β_3(T): {1: 100},  β_3(T\v): {1: 100}

  χ(T,T\v) = χ(T)-χ(T\v): {5: 100}

======================================================================
RELATIVE BETTI ANALYSIS AT n=8
======================================================================
  50 (T,v) pairs, 74.1s
  dim(C_2^rel): min=22, max=29, mean=24.8
  dim(C_3^rel): min=38, max=79, mean=54.1
  dim(C_4^rel): min=37, max=129, mean=73.7
  dim(C_5^rel): min=21, max=123, mean=60.7
  dim(C_6^rel): min=7, max=65, mean=27.7
  β_3(T): {1: 50},  β_3(T\v): {1: 50}
  β_6(T): {2: 9, 6: 6, 4: 5, 3: 6, 1: 3, 9: 5, 8: 7, 15: 2, 12: 1, 7: 2, 5: 4},  β_6(T\v): {0: 50}

  χ(T,T\v) = χ(T)-χ(T\v): {7: 3, 8: 9, 9: 6, 10: 5, 11: 4, 12: 6, 13: 2, 14: 7, 15: 5, 18: 1, 21: 2}

DONE.
