======================================================================
RELATIVE H_3 STRUCTURE — Why dim H_3(T, T\v) <= 1
======================================================================

--- Part 1: Relative complex at n=6, beta_3>0 tournaments ---
  Relative Omega dimension profiles (Omega_0^rel,...,Omega_5^rel):
    (1, 5, 12, 16, 10, 2): 2880
    (1, 5, 13, 23, 21, 7): 1440
    (1, 5, 12, 21, 20, 7): 1440
    (1, 5, 12, 18, 17, 7): 1440
    (1, 5, 12, 17, 11, 2): 1440
    (1, 5, 11, 13, 9, 2): 1440
    (1, 5, 11, 10, 6, 2): 1440
    (1, 5, 13, 17, 11, 2): 1440
    (1, 5, 14, 26, 25, 9): 1440
    (1, 5, 12, 14, 8, 3): 1440
    (1, 5, 9, 6, 0, 0): 480

  (dims, ranks) profiles:
    dims=(1, 5, 12, 16, 10, 2), ranks=(1, 4, 8, 8, 2), ker_d3=8, im_d4=8, H_3=0: 2880
    dims=(1, 5, 13, 23, 21, 7), ranks=(1, 4, 9, 14, 7), ker_d3=14, im_d4=14, H_3=0: 1440
    dims=(1, 5, 12, 21, 20, 7), ranks=(1, 4, 8, 13, 7), ker_d3=13, im_d4=13, H_3=0: 1440
    dims=(1, 5, 12, 18, 17, 7), ranks=(1, 4, 8, 10, 7), ker_d3=10, im_d4=10, H_3=0: 1440
    dims=(1, 5, 12, 17, 11, 2), ranks=(1, 4, 8, 9, 2), ker_d3=9, im_d4=9, H_3=0: 1440
    dims=(1, 5, 11, 13, 9, 2), ranks=(1, 4, 6, 7, 2), ker_d3=7, im_d4=7, H_3=0: 1440
    dims=(1, 5, 11, 10, 6, 2), ranks=(1, 4, 6, 4, 2), ker_d3=4, im_d4=4, H_3=0: 1440
    dims=(1, 5, 13, 17, 11, 2), ranks=(1, 4, 8, 9, 2), ker_d3=9, im_d4=9, H_3=0: 1440
    dims=(1, 5, 14, 26, 25, 9), ranks=(1, 4, 10, 16, 9), ker_d3=16, im_d4=16, H_3=0: 1440
    dims=(1, 5, 12, 14, 8, 3), ranks=(1, 4, 8, 5, 3), ker_d3=6, im_d4=5, H_3=1: 1440
    dims=(1, 5, 9, 6, 0, 0), ranks=(1, 4, 5, 0, 0), ker_d3=1, im_d4=0, H_3=1: 480

--- Part 2: Position of v in through-v allowed 3-paths at n=6 ---
  Position of v in through-v 3-paths (first 10 Type B tournaments):
    position 0: 630
    position 1: 630
    position 2: 630
    position 3: 630

--- Part 3: Relative complex at n=7, beta_3>0 tournaments ---
  n=7: 100/300 done, 100 with beta_3>0
  n=7: 200/300 done, 200 with beta_3>0
  n=7: 300/300 done, 300 with beta_3>0

  beta_3>0: 300/300
  Relative Omega dims (v=0):
    (1, 6, 15, 20, 15, 6): 16
    (1, 6, 16, 23, 18, 7): 15
    (1, 6, 16, 22, 16, 6): 7
    (1, 6, 15, 19, 13, 5): 5
    (1, 6, 15, 18, 12, 5): 4
    (1, 6, 17, 25, 19, 8): 4
    (1, 6, 15, 19, 12, 3): 4
    (1, 6, 18, 28, 22, 9): 4
    (1, 6, 16, 24, 21, 10): 4
    (1, 6, 15, 17, 9, 2): 4
    (1, 6, 16, 21, 13, 3): 4
    (1, 6, 16, 22, 15, 4): 4
    (1, 6, 15, 18, 10, 2): 3
    (1, 6, 15, 17, 12, 5): 3
    (1, 6, 16, 22, 20, 12): 3
    (1, 6, 16, 23, 19, 9): 3
    (1, 6, 16, 21, 15, 7): 3
    (1, 6, 14, 18, 13, 5): 3
    (1, 6, 16, 23, 21, 12): 3
    (1, 6, 20, 42, 48, 26): 3
    (1, 6, 18, 32, 32, 17): 3
    (1, 6, 20, 46, 67, 50): 3
    (1, 6, 17, 25, 20, 10): 3
    (1, 6, 15, 19, 14, 6): 3
    (1, 6, 16, 21, 15, 6): 3
    (1, 6, 18, 32, 33, 18): 3
    (1, 6, 18, 31, 30, 15): 3
    (1, 6, 18, 33, 37, 23): 3
    (1, 6, 16, 24, 24, 15): 2
    (1, 6, 18, 32, 34, 20): 2
    (1, 6, 18, 31, 30, 14): 2
    (1, 6, 17, 28, 29, 17): 2
    (1, 6, 15, 20, 14, 4): 2
    (1, 6, 16, 24, 20, 8): 2
    (1, 6, 19, 36, 38, 21): 2
    (1, 6, 14, 16, 9, 2): 2
    (1, 6, 19, 34, 34, 19): 2
    (1, 6, 17, 25, 22, 11): 2
    (1, 6, 16, 23, 19, 8): 2
    (1, 6, 17, 26, 21, 9): 2
    (1, 6, 15, 18, 14, 6): 2
    (1, 6, 15, 20, 17, 9): 2
    (1, 6, 17, 33, 41, 27): 2
    (1, 6, 14, 19, 12, 3): 2
    (1, 6, 15, 18, 11, 3): 2
    (1, 6, 16, 21, 12, 2): 2
    (1, 6, 17, 27, 24, 11): 2
    (1, 6, 19, 33, 27, 10): 2
    (1, 6, 16, 21, 14, 5): 2
    (1, 6, 14, 18, 14, 6): 2
    (1, 6, 17, 26, 21, 8): 2
    (1, 6, 18, 30, 28, 14): 2
    (1, 6, 17, 26, 22, 9): 2
    (1, 6, 16, 22, 19, 10): 2
    (1, 6, 17, 26, 20, 7): 2
    (1, 6, 16, 23, 20, 10): 2
    (1, 6, 16, 20, 12, 3): 2
    (1, 6, 16, 22, 17, 8): 2
    (1, 6, 17, 24, 15, 3): 2
    (1, 6, 18, 30, 30, 17): 2
    (1, 6, 18, 25, 19, 7): 1
    (1, 6, 18, 28, 22, 10): 1
    (1, 6, 18, 30, 29, 16): 1
    (1, 6, 19, 33, 34, 19): 1
    (1, 6, 20, 40, 48, 27): 1
    (1, 6, 18, 30, 27, 14): 1
    (1, 6, 17, 24, 18, 8): 1
    (1, 6, 16, 22, 18, 8): 1
    (1, 6, 17, 28, 27, 14): 1
    (1, 6, 18, 32, 32, 16): 1
    (1, 6, 16, 22, 17, 7): 1
    (1, 6, 18, 27, 22, 9): 1
    (1, 6, 18, 30, 28, 13): 1
    (1, 6, 17, 28, 30, 18): 1
    (1, 6, 18, 33, 37, 22): 1
    (1, 6, 20, 37, 36, 19): 1
    (1, 6, 18, 30, 30, 18): 1
    (1, 6, 16, 20, 11, 2): 1
    (1, 6, 18, 29, 25, 11): 1
    (1, 6, 16, 24, 22, 11): 1
    (1, 6, 15, 19, 15, 6): 1
    (1, 6, 18, 30, 32, 19): 1
    (1, 6, 16, 20, 18, 12): 1
    (1, 6, 17, 26, 22, 10): 1
    (1, 6, 17, 25, 19, 7): 1
    (1, 6, 16, 20, 13, 5): 1
    (1, 6, 19, 42, 59, 44): 1
    (1, 6, 17, 24, 16, 4): 1
    (1, 6, 15, 19, 11, 2): 1
    (1, 6, 18, 34, 40, 25): 1
    (1, 6, 17, 27, 34, 29): 1
    (1, 6, 16, 23, 18, 8): 1
    (1, 6, 20, 38, 40, 21): 1
    (1, 6, 18, 33, 39, 27): 1
    (1, 6, 19, 40, 53, 37): 1
    (1, 6, 17, 30, 36, 25): 1
    (1, 6, 15, 21, 20, 11): 1
    (1, 6, 18, 31, 29, 14): 1
    (1, 6, 17, 21, 14, 5): 1
    (1, 6, 17, 24, 18, 7): 1
    (1, 6, 16, 19, 10, 2): 1
    (1, 6, 18, 27, 22, 11): 1
    (1, 6, 17, 25, 18, 5): 1
    (1, 6, 20, 44, 57, 38): 1
    (1, 6, 16, 24, 27, 18): 1
    (1, 6, 18, 30, 25, 11): 1
    (1, 6, 18, 30, 38, 26): 1
    (1, 6, 16, 26, 28, 17): 1
    (1, 6, 19, 34, 34, 17): 1
    (1, 6, 16, 22, 15, 6): 1
    (1, 6, 17, 27, 28, 18): 1
    (1, 6, 19, 38, 50, 36): 1
    (1, 6, 18, 30, 27, 12): 1
    (1, 6, 16, 19, 12, 3): 1
    (1, 6, 20, 42, 48, 27): 1
    (1, 6, 18, 27, 21, 10): 1
    (1, 6, 18, 30, 29, 15): 1
    (1, 6, 16, 23, 23, 13): 1
    (1, 6, 16, 22, 20, 13): 1
    (1, 6, 15, 20, 20, 14): 1
    (1, 6, 17, 25, 20, 8): 1
    (1, 6, 18, 31, 30, 16): 1
    (1, 6, 16, 18, 10, 2): 1
    (1, 6, 19, 35, 35, 19): 1
    (1, 6, 19, 35, 36, 22): 1
    (1, 6, 17, 26, 29, 20): 1
    (1, 6, 17, 23, 15, 4): 1
    (1, 6, 20, 34, 32, 17): 1
    (1, 6, 18, 34, 41, 26): 1
    (1, 6, 16, 22, 18, 10): 1
    (1, 6, 16, 23, 21, 13): 1
    (1, 6, 19, 33, 30, 13): 1
    (1, 6, 14, 16, 9, 3): 1
    (1, 6, 15, 20, 18, 9): 1
    (1, 6, 18, 29, 26, 12): 1
    (1, 6, 16, 20, 12, 4): 1
    (1, 6, 20, 36, 35, 19): 1
    (1, 6, 15, 21, 20, 10): 1
    (1, 6, 16, 22, 15, 5): 1
    (1, 6, 15, 18, 10, 3): 1
    (1, 6, 18, 32, 34, 19): 1
    (1, 6, 16, 21, 16, 8): 1
    (1, 6, 16, 24, 23, 13): 1
    (1, 6, 17, 26, 25, 14): 1
    (1, 6, 16, 23, 22, 12): 1
    (1, 6, 17, 26, 23, 11): 1
    (1, 6, 20, 44, 56, 33): 1
    (1, 6, 17, 28, 29, 15): 1
    (1, 6, 17, 28, 22, 9): 1
    (1, 6, 18, 30, 29, 17): 1
    (1, 6, 16, 23, 17, 7): 1
    (1, 6, 17, 29, 30, 17): 1
    (1, 6, 17, 27, 23, 9): 1
    (1, 6, 18, 28, 23, 10): 1
    (1, 6, 18, 34, 36, 19): 1
    (1, 6, 19, 34, 29, 9): 1
    (1, 6, 18, 31, 33, 20): 1
    (1, 6, 15, 18, 9, 1): 1
    (1, 6, 17, 25, 23, 10): 1
    (1, 6, 16, 20, 14, 4): 1
    (1, 6, 17, 21, 14, 4): 1
    (1, 6, 19, 33, 27, 11): 1
    (1, 6, 18, 28, 24, 11): 1
    (1, 6, 18, 29, 29, 17): 1
    (1, 6, 18, 31, 28, 13): 1
    (1, 6, 19, 34, 31, 13): 1
    (1, 6, 18, 32, 31, 14): 1
    (1, 6, 16, 24, 19, 6): 1
    (1, 6, 19, 38, 48, 30): 1
    (1, 6, 19, 35, 37, 20): 1
    (1, 6, 19, 38, 46, 28): 1
    (1, 6, 18, 31, 27, 11): 1
    (1, 6, 17, 24, 21, 10): 1

--- Part 4: Key dimensional ratios at n=6 ---
  scores=(1, 1, 1, 4, 4, 4), (d2,d3,d4)=(9,6,0): H_3 dist={1: 480}
  scores=(2, 2, 2, 3, 3, 3), (d2,d3,d4)=(11,10,6): H_3 dist={0: 1440}
  scores=(2, 2, 2, 3, 3, 3), (d2,d3,d4)=(11,13,9): H_3 dist={0: 1440}
  scores=(2, 2, 2, 3, 3, 3), (d2,d3,d4)=(12,14,8): H_3 dist={1: 1440}
  scores=(2, 2, 2, 3, 3, 3), (d2,d3,d4)=(12,16,10): H_3 dist={0: 2880}
  scores=(2, 2, 2, 3, 3, 3), (d2,d3,d4)=(12,17,11): H_3 dist={0: 1440}
  scores=(2, 2, 2, 3, 3, 3), (d2,d3,d4)=(12,18,17): H_3 dist={0: 1440}
  scores=(2, 2, 2, 3, 3, 3), (d2,d3,d4)=(12,21,20): H_3 dist={0: 1440}
  scores=(2, 2, 2, 3, 3, 3), (d2,d3,d4)=(13,17,11): H_3 dist={0: 1440}
  scores=(2, 2, 2, 3, 3, 3), (d2,d3,d4)=(13,23,21): H_3 dist={0: 1440}
  scores=(2, 2, 2, 3, 3, 3), (d2,d3,d4)=(14,26,25): H_3 dist={0: 1440}

--- Part 5: Sanity check — relative complex for transitive tournament ---
  v=0: dims={0: 1, 1: 5, 2: 10, 3: 10, 4: 5, 5: 1}, bettis={0: 0, 1: 0, 2: 0, 3: 0, 4: 0, 5: 0}
  v=1: dims={0: 1, 1: 5, 2: 10, 3: 10, 4: 5, 5: 1}, bettis={0: 0, 1: 0, 2: 0, 3: 0, 4: 0, 5: 0}
  v=2: dims={0: 1, 1: 5, 2: 10, 3: 10, 4: 5, 5: 1}, bettis={0: 0, 1: 0, 2: 0, 3: 0, 4: 0, 5: 0}
  v=3: dims={0: 1, 1: 5, 2: 10, 3: 10, 4: 5, 5: 1}, bettis={0: 0, 1: 0, 2: 0, 3: 0, 4: 0, 5: 0}
  v=4: dims={0: 1, 1: 5, 2: 10, 3: 10, 4: 5, 5: 1}, bettis={0: 0, 1: 0, 2: 0, 3: 0, 4: 0, 5: 0}
  v=5: dims={0: 1, 1: 5, 2: 10, 3: 10, 4: 5, 5: 1}, bettis={0: 0, 1: 0, 2: 0, 3: 0, 4: 0, 5: 0}

DONE.
