======================================================================
RESONANCE-FOURIER BRIDGE at p=7
======================================================================
  Gauss sum: g = 0.0000 + 2.6458i
  |g|^2 = 7.0000 (should be 7)
  g^2 = -7.0000 + 0.0000i (should be -7)

  S_hat(t) for Paley (QR=[1, 2, 4]...):
    t=0: S_hat=  3.0000+  0.0000i, chi(t)=+0, |S_hat|^2=  9.0000, pred_match=Y
    t=1: S_hat= -0.5000+  1.3229i, chi(t)=+1, |S_hat|^2=  2.0000, pred_match=Y
    t=2: S_hat= -0.5000+  1.3229i, chi(t)=+1, |S_hat|^2=  2.0000, pred_match=Y
    t=3: S_hat= -0.5000+ -1.3229i, chi(t)=-1, |S_hat|^2=  2.0000, pred_match=Y
    t=4: S_hat= -0.5000+  1.3229i, chi(t)=+1, |S_hat|^2=  2.0000, pred_match=Y
    t=5: S_hat= -0.5000+ -1.3229i, chi(t)=-1, |S_hat|^2=  2.0000, pred_match=Y
    t=6: S_hat= -0.5000+ -1.3229i, chi(t)=-1, |S_hat|^2=  2.0000, pred_match=Y

  Resonance structure:
    (0,1) gaps=(1,2): q=3, chi(q)=-1, chi(ab)=+1, chi(b/a)=+1, rel=1=-3*2
    (0,2) gaps=(1,3): q=3, chi(q)=-1, chi(ab)=-1, chi(b/a)=-1, rel=3*1=3
    (1,2) gaps=(2,3): q=3, chi(q)=-1, chi(ab)=-1, chi(b/a)=-1, rel=2=3*3
======================================================================
RESONANCE-FOURIER BRIDGE at p=11
======================================================================
  Gauss sum: g = 0.0000 + 3.3166i
  |g|^2 = 11.0000 (should be 11)
  g^2 = -11.0000 + 0.0000i (should be -11)

  S_hat(t) for Paley (QR=[1, 3, 4, 5]...):
    t=0: S_hat=  5.0000+  0.0000i, chi(t)=+0, |S_hat|^2= 25.0000, pred_match=Y
    t=1: S_hat= -0.5000+  1.6583i, chi(t)=+1, |S_hat|^2=  3.0000, pred_match=Y
    t=2: S_hat= -0.5000+ -1.6583i, chi(t)=-1, |S_hat|^2=  3.0000, pred_match=Y
    t=3: S_hat= -0.5000+  1.6583i, chi(t)=+1, |S_hat|^2=  3.0000, pred_match=Y
    t=4: S_hat= -0.5000+  1.6583i, chi(t)=+1, |S_hat|^2=  3.0000, pred_match=Y
    t=5: S_hat= -0.5000+  1.6583i, chi(t)=+1, |S_hat|^2=  3.0000, pred_match=Y
    t=6: S_hat= -0.5000+ -1.6583i, chi(t)=-1, |S_hat|^2=  3.0000, pred_match=Y
    t=7: S_hat= -0.5000+ -1.6583i, chi(t)=-1, |S_hat|^2=  3.0000, pred_match=Y

  Resonance structure:
    (0,1) gaps=(1,2): q=5, chi(q)=+1, chi(ab)=-1, chi(b/a)=-1, rel=1=-5*2
    (0,2) gaps=(1,3): q=3, chi(q)=+1, chi(ab)=+1, chi(b/a)=+1, rel=3*1=3
    (0,3) gaps=(1,4): q=3, chi(q)=+1, chi(ab)=+1, chi(b/a)=+1, rel=1=3*4
    (0,4) gaps=(1,5): q=5, chi(q)=+1, chi(ab)=+1, chi(b/a)=+1, rel=5*1=5
    (1,2) gaps=(2,3): q=3, chi(q)=+1, chi(ab)=-1, chi(b/a)=-1, rel=2=-3*3
    (1,3) gaps=(2,4): q=5, chi(q)=+1, chi(ab)=-1, chi(b/a)=-1, rel=2=-5*4
    (1,4) gaps=(2,5): q=3, chi(q)=+1, chi(ab)=-1, chi(b/a)=-1, rel=3*2=-5
    (2,3) gaps=(3,4): q=5, chi(q)=+1, chi(ab)=+1, chi(b/a)=+1, rel=5*3=4
    (2,4) gaps=(3,5): q=5, chi(q)=+1, chi(ab)=+1, chi(b/a)=+1, rel=3=5*5
    (3,4) gaps=(4,5): q=3, chi(q)=+1, chi(ab)=+1, chi(b/a)=+1, rel=4=3*5

  q=3 vs q=5 at p=11:

    q=3 pairs:
      (0,2) gaps=(1,3), chi(ab)=+1, sum(sin*sin)=-0.0000
      (0,3) gaps=(1,4), chi(ab)=+1, sum(sin*sin)=-0.0000
      (1,2) gaps=(2,3), chi(ab)=-1, sum(sin*sin)=0.0000
      (1,4) gaps=(2,5), chi(ab)=-1, sum(sin*sin)=0.0000
      (3,4) gaps=(4,5), chi(ab)=+1, sum(sin*sin)=0.0000

    q=5 pairs:
      (0,1) gaps=(1,2), chi(ab)=-1, sum(sin*sin)=0.0000
      (0,4) gaps=(1,5), chi(ab)=+1, sum(sin*sin)=0.0000
      (1,3) gaps=(2,4), chi(ab)=-1, sum(sin*sin)=0.0000
      (2,3) gaps=(3,4), chi(ab)=+1, sum(sin*sin)=-0.0000
      (2,4) gaps=(3,5), chi(ab)=+1, sum(sin*sin)=0.0000
======================================================================
RESONANCE-FOURIER BRIDGE at p=13
======================================================================
  Gauss sum: g = 3.6056 + 0.0000i
  |g|^2 = 13.0000 (should be 13)
  g^2 = 13.0000 + 0.0000i (should be +13)

  S_hat(t) for Paley (QR=[1, 3, 4, 9]...):
    t=0: S_hat=  6.0000+  0.0000i, chi(t)=+0, |S_hat|^2= 36.0000, pred_match=Y
    t=1: S_hat=  1.3028+ -0.0000i, chi(t)=+1, |S_hat|^2=  1.6972, pred_match=Y
    t=2: S_hat= -2.3028+  0.0000i, chi(t)=-1, |S_hat|^2=  5.3028, pred_match=Y
    t=3: S_hat=  1.3028+ -0.0000i, chi(t)=+1, |S_hat|^2=  1.6972, pred_match=Y
    t=4: S_hat=  1.3028+ -0.0000i, chi(t)=+1, |S_hat|^2=  1.6972, pred_match=Y
    t=5: S_hat= -2.3028+  0.0000i, chi(t)=-1, |S_hat|^2=  5.3028, pred_match=Y
    t=6: S_hat= -2.3028+  0.0000i, chi(t)=-1, |S_hat|^2=  5.3028, pred_match=Y
    t=7: S_hat= -2.3028+  0.0000i, chi(t)=-1, |S_hat|^2=  5.3028, pred_match=Y

  Resonance structure:
    (0,1) gaps=(1,2): q=7, chi(q)=-1, chi(ab)=-1, chi(b/a)=-1, rel=1=7*2
    (0,2) gaps=(1,3): q=3, chi(q)=+1, chi(ab)=+1, chi(b/a)=+1, rel=3*1=3
    (0,3) gaps=(1,4): q=3, chi(q)=+1, chi(ab)=+1, chi(b/a)=+1, rel=1=-3*4
    (0,4) gaps=(1,5): q=5, chi(q)=-1, chi(ab)=-1, chi(b/a)=-1, rel=5*1=5
    (0,5) gaps=(1,6): q=7, chi(q)=-1, chi(ab)=-1, chi(b/a)=-1, rel=7*1=-6
    (1,2) gaps=(2,3): q=5, chi(q)=-1, chi(ab)=-1, chi(b/a)=-1, rel=5*2=-3
    (1,3) gaps=(2,4): q=7, chi(q)=-1, chi(ab)=-1, chi(b/a)=-1, rel=2=7*4
    (1,4) gaps=(2,5): q=3, chi(q)=+1, chi(ab)=+1, chi(b/a)=+1, rel=2=3*5
    (1,5) gaps=(2,6): q=3, chi(q)=+1, chi(ab)=+1, chi(b/a)=+1, rel=3*2=6
    (2,3) gaps=(3,4): q=3, chi(q)=+1, chi(ab)=+1, chi(b/a)=+1, rel=3*3=-4
    (2,4) gaps=(3,5): q=7, chi(q)=-1, chi(ab)=-1, chi(b/a)=-1, rel=7*3=-5
    (2,5) gaps=(3,6): q=7, chi(q)=-1, chi(ab)=-1, chi(b/a)=-1, rel=3=7*6
    (3,4) gaps=(4,5): q=7, chi(q)=-1, chi(ab)=-1, chi(b/a)=-1, rel=4=-7*5
    (3,5) gaps=(4,6): q=5, chi(q)=-1, chi(ab)=-1, chi(b/a)=-1, rel=5*4=-6
    (4,5) gaps=(5,6): q=3, chi(q)=+1, chi(ab)=+1, chi(b/a)=+1, rel=5=3*6
======================================================================
RESONANCE-FOURIER BRIDGE at p=17
======================================================================
  Gauss sum: g = 4.1231 + -0.0000i
  |g|^2 = 17.0000 (should be 17)
  g^2 = 17.0000 + -0.0000i (should be +17)

  S_hat(t) for Paley (QR=[1, 2, 4, 8]...):
    t=0: S_hat=  8.0000+  0.0000i, chi(t)=+0, |S_hat|^2= 64.0000, pred_match=Y
    t=1: S_hat=  1.5616+  0.0000i, chi(t)=+1, |S_hat|^2=  2.4384, pred_match=Y
    t=2: S_hat=  1.5616+  0.0000i, chi(t)=+1, |S_hat|^2=  2.4384, pred_match=Y
    t=3: S_hat= -2.5616+ -0.0000i, chi(t)=-1, |S_hat|^2=  6.5616, pred_match=Y
    t=4: S_hat=  1.5616+  0.0000i, chi(t)=+1, |S_hat|^2=  2.4384, pred_match=Y
    t=5: S_hat= -2.5616+ -0.0000i, chi(t)=-1, |S_hat|^2=  6.5616, pred_match=Y
    t=6: S_hat= -2.5616+ -0.0000i, chi(t)=-1, |S_hat|^2=  6.5616, pred_match=Y
    t=7: S_hat= -2.5616+ -0.0000i, chi(t)=-1, |S_hat|^2=  6.5616, pred_match=Y

  Resonance structure:
    (0,1) gaps=(1,2): q=9, chi(q)=+1, chi(ab)=+1, chi(b/a)=+1, rel=1=9*2
    (0,2) gaps=(1,3): q=3, chi(q)=-1, chi(ab)=-1, chi(b/a)=-1, rel=3*1=3
    (0,3) gaps=(1,4): q=13, chi(q)=+1, chi(ab)=+1, chi(b/a)=+1, rel=13*1=-4
    (0,4) gaps=(1,5): q=5, chi(q)=-1, chi(ab)=-1, chi(b/a)=-1, rel=5*1=5
    (0,5) gaps=(1,6): q=3, chi(q)=-1, chi(ab)=-1, chi(b/a)=-1, rel=1=3*6
    (0,6) gaps=(1,7): q=5, chi(q)=-1, chi(ab)=-1, chi(b/a)=-1, rel=1=5*7
    (0,7) gaps=(1,8): q=9, chi(q)=+1, chi(ab)=+1, chi(b/a)=+1, rel=9*1=-8
    (1,2) gaps=(2,3): q=5, chi(q)=-1, chi(ab)=-1, chi(b/a)=-1, rel=2=-5*3
    (1,3) gaps=(2,4): q=9, chi(q)=+1, chi(ab)=+1, chi(b/a)=+1, rel=2=9*4
    (1,4) gaps=(2,5): q=3, chi(q)=-1, chi(ab)=-1, chi(b/a)=-1, rel=2=-3*5
    (1,5) gaps=(2,6): q=3, chi(q)=-1, chi(ab)=-1, chi(b/a)=-1, rel=3*2=6
    (1,6) gaps=(2,7): q=5, chi(q)=-1, chi(ab)=-1, chi(b/a)=-1, rel=5*2=-7
    (1,7) gaps=(2,8): q=13, chi(q)=+1, chi(ab)=+1, chi(b/a)=+1, rel=13*2=-8
    (2,3) gaps=(3,4): q=5, chi(q)=-1, chi(ab)=-1, chi(b/a)=-1, rel=3=5*4
    (2,4) gaps=(3,5): q=13, chi(q)=+1, chi(ab)=+1, chi(b/a)=+1, rel=13*3=5
    (2,5) gaps=(3,6): q=9, chi(q)=+1, chi(ab)=+1, chi(b/a)=+1, rel=3=9*6
    (2,6) gaps=(3,7): q=9, chi(q)=+1, chi(ab)=+1, chi(b/a)=+1, rel=9*3=-7
    (2,7) gaps=(3,8): q=3, chi(q)=-1, chi(ab)=-1, chi(b/a)=-1, rel=3*3=-8
    (3,4) gaps=(4,5): q=3, chi(q)=-1, chi(ab)=-1, chi(b/a)=-1, rel=3*4=-5
    (3,5) gaps=(4,6): q=5, chi(q)=-1, chi(ab)=-1, chi(b/a)=-1, rel=4=-5*6
    (3,6) gaps=(4,7): q=3, chi(q)=-1, chi(ab)=-1, chi(b/a)=-1, rel=4=3*7
    (3,7) gaps=(4,8): q=9, chi(q)=+1, chi(ab)=+1, chi(b/a)=+1, rel=4=9*8
    (4,5) gaps=(5,6): q=9, chi(q)=+1, chi(ab)=+1, chi(b/a)=+1, rel=9*5=-6
    (4,6) gaps=(5,7): q=9, chi(q)=+1, chi(ab)=+1, chi(b/a)=+1, rel=5=-9*7
    (4,7) gaps=(5,8): q=5, chi(q)=-1, chi(ab)=-1, chi(b/a)=-1, rel=5*5=8
    (5,6) gaps=(6,7): q=13, chi(q)=+1, chi(ab)=+1, chi(b/a)=+1, rel=13*6=-7
    (5,7) gaps=(6,8): q=5, chi(q)=-1, chi(ab)=-1, chi(b/a)=-1, rel=6=5*8
    (6,7) gaps=(7,8): q=3, chi(q)=-1, chi(ab)=-1, chi(b/a)=-1, rel=7=3*8
======================================================================
RESONANCE-FOURIER BRIDGE at p=19
======================================================================
  Gauss sum: g = 0.0000 + 4.3589i
  |g|^2 = 19.0000 (should be 19)
  g^2 = -19.0000 + 0.0000i (should be -19)

  S_hat(t) for Paley (QR=[1, 4, 5, 6]...):
    t=0: S_hat=  9.0000+  0.0000i, chi(t)=+0, |S_hat|^2= 81.0000, pred_match=Y
    t=1: S_hat= -0.5000+  2.1794i, chi(t)=+1, |S_hat|^2=  5.0000, pred_match=Y
    t=2: S_hat= -0.5000+ -2.1794i, chi(t)=-1, |S_hat|^2=  5.0000, pred_match=Y
    t=3: S_hat= -0.5000+ -2.1794i, chi(t)=-1, |S_hat|^2=  5.0000, pred_match=Y
    t=4: S_hat= -0.5000+  2.1794i, chi(t)=+1, |S_hat|^2=  5.0000, pred_match=Y
    t=5: S_hat= -0.5000+  2.1794i, chi(t)=+1, |S_hat|^2=  5.0000, pred_match=Y
    t=6: S_hat= -0.5000+  2.1794i, chi(t)=+1, |S_hat|^2=  5.0000, pred_match=Y
    t=7: S_hat= -0.5000+  2.1794i, chi(t)=+1, |S_hat|^2=  5.0000, pred_match=Y

  Resonance structure:
    (0,1) gaps=(1,2): q=9, chi(q)=+1, chi(ab)=-1, chi(b/a)=-1, rel=1=-9*2
    (0,2) gaps=(1,3): q=3, chi(q)=-1, chi(ab)=-1, chi(b/a)=-1, rel=3*1=3
    (0,3) gaps=(1,4): q=5, chi(q)=+1, chi(ab)=+1, chi(b/a)=+1, rel=1=5*4
    (0,4) gaps=(1,5): q=5, chi(q)=+1, chi(ab)=+1, chi(b/a)=+1, rel=5*1=5
    (0,5) gaps=(1,6): q=3, chi(q)=-1, chi(ab)=+1, chi(b/a)=+1, rel=1=-3*6
    (0,6) gaps=(1,7): q=7, chi(q)=+1, chi(ab)=+1, chi(b/a)=+1, rel=7*1=7
    (0,7) gaps=(1,8): q=7, chi(q)=+1, chi(ab)=-1, chi(b/a)=-1, rel=1=-7*8
    (0,8) gaps=(1,9): q=9, chi(q)=+1, chi(ab)=+1, chi(b/a)=+1, rel=9*1=9
    (1,2) gaps=(2,3): q=7, chi(q)=+1, chi(ab)=+1, chi(b/a)=+1, rel=2=7*3
    (1,3) gaps=(2,4): q=9, chi(q)=+1, chi(ab)=-1, chi(b/a)=-1, rel=2=-9*4
    (1,4) gaps=(2,5): q=7, chi(q)=+1, chi(ab)=-1, chi(b/a)=-1, rel=7*2=-5
    (1,5) gaps=(2,6): q=3, chi(q)=-1, chi(ab)=-1, chi(b/a)=-1, rel=3*2=6
    (1,6) gaps=(2,7): q=3, chi(q)=-1, chi(ab)=-1, chi(b/a)=-1, rel=2=3*7
    (1,7) gaps=(2,8): q=5, chi(q)=+1, chi(ab)=+1, chi(b/a)=+1, rel=2=5*8
    (1,8) gaps=(2,9): q=5, chi(q)=+1, chi(ab)=-1, chi(b/a)=-1, rel=5*2=-9
    (2,3) gaps=(3,4): q=5, chi(q)=+1, chi(ab)=-1, chi(b/a)=-1, rel=5*3=-4
    (2,4) gaps=(3,5): q=7, chi(q)=+1, chi(ab)=-1, chi(b/a)=-1, rel=3=-7*5
    (2,5) gaps=(3,6): q=9, chi(q)=+1, chi(ab)=-1, chi(b/a)=-1, rel=3=-9*6
    (2,6) gaps=(3,7): q=5, chi(q)=+1, chi(ab)=-1, chi(b/a)=-1, rel=3=-5*7
    (2,7) gaps=(3,8): q=9, chi(q)=+1, chi(ab)=+1, chi(b/a)=+1, rel=9*3=8
    (2,8) gaps=(3,9): q=3, chi(q)=-1, chi(ab)=-1, chi(b/a)=-1, rel=3*3=9
    (3,4) gaps=(4,5): q=3, chi(q)=-1, chi(ab)=+1, chi(b/a)=+1, rel=4=-3*5
    (3,5) gaps=(4,6): q=7, chi(q)=+1, chi(ab)=+1, chi(b/a)=+1, rel=4=7*6
    (3,6) gaps=(4,7): q=3, chi(q)=-1, chi(ab)=+1, chi(b/a)=+1, rel=3*4=-7
    (3,7) gaps=(4,8): q=9, chi(q)=+1, chi(ab)=-1, chi(b/a)=-1, rel=4=-9*8
    (3,8) gaps=(4,9): q=7, chi(q)=+1, chi(ab)=+1, chi(b/a)=+1, rel=7*4=9
    (4,5) gaps=(5,6): q=5, chi(q)=+1, chi(ab)=+1, chi(b/a)=+1, rel=5*5=6
    (4,6) gaps=(5,7): q=9, chi(q)=+1, chi(ab)=+1, chi(b/a)=+1, rel=9*5=7
    (4,7) gaps=(5,8): q=3, chi(q)=-1, chi(ab)=-1, chi(b/a)=-1, rel=5=3*8
    (4,8) gaps=(5,9): q=9, chi(q)=+1, chi(ab)=+1, chi(b/a)=+1, rel=5=9*9
    (5,6) gaps=(6,7): q=9, chi(q)=+1, chi(ab)=+1, chi(b/a)=+1, rel=6=9*7
    (5,7) gaps=(6,8): q=5, chi(q)=+1, chi(ab)=-1, chi(b/a)=-1, rel=5*6=-8
    (5,8) gaps=(6,9): q=7, chi(q)=+1, chi(ab)=+1, chi(b/a)=+1, rel=6=7*9
    (6,7) gaps=(7,8): q=7, chi(q)=+1, chi(ab)=-1, chi(b/a)=-1, rel=7*7=-8
    (6,8) gaps=(7,9): q=5, chi(q)=+1, chi(ab)=+1, chi(b/a)=+1, rel=7=5*9
    (7,8) gaps=(8,9): q=3, chi(q)=-1, chi(ab)=-1, chi(b/a)=-1, rel=8=3*9

DONE.
