======================================================================
RANK CONSTRAINT ANALYSIS FOR ADJACENT-ODD SEESAW
======================================================================

--- Part 1: n=6 exhaustive rank data ---

  Profile [1, 0, 0, 0, 0, 0]: 27648 tournaments
    # unique rank patterns: 15
    # unique dim patterns: 15
    dims=[6, 15, 20, 15, 6, 1], ranks=[0, 5, 10, 10, 5, 1, 0]
    dims=[6, 15, 20, 15, 6, 1], ranks=[0, 5, 10, 10, 5, 1, 0]
    dims=[6, 15, 19, 12, 3, 0], ranks=[0, 5, 10, 9, 3, 0, 0]

  Profile [1, 0, 0, 1, 0, 0]: 320 tournaments
    # unique rank patterns: 2
    # unique dim patterns: 2
    dims=[6, 15, 18, 9, 0, 0], ranks=[0, 5, 10, 8, 0, 0, 0]
    dims=[6, 15, 18, 9, 0, 0], ranks=[0, 5, 10, 8, 0, 0, 0]
    dims=[6, 15, 18, 9, 0, 0], ranks=[0, 5, 10, 8, 0, 0, 0]

  Profile [1, 1, 0, 0, 0, 0]: 4800 tournaments
    # unique rank patterns: 7
    # unique dim patterns: 7
    dims=[6, 15, 19, 15, 6, 1], ranks=[0, 5, 9, 10, 5, 1, 0]
    dims=[6, 15, 21, 20, 10, 2], ranks=[0, 5, 9, 12, 8, 2, 0]
    dims=[6, 15, 21, 20, 10, 2], ranks=[0, 5, 9, 12, 8, 2, 0]

--- Part 2: Is rank(d_p) constant across all n=6 tournaments? ---
  rank(d_0): [0]
  rank(d_1): [5]
  rank(d_2): [9, 10]
  rank(d_3): [8, 9, 10, 11, 12, 13, 15]
  rank(d_4): [0, 3, 4, 5, 6, 7, 8, 9, 10, 15, 18]
  rank(d_5): [0, 1, 2, 3, 4, 5, 7, 9]
  rank(d_6): [0]

--- Part 3: n=7 sampled rank data ---

  Profile [1, 0, 0, 0, 0, 0, 0] (429 tournaments):
    rank(d_2) values: [15]
    rank(d_3) values: [18, 19, 20, 21, 22, 23, 24, 25, 26]
    rank(d_4) values: [9, 11, 12, 13, 14, 15, 16, 17, 18, 19, 20, 21, 22, 23, 24, 25, 26, 27, 28, 29, 30, 31, 32, 33, 34, 35, 38, 39, 41]

  Profile [1, 0, 0, 1, 0, 0, 0] (40 tournaments):
    rank(d_2) values: [15]
    rank(d_3) values: [18, 19, 20, 21, 22, 23, 24, 25]
    rank(d_4) values: [9, 11, 14, 16, 18, 21, 24, 25, 28, 29]
    NOTE: beta_3>0 => ker(d_3) > im(d_4)
      ker(d_3)=10, im(d_4)=9, gap=1
      ker(d_3)=26, im(d_4)=25, gap=1
      ker(d_3)=30, im(d_4)=29, gap=1

  Profile [1, 1, 0, 0, 0, 0, 0] (31 tournaments):
    rank(d_2) values: [14]
    rank(d_3) values: [18, 19, 20, 22, 23, 24, 25, 26, 28, 29]
    rank(d_4) values: [11, 12, 13, 14, 17, 18, 19, 20, 21, 23, 33, 37, 46]
    NOTE: beta_1>0 => rank(d_2) < ker(d_1) = 15
    Expected: rank(d_2) = 14 (one less)

DONE.
