======================================================================
SIGNED REDEI THEOREM & F(T, roots of unity)
kind-pasteur-2026-03-14-S70
======================================================================

======================================================================
PART 1: PROOF THAT F(T, -1) IS ALWAYS ODD
======================================================================

  THEOREM: F(T, -1) is odd for any tournament T on n >= 1 vertices.

  PROOF:
  Let e = #{paths with even fwd}, o = #{paths with odd fwd}.
  Then F(1) = e + o = H(T) and F(-1) = e - o.
  By Redei's theorem, H(T) = e + o is ODD.
  Therefore F(-1) = (e + o) - 2o = H - 2o is odd - even = ODD. QED.

  Note: this works because the parity of F(-1) equals the parity of H,
  which is always odd. The SIGNED Redei theorem is a TRIVIAL consequence
  of the UNSIGNED Redei theorem. No new proof needed!

  Verification at n=3: ALL ODD (8 checked)
  Verification at n=4: ALL ODD (64 checked)
  Verification at n=5: ALL ODD (1024 checked)
  Verification at n=6: ALL ODD (5001 checked)

======================================================================
PART 2: F(-1) MOD 4 STRUCTURE
  F(-1) = H - 2o where o = #odd-fwd paths
  F(-1) mod 4 = H mod 4 - 2(o mod 2)
  Since H mod 4 = 1 + 2*alpha_1 mod 4:
  F(-1) mod 4 depends on alpha_1 parity AND o parity
======================================================================

--- n = 4 ---
  F(-1) mod 4 distribution: {1: 32, 3: 32}
  F(-1) mod 4 by H:
    H=  1: {1: 12, 3: 12}
    H=  3: {1: 8, 3: 8}
    H=  5: {1: 12, 3: 12}

--- n = 5 ---
  F(-1) mod 4 distribution: {1: 560, 3: 464}
  F(-1) mod 4 by H:
    H=  1: {1: 68, 3: 52}
    H=  3: {1: 72, 3: 48}
    H=  5: {1: 128, 3: 112}
    H=  9: {1: 168, 3: 72}
    H= 11: {1: 56, 3: 64}
    H= 13: {1: 68, 3: 52}
    H= 15: {3: 64}

--- n = 6 ---
  F(-1) mod 4 distribution: {1: 2520, 3: 2480}
  F(-1) mod 4 by H:
    H=  1: {1: 85, 3: 65}
    H=  3: {1: 111, 3: 81}
    H=  5: {1: 210, 3: 204}
    H=  9: {1: 275, 3: 257}
    H= 11: {1: 112, 3: 132}
    H= 13: {1: 147, 3: 101}
    H= 15: {1: 156, 3: 206}
    H= 17: {1: 107, 3: 126}
    H= 19: {1: 91, 3: 123}
    H= 23: {1: 210, 3: 203}

======================================================================
PART 3: F(T, i) — GAUSSIAN EVALUATION
  F(T, i) = sum paths P: i^{fwd(P)}
  |F(T, i)|^2 is a tournament invariant
======================================================================

--- n = 4 ---
  |F(i)|^2 distribution: {1: 24, 5: 14, 9: 6, 13: 14, 17: 6}

  |F(i)|^2 by H:
    H=  1: |F(i)|^2 in [1]
    H=  3: |F(i)|^2 in [5, 9]
    H=  5: |F(i)|^2 in [5, 9, 13, 17]

--- n = 5 ---
  |F(i)|^2 distribution: {1: 120, 5: 102, 9: 50, 13: 108, 17: 80, 25: 78, 29: 48, 37: 32, 41: 72, 45: 42, 49: 12, 53: 58, 61: 16, 65: 54, 73: 22, 81: 20, 85: 50, 89: 26, 97: 12, 101: 4, 109: 2, 117: 14, 121: 2}

  |F(i)|^2 by H:
    H=  1: |F(i)|^2 in [1]
    H=  3: |F(i)|^2 in [5, 9]
    H=  5: |F(i)|^2 in [5, 9, 13, 17, 25]
    H=  9: |F(i)|^2 in [17, 25, 29, 37, 41, 45, 53, 65]
    H= 11: |F(i)|^2 in [25, 29, 37, 41, 45, 49, 53, 61, 65, 73, 85, 101]
    H= 13: |F(i)|^2 in [41, 49, 53, 61, 65, 73, 81, 85, 89, 97]
    H= 15: |F(i)|^2 in [41, 81, 85, 89, 97, 109, 117, 121]

======================================================================
PART 4: F(T, omega_3) — CUBE ROOT OF UNITY
  omega = e^{2*pi*i/3}
  F(T, omega) relates to THM-085 (9 | F(T, omega) for n>=6)
======================================================================

--- n = 4 ---
  |F(omega_3)|^2 values: [1, 3, 4, 7, 9, 13]
  All divisible by 9: False
  Min nonzero: 1

--- n = 5 ---
  |F(omega_3)|^2 values: [1, 3, 4, 7, 9, 12, 13, 16, 19, 21, 25, 27, 28, 31, 36, 37, 39, 43, 49, 52]
  All divisible by 9: False
  Min nonzero: 1

--- n = 6 ---
  |F(omega_3)|^2 values: [1, 3, 4, 7, 9, 12, 13, 16, 19, 21, 25, 27, 28, 31, 36, 37, 39, 43, 48, 49]
  All divisible by 9: False
  Min nonzero: 1

======================================================================
PART 5: F(-1) vs CYCLE STRUCTURE
  F(-1) = H - 2o. What determines o (odd-fwd path count)?
  Can we express o in terms of cycle counts?
======================================================================

--- n = 4 ---
  o determined by (H, c3)? False
    (H=1, c3=0): o in [0, 1]
    (H=3, c3=1): o in [0, 1, 2, 3]
    (H=5, c3=2): o in [1, 2, 3, 4]

--- n = 5 ---
  o determined by (H, c3)? False
    (H=1, c3=0): o in [0, 1]
    (H=3, c3=1): o in [0, 1, 2, 3]
    (H=5, c3=2): o in [0, 1, 2, 3, 4, 5]
    (H=9, c3=3): o in [2, 3, 4, 5, 6, 8]
    (H=11, c3=4): o in [2, 3, 4, 5, 6, 7, 10]
    (H=13, c3=4): o in [4, 5, 6, 7, 8, 9]
    (H=15, c3=4): o in [6, 8]
    (H=15, c3=5): o in [4, 6, 8, 10]

  o determined by (H, |writhe|)? False

======================================================================
DONE
======================================================================
