
P_7: m=3
  d=1: A=3 (0.0s)
  d=2: A=9 (0.0s)
  d=3: A=21 (0.0s)
  d=4: A=39 (0.0s)
  d=5: A=45 (0.0s)
  Junk rows: 72 (0.0s)
  rank=39, Omega_5=6 (0.0s)
  P_7 expected: 6, got: 6, MATCH=True

P_11: m=5
  d=1: A=5 (0.0s)
  d=2: A=25 (0.0s)
  d=3: A=110 (0.0s)
  d=4: A=430 (0.0s)
  d=5: A=1430 (0.0s)
  Junk rows: 1220 (0.0s)
  rank=970, Omega_5=460 (0.0s)
  P_11 expected: 460, got: 460, MATCH=True

P_19: m=9
  d=1: A=9 (0.0s)
  d=2: A=81 (0.0s)
  d=3: A=684 (0.0s)
  d=4: A=5436 (0.0s)
  d=5: A=40284 (0.0s)
  Junk rows: 18216 (0.2s)
  rank=16452, Omega_5=23832 (0.6s)
  P_19 (was 12602): 23832

P_23: m=11
  d=1: A=11 (0.0s)
  d=2: A=121 (0.0s)
  d=3: A=1265 (0.0s)
  d=4: A=12595 (0.0s)
  d=5: A=118745 (0.1s)
  Junk rows: 43670 (0.8s)
    col 50000/118745, rank=22467
    col 100000/118745, rank=35889
  rank=40315, Omega_5=78430 (1.9s)
  P_23 (was 50715): 78430

P_31: m=15
  d=1: A=15 (0.0s)
  d=2: A=225 (0.0s)
  d=3: A=3255 (0.0s)
  d=4: A=45465 (0.1s)
  d=5: A=611415 (0.3s)
  Junk rows: 164010 (4.8s)
    col 50000/611415, rank=30056
    col 100000/611415, rank=50604
    col 150000/611415, rank=65511
    col 200000/611415, rank=75570
    col 250000/611415, rank=86523
    col 300000/611415, rank=96380
    col 350000/611415, rank=105454
    col 400000/611415, rank=114697
    col 450000/611415, rank=124378
    col 500000/611415, rank=135327
    col 550000/611415, rank=144529
    col 600000/611415, rank=153600
  rank=155085, Omega_5=456330 (12.4s)
  P_31 (was 252065): 456330

P_43: m=21
  d=1: A=21 (0.0s)
  d=2: A=441 (0.0s)
  d=3: A=9030 (0.0s)
  d=4: A=180390 (0.5s)
  d=5: A=3510990 (1.7s)
  Junk rows: 670740 (28.6s)
    col 50000/3510990, rank=38600
    col 100000/3510990, rank=59217
    col 150000/3510990, rank=90780
    col 200000/3510990, rank=117922
    col 250000/3510990, rank=137843
    col 300000/3510990, rank=163798
    col 350000/3510990, rank=175314
    col 400000/3510990, rank=183118
    col 450000/3510990, rank=195887
    col 500000/3510990, rank=207926
    col 550000/3510990, rank=220274
    col 600000/3510990, rank=225873
    col 650000/3510990, rank=244835
    col 700000/3510990, rank=256850
    col 750000/3510990, rank=261838
    col 800000/3510990, rank=267300
    col 850000/3510990, rank=278487
    col 900000/3510990, rank=284754
    col 950000/3510990, rank=290198
    col 1000000/3510990, rank=294873
    col 1050000/3510990, rank=306913
    col 1100000/3510990, rank=312035
    col 1150000/3510990, rank=316698
    col 1200000/3510990, rank=328696
    col 1250000/3510990, rank=333570
    col 1300000/3510990, rank=338462
    col 1350000/3510990, rank=348219
    col 1400000/3510990, rank=355178
    col 1450000/3510990, rank=360159
    col 1500000/3510990, rank=364893
    col 1550000/3510990, rank=376968
    col 1600000/3510990, rank=381978
    col 1650000/3510990, rank=386691
    col 1700000/3510990, rank=397973
    col 1750000/3510990, rank=403426
    col 1800000/3510990, rank=408442
    col 1850000/3510990, rank=417071
    col 1900000/3510990, rank=425177
    col 1950000/3510990, rank=429856
    col 2000000/3510990, rank=434877
    col 2050000/3510990, rank=446969
    col 2100000/3510990, rank=451608
    col 2150000/3510990, rank=456382
    col 2200000/3510990, rank=467913
    col 2250000/3510990, rank=473382
    col 2300000/3510990, rank=478058
    col 2350000/3510990, rank=487000
    col 2400000/3510990, rank=495135
    col 2450000/3510990, rank=499813
    col 2500000/3510990, rank=504620
    col 2550000/3510990, rank=516898
    col 2600000/3510990, rank=521570
    col 2650000/3510990, rank=526223
    col 2700000/3510990, rank=537823
    col 2750000/3510990, rank=543356
    col 2800000/3510990, rank=547978
    col 2850000/3510990, rank=556300
    col 2900000/3510990, rank=565125
    col 2950000/3510990, rank=569770
    col 3000000/3510990, rank=574443
    col 3050000/3510990, rank=586793
    col 3100000/3510990, rank=591538
    col 3150000/3510990, rank=596232
    col 3200000/3510990, rank=607493
    col 3250000/3510990, rank=613292
    col 3300000/3510990, rank=617990
    col 3350000/3510990, rank=625173
    col 3400000/3510990, rank=634985
    col 3450000/3510990, rank=639762
    col 3500000/3510990, rank=644416
  rank=645330, Omega_5=2865660 (95.4s)
  P_43 (was 1429652): 2865660

============================================================
SUMMARY:
  P_7:  Omega_5 = 6
  P_11: Omega_5 = 460
  P_19: Omega_5 = 23832
  P_23: Omega_5 = 78430
  P_31: Omega_5 = 456330
  P_43: Omega_5 = 2865660
