THE SPECTRAL-OCF CHAIN: FLATNESS → MAXIMIZATION
===========================================================================

PART 1: EIGENVALUE STRUCTURE
---------------------------------------------------------------------------

  p = 7 (p mod 4 = 3)
    Σy² values: {np.float64(10.5)} (expected 10.5)
    Jensen min Σy⁴ = (Σy²)²/(p-1) = 18.375000
    Paley Σy⁴ = 18.375000
    Other Σy⁴ values: [np.float64(46.375)]
    Paley achieves Jensen minimum: True

  p = 11 (p mod 4 = 3)
    Σy² values: {np.float64(27.5)} (expected 27.5)
    Jensen min Σy⁴ = (Σy²)²/(p-1) = 75.625000
    Paley Σy⁴ = 75.625000
    Other Σy⁴ values: [np.float64(119.625), np.float64(163.625), np.float64(295.625)]
    Paley achieves Jensen minimum: True

  p = 13 (p mod 4 = 1)
    Σy² values: {np.float64(39.0)} (expected 39.0)
    Jensen min Σy⁴ = (Σy²)²/(p-1) = 126.750000
    No Paley
    Other Σy⁴ values: [np.float64(165.75), np.float64(217.75), np.float64(269.75), np.float64(373.75), np.float64(581.75)]

===========================================================================
PART 2: CYCLE COUNT FORMULA — C_ℓ FROM EIGENVALUES
---------------------------------------------------------------------------

  p = 7

    S=[1, 2, 4] [PALEY]
      C_3 (from Tr) = 14.0  (direct: 14)
      C_5 (from Tr) = 42.0  (direct: 42)
      Σy⁴ = 18.375000

    S=[3, 5, 6] [PALEY]
      C_3 (from Tr) = 14.0  (direct: 14)
      C_5 (from Tr) = 42.0  (direct: 42)
      Σy⁴ = 18.375000

    S=[1, 2, 3] [OTHER]
      C_3 (from Tr) = 14.0  (direct: 14)
      C_5 (from Tr) = 28.0  (direct: 28)
      Σy⁴ = 46.375000

  p = 11

    S=[2, 6, 7, 8, 10] [PALEY]
      C_3 (from Tr) = 55.0  (direct: 55)
      C_5 (from Tr) = 594.0  (direct: 594)
      C_7 (from Tr) = 11220.0  (direct: 3960)
      C_9 (from Tr) = 216938.3  (direct: 11055)
      Σy⁴ = 75.625000

    S=[1, 3, 4, 5, 9] [PALEY]
      C_3 (from Tr) = 55.0  (direct: 55)
      C_5 (from Tr) = 594.0  (direct: 594)
      C_7 (from Tr) = 11220.0  (direct: 3960)
      C_9 (from Tr) = 216938.3  (direct: 11055)
      Σy⁴ = 75.625000

    S=[1, 2, 3, 4, 5] [OTHER]
      C_3 (from Tr) = 55.0  (direct: 55)
      C_5 (from Tr) = 484.0  (direct: 484)
      C_7 (from Tr) = 12749.0  (direct: 3399)
      C_9 (from Tr) = 199624.3  (direct: 9350)
      Σy⁴ = 295.625000

===========================================================================
PART 3: THE ALGEBRAIC PROOF CHAIN
---------------------------------------------------------------------------

    For circulant tournament on Z_p with eigenvalues λ_k = -1/2 + iy_k (k≥1):

    STEP 1: Universal Re(λ_k) = -1/2
      Proof: S ∪ (-S) = Z_p\{0}, so Σ_{s∈S} cos(2πks/p) = (1/2)(Σ_{d≠0} cos(2πkd/p)) = -1/2. □

    STEP 2: Universal Σy_k² = p(p-1)/4
      Proof: Parseval: Σ|λ_k|² = p|S| = p(p-1)/2.
      λ_0 = (p-1)/2, |λ_0|² = (p-1)²/4.
      Σ_{k≥1}|λ_k|² = p(p-1)/2 - (p-1)²/4 = (p²-1)/4.
      |λ_k|² = 1/4 + y_k², so Σy_k² = (p²-1)/4 - (p-1)/4 = p(p-1)/4. □

    STEP 3: Tr(A^ℓ) = ℓ·C_ℓ for odd ℓ < p
      Proof: A closed walk of length ℓ visiting some vertex twice decomposes into
      two closed walks of lengths j and ℓ-j. In a tournament, j ≥ 3 and ℓ-j ≥ 3
      (no 2-cycles). So ℓ ≥ 6, and since ℓ is odd, ℓ ≥ 7. For ℓ < p ≤ n,
      the walk uses < n vertices, so both sub-walks use distinct vertex sets...
      Actually the argument is more subtle: we need j + (ℓ-j) = ℓ < p = n,
      and the vertices of the two sub-walks need not be disjoint.
      The correct argument: for ℓ < n, any non-simple closed walk of length ℓ
      must revisit some vertex at positions i < j. The walk decomposes into:
      - a cycle from position i to j (length j-i ≥ 3, odd or even)
      - the remaining walk (length ℓ-(j-i))
      For odd ℓ with ℓ < 2*3 = 6, ℓ ≤ 5, both parts need ≥ 3, impossible.
      For ℓ = 5: need j-i ≥ 3 and 5-(j-i) ≥ 3, so j-i = 2 (IMPOSSIBLE, no 2-cycles). □
      For ℓ = 7: need j-i ≥ 3 and 7-(j-i) ≥ 3, so j-i ∈ {3,4}.
      j-i = 3 or 4 is possible! So Tr(A^7) ≠ 7C_7 in general (for n=7).
      CORRECTION: The claim holds for ℓ ≤ 5, NOT for general ℓ < p.

    STEP 4: C_5 as function of Σy_k⁴
      C_5 = Tr(A^5)/5. Expanding (-1/2 + iy_k)^5:
      Re[(-1/2+iy)^5] = -1/32 + (5/4)y² - (5/2)y⁴
      So: Σ Re[λ_k^5] = (p-1)(-1/32) + (5/4)·p(p-1)/4 - (5/2)·Σy_k⁴
      And: Tr(A^5) = ((p-1)/2)^5 + (p-1)(-1/32) + 5p(p-1)/16 - (5/2)Σy_k⁴
      C_5 = [Tr(A^5)] / 5 = f(p) - (1/2)Σy_k⁴
      where f(p) = [((p-1)/2)^5 + (p-1)(-1/32) + 5p(p-1)/16] / 5

    STEP 5: Jensen/Cauchy-Schwarz inequality
      Σy_k⁴ ≥ (Σy_k²)²/(p-1) = p²(p-1)/16
      Equality iff all y_k² equal, i.e., all |λ_k| equal (SPECTRAL FLATNESS).

    STEP 6: Paley achieves equality
      For p ≡ 3 mod 4, Paley has |λ_k|² = (p+1)/4 for all k≥1 (Gauss sums).
      So all y_k² = (p+1)/4 - 1/4 = p/4, and Σy_k⁴ = (p-1)(p/4)² = p²(p-1)/16. □

    CHAIN: Paley spectral flatness → min Σy_k⁴ → max C_5 → max α₁ → max H
    
===========================================================================
PART 4: NUMERICAL VERIFICATION
---------------------------------------------------------------------------

  p = 7
    f(p) = 51.187500
    Jensen min Σy⁴ = 18.375000
    Max C_5 = f(p) - (1/2)*min_Σy⁴ = 42.000000
    [MAX_Σy⁴   ] Σy⁴=   46.3750, C_5(formula)=    28.0, C_5(trace)=    28.0
    [PALEY     ] Σy⁴=   18.3750, C_5(formula)=    42.0, C_5(trace)=    42.0
    [PALEY     ] Σy⁴=   18.3750, C_5(formula)=    42.0, C_5(trace)=    42.0

  p = 11
    f(p) = 631.812500
    Jensen min Σy⁴ = 75.625000
    Max C_5 = f(p) - (1/2)*min_Σy⁴ = 594.000000
    [MAX_Σy⁴   ] Σy⁴=  295.6250, C_5(formula)=   484.0, C_5(trace)=   484.0
    [PALEY     ] Σy⁴=   75.6250, C_5(formula)=   594.0, C_5(trace)=   594.0
    [PALEY     ] Σy⁴=   75.6250, C_5(formula)=   594.0, C_5(trace)=   594.0

===========================================================================
PART 5: WHY p ≡ 1 mod 4 REVERSES
---------------------------------------------------------------------------

  p = 13

  Top 5 by total odd cycles:
    #1 [other   ] total_cycles=35180175, Σy⁴=581.75, C_5=1274, C_7=44512, C_9=1048194, C_11=34086104
    #2 [other   ] total_cycles=35180175, Σy⁴=581.75, C_5=1274, C_7=44512, C_9=1048194, C_11=34086104
    #3 [other   ] total_cycles=35180175, Σy⁴=581.75, C_5=1274, C_7=44512, C_9=1048194, C_11=34086104
    #4 [other   ] total_cycles=35180175, Σy⁴=581.75, C_5=1274, C_7=44512, C_9=1048194, C_11=34086104
    #5 [other   ] total_cycles=35180175, Σy⁴=581.75, C_5=1274, C_7=44512, C_9=1048194, C_11=34086104

  Bottom 5 by total odd cycles:
    [other   ] total_cycles=34155892, Σy⁴=217.75, C_5=1456, C_7=40547, C_9=1116704, C_11=32997094
    [other   ] total_cycles=34145557, Σy⁴=165.75, C_5=1482, C_7=40287, C_9=1118628, C_11=32985069
    [other   ] total_cycles=34145557, Σy⁴=165.75, C_5=1482, C_7=40287, C_9=1118628, C_11=32985069
    [other   ] total_cycles=34145557, Σy⁴=165.75, C_5=1482, C_7=40287, C_9=1118628, C_11=32985069
    [other   ] total_cycles=34145557, Σy⁴=165.75, C_5=1482, C_7=40287, C_9=1118628, C_11=32985069

  Most flat (min Σy⁴ = 165.75):
    S=[1, 3, 7, 8, 9]..., total=34145557, C_5=1482, C_7=40287, C_11=32985069
    S=[4, 7, 8, 10, 11]..., total=34145557, C_5=1482, C_7=40287, C_11=32985069
    S=[1, 2, 3, 5, 6]..., total=34145557, C_5=1482, C_7=40287, C_11=32985069

  Most concentrated (max Σy⁴ = 581.75):
    [other] total=35180175, C_5=1274, C_7=44512, C_11=34086104
    [other] total=35180175, C_5=1274, C_7=44512, C_11=34086104
    [other] total=35180175, C_5=1274, C_7=44512, C_11=34086104

  Cycle length breakdown (flat vs concentrated):
    Length         Flat       Conc       Diff
    C_3             91         91         +0
    C_5           1482       1274       -208
    C_7          40287      44512      +4225
    C_9        1118628    1048194     -70434
    C_11      32985069   34086104   +1101035
    Total      34145557   35180175   +1034618

  CONCLUSION: At p=13, concentrated spectrum has
  more total odd cycles (35180175 vs 34145557)
  This confirms that cycle count → H correlation

DONE.
