Searching for examples of the two special fiber types...
  trial 0: 0.0s, type1=0, type2=0

Found: type1=3, type2=3, 9.8s

======================================================================
Type 1: H∈{109,111}, (c3,c5)=(11,23)
======================================================================

  Example 1:
  Scores: [2, 2, 3, 3, 3, 3, 5]
  Lambda matrix:
    [0, 2, 2, 3, 3, 2, 2]
    [2, 0, 1, 1, 1, 2, 1]
    [2, 1, 0, 1, 1, 3, 2]
    [3, 1, 1, 0, 1, 2, 2]
    [3, 1, 1, 1, 0, 0, 0]
    [2, 2, 3, 2, 0, 0, 1]
    [2, 1, 2, 2, 0, 1, 0]
  Lambda degrees: [6, 8, 8, 10, 10, 10, 14]
  Lambda value histogram: {0: 2, 1: 8, 2: 8, 3: 3}
    H=109: c3=11, c5=23, scores=[1, 3, 3, 3, 3, 4, 4]
    H=111: c3=11, c5=23, scores=[2, 2, 3, 3, 3, 3, 5]

  Example 2:
  Scores: [2, 2, 3, 3, 3, 3, 5]
  Lambda matrix:
    [0, 1, 3, 2, 1, 1, 2]
    [1, 0, 2, 2, 1, 1, 1]
    [3, 2, 0, 2, 0, 2, 1]
    [2, 2, 2, 0, 3, 3, 2]
    [1, 1, 0, 3, 0, 1, 0]
    [1, 1, 2, 3, 1, 0, 2]
    [2, 1, 1, 2, 0, 2, 0]
  Lambda degrees: [6, 8, 8, 10, 10, 10, 14]
  Lambda value histogram: {0: 2, 1: 8, 2: 8, 3: 3}
    H=109: c3=11, c5=23, scores=[1, 3, 3, 3, 3, 4, 4]
    H=111: c3=11, c5=23, scores=[2, 2, 3, 3, 3, 3, 5]

======================================================================
Type 2: H∈{141,143}, (c3,c5)=(12,30)
======================================================================

  Example 1:
  Scores: [2, 2, 3, 3, 3, 4, 4]
  Lambda matrix:
    [0, 1, 1, 2, 2, 1, 1]
    [1, 0, 1, 2, 3, 1, 2]
    [1, 1, 0, 2, 1, 2, 1]
    [2, 2, 2, 0, 2, 2, 2]
    [2, 3, 1, 2, 0, 3, 1]
    [1, 1, 2, 2, 3, 0, 3]
    [1, 2, 1, 2, 1, 3, 0]
  Lambda degrees: [8, 8, 10, 10, 12, 12, 12]
  Lambda value histogram: {1: 9, 2: 9, 3: 3}
    H=141: c3=12, c5=30, scores=[2, 2, 3, 3, 3, 4, 4]
    H=143: c3=12, c5=30, scores=[2, 2, 3, 3, 3, 4, 4]

  Example 2:
  Scores: [2, 2, 3, 3, 3, 4, 4]
  Lambda matrix:
    [0, 1, 2, 3, 3, 1, 2]
    [1, 0, 2, 3, 2, 1, 1]
    [2, 2, 0, 2, 2, 2, 2]
    [3, 3, 2, 0, 1, 2, 1]
    [3, 2, 2, 1, 0, 1, 1]
    [1, 1, 2, 2, 1, 0, 1]
    [2, 1, 2, 1, 1, 1, 0]
  Lambda degrees: [8, 8, 10, 10, 12, 12, 12]
  Lambda value histogram: {1: 9, 2: 9, 3: 3}
    H=141: c3=12, c5=30, scores=[2, 2, 3, 3, 3, 4, 4]
    H=143: c3=12, c5=30, scores=[2, 2, 3, 3, 3, 4, 4]

======================================================================
SCORE SEQUENCES IN AMBIGUOUS FIBERS
======================================================================
Ambiguous lambda fibers found: 82
Score sequences in ambiguous fibers: {(1, 3, 3, 3, 3, 4, 4): 32, (2, 2, 3, 3, 3, 3, 5): 38, (2, 2, 3, 3, 3, 4, 4): 108}
c3 values in ambiguous fibers: {11: 70, 12: 108}

======================================================================
ARE BOTH H VALUES ALWAYS ACHIEVED? (SATURATION)
======================================================================

H-value distribution within ambiguous fibers:
  H∈{109,111}: H=109: 35/70 (50.0%), H=111: 35/70 (50.0%), 
  H∈{141,143}: H=141: 56/108 (51.9%), H=143: 52/108 (48.1%), 

======================================================================
CONNECTION TO VITALI ATOM (1,1,2,2) REVERSAL
======================================================================

The 31 ambiguous fibers all correspond to Vitali atom pairs.
THM-182: The atom is the UNIQUE lambda-preserving reversal that changes c7.
Since c7 changes by ±1, H changes by ±2.

  Type 1 example: H=109 vs H=111
  Number of differing entries: 30
  Differing edges: [(0, 1), (0, 2), (0, 3), (0, 4), (0, 5), (0, 6), (1, 0), (1, 3), (1, 4), (2, 0)]
  This is 15 arc reversal(s)

Done.
