================================================================================
  STATISTICAL MECHANICS OF TOURNAMENTS
  H(T) = I(Omega(T), 2) as hard-core lattice gas partition function
================================================================================


================================================================================
  n=4 EXHAUSTIVE (for finite-size scaling)
================================================================================

================================================================================
  STATISTICAL MECHANICS OF TOURNAMENTS Ś n=4 (EXHAUSTIVE)
================================================================================
  Number of tournaments: 64
  H range: [1, 5]
  Mean H: 3.0000
  H std: 1.7321
  Score variance range: [0.2500, 1.2500]
  3-cycle count range: [0, 2]

  H value distribution:
    H=    1:     24 tournaments ( 37.50%)
    H=    3:     16 tournaments ( 25.00%)
    H=    5:     24 tournaments ( 37.50%)

      beta        log_Z        <H>        <H^2>    C(beta)       <sv>       <c3>        chi
  -------- ------------ ---------- ------------ ---------- ---------- ---------- ----------
     -2.00       1.1905     1.0254         1.10     0.2116   1.243639     0.0127     0.0529
     -1.90       1.2934     1.0313         1.13     0.2370   1.242163     0.0157     0.0657
     -1.80       1.3968     1.0387         1.16     0.2648   1.240329     0.0193     0.0817
     -1.70       1.5011     1.0478         1.20     0.2950   1.238041     0.0239     0.1021
     -1.60       1.6065     1.0593         1.25     0.3276   1.235178     0.0296     0.1280
     -1.50       1.7131     1.0737         1.31     0.3624   1.231583     0.0368     0.1611
     -1.40       1.8213     1.0918         1.40     0.3989   1.227047     0.0459     0.2035
     -1.30       1.9316     1.1148         1.50     0.4364   1.221305     0.0574     0.2582
     -1.20       2.0445     1.1440         1.64     0.4735   1.214004     0.0720     0.3288
     -1.10       2.1607     1.1812         1.82     0.5083   1.204691     0.0906     0.4201
     -1.00       2.2811     1.2289         2.05     0.5375   1.192783     0.1144     0.5375
     -0.90       2.4069     1.2898         2.35     0.5571   1.177541     0.1449     0.6878
     -0.80       2.5396     1.3678         2.75     0.5617   1.158061     0.1839     0.8777
     -0.70       2.6812     1.4669         3.26     0.5453   1.133278     0.2334     1.1129
     -0.60       2.8339     1.5919         3.93     0.5023   1.102022     0.2960     1.3954
     -0.50       3.0006     1.7474         4.77     0.4301   1.063151     0.3737     1.7204
     -0.40       3.1845     1.9369         5.82     0.3315   1.015778     0.4684     2.0718
     -0.30       3.3891     2.1616         7.09     0.2177   0.959591     0.5808     2.4193
     -0.20       3.6179     2.4192         8.57     0.1088   0.895203     0.7096     2.7200
     -0.10       3.8738     2.7025        10.23     0.0293   0.824382     0.8512     2.9263
      0.00       4.1589     3.0000        12.00     0.0000   0.750000     1.0000     3.0000
      0.10       4.4738     3.2975        13.80     0.0293   0.675618     1.1488     2.9263
      0.20       4.8179     3.5808        15.54     0.1088   0.604797     1.2904     2.7200
      0.30       5.1891     3.8384        17.15     0.2177   0.540409     1.4192     2.4193
      0.40       5.5845     4.0631        18.58     0.3315   0.484222     1.5316     2.0718
      0.50       6.0006     4.2526        19.81     0.4301   0.436849     1.6263     1.7204
      0.60       6.4339     4.4081        20.83     0.5023   0.397978     1.7040     1.3954
      0.70       6.8812     4.5331        21.66     0.5453   0.366722     1.7666     1.1129
      0.80       7.3396     4.6322        22.34     0.5617   0.341939     1.8161     0.8777
      0.90       7.8069     4.7102        22.87     0.5571   0.322459     1.8551     0.6878
      1.00       8.2811     4.7711        23.30     0.5375   0.307217     1.8856     0.5375
      1.10       8.7607     4.8188        23.64     0.5083   0.295309     1.9094     0.4201
      1.20       9.2445     4.8560        23.91     0.4735   0.285996     1.9280     0.3288
      1.30       9.7316     4.8852        24.12     0.4364   0.278695     1.9426     0.2582
      1.40      10.2213     4.9082        24.29     0.3989   0.272953     1.9541     0.2035
      1.50      10.7131     4.9263        24.43     0.3624   0.268417     1.9632     0.1611
      1.60      11.2065     4.9407        24.54     0.3276   0.264822     1.9704     0.1280
      1.70      11.7011     4.9522        24.63     0.2950   0.261959     1.9761     0.1021
      1.80      12.1968     4.9613        24.70     0.2648   0.259671     1.9807     0.0817
      1.90      12.6934     4.9687        24.75     0.2370   0.257837     1.9843     0.0657
      2.00      13.1905     4.9746        24.80     0.2116   0.256361     1.9873     0.0529
      2.10      13.6882     4.9793        24.84     0.1884   0.255171     1.9897     0.0427
      2.20      14.1864     4.9832        24.87     0.1674   0.254208     1.9916     0.0346
      2.30      14.6848     4.9863        24.89     0.1483   0.253428     1.9931     0.0280
      2.40      15.1836     4.9888        24.91     0.1312   0.252795     1.9944     0.0228
      2.50      15.6826     4.9909        24.93     0.1158   0.252281     1.9954     0.0185
      2.60      16.1818     4.9926        24.94     0.1020   0.251862     1.9963     0.0151
      2.70      16.6811     4.9939        24.95     0.0896   0.251521     1.9970     0.0123
      2.80      17.1805     4.9950        24.96     0.0786   0.251243     1.9975     0.0100
      2.90      17.6801     4.9959        24.97     0.0689   0.251016     1.9980     0.0082
      3.00      18.1797     4.9967        24.97     0.0602   0.250831     1.9983     0.0067
      3.10      18.6794     4.9973        24.98     0.0525   0.250680     1.9986     0.0055
      3.20      19.1792     4.9978        24.98     0.0457   0.250556     1.9989     0.0045
      3.30      19.6790     4.9982        24.99     0.0398   0.250455     1.9991     0.0037
      3.40      20.1788     4.9985        24.99     0.0345   0.250372     1.9993     0.0030
      3.50      20.6787     4.9988        24.99     0.0299   0.250305     1.9994     0.0024
      3.60      21.1786     4.9990        24.99     0.0259   0.250249     1.9995     0.0020
      3.70      21.6785     4.9992        24.99     0.0224   0.250204     1.9996     0.0016
      3.80      22.1784     4.9993        24.99     0.0193   0.250167     1.9997     0.0013
      3.90      22.6783     4.9995        25.00     0.0167   0.250137     1.9997     0.0011
      4.00      23.1783     4.9996        25.00     0.0143   0.250112     1.9998     0.0009
      4.10      23.6782     4.9996        25.00     0.0123   0.250092     1.9998     0.0007
      4.20      24.1782     4.9997        25.00     0.0106   0.250075     1.9999     0.0006
      4.30      24.6782     4.9998        25.00     0.0091   0.250061     1.9999     0.0005
      4.40      25.1782     4.9998        25.00     0.0078   0.250050     1.9999     0.0004
      4.50      25.6781     4.9998        25.00     0.0067   0.250041     1.9999     0.0003
      4.60      26.1781     4.9999        25.00     0.0057   0.250034     1.9999     0.0003
      4.70      26.6781     4.9999        25.00     0.0049   0.250028     1.9999     0.0002
      4.80      27.1781     4.9999        25.00     0.0042   0.250023     2.0000     0.0002
      4.90      27.6781     4.9999        25.00     0.0036   0.250018     2.0000     0.0001
      5.00      28.1781     4.9999        25.00     0.0030   0.250015     2.0000     0.0001

  PHASE TRANSITION ANALYSIS:
  ============================================================
  Specific heat peak: C_max = 0.5617 at beta_c = 0.80
  Susceptibility peak: chi_max = 3.0000 at beta = 0.00
  Max |d<sv>/d(beta)| at beta = 0.00
  Specific heat sharpness (peak/avg): 2.4630
  ** Moderate phase transition signal (sharpness > 2) **

  ORDER PARAMETER <score_var> at key betas:  Processing tournament 0/1024...
  Processing tournament 200/1024...
  Processing tournament 400/1024...
  Processing tournament 600/1024...
  Processing tournament 800/1024...
  Processing tournament 1000/1024...

    beta =  -2.0: <sv> = 1.243639, <H> = 1.0254, <c3> = 0.0127

  BOLTZMANN DISTRIBUTION ANALYSIS (n=4):
  ============================================================
  Natural partition function Z_1 = sum H(T) = 192
  Expected value: n! * 2^C(n,2) / 2^(n-1) = 192
    (This is sum_T H(T) = sum_T |ham paths| from double counting)

  Comparison: Uniform vs Boltzmann-weighted (beta=1):
              Property      Uniform    Boltzmann      Ratio
  -------------------- ------------ ------------ ----------
                   <H>       3.0000       4.0000     1.3333
           <score_var>     0.750000     0.500000     0.6667
                  <c3>       1.0000       1.5000     1.5000

  Entropy: S_Boltzmann = 3.9769, S_uniform = 4.1589
  Effective number of states: exp(S) = 53.4 (out of 64)
  Information content: S_uniform - S_Boltzmann = 0.1819 nats

  Score sequence analysis under Boltzmann distribution:
    scores=[1, 1, 2, 2]: P=0.6250, count=24, <H>=5.0, <sv>=0.2500
    scores=[0, 2, 2, 2]: P=0.1250, count=8, <H>=3.0, <sv>=0.7500
    scores=[1, 1, 1, 3]: P=0.1250, count=8, <H>=3.0, <sv>=0.7500
    scores=[0, 1, 2, 3]: P=0.1250, count=24, <H>=1.0, <sv>=1.2500

  CORRELATION ANALYSIS (n=4):
  ============================================================
  Pearson correlations:
    corr(H, score_var) = -1.000000
    corr(H, c3)        = +1.000000
    corr(score_var, c3) = -1.000000

################################################################################
#  EXHAUSTIVE ANALYSIS: n=5 (1024 tournaments)
################################################################################

  VERIFICATION: sum H(T) = 7680
  Expected: n! * 2^C(n,2) / 2^(n-1) = 7680
  Match: True

================================================================================
  STATISTICAL MECHANICS OF TOURNAMENTS Ś n=5 (EXHAUSTIVE)
================================================================================
  Number of tournaments: 1024
  H range: [1, 15]
  Mean H: 7.5000
  H std: 4.2205
  Score variance range: [0.0000, 2.0000]
  3-cycle count range: [0, 5]

  H value distribution:
    H=    1:    120 tournaments ( 11.72%)
    H=    3:    120 tournaments ( 11.72%)
    H=    5:    240 tournaments ( 23.44%)
    H=    9:    240 tournaments ( 23.44%)
    H=   11:    120 tournaments ( 11.72%)
    H=   13:    120 tournaments ( 11.72%)
    H=   15:     64 tournaments (  6.25%)

      beta        log_Z        <H>        <H^2>    C(beta)       <sv>       <c3>        chi
  -------- ------------ ---------- ------------ ---------- ---------- ---------- ----------
     -2.00       2.8063     1.0386         1.16     0.3238   1.992283     0.0193     0.0810
     -1.90       2.9106     1.0476         1.20     0.3641   1.990473     0.0238     0.1009
     -1.80       3.0159     1.0589         1.25     0.4084   1.988214     0.0295     0.1261
     -1.70       3.1225     1.0731         1.31     0.4570   1.985386     0.0365     0.1581
     -1.60       3.2306     1.0909         1.39     0.5099   1.981831     0.0454     0.1992
     -1.50       3.3408     1.1133         1.49     0.5669   1.977344     0.0566     0.2520
     -1.40       3.4535     1.1418         1.62     0.6274   1.971659     0.0709     0.3201
     -1.30       3.5694     1.1780         1.80     0.6904   1.964424     0.0889     0.4085
     -1.20       3.6894     1.2243         2.02     0.7541   1.955182     0.1120     0.5237
     -1.10       3.8147     1.2839         2.32     0.8159   1.943332     0.1417     0.6743
     -1.00       3.9468     1.3608         2.72     0.8726   1.928091     0.1798     0.8726
     -0.90       4.0876     1.4606         3.27     0.9201   1.908428     0.2289     1.1359
     -0.80       4.2399     1.5910         4.02     0.9545   1.882979     0.2926     1.4915
     -0.70       4.4072     1.7634         5.09     0.9725   1.849881     0.3753     1.9848
     -0.60       4.5946     1.9952         6.68     0.9709   1.806482     0.4838     2.6969
     -0.50       4.8092     2.3149         9.13     0.9436   1.748800     0.6280     3.7746
     -0.40       5.0620     2.7704        13.14     0.8742   1.670675     0.8233     5.4635
     -0.30       5.3703     3.4388        19.91     0.7276   1.563009     1.0925     8.0844
     -0.20       5.7604     4.4233        31.32     0.4703   1.415074     1.4623    11.7566
     -0.10       6.2682     5.8005        49.33     0.1569   1.222193     1.9445    15.6860
      0.00       6.9315     7.5000        74.06     0.0000   1.000000     2.5000    17.8125
      0.10       7.7699     9.2481       102.13     0.1660   0.786879     3.0328    16.6019
      0.20       8.7724    10.7428       128.51     0.5240   0.617977     3.4551    13.1007
      0.30       9.9058    11.8642       150.19     0.8486   0.501669     3.7458     9.4286
      0.40      11.1343    12.6588       166.88     1.0609   0.426631     3.9334     6.6304
      0.50      12.4298    13.2204       179.51     1.1825   0.378355     4.0541     4.7299
      0.60      13.7732    13.6257       189.12     1.2449   0.346320     4.1342     3.4580
      0.70      15.1515    13.9252       196.50     1.2667   0.324171     4.1896     2.5852
      0.80      16.5558    14.1511       202.22     1.2589   0.308250     4.2294     1.9671
      0.90      17.9800    14.3242       206.70     1.2296   0.296418     4.2590     1.5180
      1.00      19.4194    14.4586       210.24     1.1851   0.287383     4.2815     1.1851
      1.10      20.8707    14.5640       213.04     1.1306   0.280331     4.2992     0.9344
      1.20      22.3314    14.6474       215.29     1.0698   0.274734     4.3132     0.7429
      1.30      23.7996    14.7140       217.10     1.0051   0.270236     4.3244     0.5947
      1.40      25.2738    14.7675       218.56     0.9383   0.266589     4.3335     0.4787
      1.50      26.7528    14.8106       219.74     0.8708   0.263615     4.3410     0.3870
      1.60      28.2357    14.8455       220.70     0.8036   0.261180     4.3471     0.3139
      1.70      29.7217    14.8738       221.49     0.7377   0.259181     4.3520     0.2553
      1.80      31.2102    14.8969       222.13     0.6737   0.257540     4.3562     0.2079
      1.90      32.7009    14.9157       222.65     0.6123   0.256190     4.3595     0.1696
      2.00      34.1933    14.9311       223.08     0.5540   0.255081     4.3623     0.1385
      2.10      35.6870    14.9436       223.42     0.4991   0.254169     4.3646     0.1132
      2.20      37.1819    14.9539       223.71     0.4478   0.253420     4.3665     0.0925
      2.30      38.6777    14.9622       223.94     0.4003   0.252804     4.3680     0.0757
      2.40      40.1743    14.9691       224.14     0.3565   0.252299     4.3693     0.0619
      2.50      41.6715    14.9747       224.29     0.3165   0.251884     4.3703     0.0506
      2.60      43.1692    14.9793       224.42     0.2802   0.251544     4.3711     0.0414
      2.70      44.6674    14.9831       224.53     0.2473   0.251265     4.3718     0.0339
      2.80      46.1658    14.9861       224.61     0.2177   0.251037     4.3724     0.0278
      2.90      47.6646    14.9886       224.68     0.1911   0.250849     4.3729     0.0227
      3.00      49.1635    14.9907       224.74     0.1674   0.250696     4.3733     0.0186
      3.10      50.6627    14.9924       224.79     0.1464   0.250570     4.3736     0.0152
      3.20      52.1620    14.9938       224.83     0.1277   0.250467     4.3738     0.0125
      3.30      53.6614    14.9949       224.86     0.1111   0.250382     4.3740     0.0102
      3.40      55.1610    14.9958       224.88     0.0966   0.250313     4.3742     0.0084
      3.50      56.6606    14.9966       224.90     0.0838   0.250256     4.3744     0.0068
      3.60      58.1603    14.9972       224.92     0.0726   0.250210     4.3745     0.0056
      3.70      59.6600    14.9977       224.94     0.0628   0.250172     4.3746     0.0046
      3.80      61.1598    14.9981       224.95     0.0542   0.250141     4.3746     0.0038
      3.90      62.6597    14.9985       224.96     0.0467   0.250115     4.3747     0.0031  Sampling tournament 0/10000...
  Sampling tournament 1000/10000...
  Sampling tournament 2000/10000...
  Sampling tournament 3000/10000...
  Sampling tournament 4000/10000...
  Sampling tournament 5000/10000...
  Sampling tournament 6000/10000...
  Sampling tournament 7000/10000...
  Sampling tournament 8000/10000...
  Sampling tournament 9000/10000...

      4.00      64.1595    14.9987       224.96     0.0403   0.250094     4.3748     0.0025
      4.10      65.6594    14.9990       224.97     0.0346   0.250077     4.3748     0.0021
      4.20      67.1593    14.9992       224.98     0.0298   0.250063     4.3748     0.0017
      4.30      68.6592    14.9993       224.98     0.0255   0.250052     4.3749     0.0014
      4.40      70.1592    14.9994       224.98     0.0219   0.250042     4.3749     0.0011
      4.50      71.6591    14.9995       224.99     0.0187   0.250035     4.3749     0.0009
      4.60      73.1591    14.9996       224.99     0.0160   0.250028     4.3749     0.0008
      4.70      74.6590    14.9997       224.99     0.0137   0.250023     4.3749     0.0006
      4.80      76.1590    14.9997       224.99     0.0117   0.250019     4.3750     0.0005
      4.90      77.6590    14.9998       224.99     0.0100   0.250016     4.3750     0.0004
      5.00      79.1590    14.9998       225.00     0.0085   0.250013     4.3750     0.0003

  PHASE TRANSITION ANALYSIS:
  ============================================================
  Specific heat peak: C_max = 1.2667 at beta_c = 0.70
  Susceptibility peak: chi_max = 17.8125 at beta = 0.00
  Max |d<sv>/d(beta)| at beta = 0.00
  Specific heat sharpness (peak/avg): 2.5052
  ** Moderate phase transition signal (sharpness > 2) **

  ORDER PARAMETER <score_var> at key betas:
    beta =  -2.0: <sv> = 1.992283, <H> = 1.0386, <c3> = 0.0193

  BOLTZMANN DISTRIBUTION ANALYSIS (n=5):
  ============================================================
  Natural partition function Z_1 = sum H(T) = 7680
  Expected value: n! * 2^C(n,2) / 2^(n-1) = 7680
    (This is sum_T H(T) = sum_T |ham paths| from double counting)

  Comparison: Uniform vs Boltzmann-weighted (beta=1):
              Property      Uniform    Boltzmann      Ratio
  -------------------- ------------ ------------ ----------
                   <H>       7.5000       9.8750     1.3167
           <score_var>     1.000000     0.700000     0.7000
                  <c3>       2.5000       3.2500     1.3000

  Entropy: S_Boltzmann = 6.7538, S_uniform = 6.9315
  Effective number of states: exp(S) = 857.3 (out of 1024)
  Information content: S_uniform - S_Boltzmann = 0.1777 nats

  Score sequence analysis under Boltzmann distribution:
    scores=[1, 2, 2, 2, 3]: P=0.4531, count=280, <H>=12.4, <sv>=0.4000
    scores=[1, 1, 2, 3, 3]: P=0.2812, count=240, <H>=9.0, <sv>=0.8000
    scores=[0, 2, 2, 3, 3]: P=0.0781, count=120, <H>=5.0, <sv>=1.2000
    scores=[1, 1, 2, 2, 4]: P=0.0781, count=120, <H>=5.0, <sv>=1.2000
    scores=[2, 2, 2, 2, 2]: P=0.0469, count=24, <H>=15.0, <sv>=0.0000
    scores=[0, 1, 3, 3, 3]: P=0.0156, count=40, <H>=3.0, <sv>=1.6000
    scores=[0, 2, 2, 2, 4]: P=0.0156, count=40, <H>=3.0, <sv>=1.6000
    scores=[1, 1, 1, 3, 4]: P=0.0156, count=40, <H>=3.0, <sv>=1.6000

  CORRELATION ANALYSIS (n=5):
  ============================================================
  Pearson correlations:
    corr(H, score_var) = -0.973329
    corr(H, c3)        = +0.973329
    corr(score_var, c3) = -1.000000

  Regular vs non-regular tournaments:
    Regular: count=24, <H>=15.0000, max H=15
    Non-regular: count=1000, <H>=7.3200, max H=15

################################################################################
#  SAMPLED ANALYSIS: n=6 (10000 random tournaments)
################################################################################

================================================================================
  STATISTICAL MECHANICS OF TOURNAMENTS Ś n=6 (SAMPLED, 10000 tournaments)
================================================================================
  Number of tournaments: 10000
  H range: [1, 45]
  Mean H: 22.5734
  H std: 12.0319
  Score variance range: [0.2500, 2.9167]
  3-cycle count range: [0, 8]

  H value distribution:
    H=    1:    214 tournaments (  2.14%)
    H=    3:    290 tournaments (  2.90%)
    H=    5:    654 tournaments (  6.54%)
    H=    9:    875 tournaments (  8.75%)
    H=   11:    440 tournaments (  4.40%)
    H=   13:    449 tournaments (  4.49%)
    H=   15:    660 tournaments (  6.60%)
    H=   17:    406 tournaments (  4.06%)
    H=   19:    485 tournaments (  4.85%)
    H=   23:    870 tournaments (  8.70%)
    H=   25:    443 tournaments (  4.43%)
    H=   27:    139 tournaments (  1.39%)
    H=   29:    937 tournaments (  9.37%)
    H=   31:    433 tournaments (  4.33%)
    H=   33:    833 tournaments (  8.33%)
    H=   37:   1083 tournaments ( 10.83%)
    H=   41:    207 tournaments (  2.07%)
    H=   43:    430 tournaments (  4.30%)
    H=   45:    152 tournaments (  1.52%)

      beta        log_Z        <H>        <H^2>    C(beta)       <sv>       <c3>        chi
  -------- ------------ ---------- ------------ ---------- ---------- ---------- ----------
     -2.00       3.3915     1.0524         1.22     0.4402   2.907935     0.0262     0.1101
     -1.90       3.4973     1.0647         1.27     0.4950   2.905884     0.0323     0.1371
     -1.80       3.6045     1.0801         1.34     0.5552   2.903325     0.0400     0.1714
     -1.70       3.7135     1.0993         1.42     0.6211   2.900122     0.0496     0.2149
     -1.60       3.8246     1.1234         1.53     0.6924   2.896098     0.0617     0.2705
     -1.50       3.9384     1.1539         1.67     0.7687   2.891026     0.0769     0.3416
     -1.40       4.0556     1.1924         1.86     0.8489   2.884612     0.0962     0.4331
     -1.30       4.1772     1.2414         2.09     0.9310   2.876475     0.1206     0.5509
     -1.20       4.3043     1.3038         2.40     1.0124   2.866127     0.1516     0.7031
     -1.10       4.4385     1.3835         2.81     1.0893   2.852941     0.1912     0.9002
     -1.00       4.5818     1.4858         3.36     1.1572   2.836115     0.2417     1.1572
     -0.90       4.7367     1.6177         4.11     1.2119   2.814618     0.3061     1.4962
     -0.80       4.9066     1.7889         5.15     1.2505   2.787098     0.3887     1.9538
     -0.70       5.0963     2.0145         6.66     1.2726   2.751696     0.4949     2.5972
     -0.60       5.3121     2.3188         8.93     1.2808   2.705666     0.6330     3.5577
     -0.50       5.5641     2.7454        12.64     1.2769   2.644596     0.8162     5.1076
     -0.40       5.8680     3.3790        19.26     1.2550   2.560858     1.0674     7.8438
     -0.30       6.2526     4.4017        32.68     1.1972   2.440359     1.4289    13.3025
     -0.20       6.7765     6.3026        66.93     1.0884   2.252529     1.9924    27.2102
     -0.10       7.5990    10.9274       194.32     0.7491   1.905401     3.0338    74.9118
      0.00       9.2103    22.5734       654.33     0.0000   1.243233     5.0203   144.7672
      0.10      12.1133    34.2571      1250.85     0.7730   0.681373     6.7059    77.3022
      0.20      15.8272    39.2689      1573.43     1.2556   0.455013     7.3850    31.3902
      0.30      19.8783    41.4907      1736.89     1.3874   0.352989     7.6910    15.4153
      0.40      24.0903    42.6339      1825.96     1.3303   0.301539     7.8454     8.3145
      0.50      28.3885    43.2721      1877.33     1.2125   0.275558     7.9233     4.8500
      0.60      32.7366    43.6599      1909.28     1.1148   0.262576     7.9623     3.0967
      0.70      37.1162    43.9184      1931.00     1.0620   0.256142     7.9816     2.1673
      0.80      41.5179    44.1065      1947.03     1.0496   0.252976     7.9911     1.6400
      0.90      45.9362    44.2530      1959.64     1.0632   0.251431     7.9957     1.3127
      1.00      50.3676    44.3724      1970.00     1.0874   0.250682     7.9980     1.0874
      1.10      54.8100    44.4723      1978.70     1.1098   0.250323     7.9990     0.9171
      1.20      59.2616    44.5569      1986.10     1.1220   0.250152     7.9995     0.7791
      1.30      63.7210    44.6288      1992.39     1.1197   0.250071     7.9998     0.6626
      1.40      68.1870    44.6899      1997.75     1.1019   0.250033     7.9999     0.5622
      1.50      72.6586    44.7417      2002.30     1.0694   0.250015     8.0000     0.4753
      1.60      77.1351    44.7854      2006.13     1.0245   0.250007     8.0000     0.4002
      1.70      81.6155    44.8221      2009.36     0.9699   0.250003     8.0000     0.3356
      1.80      86.0993    44.8528      2012.06     0.9085   0.250001     8.0000     0.2804
      1.90      90.5859    44.8785      2014.31     0.8430   0.250001     8.0000     0.2335
      2.00      95.0748    44.8998      2016.18     0.7756   0.250000     8.0000     0.1939
      2.10      99.5657    44.9175      2017.74     0.7084   0.250000     8.0000     0.1606
      2.20     104.0582    44.9321      2019.03     0.6428   0.250000     8.0000     0.1328
      2.30     108.5521    44.9442      2020.09     0.5799   0.250000     8.0000     0.1096
      2.40     113.0470    44.9541      2020.97     0.5204   0.250000     8.0000     0.0903
      2.50     117.5428    44.9623      2021.69     0.4648   0.250000     8.0000     0.0744
      2.60     122.0394    44.9691      2022.28     0.4135   0.250000     8.0000     0.0612
      2.70     126.5366    44.9747      2022.77     0.3664   0.250000     8.0000     0.0503
      2.80     131.0343    44.9792      2023.17     0.3236   0.250000     8.0000     0.0413
      2.90     135.5324    44.9830      2023.50     0.2849   0.250000     8.0000     0.0339
      3.00     140.0309    44.9860      2023.77     0.2501   0.250000     8.0000     0.0278
      3.10     144.5296    44.9886      2023.99     0.2190   0.250000     8.0000     0.0228
      3.20     149.0286    44.9906      2024.18     0.1913   0.250000     8.0000     0.0187
      3.30     153.5277    44.9923      2024.32     0.1668   0.250000     8.0000     0.0153
      3.40     158.0270    44.9937      2024.45     0.1451   0.250000     8.0000     0.0126
      3.50     162.5265    44.9948      2024.55     0.1260   0.250000     8.0000     0.0103
      3.60     167.0260    44.9958      2024.63     0.1092   0.250000     8.0000     0.0084
      3.70     171.5256    44.9965      2024.70     0.0945   0.250000     8.0000     0.0069
      3.80     176.0253    44.9972      2024.75     0.0816   0.250000     8.0000     0.0057
      3.90     180.5250    44.9977      2024.80     0.0704   0.250000     8.0000     0.0046
      4.00     185.0248    44.9981      2024.83     0.0607   0.250000     8.0000     0.0038
      4.10     189.5247    44.9984      2024.86     0.0522   0.250000     8.0000     0.0031
      4.20     194.0245    44.9987      2024.89     0.0448   0.250000     8.0000     0.0025
      4.30     198.5244    44.9990      2024.91     0.0385   0.250000     8.0000     0.0021
      4.40     203.0243    44.9991      2024.92     0.0330   0.250000     8.0000     0.0017
      4.50     207.5242    44.9993      2024.94     0.0283   0.250000     8.0000     0.0014
      4.60     212.0242    44.9994      2024.95     0.0242   0.250000     8.0000     0.0011
      4.70     216.5241    44.9995      2024.96     0.0207   0.250000     8.0000     0.0009
      4.80     221.0241    44.9996      2024.97     0.0177   0.250000     8.0000     0.0008
      4.90     225.5240    44.9997      2024.97     0.0151   0.250000     8.0000     0.0006
      5.00     230.0240    44.9997      2024.98     0.0128   0.250000     8.0000     0.0005

  PHASE TRANSITION ANALYSIS:
  ============================================================
  Specific heat peak: C_max = 1.3874 at beta_c = 0.30
  Susceptibility peak: chi_max = 144.7672 at beta = 0.00
  Max |d<sv>/d(beta)| at beta = 0.00
  Specific heat sharpness (peak/avg): 2.1102
  ** Moderate phase transition signal (sharpness > 2) **

  ORDER PARAMETER <score_var> at key betas:
    beta =  -2.0: <sv> = 2.907935, <H> = 1.0524, <c3> = 0.0262

  BOLTZMANN DISTRIBUTION ANALYSIS (n=6):
  ============================================================
  Natural partition function Z_1 = sum H(T) = 225734
  Expected value: n! * 2^C(n,2) / 2^(n-1) = 737280
    (This is sum_T H(T) = sum_T |ham paths| from double counting)

  Comparison: Uniform vs Boltzmann-weighted (beta=1):
              Property      Uniform    Boltzmann      Ratio
  -------------------- ------------ ------------ ----------
                   <H>      22.5734      28.9866     1.2841
           <score_var>     1.243233     0.914019     0.7352
                  <c3>       5.0203       6.0079     1.1967

  Entropy: S_Boltzmann = 9.0495, S_uniform = 9.2103
  Effective number of states: exp(S) = 8514.7 (out of 10000)
  Information content: S_uniform - S_Boltzmann = 0.1608 nats

  Score sequence analysis under Boltzmann distribution:
    scores=[1, 2, 2, 3, 3, 4]: P=0.3360, count=2653, <H>=28.6, <sv>=0.9167
    scores=[2, 2, 2, 3, 3, 3]: P=0.1498, count=789, <H>=42.9, <sv>=0.2500
    scores=[1, 2, 3, 3, 3, 3]: P=0.1196, count=764, <H>=35.4, <sv>=0.5833
    scores=[2, 2, 2, 2, 3, 4]: P=0.1170, count=748, <H>=35.3, <sv>=0.5833
    scores=[1, 1, 2, 3, 4, 4]: P=0.0601, count=850, <H>=16.0, <sv>=1.5833
    scores=[1, 1, 3, 3, 3, 4]: P=0.0519, count=539, <H>=21.7, <sv>=1.2500
    scores=[1, 2, 2, 2, 4, 4]: P=0.0498, count=519, <H>=21.7, <sv>=1.2500
    scores=[1, 2, 2, 2, 3, 5]: P=0.0283, count=515, <H>=12.4, <sv>=1.5833

  CORRELATION ANALYSIS (n=6):
  ============================================================
  Pearson correlations:
    corr(H, score_var) = -0.961056
    corr(H, c3)        = +0.961056
    corr(score_var, c3) = -1.000000

################################################################################
#  CROSS-n COMPARISON
################################################################################

  n=5:
    C_max = 1.2667 at beta = 0.70
    <H> range: [1.04, 15.00]
    <sv> range: [0.250013, 1.992283]

  n=6:
    C_max = 1.3874 at beta = 0.30
    <H> range: [1.05, 45.00]
    <sv> range: [0.250000, 2.907935]

  Specific heat peak locations:
    n=5: beta_c = 0.70
    n=6: beta_c = 0.30
    Peak locations DIFFER Ś beta_c may shift with n

  Free energy F(beta) = -log Z(beta) / beta:
      beta       F(n=5)       F(n=6)
  -------- ------------ ------------
      -2.0       1.4032       1.6957
      -1.0       3.9468       4.5818
       0.0 -3902071730103357.0000 -5184960683398444.0000
       1.0     -19.4194     -50.3676
       2.0     -17.0966     -47.5374
       3.0     -16.3878     -46.6770
       4.0     -16.0399     -46.2562
       5.0     -15.8318     -46.0048

  FINITE-SIZE SCALING:
  ============================================================
  If C_max ~ n^alpha, a first-order transition has alpha = d (dimension).
  For tournaments, the 'volume' scales as C(n,2) ~ n^2.

     n   C(n,2)        C_max   log(C_max)
     4        6       0.5617      -0.5767
     5       10       1.2667       0.2364
     6       15       1.3874       0.3274

  Effective exponent alpha (C_max ~ V^alpha, V=C(n,2)): 1.0125
  (alpha=1 for first-order, alpha<1 for continuous/crossover)


================================================================================
  SUMMARY OF KEY FINDINGS
================================================================================

  n=4:
    Specific heat peak: beta_c = 0.80, C_max = 0.5617
    <H> at beta=0 (uniform): 3.0000
    <H> at beta=5 (near max): 4.9999
    <score_var> at beta=0: 0.750000
    <score_var> at beta=5: 0.250015
    Score var change: -0.499985 (DECREASES toward H-maximizers)

  n=5:
    Specific heat peak: beta_c = 0.70, C_max = 1.2667
    <H> at beta=0 (uniform): 7.5000
    <H> at beta=5 (near max): 14.9998
    <score_var> at beta=0: 1.000000
    <score_var> at beta=5: 0.250013
    Score var change: -0.749987 (DECREASES toward H-maximizers)

  n=6:
    Specific heat peak: beta_c = 0.30, C_max = 1.3874
    <H> at beta=0 (uniform): 22.5734
    <H> at beta=5 (near max): 44.9997
    <score_var> at beta=0: 1.243233
    <score_var> at beta=5: 0.250000
    Score var change: -0.993233 (DECREASES toward H-maximizers)

  INTERPRETATION:
  The H(T) = I(Omega(T), 2) partition function defines a natural
  statistical ensemble on tournaments. Key physics:
  - beta > 0 favors H-maximizers (regular/Paley tournaments)
  - beta < 0 favors H-minimizers (near-transitive tournaments)
  - The specific heat peak indicates a crossover (or phase transition)
    between the 'disordered' (uniform) and 'ordered' (H-maximizing) regimes
  - Score variance serves as an order parameter:
    low sv = regular = high H, high sv = transitive = low H

================================================================================
  END OF STATISTICAL MECHANICS ANALYSIS
================================================================================
