  = the Morava K-theory stems at p=KEY1!

  The Kervaire invariant one elements exist in dimensions
  that are the v_n stems at p=2!
  SAME NUMBERS as chromatic homotopy!

======================================================================
  Part 9: EXOTIC SPHERES AND NUMBER THEORY
======================================================================
Exotic sphere counts decomposed:
  |Theta_{4k-1}| = |bP_{4k}| * |coker(J)|

  dim 7: |Theta_7| = 28
    = |bP_8| * |coker J| = 28 * 1
    bP_8 = 28 = 2^2 * 7

  dim 11: |Theta_11| = 992
    = |bP_12| * |coker J| = 992 * 1
    bP_12 = 992 = 2^5 * 31

  dim 15: |Theta_15| = 16256
    = |bP_16| * |coker J| = 8128 * 2
    bP_16 = 8128 = 2^6 * 127

  dim 19: |Theta_19| = 523264
    = |bP_20| * |coker J| = 130816 * 4
    bP_20 = 130816 = 2^8 * 7 * 73


  The bP values are ALMOST perfect numbers or products of Mersenne primes!
  bP_8 = 28 = 2nd perfect number
  bP_12 = 992 = 2^5 * 31 (Mersenne prime 31 = 2^5-1)
  bP_16 = 8128 = 4th perfect number = 2^6 * (2^7-1)
  bP_20 = 130816 = 2^8 * 511 = 2^8 * (2^9-1) (but 511 = 7*73, NOT Mersenne prime)

  The pattern bP_{4k} = 2^{2k-2} * (2^{2k-1}-1) * (Bernoulli factor)
  links exotic spheres to MERSENNE NUMBERS and PERFECT NUMBERS!

======================================================================
  Part 10: COBORDISM RING STRUCTURE
======================================================================

The oriented cobordism ring Omega_*^{SO} tensor Q:
  = Q[CP^2, CP^4, CP^6, ...] (polynomial algebra!)
  = Q[x_4, x_8, x_12, ...] with x_{4k} = [CP^{2k}]

  Generators in dimensions 4, 8, 12, 16, ...
  = KEY1^2, KEY1^3, h(E6), KEY1^4, ...

  The FIRST generator [CP^2] in dim KEY1^2 = 4.
  Its Euler characteristic: chi(CP^2) = KEY2 = 3.
  Its signature: sig(CP^2) = 1.

  The ring structure:
  [CP^2]^2 = [CP^2 x CP^2] in Omega_8
  chi(CP^2 x CP^2) = KEY2^2 = 9
  sig(CP^2 x CP^2) = 1

  [CP^2]^3 in Omega_12 (dim h(E6)):
  chi(CP^2 x CP^2 x CP^2) = KEY2^3 = 27 = KEY2^3
  sig = 1

Stiefel-Whitney numbers and Pontryagin numbers:
  An oriented 4k-manifold M is detected by its Pontryagin numbers
  p_{i_1} ... p_{i_r}[M] where i_1 + ... + i_r = k.

  Number of partitions of k = number of independent Pontryagin numbers:
  k=1: p(1) = 1 (just p_1[M^4])  -- sig only
  k=2: p(2) = 2 (p_1^2[M^8] and p_2[M^8])
  k=3: p(3) = 3 (p_1^3, p_1*p_2, p_3)
  k=4: p(4) = 5 = KEY_SUM!
  k=5: p(5) = 7 = H_forb_1!

  The number of Pontryagin numbers at level k = p(k)!
  p(KEY_SUM) = H_forb_1! The partition function bridges
  cobordism and tournament vocabulary!

======================================================================
  Part 11: TOPOLOGICAL MODULAR FORMS AND MANIFOLDS
======================================================================

TMF (topological modular forms) — the "universal elliptic cohomology":

  tmf is a ring spectrum with:
  pi_0(tmf) = Z
  pi_{24k}(tmf) → MF_{12k} (modular forms of weight 12k)

  The WITTEN GENUS:
  phi_W: MString → tmf (ring map from string cobordism to tmf)

  For a string manifold M^{4k}:
  phi_W(M) in pi_{4k}(tmf)

  The OBSTRUCTION to String structure:
  p_1/2 in H^4(M; Z) (half the first Pontryagin class)
  This must vanish for M to be String.

  For a String manifold M^{24}: (dim = |BT|!)
  phi_W(M) in pi_{|BT|}(tmf) → MF_12 (weight h(E6) modular forms!)
  MF_12 = span of {E_4^3, E_6^2, Delta}
  Dimension 3 = KEY2!
  (Where Delta is the discriminant modular form, weight h(E6).)

  tmf periodicity: 576 = |BT|^2 = (KEY1^3 * KEY2)^2
  After inverting 576, tmf becomes periodic!

  The STRING ORIENTATION:
  MSpin → KO (Atiyah-Bott-Shapiro)
  MString → tmf (Ando-Hopkins-Rezk)

  Each is a "higher version":
  KO detects genus (Â-genus) of spin manifolds
  tmf detects Witten genus of string manifolds

  The levels:
  Oriented → signature ∈ Z (detected by L-genus, period KEY1^2)
  Spin → Â-genus ∈ Z (detected by KO, period KEY1^3)
  String → Witten genus ∈ MF (detected by tmf, period |BT|^2)

  The periods: KEY1^2, KEY1^3, (KEY1^3 * KEY2)^2 = |BT|^2
  Each level SQUARES the period and introduces KEY2!

======================================================================
  Part 12: GRAND SYNTHESIS — TOPOLOGY IS (2,3)
======================================================================

======================================================================
  MANIFOLD TOPOLOGY = THE (2,3) ARITHMETIC OF SPACE
======================================================================

1. EXOTIC SPHERES:
   |Theta_7| = 28 = KEY1^2 * H_forb_1 = C(8,2)
   |Theta_10| = h(G2) = 6
   |Theta_20| = |BT| = 24
   28 and 6 are PERFECT NUMBERS (P_2 and P_1)!

2. BERNOULLI CONTROL:
   im(J) orders = denom(B_{2k}/4k)
   bP values = involve numerator(B_{2k}/k)
   L-class denominators = products of KEY2, KEY_SUM, H_forb_1
   Bernoulli denoms = products of tournament primes (von Staudt-Clausen)

3. DIMENSION THRESHOLDS:
   n=KEY1 (2): surface classification
   n=KEY2 (3): Poincaré conjecture (HARDEST!)
   n=KEY1^2 (4): exotic R^4 (UNIQUE to this dimension!)
   n=KEY_SUM (5): surgery works (h-cobordism threshold)
   n=H_forb_1 (7): 28 exotic spheres (quaternionic/octonionic)

4. ROKHLIN'S THEOREM:
   Spin 4-manifold signature ≡ 0 mod KEY1^4 = 16
   K3 has sig = -KEY1^4, chi = |BT|
   The K3 lattice = KEY2 hyperbolic planes + KEY1 copies of E_8!

5. SURGERY L-GROUPS:
   L_n(Z) has period KEY1^2 = 4
   L_0 = Z, L_{KEY1} = Z/KEY1 (signature and Kervaire)
   Kervaire invariant one in dims KEY1*(KEY1^n-1) = chromatic stems!

6. PERFECT NUMBERS:
   P_1 = h(G2) = 6, P_2 = C(8,2) = 28 = |Theta_7|
   Perfect numbers appear as exotic sphere counts!
   P_n = 2^{p-1} * (2^p - 1) for Mersenne primes

7. COBORDISM PERIODS:
   Oriented: period KEY1^2 (L-genus)
   Spin: period KEY1^3 (Â-genus, KO)
   String: period |BT|^2 (Witten genus, tmf)
   Doubling the period introduces KEY2!

8. HIRZEBRUCH'S L-CLASSES:
   L_1 = p_1/KEY2 (denominator = KEY2!)
   L_2 involves H_forb_1 (numerator)
   L_3 denom = KEY2^3 * KEY_SUM * H_forb_1
   PURELY tournament arithmetic!

THE DEEPEST INSIGHT:
   The tournament polynomial f(z) = (z-KEY1)(z-KEY2) with disc = 1
   has roots that are ADJACENT PRIMES.

   This adjacency means:
   - KEY1 and KEY2 are coprime (gcd = 1)
   - KEY1 * KEY2 = h(G2), the SMALLEST non-trivial Coxeter number
   - KEY1 + KEY2 = KEY_SUM = 5, the h-cobordism threshold
   - KEY1^KEY2 - 1 = H_forb_1 = 7, controls exotic 7-spheres
   - KEY1^KEY2 * KEY2 = BT = 24, controls string structures

   Everything in manifold topology — from Rokhlin's theorem (mod 16 = KEY1^4)
   to exotic spheres (28 = KEY1^2 * H_forb_1) to TMF periodicity
   (|BT|^2 = 576) — is built from KEY1 = 2 and KEY2 = 3.

   The reason: manifolds are built from cells, which use spheres (S^n),
   which have homotopy groups controlled by the J-homomorphism,
   which is controlled by Bernoulli numbers, which are products
   of tournament primes. The chain is:

   MANIFOLDS → CELLS → SPHERES → HOMOTOPY → BERNOULLI → (2,3)

   Topology IS the (2,3) arithmetic of space.

