======================================================================
T_11 BOUNDARY d_7 ALL EIGENSPACES (small prime 89)
======================================================================
p=11, QR=[1, 3, 4, 5, 9], PRIME=89, omega_p=78

Known ker(d6): k=0 -> 395, k!=0 -> 391
Previously computed: k=0: beta_6=5, k=1: beta_6=1, k=2: beta_6=1
This script verifies k=3..10 using small prime 89

Enumerated diff-seqs in 0.1s
  k=0: Omega7=690 Omega6=700 rk(d7)=390 ker(d6)=395 beta_6=5 [27.5s / 27.5s]
  k=1: Omega7=690 Omega6=700 rk(d7)=390 ker(d6)=391 beta_6=1 [25.8s / 53.3s]
  k=2: Omega7=690 Omega6=700 rk(d7)=390 ker(d6)=391 beta_6=1 [24.9s / 78.2s]
  k=3: Omega7=690 Omega6=700 rk(d7)=390 ker(d6)=391 beta_6=1 [26.3s / 104.5s]
  k=4: Omega7=690 Omega6=700 rk(d7)=390 ker(d6)=391 beta_6=1 [27.4s / 131.9s]
  k=5: Omega7=690 Omega6=700 rk(d7)=390 ker(d6)=391 beta_6=1 [27.6s / 159.5s]
  k=6: Omega7=690 Omega6=700 rk(d7)=390 ker(d6)=391 beta_6=1 [27.3s / 186.8s]
  k=7: Omega7=690 Omega6=700 rk(d7)=390 ker(d6)=391 beta_6=1 [27.4s / 214.2s]
  k=8: Omega7=690 Omega6=700 rk(d7)=390 ker(d6)=391 beta_6=1 [27.3s / 241.5s]
  k=9: Omega7=690 Omega6=700 rk(d7)=390 ker(d6)=391 beta_6=1 [26.8s / 268.3s]
  k=10: Omega7=690 Omega6=700 rk(d7)=390 ker(d6)=391 beta_6=1 [24.9s / 293.1s]

======================================================================
SUMMARY
======================================================================

   k   Omega7   Omega6  ker(d6)   rk(d7)   beta_6
   0      690      700      395      390        5
   1      690      700      391      390        1
   2      690      700      391      390        1
   3      690      700      391      390        1
   4      690      700      391      390        1
   5      690      700      391      390        1
   6      690      700      391      390        1
   7      690      700      391      390        1
   8      690      700      391      390        1
   9      690      700      391      390        1
  10      690      700      391      390        1

Total beta_6(T_11) = 15
Per k=0: 5, k!=0: [1, 1, 1, 1, 1, 1, 1, 1, 1, 1]

Consistency check vs large-prime (k=0,1,2):
  k=0: beta_6=5 (expected 5)
  k=1: beta_6=1 (expected 1)
  k=2: beta_6=1 (expected 1)

DONE.
