======================================================================
T_11 FULL OMEGA DIMENSIONS (degrees 0-10, all eigenspaces)
======================================================================
omega_11 = 298192073 (mod 2147483647)
QR_11 = [1, 3, 4, 5, 9]

Diff seqs enumerated in 0.3s
  deg 0: 1 seqs
  deg 1: 5 seqs
  deg 2: 25 seqs
  deg 3: 110 seqs
  deg 4: 430 seqs
  deg 5: 1430 seqs
  deg 6: 3970 seqs
  deg 7: 8735 seqs
  deg 8: 14395 seqs
  deg 9: 15745 seqs
  deg 10: 8645 seqs
  deg 11: 0 seqs

Precomputing face structure...
  deg 1: |A|=5, |junk|=0
  deg 2: |A|=25, |junk|=5
  deg 3: |A|=110, |junk|=40
  deg 4: |A|=430, |junk|=250
  deg 5: |A|=1430, |junk|=1220
  deg 6: |A|=3970, |junk|=4890
  deg 7: |A|=8735, |junk|=15230
  deg 8: |A|=14395, |junk|=35145
  deg 9: |A|=15745, |junk|=52550
  deg 10: |A|=8645, |junk|=38675

Traceback (most recent call last):
  File "C:\Users\Eliott\Documents\GitHub\math\04-computation\t11_omega_dims_full.py", line 247, in <module>
    main()
    ~~~~^^
  File "C:\Users\Eliott\Documents\GitHub\math\04-computation\t11_omega_dims_full.py", line 200, in main
    rk = gauss_rank_mod(C, PRIME)
  File "C:\Users\Eliott\Documents\GitHub\math\04-computation\t11_omega_dims_full.py", line 85, in gauss_rank_mod
    C = C.copy() % prime
        ~~~~~~^^
numpy._core._exceptions._ArrayMemoryError: Unable to allocate 3.77 GiB for an array with shape (35145, 14395) and data type int64
