======================================================================
T_11 HIGHER BETTI VERIFICATION (beta_7 through beta_10 = 0?)
======================================================================
p=11, QR=[1, 3, 4, 5, 9], PRIME=89, omega_p=78

Per-eigenspace Omega dims: [1, 5, 20, 70, 205, 460, 700, 690, 450, 180, 30]

Known: rk(d_7)=390 for all k -> ker(d_7)=300

For beta_7=0 need: rk(d_8) = 300
For beta_8=0 need: rk(d_9) = 150  (= 450-300)
For beta_9=0 need: rk(d_10) = 30   (= 180-150)
For beta_10=0: ker(d_10) = 30-rk(d_10) and im(d_11)=0 -> beta_10 = 30-rk(d_10)
  => need rk(d_10) = 30 (injective)

Enumerated diff-seqs in 0.1s

--- Eigenspace k=0 ---
  rk(d8): Omega7=690 Omega8=450 rk=300 ker(d8)=150 beta_7=0 [75.0s]
  rk(d9): Omega8=450 Omega9=180 rk=150 ker(d9)=30 beta_8=0 [130.3s]
  rk(d10): Omega9=180 Omega10=30 rk=30 ker(d10)=0 beta_9=0 beta_10=0 [87.5s]
  Total time for k=0: 292.8s

--- Eigenspace k=1 ---
  rk(d8): Omega7=690 Omega8=450 rk=300 ker(d8)=150 beta_7=0 [70.9s]
  rk(d9): Omega8=450 Omega9=180 rk=150 ker(d9)=30 beta_8=0 [112.4s]
  rk(d10): Omega9=180 Omega10=30 rk=30 ker(d10)=0 beta_9=0 beta_10=0 [82.1s]
  Total time for k=1: 265.4s


Expected: all beta_7=beta_8=beta_9=beta_10=0
=> rk(d8)=300, rk(d9)=150, rk(d10)=30

DONE.
