================================================================================
EXACT RATIONAL AFFINE FORMULA: Ω_m = c_0 + Σ c_j * e_{j+1}
================================================================================

Ω_0 = 1 (universal)

Ω_1 = 6 (universal)

Ω_2 = 30 (universal)

Ω_3:
  const  = 131332/767 = 171.228162
  e_2    = -1037/1534 = -0.676010
  e_3    = 349/1534 = 0.227510
  e_4    = -105/1534 = -0.068449
  e_5    = 5/1534 = 0.003259
  e_6    = 20/767 = 0.026076
  Common denom = 1534
  Ω_3 = (262664*const + -1037*e_2 + 349*e_3 + -105*e_4 + 5*e_5 + 40*e_6) / 1534

Ω_4:
  const  = 2526941/3068 = 823.644394
  e_2    = -4435/767 = -5.782269
  e_3    = 1477/767 = 1.925684
  e_4    = -430/767 = -0.560626
  e_5    = 55/1534 = 0.035854
  e_6    = 45/236 = 0.190678
  Common denom = 3068
  Ω_4 = (2526941*const + -17740*e_2 + 5908*e_3 + -1720*e_4 + 110*e_5 + 585*e_6) / 3068

Ω_5:
  const  = 46794543/15340 = 3050.491721
  e_2    = -98291/3835 = -25.629987
  e_3    = 29877/3835 = 7.790613
  e_4    = -1520/767 = -1.981747
  e_5    = 97/1534 = 0.063233
  e_6    = 2083/3068 = 0.678944
  Common denom = 15340
  Ω_5 = (46794543*const + -393164*e_2 + 119508*e_3 + -30400*e_4 + 970*e_5 + 10415*e_6) / 15340

Ω_6:
  const  = 70929485/9204 = 7706.376032
  e_2    = -220273/4602 = -47.864624
  e_3    = 32939/4602 = 7.157540
  e_4    = 4369/4602 = 0.949370
  e_5    = -3814/2301 = -1.657540
  e_6    = 13121/9204 = 1.425576
  Common denom = 9204
  Ω_6 = (70929485*const + -440546*e_2 + 65878*e_3 + 8738*e_4 + -15256*e_5 + 13121*e_6) / 9204

Ω_7:
  const  = 9589301/767 = 12502.348110
  e_2    = 40883/1534 = 26.651239
  e_3    = -78127/1534 = -50.930248
  e_4    = 42957/1534 = 28.003259
  e_5    = -15211/1534 = -9.915906
  e_6    = 103/767 = 0.134289
  Common denom = 1534
  Ω_7 = (19178602*const + 40883*e_2 + -78127*e_3 + 42957*e_4 + -15211*e_5 + 206*e_6) / 1534

Ω_8:
  const  = 635386883/46020 = 13806.755389
  e_2    = 3117379/11505 = 270.958627
  e_3    = -2300303/11505 = -199.939418
  e_4    = 205321/2301 = 89.231204
  e_5    = -105877/4602 = -23.006736
  e_6    = -7985/708 = -11.278249
  Common denom = 46020
  Ω_8 = (635386883*const + 12469516*e_2 + -9201212*e_3 + 4106420*e_4 + -1058770*e_5 + -519025*e_6) / 46020

Ω_9:
  const  = 202395499/15340 = 13193.969948
  e_2    = 1796507/3835 = 468.450326
  e_3    = -1232584/3835 = -321.403911
  e_4    = 104603/767 = 136.379400
  e_5    = -44303/1534 = -28.880704
  e_6    = -82681/3068 = -26.949478
  Common denom = 15340
  Ω_9 = (202395499*const + 7186028*e_2 + -4930336*e_3 + 2092060*e_4 + -443030*e_5 + -413405*e_6) / 15340

Ω_10:
  const  = 253865623/23010 = 11032.838896
  e_2    = 705347/1770 = 398.501130
  e_3    = -497689/1770 = -281.180226
  e_4    = 541643/4602 = 117.697306
  e_5    = -7441/354 = -21.019774
  e_6    = -137785/4602 = -29.940243
  Common denom = 23010
  Ω_10 = (253865623*const + 9169511*e_2 + -6469957*e_3 + 2708215*e_4 + -483665*e_5 + -688925*e_6) / 23010

Ω_11:
  const  = 267357691/46020 = 5809.597805
  e_2    = 4185901/23010 = 181.916601
  e_3    = -3102497/23010 = -134.832551
  e_4    = 259357/4602 = 56.357453
  e_5    = -19873/2301 = -8.636680
  e_6    = -155617/9204 = -16.907540
  Common denom = 46020
  Ω_11 = (267357691*const + 8371802*e_2 + -6204994*e_3 + 2593570*e_4 + -397460*e_5 + -778085*e_6) / 46020

Ω_12:
  const  = 11965471/9204 = 1300.029444
  e_2    = 165865/4602 = 36.041938
  e_3    = -128045/4602 = -27.823772
  e_4    = 4133/354 = 11.675141
  e_5    = -3857/2301 = -1.676228
  e_6    = -34157/9204 = -3.711104
  Common denom = 9204
  Ω_12 = (11965471*const + 331730*e_2 + -256090*e_3 + 107458*e_4 + -15428*e_5 + -34157*e_6) / 9204

================================================================================
chi_per EXACT FORMULA
================================================================================
chi_per values: [1, -3, -8, 4, 1, -17]

chi_per = (-506091*const + 17528*e_2 + -10916*e_3 + 4640*e_4 + 650*e_5 + -4535*e_6) / 15340
  const  = -506091/15340
  e_2    = 4382/3835
  e_3    = -2729/3835
  e_4    = 232/767
  e_5    = 5/118
  e_6    = -907/3068

  Verification:
  e_j=(70, 84, 45, 11, 1): chi_per = 1 (actual 1) ✓
  e_j=(122, 305, 357, 180, 27): chi_per = -3 (actual -3) ✓
  e_j=(148, 448, 604, 362, 79): chi_per = -8 (actual -8) ✓
  e_j=(161, 552, 812, 375, 53): chi_per = 4 (actual 4) ✓
  e_j=(161, 552, 851, 570, 131): chi_per = 1 (actual 1) ✓
  e_j=(174, 721, 1566, 1701, 729): chi_per = -17 (actual -17) ✓

================================================================================
DENOMINATOR ANALYSIS
================================================================================
  Ω_3: common denominator = 1534, factored = [2, 13, 59]
  Ω_4: common denominator = 3068, factored = [2, 2, 13, 59]
  Ω_5: common denominator = 15340, factored = [2, 2, 5, 13, 59]
  Ω_6: common denominator = 9204, factored = [2, 2, 3, 13, 59]
  Ω_7: common denominator = 1534, factored = [2, 13, 59]
  Ω_8: common denominator = 46020, factored = [2, 2, 3, 5, 13, 59]
  Ω_9: common denominator = 15340, factored = [2, 2, 5, 13, 59]
  Ω_10: common denominator = 23010, factored = [2, 3, 5, 13, 59]
  Ω_11: common denominator = 46020, factored = [2, 2, 3, 5, 13, 59]
  Ω_12: common denominator = 9204, factored = [2, 2, 3, 13, 59]

  chi_per: common denominator = 9204

DONE.
