======================================================================
PART 1: THE TOURNAMENT POLYNOMIAL z^2 - 5z + 6 = (z-2)(z-3)
======================================================================

  For a tournament T on n <= 8 vertices:
    I(Omega(T), x) = 1 + alpha_1 * x + alpha_2 * x^2

  This is a polynomial in x of degree 2.

  The TWO roots of I(x) = 0 are:
    x = (-alpha_1 +/- sqrt(alpha_1^2 - 4*alpha_2)) / (2*alpha_2)

  But more naturally, we evaluate at INTEGERS x = 2, 3.
  The polynomial z^2 - 5z + 6 = (z-2)(z-3) encodes these evaluation points.

  KEY RELATIONSHIPS:
    z1 + z2 = 5     (sum of roots = 5)
    z1 * z2 = 6     (product = 6 = Vandermonde V(2,3))
    z1 - z2 = -1    (difference = -1)
    |z1 - z2| = 1   (gap = 1)

  The Vandermonde det = z1*z2*(z2-z1) = 6*1 = 6.

  I(z1) = H, I(z2) = I_3.
  So: I evaluated at the roots of z^2-5z+6 gives (H, I_3).

======================================================================
PART 2: I(x) AT VARIOUS INTEGER POINTS
======================================================================

  n=7: 200 random tournaments

  I(x) statistics:
    I(-2): mean=     -41.1, range=[   -87,     -3]
    I(-1): mean=     -24.5, range=[   -51,     -1]
    I( 0): mean=       1.0, range=[     1,      1]
    I( 1): mean=      35.5, range=[     3,     69]
    I( 2): mean=      79.0, range=[     5,    157]
    I( 3): mean=     131.4, range=[     7,    271]
    I( 4): mean=     192.8, range=[     9,    409]
    I( 5): mean=     263.2, range=[    11,    571]

======================================================================
PART 3: FACTORED FORM OF I(x)
======================================================================

  I(x) = 1 + alpha_1*x + alpha_2*x^2 = alpha_2*(x - r1)*(x - r2)
  where r1, r2 are the roots of I(x) = 0.

  If alpha_2 > 0: I(x) has two real roots (since discriminant
  = alpha_1^2 - 4*alpha_2 can be positive, zero, or negative).

  If alpha_2 = 0: I(x) = 1 + alpha_1*x is LINEAR, root at x = -1/alpha_1.


  Roots of I(x) = 0 at n=7:
    alpha1= 54, alpha2= 12: disc= 2868, roots x=-0.0186, -4.4814
    alpha1= 48, alpha2= 12: disc= 2256, roots x=-0.0209, -3.9791
    alpha1= 28, alpha2=  4: disc=  768, roots x=-0.0359, -6.9641
    alpha1= 38, alpha2=  8: disc= 1412, roots x=-0.0265, -4.7235
    alpha1= 14, alpha2=  2: disc=  188, roots x=-0.0722, -6.9278
    alpha1= 37, alpha2=  4: disc= 1353, roots x=-0.0271, -9.2229
    alpha1= 28, alpha2=  2: disc=  776, roots x=-0.0358, -13.9642
    alpha1= 42, alpha2=  7: disc= 1736, roots x=-0.0239, -5.9761
    alpha1= 36, alpha2=  4: disc= 1280, roots x=-0.0279, -8.9721
    alpha1= 35, alpha2=  5: disc= 1205, roots x=-0.0287, -6.9713
    alpha1= 25, alpha2=  2: disc=  617, roots x=-0.0401, -12.4599
    alpha1= 51, alpha2=  8: disc= 2569, roots x=-0.0197, -6.3553
    alpha1= 19, alpha2=0: LINEAR, root x=-0.0526
    alpha1= 20, alpha2=  2: disc=  392, roots x=-0.0503, -9.9497
    alpha1= 37, alpha2=  7: disc= 1341, roots x=-0.0272, -5.2585
    alpha1= 36, alpha2=  6: disc= 1272, roots x=-0.0279, -5.9721
    alpha1= 50, alpha2=  8: disc= 2468, roots x=-0.0201, -6.2299
    alpha1= 51, alpha2=  8: disc= 2569, roots x=-0.0197, -6.3553
    alpha1=  7, alpha2=0: LINEAR, root x=-0.1429
    alpha1= 12, alpha2=  1: disc=  140, roots x=-0.0839, -11.9161

  Discriminant statistics (alpha_2 > 0 cases: 178/200):
    disc > 0 (real roots): 178/178
    disc = 0 (double root): 0/178
    disc < 0 (complex roots): 0/178

======================================================================
PART 4: WHEN DOES I(x) = z^2 - 5z + 6?
======================================================================

  z^2 - 5z + 6 = 6 - 5z + z^2
  Comparing with I(x) = 1 + alpha_1*x + alpha_2*x^2:
    alpha_0 = 6 (not 1!)

  So I(x) ≠ z^2-5z+6 directly. But we can ask:
  Is there a NORMALIZED form where the evaluation points 2,3
  are the roots?

  The polynomial with roots 2,3 and constant term 1:
    (1 - x/2)(1 - x/3) = 1 - 5x/6 + x^2/6

  So: I(x) = 1 + alpha_1*x + alpha_2*x^2
  would have roots at 2 and 3 iff:
    alpha_1 = -5/6, alpha_2 = 1/6

  This corresponds to alpha_1 = -5/6 (NEGATIVE — impossible since alpha_1
  counts cycles!) and alpha_2 = 1/6 (not an integer).

  So I(x) never literally has roots at 2 and 3. But there's a deeper
  connection: the RATIO I(3)/I(2) = I_3/H is the key invariant.

  I(3)/I(2) = I_3/H statistics (200 samples at n=7):
    mean: 1.6385
    range: [1.4000, 1.7591]
    For transitive T: I(3)/I(2) = 1/1 = 1
    For I(x) = 1+ax+bx^2: I(3)/I(2) = (1+3a+9b)/(1+2a+4b)

    Fraction I(3)/I(2) vs 3/2 = 1.5:
    |I_3/H - 3/2| < 0.1: 21.5%

======================================================================
PART 5: THE r-NACCI FAMILY
======================================================================

  For each integer r >= 2, define the r-nacci:
    x_n = r * (x_{n-1} + x_{n-2} + ... + x_{n-k}) / (r-1)

  Wait, let me be more precise.

  The characteristic equation x^{k+1} - r*x^k + (r-1) = 0
  has dominant root phi_k(r) → r as k → ∞.

  Error: phi_k(r) ≈ r - (r-1)/r^k

  This gives a FAMILY of convergences, one for each r:
    r=2: phi_k(2) → 2 at rate 1/2^k (standard k-nacci)
    r=3: phi_k(3) → 3 at rate 2/3^k (doubled k-nacci)
    r=4: phi_k(4) → 4 at rate 3/4^k (tripled k-nacci)
    r=5: phi_k(5) → 5 at rate 4/5^k (quadrupled k-nacci)

  Error(r) = (r-1)/r^k.
  Error ratio: err(r+1)/err(r) = (r/(r-1)) * (r/(r+1))^k

  For k=n and large n: err(r+1)/err(r) → 0, so EACH subsequent
  evaluation point converges FASTER than the previous.
  3 converges faster than 2, 4 faster than 3, etc.

  BUT: the Vandermonde extraction DIVIDES by det ∝ prod(r_i - r_j),
  which grows with the number of evaluation points. So the
  EXTRACTION precision DEGRADES even as the CONVERGENCE improves.

  This is the fundamental tension:
    - More evaluation points → more information (higher alpha_k)
    - More points → higher Vandermonde denominator → less precision
    - Net effect: the first two points (2,3) are always THE most
      informative, with diminishing returns for each additional point.

  Verification of error formula phi_k(r) ≈ r - (r-1)/r^k:
    r=2, k= 5: err=0.03405176, (r-1)/r^k=0.03125000, match=0.9103
    r=2, k=10: err=0.00098137, (r-1)/r^k=0.00097656, match=0.9951
    r=3, k= 5: err=0.00834590, (r-1)/r^k=0.00823045, match=0.9860
    r=3, k=10: err=0.00003387, (r-1)/r^k=0.00003387, match=0.9999
    r=4, k= 5: err=0.00294048, (r-1)/r^k=0.00292969, match=0.9963
    r=4, k=10: err=0.00000286, (r-1)/r^k=0.00000286, match=1.0000
    r=5, k= 5: err=0.00128164, (r-1)/r^k=0.00128000, match=0.9987
    r=5, k=10: err=0.00000041, (r-1)/r^k=0.00000041, match=1.0000

======================================================================
PART 6: SYMMETRIC FUNCTIONS OF I(2) AND I(3)
======================================================================

  H + I_3 = 2 + 5*alpha_1 + 13*alpha_2
  H * I_3 = (1+2a1+4a2)(1+3a1+9a2)
          = 1 + 5a1 + 13a2 + 6a1^2 + 30a1*a2 + 36a2^2

  The SUM: H + I_3 = 2 + 5*a1 + 13*a2
    Note: 5 = 2+3 (sum of roots), 13 = 4+9 = 2^2+3^2 (sum of squares)

  The PRODUCT: H * I_3 = 1 + 5a1 + 13a2 + 6(a1^2+5a1*a2+6a2^2)
    Note: 6 = 2*3 (product of roots)
    The quadratic part: 6(a1+2a2)(a1+3a2) = 6*I'(2)*I'(3)/4... not quite.

  H + I_3 mod 5: {3: 51, 4: 19, 1: 39, 2: 44, 0: 47}
  H * I_3 mod 6: {1: 55, 4: 24, 5: 28, 2: 38, 0: 33, 3: 22}

  H + I_3 ≡ 2 + 3*alpha_2 (mod 5)
    alpha_2= 12, H+I_3=  428, mod5=3 (expected 3)
    alpha_2= 12, H+I_3=  398, mod5=3 (expected 3)
    alpha_2=  4, H+I_3=  194, mod5=4 (expected 4)
    alpha_2=  8, H+I_3=  296, mod5=1 (expected 1)
    alpha_2=  2, H+I_3=   98, mod5=3 (expected 3)
    alpha_2=  4, H+I_3=  239, mod5=4 (expected 4)
    alpha_2=  2, H+I_3=  168, mod5=3 (expected 3)
    alpha_2=  7, H+I_3=  303, mod5=3 (expected 3)
    alpha_2=  4, H+I_3=  234, mod5=4 (expected 4)
    alpha_2=  5, H+I_3=  242, mod5=2 (expected 2)

======================================================================
PART 7: NEWTON IDENTITIES FOR THE 2-3 SYSTEM
======================================================================

  If we view 2 and 3 as "eigenvalues" of some operator, then:
    e_1 = 2 + 3 = 5 (1st elementary symmetric)
    e_2 = 2 * 3 = 6 (2nd elementary symmetric)
    p_1 = 2 + 3 = 5 (1st power sum)
    p_2 = 4 + 9 = 13 (2nd power sum)

  Newton's identities: p_k = e_1*p_{k-1} - e_2*p_{k-2}
    p_1 = 5
    p_2 = 5*5 - 2*6 = 25-12 = 13 ✓
    p_3 = 5*13 - 6*5 = 65-30 = 35 = 8+27 = 2^3+3^3 ✓
    p_4 = 5*35 - 6*13 = 175-78 = 97 = 16+81 = 2^4+3^4 ✓

  The power sums p_k = 2^k + 3^k satisfy the recurrence p_k = 5p_{k-1} - 6p_{k-2}.
  This is EXACTLY the characteristic equation z^2 - 5z + 6 = 0!

  Now: I(x) evaluated at integer x gives I(x) = 1 + a1*x + a2*x^2.
  The "power sum" S_k = I(2^k) + I(3^k)... no, that's not right.
  But the VALUES p_k = 2^k + 3^k do follow z^2-5z+6=0.

  CONNECTION TO TOURNAMENT EVALUATION:
    Define T_k = I(k) = 1 + a1*k + a2*k^2 for the tournament.
    Then T_2 = H, T_3 = I_3, T_4 = I_4, etc.

  The "step" T_{k+1} - T_k = a1 + (2k+1)*a2 (HYP-968).
  The "second step" (T_{k+2}-T_{k+1}) - (T_{k+1}-T_k) = 2*a2.
  So the second differences are CONSTANT = 2*alpha_2.

  This means: the sequence I(0), I(1), I(2), I(3), I(4), ...
  is a QUADRATIC sequence with constant second differences.

  I(0) = 1
  I(1) = 1 + a1 + a2
  I(2) = H = 1 + 2a1 + 4a2
  I(3) = I_3 = 1 + 3a1 + 9a2
  I(4) = 1 + 4a1 + 16a2

  Second differences: I(k+2) - 2I(k+1) + I(k) = 2a2 for all k.

  In particular:
    I(4) - 2I(3) + I(2) = 2*alpha_2
    H - 2I_3 + I(4) = ... no, H = I(2).
    I(4) - 2I(3) + H = 2*alpha_2

  And: I_3 - 2H + I(1) = 2*alpha_2
  So: I(1) = 2H - I_3 + 2*alpha_2 = 2H - I_3 + (2I_3 - 3H + 1)/3
  Hmm, let me just compute.

  Verification: I(k+2)-2I(k+1)+I(k) = 2*alpha_2
    alpha_2=12: all second differences = 24 ✓
    alpha_2=12: all second differences = 24 ✓
    alpha_2=4: all second differences = 8 ✓
    alpha_2=8: all second differences = 16 ✓
    alpha_2=2: all second differences = 4 ✓

======================================================================
PART 8: I(1) AND THE EDGE COUNT
======================================================================

  I(1) = 1 + alpha_1 + alpha_2 (total independent sets of Omega):
    range: [3, 69]
    mean: 35.5

  I(0) = 1 always (empty set)
  I(1) = total number of independent sets
  I(2) = H = binary-weighted count of independent sets
  I(3) = ternary-weighted count
  I(-1) = alternating count (Euler char of independence complex)
  I(-2) = 1 - 2*alpha_1 + 4*alpha_2

  I(-2) statistics at n=7:
    range: [-87, -3]
    mean: -41.1

  I(-2) = H - 4*alpha_1 = 1 - 2*alpha_1 + 4*alpha_2
  I(-2) > 0 iff 1 + 4*alpha_2 > 2*alpha_1
  I(-2) > 0: 0/200 = 0.0%

Done.
