  n=6: 0/32768
  n=6: 10000/32768
  n=6: 20000/32768
  n=6: 30000/32768
======================================================================
PART 1: SCORE POLYTOPE VERTICES
======================================================================

n=4: Score polytope:
  #distinct score sequences: 4
    (0, 1, 2, 3) (sum=6)
    (0, 2, 2, 2) (sum=6)
    (1, 1, 1, 3) (sum=6)
    (1, 1, 2, 2) (sum=6)

n=5: Score polytope:
  #distinct score sequences: 9
    (0, 1, 2, 3, 4) (sum=10)
    (0, 1, 3, 3, 3) (sum=10)
    (0, 2, 2, 2, 4) (sum=10)
    (0, 2, 2, 3, 3) (sum=10)
    (1, 1, 1, 3, 4) (sum=10)
    (1, 1, 2, 2, 4) (sum=10)
    (1, 1, 2, 3, 3) (sum=10)
    (1, 2, 2, 2, 3) (sum=10)
    (2, 2, 2, 2, 2) (sum=10)

n=6: Score polytope:
  #distinct score sequences: 22
    (0, 1, 2, 3, 4, 5) (sum=15)
    (0, 1, 2, 4, 4, 4) (sum=15)
    (0, 1, 3, 3, 3, 5) (sum=15)
    (0, 1, 3, 3, 4, 4) (sum=15)
    (0, 2, 2, 2, 4, 5) (sum=15)
    (0, 2, 2, 3, 3, 5) (sum=15)
    (0, 2, 2, 3, 4, 4) (sum=15)
    (0, 2, 3, 3, 3, 4) (sum=15)
    (0, 3, 3, 3, 3, 3) (sum=15)
    (1, 1, 1, 3, 4, 5) (sum=15)
    (1, 1, 1, 4, 4, 4) (sum=15)
    (1, 1, 2, 2, 4, 5) (sum=15)
    (1, 1, 2, 3, 3, 5) (sum=15)
    (1, 1, 2, 3, 4, 4) (sum=15)
    (1, 1, 3, 3, 3, 4) (sum=15)
    (1, 2, 2, 2, 3, 5) (sum=15)
    (1, 2, 2, 2, 4, 4) (sum=15)
    (1, 2, 2, 3, 3, 4) (sum=15)
    (1, 2, 3, 3, 3, 3) (sum=15)
    (2, 2, 2, 2, 2, 5) (sum=15)
    (2, 2, 2, 2, 3, 4) (sum=15)
    (2, 2, 2, 3, 3, 3) (sum=15)

======================================================================
PART 2: H vs SCORE — LINEARITY
======================================================================

n=4: Linear regression H ~ score:
  Coefficients: [4. 2. 2.]
  Intercept: -5.0000
  R² = 1.000000
  Perfect fit: True
  Quadratic R² = 1.000000

n=5: Linear regression H ~ score:
  Coefficients: [8.04968944 5.60448808 4.02484472 2.44520136]
  Intercept: -20.6442
  R² = 0.902003
  Perfect fit: False
  Quadratic R² = 0.947368

======================================================================
PART 3: H vs 3-CYCLE COUNT CORRELATION
======================================================================

n=4: H vs c3 linear regression:
  H ≈ 2.0000 * c3 + 1.0000
  R² = 1.000000
    c3=0: mean H = 1.00, count = 24, H dist = {1: 24}
    c3=1: mean H = 3.00, count = 16, H dist = {3: 16}
    c3=2: mean H = 5.00, count = 24, H dist = {5: 24}

  n=4: c3 distribution: {0: 24, 1: 16, 2: 24}

n=5: H vs c3 linear regression:
  H ≈ 3.0000 * c3 + 0.0000
  R² = 0.947368
    c3=0: mean H = 1.00, count = 120, H dist = {1: 120}
    c3=1: mean H = 3.00, count = 120, H dist = {3: 120}
    c3=2: mean H = 5.00, count = 240, H dist = {5: 240}
    c3=3: mean H = 9.00, count = 240, H dist = {9: 240}
    c3=4: mean H = 12.43, count = 280, H dist = {11: 120, 13: 120, 15: 40}
    c3=5: mean H = 15.00, count = 24, H dist = {15: 24}

  n=5: c3 distribution: {0: 120, 1: 120, 2: 240, 3: 240, 4: 280, 5: 24}

  n=6: c3 distribution: {0: 720, 1: 960, 2: 2240, 3: 2880, 4: 6240, 5: 3648, 6: 8640, 7: 4800, 8: 2640}

======================================================================
PART 4: PCA OF TOURNAMENT ARC SPACE
======================================================================

n=4: PCA of tournament space:
  Top 5 eigenvalues: [0.25 0.25 0.25 0.25 0.25]
  Explained variance: [0.16666667 0.16666667 0.16666667 0.16666667 0.16666667]
  Corr(PC1, H) = 0.000000
  Corr(PC2, H) = 0.000000
  All eigenvalues equal: True
  Eigenvalue: 0.250000 (all 6 identical: True)

n=5: PCA of tournament space:
  Top 5 eigenvalues: [0.25 0.25 0.25 0.25 0.25]
  Explained variance: [0.1 0.1 0.1 0.1 0.1]
  Corr(PC1, H) = 0.000000
  Corr(PC2, H) = 0.000000
  All eigenvalues equal: True
  Eigenvalue: 0.250000 (all 10 identical: True)

======================================================================
PART 5: CONVEX HULL OF (c3, H) PAIRS
======================================================================

n=4: (c3, H) pairs:
  c3=0, H=1
  c3=1, H=3
  c3=2, H=5

  Max H by c3: {0: 1, 1: 3, 2: 5}

n=5: (c3, H) pairs:
  c3=0, H=1
  c3=1, H=3
  c3=2, H=5
  c3=3, H=9
  c3=4, H=11
  c3=4, H=13
  c3=4, H=15
  c3=5, H=15

  Max H by c3: {0: 1, 1: 3, 2: 5, 3: 9, 4: 15, 5: 15}

======================================================================
PART 6: LP BOUND ON H
======================================================================

n=5: H bounds by score sequence:
  Score (0, 1, 2, 3, 4): H ∈ [1, 1], gap = 0
  Score (0, 1, 3, 3, 3): H ∈ [3, 3], gap = 0
  Score (0, 2, 2, 2, 4): H ∈ [3, 3], gap = 0
  Score (0, 2, 2, 3, 3): H ∈ [5, 5], gap = 0
  Score (1, 1, 1, 3, 4): H ∈ [3, 3], gap = 0
  Score (1, 1, 2, 2, 4): H ∈ [5, 5], gap = 0
  Score (1, 1, 2, 3, 3): H ∈ [9, 9], gap = 0
  Score (1, 2, 2, 2, 3): H ∈ [11, 15], gap = 4
  Score (2, 2, 2, 2, 2): H ∈ [15, 15], gap = 0

======================================================================
SYNTHESIS — TOURNAMENT POLYTOPE
======================================================================

KEY FINDINGS:
1. SCORE POLYTOPE: Vertices are Landau sequences. Number grows fast with n.
2. H vs SCORE: H is NOT a linear function of scores (R² < 1).
   Within score classes, H can take multiple values.
3. H vs c3: Strong linear correlation. c3 (3-cycle count) is the
   best single predictor of H after scores.
4. PCA: Tournament arc space has uniform eigenvalues (0.25 for all arcs).
   No single arc direction captures H — it's a collective property.
5. CONVEX HULL: The (c3, H) pairs form a structured pattern.
6. LP BOUND: Score gives tight H bounds for most score sequences.

