======================================================================
TRACE-CYCLE RELATIONSHIP IN TOURNAMENTS
======================================================================

--- p=7, Paley (S=[1, 2, 4]) ---
     k      tr(A^k) c_k (cycles)         tr/k   ratio tr/(k*c_k)
     3           42           14        14.00             1.0000
     5          210           42        42.00             1.0000
     7         2226           24       318.00            13.2500

  Total odd cycles (alpha_1 of Omega): 80
  H >= 1 + 2*alpha_1 = 161

--- p=7, Interval (S=[1, 2, 3]) ---
     k      tr(A^k) c_k (cycles)         tr/k   ratio tr/(k*c_k)
     3           42           14        14.00             1.0000
     5          140           28        28.00             1.0000
     7         2765           17       395.00            23.2353

  Total odd cycles (alpha_1 of Omega): 59
  H >= 1 + 2*alpha_1 = 119

--- p=11, Paley (S=[1, 3, 4, 5, 9]) ---
     k      tr(A^k) c_k (cycles)         tr/k   ratio tr/(k*c_k)
     3          165           55        55.00             1.0000
     5         2970          594       594.00             1.0000
     7        78540         3960     11220.00             2.8333
     9      1952445        11055    216938.33            19.6235
    11     48827790         5505   4438890.00           806.3379

  Total odd cycles (alpha_1 of Omega): 21169
  H >= 1 + 2*alpha_1 = 42339

--- p=11, Interval (S=[1, 2, 3, 4, 5]) ---
     k      tr(A^k) c_k (cycles)         tr/k   ratio tr/(k*c_k)
     3          165           55        55.00             1.0000
     5         2420          484       484.00             1.0000
     7        89243         3399     12749.00             3.7508
     9      1796619         9350    199624.33            21.3502
    11     50841593         5109   4621963.00           904.6708

  Total odd cycles (alpha_1 of Omega): 18397
  H >= 1 + 2*alpha_1 = 36795

======================================================================
TRACE ALTERNATION IMPACT ON H
======================================================================

  THM-136 says: for k = 1 mod 4, tr(A_P^k) > tr(A_I^k)
                for k = 3 mod 4, tr(A_P^k) < tr(A_I^k)

  The trace alternation does NOT directly give c_k differences because
  tr(A^k) includes closed walks, not just cycles.

  However, for the TOTAL alpha_1 = sum c_k, we can ask:
  Does the interval have MORE total directed cycles?

  At p=7: alpha_1(Paley) = ? vs alpha_1(Interval) = ?
  At p=11: similarly


p=7:
  Paley cycles:    {3: 14, 5: 42, 7: 24}
  Interval cycles: {3: 14, 5: 28, 7: 17}
  alpha_1(Paley)    = 80
  alpha_1(Interval) = 59
  Weighted sum(2^{(k-1)/2} * c_k):
    Paley = 388.0
    Interval = 276.0
    Advantage: Paley

p=11:
  Paley cycles:    {3: 55, 5: 594, 7: 3960, 9: 11055, 11: 5505}
  Interval cycles: {3: 55, 5: 484, 7: 3399, 9: 9350, 11: 5109}
  alpha_1(Paley)    = 21169
  alpha_1(Interval) = 18397
  Weighted sum(2^{(k-1)/2} * c_k):
    Paley = 387206.0
    Interval = 342326.0
    Advantage: Paley

======================================================================
CRITICAL INSIGHT
======================================================================

  The trace alternation theorem (THM-136) controls tr(A^k) differences.
  But H depends on I(Omega, 2), where Omega is the CONFLICT GRAPH of
  directed odd cycles.

  The connection is INDIRECT:
  1. More directed k-cycles => more vertices in Omega
  2. But also potentially more edges (conflicts) in Omega
  3. The independence polynomial I(Omega, 2) depends on the BALANCE
     between having many cycles (high alpha_1) and having them be
     non-conflicting (high alpha_2, alpha_3, ...)

  The interval tournament's advantage at large k (THM-136) manifests as:
  - More LONG directed cycles (k large)
  - Long cycles tend to be more vertex-disjoint (each uses many vertices)
  - This creates larger independent sets in Omega
  - Which amplifies H via higher alpha_j terms

  This is exactly the ADDITIVE ENERGY / FLOW argument from cross-field
  connections: interval's additive structure creates coherent flow paths
  that tile the vertex set more efficiently.

