=======================================================================
  TRADE-OFF MECHANISM AT p=11
=======================================================================
  QR = [1, 3, 4, 5, 9]
  NQR = [2, 6, 7, 8, 10]

  Pairs: (1,10) (9,2) (3,8) (4,7) (5,6) 

  Orientations grouped by #QR elements in S:
    #QR=0: 1 orientations, bits=[2]
    #QR=1: 5 orientations, bits=[0, 3, 6, 10, 18]
    #QR=2: 10 orientations, bits=[1, 4, 7, 8, 11]...
    #QR=3: 10 orientations, bits=[5, 9, 12, 15, 17]...
    #QR=4: 5 orientations, bits=[13, 21, 25, 28, 31]
    #QR=5: 1 orientations, bits=[29]

  H class membership by #QR:
  H=95095: #QR values = [0, 5], distribution = [0, 5]
  H=93467: #QR values = [2, 3], distribution = [2, 2, 2, 2, 2, 3, 3, 3, 3, 3]
  H=93027: #QR values = [1, 4], distribution = [1, 1, 1, 1, 1, 4, 4, 4, 4, 4]
  H=92411: #QR values = [2, 3], distribution = [2, 2, 2, 2, 2, 3, 3, 3, 3, 3]

  Paley = bits 29 = 0b11101
  Anti-Paley = bits 2 = 0b00010
  These are complements: bit pattern XOR = 0b11111 = 31

======================================================================
  ISOMORPHISM CLASSES via Z_p* action
======================================================================
  Number of isomorphism classes: 32
    [6, 7, 8, 9, 10]: bits = [0]
    [1, 6, 7, 8, 9]: bits = [1]
    [2, 6, 7, 8, 10]: bits = [2]
    [1, 2, 6, 7, 8]: bits = [3]
    [3, 6, 7, 9, 10]: bits = [4]
    [1, 3, 6, 7, 9]: bits = [5]
    [2, 3, 6, 7, 10]: bits = [6]
    [1, 2, 3, 6, 7]: bits = [7]
    [4, 6, 8, 9, 10]: bits = [8]
    [1, 4, 6, 8, 9]: bits = [9]
    [2, 4, 6, 8, 10]: bits = [10]
    [1, 2, 4, 6, 8]: bits = [11]
    [3, 4, 6, 9, 10]: bits = [12]
    [1, 3, 4, 6, 9]: bits = [13]
    [2, 3, 4, 6, 10]: bits = [14]
    [1, 2, 3, 4, 6]: bits = [15]
    [5, 7, 8, 9, 10]: bits = [16]
    [1, 5, 7, 8, 9]: bits = [17]
    [2, 5, 7, 8, 10]: bits = [18]
    [1, 2, 5, 7, 8]: bits = [19]
    [3, 5, 7, 9, 10]: bits = [20]
    [1, 3, 5, 7, 9]: bits = [21]
    [2, 3, 5, 7, 10]: bits = [22]
    [1, 2, 3, 5, 7]: bits = [23]
    [4, 5, 8, 9, 10]: bits = [24]
    [1, 4, 5, 8, 9]: bits = [25]
    [2, 4, 5, 8, 10]: bits = [26]
    [1, 2, 4, 5, 8]: bits = [27]
    [3, 4, 5, 9, 10]: bits = [28]
    [1, 3, 4, 5, 9]: bits = [29]
    [2, 3, 4, 5, 10]: bits = [30]
    [1, 2, 3, 4, 5]: bits = [31]

======================================================================
  PER-LENGTH DISJOINT PAIR ANALYSIS
======================================================================

  H=95095 (bits=2):
    disj(3,3) =      495 (  4.6%)
    disj(3,5) =     3630 ( 33.4%)
    disj(3,7) =     4840 ( 44.5%)
    disj(5,5) =     1914 ( 17.6%)
    TOTAL alpha_2 = 10879

  H=93467 (bits=4):
    disj(3,3) =      517 (  4.6%)
    disj(3,5) =     3740 ( 33.3%)
    disj(3,7) =     4862 ( 43.3%)
    disj(5,5) =     2101 ( 18.7%)
    TOTAL alpha_2 = 11220

  H=93027 (bits=0):
    disj(3,3) =      550 (  5.0%)
    disj(3,5) =     3476 ( 31.3%)
    disj(3,7) =     5434 ( 48.9%)
    disj(5,5) =     1650 ( 14.9%)
    TOTAL alpha_2 = 11110

  H=92411 (bits=1):
    disj(3,3) =      506 (  4.6%)
    disj(3,5) =     3652 ( 33.5%)
    disj(3,7) =     4840 ( 44.4%)
    disj(5,5) =     1914 ( 17.5%)
    TOTAL alpha_2 = 10912

======================================================================
  CYCLE COUNT PER LENGTH
======================================================================
         H     c3     c5     c7     c9    c11        N
     95095     55    594   3960  11055   5505    21169
     93467     55    550   3586  10197   5153    19541
     93027     55    484   3399   9350   5109    18397
     92411     55    572   3729  10274   4999    19629

  Differences from Paley:
         H    dc3    dc5    dc7    dc9   dc11       dN
     93467     +0    -44   -374   -858   -352    -1628
     93027     +0   -110   -561  -1705   -396    -2772
     92411     +0    -22   -231   -781   -506    -1540

  Ratios of differences (normalized by c5 change):
  H=93467: dc/dc5 = c3:-0.000, c5:1.000, c7:8.500, c9:19.500, c11:8.000
  H=93027: dc/dc5 = c3:-0.000, c5:1.000, c7:5.100, c9:15.500, c11:3.600
  H=92411: dc/dc5 = c3:-0.000, c5:1.000, c7:10.500, c9:35.500, c11:23.000

DONE.
