======================================================================
TRH BETTI FOR ALL n=5 TOURNAMENT ISOMORPHISM TYPES
======================================================================
  Type  1: score=(0, 1, 2, 3, 4), t3=0, Omega=[5, 10, 10, 5, 1], β=[5, 4, 0, 0, 0], chi=1
  Type  2: score=(0, 1, 3, 3, 3), t3=1, Omega=[5, 10, 9, 3, 0], β=[5, 4, 0, 0, 0], chi=1
  Type  3: score=(0, 2, 2, 3, 3), t3=2, Omega=[5, 10, 8, 3, 1], β=[5, 4, 0, 0, 0], chi=1
  Type  4: score=(0, 2, 2, 2, 4), t3=1, Omega=[5, 10, 9, 3, 0], β=[5, 3, 0, 1, 0], chi=1
  Type  5: score=(1, 1, 2, 3, 3), t3=3, Omega=[5, 10, 7, 5, 1], β=[5, 5, 0, 2, 0], chi=-2
  Type  6: score=(1, 1, 2, 2, 4), t3=2, Omega=[5, 10, 8, 3, 1], β=[5, 4, 0, 0, 0], chi=1
  Type  7: score=(1, 1, 2, 3, 3), t3=3, Omega=[5, 10, 7, 3, 0], β=[5, 4, 0, 2, 0], chi=-1
  Type  8: score=(1, 1, 1, 3, 4), t3=1, Omega=[5, 10, 9, 3, 0], β=[5, 4, 0, 0, 0], chi=1
  Type  9: score=(1, 2, 2, 2, 3), t3=4, Omega=[5, 10, 6, 5, 2], β=[5, 5, 0, 2, 0], chi=-2
  Type 10: score=(1, 2, 2, 2, 3), t3=4, Omega=[5, 10, 6, 3, 0], β=[5, 4, 0, 3, 0], chi=-2
  Type 11: score=(1, 2, 2, 2, 3), t3=4, Omega=[5, 10, 6, 3, 1], β=[5, 4, 0, 3, 1], chi=-1
  Type 12: score=(2, 2, 2, 2, 2), t3=5, Omega=[5, 10, 5, 5, 5], β=[5, 5, 0, 5, 5], chi=0

  TRH β_2 = 0 for ALL n=5 types? True

======================================================================
TRH BETTI FOR ALL n=6 TOURNAMENT ISOMORPHISM TYPES
======================================================================
  Found 56 isomorphism types at n=6

  β_2 distribution: {0: 56}
  chi distribution: {-9: 1, -3: 11, -2: 11, -1: 12, 0: 1, 1: 20}
  β_2 = 0 for ALL? True

  Distinct TRH Betti vectors (n=6):
    β=[6, 3, 0, 9, 6, 3], chi=-3, count=1
    β=[6, 4, 0, 0, -1, 0], chi=1, count=1
    β=[6, 4, 0, 1, 0, 0], chi=1, count=8
    β=[6, 4, 0, 4, 1, 0], chi=-1, count=2
    β=[6, 4, 0, 4, 2, 2], chi=-2, count=1
    β=[6, 4, 0, 5, 1, 0], chi=-2, count=4
    β=[6, 4, 0, 8, 6, 1], chi=-1, count=2
    β=[6, 5, 0, -1, -1, 0], chi=1, count=4
    β=[6, 5, 0, 0, 0, 0], chi=1, count=7
    β=[6, 5, 0, 1, 0, 1], chi=-1, count=1
    β=[6, 5, 0, 2, -1, 0], chi=-2, count=2
    β=[6, 5, 0, 2, 0, 0], chi=-1, count=4
    β=[6, 5, 0, 2, 0, 2], chi=-3, count=1
    β=[6, 5, 0, 3, -1, 0], chi=-3, count=1
    β=[6, 5, 0, 3, 0, 0], chi=-2, count=2
    β=[6, 5, 0, 3, 0, 1], chi=-3, count=2
    β=[6, 5, 0, 3, 1, 0], chi=-1, count=2
    β=[6, 5, 0, 4, 0, 0], chi=-3, count=2
    β=[6, 5, 0, 4, 2, 0], chi=-1, count=1
    β=[6, 5, 0, 5, 3, 1], chi=-2, count=2
    β=[6, 6, 0, 0, 0, 0], chi=0, count=1
    β=[6, 6, 0, 3, 0, 0], chi=-3, count=3
    β=[6, 6, 0, 3, 0, 6], chi=-9, count=1
    β=[6, 6, 0, 7, 6, 2], chi=-3, count=1

======================================================================
WHY β_0 = n IN TRH?
======================================================================

  In TRH, ∂_1 = 0 because:
  - A regular 1-path is (v_0, v_1) with v_0 → v_1.
  - Interior vertices = indices 1 to m-1 = 1 to 0 = empty.
  - So ∂_1(v_0, v_1) = 0 (empty sum).
  Therefore ker(∂_0) = Ω_0 = all vertices, and im(∂_1) = {0}.
  β_0 = dim(ker ∂_0) - dim(im ∂_1) = n - 0 = n.

  In GLMY, ∂_1(v_0, v_1) = (v_1) - (v_0), giving rank n-1, so β_0 = 1.

  The TRH β_0 = n is a "multiplicity" reflecting that each vertex
  is an isolated 0-cycle. This is analogous to homology with fixed endpoints.

======================================================================
TRH CHI ANALYSIS
======================================================================
  n=3: chi distribution = {0: 1, 1: 1}
  n=4: chi distribution = {-1: 1, 1: 3}
  n=5: chi distribution = {-2: 3, -1: 2, 0: 1, 1: 6}
  n=6: chi distribution = {-9: 1, -3: 11, -2: 11, -1: 12, 0: 1, 1: 20}

DONE.
