======================================================================
TRH d²=0 CHECK FOR CIRCULANT TOURNAMENTS
======================================================================

All circulant tournaments at n=5:
  C5_[1, 2]: d²=0? True
  C5_[1, 3]: d²=0? True
  C5_[2, 4]: d²=0? True
  C5_[3, 4]: d²=0? True

All circulant tournaments at n=7:
  C7_[1, 2, 3]: d²=0? True
  C7_[1, 2, 4]: d²=0? True
  C7_[1, 3, 5]: d²=0? True
  C7_[1, 4, 5]: d²=0? True
  C7_[2, 3, 6]: d²=0? True
  C7_[2, 4, 6]: d²=0? True
  C7_[3, 5, 6]: d²=0? True
  C7_[4, 5, 6]: d²=0? True

Selected circulant tournaments at n=9:
  C9_[1, 2, 3, 4]: d²=0? True
  C9_[1, 3, 5, 7]: d²=0? True

Paley tournaments:
  Paley p=3: d²=0? True
  Paley p=7: d²=0? True
  Paley p=11: d²=0? False

======================================================================
TRH d²=0 CHECK FOR ALL n=5 TOURNAMENTS
======================================================================
  n=5: 784 pass, 240 fail out of 1024 tournaments

======================================================================
TRH d²=0 CHECK FOR ALL n=6 TOURNAMENTS
======================================================================
  n=6: 8960 pass, 23808 fail out of 32768 tournaments
  Example failing score sequences: [(1, 1, 2, 2, 4, 5), (1, 1, 2, 2, 4, 5), (1, 1, 2, 3, 3, 5), (0, 2, 2, 3, 3, 5), (1, 1, 2, 3, 3, 5)]

DONE.
