======================================================================
PART 1: CRT Tower -- progressively recovering I(-1)
======================================================================

  Verification: I(b) mod (b+1) = I(-1) mod (b+1)
    b= 2: OK
    b= 3: OK
    b= 4: OK
    b= 5: OK
    b= 6: OK
    b= 7: OK
    b= 8: OK
    b= 9: OK
    b=10: OK
    b=11: OK
    b=12: OK
    b=13: OK
    b=14: OK
    b=15: OK
    b=16: OK
    b=17: OK
    b=18: OK
    b=19: OK
    b=20: OK

  CRT tower for a1=36, a2=6, I(-1)=-29:
    Start: I(-1) = 1 mod 3
    b= 3: new info mod  4 -> I(-1) =      7 (mod 12)
    b= 4: new info mod  5 -> I(-1) =     31 (mod 60)
    b= 6: new info mod  7 -> I(-1) =    391 (mod 420)
    b= 7: new info mod  8 -> I(-1) =    811 (mod 840)
    b= 8: new info mod  9 -> I(-1) =   2491 (mod 2520)
    b=10: new info mod 11 -> I(-1) =  27691 (mod 27720)
    b=12: new info mod 13 -> I(-1) = 360331 (mod 360360)
    b=15: new info mod 16 -> I(-1) = 720691 (mod 720720)
    b=16: new info mod 17 -> I(-1) = 12252211 (mod 12252240)
    b=18: new info mod 19 -> I(-1) = 232792531 (mod 232792560)
    Actual: I(-1) = -29
    Recovered: 232792531 mod 232792560, match: True

  Evaluations needed to uniquely determine I(-1):
    I(-1)= -29: 3 evaluations (modulus=60)
    I(-1)= -32: 3 evaluations (modulus=60)
    I(-1)= -38: 3 evaluations (modulus=60)
    I(-1)= -23: 3 evaluations (modulus=60)
    I(-1)= -27: 3 evaluations (modulus=60)
    I(-1)= -19: 3 evaluations (modulus=60)
    I(-1)= -27: 3 evaluations (modulus=60)
    I(-1)= -25: 3 evaluations (modulus=60)
    I(-1)= -21: 3 evaluations (modulus=60)
    I(-1)= -26: 3 evaluations (modulus=60)

======================================================================
PART 2: 6-adic tower -- H mod 6^k
======================================================================

  H mod     6:   3 classes / 3 possible (100.0%)
        1: 108 (36.0%)
        3:  92 (30.7%)
        5: 100 (33.3%)

  H mod    36:  18 classes / 18 possible (100.0%)
        1:  28 (9.3%)
        3:  13 (4.3%)
        5:  15 (5.0%)
        7:  17 (5.7%)
        9:  17 (5.7%)
       11:  10 (3.3%)
       13:  12 (4.0%)
       15:  16 (5.3%)
       17:   7 (2.3%)
       19:  18 (6.0%)
       21:  14 (4.7%)
       23:  23 (7.7%)
       25:  11 (3.7%)
       27:  13 (4.3%)
       29:  33 (11.0%)
       31:  22 (7.3%)
       33:  19 (6.3%)
       35:  12 (4.0%)

  H mod   216:  66 classes / 108 possible (61.1%)

  H mod  1296:  66 classes / 648 possible (10.2%)

======================================================================
PART 3: Difference operator and Stirling numbers
======================================================================

  I(x) = 1 + a1*x + a2*x^2
  Newton forward differences at 0:
    D^0 I(0) = 1
    D^1 I(0) = a1+a2
    D^2 I(0) = 2a2
    D^k I(0) = 0 for k>=3

  Newton: I(x) = C(x,0) + (a1+a2)*C(x,1) + 2a2*C(x,2)
  At x=2: I(2) = 1 + 2*(a1+a2) + 2a2 = 1 + 2a1 + 4a2
  At x=-1: I(-1) = 1 - (a1+a2) + 2a2 = 1 - a1 + a2

  Verification:
    a1=36, a2= 6: D=[1,42,12], H=97=97, I(-1)=-29=-29
    a1=37, a2= 4: D=[1,41,8], H=91=91, I(-1)=-32=-32
    a1=45, a2= 6: D=[1,51,12], H=115=115, I(-1)=-38=-38
    a1=28, a2= 4: D=[1,32,8], H=73=73, I(-1)=-23=-23
    a1=32, a2= 4: D=[1,36,8], H=81=81, I(-1)=-27=-27

======================================================================
PART 4: Cube root evaluation -- Eisenstein integers
======================================================================

  w = e^(2pi*i/3), w^2 + w + 1 = 0
  I(w) = 1 + a1*w + a2*w^2
  In Z[w]: I(w) = (1-a2) + (a1-a2)*w  [since w^2 = -1-w]

  Eisenstein norm N(I(w)) = (1-a2)^2 - (1-a2)(a1-a2) + (a1-a2)^2:
    a1=36, a2= 6: I(w)=(-5)+(30)w, N=1075, |I(w)|^2=1075.0, match=True
    a1=37, a2= 4: I(w)=(-3)+(33)w, N=1197, |I(w)|^2=1197.0, match=True
    a1=45, a2= 6: I(w)=(-5)+(39)w, N=1741, |I(w)|^2=1741.0, match=True
    a1=28, a2= 4: I(w)=(-3)+(24)w, N=657, |I(w)|^2=657.0, match=True
    a1=32, a2= 4: I(w)=(-3)+(28)w, N=877, |I(w)|^2=877.0, match=True
    a1=25, a2= 5: I(w)=(-4)+(20)w, N=496, |I(w)|^2=496.0, match=True
    a1=34, a2= 6: I(w)=(-5)+(28)w, N=949, |I(w)|^2=949.0, match=True
    a1=30, a2= 4: I(w)=(-3)+(26)w, N=763, |I(w)|^2=763.0, match=True
    a1=28, a2= 6: I(w)=(-5)+(22)w, N=619, |I(w)|^2=619.0, match=True
    a1=30, a2= 3: I(w)=(-2)+(27)w, N=787, |I(w)|^2=787.0, match=True

  N(I(w)) mod 3:
    {0: 78, 1: 222}

  I(w) mod (1-w) vs I(1) mod 3:
    Always equal: True

  Resultant Res(I(x), x^3-1) = I(1)*I(w)*I(w^2) = I(1)*N(I(w)):
    a1=36, a2= 6: I(1)= 43, N(I(w))= 1075, Res=  46225
    a1=37, a2= 4: I(1)= 42, N(I(w))= 1197, Res=  50274
    a1=45, a2= 6: I(1)= 52, N(I(w))= 1741, Res=  90532
    a1=28, a2= 4: I(1)= 33, N(I(w))=  657, Res=  21681
    a1=32, a2= 4: I(1)= 37, N(I(w))=  877, Res=  32449

======================================================================
PART 5: 2-adic and 3-adic valuations of H-1
======================================================================

  v_2(H-1) distribution:
    v_2=0:   1 (0.3%)
    v_2=1: 144 (48.0%)
    v_2=2:  70 (23.3%)
    v_2=3:  37 (12.3%)
    v_2=4:  17 (5.7%)
    v_2=5:  10 (3.3%)
    v_2=6:  13 (4.3%)
    v_2=7:   8 (2.7%)

  v_3(H-1) distribution:
    v_3=0: 193 (64.3%)
    v_3=1:  62 (20.7%)
    v_3=2:  32 (10.7%)
    v_3=3:  13 (4.3%)

======================================================================
PART 6: Generating function G(z) = sum I(b) z^b
======================================================================

  G(z) = 1/(1-z) + a1*z/(1-z)^2 + a2*z*(1+z)/(1-z)^3

  G(1/2) - H = 1 + 2*a2 (disjoint-pair excess):
    a1=36, a2= 6: G(1/2)=110, H=97, excess=13, 1+2a2=13
    a1=37, a2= 4: G(1/2)=100, H=91, excess=9, 1+2a2=9
    a1=45, a2= 6: G(1/2)=128, H=115, excess=13, 1+2a2=13
    a1=28, a2= 4: G(1/2)=82, H=73, excess=9, 1+2a2=9
    a1=32, a2= 4: G(1/2)=90, H=81, excess=9, 1+2a2=9
    a1=25, a2= 5: G(1/2)=82, H=71, excess=11, 1+2a2=11
    a1=34, a2= 6: G(1/2)=106, H=93, excess=13, 1+2a2=13
    a1=30, a2= 4: G(1/2)=86, H=77, excess=9, 1+2a2=9
    a1=28, a2= 6: G(1/2)=94, H=81, excess=13, 1+2a2=13
    a1=30, a2= 3: G(1/2)=80, H=73, excess=7, 1+2a2=7

======================================================================
PART 7: The reduced formula H = 3 - 2*b0 + 6*b2
======================================================================

  From beta basis + constraint b0+b1+b2=1:
  H = b0 + 3*b1 + 9*b2 = b0 + 3*(1-b0-b2) + 9*b2 = 3 - 2*b0 + 6*b2

  H mod 6 depends ONLY on b0 mod 3:
    b0 = 0 mod 3 => H = 3 mod 6
    b0 = 1 mod 3 => H = 1 mod 6
    b0 = 2 mod 3 => H = 5 mod 6

  Verification:
    b0= -29, b2= 6: H=3-2*-29+6*6=97=97, b0%3=1, H%6=1
    b0= -32, b2= 4: H=3-2*-32+6*4=91=91, b0%3=1, H%6=1
    b0= -38, b2= 6: H=3-2*-38+6*6=115=115, b0%3=1, H%6=1
    b0= -23, b2= 4: H=3-2*-23+6*4=73=73, b0%3=1, H%6=1
    b0= -27, b2= 4: H=3-2*-27+6*4=81=81, b0%3=0, H%6=3
    b0= -19, b2= 5: H=3-2*-19+6*5=71=71, b0%3=2, H%6=5
    b0= -27, b2= 6: H=3-2*-27+6*6=93=93, b0%3=0, H%6=3
    b0= -25, b2= 4: H=3-2*-25+6*4=77=77, b0%3=2, H%6=5
    b0= -21, b2= 6: H=3-2*-21+6*6=81=81, b0%3=0, H%6=3
    b0= -26, b2= 3: H=3-2*-26+6*3=73=73, b0%3=1, H%6=1

======================================================================
PART 8: Independence of 2-adic and 3-adic digits
======================================================================

  mod 2 x mod 3: chi2=0.00, df=1, chi2/df=0.00
    H=1(2):   92  108  100

  mod 4 x mod 3: chi2=1.55, df=2, chi2/df=0.78
    H=1(4):   50   51   55
    H=3(4):   42   57   45

  mod 2 x mod 9: chi2=0.00, df=1, chi2/df=0.00
    H=1(2):   30   46   43   27   34   38   35   28   19

  mod 4 x mod 9: chi2=22.09, df=8, chi2/df=2.76
    H=1(4):   17   28   33   14   12   15   19   11    7
    H=3(4):   13   18   10   13   22   23   16   17   12

======================================================================
PART 9: Phase transition across n
======================================================================

  n | b0<0 % | b1>0 % | <a2/a1> | C(n-3,3)/8
   5 |  72.5  |  87.0  | 0.0000  | 0.0000
   6 |  95.5  |  97.5  | 0.0571  | 0.1250
   7 |  99.0  | 100.0  | 0.1307  | 0.5000
   9 | 100.0  | 100.0  | 0.3528  | 2.5000

======================================================================
PART 10: Summary -- The 2-3 Architecture
======================================================================

  I(x) = 1 + a1*x + a2*x^2  (exact at n<=7)

  ALPHA basis (at x): I(x) = 1 + a1*x + a2*x^2
  BETA basis  (at -1): I(x) = b0 + b1*(x+1) + b2*(x+1)^2
  NEWTON basis (at 0): I(x) = C(x,0) + d1*C(x,1) + d2*C(x,2)

  Change of basis:
    b0 = 1-a1+a2,  b1 = a1-2a2,  b2 = a2
    d0 = 1,  d1 = a1+a2,  d2 = 2a2
    CONSTRAINT: b0+b1+b2 = 1

  REDUCED FORMULA: H = 3 - 2*b0 + 6*b2

  2 controls: evaluation point, Redei parity, deletion-contraction
  3 controls: mod structure, topology (I(-1)), beta step size
  6 = 2*3: Vandermonde det, natural modulus, reduced formula

  EISENSTEIN CONNECTION: I(w) in Z[w] with norm N(I(w))
  CRT TOWER: I(b) mod (b+1) = I(-1) mod (b+1) for all b
  GENERATING FUNCTION: G(1/2) = H + 1 + 2*a2

Done.
