======================================================================
ANALYSIS 1: FIBER DIMENSION OVER LAMBDA CLASSES
======================================================================
  Target lambda histogram: (0, 0, 1, 1, 1, 1, 1, 1, 1, 1, 2, 2, 2, 2, 2, 2, 2, 2, 3, 3, 3)

  Tournaments with score (2, 2, 3, 3, 3, 3, 5) and lambda histogram (0, 0, 1, 1, 1, 1, 1, 1, 1, 1, 2, 2, 2, 2, 2, 2, 2, 2, 3, 3, 3):
  Total: 20160
    H=105: 5040 tournaments, c7 in [7]
    H=109: 5040 tournaments, c7 in [8]
    H=111: 10080 tournaments, c7 in [9]

======================================================================
ANALYSIS 2: LAMBDA ISOMORPHISM CLASSES IN FIBER
======================================================================
  Lambda degree sequence classes: 2
    deg_seq=(6, 8, 8, 8, 10, 12, 14): 5040 tournaments, H in [105], c7 in [7]
    deg_seq=(6, 8, 8, 10, 10, 10, 14): 15120 tournaments, H in [109, 111], c7 in [8, 9]

======================================================================
ANALYSIS 3: THE ORIENTED LAMBDA GRAPH
======================================================================

  bits=4658, H=111:
    lambda=1: 0 fwd, 8 bwd (total 8)
    lambda=2: 3 fwd, 5 bwd (total 8)
    lambda=3: 2 fwd, 1 bwd (total 3)
    Net oriented lambda per vertex: [0, 0, 0, 0, 0, 0, 0]
    Sorted: [0, 0, 0, 0, 0, 0, 0]
    Total oriented lambda flow: -9

  bits=4728, H=109:
    lambda=1: 1 fwd, 7 bwd (total 8)
    lambda=2: 4 fwd, 4 bwd (total 8)
    lambda=3: 1 fwd, 2 bwd (total 3)
    Net oriented lambda per vertex: [0, 0, 0, 0, 0, 0, 0]
    Sorted: [0, 0, 0, 0, 0, 0, 0]
    Total oriented lambda flow: -9

======================================================================
ANALYSIS 4: CHIRALITY AND PARITY
======================================================================
  3-cycle chirality (sign = +1 if a->b->c->a for a<b<c):
    H=111 (bits=4658): total chirality = -9 (11 cycles)
    H=109 (bits=4728): total chirality = -9 (11 cycles)

======================================================================
ANALYSIS 5: WINDING NUMBER AND HAMILTONIAN CYCLES
======================================================================

  H=111 (bits=4658): c7=9 directed Hamiltonian cycles
    HC: (0, 6, 1, 5, 2, 4, 3) -> 4/7 consecutive triples are 3-cycles
    HC: (0, 6, 1, 5, 3, 2, 4) -> 5/7 consecutive triples are 3-cycles
    HC: (0, 6, 2, 1, 5, 4, 3) -> 3/7 consecutive triples are 3-cycles
    HC: (0, 6, 2, 4, 1, 5, 3) -> 4/7 consecutive triples are 3-cycles
    HC: (0, 6, 3, 1, 5, 2, 4) -> 5/7 consecutive triples are 3-cycles
    HC: (0, 6, 3, 2, 1, 5, 4) -> 5/7 consecutive triples are 3-cycles
    HC: (0, 6, 5, 2, 4, 3, 1) -> 2/7 consecutive triples are 3-cycles
    HC: (0, 6, 5, 3, 2, 4, 1) -> 2/7 consecutive triples are 3-cycles
    HC: (0, 6, 5, 4, 3, 2, 1) -> 3/7 consecutive triples are 3-cycles
    Found 9 directed HCs (with v0=0)
    Total directed HCs = 9 * 7 / 1 = ... hmm
    (c7_dir should be 9, found 9)

  H=109 (bits=4728): c7=8 directed Hamiltonian cycles
    HC: (0, 6, 1, 5, 2, 4, 3) -> 4/7 consecutive triples are 3-cycles
    HC: (0, 6, 1, 5, 4, 3, 2) -> 4/7 consecutive triples are 3-cycles
    HC: (0, 6, 2, 4, 1, 5, 3) -> 6/7 consecutive triples are 3-cycles
    HC: (0, 6, 4, 1, 5, 3, 2) -> 3/7 consecutive triples are 3-cycles
    HC: (0, 6, 4, 3, 1, 5, 2) -> 3/7 consecutive triples are 3-cycles
    HC: (0, 6, 5, 2, 4, 3, 1) -> 2/7 consecutive triples are 3-cycles
    HC: (0, 6, 5, 3, 2, 4, 1) -> 4/7 consecutive triples are 3-cycles
    HC: (0, 6, 5, 4, 3, 1, 2) -> 1/7 consecutive triples are 3-cycles
    Found 8 directed HCs (with v0=0)
    Total directed HCs = 8 * 7 / 1 = ... hmm
    (c7_dir should be 8, found 8)

======================================================================
ANALYSIS 6: ORIENTED CYCLE SPACE OF LAMBDA GRAPH
======================================================================

  H=111 (bits=4658):
    Lambda edges (>0): 19, zero pairs: 2
    Cycle space dimension: 19 - 7 + 1 = 13
    Connected: True

  H=109 (bits=4728):
    Lambda edges (>0): 19, zero pairs: 2
    Cycle space dimension: 19 - 7 + 1 = 13
    Connected: True

======================================================================
ANALYSIS 7: VITALI STRUCTURE AT n=5
======================================================================
  n=5: 1024 tournaments x C(5,4)=5 subsets = 5120 total reversals
  Lambda-preserving: 640 (12.5%)
  Lambda-preserving with delta_H != 0: 0
  => At n=5, lambda-preserving reversals ALWAYS preserve H!
     Consistent with labeled lambda being complete at n=5.

  3-vertex reversals at n=5:
  Lambda-preserving: 640
  Lambda-preserving with delta_H != 0: 0

======================================================================
ANALYSIS 8: VITALI STRUCTURE AT n=6
======================================================================
  n=6: 32768 tournaments x C(6,4)=15 subsets
  Lambda-preserving: 9120
  Lambda-preserving with delta_H != 0: 0
  Delta H distribution:
    delta_H = +0: 9120

======================================================================
DONE.
======================================================================
