======================================================================
VERIFYING: delta_H = 2*delta_c7 + 4*(delta_33 + delta_35) at n=8
======================================================================
  FAIL: dH=6, dc7=1, d33=0, d35=0, d55=0, predicted=2
  ... 300/1500, verified=7, failed=1
  FAIL: dH=-6, dc7=-1, d33=0, d35=0, d55=0, predicted=-2
  FAIL: dH=-4, dc7=0, d33=0, d35=0, d55=0, predicted=0
  FAIL: dH=0, dc7=2, d33=0, d35=0, d55=0, predicted=4
  FAIL: dH=-6, dc7=-1, d33=0, d35=0, d55=0, predicted=-2
  FAIL: dH=-4, dc7=0, d33=0, d35=0, d55=0, predicted=0
  FAIL: dH=0, dc7=-2, d33=0, d35=0, d55=0, predicted=-4
  ... 600/1500, verified=14, failed=7
  FAIL: dH=-2, dc7=1, d33=0, d35=0, d55=0, predicted=2
  FAIL: dH=-6, dc7=-1, d33=0, d35=0, d55=0, predicted=-2
  ... 900/1500, verified=20, failed=9
  FAIL: dH=0, dc7=-2, d33=0, d35=0, d55=0, predicted=-4
  FAIL: dH=6, dc7=1, d33=0, d35=0, d55=0, predicted=2
  FAIL: dH=6, dc7=1, d33=0, d35=0, d55=0, predicted=2
  FAIL: dH=2, dc7=-1, d33=0, d35=0, d55=0, predicted=-2
  ... 1200/1500, verified=28, failed=13
  FAIL: dH=0, dc7=-2, d33=0, d35=0, d55=0, predicted=-4
  FAIL: dH=4, dc7=-2, d33=0, d35=0, d55=0, predicted=-4
  FAIL: dH=-4, dc7=0, d33=0, d35=0, d55=0, predicted=0

RESULT: verified=34, failed=16
Formula delta_H = 2*delta_c7 + 4*(delta_33 + delta_35): FAILS

  delta_33 distribution: Counter({0: 50})
  delta_35 distribution: Counter({0: 50})
  delta_55 distribution: Counter({0: 50})

  delta_33 = 0 ALWAYS (disjoint 3-3 pairs preserved) - CONFIRMED at n=8

  Full decomposition table:
    dH  dc7  d33  d35  d55  2dc7+4(d33+d35)  match
     6    1    0    0    0                2   FAIL
    -2   -1    0    0    0               -2     OK
    -2   -1    0    0    0               -2     OK
    -2   -1    0    0    0               -2     OK
    -2   -1    0    0    0               -2     OK
    -6   -1    0    0    0               -2   FAIL
    -4    0    0    0    0                0   FAIL
    -2   -1    0    0    0               -2     OK
     4    2    0    0    0                4     OK
    -6   -1    0    0    0               -2   FAIL
    -2   -1    0    0    0               -2     OK
    -4    0    0    0    0                0   FAIL
     2    1    0    0    0                2     OK
    -2   -1    0    0    0               -2     OK
    -2   -1    0    0    0               -2     OK
    -2    1    0    0    0                2   FAIL
     2    1    0    0    0                2     OK
    -6   -1    0    0    0               -2   FAIL
     4    2    0    0    0                4     OK
     6    1    0    0    0                2   FAIL
     6    1    0    0    0                2   FAIL
     4    2    0    0    0                4     OK
     4    2    0    0    0                4     OK
     2    1    0    0    0                2     OK
     2   -1    0    0    0               -2   FAIL
    -2   -1    0    0    0               -2     OK
     4   -2    0    0    0               -4   FAIL
     4    2    0    0    0                4     OK
    -4    0    0    0    0                0   FAIL

======================================================================
THE HIERARCHICAL STRUCTURE
======================================================================

At each n, the Vitali atom activates different "channels":

n=5: No change (trivially gauge-invariant)
n=6: No change (c5 invariant, no 7-cycles)
n=7: delta_H = 2*delta_c7 (only c7 channel, delta=+-1 so dH=+-2)
n=8: delta_H = 2*delta_c7 + 4*delta_35 (two channels: c7 and disjoint (3,5))
     delta_c7 in {-1,0,1,2}, delta_35 in {-1,0,1}
     => delta_H in {-6,-4,-2,0,2,4,6}

Prediction for n=9:
  New channels: delta_c9 (9-cycles on all 9 vertices)
  alpha_3 = disjoint triples: three 3-cycles need 9 = n vertices!
  So delta_H = 2*delta_c7 + 2*delta_c9 + 4*delta_35 + 4*delta_37 + 8*delta_333
  where delta_333 = change in disjoint 3-3-3 triples (requires exactly n=9)

This is the {2,1,0} overlap weight hierarchy in action:
- Each new n opens a new "channel" in the OCF
- The Vitali atom pushes through ALL open channels simultaneously
- The total delta_H is a WEIGHTED SUM over channels
- Weights follow the OCF powers of 2: alpha_k gets weight 2^k


Done.
