======================================================================
ESF ANALYSIS AT p=17, m=8
======================================================================

Computing H for all 256 orientations...
  0/256 done (1.5s)
  32/256 done (50.2s)
  64/256 done (98.8s)
  96/256 done (147.4s)
  128/256 done (195.9s)
  160/256 done (244.5s)
  192/256 done (293.3s)
  224/256 done (341.9s)
All H computed in 388.9s

Computing elementary symmetric functions...
Max fractional part: 9.90e-10
All e_j integers: YES

Number of unique (e_2,...,e_8) profiles: 16
Number of variables (e_2,...,e_8): 7
System is overdetermined

     e_2      e_3        e_4        e_5        e_6        e_7        e_8              H  count
----------------------------------------------------------------------------------------------------
           210        462        495        286         91         15          1    13689269499     16
           312       1244       2705       3380       2403        899        137    13627838945     16
           533       4202      19110      50776      75690      56064      14621    13560055389     16
           431       2400       6836       9942       6908       2140        239    13551813041     16
           516       3930      17597      47750      76965      67471      24617    13551423911     16
           465       2808       8570      13614      10818       3738        443    13544403013     16
           499       3454      12837      25480      25421      11558       1871    13540194969     16
           516       3726      14061      25786      18825       5829        647    13526567225     16
           482       3148      11205      22488      24741      13241       2381    13519308361     16
           431       2332       6275       8922       6687       2412        307    13507244311     16
           499       3420      12497      24256      23381       9926       1361    13506158929     16
           380       1788       4235       5216       3287        967        103    13496380733     16
           482       2944       8383      12356       9747       3891        613    13492503135     16
           482       2978       8723      11574       5973       1307        103    13491417243     16
           465       2876       9131      14362       9883       2922        307    13486964977     16
           465       2672       7380      10452       7758       2854        409    13478929757     16

======================================================================
LINEARITY TEST: H = c_0 + sum c_j * e_{j+1}
======================================================================
Equations: 16, Variables: 8

Max residual = 38189703.018988
RMS residual = 19736210.215203
Is H linear in e_j? NO

Linear model fails. Testing quadratic...

Top 5 residuals:
  e_profile=(380, 1788, 4235)..., H=13496380733, resid=-38189703.02
  e_profile=(465, 2808, 8570)..., H=13544403013, resid=+35326052.91
  e_profile=(431, 2400, 6836)..., H=13551813041, resid=+34775973.77
  e_profile=(312, 1244, 2705)..., H=13627838945, resid=+29510528.85
  e_profile=(465, 2876, 9131)..., H=13486964977, resid=-25845734.63

Quadratic: 36 features, 16 data points

======================================================================
PRODUCT AND SPECIAL VALUES
======================================================================

Products (e_m = prod Q_k):
  e_8 = 1, count = 16
  e_8 = 103, count = 32
  e_8 = 137, count = 16
  e_8 = 239, count = 16
  e_8 = 307, count = 32
  e_8 = 409, count = 16
  e_8 = 443, count = 16
  e_8 = 613, count = 16
  e_8 = 647, count = 16
  e_8 = 1361, count = 16
  e_8 = 1871, count = 16
  e_8 = 2381, count = 16
  e_8 = 14621, count = 16
  e_8 = 24617, count = 16

H/p values:
  H = 13689269499, H/p = 805251147.00
  H = 13627838945, H/p = 801637585.00
  H = 13560055389, H/p = 797650317.00
  H = 13551813041, H/p = 797165473.00
  H = 13551423911, H/p = 797142583.00
  H = 13544403013, H/p = 796729589.00
  H = 13540194969, H/p = 796482057.00
  H = 13526567225, H/p = 795680425.00
  H = 13519308361, H/p = 795253433.00
  H = 13507244311, H/p = 794543783.00
  H = 13506158929, H/p = 794479937.00
  H = 13496380733, H/p = 793904749.00
  H = 13492503135, H/p = 793676655.00
  H = 13491417243, H/p = 793612779.00
  H = 13486964977, H/p = 793350881.00
  H = 13478929757, H/p = 792878221.00

Interval: sigma=(1, 1, 1, 1, 1, 1, 1, 1), H=13689269499
Paley: sigma=(1, 1, -1, 1, -1, -1, -1, 1), H=13492503135
Interval is max: True
