======================================================================
WALSH MAGNITUDE LAW
======================================================================

============================================================
p=7, m=3
============================================================

  Resonance classes: {3: 3}

  H:
    q=3: |h_hat| = 3.5000 (UNIFORM)

  a1:
    q=3: |h_hat| = 5.2500 (UNIFORM)

  a2:
    q=3: |h_hat| = 1.7500 (UNIFORM)

  Magnitudes as fractions of p:
    H q=3: 3.5000 = 7/2
    a1 q=3: 5.2500 = 21/4
    a2 q=3: 1.7500 = 7/4

============================================================
p=11, m=5
============================================================

  Resonance classes: {3: 5, 5: 5}

  H:
    q=3: |h_hat| = 272.2500 (UNIFORM)
    q=5: |h_hat| = 8.2500 (UNIFORM)

  a1:
    q=3: |h_hat| = 13.7500 (UNIFORM)
    q=5: |h_hat| = 35.7500 (UNIFORM)

  a2:
    q=3: |h_hat| = 29.5625 (UNIFORM)
    q=5: |h_hat| = 47.4375 (UNIFORM)

  a3:
    q=3: |h_hat| = 15.8125 (UNIFORM)
    q=5: |h_hat| = 15.8125 (UNIFORM)

  Magnitudes as fractions of p:
    H q=3: 272.2500 = 1089/4
    H q=5: 8.2500 = 33/4
    a1 q=3: 13.7500 = 55/4
    a1 q=5: 35.7500 = 143/4
    a2 q=3: 29.5625 = 473/16
    a2 q=5: 47.4375 = 759/16
    a3 q=3: 15.8125 = 253/16
    a3 q=5: 15.8125 = 253/16


============================================================
DEGREE-4 MAGNITUDES at p=11
============================================================
  H: |h_hat_4| = 118.2500
    = 473/4
  a1: |h_hat_4| = 321.7500
    = 1287/4
  a2: |h_hat_4| = 19.9375
    = 319/16
  a3: |h_hat_4| = 55.6875
    = 891/16

  Relationships:
  H: d2_q3=272.2500, d2_q5=8.2500, d4=118.2500
    d4/d2_q3 = 0.434343
    d4/d2_q5 = 14.333333
    d2_q3/d2_q5 = 33.000000
    d2_q3 * d2_q5 = 2246.0625
    d2_q3 + d2_q5 = 280.5000
    d2_q3 - d2_q5 = 264.0000
  a1: d2_q3=13.7500, d2_q5=35.7500, d4=321.7500
    d4/d2_q3 = 23.400000
    d4/d2_q5 = 9.000000
    d2_q3/d2_q5 = 0.384615
    d2_q3 * d2_q5 = 491.5625
    d2_q3 + d2_q5 = 49.5000
    d2_q3 - d2_q5 = -22.0000
  a2: d2_q3=29.5625, d2_q5=47.4375, d4=19.9375
    d4/d2_q3 = 0.674419
    d4/d2_q5 = 0.420290
    d2_q3/d2_q5 = 0.623188
    d2_q3 * d2_q5 = 1402.3711
    d2_q3 + d2_q5 = 77.0000
    d2_q3 - d2_q5 = -17.8750
  a3: d2_q3=15.8125, d2_q5=15.8125, d4=55.6875
    d4/d2_q3 = 3.521739
    d4/d2_q5 = 3.521739
    d2_q3/d2_q5 = 1.000000
    d2_q3 * d2_q5 = 250.0352
    d2_q3 + d2_q5 = 31.6250
    d2_q3 - d2_q5 = 0.0000

  OCF verification at degree-4:
    2*321.75 + 4*19.9375 + 8*55.6875 = 1168.7500
    Actual h_H_d4 = 118.25
    Signed: 2*(-321.75) + 4*(19.9375) + 8*(55.6875) = -118.2500
    Alt: 2*(321.75) + 4*(-19.9375) + 8*(-55.6875) = 118.2500
    chi(prod)=+1: 2(321.75)+4(-19.9375)+8(-55.6875) = 118.2500
    chi(prod)=-1: 2(-321.75)+4(19.9375)+8(55.6875) = -118.2500

DONE.
