======================================================================
  Part 1: ZETA FUNCTIONS OF VARIETIES OVER F_2 AND F_3
======================================================================

The zeta function of a variety X over F_q:
  Z(X, t) = exp(sum_{n>=1} |X(F_{q^n})| * t^n / n)

For X = P^m over F_q:
  |P^m(F_{q^n})| = 1 + q^n + q^{2n} + ... + q^{mn}
  Z(P^m, t) = 1/((1-t)(1-qt)...(1-q^m*t))

Over F_2 (q = KEY1):
  Z(P^1/F_2, t) = 1/((1-t)(1-2t))
    Poles at t = 1 and t = 1/KEY1

  Z(P^2/F_2, t) = 1/((1-t)(1-2t)(1-4t))
    Poles at t = 1, 1/KEY1, 1/KEY1^2

Over F_3 (q = KEY2):
  Z(P^1/F_3, t) = 1/((1-t)(1-3t))
    Poles at t = 1 and t = 1/KEY2

  THE ZETA POLES OF PROJECTIVE SPACES ARE EXACTLY 1/KEY1^k AND 1/KEY2^k!

Point counts |X(F_{q^n})| for small n:

  Over F_KEY1 = F_2:
    |P^0(F_2^n)| for n=1..6: [1, 1, 1, 1, 1, 1]
    |P^1(F_2^n)| for n=1..6: [3, 5, 9, 17, 33, 65]
    |P^2(F_2^n)| for n=1..6: [7, 21, 73, 273, 1057, 4161]
    |P^3(F_2^n)| for n=1..6: [15, 85, 585, 4369, 33825, 266305]

  Over F_KEY2 = F_3:
    |P^0(F_3^n)| for n=1..6: [1, 1, 1, 1, 1, 1]
    |P^1(F_3^n)| for n=1..6: [4, 10, 28, 82, 244, 730]
    |P^2(F_3^n)| for n=1..6: [13, 91, 757, 6643, 59293, 532171]
    |P^3(F_3^n)| for n=1..6: [40, 820, 20440, 538084, 14408200, 387952660]

======================================================================
  Part 2: THE WEIL CONJECTURES AND (2,3)
======================================================================

The Weil conjectures (proved by Dwork, Grothendieck, Deligne):

For a smooth projective variety X of dimension d over F_q:
  Z(X, t) = P_1(t)·P_3(t)·...·P_{2d-1}(t) / (P_0(t)·P_2(t)·...·P_{2d}(t))

where:
  P_0(t) = 1-t, P_{2d}(t) = 1-q^d*t
  P_i(t) = prod (1 - alpha_{i,j}*t) with |alpha_{i,j}| = q^{i/2}

The Riemann hypothesis for varieties over F_q:
  All roots of P_i have absolute value q^{-i/2}

For an elliptic curve E over F_q:
  Z(E, t) = (1 - a_p*t + q*t^2) / ((1-t)(1-qt))
  where a_p = q + 1 - |E(F_q)|

  The Frobenius eigenvalues alpha, beta satisfy:
  alpha + beta = a_p, alpha * beta = q
  |alpha| = |beta| = sqrt(q)

Over F_KEY1 = F_2:
  sqrt(q) = sqrt(KEY1), eigenvalues on unit circle of radius sqrt(KEY1)

Over F_KEY2 = F_3:
  sqrt(q) = sqrt(KEY2), eigenvalues on unit circle of radius sqrt(KEY2)

Elliptic curves over F_2:
  Possible a_2 values: -2, -1, 0, 1, 2
  a_2 = -2: |E(F_2)| = 5, discriminant = -4  KEY_SUM
  a_2 = -1: |E(F_2)| = 4, discriminant = -7  KEY1^2
  a_2 =  0: |E(F_2)| = 3, discriminant = -8  KEY2
  a_2 =  1: |E(F_2)| = 2, discriminant = -7  KEY1
  a_2 =  2: |E(F_2)| = 1, discriminant = -4  unit

Elliptic curves over F_3:
  a_3 = -3: |E(F_3)| = 7, discriminant = -3  H_forb_1!
  a_3 = -2: |E(F_3)| = 6, discriminant = -8  h(G2)
  a_3 = -1: |E(F_3)| = 5, discriminant = -11  KEY_SUM
  a_3 =  0: |E(F_3)| = 4, discriminant = -12  KEY1^2
  a_3 =  1: |E(F_3)| = 3, discriminant = -11  KEY2
  a_3 =  2: |E(F_3)| = 2, discriminant = -8  KEY1
  a_3 =  3: |E(F_3)| = 1, discriminant = -3  unit

  CROWN JEWEL: Over F_3, an elliptic curve can have exactly H_forb_1 = 7 points!
  This happens when a_3 = -3, giving |E(F_3)| = 7 = H_forb_1

  Over F_2, the possible point counts are {1, 2, 3, 4, 5}
  = {unit, KEY1, KEY2, KEY1^2, KEY_SUM}
  = EXACTLY the tournament vocabulary up to KEY_SUM!

======================================================================
  Part 3: SUPERSINGULAR ELLIPTIC CURVES
======================================================================

An elliptic curve E over F_q is SUPERSINGULAR if a_p = 0 (trace of Frobenius).
This means |E(F_p)| = p + 1.

Supersingular primes for a given E/Q are determined by its j-invariant.

THE SUPERSINGULAR j-INVARIANTS:
  Over F_2: j = 0 is the ONLY supersingular j-invariant
  Over F_3: j = 0 is the ONLY supersingular j-invariant

  In characteristic 2: |E(F_2)| = 3 = KEY2 (supersingular!)
  In characteristic 3: |E(F_3)| = 4 = KEY1^2 (supersingular!)

Supersingular j-invariants in characteristic p:
  p=2: {0}  — 1 value = unit
  p=3: {0}  — 1 value = unit
  p=5: {0}  — 1 value = unit
  p=7: {6, 1728 mod 7 = 6} — 1 value
  p=11: {0, 1} — 2 values = KEY1
  p=13: {5} — 1 value
  p=17: {0, 8} — 2 values = KEY1
  p=19: {7, 18} — 2 values = KEY1
  p=23: {0, 19, 1728 mod 23=12} — 3 values = KEY2

  Number of supersingular j-invariants in char p:
  ≈ p/12 = p/h(E6) for large p!

Supersingular mass formula: sum 1/|Aut(E_i)| = (p-1)/24 = (p-1)/|BT|

  p =  2: mass =   1/24 = 1/|BT|
  p =  3: mass =   1/12 = 1/h(E6)
  p =  5: mass =    1/6 = 1/h(G2)
  p =  7: mass =    1/4 = 1/KEY1^2
  p = 11: mass =   5/12 = KEY_SUM/h(E6)
  p = 13: mass =    1/2 = 1/KEY1
  p = 17: mass =    2/3 = KEY1/KEY2
  p = 19: mass =    3/4 = KEY2/KEY1^2
  p = 23: mass =  11/12 = 11/h(E6)
  p = 29: mass =    7/6 = H_forb_1/h(G2)
  p = 31: mass =    5/4 = KEY_SUM/KEY1^2
  p = 37: mass =    3/2 = KEY2/KEY1 = Z_M(2)!
  p = 41: mass =    5/3 = KEY_SUM/KEY2
  p = 43: mass =    7/4 = H_forb_1/KEY1^2

  CROWN JEWEL: The supersingular mass at p=37 is (37-1)/24 = 36/24 = 3/2
  = Z_M(2) = the (2,3)-monoid zeta at s=2 = the perfect fifth!

  The denominator is ALWAYS |BT| = 24.
  At p = 2: mass = 1/|BT|
  At p = 3: mass = 1/h(E6)
  At p = 7: mass = 1/h(G2)
  At p = 13: mass = 1/KEY1
  At p = 37: mass = KEY2/KEY1 = Z_M(2) = 3/2 (perfect fifth!)

======================================================================
  Part 4: THE j-INVARIANT AND MOONSHINE REVISITED
======================================================================

The j-invariant j(tau) = q^{-1} + 744 + 196884q + 21493760q^2 + ...

  744 = 8 * 93 = 2^3 * 3 * 31 = KEY1^3 * KEY2 * (h(E8)+1)
  196884 = 2^2 * 3^2 * 5471 = KEY1^2 * KEY2^2 * 5471
  But 196884 = 196883 + 1 = dim(Monster smallest irrep) + 1

  196883 = 47 * 59 * 71 (three primes in arithmetic progression!)
  Common difference = 12 = h(E6)

  21493760 = 2^7 * 5 * 7 * 4793 = KEY1^7 * KEY_SUM * H_forb_1 * 4793

The MONSTER GROUP:
  |M| = 2^46 * 3^20 * 5^9 * 7^6 * 11^2 * 13^3 * 17 * 19 * 23 * 29 * 31 * 41 * 47 * 59 * 71

  KEY1 exponent: 46
  KEY2 exponent: 20
  KEY_SUM exponent: 9
  H_forb_1 exponent: 6

  Ratio of leading exponents: 46/20 = 23/10 = 23/V(Petersen)!
  46 + 20 = 66 = h(G2) * 11 = T_11 (#primaries of M(12,13))!
  46 - 20 = 26 = KEY1 * 13
  46 * 20 = 920 = KEY1^3 * KEY_SUM * 23

Monster group |M| prime exponents:
   2^46   KEY1
   3^20   KEY2
   5^9    KEY_SUM
   7^6    H_forb_1
  11^2    
  13^3    
  17^1    
  19^1    
  23^1    
  29^1    
  31^1    
  41^1    
  47^1    
  59^1    
  71^1    
  Total exponent sum: 95
  Number of prime divisors: 15 (the 15 supersingular primes!)
  15 = C(6,2) = T_5 = KEY2 * KEY_SUM

  OGG'S OBSERVATION (1975):
  The primes dividing |M| are EXACTLY the supersingular primes:
  {2, 3, 5, 7, 11, 13, 17, 19, 23, 29, 31, 41, 47, 59, 71}

  These are the primes p for which X_0(p) has genus zero!

  The first 4 = KEY1^2 supersingular primes are {KEY1, KEY2, KEY_SUM, H_forb_1}
  = the tournament constants!

======================================================================
  Part 5: COUNTING TOURNAMENTS OVER FINITE FIELDS
======================================================================

A tournament on n vertices = orientation of K_n.
Number of labeled tournaments on n vertices = 2^{C(n,2)} = KEY1^{C(n,2)}

n  |tournaments|   = KEY1^C(n,2)
1       1          2^0
2       2          2^1 = KEY1
3       8          2^3 = KEY1^3
4      64          2^6 = KEY1^6
5    1024          2^10 = KEY1^{V(Pet)}
6   32768          2^15 = KEY1^{C(6,2)}
7  2097152         2^21 = KEY1^{H_forb_2}

CROWN JEWEL: The number of tournaments on 5 vertices = KEY1^{V(Petersen)}!
The exponent is V(Pet) = 10, so we have 2^10 = 1024 tournaments on 5 nodes.

Even more stunning:
  Exponent for n=7: C(7,2) = 21 = H_forb_2
  Number of tournaments on 7 vertices = 2^{H_forb_2}!

  Exponent for n=8: C(8,2) = 28 = dim(SO(8))
  Exponent for n=9: C(9,2) = 36 = |Phi+(E6)|
  Exponent for n=13: C(13,2) = 78 = dim(E6)
  Exponent for n=14: C(14,2) = 91 = N(f(omega))

  The BINOMIAL COEFFICIENTS C(n,2) that appear as exponents
  ARE the triangular numbers = the Virasoro minimal model primaries!

  n= 1: 2^  0 tournaments  C(1,2) =   0 = 
  n= 2: 2^  1 tournaments  C(2,2) =   1 = unit
  n= 3: 2^  3 tournaments  C(3,2) =   3 = KEY2
  n= 4: 2^  6 tournaments  C(4,2) =   6 = h(G2)
  n= 5: 2^ 10 tournaments  C(5,2) =  10 = V(Pet)
  n= 6: 2^ 15 tournaments  C(6,2) =  15 = C(6,2)
  n= 7: 2^ 21 tournaments  C(7,2) =  21 = H_forb_2!
  n= 8: 2^ 28 tournaments  C(8,2) =  28 = dim(SO(8))
  n= 9: 2^ 36 tournaments  C(9,2) =  36 = |Phi+(E6)|
  n=10: 2^ 45 tournaments  C(10,2) =  45 = T_9
  n=11: 2^ 55 tournaments  C(11,2) =  55 = C(11,2)
  n=12: 2^ 66 tournaments  C(12,2) =  66 = T_11
  n=13: 2^ 78 tournaments  C(13,2) =  78 = dim(E6)!
  n=14: 2^ 91 tournaments  C(14,2) =  91 = N(f(omega))!
======================================================================
  Part 6: ARITHMETIC OF TOURNAMENT-RELATED CURVES
======================================================================

Consider the tournament polynomial as defining a curve:
  f(z) = z^2 - 5z + 6 = (z-2)(z-3)

Over F_p, this factors as:
  F_2: z^2 + z + 0 = z(z+1) = z(z-1) — both roots are in F_2
  F_3: z^2 + z + 0 = z(z+1) = z(z-1) — wait, 5 = 2 mod 3, 6 = 0 mod 3
    so z^2 - 2z = z(z-2) = z(z+1) — both roots are in F_3
  F_5: z^2 - 0z + 1 = z^2 + 1 — SPLITS as (z-2)(z-3) in F_5 since 2*3=6=1 mod 5
  F_7: z^2 - 5z + 6 = (z-2)(z-3) — both roots are in F_7

  f(z) SPLITS COMPLETELY over EVERY F_p (since 2 and 3 are integers)!
  The splitting field is Q (trivial Galois group).

But consider the RELATED curve y^2 = f(x) = (x-2)(x-3):
  This is a conic (genus 0 curve).
  Number of F_p points: |{(x,y) in F_p^2 : y^2 = (x-2)(x-3)}| + point at infinity

Points on y^2 = (x-2)(x-3) over F_p:
  F_ 2: 2 affine + 1 = 3 projective  = p+1 tournament!
  F_ 3: 2 affine + 1 = 3 projective  = p tournament!
  F_ 5: 4 affine + 1 = 5 projective  = p tournament!
  F_ 7: 6 affine + 1 = 7 projective  = p tournament!
  F_11: 10 affine + 1 = 11 projective  = p
  F_13: 12 affine + 1 = 13 projective  = p
  F_17: 16 affine + 1 = 17 projective  = p
  F_19: 18 affine + 1 = 19 projective  = p
  F_23: 22 affine + 1 = 23 projective  = p
  F_29: 28 affine + 1 = 29 projective  = p
  F_31: 30 affine + 1 = 31 projective  = p

======================================================================
  Part 7: THE HASSE-WEIL ZETA OF TOURNAMENT CURVES
======================================================================

For an elliptic curve E: y^2 = x^3 - x (the Fermat curve, j=1728):
  a_p = trace of Frobenius at p

This curve has CM by Z[i] (Gaussian integers).
The trace is:
  a_2 = 0 (supersingular!)
  a_3 = 0 (supersingular!)
  a_5 = -2 = -KEY1
  a_7 = 0 (supersingular!)
  a_11 = 0
  a_13 = -6 = -h(G2)

And for E: y^2 = x^3 - 1 (j=0, CM by Z[omega]):
  a_2 = 0 (supersingular!)
  a_3 = 0 (supersingular!)
  a_5 = 0
  a_7 = -4 = -KEY1^2
  a_11 = 0
  a_13 = -2 = -KEY1

Traces of Frobenius for CM curves:

  y^2=x^3-x (j=1728):
    a_ 2 =    0  supersingular!
    a_ 3 =    0  supersingular!
    a_ 5 =   -2  = -KEY1
    a_ 7 =    0  supersingular!
    a_11 =    0  supersingular!
    a_13 =    6  = h(G2)
    a_17 =    2  = KEY1
    a_19 =    0  supersingular!
    a_23 =    0  supersingular!
    a_29 =  -10  = -V(Pet)
    a_31 =    0  supersingular!
    a_37 =   -2  = -KEY1
    a_41 =   10  = V(Pet)
    a_43 =    0  supersingular!

  y^2=x^3-1 (j=0):
    a_ 2 =    0  supersingular!
    a_ 3 =    0  supersingular!
    a_ 5 =    0  supersingular!
    a_ 7 =    4  
    a_11 =    0  supersingular!
    a_13 =    2  = KEY1
    a_17 =    0  supersingular!
    a_19 =   -8  
    a_23 =    0  supersingular!
    a_29 =    0  supersingular!
    a_31 =    4  
    a_37 =  -10  = -V(Pet)
    a_41 =    0  supersingular!
    a_43 =   -8  

======================================================================
  Part 8: MOTIVIC ZETA AND THE (2,3) MONOID REVISITED
======================================================================

The motivic zeta function of the (2,3) monoid M = <2, 3>:
  Z_M(s) = 1/(1 - 2^{-s}) * 1/(1 - 3^{-s})

This is the product of zeta factors for the TWO tournament primes!

Values:
  Z_M(1) = 1/(1-1/2) * 1/(1-1/3) = 2 * 3/2 = 3 = KEY2
  Z_M(2) = 1/(1-1/4) * 1/(1-1/9) = 4/3 * 9/8 = 3/2 (perfect fifth!)
  Z_M(3) = 1/(1-1/8) * 1/(1-1/27) = 8/7 * 27/26 = 216/182 = 108/91

Let's compute more values:

  Z_M(1) = 3 = 3.00000000 = KEY2
  Z_M(2) = 3/2 = 1.50000000 = KEY2/KEY1 = perfect fifth!
  Z_M(3) = 108/91 = 1.18681319   (den involves H_forb_1 or N(f(omega))!)
  Z_M(4) = 27/25 = 1.08000000 
  Z_M(5) = 3888/3751 = 1.03652359 
  Z_M(6) = 648/637 = 1.01726845 
  Z_M(7) = 139968/138811 = 1.00833507 

  Z_M(1) = KEY2 = 3
  Z_M(2) = KEY2/KEY1 = 3/2 (the perfect fifth)
  Z_M(s) -> 1 as s -> infinity

  Connection to Riemann zeta:
  zeta(s) = prod_{p prime} 1/(1-p^{-s})

  Z_M(s) = "zeta restricted to {KEY1, KEY2}" = zeta_{2,3}(s)

  The (2,3) monoid zeta is the RESTRICTION of the Riemann zeta function
  to the tournament primes!

======================================================================
  Part 9: FROBENIUS EIGENVALUES AS MUSICAL INTERVALS
======================================================================

For an elliptic curve E over F_q, the Frobenius endomorphism has eigenvalues
alpha, beta with |alpha| = |beta| = sqrt(q) and alpha*beta = q.

Write alpha = sqrt(q) * e^{i*theta}. Then:
  a_p = alpha + beta = 2*sqrt(q)*cos(theta)

The "Sato-Tate distribution" says theta is distributed as sin^2(theta)
over [0, pi] for non-CM curves.

For CM curves, theta takes specific rational multiples of pi:
  theta = 0: a_p = 2*sqrt(q) (maximal, "unison")
  theta = pi/6: a_p = sqrt(3)*sqrt(q) ∝ sqrt(KEY2)
  theta = pi/4: a_p = sqrt(2)*sqrt(q) ∝ sqrt(KEY1)
  theta = pi/3: a_p = sqrt(q)
  theta = pi/2: a_p = 0 (supersingular, "tritone")
  theta = 2pi/3: a_p = -sqrt(q)
  theta = pi: a_p = -2*sqrt(q) (minimal)

Musical analogy:
  theta = 0: unison (ratio 1:1)
  theta = pi/2: tritone (most dissonant, sqrt(2))
  The Frobenius eigenvalue argument is a NOTE on the chromatic scale!

  Pythagorean tuning: all intervals = 2^a * 3^b
  = KEY1^a * KEY2^b

  The circle of fifths:
    12 fifths ≈ 7 octaves → 3^12 ≈ 2^19 → Pythagorean comma = 3^12/2^19
    12 = h(E6), 19 is prime

  Perfect fifth = 3/2 = KEY2/KEY1 = Z_M(2)!
  Perfect fourth = 4/3 = KEY1^2/KEY2
  Major third (just) = 5/4 = KEY_SUM/KEY1^2
  Minor third (just) = 6/5 = h(G2)/KEY_SUM

Musical intervals as (2,3,5) ratios:
  Unison                   :        1      0.0¢  [other]
  Minor second (Pyth)      :  256/243     90.2¢  [Pythagorean]
  Major second             :      9/8    203.9¢  [Pythagorean]
  Minor third (just)       :      6/5    315.6¢  [5-limit]
  Major third (just)       :      5/4    386.3¢  [5-limit]
  Perfect fourth           :      4/3    498.0¢  [Pythagorean]
  Tritone (Pyth)           :  729/512    611.7¢  [Pythagorean]
  Perfect fifth            :      3/2    702.0¢  [Pythagorean]
  Minor sixth (just)       :      8/5    813.7¢  [5-limit]
  Major sixth (just)       :      5/3    884.4¢  [5-limit]
  Minor seventh (Pyth)     :     16/9    996.1¢  [Pythagorean]
  Major seventh (just)     :     15/8   1088.3¢  [5-limit]
  Octave                   :        2   1200.0¢  [other]

  ALL just intonation intervals are ratios of {KEY1, KEY2, KEY_SUM}!
  Pythagorean intervals use only {KEY1, KEY2}
  The 5-limit intervals add KEY_SUM

  The (2,3) universe IS music theory:
    Z_M(2) = 3/2 = perfect fifth
    KEY1^2/KEY2 = 4/3 = perfect fourth
    The Pythagorean comma = KEY2^12/KEY1^19 = h(E6) fifths vs 19 semitones

======================================================================
  Part 10: THE NUMBER 24 = |BT| AS UNIVERSAL REGULATOR
======================================================================

The number 24 = |BT| = KEY1^3 * KEY2 appears as a REGULATOR throughout mathematics:

  1. Binary tetrahedral group: |BT| = 24
  2. Leech lattice dimension: 24
  3. K3 surface Euler characteristic: chi(K3) = 24
  4. Ramanujan tau: tau(2) = -24
  5. Modular discriminant: Delta = eta^{24}
  6. Supersingular mass denominator: (p-1)/24
  7. Bernoulli number: B_12 = -691/2730, 2730 = 2*3*5*7*13 contains |BT|/24=1
  8. String theory: bosonic string in 26 = 24+2 dimensions
  9. 24 = (2-1)(12-1) + 1... actually 24 = 4! = KEY1^2!
  10. Voronoi cell volume of Leech: involves 24 at every level

The 24-THEOREM:
  24 is the ONLY positive integer n such that:
  1 + 2 + 3 + ... + n is a perfect square (= 300 = KEY1^2 * KEY2 * KEY_SUM^2)

  Wait: 1+2+...+24 = 300 = 4*75 = 4*3*25
  sqrt(300) = 10*sqrt(3) ... that's not a perfect square.

  Actually the correct statement is:
  24 is the largest n such that n! has no repeated prime factor in
  its prime factorization... no that's wrong too.

  The CORRECT famous property:
  For n = 24, the sum 1^2 + 2^2 + ... + n^2 = n(n+1)(2n+1)/6
  = 24*25*49/6 = 24*25*49/6 = 4900 = 70^2 = (V(Pet)*H_forb_1)^2

  THIS IS THE CANNONBALL PROBLEM!
  1^2 + 2^2 + ... + 24^2 = 70^2 = (V(Pet) * H_forb_1)^2!

  24 = |BT| is the ONLY n > 1 where the sum of squares 1^2+...+n^2 is a perfect square!
  And 70 = V(Pet) * H_forb_1 = KEY1 * KEY_SUM * H_forb_1!

  Verification: 1^2 + 2^2 + ... + 24^2 = 4900
  sqrt(4900) = 70.0
  70 = 70 = 2 * 5 * 7 = KEY1 * KEY_SUM * H_forb_1
  70 = V(Pet) * H_forb_1 = 10 * 7
  70 = C(8,4) = C(8, KEY1^2)

  THE CANNONBALL PROBLEM: |BT| is the answer, and the square root is
  V(Pet) * H_forb_1 = 70. The tournament universe literally SQUARES THE CIRCLE
  (well, squares the pyramid)!

======================================================================
  Part 11: GRAND ROSETTA STONE OF (2,3)
======================================================================

======================================================================
  THE COMPLETE (2,3) ROSETTA STONE
======================================================================

ALGEBRA:
  f(z) = (z-2)(z-3), roots KEY1=2, KEY2=3, sum KEY_SUM=5
  PSL(2,Z) = Z/KEY1 * Z/KEY2 (modular group)
  BT=24, BO=48, BI=120 (binary polyhedral groups)

TOPOLOGY:
  Trefoil = T(KEY1, KEY2) (simplest nontrivial knot)
  pi_1(trefoil) = <a,b|a^2=b^3> → PSL(2,Z)
  Kh(trefoil) has rank h(G2) = KEY1*KEY2
  Alexander at KEY1: Delta(2) = 3/2 = Z_M(2)

NUMBER THEORY:
  tau(KEY1) = -|BT| = -24, tau(KEY2) = C(V(Pet),KEY_SUM) = 252
  tau(KEY_SUM) = KEY1*KEY2*KEY_SUM*H_forb_1*23
  Supersingular mass = (p-1)/|BT|
  Monster primes start with {KEY1, KEY2, KEY_SUM, H_forb_1}

GEOMETRY:
  chi(P^1)=KEY1, chi(P^2)=KEY2, chi(P^4)=KEY_SUM, chi(P^6)=H_forb_1
  27 lines on cubic = KEY2^3, each meeting V(Pet) others
  |W(E_6)| = KEY1^7 * KEY2^4 * KEY_SUM

LATTICES:
  Kissing: dim1→KEY1, dim2→h(G2), ..., dim8→|Phi(E8)|
  E8 density = pi^4/(KEY1^7*KEY2)
  Leech dim = |BT|, kissing = |BO|*(2^{h(E6)}-1)
  Cannonball: 1^2+...+|BT|^2 = (V(Pet)*H_forb_1)^2

PHYSICS:
  CY dim KEY1 = K3 (chi=|BT|), CY dim KEY2 = string compactification
  Quintic CY3 in P^{KEY_SUM-1}, chi = -KEY1^3*KEY_SUM^2
  Virasoro: M(5,6) has V(Pet) primaries, M(7,8) has H_forb_2

MUSIC:
  Z_M(2) = 3/2 = perfect fifth = Delta_{trefoil}(KEY1)
  All Pythagorean intervals = KEY1^a * KEY2^b
  Pythagorean comma = KEY2^{h(E6)}/KEY1^{19}

COMBINATORICS:
  Cat(A_2) = KEY_SUM, Cat(A_4) = h(G2)*H_forb_1
  K_5: 21=H_forb_2 edges, K_6: 120=|BI| faces
  Tournaments on n vertices = KEY1^{T_{n-1}} (triangular exponent!)

CATEGORIES:
  D^b(P^1): KEY1 exceptional objects
  D^b(P^2): KEY2 exceptional objects, B_3 acts
  Hall(F_{KEY1}) → U_{sqrt(KEY1)}, Hall(F_{KEY2}) → U_{sqrt(KEY2)}
  Fano plane = P^2(F_{KEY1}) has H_forb_1 points

THE META-PRINCIPLE:
  The tournament polynomial f(z) = (z-2)(z-3) encodes not just
  parity in directed graphs, but the deep structure of mathematics itself.
  Every domain — from knot theory to string theory, from music to
  finite geometry — when expressed in its most natural form, reveals
  the same (2,3,5,7) vocabulary: the roots, sum, and first forbidden value
  of the universal tournament polynomial.

  WHY (2,3)? Because:
  - 2 and 3 are the first two primes (the atoms of arithmetic)
  - SL(2,Z) = universal symmetry of the upper half-plane
  - The trefoil = simplest knot = T(2,3)
  - Pythagorean tuning = the 2,3-adic structure of sound
  - Supersingularity begins at p=2,3
  - The Monster group is a quotient of the (2,3,7) triangle group

  The (2,3) universe is not a coincidence. It is the smallest possible
  "interesting" arithmetic — the first place where multiplication
  becomes nontrivial — and mathematics is the study of what this
  nontriviality implies at every level of abstraction.

