======================================================================
QUESTION A: Is 2^{n-1} * w_k proportional to H?
======================================================================

n=3:
  k=0: 2^2*w_k/H = 1.0 (CONSTANT!)
  k=1: 2^2*w_k/H = 6.0 (CONSTANT!)
  k=2: 2^2*w_k/H = 1.0 (CONSTANT!)

n=4:
  k=0: 2^3*w_k/H = 1.0 (CONSTANT!)
  k=1: 2^3*w_k/H = 23.0 (CONSTANT!)
  k=2: 2^3*w_k/H = 23.0 (CONSTANT!)
  k=3: 2^3*w_k/H = 1.0 (CONSTANT!)

n=5:
  k=0: 2^4*w_k/H = 1.0 (CONSTANT!)
  k=1: 2^4*w_k/H = 76.0 (CONSTANT!)
  k=2: 2^4*w_k/H = 230.0 (CONSTANT!)
  k=3: 2^4*w_k/H = 76.0 (CONSTANT!)
  k=4: 2^4*w_k/H = 1.0 (CONSTANT!)


======================================================================
QUESTION B: What is 2^{n-1} * w_k exactly?
======================================================================

n=3:
  H=  1: 2^2*w = [1, 6, 1], count=6
  H=  3: 2^2*w = [3, 18, 3], count=2

n=4:
  H=  1: 2^3*w = [1, 23, 23, 1], count=24
  H=  3: 2^3*w = [3, 69, 69, 3], count=16
  H=  5: 2^3*w = [5, 115, 115, 5], count=24

n=5:
  H=  1: 2^4*w = [1, 76, 230, 76, 1], count=120
  H=  3: 2^4*w = [3, 228, 690, 228, 3], count=120
  H=  5: 2^4*w = [5, 380, 1150, 380, 5], count=240
  H=  9: 2^4*w = [9, 684, 2070, 684, 9], count=240
  H= 11: 2^4*w = [11, 836, 2530, 836, 11], count=120
  H= 13: 2^4*w = [13, 988, 2990, 988, 13], count=120
  H= 15: 2^4*w = [15, 1140, 3450, 1140, 15], count=64


======================================================================
QUESTION C: Connection to Eulerian numbers
======================================================================

n=3: Eulerian numbers A(2,k) = [1, 1, 0]
  sum = 2 = 2
  Transitive: 2^2*w = [1, 6, 1]
  Ratios to Eulerian: ['1.0000', '6.0000', 'N/A']

n=4: Eulerian numbers A(3,k) = [1, 4, 1, 0]
  sum = 6 = 6
  Transitive: 2^3*w = [1, 23, 23, 1]
  Ratios to Eulerian: ['1.0000', '5.7500', '23.0000', 'N/A']

n=5: Eulerian numbers A(4,k) = [1, 11, 11, 1, 0]
  sum = 24 = 24
  Transitive: 2^4*w = [1, 76, 230, 76, 1]
  Ratios to Eulerian: ['1.0000', '6.9091', '20.9091', '76.0000', 'N/A']


======================================================================
QUESTION D: Algebraic structure of W Worpitzky coefficients
======================================================================

(r+1/2)^f * (r-1/2)^{n-1-f} in Worpitzky basis:

n=4 (degree 3):
  f=0: 2^3*w = [27, 17, 5, -1], nonneg=False
  f=1: 2^3*w = [9, 39, -1, 1], nonneg=False
  f=2: 2^3*w = [3, 33, 13, -1], nonneg=False
  f=3: 2^3*w = [1, 23, 23, 1], nonneg=True

n=5 (degree 4):
  f=0: 2^4*w = [81, 220, 86, -4, 1], nonneg=False
  f=1: 2^4*w = [27, 240, 110, 8, -1], nonneg=False
  f=2: 2^4*w = [9, 180, 190, 4, 1], nonneg=True
  f=3: 2^4*w = [3, 120, 230, 32, -1], nonneg=False
  f=4: 2^4*w = [1, 76, 230, 76, 1], nonneg=True


======================================================================
KEY TEST: Is (r+1/2)^f (r-1/2)^{d-f} non-neg in Worpitzky?
======================================================================
  d=2: all (r+1/2)^f(r-1/2)^{d-f} non-neg in Worpitzky? False
  d=3: all (r+1/2)^f(r-1/2)^{d-f} non-neg in Worpitzky? False
  d=4: all (r+1/2)^f(r-1/2)^{d-f} non-neg in Worpitzky? False
  d=5: all (r+1/2)^f(r-1/2)^{d-f} non-neg in Worpitzky? False
  d=6: all (r+1/2)^f(r-1/2)^{d-f} non-neg in Worpitzky? False
  d=7: all (r+1/2)^f(r-1/2)^{d-f} non-neg in Worpitzky? False
  d=8: all (r+1/2)^f(r-1/2)^{d-f} non-neg in Worpitzky? False
  d=9: all (r+1/2)^f(r-1/2)^{d-f} non-neg in Worpitzky? False


======================================================================
C(r+k, d) AT HALF-INTEGER POINTS
======================================================================

d=2:
  C(1/2+0, 2) = -0.125000 = -1 / (2^2 * 2!)
  C(1/2+1, 2) = 0.375000 = 3 / (2^2 * 2!)
  C(1/2+2, 2) = 1.875000 = 15 / (2^2 * 2!)

d=3:
  C(1/2+0, 3) = 0.062500 = 3 / (2^3 * 3!)
  C(1/2+1, 3) = -0.062500 = -3 / (2^3 * 3!)
  C(1/2+2, 3) = 0.312500 = 15 / (2^3 * 3!)
  C(1/2+3, 3) = 2.187500 = 105 / (2^3 * 3!)

d=4:
  C(1/2+0, 4) = -0.039062 = -15 / (2^4 * 4!)
  C(1/2+1, 4) = 0.023438 = 9 / (2^4 * 4!)
  C(1/2+2, 4) = -0.039062 = -15 / (2^4 * 4!)
  C(1/2+3, 4) = 0.273438 = 105 / (2^4 * 4!)
  C(1/2+4, 4) = 2.460938 = 945 / (2^4 * 4!)

d=5:
  C(1/2+0, 5) = 0.027344 = 105 / (2^5 * 5!)
  C(1/2+1, 5) = -0.011719 = -45 / (2^5 * 5!)
  C(1/2+2, 5) = 0.011719 = 45 / (2^5 * 5!)
  C(1/2+3, 5) = -0.027344 = -105 / (2^5 * 5!)
  C(1/2+4, 5) = 0.246094 = 945 / (2^5 * 5!)
  C(1/2+5, 5) = 2.707031 = 10395 / (2^5 * 5!)

d=6:
  C(1/2+0, 6) = -0.020508 = -945 / (2^6 * 6!)
  C(1/2+1, 6) = 0.006836 = 315 / (2^6 * 6!)
  C(1/2+2, 6) = -0.004883 = -225 / (2^6 * 6!)
  C(1/2+3, 6) = 0.006836 = 315 / (2^6 * 6!)
  C(1/2+4, 6) = -0.020508 = -945 / (2^6 * 6!)
  C(1/2+5, 6) = 0.225586 = 10395 / (2^6 * 6!)
  C(1/2+6, 6) = 2.932617 = 135135 / (2^6 * 6!)


======================================================================
VERIFY: sum_k w_k C(1/2+k, d) = H / 2^d
======================================================================

n=5 (d=4):
  Trial 0: H=9, sum w_k C(1/2+k,4) = 9.00000000, H/2^4 = 0.56250000, match=False
  Trial 1: H=9, sum w_k C(1/2+k,4) = 9.00000000, H/2^4 = 0.56250000, match=False
  Trial 2: H=5, sum w_k C(1/2+k,4) = 5.00000000, H/2^4 = 0.31250000, match=False
  Trial 3: H=1, sum w_k C(1/2+k,4) = 1.00000000, H/2^4 = 0.06250000, match=False
  Trial 4: H=3, sum w_k C(1/2+k,4) = 3.00000000, H/2^4 = 0.18750000, match=False

n=7 (d=6):
  Trial 0: H=37, sum w_k C(1/2+k,6) = 37.00000000, H/2^6 = 0.57812500, match=False
  Trial 1: H=65, sum w_k C(1/2+k,6) = 65.00000000, H/2^6 = 1.01562500, match=False
  Trial 2: H=101, sum w_k C(1/2+k,6) = 101.00000000, H/2^6 = 1.57812500, match=False
  Trial 3: H=99, sum w_k C(1/2+k,6) = 99.00000000, H/2^6 = 1.54687500, match=False
  Trial 4: H=79, sum w_k C(1/2+k,6) = 79.00000000, H/2^6 = 1.23437500, match=False
