======================================================================
F(T,x) - (H/n!) * A_n(x): RESIDUAL ANALYSIS
======================================================================

==================================================
n = 4
==================================================
  Eulerian numbers A(4,k) = [1, 11, 11, 1]
  n! = 24
  Mean residual: [-1.08420217e-18  7.45931095e-17  7.89299182e-17 -6.93889390e-18]
  Var(F_k):       [0.109375 1.453125 1.453125 0.109375]
  Var(residual_k): [0.10416667 0.82291667 0.82291667 0.10416667]
  Fraction of variance in residual: [0.95238095 0.56630824 0.56630824 0.95238095]
  Residual palindromic: 0/64
  All residual sums zero: True

  Covariance matrix of F:
[[ 0.1111  0.1587 -0.127  -0.0159]
 [ 0.1587  1.4762 -0.1111 -0.127 ]
 [-0.127  -0.1111  1.4762  0.1587]
 [-0.0159 -0.127   0.1587  0.1111]]
  Corr(F_0, H) = 0.2182
  Corr(F_1, H) = 0.6586
  Corr(F_2, H) = 0.6586
  Corr(F_3, H) = 0.2182

==================================================
n = 5
==================================================
  Eulerian numbers A(5,k) = [1, 26, 66, 26, 1]
  n! = 120
  Mean residual: [ 8.87250072e-17  7.71789316e-15 -4.59701721e-17  7.67419982e-15
  9.35666475e-17]
  Var(F_k):       [0.05859375 3.8125     7.234375   3.8125     0.05859375]
  Var(residual_k): [0.05735677 2.97630208 1.84609375 2.97630208 0.05735677]
  Fraction of variance in residual: [0.97888889 0.7806694  0.25518359 0.7806694  0.97888889]
  Residual palindromic: 180/1024
  All residual sums zero: True

  Covariance matrix of F:
[[ 5.8700e-02  2.3460e-01 -4.6900e-02 -9.3800e-02 -3.9000e-03]
 [ 2.3460e-01  3.8162e+00  1.3294e+00 -1.4233e+00 -9.3800e-02]
 [-4.6900e-02  1.3294e+00  7.2414e+00  1.3294e+00 -4.6900e-02]
 [-9.3800e-02 -1.4233e+00  1.3294e+00  3.8162e+00  2.3460e-01]
 [-3.9000e-03 -9.3800e-02 -4.6900e-02  2.3460e-01  5.8700e-02]]
  Corr(F_0, H) = 0.1453
  Corr(F_1, H) = 0.4683
  Corr(F_2, H) = 0.8630
  Corr(F_3, H) = 0.4683
  Corr(F_4, H) = 0.1453


======================================================================
THE BIG PICTURE: F(T,x) = (H/n!) * A_n(x) + residual
======================================================================

THEOREM: For any tournament T on n vertices:
  F(T,x) = (H(T)/n!) * A_n(x) + R(T,x)

where:
  - A_n(x) = Eulerian polynomial (descent polynomial of S_n)
  - H(T) = total HP count = F(T,1)
  - R(T,x) is a PALINDROMIC polynomial with R(T,1) = 0

Proof: Both F(T,x) and A_n(x) are palindromic polynomials.
  At x=1: F(T,1) = H, A_n(1) = n!, so R(T,1) = H - H = 0.
  Sum_T F(T,x) = A_n(x) * 2^{C(n,2)-(n-1)}, so Sum_T R(T,x) = 0.

QUESTION: What determines R(T,x)?
Since F is palindromic, so is H * A_n(x) / n! (since A_n is palindromic).
Therefore R(T,x) is also palindromic.
R has degree n-1 and R(1) = 0, so (x-1) divides R.
Since R is palindromic of even degree (n-1 is even at odd n):
  R(x) = (x-1) * Q(x) where Q has degree n-2.
  Palindromicity: R(x) = x^{n-1} R(1/x)
  So (x-1) Q(x) = x^{n-1} (1/x - 1) Q(1/x) = -x^{n-2}(x-1) Q(1/x)
  Hence Q(x) = -x^{n-2} Q(1/x), i.e., Q is ANTI-palindromic.

  F=[1, 0, 0, 0, 0], H=1, R=[0.9917, -0.2167, -0.55, -0.2167, -0.0083]
    palindromic=False, R(1)=-0.000000, R(-1)=0.866667
  F=[0, 1, 0, 0, 0], H=1, R=[-0.0083, 0.7833, -0.55, -0.2167, -0.0083]
    palindromic=False, R(1)=-0.000000, R(-1)=-1.133333
  F=[1, 2, 0, 0, 0], H=3, R=[0.975, 1.35, -1.65, -0.65, -0.025]
    palindromic=False, R(1)=0.000000, R(-1)=-1.400000
  F=[0, 1, 0, 0, 0], H=1, R=[-0.0083, 0.7833, -0.55, -0.2167, -0.0083]
    palindromic=False, R(1)=-0.000000, R(-1)=-1.133333
  F=[1, 4, 0, 0, 0], H=5, R=[0.9583, 2.9167, -2.75, -1.0833, -0.0417]
    palindromic=False, R(1)=0.000000, R(-1)=-3.666667

  Palindromic residuals: 180/1024


======================================================================
RESIDUAL R(T,x) vs CYCLE COUNTS
======================================================================

n=5: Is R determined by (H, t3)?
  (1, 0): 5 distinct R values
  (3, 1): 9 distinct R values
  (5, 2): 20 distinct R values
  Ambiguous: 8/8
  With scores: Ambiguous: 11/11

  Testing R = a*(x^4-1) + b*(x^3-x):
    H=1, t3=0: R=[0.9917, -0.2167, -0.55, -0.2167, -0.0083], pred=[0.0083, 0.2167, 0, -0.2167, -0.0083], MISMATCH
    H=1, t3=0: R=[-0.0083, 0.7833, -0.55, -0.2167, -0.0083], pred=[0.0083, 0.2167, 0, -0.2167, -0.0083], MISMATCH
    H=3, t3=1: R=[0.975, 1.35, -1.65, -0.65, -0.025], pred=[0.025, 0.65, 0, -0.65, -0.025], MISMATCH
    H=1, t3=0: R=[-0.0083, 0.7833, -0.55, -0.2167, -0.0083], pred=[0.0083, 0.2167, 0, -0.2167, -0.0083], MISMATCH
    H=5, t3=2: R=[0.9583, 2.9167, -2.75, -1.0833, -0.0417], pred=[0.0417, 1.0833, 0, -1.0833, -0.0417], MISMATCH
    H=3, t3=1: R=[-0.025, 2.35, -1.65, -0.65, -0.025], pred=[0.025, 0.65, 0, -0.65, -0.025], MISMATCH
    H=5, t3=2: R=[0.9583, 2.9167, -2.75, -1.0833, -0.0417], pred=[0.0417, 1.0833, 0, -1.0833, -0.0417], MISMATCH
    H=1, t3=0: R=[-0.0083, 0.7833, -0.55, -0.2167, -0.0083], pred=[0.0083, 0.2167, 0, -0.2167, -0.0083], MISMATCH
    H=9, t3=3: R=[0.925, 6.05, -4.95, -1.95, -0.075], pred=[0.075, 1.95, 0, -1.95, -0.075], MISMATCH
    H=5, t3=2: R=[-0.0417, 3.9167, -2.75, -1.0833, -0.0417], pred=[0.0417, 1.0833, 0, -1.0833, -0.0417], MISMATCH

  R_2 values: min=-6.0500, max=2.9500
  R_2 = 0 for all? False
