======================================================================
EXCEPTIONS AT n=5: NON-REAL ROOTS
======================================================================

48 tournaments with non-real roots:
  F=[0, 0, 2, 2, 1], H=5, t3=[2], count=2
    roots: ['-1.0000+1.0000i', '-1.0000+-1.0000i', '0.0000+0.0000i', '0.0000+0.0000i']
  F=[0, 0, 5, 3, 1], H=9, t3=[3], count=2
    roots: ['-1.5000+1.6583i', '-1.5000+-1.6583i', '0.0000+0.0000i', '0.0000+0.0000i']
  F=[0, 0, 6, 4, 1], H=11, t3=[4], count=2
    roots: ['-2.0000+1.4142i', '-2.0000+-1.4142i', '0.0000+0.0000i', '0.0000+0.0000i']
  F=[0, 0, 7, 5, 1], H=13, t3=[4], count=2
    roots: ['-2.5000+0.8660i', '-2.5000+-0.8660i', '0.0000+0.0000i', '0.0000+0.0000i']
  F=[0, 0, 8, 2, 1], H=11, t3=[4], count=1
    roots: ['-1.0000+2.6458i', '-1.0000+-2.6458i', '0.0000+0.0000i', '0.0000+0.0000i']
  F=[0, 0, 10, 4, 1], H=15, t3=[5], count=1
    roots: ['-2.0000+2.4495i', '-2.0000+-2.4495i', '0.0000+0.0000i', '0.0000+0.0000i']
  F=[0, 1, 2, 2, 0], H=5, t3=[2], count=4
    roots: ['-0.5000+0.5000i', '-0.5000+-0.5000i', '0.0000+0.0000i']
  F=[0, 1, 6, 3, 1], H=11, t3=[4], count=2
    roots: ['-1.4089+1.8712i', '-1.4089+-1.8712i', '-0.1823+0.0000i', '0.0000+0.0000i']
  F=[0, 2, 2, 1, 0], H=5, t3=[2], count=4
    roots: ['-1.0000+1.0000i', '-1.0000+-1.0000i', '0.0000+0.0000i']
  F=[0, 2, 4, 3, 0], H=9, t3=[3], count=2
    roots: ['-0.6667+0.4714i', '-0.6667+-0.4714i', '0.0000+0.0000i']
  F=[0, 2, 5, 4, 0], H=11, t3=[4], count=4
    roots: ['-0.6250+0.3307i', '-0.6250+-0.3307i', '0.0000+0.0000i']
  F=[0, 2, 6, 2, 1], H=11, t3=[4], count=1
    roots: ['-0.8147+2.1754i', '-0.8147+-2.1754i', '-0.3706+0.0000i', '0.0000+0.0000i']
  F=[0, 2, 6, 6, 1], H=15, t3=[5], count=1
    roots: ['-4.8473+0.0000i', '-0.5763+0.2836i', '-0.5763+-0.2836i', '0.0000+0.0000i']
  F=[0, 3, 4, 2, 0], H=9, t3=[3], count=2
    roots: ['-1.0000+0.7071i', '-1.0000+-0.7071i', '0.0000+0.0000i']
  F=[0, 4, 5, 2, 0], H=11, t3=[4], count=4
    roots: ['-1.2500+0.6614i', '-1.2500+-0.6614i', '0.0000+0.0000i']
  F=[1, 2, 2, 0, 0], H=5, t3=[2], count=2
    roots: ['-0.5000+0.5000i', '-0.5000+-0.5000i']
  F=[1, 2, 6, 2, 0], H=11, t3=[4], count=1
    roots: ['-2.6980+0.0000i', '-0.1510+0.4031i', '-0.1510+-0.4031i']
  F=[1, 2, 8, 0, 0], H=11, t3=[4], count=1
    roots: ['-0.1250+0.3307i', '-0.1250+-0.3307i']
  F=[1, 3, 5, 0, 0], H=9, t3=[3], count=2
    roots: ['-0.3000+0.3317i', '-0.3000+-0.3317i']
  F=[1, 3, 6, 1, 0], H=11, t3=[4], count=2
    roots: ['-5.4864+0.0000i', '-0.2568+0.3411i', '-0.2568+-0.3411i']
  F=[1, 4, 6, 0, 0], H=11, t3=[4], count=2
    roots: ['-0.3333+0.2357i', '-0.3333+-0.2357i']
  F=[1, 4, 10, 0, 0], H=15, t3=[5], count=1
    roots: ['-0.2000+0.2449i', '-0.2000+-0.2449i']
  F=[1, 5, 7, 0, 0], H=13, t3=[4], count=2
    roots: ['-0.3571+0.1237i', '-0.3571+-0.1237i']
  F=[1, 6, 6, 2, 0], H=15, t3=[5], count=1
    roots: ['-1.3969+0.6874i', '-1.3969+-0.6874i', '-0.2063+0.0000i']


4 tournaments failing log-concavity:
  F=[0, 0, 8, 2, 1], H=11, count=1
    Fails at k=3: F[3]^2=4 < F[2]*F[4]=8
  F=[0, 2, 6, 2, 1], H=11, count=1
    Fails at k=3: F[3]^2=4 < F[2]*F[4]=6
  F=[1, 2, 6, 2, 0], H=11, count=1
    Fails at k=1: F[1]^2=4 < F[0]*F[2]=6
  F=[1, 2, 8, 0, 0], H=11, count=1
    Fails at k=1: F[1]^2=4 < F[0]*F[2]=8


======================================================================
F(T,x) MODULO 2 AND OCF PARITY
======================================================================
OCF: H(T) ≡ 1 (mod 2) always (Rédei's theorem)
F(T,1) = H ≡ 1 (mod 2)
What are the parities of individual F_k?

n=3:
  H parity: {1: 8} (all odd, as expected by Rédei)
  F mod 2 patterns:
    (0, 0, 1): 2
    (0, 1, 0): 4
    (1, 0, 0): 2
  #{k: F_k odd} distribution: {1: 8}

n=4:
  H parity: {1: 64} (all odd, as expected by Rédei)
  F mod 2 patterns:
    (0, 0, 0, 1): 7
    (0, 0, 1, 0): 24
    (0, 1, 0, 0): 24
    (0, 1, 1, 1): 1
    (1, 0, 0, 0): 7
    (1, 1, 1, 0): 1
  #{k: F_k odd} distribution: {1: 62, 3: 2}

n=5:
  H parity: {1: 1024} (all odd, as expected by Rédei)
  F mod 2 patterns:
    (0, 0, 0, 0, 1): 46
    (0, 0, 0, 1, 0): 192
    (0, 0, 1, 0, 0): 436
    (0, 0, 1, 1, 1): 14
    (0, 1, 0, 0, 0): 192
    (0, 1, 0, 1, 1): 2
    (0, 1, 1, 0, 1): 2
    (0, 1, 1, 1, 0): 76
    (1, 0, 0, 0, 0): 46
    (1, 0, 1, 1, 0): 2
    (1, 1, 0, 1, 0): 2
    (1, 1, 1, 0, 0): 14
  #{k: F_k odd} distribution: {1: 912, 3: 112}


======================================================================
F(T,2) vs I(Omega,2) = H
======================================================================
F(T,2) = sum F_k * 2^k. Is there a simple relation to H?
We know F(T,1) = H and F(T,2) = H + sum F_k(2^k - 1)

n=4:
  F(2) - H distribution by H:
    H=1: F(2)-H in [0, 1, 3, 7]
    H=3: F(2)-H in [2, 3, 5, 7, 9, 13]
    H=5: F(2)-H in [4, 6, 8, 9, 11, 15, 17, 19]

  F(2) mod 2: {0: 56, 1: 8}
  F(2) mod 4: {0: 31, 1: 7, 2: 25, 3: 1}

n=5:
  F(2) - H distribution by H:
    H=1: F(2)-H in [0, 1, 3, 7, 15]
    H=3: F(2)-H in [2, 3, 5, 7, 9, 13, 17, 21, 29]
    H=5: F(2)-H in [4, 5, 6, 7, 8, 9, 11, 13, 15, 17]...
    H=9: F(2)-H in [8, 12, 14, 15, 16, 17, 18, 19, 21, 23]...
    H=11: F(2)-H in [10, 16, 18, 19, 21, 22, 23, 25, 26, 27]...
    H=13: F(2)-H in [18, 20, 22, 24, 25, 26, 27, 28, 29, 31]...
    H=15: F(2)-H in [22, 26, 33, 34, 35, 38, 45, 49, 51, 57]...

  F(2) mod 2: {0: 960, 1: 64}
  F(2) mod 4: {0: 688, 1: 48, 2: 272, 3: 16}


======================================================================
F SHAPE: F/H AS PROBABILITY DISTRIBUTION ON ASCENTS
======================================================================
F_k/H = probability that a random HP has k ascents

n=5:
  Distinct shapes: 131
  Most common shapes:
    (0.0, 0.0, 1.0, 0.0, 0.0) (H=1, count=100)
    (0.0, 0.333333, 0.666667, 0.0, 0.0) (H=3, count=44)
    (0.0, 0.0, 0.666667, 0.333333, 0.0) (H=3, count=44)
    (0.0, 0.4, 0.6, 0.0, 0.0) (H=5, count=41)
    (0.0, 0.0, 0.6, 0.4, 0.0) (H=5, count=41)
    (0.0, 1.0, 0.0, 0.0, 0.0) (H=1, count=36)
    (0.0, 0.0, 0.0, 1.0, 0.0) (H=1, count=36)
    (0.0, 0.222222, 0.555556, 0.222222, 0.0) (H=9, count=30)
    (0.0, 0.2, 0.8, 0.0, 0.0) (H=5, count=26)
    (0.0, 0.0, 0.8, 0.2, 0.0) (H=5, count=26)

  Mean ascent position E[k] for each tournament:
    E[k] range: [0.0000, 4.0000]
    Overall mean E[k]: 2.0000
    Expected for uniform (Eulerian): 2.0000
    = (n-1)/2 = 2.0000
    Var[k] range: [0.0000, 0.6942]
    Overall mean Var[k]: 0.2416


======================================================================
SPECTRAL CONNECTION: EIGENVALUES OF M_x
======================================================================

M_x[v,u] = A[v][u] * x^{[v<u]} is NOT a normal matrix.
Its eigenvalues don't directly give F(T,x).
But we can consider det(I - t*M_x) = "characteristic polynomial".

For the PERMANENT: perm(M_x) would give F(T,x) if M_x were appropriately
defined, but permanent ≠ determinant in general.

However, for small n, let's check if det(I - t*M_x) relates to F(T,x).


n=3:
  T#0: F=[1, 0, 0], H=1
    Eigenvalues of A: ['0.000+0.000i', '0.000+0.000i', '0.000+0.000i']
  T#1: F=[0, 1, 0], H=1
    Eigenvalues of A: ['0.000+0.000i', '0.000+0.000i', '0.000+0.000i']
  T#2: F=[1, 2, 0], H=3
    Eigenvalues of A: ['-0.500+0.866i', '-0.500+-0.866i', '1.000+0.000i']
  T#3: F=[0, 1, 0], H=1
    Eigenvalues of A: ['0.000+0.000i', '0.000+0.000i', '0.000+0.000i']
  T#4: F=[0, 1, 0], H=1
    Eigenvalues of A: ['0.000+0.000i', '0.000+0.000i', '0.000+0.000i']

n=4:
  T#0: F=[1, 0, 0, 0], H=1
    Eigenvalues of A: ['0.000+0.000i', '0.000+0.000i', '0.000+0.000i', '0.000+0.000i']
  T#1: F=[0, 1, 0, 0], H=1
    Eigenvalues of A: ['0.000+0.000i', '0.000+0.000i', '0.000+0.000i', '0.000+0.000i']
  T#2: F=[1, 2, 0, 0], H=3
    Eigenvalues of A: ['-0.500+0.866i', '-0.500+-0.866i', '1.000+0.000i', '0.000+0.000i']
  T#3: F=[0, 1, 0, 0], H=1
    Eigenvalues of A: ['0.000+0.000i', '0.000+0.000i', '0.000+0.000i', '0.000+0.000i']
  T#4: F=[1, 4, 0, 0], H=5
    Eigenvalues of A: ['1.395+0.000i', '-0.460+1.139i', '-0.460+-1.139i', '-0.475+0.000i']


======================================================================
F(T,x) EVALUATED AT x = -1: ALTERNATING HP COUNT
======================================================================

F(T,-1) = #{HPs with even ascents} - #{HPs with odd ascents}

By the complement relation: F(T,-1) = (-1)^{n-1} F(T^op, -1)

For n odd: F(T,-1) = F(T^op,-1)
For n even: F(T,-1) = -F(T^op,-1)

Since H(T) = H(T^op) (complement invariance), we get:
  H = F_0 + F_1 + ... + F_{d} (odd and even summed)
  F(-1) = F_0 - F_1 + F_2 - ... (alternating)

So: #{even-ascent HPs} = (H + F(-1))/2
    #{odd-ascent HPs} = (H - F(-1))/2

Is F(-1) always odd (like H)?


n=3:
  F(-1) parity: {1: 8}
  F=[1, 0, 0], H=1, F(-1)=1, even_asc=1, odd_asc=0
  F=[0, 1, 0], H=1, F(-1)=-1, even_asc=0, odd_asc=1
  F=[1, 2, 0], H=3, F(-1)=-1, even_asc=1, odd_asc=2
  F=[0, 1, 0], H=1, F(-1)=-1, even_asc=0, odd_asc=1
  F=[0, 1, 0], H=1, F(-1)=-1, even_asc=0, odd_asc=1

n=4:
  F(-1) parity: {1: 64}
  F=[1, 0, 0, 0], H=1, F(-1)=1, even_asc=1, odd_asc=0
  F=[0, 1, 0, 0], H=1, F(-1)=-1, even_asc=0, odd_asc=1
  F=[1, 2, 0, 0], H=3, F(-1)=-1, even_asc=1, odd_asc=2
  F=[0, 1, 0, 0], H=1, F(-1)=-1, even_asc=0, odd_asc=1
  F=[1, 4, 0, 0], H=5, F(-1)=-3, even_asc=1, odd_asc=4

n=5:
  F(-1) parity: {1: 1024}
  F=[1, 0, 0, 0, 0], H=1, F(-1)=1, even_asc=1, odd_asc=0
  F=[0, 1, 0, 0, 0], H=1, F(-1)=-1, even_asc=0, odd_asc=1
  F=[1, 2, 0, 0, 0], H=3, F(-1)=-1, even_asc=1, odd_asc=2
  F=[0, 1, 0, 0, 0], H=1, F(-1)=-1, even_asc=0, odd_asc=1
  F=[1, 4, 0, 0, 0], H=5, F(-1)=-3, even_asc=1, odd_asc=4


Done.
