================================================================================
Z_11 CIRCULANT TOURNAMENT OCF STRUCTURE ANALYSIS
================================================================================

Paley QR_11 = [1, 3, 4, 5, 9]
Pairs: [(1, 10), (2, 9), (3, 8), (4, 7), (5, 6)]

--- Held-Karp DP for all 32 circulants ---
Done in 0.8s

Rank                      S          H   spread  Paley
------------------------------------------------------------
   1        [1, 3, 4, 5, 9]      95095    5.500 ***
   2       [2, 6, 7, 8, 10]      95095    5.500
   3        [1, 2, 4, 5, 8]      93467    5.500
   4       [2, 4, 5, 8, 10]      93467    5.500
   5       [4, 5, 8, 9, 10]      93467    5.500
   6       [3, 5, 7, 9, 10]      93467    5.500
   7       [5, 7, 8, 9, 10]      93467    5.500
   8        [1, 2, 3, 4, 6]      93467    5.500
   9        [1, 2, 4, 6, 8]      93467    5.500
  10        [1, 2, 3, 6, 7]      93467    5.500
  11        [1, 3, 6, 7, 9]      93467    5.500
  12       [3, 6, 7, 9, 10]      93467    5.500
  13        [1, 2, 3, 4, 5]      93027    5.500
  14       [3, 4, 5, 9, 10]      93027    5.500
  15        [1, 4, 5, 8, 9]      93027    5.500
  16        [1, 3, 5, 7, 9]      93027    5.500
  17       [2, 5, 7, 8, 10]      93027    5.500
  18        [1, 3, 4, 6, 9]      93027    5.500
  19       [2, 4, 6, 8, 10]      93027    5.500
  20       [2, 3, 6, 7, 10]      93027    5.500
  21        [1, 2, 6, 7, 8]      93027    5.500
  22       [6, 7, 8, 9, 10]      93027    5.500
  23       [2, 3, 4, 5, 10]      92411    5.500
  24        [1, 2, 3, 5, 7]      92411    5.500
  25       [2, 3, 5, 7, 10]      92411    5.500
  26        [1, 2, 5, 7, 8]      92411    5.500
  27        [1, 5, 7, 8, 9]      92411    5.500
  28       [2, 3, 4, 6, 10]      92411    5.500
  29       [3, 4, 6, 9, 10]      92411    5.500
  30        [1, 4, 6, 8, 9]      92411    5.500
  31       [4, 6, 8, 9, 10]      92411    5.500
  32        [1, 6, 7, 8, 9]      92411    5.500

H-maximizer: H = 95095
  S = [1, 3, 4, 5, 9], Paley = True
  S = [2, 6, 7, 8, 10], Paley = False
Paley rank by H: 1/32, H = 95095

Distinct H values: 4
  H = 95095: 2 tournaments
  H = 93467: 10 tournaments
  H = 93027: 10 tournaments
  H = 92411: 10 tournaments

Complement check (S vs 11-S):
  S=[1, 3, 4, 5, 9], comp=[2, 6, 7, 8, 10], H=95095, H_comp=95095
  S=[2, 6, 7, 8, 10], comp=[1, 3, 4, 5, 9], H=95095, H_comp=95095
  S=[1, 2, 4, 5, 8], comp=[3, 6, 7, 9, 10], H=93467, H_comp=93467
  S=[2, 4, 5, 8, 10], comp=[1, 3, 6, 7, 9], H=93467, H_comp=93467
  S=[4, 5, 8, 9, 10], comp=[1, 2, 3, 6, 7], H=93467, H_comp=93467

================================================================================
OCF DECOMPOSITION (one representative per distinct H)
================================================================================

============================================================
S = [1, 3, 4, 5, 9] [PALEY], H = 95095
============================================================
  Precomputing cycle counts per subset...
    3-cycles: 55
    5-cycles: 594
    7-cycles: 3960
    9-cycles: 11055
    11-cycles: 5505
  Cycle precomputation: 0.2s

  OCF: H = 95095 (VERIFIED)
    alpha_0 =          1  (2^0 * alpha_0 =          1)
    alpha_1 =      21169  (2^1 * alpha_1 =      42338)
    alpha_2 =      10879  (2^2 * alpha_2 =      43516)
    alpha_3 =       1155  (2^3 * alpha_3 =       9240)
    alpha_4 =          0  (2^4 * alpha_4 =          0)

============================================================
S = [1, 2, 4, 5, 8], H = 93467
============================================================
  Precomputing cycle counts per subset...
    3-cycles: 55
    5-cycles: 550
    7-cycles: 3586
    9-cycles: 10197
    11-cycles: 5153
  Cycle precomputation: 0.2s

  OCF: H = 93467 (VERIFIED)
    alpha_0 =          1  (2^0 * alpha_0 =          1)
    alpha_1 =      19541  (2^1 * alpha_1 =      39082)
    alpha_2 =      11220  (2^2 * alpha_2 =      44880)
    alpha_3 =       1188  (2^3 * alpha_3 =       9504)
    alpha_4 =          0  (2^4 * alpha_4 =          0)

============================================================
S = [1, 2, 3, 4, 5], H = 93027
============================================================
  Precomputing cycle counts per subset...
    3-cycles: 55
    5-cycles: 484
    7-cycles: 3399
    9-cycles: 9350
    11-cycles: 5109
  Cycle precomputation: 0.2s

  OCF: H = 93027 (VERIFIED)
    alpha_0 =          1  (2^0 * alpha_0 =          1)
    alpha_1 =      18397  (2^1 * alpha_1 =      36794)
    alpha_2 =      11110  (2^2 * alpha_2 =      44440)
    alpha_3 =       1474  (2^3 * alpha_3 =      11792)
    alpha_4 =          0  (2^4 * alpha_4 =          0)

============================================================
S = [2, 3, 4, 5, 10], H = 92411
============================================================
  Precomputing cycle counts per subset...
    3-cycles: 55
    5-cycles: 572
    7-cycles: 3729
    9-cycles: 10274
    11-cycles: 4999
  Cycle precomputation: 0.2s

  OCF: H = 92411 (VERIFIED)
    alpha_0 =          1  (2^0 * alpha_0 =          1)
    alpha_1 =      19629  (2^1 * alpha_1 =      39258)
    alpha_2 =      10912  (2^2 * alpha_2 =      43648)
    alpha_3 =       1188  (2^3 * alpha_3 =       9504)
    alpha_4 =          0  (2^4 * alpha_4 =          0)

================================================================================
SUMMARY TABLE
================================================================================
                     S        H         a0         a1         a2         a3         a4  Paley
---------------------------------------------------------------------------------------------
       [1, 3, 4, 5, 9]    95095          1      21169      10879       1155          0  ***
       [1, 2, 4, 5, 8]    93467          1      19541      11220       1188          0
       [1, 2, 3, 4, 5]    93027          1      18397      11110       1474          0
      [2, 3, 4, 5, 10]    92411          1      19629      10912       1188          0

--- Contribution breakdown ---
  [1, 3, 4, 5, 9] [PALEY]:
    2^0*1=1 (0.0%) + 2^1*21169=42338 (44.5%) + 2^2*10879=43516 (45.8%) + 2^3*1155=9240 (9.7%) + 2^4*0=0 (0.0%) = 95095
  [1, 2, 4, 5, 8]:
    2^0*1=1 (0.0%) + 2^1*19541=39082 (41.8%) + 2^2*11220=44880 (48.0%) + 2^3*1188=9504 (10.2%) + 2^4*0=0 (0.0%) = 93467
  [1, 2, 3, 4, 5]:
    2^0*1=1 (0.0%) + 2^1*18397=36794 (39.6%) + 2^2*11110=44440 (47.8%) + 2^3*1474=11792 (12.7%) + 2^4*0=0 (0.0%) = 93027
  [2, 3, 4, 5, 10]:
    2^0*1=1 (0.0%) + 2^1*19629=39258 (42.5%) + 2^2*10912=43648 (47.2%) + 2^3*1188=9504 (10.3%) + 2^4*0=0 (0.0%) = 92411

--- Alpha_1 (linear term) comparison ---
Paley: alpha_1 = 21169
  S=[1, 2, 4, 5, 8]: alpha_1 = 19541, diff = +1628
  S=[1, 2, 3, 4, 5]: alpha_1 = 18397, diff = +2772
  S=[2, 3, 4, 5, 10]: alpha_1 = 19629, diff = +1540

Alpha_1 ranking:
  alpha_1 = 21169: S = [1, 3, 4, 5, 9] ***
  alpha_1 = 19629: S = [2, 3, 4, 5, 10]
  alpha_1 = 19541: S = [1, 2, 4, 5, 8]
  alpha_1 = 18397: S = [1, 2, 3, 4, 5]

Does alpha_1 ordering match H ordering?
  H ordering:      [[1, 3, 4, 5, 9], [1, 2, 4, 5, 8], [1, 2, 3, 4, 5], [2, 3, 4, 5, 10]]
  alpha_1 ordering: [[1, 3, 4, 5, 9], [2, 3, 4, 5, 10], [1, 2, 4, 5, 8], [1, 2, 3, 4, 5]]
  Match: False

Total runtime: 1.8s
