======================================================================
ZERO-SUM WALSH ANALYSIS
======================================================================

============================================================
p=7, m=3
============================================================

  --- DEGREE 2 ---
        pair    pair_vals   sum  diff   W      h_hat    |h_hat|
  (1,2)            [1, 2]     3     1   0        3.5        3.5
  (1,3)            [1, 3]     4     2   0       -3.5        3.5
  (2,3)            [2, 3]     5     1   0       -3.5        3.5

  Degree-2 by W:
    W=0: count=3, net=-3.5, magnitudes=[3.5]

  --- DEGREE-2 SIGN LAW ANALYSIS ---
  Testing: sign(h_hat[{i,j}]) depends on gap structure

  --- DEGREE-2: PRODUCT LAW ---
  Testing: h_hat[{i,j}] ~ chi(i*j) * something?
    (1,2): a*b=1*2=2 mod 7, chi(a*b)=+1, sign(h)=+1, MATCH
    (1,3): a*b=1*3=3 mod 7, chi(a*b)=-1, sign(h)=-1, MATCH
    (2,3): a*b=2*3=6 mod 7, chi(a*b)=-1, sign(h)=-1, MATCH

============================================================
p=11, m=5
============================================================

  --- DEGREE 2 ---
        pair    pair_vals   sum  diff   W      h_hat    |h_hat|
  (1,2)            [1, 2]     3     1   0       -8.2        8.2
  (1,3)            [1, 3]     4     2   0      272.2      272.2
  (1,4)            [1, 4]     5     3   0      272.2      272.2
  (1,5)            [1, 5]     6     4   0        8.2        8.2
  (2,3)            [2, 3]     5     1   0     -272.2      272.2
  (2,4)            [2, 4]     6     2   0       -8.2        8.2
  (2,5)            [2, 5]     7     3   0     -272.2      272.2
  (3,4)            [3, 4]     7     1   0        8.2        8.2
  (3,5)            [3, 5]     8     2   0        8.2        8.2
  (4,5)            [4, 5]     9     1   0      272.2      272.2

  Degree-2 by W:
    W=0: count=10, net=280.5, magnitudes=[8.2, 272.2]

  --- DEGREE 4 ---
              set        pair_vals   sum   W      h_hat
     {1, 2, 3, 4}     [1, 2, 3, 4]    10   2     -118.2
     {1, 2, 3, 5}     [1, 2, 3, 5]     0   2     -118.2
     {1, 2, 4, 5}     [1, 2, 4, 5]     1   2     -118.2
     {1, 3, 4, 5}     [1, 3, 4, 5]     2   2      118.2
     {2, 3, 4, 5}     [2, 3, 4, 5]     3   2     -118.2

  Degree-4 by W:
    W=2: count=5, net=-354.8, magnitudes=[118.2]

  --- DEGREE-2 SIGN LAW ANALYSIS ---
  Testing: sign(h_hat[{i,j}]) depends on gap structure

  --- DEGREE-2: PRODUCT LAW ---
  Testing: h_hat[{i,j}] ~ chi(i*j) * something?
    (1,2): a*b=1*2=2 mod 11, chi(a*b)=-1, sign(h)=-1, MATCH
    (1,3): a*b=1*3=3 mod 11, chi(a*b)=+1, sign(h)=+1, MATCH
    (1,4): a*b=1*4=4 mod 11, chi(a*b)=+1, sign(h)=+1, MATCH
    (1,5): a*b=1*5=5 mod 11, chi(a*b)=+1, sign(h)=+1, MATCH
    (2,3): a*b=2*3=6 mod 11, chi(a*b)=-1, sign(h)=-1, MATCH
    (2,4): a*b=2*4=8 mod 11, chi(a*b)=-1, sign(h)=-1, MATCH
    (2,5): a*b=2*5=10 mod 11, chi(a*b)=-1, sign(h)=-1, MATCH
    (3,4): a*b=3*4=1 mod 11, chi(a*b)=+1, sign(h)=+1, MATCH
    (3,5): a*b=3*5=4 mod 11, chi(a*b)=+1, sign(h)=+1, MATCH
    (4,5): a*b=4*5=9 mod 11, chi(a*b)=+1, sign(h)=+1, MATCH

============================================================
p=13, m=6
============================================================

  --- DEGREE 2 ---
        pair    pair_vals   sum  diff   W      h_hat    |h_hat|
  (1,2)            [1, 2]     3     1   0     2632.5     2632.5
  (1,3)            [1, 3]     4     2   0     -778.4      778.4
  (1,4)            [1, 4]     5     3   0      778.4      778.4
  (1,5)            [1, 5]     6     4   0        0.0        0.0
  (1,6)            [1, 6]     7     5   0    -2632.5     2632.5
  (2,3)            [2, 3]     5     1   0        0.0        0.0
  (2,4)            [2, 4]     6     2   0     2632.5     2632.5
  (2,5)            [2, 5]     7     3   0     -778.4      778.4
  (2,6)            [2, 6]     8     4   0     -778.4      778.4
  (3,4)            [3, 4]     7     1   0      778.4      778.4
  (3,5)            [3, 5]     8     2   0    -2632.5     2632.5
  (3,6)            [3, 6]     9     3   0     2632.5     2632.5
  (4,5)            [4, 5]     9     1   0    -2632.5     2632.5
  (4,6)            [4, 6]    10     2   0        0.0        0.0
  (5,6)            [5, 6]    11     1   0     -778.4      778.4

  Degree-2 by W:
    W=0: count=15, net=-1556.8, magnitudes=[0.0, 778.4, 2632.5]

  --- DEGREE 4 ---
              set        pair_vals   sum   W      h_hat
     {1, 2, 3, 4}     [1, 2, 3, 4]    10   2     5209.8
     {1, 2, 3, 5}     [1, 2, 3, 5]    11   0     3508.4
     {1, 2, 3, 6}     [1, 2, 3, 6]    12   2      219.4
     {1, 2, 4, 5}     [1, 2, 4, 5]    12   2     -219.4
     {1, 2, 4, 6}     [1, 2, 4, 6]     0   2     -219.4
     {1, 2, 5, 6}     [1, 2, 5, 6]     1   2     5209.8
     {1, 3, 4, 5}     [1, 3, 4, 5]     0   2     5209.8
     {1, 3, 4, 6}     [1, 3, 4, 6]     1   2     5209.8
     {1, 3, 5, 6}     [1, 3, 5, 6]     2   2      219.4
     {1, 4, 5, 6}     [1, 4, 5, 6]     3   0    -3508.4
     {2, 3, 4, 5}     [2, 3, 4, 5]     1   2     -219.4
     {2, 3, 4, 6}     [2, 3, 4, 6]     2   0    -3508.4
     {2, 3, 5, 6}     [2, 3, 5, 6]     3   2     5209.8
     {2, 4, 5, 6}     [2, 4, 5, 6]     4   2    -5209.8
     {3, 4, 5, 6}     [3, 4, 5, 6]     5   2     -219.4

  Degree-4 by W:
    W=0: count=3, net=-3508.4, magnitudes=[3508.4]
    W=2: count=12, net=20400.2, magnitudes=[219.4, 5209.8]

  --- DEGREE-2 SIGN LAW ANALYSIS ---
  Testing: sign(h_hat[{i,j}]) depends on gap structure

  --- DEGREE-2: PRODUCT LAW ---
  Testing: h_hat[{i,j}] ~ chi(i*j) * something?
    (1,2): a*b=1*2=2 mod 13, chi(a*b)=-1, sign(h)=+1, FAIL
    (1,3): a*b=1*3=3 mod 13, chi(a*b)=+1, sign(h)=-1, FAIL
    (1,4): a*b=1*4=4 mod 13, chi(a*b)=+1, sign(h)=+1, MATCH
    (1,6): a*b=1*6=6 mod 13, chi(a*b)=-1, sign(h)=-1, MATCH
    (2,4): a*b=2*4=8 mod 13, chi(a*b)=-1, sign(h)=+1, FAIL
    (2,5): a*b=2*5=10 mod 13, chi(a*b)=+1, sign(h)=-1, FAIL
    (2,6): a*b=2*6=12 mod 13, chi(a*b)=+1, sign(h)=-1, FAIL
    (3,4): a*b=3*4=12 mod 13, chi(a*b)=+1, sign(h)=+1, MATCH
    (3,5): a*b=3*5=2 mod 13, chi(a*b)=-1, sign(h)=-1, MATCH
    (3,6): a*b=3*6=5 mod 13, chi(a*b)=-1, sign(h)=+1, FAIL
    (4,5): a*b=4*5=7 mod 13, chi(a*b)=-1, sign(h)=-1, MATCH
    (5,6): a*b=5*6=4 mod 13, chi(a*b)=+1, sign(h)=-1, FAIL

============================================================
PART 2: MAGNITUDE STRUCTURE
============================================================

  p=7:
    Degree 2: distinct |h_hat| = [3.5]
    Degree 4: distinct |h_hat| = []

  p=11:
    Degree 2: distinct |h_hat| = [8.25, 272.25]
    Ratios to smallest: [1.0, 33.0]
      33.0000 = 33/1
    Degree 4: distinct |h_hat| = [118.25]

  p=13:
    Degree 2: distinct |h_hat| = [778.38, 2632.5]
    Ratios to smallest: [1.0, 3.382]
    Degree 4: distinct |h_hat| = [219.38, 3508.38, 5209.75]
    Ratios to smallest: [1.0, 15.9923, 23.7476]
      15.9923 = 16/1
      23.7476 = 95/4

============================================================
PART 3: GAUSS SUM CONNECTION
============================================================
For circulant tournaments, S_hat(k) = sum_{s in S} omega^{ks}
The imaginary part D(k;sigma) = sum_{i=1}^m sigma_i * sin(2*pi*k*i/p)
h_hat[{i,j}] involves the product D(k;i)*D(k;j) summed over k

  p=7:
    D^T D matrix (sum_k sin(2pi*k*a/p)*sin(2pi*k*b/p)):
         1.750  -0.000   0.000
        -0.000   1.750  -0.000
         0.000  -0.000   1.750

    Comparison h_hat[{i,j}] vs D^T D [i,j]:

    Comparison h_hat[{i,j}] vs sum_k Q_k*D_k(i)*D_k(j):
    (1,2): h_hat=      3.50, Q*D^TD=  3.5000, ratio=      1.00
    (1,3): h_hat=     -3.50, Q*D^TD=  1.7500, ratio=     -2.00
    (2,3): h_hat=     -3.50, Q*D^TD=  1.7500, ratio=     -2.00

  p=11:
    D^T D matrix (sum_k sin(2pi*k*a/p)*sin(2pi*k*b/p)):
         2.750   0.000  -0.000  -0.000   0.000
         0.000   2.750   0.000   0.000   0.000
        -0.000   0.000   2.750  -0.000   0.000
        -0.000   0.000  -0.000   2.750  -0.000
         0.000   0.000   0.000  -0.000   2.750

    Comparison h_hat[{i,j}] vs D^T D [i,j]:

    Comparison h_hat[{i,j}] vs sum_k Q_k*D_k(i)*D_k(j):
    (1,2): h_hat=     -8.25, Q*D^TD=  5.5000, ratio=     -1.50
    (1,3): h_hat=    272.25, Q*D^TD=  5.5000, ratio=     49.50
    (1,4): h_hat=    272.25, Q*D^TD=  5.5000, ratio=     49.50
    (1,5): h_hat=      8.25, Q*D^TD=  2.7500, ratio=      3.00
    (2,3): h_hat=   -272.25, Q*D^TD= 11.0000, ratio=    -24.75
    (2,4): h_hat=     -8.25, Q*D^TD=  8.2500, ratio=     -1.00
    (2,5): h_hat=   -272.25, Q*D^TD=  2.7500, ratio=    -99.00
    (3,4): h_hat=      8.25, Q*D^TD=  8.2500, ratio=      1.00
    (3,5): h_hat=      8.25, Q*D^TD=  2.7500, ratio=      3.00
    (4,5): h_hat=    272.25, Q*D^TD=  2.7500, ratio=     99.00

  p=13:
    D^T D matrix (sum_k sin(2pi*k*a/p)*sin(2pi*k*b/p)):
         3.250   0.000  -0.000   0.000  -0.000   0.000
         0.000   3.250   0.000   0.000  -0.000  -0.000
        -0.000   0.000   3.250  -0.000   0.000  -0.000
         0.000   0.000  -0.000   3.250  -0.000  -0.000
        -0.000  -0.000   0.000  -0.000   3.250  -0.000
         0.000  -0.000  -0.000  -0.000  -0.000   3.250

    Comparison h_hat[{i,j}] vs D^T D [i,j]:

    Comparison h_hat[{i,j}] vs sum_k Q_k*D_k(i)*D_k(j):
    (1,2): h_hat=   2632.50, Q*D^TD=  6.5000, ratio=    405.00
    (1,3): h_hat=   -778.38, Q*D^TD=  6.5000, ratio=   -119.75
    (1,4): h_hat=    778.38, Q*D^TD=  6.5000, ratio=    119.75
    (1,5): h_hat=      0.00, Q*D^TD=  6.5000, ratio=      0.00
    (1,6): h_hat=  -2632.50, Q*D^TD=  3.2500, ratio=   -810.00
    (2,3): h_hat=      0.00, Q*D^TD= 13.0000, ratio=      0.00
    (2,4): h_hat=   2632.50, Q*D^TD= 13.0000, ratio=    202.50
    (2,5): h_hat=   -778.38, Q*D^TD=  9.7500, ratio=    -79.83
    (2,6): h_hat=   -778.38, Q*D^TD=  3.2500, ratio=   -239.50
    (3,4): h_hat=    778.38, Q*D^TD= 16.2500, ratio=     47.90
    (3,5): h_hat=  -2632.50, Q*D^TD=  9.7500, ratio=   -270.00
    (3,6): h_hat=   2632.50, Q*D^TD=  3.2500, ratio=    810.00
    (4,5): h_hat=  -2632.50, Q*D^TD=  9.7500, ratio=   -270.00
    (4,6): h_hat=      0.00, Q*D^TD=  3.2500, ratio=      0.00
    (5,6): h_hat=   -778.38, Q*D^TD=  3.2500, ratio=   -239.50

============================================================
PART 4: INTERVAL EVALUATION OF WALSH SUMS
============================================================
At Interval (sigma = all +1):
  chi_S(sigma_Int) = 1 for all S
  So f_d(Int) = sum_{|S|=d} h_hat[S]
  = sum of ALL degree-d Walsh coefficients

  p=7:
    deg 0: f_d(Int) =        178.5  (+:1, -:0, 0:0)
    deg 2: f_d(Int) =         -3.5  (+:1, -:2, 0:0)
    sum f_d = 175.0 vs H(Int) = 175

  p=11:
    deg 0: f_d(Int) =      93101.2  (+:1, -:0, 0:0)
    deg 2: f_d(Int) =        280.5  (+:6, -:4, 0:0)
    deg 4: f_d(Int) =       -354.8  (+:1, -:4, 0:0)
    sum f_d = 93027.0 vs H(Int) = 93027

  p=13:
    deg 0: f_d(Int) =    3695839.9  (+:1, -:0, 0:0)
    deg 2: f_d(Int) =      -1556.8  (+:5, -:7, 0:3)
    deg 4: f_d(Int) =      16891.9  (+:8, -:7, 0:0)
    sum f_d = 3711175.0 vs H(Int) = 3711175

============================================================
PART 5: EXPLICIT FORMULA FOR |h_hat|
============================================================
At p=11: all degree-2 |h_hat| take 2 values: ~8.25 and ~272.25
At p=13: all degree-2 |h_hat| take 2 values: ~778.38 and ~2632.50
At p=11: all degree-4 |h_hat| take 1 value: ~118.25
At p=13: all degree-4 |h_hat| take 3 values: ~219.38, ~3508.38, ~5209.75

  p=7, m=3:
    deg 2: |h_hat| values = [3.5]
      3.50 / p = 0.5000
      3.50 / m = 1.1667
      3.50 * 2^m / p! = 0.00555556
      3.50 = 1 * p^1/2
      3.50 = 0 * p^4
      3.50 = 0 * p^4/2

  p=11, m=5:
    deg 2: |h_hat| values = [8.25, 272.25]
      8.25 / p = 0.7500
      8.25 / m = 1.6500
      8.25 * 2^m / p! = 0.00000661
      8.25 = 0 * p^3
      8.25 = 0 * p^4
      8.25 = 0 * p^4/2
      272.25 / p = 24.7500
      272.25 / m = 54.4500
      272.25 * 2^m / p! = 0.00021825
    deg 4: |h_hat| values = [118.25]
      118.25 / p = 10.7500
      118.25 / m = 23.6500
      118.25 * 2^m / p! = 0.00009480
      118.25 = 0 * p^4

  p=13, m=6:
    deg 2: |h_hat| values = [778.38, 2632.5]
      778.38 / p = 59.8754
      778.38 / m = 129.7300
      778.38 * 2^m / p! = 0.00000800
      2632.50 / p = 202.5000
      2632.50 / m = 438.7500
      2632.50 * 2^m / p! = 0.00002706
      2632.50 = 405 * p^1/2
    deg 4: |h_hat| values = [219.38, 3508.38, 5209.75]
      219.38 / p = 16.8754
      219.38 / m = 36.5633
      219.38 * 2^m / p! = 0.00000225
      219.38 = 0 * p^4
      3508.38 / p = 269.8754
      3508.38 / m = 584.7300
      3508.38 * 2^m / p! = 0.00003606
      5209.75 / p = 400.7500
      5209.75 / m = 868.2917
      5209.75 * 2^m / p! = 0.00005354
